Scenario - 
Logfile written - 10/05/2022 18:40:28

Subject	Trial	Event Type	Code	Time	TTime	Uncertainty	Duration	Uncertainty	ReqTime	ReqDur	Stim Type	Pair Index

MAXED_1040_Day_B	0	Pulse	99	0	0	NA
MAXED_1040_Day_B	1	Picture	instructions_1	333	0	1	309909	1	0	next	false_alarm	18
MAXED_1040_Day_B	1	Pulse	99	20000	19667	NA
MAXED_1040_Day_B	1	Pulse	99	40000	39667	NA
MAXED_1040_Day_B	1	Pulse	99	60000	59667	NA
MAXED_1040_Day_B	1	Pulse	99	80000	79667	NA
MAXED_1040_Day_B	1	Pulse	99	100000	99667	NA
MAXED_1040_Day_B	1	Pulse	99	120000	119667	NA
MAXED_1040_Day_B	1	Pulse	99	140000	139667	NA
MAXED_1040_Day_B	1	Pulse	99	160000	159667	NA
MAXED_1040_Day_B	1	Pulse	99	180000	179667	NA
MAXED_1040_Day_B	1	Pulse	99	200000	199667	NA
MAXED_1040_Day_B	1	Pulse	99	220000	219667	NA
MAXED_1040_Day_B	1	Pulse	99	240000	239667	NA
MAXED_1040_Day_B	1	Pulse	99	260000	259667	NA
MAXED_1040_Day_B	1	Pulse	99	280000	279667	NA
MAXED_1040_Day_B	1	Pulse	99	300000	299667	NA
MAXED_1040_Day_B	1	Response	88	310012	309679	1
MAXED_1040_Day_B	2	Picture	instructions_2	310242	0	1	44689	1	0	next	false_alarm	22
MAXED_1040_Day_B	2	Pulse	99	320000	9758	NA
MAXED_1040_Day_B	2	Pulse	99	340000	29758	NA
MAXED_1040_Day_B	2	Response	88	354703	44461	1
MAXED_1040_Day_B	3	Picture	instructions_3	354931	0	1	137583	1	0	next	false_alarm	31
MAXED_1040_Day_B	3	Pulse	99	360000	5069	NA
MAXED_1040_Day_B	3	Pulse	99	380000	25069	NA
MAXED_1040_Day_B	3	Pulse	99	400000	45069	NA
MAXED_1040_Day_B	3	Pulse	99	420000	65069	NA
MAXED_1040_Day_B	3	Pulse	99	440000	85069	NA
MAXED_1040_Day_B	3	Pulse	99	460000	105069	NA
MAXED_1040_Day_B	3	Pulse	99	480000	125069	NA
MAXED_1040_Day_B	3	Response	88	492327	137396	1
MAXED_1040_Day_B	4	Picture	instructions_4	492514	0	1	51370	1	0	next	false_alarm	36
MAXED_1040_Day_B	4	Pulse	99	500000	7486	NA
MAXED_1040_Day_B	4	Pulse	99	520000	27486	NA
MAXED_1040_Day_B	4	Pulse	99	540000	47486	NA
MAXED_1040_Day_B	4	Response	88	543655	51141	1
MAXED_1040_Day_B	5	Picture	instructions_5	543884	0	1	145445	1	0	next	false_alarm	45
MAXED_1040_Day_B	5	Pulse	99	560000	16116	NA
MAXED_1040_Day_B	5	Pulse	99	580000	36116	NA
MAXED_1040_Day_B	5	Pulse	99	600000	56116	NA
MAXED_1040_Day_B	5	Pulse	99	620000	76116	NA
MAXED_1040_Day_B	5	Pulse	99	640000	96116	NA
MAXED_1040_Day_B	5	Pulse	99	660000	116116	NA
MAXED_1040_Day_B	5	Pulse	99	680000	136116	NA
MAXED_1040_Day_B	5	Response	88	689100	145216	1
MAXED_1040_Day_B	6	Picture	instructions_6	689329	0	1	35063	1	0	next	false_alarm	49
MAXED_1040_Day_B	6	Pulse	99	700000	10671	NA
MAXED_1040_Day_B	6	Pulse	99	720000	30671	NA
MAXED_1040_Day_B	6	Response	88	724162	34833	1
MAXED_1040_Day_B	7	Picture	instructions_7	724391	0	1	199600	1	0	next	false_alarm	61
MAXED_1040_Day_B	7	Pulse	99	740000	15609	NA
MAXED_1040_Day_B	7	Pulse	99	760000	35609	NA
MAXED_1040_Day_B	7	Pulse	99	780000	55609	NA
MAXED_1040_Day_B	7	Pulse	99	800000	75609	NA
MAXED_1040_Day_B	7	Pulse	99	820000	95609	NA
MAXED_1040_Day_B	7	Pulse	99	840000	115609	NA
MAXED_1040_Day_B	7	Pulse	99	860000	135609	NA
MAXED_1040_Day_B	7	Pulse	99	880000	155609	NA
MAXED_1040_Day_B	7	Pulse	99	900000	175609	NA
MAXED_1040_Day_B	7	Pulse	99	920000	195609	NA
MAXED_1040_Day_B	7	Response	88	923764	199372	1
MAXED_1040_Day_B	8	Picture	instructions_8	923991	0	1	86076	1	0	next	false_alarm	67
MAXED_1040_Day_B	8	Pulse	99	940000	16009	NA
MAXED_1040_Day_B	8	Pulse	99	960000	36009	NA
MAXED_1040_Day_B	8	Pulse	99	980000	56009	NA
MAXED_1040_Day_B	8	Pulse	99	1000000	76009	NA
MAXED_1040_Day_B	8	Response	88	1009839	85847	1
MAXED_1040_Day_B	9	Picture	instructions_9	1010067	0	1	25100	1	0	next	false_alarm	70
MAXED_1040_Day_B	9	Pulse	99	1020000	9933	NA
MAXED_1040_Day_B	9	Response	88	1034937	24870	1
MAXED_1040_Day_B	10	Picture	instructions_10	1035168	0	1	119895	1	0	next	false_alarm	78
MAXED_1040_Day_B	10	Pulse	99	1040000	4832	NA
MAXED_1040_Day_B	10	Pulse	99	1060000	24832	NA
MAXED_1040_Day_B	10	Pulse	99	1080000	44832	NA
MAXED_1040_Day_B	10	Pulse	99	1100000	64832	NA
MAXED_1040_Day_B	10	Pulse	99	1120000	84832	NA
MAXED_1040_Day_B	10	Pulse	99	1140000	104832	NA
MAXED_1040_Day_B	10	Response	88	1154832	119665	1
MAXED_1040_Day_B	11	Picture	instructions_11	1155062	0	1	61362	1	0	next	false_alarm	83
MAXED_1040_Day_B	11	Pulse	99	1160000	4938	NA
MAXED_1040_Day_B	11	Pulse	99	1180000	24938	NA
MAXED_1040_Day_B	11	Pulse	99	1200000	44938	NA
MAXED_1040_Day_B	11	Response	88	1216341	61279	1
MAXED_1040_Day_B	12	Picture	instructions_12	1216424	0	1	92022	1	0	next	false_alarm	87
MAXED_1040_Day_B	12	Pulse	99	1220000	3576	NA
MAXED_1040_Day_B	12	Pulse	99	1240000	23576	NA
MAXED_1040_Day_B	12	Response	1	1247307	30883	1
MAXED_1040_Day_B	12	Pulse	99	1260000	43576	NA
MAXED_1040_Day_B	12	Pulse	99	1280000	63576	NA
MAXED_1040_Day_B	12	Pulse	99	1300000	83576	NA
MAXED_1040_Day_B	12	Response	88	1308216	91793	1
MAXED_1040_Day_B	13	Picture	instructions_13	1308446	0	1	67831	1	0	next	false_alarm	96
MAXED_1040_Day_B	13	Pulse	99	1320000	11554	NA
MAXED_1040_Day_B	13	Pulse	99	1340000	31554	NA
MAXED_1040_Day_B	13	Pulse	99	1360000	51554	NA
MAXED_1040_Day_B	13	Response	88	1376128	67682	1
MAXED_1040_Day_B	14	Picture	instructions_14	1376277	0	1	27434	1	0	next	false_alarm	100
MAXED_1040_Day_B	14	Pulse	99	1380000	3723	NA
MAXED_1040_Day_B	14	Pulse	99	1400000	23723	NA
MAXED_1040_Day_B	14	Response	88	1403487	27210	1
MAXED_1040_Day_B	15	Picture	instructions_15	1403711	0	1	131702	1	0	next	false_alarm	108
MAXED_1040_Day_B	15	Pulse	99	1420000	16289	NA
MAXED_1040_Day_B	15	Pulse	99	1440000	36289	NA
MAXED_1040_Day_B	15	Pulse	99	1460000	56289	NA
MAXED_1040_Day_B	15	Pulse	99	1480000	76289	NA
MAXED_1040_Day_B	15	Pulse	99	1500000	96289	NA
MAXED_1040_Day_B	15	Pulse	99	1520000	116289	NA
MAXED_1040_Day_B	15	Response	88	1535183	131472	1
MAXED_1040_Day_B	16	Picture	instructions_16	1535413	0	1	45005	1	0	next	false_alarm	113
MAXED_1040_Day_B	16	Pulse	99	1540000	4587	NA
MAXED_1040_Day_B	16	Pulse	99	1560000	24587	NA
MAXED_1040_Day_B	16	Pulse	99	1580000	44587	NA
MAXED_1040_Day_B	16	Response	88	1580318	44906	1
MAXED_1040_Day_B	17	Picture	instructions_17	1580418	0	1	12508	1	0	next	false_alarm	115
MAXED_1040_Day_B	17	Response	88	1592696	12278	1
MAXED_1040_Day_B	18	Picture	instructions_18	1592926	0	1	53194	1	0	next	false_alarm	120
MAXED_1040_Day_B	18	Pulse	99	1600000	7074	NA
MAXED_1040_Day_B	18	Pulse	99	1620000	27074	NA
MAXED_1040_Day_B	18	Pulse	99	1640000	47074	NA
MAXED_1040_Day_B	18	Response	88	1645893	52967	1
MAXED_1040_Day_B	19	Picture	instructions_19	1646120	0	1	103673	1	0	next	false_alarm	127
MAXED_1040_Day_B	19	Pulse	99	1660000	13880	NA
MAXED_1040_Day_B	19	Pulse	99	1680000	33880	NA
MAXED_1040_Day_B	19	Pulse	99	1700000	53880	NA
MAXED_1040_Day_B	19	Pulse	99	1720000	73880	NA
MAXED_1040_Day_B	19	Pulse	99	1740000	93880	NA
MAXED_1040_Day_B	19	Response	88	1749565	103446	1
MAXED_1040_Day_B	20	Picture	instructions_20	1749793	0	1	84859	1	0	next	false_alarm	133
MAXED_1040_Day_B	20	Pulse	99	1760000	10207	NA
MAXED_1040_Day_B	20	Pulse	99	1780000	30207	NA
MAXED_1040_Day_B	20	Pulse	99	1800000	50207	NA
MAXED_1040_Day_B	20	Pulse	99	1820000	70207	NA
MAXED_1040_Day_B	20	Response	88	1834419	84626	1
MAXED_1040_Day_B	21	Picture	instructions_21	1834652	0	1	183456	1	0	next	false_alarm	144
MAXED_1040_Day_B	21	Pulse	99	1840000	5348	NA
MAXED_1040_Day_B	21	Pulse	99	1860000	25348	NA
MAXED_1040_Day_B	21	Pulse	99	1880000	45348	NA
MAXED_1040_Day_B	21	Pulse	99	1900000	65348	NA
MAXED_1040_Day_B	21	Pulse	99	1920000	85348	NA
MAXED_1040_Day_B	21	Pulse	99	1940000	105348	NA
MAXED_1040_Day_B	21	Pulse	99	1960000	125348	NA
MAXED_1040_Day_B	21	Pulse	99	1980000	145348	NA
MAXED_1040_Day_B	21	Pulse	99	2000000	165348	NA
MAXED_1040_Day_B	21	Response	88	2017879	183227	1
MAXED_1040_Day_B	22	Picture	instructions_22	2018108	0	1	42331	1	0	next	false_alarm	149
MAXED_1040_Day_B	22	Pulse	99	2020000	1892	NA
MAXED_1040_Day_B	22	Pulse	99	2040000	21892	NA
MAXED_1040_Day_B	22	Pulse	99	2060000	41892	NA
MAXED_1040_Day_B	22	Response	88	2060210	42101	1
MAXED_1040_Day_B	23	Picture	instructions_23	2060440	0	1	70087	1	0	next	false_alarm	154
MAXED_1040_Day_B	23	Pulse	99	2080000	19560	NA
MAXED_1040_Day_B	23	Pulse	99	2100000	39560	NA
MAXED_1040_Day_B	23	Pulse	99	2120000	59560	NA
MAXED_1040_Day_B	23	Response	88	2130296	69856	1
MAXED_1040_Day_B	24	Picture	instructions_24	2130526	0	1	126958	1	0	next	false_alarm	162
MAXED_1040_Day_B	24	Pulse	99	2140000	9474	NA
MAXED_1040_Day_B	24	Pulse	99	2160000	29474	NA
MAXED_1040_Day_B	24	Pulse	99	2180000	49474	NA
MAXED_1040_Day_B	24	Pulse	99	2200000	69474	NA
MAXED_1040_Day_B	24	Pulse	99	2220000	89474	NA
MAXED_1040_Day_B	24	Pulse	99	2240000	109474	NA
MAXED_1040_Day_B	24	Response	88	2257255	126729	1
MAXED_1040_Day_B	25	Picture	instructions_25	2257484	0	1	67307	1	0	next	false_alarm	168
MAXED_1040_Day_B	25	Pulse	99	2260000	2516	NA
MAXED_1040_Day_B	25	Pulse	99	2280000	22516	NA
MAXED_1040_Day_B	25	Pulse	99	2300000	42516	NA
MAXED_1040_Day_B	25	Pulse	99	2320000	62516	NA
MAXED_1040_Day_B	25	Response	88	2324562	67078	1
MAXED_1040_Day_B	26	Picture	instructions_26	2324791	0	1	116590	1	0	next	false_alarm	176
MAXED_1040_Day_B	26	Pulse	99	2340000	15209	NA
MAXED_1040_Day_B	26	Pulse	99	2360000	35209	NA
MAXED_1040_Day_B	26	Pulse	99	2380000	55209	NA
MAXED_1040_Day_B	26	Pulse	99	2400000	75209	NA
MAXED_1040_Day_B	26	Pulse	99	2420000	95209	NA
MAXED_1040_Day_B	26	Pulse	99	2440000	115209	NA
MAXED_1040_Day_B	26	Response	88	2441152	116360	1
MAXED_1040_Day_B	27	Picture	instructions_27	2441382	0	1	47493	1	0	next	false_alarm	180
MAXED_1040_Day_B	27	Pulse	99	2460000	18618	NA
MAXED_1040_Day_B	27	Pulse	99	2480000	38618	NA
MAXED_1040_Day_B	27	Response	88	2488645	47263	1
MAXED_1040_Day_B	28	Picture	instructions_28	2488875	0	1	21424	1	0	next	false_alarm	183
MAXED_1040_Day_B	28	Pulse	99	2500000	11125	NA
MAXED_1040_Day_B	28	Response	88	2510070	21195	1
MAXED_1040_Day_B	29	Picture	instructions_29	2510299	0	1	63795	1	0	next	false_alarm	188
MAXED_1040_Day_B	29	Pulse	99	2520000	9701	NA
MAXED_1040_Day_B	29	Pulse	99	2540000	29701	NA
MAXED_1040_Day_B	29	Pulse	99	2560000	49701	NA
MAXED_1040_Day_B	29	Response	88	2573865	63566	1
MAXED_1040_Day_B	30	Picture	instructions_30	2574094	0	1	254771	1	0	next	false_alarm	201
MAXED_1040_Day_B	30	Pulse	99	2580000	5906	NA
MAXED_1040_Day_B	30	Pulse	99	2600000	25906	NA
MAXED_1040_Day_B	30	Pulse	99	2620000	45906	NA
MAXED_1040_Day_B	30	Pulse	99	2640000	65906	NA
MAXED_1040_Day_B	30	Pulse	99	2660000	85906	NA
MAXED_1040_Day_B	30	Pulse	99	2680000	105906	NA
MAXED_1040_Day_B	30	Pulse	99	2700000	125906	NA
MAXED_1040_Day_B	30	Pulse	99	2720000	145906	NA
MAXED_1040_Day_B	30	Pulse	99	2740000	165906	NA
MAXED_1040_Day_B	30	Pulse	99	2760000	185906	NA
MAXED_1040_Day_B	30	Pulse	99	2780000	205906	NA
MAXED_1040_Day_B	30	Response	2	2787604	213509	1
MAXED_1040_Day_B	30	Pulse	99	2800000	225906	NA
MAXED_1040_Day_B	30	Pulse	99	2820000	245906	NA
MAXED_1040_Day_B	30	Response	88	2828637	254542	1
MAXED_1040_Day_B	31	Picture	instructions_31	2828866	0	1	112818	1	0	next	false_alarm	212
MAXED_1040_Day_B	31	Pulse	99	2840000	11134	NA
MAXED_1040_Day_B	31	Pulse	99	2860000	31134	NA
MAXED_1040_Day_B	31	Pulse	99	2880000	51134	NA
MAXED_1040_Day_B	31	Pulse	99	2900000	71134	NA
MAXED_1040_Day_B	31	Pulse	99	2920000	91134	NA
MAXED_1040_Day_B	31	Pulse	99	2940000	111134	NA
MAXED_1040_Day_B	31	Response	88	2941455	112589	1
MAXED_1040_Day_B	32	Picture	instructions_32	2941683	0	1	105910	1	0	next	false_alarm	219
MAXED_1040_Day_B	32	Pulse	99	2960000	18317	NA
MAXED_1040_Day_B	32	Pulse	99	2980000	38317	NA
MAXED_1040_Day_B	32	Pulse	99	3000000	58317	NA
MAXED_1040_Day_B	32	Pulse	99	3020000	78317	NA
MAXED_1040_Day_B	32	Pulse	99	3040000	98317	NA
MAXED_1040_Day_B	32	Response	88	3047531	105848	1
MAXED_1040_Day_B	33	Picture	instructions_33	3047593	0	1	62623	1	0	next	false_alarm	224
MAXED_1040_Day_B	33	Pulse	99	3060000	12407	NA
MAXED_1040_Day_B	33	Pulse	99	3080000	32407	NA
MAXED_1040_Day_B	33	Pulse	99	3100000	52407	NA
MAXED_1040_Day_B	33	Response	88	3109988	62395	1
MAXED_1040_Day_B	34	Picture	instructions_34	3110217	0	1	88257	1	0	next	false_alarm	230
MAXED_1040_Day_B	34	Pulse	99	3120000	9783	NA
MAXED_1040_Day_B	34	Pulse	99	3140000	29783	NA
MAXED_1040_Day_B	34	Pulse	99	3160000	49783	NA
MAXED_1040_Day_B	34	Pulse	99	3180000	69783	NA
MAXED_1040_Day_B	34	Response	88	3198245	88029	1
MAXED_1040_Day_B	35	Picture	instructions_35	3198473	0	1	127289	1	0	next	false_alarm	239
MAXED_1040_Day_B	35	Pulse	99	3200000	1527	NA
MAXED_1040_Day_B	35	Pulse	99	3220000	21527	NA
MAXED_1040_Day_B	35	Pulse	99	3240000	41527	NA
MAXED_1040_Day_B	35	Pulse	99	3260000	61527	NA
MAXED_1040_Day_B	35	Pulse	99	3280000	81527	NA
MAXED_1040_Day_B	35	Pulse	99	3300000	101527	NA
MAXED_1040_Day_B	35	Pulse	99	3320000	121527	NA
MAXED_1040_Day_B	35	Response	88	3325533	127060	1
MAXED_1040_Day_B	36	Picture	instructions_36	3325763	0	1	169495	1	0	next	false_alarm	249
MAXED_1040_Day_B	36	Pulse	99	3340000	14237	NA
MAXED_1040_Day_B	36	Pulse	99	3360000	34237	NA
MAXED_1040_Day_B	36	Pulse	99	3380000	54237	NA
MAXED_1040_Day_B	36	Pulse	99	3400000	74237	NA
MAXED_1040_Day_B	36	Pulse	99	3420000	94237	NA
MAXED_1040_Day_B	36	Pulse	99	3440000	114237	NA
MAXED_1040_Day_B	36	Pulse	99	3460000	134237	NA
MAXED_1040_Day_B	36	Pulse	99	3480000	154237	NA
MAXED_1040_Day_B	36	Response	88	3495028	169265	1
MAXED_1040_Day_B	37	Picture	instructions_37	3495257	0	1	44978	1	0	next	false_alarm	254
MAXED_1040_Day_B	37	Pulse	99	3500000	4743	NA
MAXED_1040_Day_B	37	Pulse	99	3520000	24743	NA
MAXED_1040_Day_B	37	Pulse	99	3540000	44743	NA
MAXED_1040_Day_B	37	Response	88	3540176	44918	1
MAXED_1040_Day_B	38	Picture	instructions_38	3540235	0	1	101139	1	0	next	false_alarm	261
MAXED_1040_Day_B	38	Pulse	99	3560000	19765	NA
MAXED_1040_Day_B	38	Pulse	99	3580000	39765	NA
MAXED_1040_Day_B	38	Pulse	99	3600000	59765	NA
MAXED_1040_Day_B	38	Pulse	99	3620000	79765	NA
MAXED_1040_Day_B	38	Pulse	99	3640000	99765	NA
MAXED_1040_Day_B	38	Response	88	3641317	101082	1
MAXED_1040_Day_B	39	Picture	instructions_39	3641374	0	1	113765	1	0	next	false_alarm	268
MAXED_1040_Day_B	39	Pulse	99	3660000	18626	NA
MAXED_1040_Day_B	39	Pulse	99	3680000	38626	NA
MAXED_1040_Day_B	39	Pulse	99	3700000	58626	NA
MAXED_1040_Day_B	39	Pulse	99	3720000	78626	NA
MAXED_1040_Day_B	39	Pulse	99	3740000	98626	NA
MAXED_1040_Day_B	39	Response	88	3755081	113707	1
MAXED_1040_Day_B	40	Picture	instructions_40	3755139	0	1	92367	1	0	next	false_alarm	275
MAXED_1040_Day_B	40	Pulse	99	3760000	4861	NA
MAXED_1040_Day_B	40	Pulse	99	3780000	24861	NA
MAXED_1040_Day_B	40	Pulse	99	3800000	44861	NA
MAXED_1040_Day_B	40	Pulse	99	3820000	64861	NA
MAXED_1040_Day_B	40	Pulse	99	3840000	84861	NA
MAXED_1040_Day_B	40	Response	88	3847448	92308	1
MAXED_1040_Day_B	41	Picture	instructions_41	3847506	0	1	53622	1	0	next	false_alarm	280
MAXED_1040_Day_B	41	Pulse	99	3860000	12494	NA
MAXED_1040_Day_B	41	Pulse	99	3880000	32494	NA
MAXED_1040_Day_B	41	Pulse	99	3900000	52494	NA
MAXED_1040_Day_B	41	Response	88	3901071	53564	1
MAXED_1040_Day_B	42	Picture	instructions_42	3901128	0	1	92520	1	0	next	false_alarm	286
MAXED_1040_Day_B	42	Pulse	99	3920000	18872	NA
MAXED_1040_Day_B	42	Pulse	99	3940000	38872	NA
MAXED_1040_Day_B	42	Pulse	99	3960000	58872	NA
MAXED_1040_Day_B	42	Pulse	99	3980000	78872	NA
MAXED_1040_Day_B	42	Response	88	3993590	92462	1
MAXED_1040_Day_B	43	Picture	instructions_43	3993648	0	1	35585	1	0	next	false_alarm	290
MAXED_1040_Day_B	43	Pulse	99	4000000	6352	NA
MAXED_1040_Day_B	43	Pulse	99	4020000	26352	NA
MAXED_1040_Day_B	43	Response	88	4029176	35528	1
MAXED_1040_Day_B	44	Picture	instructions_44	4029233	0	1	194803	1	0	next	false_alarm	292
MAXED_1040_Day_B	44	Response	1	4038445	9212	1
MAXED_1040_Day_B	44	Pulse	99	4040000	10767	NA
MAXED_1040_Day_B	44	Pulse	99	4060000	30767	NA
MAXED_1040_Day_B	44	Pulse	99	4080000	50767	NA
MAXED_1040_Day_B	44	Pulse	99	4100000	70767	NA
MAXED_1040_Day_B	44	Pulse	99	4120000	90767	NA
MAXED_1040_Day_B	44	Pulse	99	4140000	110767	NA
MAXED_1040_Day_B	44	Pulse	99	4160000	130767	NA
MAXED_1040_Day_B	44	Pulse	99	4180000	150767	NA
MAXED_1040_Day_B	44	Pulse	99	4200000	170767	NA
MAXED_1040_Day_B	44	Pulse	99	4220000	190767	NA
MAXED_1040_Day_B	44	Response	88	4223977	194744	1
MAXED_1040_Day_B	45	Picture	instructions_45	4224036	0	1	84466	1	0	next	false_alarm	309
MAXED_1040_Day_B	45	Pulse	99	4240000	15964	NA
MAXED_1040_Day_B	45	Pulse	99	4260000	35964	NA
MAXED_1040_Day_B	45	Pulse	99	4280000	55964	NA
MAXED_1040_Day_B	45	Pulse	99	4300000	75964	NA
MAXED_1040_Day_B	45	Response	88	4308277	84241	1
MAXED_1040_Day_B	46	Picture	instructions_46	4308502	0	1	43882	1	0	next	false_alarm	313
MAXED_1040_Day_B	46	Pulse	99	4320000	11498	NA
MAXED_1040_Day_B	46	Pulse	99	4340000	31498	NA
MAXED_1040_Day_B	46	Response	88	4352328	43826	1
MAXED_1040_Day_B	47	Picture	fixation	4352384	0	1	5165	1	0	next	other	0
MAXED_1040_Day_B	48	Picture	stage1	4357549	0	1	31323	1	0	next	false_alarm	318
MAXED_1040_Day_B	48	Pulse	99	4360000	2451	NA
MAXED_1040_Day_B	48	Pulse	99	4380000	22451	NA
MAXED_1040_Day_B	48	Response	2	4388677	31128	1
MAXED_1040_Day_B	49	Picture	stage1_box	4388871	0	1	7664	1	0	next	other	0
MAXED_1040_Day_B	50	Picture	stage1_outcome	4396535	0	1	167	1	0	next	other	0
MAXED_1040_Day_B	51	Picture	stage2B	4396702	0	1	23325	1	0	next	false_alarm	323
MAXED_1040_Day_B	51	Pulse	99	4400000	3298	NA
MAXED_1040_Day_B	51	Response	1	4419884	23182	1
MAXED_1040_Day_B	51	Pulse	99	4420000	23298	NA
MAXED_1040_Day_B	52	Picture	stage2_box	4420027	0	1	7664	1	0	next	other	0
MAXED_1040_Day_B	53	Picture	stage2_up	4427691	0	1	7664	1	0	next	other	0
MAXED_1040_Day_B	54	Picture	stage2_lose	4435355	0	1	10129	1	0	next	other	0
MAXED_1040_Day_B	54	Pulse	99	4440000	4645	NA
MAXED_1040_Day_B	55	Picture	stage1	4445484	0	1	13976	1	0	next	false_alarm	330
MAXED_1040_Day_B	55	Response	2	4459339	13855	1
MAXED_1040_Day_B	56	Picture	stage1_box	4459460	0	1	7550	1	0	next	other	0
MAXED_1040_Day_B	56	Pulse	99	4460000	540	NA
MAXED_1040_Day_B	57	Picture	stage1_outcome	4467010	0	1	167	1	0	next	other	0
MAXED_1040_Day_B	58	Picture	stage2B	4467177	0	1	20481	1	0	next	false_alarm	336
MAXED_1040_Day_B	58	Pulse	99	4480000	12823	NA
MAXED_1040_Day_B	58	Response	2	4487602	20425	1
MAXED_1040_Day_B	59	Picture	stage2_box	4487658	0	1	7664	1	0	next	other	0
MAXED_1040_Day_B	60	Picture	stage2_up	4495322	0	1	7664	1	0	next	other	0
MAXED_1040_Day_B	60	Pulse	99	4500000	4678	NA
MAXED_1040_Day_B	61	Picture	stage2_lose	4502986	0	1	10066	1	0	next	other	0
MAXED_1040_Day_B	62	Picture	stage1	4513053	0	1	8708	1	0	next	false_alarm	343
MAXED_1040_Day_B	62	Pulse	99	4520000	6947	NA
MAXED_1040_Day_B	62	Response	1	4521706	8653	1
MAXED_1040_Day_B	63	Picture	stage1_box	4521761	0	1	7550	1	0	next	other	0
MAXED_1040_Day_B	64	Picture	stage1_outcome	4529311	0	1	167	1	0	next	other	0
MAXED_1040_Day_B	65	Picture	stage2A	4529477	0	1	11430	1	0	next	false_alarm	348
MAXED_1040_Day_B	65	Pulse	99	4540000	10523	NA
MAXED_1040_Day_B	65	Response	2	4540820	11343	1
MAXED_1040_Day_B	66	Picture	stage2_box	4540907	0	1	7551	1	0	next	other	0
MAXED_1040_Day_B	67	Picture	stage2_up	4548458	0	1	7555	1	0	next	other	0
MAXED_1040_Day_B	68	Picture	stage2_win	4556013	0	1	10051	1	0	next	other	0
MAXED_1040_Day_B	68	Pulse	99	4560000	3987	NA
MAXED_1040_Day_B	69	Picture	stage1	4566064	0	1	11242	1	0	next	false_alarm	354
MAXED_1040_Day_B	69	Response	1	4577255	11191	1
MAXED_1040_Day_B	70	Picture	stage1_box	4577305	0	1	7550	1	0	next	other	0
MAXED_1040_Day_B	70	Pulse	99	4580000	2695	NA
MAXED_1040_Day_B	71	Picture	stage1_outcome	4584855	0	1	167	1	0	next	other	0
MAXED_1040_Day_B	72	Picture	stage2B	4585022	0	1	36800	1	0	next	false_alarm	361
MAXED_1040_Day_B	72	Pulse	99	4600000	14978	NA
MAXED_1040_Day_B	72	Pulse	99	4620000	34978	NA
MAXED_1040_Day_B	72	Response	2	4621772	36750	1
MAXED_1040_Day_B	73	Picture	stage2_box	4621822	0	1	7664	1	0	next	other	0
MAXED_1040_Day_B	74	Picture	stage2_up	4629486	0	1	7664	1	0	next	other	0
MAXED_1040_Day_B	75	Picture	stage2_lose	4637150	0	1	10050	1	0	next	other	0
MAXED_1040_Day_B	75	Pulse	99	4640000	2850	NA
MAXED_1040_Day_B	76	Picture	stage1	4647200	0	1	15256	1	0	next	false_alarm	368
MAXED_1040_Day_B	76	Pulse	99	4660000	12800	NA
MAXED_1040_Day_B	76	Response	2	4662407	15206	1
MAXED_1040_Day_B	77	Picture	stage1_box	4662457	0	1	7550	1	0	next	other	0
MAXED_1040_Day_B	78	Picture	stage1_outcome	4670007	0	1	167	1	0	next	other	0
MAXED_1040_Day_B	79	Picture	stage2B	4670174	0	1	16216	1	0	next	false_alarm	373
MAXED_1040_Day_B	79	Pulse	99	4680000	9826	NA
MAXED_1040_Day_B	79	Response	1	4686339	16166	1
MAXED_1040_Day_B	80	Picture	stage2_box	4686389	0	1	7664	1	0	next	other	0
MAXED_1040_Day_B	81	Picture	stage2_up	4694053	0	1	7664	1	0	next	other	0
MAXED_1040_Day_B	81	Pulse	99	4700000	5947	NA
MAXED_1040_Day_B	82	Picture	stage2_win	4701717	0	1	10163	1	0	next	other	0
MAXED_1040_Day_B	83	Picture	stage1	4711881	0	1	6664	1	0	next	false_alarm	379
MAXED_1040_Day_B	83	Response	1	4718423	6543	1
MAXED_1040_Day_B	84	Picture	stage1_box	4718545	0	1	7550	1	0	next	other	0
MAXED_1040_Day_B	84	Pulse	99	4720000	1455	NA
MAXED_1040_Day_B	85	Picture	stage1_outcome	4726095	0	1	167	1	0	next	other	0
MAXED_1040_Day_B	86	Picture	stage2A	4726261	0	1	15054	1	0	next	false_alarm	385
MAXED_1040_Day_B	86	Pulse	99	4740000	13739	NA
MAXED_1040_Day_B	86	Response	2	4741265	15004	1
MAXED_1040_Day_B	87	Picture	stage2_box	4741315	0	1	7550	1	0	next	other	0
MAXED_1040_Day_B	88	Picture	stage2_up	4748865	0	1	7550	1	0	next	other	0
MAXED_1040_Day_B	89	Picture	stage2_win	4756415	0	1	10051	1	0	next	other	0
MAXED_1040_Day_B	89	Pulse	99	4760000	3585	NA
MAXED_1040_Day_B	90	Picture	stage1	4766466	0	1	10683	1	0	next	false_alarm	391
MAXED_1040_Day_B	90	Response	1	4777099	10633	1
MAXED_1040_Day_B	91	Picture	stage1_box	4777149	0	1	7550	1	0	next	other	0
MAXED_1040_Day_B	91	Pulse	99	4780000	2851	NA
MAXED_1040_Day_B	92	Picture	stage1_outcome	4784699	0	1	167	1	0	next	other	0
MAXED_1040_Day_B	93	Picture	stage2B	4784866	0	1	10508	1	0	next	false_alarm	396
MAXED_1040_Day_B	93	Response	1	4795324	10458	1
MAXED_1040_Day_B	94	Picture	stage2_box	4795374	0	1	7664	1	0	next	other	0
MAXED_1040_Day_B	94	Pulse	99	4800000	4626	NA
MAXED_1040_Day_B	95	Picture	stage2_up	4803038	0	1	7664	1	0	next	other	0
MAXED_1040_Day_B	96	Picture	stage2_win	4810702	0	1	10163	1	0	next	other	0
MAXED_1040_Day_B	96	Pulse	99	4820000	9298	NA
MAXED_1040_Day_B	97	Picture	stage1	4820865	0	1	15615	1	0	next	false_alarm	403
MAXED_1040_Day_B	97	Response	1	4836430	15565	1
MAXED_1040_Day_B	98	Picture	stage1_box	4836480	0	1	7550	1	0	next	other	0
MAXED_1040_Day_B	98	Pulse	99	4840000	3520	NA
MAXED_1040_Day_B	99	Picture	stage1_outcome	4844030	0	1	167	1	0	next	other	0
MAXED_1040_Day_B	100	Picture	stage2A	4844197	0	1	12484	1	0	next	false_alarm	408
MAXED_1040_Day_B	100	Response	2	4856630	12433	1
MAXED_1040_Day_B	101	Picture	stage2_box	4856681	0	1	7551	1	0	next	other	0
MAXED_1040_Day_B	101	Pulse	99	4860000	3319	NA
MAXED_1040_Day_B	102	Picture	stage2_up	4864231	0	1	7550	1	0	next	other	0
MAXED_1040_Day_B	103	Picture	stage2_win	4871782	0	1	10050	1	0	next	other	0
MAXED_1040_Day_B	103	Pulse	99	4880000	8218	NA
MAXED_1040_Day_B	104	Picture	stage1	4881832	0	1	14947	1	0	next	false_alarm	415
MAXED_1040_Day_B	104	Response	2	4896728	14896	1
MAXED_1040_Day_B	105	Picture	stage1_box	4896779	0	1	7550	1	0	next	other	0
MAXED_1040_Day_B	105	Pulse	99	4900000	3221	NA
MAXED_1040_Day_B	106	Picture	stage1_outcome	4904329	0	1	167	1	0	next	other	0
MAXED_1040_Day_B	107	Picture	stage2A	4904496	0	1	11654	1	0	next	false_alarm	420
MAXED_1040_Day_B	107	Response	2	4916099	11603	1
MAXED_1040_Day_B	108	Picture	stage2_box	4916150	0	1	7550	1	0	next	other	0
MAXED_1040_Day_B	108	Pulse	99	4920000	3850	NA
MAXED_1040_Day_B	109	Picture	stage2_up	4923699	0	1	7686	1	0	next	other	0
MAXED_1040_Day_B	110	Picture	stage2_win	4931385	0	1	10051	1	0	next	other	0
MAXED_1040_Day_B	110	Pulse	99	4940000	8615	NA
MAXED_1040_Day_B	111	Picture	stage1	4941436	0	1	7884	1	0	next	false_alarm	427
MAXED_1040_Day_B	111	Response	2	4949270	7834	1
MAXED_1040_Day_B	112	Picture	stage1_box	4949320	0	1	7550	1	0	next	other	0
MAXED_1040_Day_B	113	Picture	stage1_outcome	4956870	0	1	167	1	0	next	other	0
MAXED_1040_Day_B	114	Picture	stage2B	4957037	0	1	11432	1	0	next	false_alarm	432
MAXED_1040_Day_B	114	Pulse	99	4960000	2963	NA
MAXED_1040_Day_B	114	Response	1	4968418	11382	1
MAXED_1040_Day_B	115	Picture	stage2_box	4968468	0	1	7664	1	0	next	other	0
MAXED_1040_Day_B	116	Picture	stage2_up	4976132	0	1	7664	1	0	next	other	0
MAXED_1040_Day_B	116	Pulse	99	4980000	3868	NA
MAXED_1040_Day_B	117	Picture	stage2_lose	4983796	0	1	10050	1	0	next	other	0
MAXED_1040_Day_B	118	Picture	stage1	4993847	0	1	10240	1	0	next	false_alarm	439
MAXED_1040_Day_B	118	Pulse	99	5000000	6153	NA
MAXED_1040_Day_B	118	Response	2	5004021	10174	1
MAXED_1040_Day_B	119	Picture	stage1_box	5004087	0	1	7550	1	0	next	other	0
MAXED_1040_Day_B	120	Picture	stage1_outcome	5011637	0	1	167	1	0	next	other	0
MAXED_1040_Day_B	121	Picture	stage2B	5011804	0	1	7528	1	0	next	false_alarm	443
MAXED_1040_Day_B	121	Response	2	5019282	7478	1
MAXED_1040_Day_B	122	Picture	stage2_box	5019332	0	1	7664	1	0	next	other	0
MAXED_1040_Day_B	122	Pulse	99	5020000	668	NA
MAXED_1040_Day_B	123	Picture	stage2_up	5026996	0	1	7664	1	0	next	other	0
MAXED_1040_Day_B	124	Picture	stage2_lose	5034660	0	1	10152	1	0	next	other	0
MAXED_1040_Day_B	124	Pulse	99	5040000	5340	NA
MAXED_1040_Day_B	125	Picture	stage1	5044812	0	1	8927	1	0	next	false_alarm	450
MAXED_1040_Day_B	125	Response	1	5053689	8877	1
MAXED_1040_Day_B	126	Picture	stage1_box	5053739	0	1	7550	1	0	next	other	0
MAXED_1040_Day_B	126	Pulse	99	5060000	6261	NA
MAXED_1040_Day_B	127	Picture	stage1_outcome	5061289	0	1	167	1	0	next	other	0
MAXED_1040_Day_B	128	Picture	stage2A	5061456	0	1	18766	1	0	next	false_alarm	456
MAXED_1040_Day_B	128	Pulse	99	5080000	18544	NA
MAXED_1040_Day_B	128	Response	2	5080172	18716	1
MAXED_1040_Day_B	129	Picture	stage2_box	5080222	0	1	7550	1	0	next	other	0
MAXED_1040_Day_B	130	Picture	stage2_up	5087772	0	1	7562	1	0	next	other	0
MAXED_1040_Day_B	131	Picture	stage2_win	5095334	0	1	10051	1	0	next	other	0
MAXED_1040_Day_B	131	Pulse	99	5100000	4666	NA
MAXED_1040_Day_B	132	Picture	stage1	5105385	0	1	13596	1	0	next	false_alarm	462
MAXED_1040_Day_B	132	Response	1	5118931	13546	1
MAXED_1040_Day_B	133	Picture	stage1_box	5118981	0	1	7550	1	0	next	other	0
MAXED_1040_Day_B	133	Pulse	99	5120000	1019	NA
MAXED_1040_Day_B	134	Picture	stage1_outcome	5126531	0	1	167	1	0	next	other	0
MAXED_1040_Day_B	135	Picture	stage2A	5126698	0	1	7382	1	0	next	false_alarm	467
MAXED_1040_Day_B	135	Response	1	5134025	7327	1
MAXED_1040_Day_B	136	Picture	stage2_box	5134080	0	1	7550	1	0	next	other	0
MAXED_1040_Day_B	136	Pulse	99	5140000	5920	NA
MAXED_1040_Day_B	137	Picture	stage2_up	5141630	0	1	7550	1	0	next	other	0
MAXED_1040_Day_B	138	Picture	stage2_lose	5149180	0	1	10051	1	0	next	other	0
MAXED_1040_Day_B	139	Picture	stage1	5159230	0	1	7224	1	0	next	false_alarm	474
MAXED_1040_Day_B	139	Pulse	99	5160000	770	NA
MAXED_1040_Day_B	139	Response	1	5166404	7174	1
MAXED_1040_Day_B	140	Picture	stage1_box	5166454	0	1	7550	1	0	next	other	0
MAXED_1040_Day_B	141	Picture	stage1_outcome	5174004	0	1	167	1	0	next	other	0
MAXED_1040_Day_B	142	Picture	stage2A	5174171	0	1	5038	1	0	next	false_alarm	478
MAXED_1040_Day_B	142	Response	2	5179159	4988	1
MAXED_1040_Day_B	143	Picture	stage2_box	5179209	0	1	7550	1	0	next	other	0
MAXED_1040_Day_B	143	Pulse	99	5180000	791	NA
MAXED_1040_Day_B	144	Picture	stage2_up	5186759	0	1	7550	1	0	next	other	0
MAXED_1040_Day_B	145	Picture	stage2_win	5194309	0	1	10050	1	0	next	other	0
MAXED_1040_Day_B	145	Pulse	99	5200000	5691	NA
MAXED_1040_Day_B	146	Picture	stage1	5204359	0	1	7367	1	0	next	false_alarm	485
MAXED_1040_Day_B	146	Response	2	5211584	7226	1
MAXED_1040_Day_B	147	Picture	stage1_box	5211726	0	1	7550	1	0	next	other	0
MAXED_1040_Day_B	148	Picture	stage1_outcome	5219276	0	1	167	1	0	next	other	0
MAXED_1040_Day_B	149	Picture	stage2B	5219443	0	1	7138	1	0	next	false_alarm	490
MAXED_1040_Day_B	149	Pulse	99	5220000	557	NA
MAXED_1040_Day_B	149	Response	2	5226530	7088	1
MAXED_1040_Day_B	150	Picture	stage2_box	5226581	0	1	7664	1	0	next	other	0
MAXED_1040_Day_B	151	Picture	stage2_up	5234245	0	1	7664	1	0	next	other	0
MAXED_1040_Day_B	151	Pulse	99	5240000	5755	NA
MAXED_1040_Day_B	152	Picture	stage2_win	5241909	0	1	10163	1	0	next	other	0
MAXED_1040_Day_B	153	Picture	stage1	5252072	0	1	11663	1	0	next	false_alarm	497
MAXED_1040_Day_B	153	Pulse	99	5260000	7928	NA
MAXED_1040_Day_B	153	Response	1	5263689	11616	1
MAXED_1040_Day_B	154	Picture	stage1_box	5263735	0	1	7550	1	0	next	other	0
MAXED_1040_Day_B	155	Picture	stage1_outcome	5271285	0	1	167	1	0	next	other	0
MAXED_1040_Day_B	156	Picture	stage2A	5271452	0	1	7714	1	0	next	false_alarm	501
MAXED_1040_Day_B	156	Response	2	5279115	7664	1
MAXED_1040_Day_B	157	Picture	stage2_box	5279165	0	1	7550	1	0	next	other	0
MAXED_1040_Day_B	157	Pulse	99	5280000	835	NA
MAXED_1040_Day_B	158	Picture	stage2_up	5286716	0	1	7550	1	0	next	other	0
MAXED_1040_Day_B	159	Picture	stage2_win	5294265	0	1	10050	1	0	next	other	0
MAXED_1040_Day_B	159	Pulse	99	5300000	5735	NA
MAXED_1040_Day_B	160	Picture	stage1	5304316	0	1	7639	1	0	next	false_alarm	508
MAXED_1040_Day_B	160	Response	1	5311905	7589	1
MAXED_1040_Day_B	161	Picture	stage1_box	5311955	0	1	7550	1	0	next	other	0
MAXED_1040_Day_B	162	Picture	stage1_outcome	5319505	0	1	167	1	0	next	other	0
MAXED_1040_Day_B	163	Picture	stage2A	5319671	0	1	11918	1	0	next	false_alarm	513
MAXED_1040_Day_B	163	Pulse	99	5320000	329	NA
MAXED_1040_Day_B	163	Response	2	5331536	11865	1
MAXED_1040_Day_B	164	Picture	stage2_box	5331589	0	1	7551	1	0	next	other	0
MAXED_1040_Day_B	165	Picture	stage2_up	5339140	0	1	7550	1	0	next	other	0
MAXED_1040_Day_B	165	Pulse	99	5340000	860	NA
MAXED_1040_Day_B	166	Picture	stage2_lose	5346690	0	1	10063	1	0	next	other	0
MAXED_1040_Day_B	167	Picture	stage1	5356752	0	1	6357	1	0	next	false_alarm	520
MAXED_1040_Day_B	167	Pulse	99	5360000	3248	NA
MAXED_1040_Day_B	167	Response	2	5363059	6307	1
MAXED_1040_Day_B	168	Picture	stage1_box	5363109	0	1	7551	1	0	next	other	0
MAXED_1040_Day_B	169	Picture	stage1_outcome	5370660	0	1	167	1	0	next	other	0
MAXED_1040_Day_B	170	Picture	stage2A	5370827	0	1	23729	1	0	next	false_alarm	525
MAXED_1040_Day_B	170	Pulse	99	5380000	9173	NA
MAXED_1040_Day_B	170	Response	2	5394505	23678	1
MAXED_1040_Day_B	171	Picture	stage2_box	5394556	0	1	7550	1	0	next	other	0
MAXED_1040_Day_B	171	Pulse	99	5400000	5444	NA
MAXED_1040_Day_B	172	Picture	stage2_up	5402106	0	1	7551	1	0	next	other	0
MAXED_1040_Day_B	173	Picture	stage2_win	5409656	0	1	10050	1	0	next	other	0
MAXED_1040_Day_B	174	Picture	stage1	5419706	0	1	4485	1	0	next	false_alarm	532
MAXED_1040_Day_B	174	Pulse	99	5420000	294	NA
MAXED_1040_Day_B	174	Response	1	5424142	4435	1
MAXED_1040_Day_B	175	Picture	stage1_box	5424191	0	1	7550	1	0	next	other	0
MAXED_1040_Day_B	176	Picture	stage1_outcome	5431741	0	1	167	1	0	next	other	0
MAXED_1040_Day_B	177	Picture	stage2B	5431908	0	1	12053	1	0	next	false_alarm	537
MAXED_1040_Day_B	177	Pulse	99	5440000	8092	NA
MAXED_1040_Day_B	177	Response	2	5443831	11923	1
MAXED_1040_Day_B	178	Picture	stage2_box	5443961	0	1	7550	1	0	next	other	0
MAXED_1040_Day_B	179	Picture	stage2_up	5451511	0	1	7551	1	0	next	other	0
MAXED_1040_Day_B	180	Picture	stage2_lose	5459061	0	1	10050	1	0	next	other	0
MAXED_1040_Day_B	180	Pulse	99	5460000	939	NA
MAXED_1040_Day_B	181	Picture	stage1	5469112	0	1	8453	1	0	next	false_alarm	543
MAXED_1040_Day_B	181	Response	1	5477514	8402	1
MAXED_1040_Day_B	182	Picture	stage1_box	5477564	0	1	7550	1	0	next	other	0
MAXED_1040_Day_B	182	Pulse	99	5480000	2436	NA
MAXED_1040_Day_B	183	Picture	stage1_outcome	5485114	0	1	167	1	0	next	other	0
MAXED_1040_Day_B	184	Picture	stage2B	5485281	0	1	8780	1	0	next	false_alarm	548
MAXED_1040_Day_B	184	Response	1	5493992	8711	1
MAXED_1040_Day_B	185	Picture	stage2_box	5494061	0	1	7550	1	0	next	other	0
MAXED_1040_Day_B	185	Pulse	99	5500000	5939	NA
MAXED_1040_Day_B	186	Picture	stage2_up	5501611	0	1	7550	1	0	next	other	0
MAXED_1040_Day_B	187	Picture	stage2_win	5509161	0	1	10163	1	0	next	other	0
MAXED_1040_Day_B	188	Picture	stage1	5519324	0	1	11163	1	0	next	false_alarm	555
MAXED_1040_Day_B	188	Pulse	99	5520000	676	NA
MAXED_1040_Day_B	188	Response	1	5530349	11024	1
MAXED_1040_Day_B	189	Picture	stage1_box	5530487	0	1	7550	1	0	next	other	0
MAXED_1040_Day_B	190	Picture	stage1_outcome	5538037	0	1	167	1	0	next	other	0
MAXED_1040_Day_B	191	Picture	stage2B	5538204	0	1	5984	1	0	next	false_alarm	560
MAXED_1040_Day_B	191	Pulse	99	5540000	1796	NA
MAXED_1040_Day_B	191	Response	1	5544138	5934	1
MAXED_1040_Day_B	192	Picture	stage2_box	5544188	0	1	7664	1	0	next	other	0
MAXED_1040_Day_B	193	Picture	stage2_up	5551852	0	1	7664	1	0	next	other	0
MAXED_1040_Day_B	194	Picture	stage2_lose	5559517	0	1	10050	1	0	next	other	0
MAXED_1040_Day_B	194	Pulse	99	5560000	483	NA
MAXED_1040_Day_B	195	Picture	stage1	5569567	0	1	4948	1	0	next	false_alarm	566
MAXED_1040_Day_B	195	Response	2	5574464	4898	1
MAXED_1040_Day_B	196	Picture	stage1_box	5574515	0	1	7550	1	0	next	other	0
MAXED_1040_Day_B	196	Pulse	99	5580000	5485	NA
MAXED_1040_Day_B	197	Picture	stage1_outcome	5582065	0	1	167	1	0	next	other	0
MAXED_1040_Day_B	198	Picture	stage2B	5582231	0	1	13977	1	0	next	false_alarm	571
MAXED_1040_Day_B	198	Response	1	5596158	13927	1
MAXED_1040_Day_B	199	Picture	stage2_box	5596208	0	1	2832	1	0	next	false_alarm	573
MAXED_1040_Day_B	199	Response	2	5598861	2652	1
MAXED_1040_Day_B	200	Picture	stage2_up	5599041	0	1	7550	1	0	next	other	0
MAXED_1040_Day_B	200	Pulse	99	5600000	959	NA
MAXED_1040_Day_B	201	Picture	stage2_lose	5606590	0	1	10151	1	0	next	other	0
MAXED_1040_Day_B	202	Picture	stage1	5616741	0	1	6206	1	0	next	false_alarm	579
MAXED_1040_Day_B	202	Pulse	99	5620000	3259	NA
MAXED_1040_Day_B	202	Response	2	5622870	6129	1
MAXED_1040_Day_B	203	Picture	stage1_box	5622947	0	1	7603	1	0	next	other	0
MAXED_1040_Day_B	204	Picture	stage1_outcome	5630550	0	1	167	1	0	next	other	0
MAXED_1040_Day_B	205	Picture	stage2A	5630717	0	1	25554	1	0	next	false_alarm	584
MAXED_1040_Day_B	205	Pulse	99	5640000	9283	NA
MAXED_1040_Day_B	205	Response	1	5656220	25503	1
MAXED_1040_Day_B	206	Picture	stage2_box	5656270	0	1	7550	1	0	next	other	0
MAXED_1040_Day_B	206	Pulse	99	5660000	3730	NA
MAXED_1040_Day_B	207	Picture	stage2_up	5663821	0	1	7551	1	0	next	other	0
MAXED_1040_Day_B	208	Picture	stage2_lose	5671371	0	1	10050	1	0	next	other	0
MAXED_1040_Day_B	208	Pulse	99	5680000	8629	NA
MAXED_1040_Day_B	209	Picture	stage1	5681422	0	1	9045	1	0	next	false_alarm	591
MAXED_1040_Day_B	209	Response	2	5690416	8994	1
MAXED_1040_Day_B	210	Picture	stage1_box	5690466	0	1	7550	1	0	next	other	0
MAXED_1040_Day_B	211	Picture	stage1_outcome	5698016	0	1	167	1	0	next	other	0
MAXED_1040_Day_B	212	Picture	stage2B	5698183	0	1	8512	1	0	next	false_alarm	596
MAXED_1040_Day_B	212	Pulse	99	5700000	1817	NA
MAXED_1040_Day_B	212	Response	2	5706645	8462	1
MAXED_1040_Day_B	213	Picture	stage2_box	5706695	0	1	7664	1	0	next	other	0
MAXED_1040_Day_B	214	Picture	stage2_up	5714359	0	1	7664	1	0	next	other	0
MAXED_1040_Day_B	214	Pulse	99	5720000	5641	NA
MAXED_1040_Day_B	215	Picture	stage2_lose	5722023	0	1	10050	1	0	next	other	0
MAXED_1040_Day_B	216	Picture	stage1	5732074	0	1	5050	1	0	next	false_alarm	602
MAXED_1040_Day_B	216	Response	2	5737074	5000	1
MAXED_1040_Day_B	217	Picture	stage1_box	5737124	0	1	7550	1	0	next	other	0
MAXED_1040_Day_B	217	Pulse	99	5740000	2876	NA
MAXED_1040_Day_B	218	Picture	stage1_outcome	5744673	0	1	167	1	0	next	other	0
MAXED_1040_Day_B	219	Picture	stage2B	5744840	0	1	6124	1	0	next	false_alarm	607
MAXED_1040_Day_B	219	Response	1	5750914	6074	1
MAXED_1040_Day_B	220	Picture	stage2_box	5750964	0	1	7664	1	0	next	other	0
MAXED_1040_Day_B	221	Picture	stage2_up	5758628	0	1	7664	1	0	next	other	0
MAXED_1040_Day_B	221	Pulse	99	5760000	1372	NA
MAXED_1040_Day_B	222	Picture	stage2_lose	5766292	0	1	10053	1	0	next	other	0
MAXED_1040_Day_B	223	Pulse	99	5780000	3655	NA
MAXED_1040_Day_B	223	Pulse	99	5800000	23655	NA
MAXED_1040_Day_B	223	Pulse	99	5820000	43655	NA
MAXED_1040_Day_B	223	Response	2	5834394	58048	1
MAXED_1040_Day_B	223	Pulse	99	5840000	63655	NA
MAXED_1040_Day_B	223	Response	88	5840590	64245	1
