Scenario - 
Logfile written - 08/09/2022 17:42:46

Subject	Trial	Event Type	Code	Time	TTime	Uncertainty	Duration	Uncertainty	ReqTime	ReqDur	Stim Type	Pair Index

MAXED_1032_Day_A	0	Pulse	99	0	0	NA
MAXED_1032_Day_A	1	Picture	instructions_1	333	0	1	345904	1	0	next	false_alarm	20
MAXED_1032_Day_A	1	Pulse	99	20000	19667	NA
MAXED_1032_Day_A	1	Pulse	99	40000	39667	NA
MAXED_1032_Day_A	1	Pulse	99	60000	59667	NA
MAXED_1032_Day_A	1	Pulse	99	80000	79667	NA
MAXED_1032_Day_A	1	Pulse	99	100000	99667	NA
MAXED_1032_Day_A	1	Pulse	99	120000	119667	NA
MAXED_1032_Day_A	1	Pulse	99	140000	139667	NA
MAXED_1032_Day_A	1	Pulse	99	160000	159667	NA
MAXED_1032_Day_A	1	Pulse	99	180000	179667	NA
MAXED_1032_Day_A	1	Pulse	99	200000	199667	NA
MAXED_1032_Day_A	1	Pulse	99	220000	219667	NA
MAXED_1032_Day_A	1	Pulse	99	240000	239667	NA
MAXED_1032_Day_A	1	Pulse	99	260000	259667	NA
MAXED_1032_Day_A	1	Pulse	99	280000	279667	NA
MAXED_1032_Day_A	1	Pulse	99	300000	299667	NA
MAXED_1032_Day_A	1	Pulse	99	320000	319667	NA
MAXED_1032_Day_A	1	Pulse	99	340000	339667	NA
MAXED_1032_Day_A	1	Response	88	346006	345673	1
MAXED_1032_Day_A	2	Picture	instructions_2	346237	0	1	74536	1	0	next	false_alarm	26
MAXED_1032_Day_A	2	Pulse	99	360000	13763	NA
MAXED_1032_Day_A	2	Pulse	99	380000	33763	NA
MAXED_1032_Day_A	2	Pulse	99	400000	53763	NA
MAXED_1032_Day_A	2	Pulse	99	420000	73763	NA
MAXED_1032_Day_A	2	Response	88	420547	74310	1
MAXED_1032_Day_A	3	Picture	instructions_3	420773	0	1	164270	1	0	next	false_alarm	36
MAXED_1032_Day_A	3	Pulse	99	440000	19227	NA
MAXED_1032_Day_A	3	Pulse	99	460000	39227	NA
MAXED_1032_Day_A	3	Pulse	99	480000	59227	NA
MAXED_1032_Day_A	3	Pulse	99	500000	79227	NA
MAXED_1032_Day_A	3	Pulse	99	520000	99227	NA
MAXED_1032_Day_A	3	Pulse	99	540000	119227	NA
MAXED_1032_Day_A	3	Pulse	99	560000	139227	NA
MAXED_1032_Day_A	3	Pulse	99	580000	159227	NA
MAXED_1032_Day_A	3	Response	88	584816	164043	1
MAXED_1032_Day_A	4	Picture	instructions_4	585043	0	1	127201	1	0	next	false_alarm	44
MAXED_1032_Day_A	4	Pulse	99	600000	14957	NA
MAXED_1032_Day_A	4	Pulse	99	620000	34957	NA
MAXED_1032_Day_A	4	Pulse	99	640000	54957	NA
MAXED_1032_Day_A	4	Pulse	99	660000	74957	NA
MAXED_1032_Day_A	4	Pulse	99	680000	94957	NA
MAXED_1032_Day_A	4	Pulse	99	700000	114957	NA
MAXED_1032_Day_A	4	Response	88	712019	126976	1
MAXED_1032_Day_A	5	Picture	instructions_5	712244	0	1	98671	1	0	next	false_alarm	51
MAXED_1032_Day_A	5	Pulse	99	720000	7756	NA
MAXED_1032_Day_A	5	Pulse	99	740000	27756	NA
MAXED_1032_Day_A	5	Pulse	99	760000	47756	NA
MAXED_1032_Day_A	5	Pulse	99	780000	67756	NA
MAXED_1032_Day_A	5	Pulse	99	800000	87756	NA
MAXED_1032_Day_A	5	Response	88	810748	98504	1
MAXED_1032_Day_A	6	Picture	instructions_6	810915	0	1	45558	1	0	next	false_alarm	55
MAXED_1032_Day_A	6	Pulse	99	820000	9085	NA
MAXED_1032_Day_A	6	Pulse	99	840000	29085	NA
MAXED_1032_Day_A	6	Response	88	856246	45332	1
MAXED_1032_Day_A	7	Picture	instructions_7	856472	0	1	125077	1	0	next	false_alarm	64
MAXED_1032_Day_A	7	Pulse	99	860000	3528	NA
MAXED_1032_Day_A	7	Pulse	99	880000	23528	NA
MAXED_1032_Day_A	7	Pulse	99	900000	43528	NA
MAXED_1032_Day_A	7	Pulse	99	920000	63528	NA
MAXED_1032_Day_A	7	Pulse	99	940000	83528	NA
MAXED_1032_Day_A	7	Pulse	99	960000	103528	NA
MAXED_1032_Day_A	7	Pulse	99	980000	123528	NA
MAXED_1032_Day_A	7	Response	88	981320	124848	1
MAXED_1032_Day_A	8	Picture	instructions_8	981549	0	1	78443	1	0	next	false_alarm	69
MAXED_1032_Day_A	8	Pulse	99	1000000	18451	NA
MAXED_1032_Day_A	8	Pulse	99	1020000	38451	NA
MAXED_1032_Day_A	8	Pulse	99	1040000	58451	NA
MAXED_1032_Day_A	8	Response	88	1059765	78216	1
MAXED_1032_Day_A	9	Picture	instructions_9	1059991	0	1	54575	1	0	next	false_alarm	74
MAXED_1032_Day_A	9	Pulse	99	1060000	9	NA
MAXED_1032_Day_A	9	Pulse	99	1080000	20009	NA
MAXED_1032_Day_A	9	Pulse	99	1100000	40009	NA
MAXED_1032_Day_A	9	Response	88	1114338	54347	1
MAXED_1032_Day_A	10	Picture	instructions_10	1114567	0	1	88160	1	0	next	false_alarm	81
MAXED_1032_Day_A	10	Pulse	99	1120000	5433	NA
MAXED_1032_Day_A	10	Pulse	99	1140000	25433	NA
MAXED_1032_Day_A	10	Pulse	99	1160000	45433	NA
MAXED_1032_Day_A	10	Pulse	99	1180000	65433	NA
MAXED_1032_Day_A	10	Pulse	99	1200000	85433	NA
MAXED_1032_Day_A	10	Response	88	1202498	87931	1
MAXED_1032_Day_A	11	Picture	instructions_11	1202726	0	1	91041	1	0	next	false_alarm	87
MAXED_1032_Day_A	11	Pulse	99	1220000	17274	NA
MAXED_1032_Day_A	11	Pulse	99	1240000	37274	NA
MAXED_1032_Day_A	11	Pulse	99	1260000	57274	NA
MAXED_1032_Day_A	11	Pulse	99	1280000	77274	NA
MAXED_1032_Day_A	11	Response	88	1293687	90960	1
MAXED_1032_Day_A	12	Picture	instructions_12	1293767	0	1	70819	1	0	next	false_alarm	93
MAXED_1032_Day_A	12	Pulse	99	1300000	6233	NA
MAXED_1032_Day_A	12	Pulse	99	1320000	26233	NA
MAXED_1032_Day_A	12	Pulse	99	1340000	46233	NA
MAXED_1032_Day_A	12	Pulse	99	1360000	66233	NA
MAXED_1032_Day_A	12	Response	88	1364358	70590	1
MAXED_1032_Day_A	13	Picture	instructions_13	1364586	0	1	99417	1	0	next	false_alarm	100
MAXED_1032_Day_A	13	Pulse	99	1380000	15414	NA
MAXED_1032_Day_A	13	Pulse	99	1400000	35414	NA
MAXED_1032_Day_A	13	Pulse	99	1420000	55414	NA
MAXED_1032_Day_A	13	Pulse	99	1440000	75414	NA
MAXED_1032_Day_A	13	Pulse	99	1460000	95414	NA
MAXED_1032_Day_A	13	Response	88	1463776	99190	1
MAXED_1032_Day_A	14	Picture	instructions_14	1464003	0	1	29453	1	0	next	false_alarm	103
MAXED_1032_Day_A	14	Pulse	99	1480000	15997	NA
MAXED_1032_Day_A	14	Response	88	1493229	29226	1
MAXED_1032_Day_A	15	Picture	instructions_15	1493456	0	1	89849	1	0	next	false_alarm	110
MAXED_1032_Day_A	15	Pulse	99	1500000	6544	NA
MAXED_1032_Day_A	15	Pulse	99	1520000	26544	NA
MAXED_1032_Day_A	15	Pulse	99	1540000	46544	NA
MAXED_1032_Day_A	15	Pulse	99	1560000	66544	NA
MAXED_1032_Day_A	15	Pulse	99	1580000	86544	NA
MAXED_1032_Day_A	15	Response	88	1583077	89621	1
MAXED_1032_Day_A	16	Picture	instructions_16	1583305	0	1	35599	1	0	next	false_alarm	113
MAXED_1032_Day_A	16	Pulse	99	1600000	16695	NA
MAXED_1032_Day_A	16	Response	88	1618678	35373	1
MAXED_1032_Day_A	17	Picture	instructions_17	1618905	0	1	9950	1	0	next	false_alarm	116
MAXED_1032_Day_A	17	Pulse	99	1620000	1095	NA
MAXED_1032_Day_A	17	Response	88	1628628	9724	1
MAXED_1032_Day_A	18	Picture	instructions_18	1628855	0	1	101636	1	0	next	false_alarm	123
MAXED_1032_Day_A	18	Pulse	99	1640000	11145	NA
MAXED_1032_Day_A	18	Pulse	99	1660000	31145	NA
MAXED_1032_Day_A	18	Pulse	99	1680000	51145	NA
MAXED_1032_Day_A	18	Pulse	99	1700000	71145	NA
MAXED_1032_Day_A	18	Pulse	99	1720000	91145	NA
MAXED_1032_Day_A	18	Response	88	1730263	101408	1
MAXED_1032_Day_A	19	Picture	instructions_19	1730490	0	1	82238	1	0	next	false_alarm	129
MAXED_1032_Day_A	19	Pulse	99	1740000	9510	NA
MAXED_1032_Day_A	19	Pulse	99	1760000	29510	NA
MAXED_1032_Day_A	19	Pulse	99	1780000	49510	NA
MAXED_1032_Day_A	19	Pulse	99	1800000	69510	NA
MAXED_1032_Day_A	19	Response	88	1812501	82011	1
MAXED_1032_Day_A	20	Picture	instructions_20	1812728	0	1	51666	1	0	next	false_alarm	134
MAXED_1032_Day_A	20	Pulse	99	1820000	7272	NA
MAXED_1032_Day_A	20	Pulse	99	1840000	27272	NA
MAXED_1032_Day_A	20	Pulse	99	1860000	47272	NA
MAXED_1032_Day_A	20	Response	88	1864168	51440	1
MAXED_1032_Day_A	21	Picture	instructions_21	1864394	0	1	85883	1	0	next	false_alarm	140
MAXED_1032_Day_A	21	Pulse	99	1880000	15606	NA
MAXED_1032_Day_A	21	Pulse	99	1900000	35606	NA
MAXED_1032_Day_A	21	Pulse	99	1920000	55606	NA
MAXED_1032_Day_A	21	Pulse	99	1940000	75606	NA
MAXED_1032_Day_A	21	Response	88	1950049	85655	1
MAXED_1032_Day_A	22	Picture	instructions_22	1950277	0	1	68853	1	0	next	false_alarm	145
MAXED_1032_Day_A	22	Pulse	99	1960000	9723	NA
MAXED_1032_Day_A	22	Pulse	99	1980000	29723	NA
MAXED_1032_Day_A	22	Pulse	99	2000000	49723	NA
MAXED_1032_Day_A	22	Response	88	2019069	68792	1
MAXED_1032_Day_A	23	Picture	instructions_23	2019129	0	1	68561	1	0	next	false_alarm	151
MAXED_1032_Day_A	23	Pulse	99	2020000	871	NA
MAXED_1032_Day_A	23	Pulse	99	2040000	20871	NA
MAXED_1032_Day_A	23	Pulse	99	2060000	40871	NA
MAXED_1032_Day_A	23	Pulse	99	2080000	60871	NA
MAXED_1032_Day_A	23	Response	88	2087630	68501	1
MAXED_1032_Day_A	24	Picture	instructions_24	2087691	0	1	81699	1	0	next	false_alarm	157
MAXED_1032_Day_A	24	Pulse	99	2100000	12309	NA
MAXED_1032_Day_A	24	Pulse	99	2120000	32309	NA
MAXED_1032_Day_A	24	Pulse	99	2140000	52309	NA
MAXED_1032_Day_A	24	Pulse	99	2160000	72309	NA
MAXED_1032_Day_A	24	Response	88	2169330	81640	1
MAXED_1032_Day_A	25	Picture	instructions_25	2169390	0	1	31222	1	0	next	false_alarm	161
MAXED_1032_Day_A	25	Pulse	99	2180000	10610	NA
MAXED_1032_Day_A	25	Pulse	99	2200000	30610	NA
MAXED_1032_Day_A	25	Response	88	2200386	30996	1
MAXED_1032_Day_A	26	Picture	instructions_26	2200612	0	1	97044	1	0	next	false_alarm	167
MAXED_1032_Day_A	26	Pulse	99	2220000	19388	NA
MAXED_1032_Day_A	26	Pulse	99	2240000	39388	NA
MAXED_1032_Day_A	26	Pulse	99	2260000	59388	NA
MAXED_1032_Day_A	26	Pulse	99	2280000	79388	NA
MAXED_1032_Day_A	26	Response	88	2297429	96817	1
MAXED_1032_Day_A	27	Picture	instructions_27	2297655	0	1	43836	1	0	next	false_alarm	172
MAXED_1032_Day_A	27	Pulse	99	2300000	2345	NA
MAXED_1032_Day_A	27	Pulse	99	2320000	22345	NA
MAXED_1032_Day_A	27	Pulse	99	2340000	42345	NA
MAXED_1032_Day_A	27	Response	88	2341265	43610	1
MAXED_1032_Day_A	28	Picture	instructions_28	2341491	0	1	20276	1	0	next	false_alarm	175
MAXED_1032_Day_A	28	Pulse	99	2360000	18509	NA
MAXED_1032_Day_A	28	Response	88	2361548	20056	1
MAXED_1032_Day_A	29	Picture	instructions_29	2361767	0	1	87283	1	0	next	false_alarm	181
MAXED_1032_Day_A	29	Pulse	99	2380000	18233	NA
MAXED_1032_Day_A	29	Pulse	99	2400000	38233	NA
MAXED_1032_Day_A	29	Pulse	99	2420000	58233	NA
MAXED_1032_Day_A	29	Pulse	99	2440000	78233	NA
MAXED_1032_Day_A	29	Response	88	2448824	87057	1
MAXED_1032_Day_A	30	Picture	instructions_30	2449050	0	1	84225	1	0	next	false_alarm	187
MAXED_1032_Day_A	30	Pulse	99	2460000	10950	NA
MAXED_1032_Day_A	30	Pulse	99	2480000	30950	NA
MAXED_1032_Day_A	30	Pulse	99	2500000	50950	NA
MAXED_1032_Day_A	30	Pulse	99	2520000	70950	NA
MAXED_1032_Day_A	30	Response	88	2533047	83997	1
MAXED_1032_Day_A	31	Picture	instructions_31	2533275	0	1	57095	1	0	next	false_alarm	192
MAXED_1032_Day_A	31	Pulse	99	2540000	6725	NA
MAXED_1032_Day_A	31	Pulse	99	2560000	26725	NA
MAXED_1032_Day_A	31	Pulse	99	2580000	46725	NA
MAXED_1032_Day_A	31	Response	88	2590119	56844	1
MAXED_1032_Day_A	32	Picture	instructions_32	2590370	0	1	73266	1	0	next	false_alarm	198
MAXED_1032_Day_A	32	Pulse	99	2600000	9630	NA
MAXED_1032_Day_A	32	Pulse	99	2620000	29630	NA
MAXED_1032_Day_A	32	Pulse	99	2640000	49630	NA
MAXED_1032_Day_A	32	Pulse	99	2660000	69630	NA
MAXED_1032_Day_A	32	Response	88	2663409	73039	1
MAXED_1032_Day_A	33	Picture	instructions_33	2663636	0	1	57124	1	0	next	false_alarm	203
MAXED_1032_Day_A	33	Pulse	99	2680000	16364	NA
MAXED_1032_Day_A	33	Pulse	99	2700000	36364	NA
MAXED_1032_Day_A	33	Pulse	99	2720000	56364	NA
MAXED_1032_Day_A	33	Response	88	2720533	56897	1
MAXED_1032_Day_A	34	Picture	instructions_34	2720760	0	1	75259	1	0	next	false_alarm	208
MAXED_1032_Day_A	34	Pulse	99	2740000	19240	NA
MAXED_1032_Day_A	34	Pulse	99	2760000	39240	NA
MAXED_1032_Day_A	34	Pulse	99	2780000	59240	NA
MAXED_1032_Day_A	34	Response	88	2795792	75032	1
MAXED_1032_Day_A	35	Picture	instructions_35	2796019	0	1	94856	1	0	next	false_alarm	215
MAXED_1032_Day_A	35	Pulse	99	2800000	3981	NA
MAXED_1032_Day_A	35	Pulse	99	2820000	23981	NA
MAXED_1032_Day_A	35	Pulse	99	2840000	43981	NA
MAXED_1032_Day_A	35	Pulse	99	2860000	63981	NA
MAXED_1032_Day_A	35	Pulse	99	2880000	83981	NA
MAXED_1032_Day_A	35	Response	88	2890798	94779	1
MAXED_1032_Day_A	36	Picture	instructions_36	2890875	0	1	117584	1	0	next	false_alarm	223
MAXED_1032_Day_A	36	Pulse	99	2900000	9125	NA
MAXED_1032_Day_A	36	Pulse	99	2920000	29125	NA
MAXED_1032_Day_A	36	Pulse	99	2940000	49125	NA
MAXED_1032_Day_A	36	Pulse	99	2960000	69125	NA
MAXED_1032_Day_A	36	Pulse	99	2980000	89125	NA
MAXED_1032_Day_A	36	Pulse	99	3000000	109125	NA
MAXED_1032_Day_A	36	Response	88	3008399	117524	1
MAXED_1032_Day_A	37	Picture	instructions_37	3008459	0	1	43139	1	0	next	false_alarm	227
MAXED_1032_Day_A	37	Pulse	99	3020000	11541	NA
MAXED_1032_Day_A	37	Pulse	99	3040000	31541	NA
MAXED_1032_Day_A	37	Response	88	3051541	43082	1
MAXED_1032_Day_A	38	Picture	instructions_38	3051598	0	1	61772	1	0	next	false_alarm	232
MAXED_1032_Day_A	38	Pulse	99	3060000	8402	NA
MAXED_1032_Day_A	38	Pulse	99	3080000	28402	NA
MAXED_1032_Day_A	38	Pulse	99	3100000	48402	NA
MAXED_1032_Day_A	38	Response	88	3113312	61713	1
MAXED_1032_Day_A	39	Picture	instructions_39	3113370	0	1	74594	1	0	next	false_alarm	238
MAXED_1032_Day_A	39	Pulse	99	3120000	6630	NA
MAXED_1032_Day_A	39	Pulse	99	3140000	26630	NA
MAXED_1032_Day_A	39	Pulse	99	3160000	46630	NA
MAXED_1032_Day_A	39	Pulse	99	3180000	66630	NA
MAXED_1032_Day_A	39	Response	88	3187911	74541	1
MAXED_1032_Day_A	40	Picture	instructions_40	3187964	0	1	57102	1	0	next	false_alarm	243
MAXED_1032_Day_A	40	Pulse	99	3200000	12036	NA
MAXED_1032_Day_A	40	Pulse	99	3220000	32036	NA
MAXED_1032_Day_A	40	Pulse	99	3240000	52036	NA
MAXED_1032_Day_A	40	Response	88	3245007	57044	1
MAXED_1032_Day_A	41	Picture	instructions_41	3245066	0	1	33662	1	0	next	false_alarm	246
MAXED_1032_Day_A	41	Pulse	99	3260000	14934	NA
MAXED_1032_Day_A	41	Response	88	3278669	33604	1
MAXED_1032_Day_A	42	Picture	instructions_42	3278727	0	1	45831	1	0	next	false_alarm	251
MAXED_1032_Day_A	42	Pulse	99	3280000	1273	NA
MAXED_1032_Day_A	42	Pulse	99	3300000	21273	NA
MAXED_1032_Day_A	42	Pulse	99	3320000	41273	NA
MAXED_1032_Day_A	42	Response	88	3324500	45773	1
MAXED_1032_Day_A	43	Picture	instructions_43	3324558	0	1	55591	1	0	next	false_alarm	256
MAXED_1032_Day_A	43	Pulse	99	3340000	15442	NA
MAXED_1032_Day_A	43	Pulse	99	3360000	35442	NA
MAXED_1032_Day_A	43	Pulse	99	3380000	55442	NA
MAXED_1032_Day_A	43	Response	88	3380091	55533	1
MAXED_1032_Day_A	44	Picture	instructions_44	3380149	0	1	84465	1	0	next	false_alarm	262
MAXED_1032_Day_A	44	Pulse	99	3400000	19851	NA
MAXED_1032_Day_A	44	Pulse	99	3420000	39851	NA
MAXED_1032_Day_A	44	Pulse	99	3440000	59851	NA
MAXED_1032_Day_A	44	Pulse	99	3460000	79851	NA
MAXED_1032_Day_A	44	Response	88	3464557	84408	1
MAXED_1032_Day_A	45	Picture	instructions_45	3464614	0	1	63536	1	0	next	false_alarm	267
MAXED_1032_Day_A	45	Pulse	99	3480000	15386	NA
MAXED_1032_Day_A	45	Pulse	99	3500000	35386	NA
MAXED_1032_Day_A	45	Pulse	99	3520000	55386	NA
MAXED_1032_Day_A	45	Response	88	3528092	63478	1
MAXED_1032_Day_A	46	Picture	instructions_46	3528150	0	1	34260	1	0	next	false_alarm	271
MAXED_1032_Day_A	46	Pulse	99	3540000	11850	NA
MAXED_1032_Day_A	46	Pulse	99	3560000	31850	NA
MAXED_1032_Day_A	46	Response	88	3562356	34206	1
MAXED_1032_Day_A	47	Picture	fixation	3562410	0	1	5165	1	0	next	other	0
MAXED_1032_Day_A	48	Picture	stage1	3567575	0	1	20660	1	0	next	false_alarm	275
MAXED_1032_Day_A	48	Pulse	99	3580000	12425	NA
MAXED_1032_Day_A	48	Response	1	3588056	20481	1
MAXED_1032_Day_A	49	Picture	stage1_box	3588235	0	1	7664	1	0	next	other	0
MAXED_1032_Day_A	50	Picture	stage1_outcome	3595899	0	1	167	1	0	next	other	0
MAXED_1032_Day_A	51	Picture	stage2A	3596065	0	1	17161	1	0	next	false_alarm	280
MAXED_1032_Day_A	51	Pulse	99	3600000	3935	NA
MAXED_1032_Day_A	51	Response	1	3613145	17079	1
MAXED_1032_Day_A	52	Picture	stage2_box	3613226	0	1	7664	1	0	next	other	0
MAXED_1032_Day_A	52	Pulse	99	3620000	6774	NA
MAXED_1032_Day_A	53	Picture	stage2_up	3620890	0	1	7664	1	0	next	other	0
MAXED_1032_Day_A	54	Picture	stage2_win	3628554	0	1	10163	1	0	next	other	0
MAXED_1032_Day_A	55	Picture	stage1	3638718	0	1	11163	1	0	next	false_alarm	287
MAXED_1032_Day_A	55	Pulse	99	3640000	1282	NA
MAXED_1032_Day_A	55	Response	2	3649836	11119	1
MAXED_1032_Day_A	56	Picture	stage1_box	3649881	0	1	7550	1	0	next	other	0
MAXED_1032_Day_A	57	Picture	stage1_outcome	3657431	0	1	167	1	0	next	other	0
MAXED_1032_Day_A	58	Picture	stage2A	3657598	0	1	11406	1	0	next	false_alarm	292
MAXED_1032_Day_A	58	Pulse	99	3660000	2402	NA
MAXED_1032_Day_A	58	Response	2	3668950	11353	1
MAXED_1032_Day_A	59	Picture	stage2_box	3669003	0	1	7550	1	0	next	other	0
MAXED_1032_Day_A	60	Picture	stage2_up	3676554	0	1	7550	1	0	next	other	0
MAXED_1032_Day_A	60	Pulse	99	3680000	3446	NA
MAXED_1032_Day_A	61	Picture	stage2_win	3684104	0	1	10053	1	0	next	other	0
MAXED_1032_Day_A	62	Picture	stage1	3694157	0	1	6436	1	0	next	false_alarm	299
MAXED_1032_Day_A	62	Pulse	99	3700000	5843	NA
MAXED_1032_Day_A	62	Response	1	3700542	6385	1
MAXED_1032_Day_A	63	Picture	stage1_box	3700592	0	1	7550	1	0	next	other	0
MAXED_1032_Day_A	64	Picture	stage1_outcome	3708142	0	1	167	1	0	next	other	0
MAXED_1032_Day_A	65	Picture	stage2B	3708309	0	1	16690	1	0	next	false_alarm	304
MAXED_1032_Day_A	65	Pulse	99	3720000	11691	NA
MAXED_1032_Day_A	65	Response	2	3724943	16634	1
MAXED_1032_Day_A	66	Picture	stage2_box	3724999	0	1	7664	1	0	next	other	0
MAXED_1032_Day_A	67	Picture	stage2_up	3732663	0	1	7664	1	0	next	other	0
MAXED_1032_Day_A	67	Pulse	99	3740000	7337	NA
MAXED_1032_Day_A	68	Picture	stage2_lose	3740327	0	1	10050	1	0	next	other	0
MAXED_1032_Day_A	69	Picture	stage1	3750377	0	1	8246	1	0	next	false_alarm	310
MAXED_1032_Day_A	69	Response	2	3758504	8127	1
MAXED_1032_Day_A	70	Picture	stage1_box	3758624	0	1	7550	1	0	next	other	0
MAXED_1032_Day_A	70	Pulse	99	3760000	1376	NA
MAXED_1032_Day_A	71	Picture	stage1_outcome	3766174	0	1	167	1	0	next	other	0
MAXED_1032_Day_A	72	Picture	stage2B	3766340	0	1	8685	1	0	next	false_alarm	315
MAXED_1032_Day_A	72	Response	1	3774969	8629	1
MAXED_1032_Day_A	73	Picture	stage2_box	3775025	0	1	7664	1	0	next	other	0
MAXED_1032_Day_A	73	Pulse	99	3780000	4975	NA
MAXED_1032_Day_A	74	Picture	stage2_up	3782689	0	1	7664	1	0	next	other	0
MAXED_1032_Day_A	75	Picture	stage2_win	3790353	0	1	10163	1	0	next	other	0
MAXED_1032_Day_A	75	Pulse	99	3800000	9647	NA
MAXED_1032_Day_A	76	Picture	stage1	3800516	0	1	8664	1	0	next	false_alarm	322
MAXED_1032_Day_A	76	Response	1	3809064	8547	1
MAXED_1032_Day_A	77	Picture	stage1_box	3809180	0	1	7552	1	0	next	other	0
MAXED_1032_Day_A	78	Picture	stage1_outcome	3816732	0	1	167	1	0	next	other	0
MAXED_1032_Day_A	79	Picture	stage2A	3816898	0	1	17323	1	0	next	false_alarm	327
MAXED_1032_Day_A	79	Pulse	99	3820000	3102	NA
MAXED_1032_Day_A	79	Response	2	3834101	17203	1
MAXED_1032_Day_A	80	Picture	stage2_box	3834222	0	1	7562	1	0	next	other	0
MAXED_1032_Day_A	80	Pulse	99	3840000	5779	NA
MAXED_1032_Day_A	81	Picture	stage2_up	3841783	0	1	7550	1	0	next	other	0
MAXED_1032_Day_A	82	Picture	stage2_lose	3849333	0	1	10050	1	0	next	other	0
MAXED_1032_Day_A	83	Picture	stage1	3859383	0	1	6337	1	0	next	false_alarm	334
MAXED_1032_Day_A	83	Pulse	99	3860000	617	NA
MAXED_1032_Day_A	83	Response	2	3865669	6285	1
MAXED_1032_Day_A	84	Picture	stage1_box	3865720	0	1	7550	1	0	next	other	0
MAXED_1032_Day_A	85	Picture	stage1_outcome	3873270	0	1	167	1	0	next	other	0
MAXED_1032_Day_A	86	Picture	stage2A	3873437	0	1	12858	1	0	next	false_alarm	339
MAXED_1032_Day_A	86	Pulse	99	3880000	6563	NA
MAXED_1032_Day_A	86	Response	1	3886245	12808	1
MAXED_1032_Day_A	87	Picture	stage2_box	3886295	0	1	7550	1	0	next	other	0
MAXED_1032_Day_A	88	Picture	stage2_up	3893845	0	1	7551	1	0	next	other	0
MAXED_1032_Day_A	88	Pulse	99	3900000	6155	NA
MAXED_1032_Day_A	89	Picture	stage2_lose	3901396	0	1	10051	1	0	next	other	0
MAXED_1032_Day_A	90	Picture	stage1	3911447	0	1	7439	1	0	next	false_alarm	345
MAXED_1032_Day_A	90	Response	1	3918836	7389	1
MAXED_1032_Day_A	91	Picture	stage1_box	3918886	0	1	7552	1	0	next	other	0
MAXED_1032_Day_A	91	Pulse	99	3920000	1114	NA
MAXED_1032_Day_A	92	Picture	stage1_outcome	3926438	0	1	167	1	0	next	other	0
MAXED_1032_Day_A	93	Picture	stage2A	3926604	0	1	20267	1	0	next	false_alarm	351
MAXED_1032_Day_A	93	Pulse	99	3940000	13396	NA
MAXED_1032_Day_A	93	Response	2	3946821	20217	1
MAXED_1032_Day_A	94	Picture	stage2_box	3946871	0	1	7549	1	0	next	other	0
MAXED_1032_Day_A	95	Picture	stage2_up	3954421	0	1	7549	1	0	next	other	0
MAXED_1032_Day_A	95	Pulse	99	3960000	5579	NA
MAXED_1032_Day_A	96	Picture	stage2_lose	3961970	0	1	10050	1	0	next	other	0
MAXED_1032_Day_A	97	Picture	stage1	3972020	0	1	13042	1	0	next	false_alarm	358
MAXED_1032_Day_A	97	Pulse	99	3980000	7980	NA
MAXED_1032_Day_A	97	Response	2	3985012	12992	1
MAXED_1032_Day_A	98	Picture	stage1_box	3985062	0	1	7551	1	0	next	other	0
MAXED_1032_Day_A	99	Picture	stage1_outcome	3992613	0	1	167	1	0	next	other	0
MAXED_1032_Day_A	100	Picture	stage2A	3992780	0	1	14055	1	0	next	false_alarm	363
MAXED_1032_Day_A	100	Pulse	99	4000000	7220	NA
MAXED_1032_Day_A	100	Response	2	4006784	14004	1
MAXED_1032_Day_A	101	Picture	stage2_box	4006835	0	1	7562	1	0	next	other	0
MAXED_1032_Day_A	102	Picture	stage2_up	4014397	0	1	7551	1	0	next	other	0
MAXED_1032_Day_A	102	Pulse	99	4020000	5603	NA
MAXED_1032_Day_A	103	Picture	stage2_win	4021948	0	1	10051	1	0	next	other	0
MAXED_1032_Day_A	104	Picture	stage1	4031999	0	1	3128	1	0	next	false_alarm	369
MAXED_1032_Day_A	104	Response	1	4035077	3078	1
MAXED_1032_Day_A	105	Picture	stage1_box	4035127	0	1	7550	1	0	next	other	0
MAXED_1032_Day_A	105	Pulse	99	4040000	4873	NA
MAXED_1032_Day_A	106	Picture	stage1_outcome	4042677	0	1	167	1	0	next	other	0
MAXED_1032_Day_A	107	Picture	stage2B	4042843	0	1	12939	1	0	next	false_alarm	374
MAXED_1032_Day_A	107	Response	1	4055720	12877	1
MAXED_1032_Day_A	108	Picture	stage2_box	4055783	0	1	7664	1	0	next	other	0
MAXED_1032_Day_A	108	Pulse	99	4060000	4217	NA
MAXED_1032_Day_A	109	Picture	stage2_up	4063447	0	1	7664	1	0	next	other	0
MAXED_1032_Day_A	110	Picture	stage2_win	4071111	0	1	10163	1	0	next	other	0
MAXED_1032_Day_A	110	Pulse	99	4080000	8889	NA
MAXED_1032_Day_A	111	Picture	stage1	4081274	0	1	2832	1	0	next	false_alarm	381
MAXED_1032_Day_A	111	Response	1	4084056	2782	1
MAXED_1032_Day_A	112	Picture	stage1_box	4084106	0	1	7664	1	0	next	other	0
MAXED_1032_Day_A	113	Picture	stage1_outcome	4091770	0	1	167	1	0	next	other	0
MAXED_1032_Day_A	114	Picture	stage2B	4091937	0	1	8669	1	0	next	false_alarm	386
MAXED_1032_Day_A	114	Pulse	99	4100000	8063	NA
MAXED_1032_Day_A	114	Response	1	4100509	8572	1
MAXED_1032_Day_A	115	Picture	stage2_box	4100606	0	1	7550	1	0	next	other	0
MAXED_1032_Day_A	116	Picture	stage2_up	4108156	0	1	7550	1	0	next	other	0
MAXED_1032_Day_A	117	Picture	stage2_win	4115705	0	1	10163	1	0	next	other	0
MAXED_1032_Day_A	117	Pulse	99	4120000	4295	NA
MAXED_1032_Day_A	118	Picture	stage1	4125869	0	1	3166	1	0	next	false_alarm	392
MAXED_1032_Day_A	118	Response	1	4128920	3051	1
MAXED_1032_Day_A	119	Picture	stage1_box	4129034	0	1	7664	1	0	next	other	0
MAXED_1032_Day_A	120	Picture	stage1_outcome	4136698	0	1	167	1	0	next	other	0
MAXED_1032_Day_A	121	Picture	stage2A	4136865	0	1	24942	1	0	next	false_alarm	398
MAXED_1032_Day_A	121	Pulse	99	4140000	3135	NA
MAXED_1032_Day_A	121	Pulse	99	4160000	23135	NA
MAXED_1032_Day_A	121	Response	2	4161756	24891	1
MAXED_1032_Day_A	122	Picture	stage2_box	4161807	0	1	7550	1	0	next	other	0
MAXED_1032_Day_A	123	Picture	stage2_up	4169357	0	1	7550	1	0	next	other	0
MAXED_1032_Day_A	124	Picture	stage2_win	4176907	0	1	10050	1	0	next	other	0
MAXED_1032_Day_A	124	Pulse	99	4180000	3093	NA
MAXED_1032_Day_A	125	Picture	stage1	4186957	0	1	3414	1	0	next	false_alarm	404
MAXED_1032_Day_A	125	Response	2	4190322	3365	1
MAXED_1032_Day_A	126	Picture	stage1_box	4190371	0	1	7549	1	0	next	other	0
MAXED_1032_Day_A	127	Picture	stage1_outcome	4197920	0	1	167	1	0	next	other	0
MAXED_1032_Day_A	128	Picture	stage2B	4198087	0	1	7423	1	0	next	false_alarm	409
MAXED_1032_Day_A	128	Pulse	99	4200000	1913	NA
MAXED_1032_Day_A	128	Response	1	4205364	7277	1
MAXED_1032_Day_A	129	Picture	stage2_box	4205510	0	1	7562	1	0	next	other	0
MAXED_1032_Day_A	130	Picture	stage2_up	4213072	0	1	7550	1	0	next	other	0
MAXED_1032_Day_A	130	Pulse	99	4220000	6928	NA
MAXED_1032_Day_A	131	Picture	stage2_win	4220622	0	1	10163	1	0	next	other	0
MAXED_1032_Day_A	132	Picture	stage1	4230785	0	1	5498	1	0	next	false_alarm	415
MAXED_1032_Day_A	132	Response	2	4236101	5316	1
MAXED_1032_Day_A	133	Picture	stage1_box	4236283	0	1	7550	1	0	next	other	0
MAXED_1032_Day_A	133	Pulse	99	4240000	3717	NA
MAXED_1032_Day_A	134	Picture	stage1_outcome	4243833	0	1	167	1	0	next	other	0
MAXED_1032_Day_A	135	Picture	stage2B	4244000	0	1	11452	1	0	next	false_alarm	420
MAXED_1032_Day_A	135	Response	1	4255402	11402	1
MAXED_1032_Day_A	136	Picture	stage2_box	4255452	0	1	7664	1	0	next	other	0
MAXED_1032_Day_A	136	Pulse	99	4260000	4548	NA
MAXED_1032_Day_A	137	Picture	stage2_up	4263116	0	1	7664	1	0	next	other	0
MAXED_1032_Day_A	138	Picture	stage2_win	4270780	0	1	10163	1	0	next	other	0
MAXED_1032_Day_A	138	Pulse	99	4280000	9220	NA
MAXED_1032_Day_A	139	Picture	stage1	4280943	0	1	3166	1	0	next	false_alarm	427
MAXED_1032_Day_A	139	Response	1	4283990	3047	1
MAXED_1032_Day_A	140	Picture	stage1_box	4284108	0	1	7664	1	0	next	other	0
MAXED_1032_Day_A	141	Picture	stage1_outcome	4291773	0	1	167	1	0	next	other	0
MAXED_1032_Day_A	142	Picture	stage2A	4291939	0	1	14445	1	0	next	false_alarm	432
MAXED_1032_Day_A	142	Pulse	99	4300000	8061	NA
MAXED_1032_Day_A	142	Response	2	4306334	14395	1
MAXED_1032_Day_A	143	Picture	stage2_box	4306385	0	1	7676	1	0	next	other	0
MAXED_1032_Day_A	144	Picture	stage2_up	4314060	0	1	7549	1	0	next	other	0
MAXED_1032_Day_A	144	Pulse	99	4320000	5940	NA
MAXED_1032_Day_A	145	Picture	stage2_win	4321610	0	1	10051	1	0	next	other	0
MAXED_1032_Day_A	146	Picture	stage1	4331660	0	1	3769	1	0	next	false_alarm	438
MAXED_1032_Day_A	146	Response	2	4335379	3719	1
MAXED_1032_Day_A	147	Picture	stage1_box	4335429	0	1	7550	1	0	next	other	0
MAXED_1032_Day_A	147	Pulse	99	4340000	4571	NA
MAXED_1032_Day_A	148	Picture	stage1_outcome	4342979	0	1	167	1	0	next	other	0
MAXED_1032_Day_A	149	Picture	stage2B	4343145	0	1	7350	1	0	next	false_alarm	443
MAXED_1032_Day_A	149	Response	1	4350445	7300	1
MAXED_1032_Day_A	150	Picture	stage2_box	4350495	0	1	7664	1	0	next	other	0
MAXED_1032_Day_A	151	Picture	stage2_up	4358159	0	1	7664	1	0	next	other	0
MAXED_1032_Day_A	151	Pulse	99	4360000	1841	NA
MAXED_1032_Day_A	152	Picture	stage2_lose	4365823	0	1	10050	1	0	next	other	0
MAXED_1032_Day_A	153	Picture	stage1	4375873	0	1	3860	1	0	next	false_alarm	449
MAXED_1032_Day_A	153	Response	1	4379684	3811	1
MAXED_1032_Day_A	154	Picture	stage1_box	4379733	0	1	7550	1	0	next	other	0
MAXED_1032_Day_A	154	Pulse	99	4380000	267	NA
MAXED_1032_Day_A	155	Picture	stage1_outcome	4387283	0	1	167	1	0	next	other	0
MAXED_1032_Day_A	156	Picture	stage2A	4387449	0	1	13408	1	0	next	false_alarm	455
MAXED_1032_Day_A	156	Pulse	99	4400000	12551	NA
MAXED_1032_Day_A	156	Response	2	4400808	13359	1
MAXED_1032_Day_A	157	Picture	stage2_box	4400858	0	1	7550	1	0	next	other	0
MAXED_1032_Day_A	158	Picture	stage2_up	4408407	0	1	7526	1	0	next	other	0
MAXED_1032_Day_A	159	Picture	stage2_win	4415933	0	1	10050	1	0	next	other	0
MAXED_1032_Day_A	159	Pulse	99	4420000	4067	NA
MAXED_1032_Day_A	160	Picture	stage1	4425983	0	1	3597	1	0	next	false_alarm	461
MAXED_1032_Day_A	160	Response	2	4429510	3527	1
MAXED_1032_Day_A	161	Picture	stage1_box	4429580	0	1	7550	1	0	next	other	0
MAXED_1032_Day_A	162	Picture	stage1_outcome	4437130	0	1	167	1	0	next	other	0
MAXED_1032_Day_A	163	Picture	stage2A	4437296	0	1	7464	1	0	next	false_alarm	466
MAXED_1032_Day_A	163	Pulse	99	4440000	2704	NA
MAXED_1032_Day_A	163	Response	2	4444721	7425	1
MAXED_1032_Day_A	164	Picture	stage2_box	4444761	0	1	7550	1	0	next	other	0
MAXED_1032_Day_A	165	Picture	stage2_up	4452310	0	1	7550	1	0	next	other	0
MAXED_1032_Day_A	166	Picture	stage2_win	4459860	0	1	10050	1	0	next	other	0
MAXED_1032_Day_A	166	Pulse	99	4460000	140	NA
MAXED_1032_Day_A	167	Picture	stage1	4469910	0	1	2262	1	0	next	false_alarm	472
MAXED_1032_Day_A	167	Response	1	4472122	2212	1
MAXED_1032_Day_A	168	Picture	stage1_box	4472171	0	1	7550	1	0	next	other	0
MAXED_1032_Day_A	169	Picture	stage1_outcome	4479721	0	1	167	1	0	next	other	0
MAXED_1032_Day_A	170	Picture	stage2A	4479887	0	1	8150	1	0	next	false_alarm	477
MAXED_1032_Day_A	170	Pulse	99	4480000	113	NA
MAXED_1032_Day_A	170	Response	2	4487987	8100	1
MAXED_1032_Day_A	171	Picture	stage2_box	4488037	0	1	7550	1	0	next	other	0
MAXED_1032_Day_A	172	Picture	stage2_up	4495587	0	1	7550	1	0	next	other	0
MAXED_1032_Day_A	172	Pulse	99	4500000	4413	NA
MAXED_1032_Day_A	173	Picture	stage2_win	4503136	0	1	10050	1	0	next	other	0
MAXED_1032_Day_A	174	Picture	stage1	4513186	0	1	4201	1	0	next	false_alarm	483
MAXED_1032_Day_A	174	Response	1	4517338	4152	1
MAXED_1032_Day_A	175	Picture	stage1_box	4517388	0	1	7549	1	0	next	other	0
MAXED_1032_Day_A	175	Pulse	99	4520000	2612	NA
MAXED_1032_Day_A	176	Picture	stage1_outcome	4524937	0	1	167	1	0	next	other	0
MAXED_1032_Day_A	177	Picture	stage2A	4525104	0	1	4164	1	0	next	false_alarm	488
MAXED_1032_Day_A	177	Response	2	4529219	4115	1
MAXED_1032_Day_A	178	Picture	stage2_box	4529268	0	1	7549	1	0	next	other	0
MAXED_1032_Day_A	179	Picture	stage2_up	4536817	0	1	7550	1	0	next	other	0
MAXED_1032_Day_A	179	Pulse	99	4540000	3183	NA
MAXED_1032_Day_A	180	Picture	stage2_lose	4544367	0	1	10050	1	0	next	other	0
MAXED_1032_Day_A	181	Picture	stage1	4554417	0	1	1773	1	0	next	false_alarm	494
MAXED_1032_Day_A	181	Response	2	4556141	1724	1
MAXED_1032_Day_A	182	Picture	stage1_box	4556190	0	1	7549	1	0	next	other	0
MAXED_1032_Day_A	182	Pulse	99	4560000	3810	NA
MAXED_1032_Day_A	183	Picture	stage1_outcome	4563739	0	1	167	1	0	next	other	0
MAXED_1032_Day_A	184	Picture	stage2B	4563906	0	1	8662	1	0	next	false_alarm	499
MAXED_1032_Day_A	184	Response	1	4572518	8612	1
MAXED_1032_Day_A	185	Picture	stage2_box	4572568	0	1	7664	1	0	next	other	0
MAXED_1032_Day_A	185	Pulse	99	4580000	7432	NA
MAXED_1032_Day_A	186	Picture	stage2_up	4580232	0	1	7664	1	0	next	other	0
MAXED_1032_Day_A	187	Picture	stage2_lose	4587896	0	1	10051	1	0	next	other	0
MAXED_1032_Day_A	188	Picture	stage1	4597947	0	1	1735	1	0	next	false_alarm	505
MAXED_1032_Day_A	188	Response	1	4599633	1686	1
MAXED_1032_Day_A	189	Picture	stage1_box	4599682	0	1	7550	1	0	next	other	0
MAXED_1032_Day_A	189	Pulse	99	4600000	318	NA
MAXED_1032_Day_A	190	Picture	stage1_outcome	4607233	0	1	167	1	0	next	other	0
MAXED_1032_Day_A	191	Picture	stage2B	4607399	0	1	9341	1	0	next	false_alarm	510
MAXED_1032_Day_A	191	Response	2	4616690	9291	1
MAXED_1032_Day_A	192	Picture	stage2_box	4616740	0	1	7664	1	0	next	other	0
MAXED_1032_Day_A	192	Pulse	99	4620000	3260	NA
MAXED_1032_Day_A	193	Picture	stage2_up	4624404	0	1	7664	1	0	next	other	0
MAXED_1032_Day_A	194	Picture	stage2_lose	4632068	0	1	10051	1	0	next	other	0
MAXED_1032_Day_A	194	Pulse	99	4640000	7932	NA
MAXED_1032_Day_A	195	Picture	stage1	4642119	0	1	3137	1	0	next	false_alarm	517
MAXED_1032_Day_A	195	Response	2	4645206	3087	1
MAXED_1032_Day_A	196	Picture	stage1_box	4645256	0	1	7551	1	0	next	other	0
MAXED_1032_Day_A	197	Picture	stage1_outcome	4652806	0	1	167	1	0	next	other	0
MAXED_1032_Day_A	198	Picture	stage2B	4652973	0	1	8519	1	0	next	false_alarm	522
MAXED_1032_Day_A	198	Pulse	99	4660000	7027	NA
MAXED_1032_Day_A	198	Response	1	4661441	8468	1
MAXED_1032_Day_A	199	Picture	stage2_box	4661492	0	1	7664	1	0	next	other	0
MAXED_1032_Day_A	200	Picture	stage2_up	4669156	0	1	7664	1	0	next	other	0
MAXED_1032_Day_A	201	Picture	stage2_win	4676820	0	1	10163	1	0	next	other	0
MAXED_1032_Day_A	201	Pulse	99	4680000	3180	NA
MAXED_1032_Day_A	202	Picture	stage1	4686983	0	1	2166	1	0	next	false_alarm	528
MAXED_1032_Day_A	202	Response	1	4689042	2059	1
MAXED_1032_Day_A	203	Picture	stage1_box	4689149	0	1	7664	1	0	next	other	0
MAXED_1032_Day_A	204	Picture	stage1_outcome	4696813	0	1	167	1	0	next	other	0
MAXED_1032_Day_A	205	Picture	stage2B	4696980	0	1	8726	1	0	next	false_alarm	533
MAXED_1032_Day_A	205	Pulse	99	4700000	3020	NA
MAXED_1032_Day_A	205	Response	1	4705656	8676	1
MAXED_1032_Day_A	206	Picture	stage2_box	4705706	0	1	7664	1	0	next	other	0
MAXED_1032_Day_A	207	Picture	stage2_up	4713370	0	1	7664	1	0	next	other	0
MAXED_1032_Day_A	207	Pulse	99	4720000	6630	NA
MAXED_1032_Day_A	208	Picture	stage2_lose	4721034	0	1	10051	1	0	next	other	0
MAXED_1032_Day_A	209	Picture	stage1	4731085	0	1	2308	1	0	next	false_alarm	539
MAXED_1032_Day_A	209	Response	2	4733343	2258	1
MAXED_1032_Day_A	210	Picture	stage1_box	4733393	0	1	7550	1	0	next	other	0
MAXED_1032_Day_A	210	Pulse	99	4740000	6607	NA
MAXED_1032_Day_A	211	Picture	stage1_outcome	4740943	0	1	167	1	0	next	other	0
MAXED_1032_Day_A	212	Picture	stage2B	4741109	0	1	19709	1	0	next	false_alarm	545
MAXED_1032_Day_A	212	Pulse	99	4760000	18891	NA
MAXED_1032_Day_A	212	Response	2	4760768	19659	1
MAXED_1032_Day_A	213	Picture	stage2_box	4760818	0	1	7664	1	0	next	other	0
MAXED_1032_Day_A	214	Picture	stage2_up	4768482	0	1	7664	1	0	next	other	0
MAXED_1032_Day_A	215	Picture	stage2_win	4776146	0	1	10163	1	0	next	other	0
MAXED_1032_Day_A	215	Pulse	99	4780000	3854	NA
MAXED_1032_Day_A	216	Picture	stage1	4786309	0	1	3332	1	0	next	false_alarm	551
MAXED_1032_Day_A	216	Response	2	4789533	3224	1
MAXED_1032_Day_A	217	Picture	stage1_box	4789642	0	1	7664	1	0	next	other	0
MAXED_1032_Day_A	218	Picture	stage1_outcome	4797306	0	1	167	1	0	next	other	0
MAXED_1032_Day_A	219	Picture	stage2B	4797472	0	1	4343	1	0	next	false_alarm	556
MAXED_1032_Day_A	219	Pulse	99	4800000	2528	NA
MAXED_1032_Day_A	219	Response	2	4801766	4294	1
MAXED_1032_Day_A	220	Picture	stage2_box	4801816	0	1	7664	1	0	next	other	0
MAXED_1032_Day_A	221	Picture	stage2_up	4809480	0	1	7664	1	0	next	other	0
MAXED_1032_Day_A	222	Picture	stage2_win	4817144	0	1	10163	1	0	next	other	0
MAXED_1032_Day_A	222	Pulse	99	4820000	2856	NA
MAXED_1032_Day_A	223	Response	2	4828652	1345	1
MAXED_1032_Day_A	223	Pulse	99	4840000	12693	NA
MAXED_1032_Day_A	223	Pulse	99	4860000	32693	NA
MAXED_1032_Day_A	223	Pulse	99	4880000	52693	NA
MAXED_1032_Day_A	223	Pulse	99	4900000	72693	NA
MAXED_1032_Day_A	223	Pulse	99	4920000	92693	NA
MAXED_1032_Day_A	223	Pulse	99	4940000	112693	NA
MAXED_1032_Day_A	223	Response	88	4942226	114919	1
