Scenario - 
Logfile written - 06/27/2022 17:41:13

Subject	Trial	Event Type	Code	Time	TTime	Uncertainty	Duration	Uncertainty	ReqTime	ReqDur	Stim Type	Pair Index

MAXED_1027	0	Pulse	99	0	0	NA
MAXED_1027	1	Picture	instructions_1	500	0	1	129275	1	0	next	false_alarm	9
MAXED_1027	1	Pulse	99	20000	19500	NA
MAXED_1027	1	Pulse	99	40000	39500	NA
MAXED_1027	1	Pulse	99	60000	59500	NA
MAXED_1027	1	Pulse	99	80000	79500	NA
MAXED_1027	1	Pulse	99	100000	99500	NA
MAXED_1027	1	Pulse	99	120000	119500	NA
MAXED_1027	1	Response	88	129646	129146	1
MAXED_1027	2	Picture	instructions_2	129775	0	1	41044	1	0	next	false_alarm	13
MAXED_1027	2	Pulse	99	140000	10225	NA
MAXED_1027	2	Pulse	99	160000	30225	NA
MAXED_1027	2	Response	88	170758	40983	1
MAXED_1027	3	Picture	instructions_3	170819	0	1	45604	1	0	next	false_alarm	17
MAXED_1027	3	Pulse	99	180000	9181	NA
MAXED_1027	3	Pulse	99	200000	29181	NA
MAXED_1027	3	Response	88	216268	45449	1
MAXED_1027	4	Picture	instructions_4	216423	0	1	73188	1	0	next	false_alarm	23
MAXED_1027	4	Pulse	99	220000	3577	NA
MAXED_1027	4	Pulse	99	240000	23577	NA
MAXED_1027	4	Pulse	99	260000	43577	NA
MAXED_1027	4	Pulse	99	280000	63577	NA
MAXED_1027	4	Response	88	289548	73126	1
MAXED_1027	5	Picture	instructions_5	289610	0	1	72676	1	0	next	false_alarm	29
MAXED_1027	5	Pulse	99	300000	10390	NA
MAXED_1027	5	Pulse	99	320000	30390	NA
MAXED_1027	5	Pulse	99	340000	50390	NA
MAXED_1027	5	Pulse	99	360000	70390	NA
MAXED_1027	5	Response	88	362225	72615	1
MAXED_1027	6	Picture	instructions_6	362286	0	1	27207	1	0	next	false_alarm	32
MAXED_1027	6	Pulse	99	380000	17714	NA
MAXED_1027	6	Response	88	389432	27147	1
MAXED_1027	7	Picture	instructions_7	389493	0	1	88999	1	0	next	false_alarm	38
MAXED_1027	7	Pulse	99	400000	10507	NA
MAXED_1027	7	Pulse	99	420000	30507	NA
MAXED_1027	7	Pulse	99	440000	50507	NA
MAXED_1027	7	Pulse	99	460000	70507	NA
MAXED_1027	7	Response	88	478262	88769	1
MAXED_1027	8	Picture	instructions_8	478492	0	1	86424	1	0	next	false_alarm	45
MAXED_1027	8	Pulse	99	480000	1508	NA
MAXED_1027	8	Pulse	99	500000	21508	NA
MAXED_1027	8	Pulse	99	520000	41508	NA
MAXED_1027	8	Pulse	99	540000	61508	NA
MAXED_1027	8	Pulse	99	560000	81508	NA
MAXED_1027	8	Response	88	564856	86364	1
MAXED_1027	9	Picture	instructions_9	564917	0	1	43752	1	0	next	false_alarm	49
MAXED_1027	9	Pulse	99	580000	15083	NA
MAXED_1027	9	Pulse	99	600000	35083	NA
MAXED_1027	9	Response	88	608607	43690	1
MAXED_1027	10	Picture	instructions_10	608669	0	1	97955	1	0	next	false_alarm	56
MAXED_1027	10	Pulse	99	620000	11331	NA
MAXED_1027	10	Pulse	99	640000	31331	NA
MAXED_1027	10	Pulse	99	660000	51331	NA
MAXED_1027	10	Pulse	99	680000	71331	NA
MAXED_1027	10	Pulse	99	700000	91331	NA
MAXED_1027	10	Response	88	706397	97728	1
MAXED_1027	11	Picture	instructions_11	706624	0	1	101466	1	0	next	false_alarm	63
MAXED_1027	11	Pulse	99	720000	13376	NA
MAXED_1027	11	Pulse	99	740000	33376	NA
MAXED_1027	11	Pulse	99	760000	53376	NA
MAXED_1027	11	Pulse	99	780000	73376	NA
MAXED_1027	11	Pulse	99	800000	93376	NA
MAXED_1027	11	Response	88	808012	101388	1
MAXED_1027	12	Picture	instructions_12	808090	0	1	72598	1	0	next	false_alarm	69
MAXED_1027	12	Pulse	99	820000	11910	NA
MAXED_1027	12	Pulse	99	840000	31910	NA
MAXED_1027	12	Pulse	99	860000	51910	NA
MAXED_1027	12	Pulse	99	880000	71910	NA
MAXED_1027	12	Response	88	880628	72538	1
MAXED_1027	13	Picture	instructions_13	880688	0	1	76209	1	0	next	false_alarm	74
MAXED_1027	13	Pulse	99	900000	19312	NA
MAXED_1027	13	Pulse	99	920000	39312	NA
MAXED_1027	13	Pulse	99	940000	59312	NA
MAXED_1027	13	Response	88	956670	75982	1
MAXED_1027	14	Picture	instructions_14	956898	0	1	29237	1	0	next	false_alarm	78
MAXED_1027	14	Pulse	99	960000	3102	NA
MAXED_1027	14	Pulse	99	980000	23102	NA
MAXED_1027	14	Response	88	985940	29042	1
MAXED_1027	15	Picture	instructions_15	986134	0	1	78683	1	0	next	false_alarm	84
MAXED_1027	15	Pulse	99	1000000	13866	NA
MAXED_1027	15	Pulse	99	1020000	33866	NA
MAXED_1027	15	Pulse	99	1040000	53866	NA
MAXED_1027	15	Pulse	99	1060000	73866	NA
MAXED_1027	15	Response	88	1064755	78620	1
MAXED_1027	16	Picture	instructions_16	1064817	0	1	33411	1	0	next	false_alarm	87
MAXED_1027	16	Pulse	99	1080000	15183	NA
MAXED_1027	16	Response	88	1098167	33350	1
MAXED_1027	17	Picture	instructions_17	1098228	0	1	21212	1	0	next	false_alarm	90
MAXED_1027	17	Pulse	99	1100000	1772	NA
MAXED_1027	17	Response	88	1119378	21151	1
MAXED_1027	18	Picture	instructions_18	1119439	0	1	82107	1	0	next	false_alarm	97
MAXED_1027	18	Pulse	99	1120000	561	NA
MAXED_1027	18	Pulse	99	1140000	20561	NA
MAXED_1027	18	Pulse	99	1160000	40561	NA
MAXED_1027	18	Pulse	99	1180000	60561	NA
MAXED_1027	18	Pulse	99	1200000	80561	NA
MAXED_1027	18	Response	88	1201485	82046	1
MAXED_1027	19	Picture	instructions_19	1201546	0	1	73729	1	0	next	false_alarm	102
MAXED_1027	19	Pulse	99	1220000	18454	NA
MAXED_1027	19	Pulse	99	1240000	38454	NA
MAXED_1027	19	Pulse	99	1260000	58454	NA
MAXED_1027	19	Response	88	1275066	73520	1
MAXED_1027	20	Picture	instructions_20	1275275	0	1	99240	1	0	next	false_alarm	109
MAXED_1027	20	Pulse	99	1280000	4725	NA
MAXED_1027	20	Pulse	99	1300000	24725	NA
MAXED_1027	20	Pulse	99	1320000	44725	NA
MAXED_1027	20	Pulse	99	1340000	64725	NA
MAXED_1027	20	Pulse	99	1360000	84725	NA
MAXED_1027	20	Response	88	1374454	99179	1
MAXED_1027	21	Picture	instructions_21	1374515	0	1	52191	1	0	next	false_alarm	114
MAXED_1027	21	Pulse	99	1380000	5485	NA
MAXED_1027	21	Pulse	99	1400000	25485	NA
MAXED_1027	21	Pulse	99	1420000	45485	NA
MAXED_1027	21	Response	88	1426646	52130	1
MAXED_1027	22	Picture	instructions_22	1426707	0	1	35985	1	0	next	false_alarm	118
MAXED_1027	22	Pulse	99	1440000	13293	NA
MAXED_1027	22	Pulse	99	1460000	33293	NA
MAXED_1027	22	Response	88	1462464	35758	1
MAXED_1027	23	Picture	instructions_23	1462692	0	1	90708	1	0	next	false_alarm	124
MAXED_1027	23	Pulse	99	1480000	17309	NA
MAXED_1027	23	Pulse	99	1500000	37309	NA
MAXED_1027	23	Pulse	99	1520000	57309	NA
MAXED_1027	23	Pulse	99	1540000	77309	NA
MAXED_1027	23	Response	88	1553173	90481	1
MAXED_1027	24	Picture	instructions_24	1553399	0	1	90453	1	0	next	false_alarm	131
MAXED_1027	24	Pulse	99	1560000	6601	NA
MAXED_1027	24	Pulse	99	1580000	26601	NA
MAXED_1027	24	Pulse	99	1600000	46601	NA
MAXED_1027	24	Pulse	99	1620000	66601	NA
MAXED_1027	24	Pulse	99	1640000	86601	NA
MAXED_1027	24	Response	88	1643790	90391	1
MAXED_1027	25	Picture	instructions_25	1643852	0	1	70806	1	0	next	false_alarm	136
MAXED_1027	25	Pulse	99	1660000	16148	NA
MAXED_1027	25	Pulse	99	1680000	36148	NA
MAXED_1027	25	Pulse	99	1700000	56148	NA
MAXED_1027	25	Response	88	1714596	70744	1
MAXED_1027	26	Picture	instructions_26	1714658	0	1	80280	1	0	next	false_alarm	142
MAXED_1027	26	Pulse	99	1720000	5342	NA
MAXED_1027	26	Pulse	99	1740000	25342	NA
MAXED_1027	26	Pulse	99	1760000	45342	NA
MAXED_1027	26	Pulse	99	1780000	65342	NA
MAXED_1027	26	Response	88	1794876	80219	1
MAXED_1027	27	Picture	instructions_27	1794937	0	1	42554	1	0	next	false_alarm	146
MAXED_1027	27	Pulse	99	1800000	5063	NA
MAXED_1027	27	Pulse	99	1820000	25063	NA
MAXED_1027	27	Response	88	1837406	42469	1
MAXED_1027	28	Picture	instructions_28	1837491	0	1	16753	1	0	next	false_alarm	149
MAXED_1027	28	Pulse	99	1840000	2509	NA
MAXED_1027	28	Response	88	1854184	16693	1
MAXED_1027	29	Picture	instructions_29	1854245	0	1	15870	1	0	next	false_alarm	152
MAXED_1027	29	Pulse	99	1860000	5755	NA
MAXED_1027	29	Response	88	1870054	15809	1
MAXED_1027	30	Picture	instructions_30	1870115	0	1	71992	1	0	next	false_alarm	158
MAXED_1027	30	Pulse	99	1880000	9885	NA
MAXED_1027	30	Pulse	99	1900000	29885	NA
MAXED_1027	30	Pulse	99	1920000	49885	NA
MAXED_1027	30	Pulse	99	1940000	69885	NA
MAXED_1027	30	Response	88	1942048	71933	1
MAXED_1027	31	Picture	instructions_31	1942106	0	1	73232	1	0	next	false_alarm	163
MAXED_1027	31	Pulse	99	1960000	17894	NA
MAXED_1027	31	Pulse	99	1980000	37894	NA
MAXED_1027	31	Pulse	99	2000000	57894	NA
MAXED_1027	31	Response	88	2015277	73171	1
MAXED_1027	32	Picture	instructions_32	2015338	0	1	72865	1	0	next	false_alarm	169
MAXED_1027	32	Pulse	99	2020000	4662	NA
MAXED_1027	32	Pulse	99	2040000	24662	NA
MAXED_1027	32	Pulse	99	2060000	44662	NA
MAXED_1027	32	Pulse	99	2080000	64662	NA
MAXED_1027	32	Response	88	2088137	72798	1
MAXED_1027	33	Picture	instructions_33	2088204	0	1	34393	1	0	next	false_alarm	173
MAXED_1027	33	Pulse	99	2100000	11796	NA
MAXED_1027	33	Pulse	99	2120000	31796	NA
MAXED_1027	33	Response	88	2122535	34331	1
MAXED_1027	34	Picture	instructions_34	2122597	0	1	87275	1	0	next	false_alarm	179
MAXED_1027	34	Pulse	99	2140000	17403	NA
MAXED_1027	34	Pulse	99	2160000	37403	NA
MAXED_1027	34	Pulse	99	2180000	57403	NA
MAXED_1027	34	Pulse	99	2200000	77403	NA
MAXED_1027	34	Response	88	2209794	87197	1
MAXED_1027	35	Picture	instructions_35	2209872	0	1	73712	1	0	next	false_alarm	185
MAXED_1027	35	Pulse	99	2220000	10128	NA
MAXED_1027	35	Pulse	99	2240000	30128	NA
MAXED_1027	35	Pulse	99	2260000	50128	NA
MAXED_1027	35	Pulse	99	2280000	70128	NA
MAXED_1027	35	Response	88	2283521	73649	1
MAXED_1027	36	Picture	instructions_36	2283583	0	1	73485	1	0	next	false_alarm	190
MAXED_1027	36	Pulse	99	2300000	16417	NA
MAXED_1027	36	Pulse	99	2320000	36417	NA
MAXED_1027	36	Pulse	99	2340000	56417	NA
MAXED_1027	36	Response	88	2357007	73423	1
MAXED_1027	37	Picture	instructions_37	2357069	0	1	33689	1	0	next	false_alarm	194
MAXED_1027	37	Pulse	99	2360000	2931	NA
MAXED_1027	37	Pulse	99	2380000	22931	NA
MAXED_1027	37	Response	88	2390701	33632	1
MAXED_1027	38	Picture	instructions_38	2390758	0	1	3459645	1	0	next	false_alarm	369
MAXED_1027	38	Pulse	99	2400000	9242	NA
MAXED_1027	38	Pulse	99	2420000	29242	NA
MAXED_1027	38	Pulse	99	2440000	49242	NA
MAXED_1027	38	Pulse	99	2460000	69242	NA
MAXED_1027	38	Pulse	99	2480000	89242	NA
MAXED_1027	38	Pulse	99	2500000	109242	NA
MAXED_1027	38	Pulse	99	2520000	129242	NA
MAXED_1027	38	Pulse	99	2540000	149242	NA
MAXED_1027	38	Pulse	99	2560000	169242	NA
MAXED_1027	38	Pulse	99	2580000	189242	NA
MAXED_1027	38	Pulse	99	2600000	209242	NA
MAXED_1027	38	Pulse	99	2620000	229242	NA
MAXED_1027	38	Pulse	99	2640000	249242	NA
MAXED_1027	38	Pulse	99	2660000	269242	NA
MAXED_1027	38	Pulse	99	2680000	289242	NA
MAXED_1027	38	Pulse	99	2700000	309242	NA
MAXED_1027	38	Pulse	99	2720000	329242	NA
MAXED_1027	38	Pulse	99	2740000	349242	NA
MAXED_1027	38	Pulse	99	2760000	369242	NA
MAXED_1027	38	Pulse	99	2780000	389242	NA
MAXED_1027	38	Pulse	99	2800000	409242	NA
MAXED_1027	38	Pulse	99	2820000	429242	NA
MAXED_1027	38	Pulse	99	2840000	449242	NA
MAXED_1027	38	Pulse	99	2860000	469242	NA
MAXED_1027	38	Pulse	99	2880000	489242	NA
MAXED_1027	38	Pulse	99	2900000	509242	NA
MAXED_1027	38	Pulse	99	2920000	529242	NA
MAXED_1027	38	Pulse	99	2940000	549242	NA
MAXED_1027	38	Pulse	99	2960000	569242	NA
MAXED_1027	38	Pulse	99	2980000	589242	NA
MAXED_1027	38	Pulse	99	3000000	609242	NA
MAXED_1027	38	Pulse	99	3020000	629242	NA
MAXED_1027	38	Pulse	99	3040000	649242	NA
MAXED_1027	38	Pulse	99	3060000	669242	NA
MAXED_1027	38	Pulse	99	3080000	689242	NA
MAXED_1027	38	Pulse	99	3100000	709242	NA
MAXED_1027	38	Pulse	99	3120000	729242	NA
MAXED_1027	38	Pulse	99	3140000	749242	NA
MAXED_1027	38	Pulse	99	3160000	769242	NA
MAXED_1027	38	Pulse	99	3180000	789242	NA
MAXED_1027	38	Pulse	99	3200000	809242	NA
MAXED_1027	38	Pulse	99	3220000	829242	NA
MAXED_1027	38	Pulse	99	3240000	849242	NA
MAXED_1027	38	Pulse	99	3260000	869242	NA
MAXED_1027	38	Pulse	99	3280000	889242	NA
MAXED_1027	38	Pulse	99	3300000	909242	NA
MAXED_1027	38	Pulse	99	3320000	929242	NA
MAXED_1027	38	Pulse	99	3340000	949242	NA
MAXED_1027	38	Pulse	99	3360000	969242	NA
MAXED_1027	38	Pulse	99	3380000	989242	NA
MAXED_1027	38	Pulse	99	3400000	1009242	NA
MAXED_1027	38	Pulse	99	3420000	1029242	NA
MAXED_1027	38	Pulse	99	3440000	1049242	NA
MAXED_1027	38	Pulse	99	3460000	1069242	NA
MAXED_1027	38	Pulse	99	3480000	1089242	NA
MAXED_1027	38	Pulse	99	3500000	1109242	NA
MAXED_1027	38	Pulse	99	3520000	1129242	NA
MAXED_1027	38	Pulse	99	3540000	1149242	NA
MAXED_1027	38	Pulse	99	3560000	1169242	NA
MAXED_1027	38	Pulse	99	3580000	1189242	NA
MAXED_1027	38	Pulse	99	3600000	1209242	NA
MAXED_1027	38	Pulse	99	3620000	1229242	NA
MAXED_1027	38	Pulse	99	3640000	1249242	NA
MAXED_1027	38	Pulse	99	3660000	1269242	NA
MAXED_1027	38	Pulse	99	3680000	1289242	NA
MAXED_1027	38	Pulse	99	3700000	1309242	NA
MAXED_1027	38	Pulse	99	3720000	1329242	NA
MAXED_1027	38	Pulse	99	3740000	1349242	NA
MAXED_1027	38	Pulse	99	3760000	1369242	NA
MAXED_1027	38	Pulse	99	3780000	1389242	NA
MAXED_1027	38	Pulse	99	3800000	1409242	NA
MAXED_1027	38	Pulse	99	3820000	1429242	NA
MAXED_1027	38	Pulse	99	3840000	1449242	NA
MAXED_1027	38	Pulse	99	3860000	1469242	NA
MAXED_1027	38	Pulse	99	3880000	1489242	NA
MAXED_1027	38	Pulse	99	3900000	1509242	NA
MAXED_1027	38	Pulse	99	3920000	1529242	NA
MAXED_1027	38	Pulse	99	3940000	1549242	NA
MAXED_1027	38	Pulse	99	3960000	1569242	NA
MAXED_1027	38	Pulse	99	3980000	1589242	NA
MAXED_1027	38	Pulse	99	4000000	1609242	NA
MAXED_1027	38	Pulse	99	4020000	1629242	NA
MAXED_1027	38	Pulse	99	4040000	1649242	NA
MAXED_1027	38	Pulse	99	4060000	1669242	NA
MAXED_1027	38	Pulse	99	4080000	1689242	NA
MAXED_1027	38	Pulse	99	4100000	1709242	NA
MAXED_1027	38	Pulse	99	4120000	1729242	NA
MAXED_1027	38	Pulse	99	4140000	1749242	NA
MAXED_1027	38	Pulse	99	4160000	1769242	NA
MAXED_1027	38	Pulse	99	4180000	1789242	NA
MAXED_1027	38	Pulse	99	4200000	1809242	NA
MAXED_1027	38	Pulse	99	4220000	1829242	NA
MAXED_1027	38	Pulse	99	4240000	1849242	NA
MAXED_1027	38	Pulse	99	4260000	1869242	NA
MAXED_1027	38	Pulse	99	4280000	1889242	NA
MAXED_1027	38	Pulse	99	4300000	1909242	NA
MAXED_1027	38	Pulse	99	4320000	1929242	NA
MAXED_1027	38	Pulse	99	4340000	1949242	NA
MAXED_1027	38	Pulse	99	4360000	1969242	NA
MAXED_1027	38	Pulse	99	4380000	1989242	NA
MAXED_1027	38	Pulse	99	4400000	2009242	NA
MAXED_1027	38	Pulse	99	4420000	2029242	NA
MAXED_1027	38	Pulse	99	4440000	2049242	NA
MAXED_1027	38	Pulse	99	4460000	2069242	NA
MAXED_1027	38	Pulse	99	4480000	2089242	NA
MAXED_1027	38	Pulse	99	4500000	2109242	NA
MAXED_1027	38	Pulse	99	4520000	2129242	NA
MAXED_1027	38	Pulse	99	4540000	2149242	NA
MAXED_1027	38	Pulse	99	4560000	2169242	NA
MAXED_1027	38	Pulse	99	4580000	2189242	NA
MAXED_1027	38	Pulse	99	4600000	2209242	NA
MAXED_1027	38	Pulse	99	4620000	2229242	NA
MAXED_1027	38	Pulse	99	4640000	2249242	NA
MAXED_1027	38	Pulse	99	4660000	2269242	NA
MAXED_1027	38	Pulse	99	4680000	2289242	NA
MAXED_1027	38	Pulse	99	4700000	2309242	NA
MAXED_1027	38	Pulse	99	4720000	2329242	NA
MAXED_1027	38	Pulse	99	4740000	2349242	NA
MAXED_1027	38	Pulse	99	4760000	2369242	NA
MAXED_1027	38	Pulse	99	4780000	2389242	NA
MAXED_1027	38	Pulse	99	4800000	2409242	NA
MAXED_1027	38	Pulse	99	4820000	2429242	NA
MAXED_1027	38	Pulse	99	4840000	2449242	NA
MAXED_1027	38	Pulse	99	4860000	2469242	NA
MAXED_1027	38	Pulse	99	4880000	2489242	NA
MAXED_1027	38	Pulse	99	4900000	2509242	NA
MAXED_1027	38	Pulse	99	4920000	2529242	NA
MAXED_1027	38	Pulse	99	4940000	2549242	NA
MAXED_1027	38	Pulse	99	4960000	2569242	NA
MAXED_1027	38	Pulse	99	4980000	2589242	NA
MAXED_1027	38	Pulse	99	5000000	2609242	NA
MAXED_1027	38	Pulse	99	5020000	2629242	NA
MAXED_1027	38	Pulse	99	5040000	2649242	NA
MAXED_1027	38	Pulse	99	5060000	2669242	NA
MAXED_1027	38	Pulse	99	5080000	2689242	NA
MAXED_1027	38	Pulse	99	5100000	2709242	NA
MAXED_1027	38	Pulse	99	5120000	2729242	NA
MAXED_1027	38	Pulse	99	5140000	2749242	NA
MAXED_1027	38	Pulse	99	5160000	2769242	NA
MAXED_1027	38	Pulse	99	5180000	2789242	NA
MAXED_1027	38	Pulse	99	5200000	2809242	NA
MAXED_1027	38	Pulse	99	5220000	2829242	NA
MAXED_1027	38	Pulse	99	5240000	2849242	NA
MAXED_1027	38	Pulse	99	5260000	2869242	NA
MAXED_1027	38	Pulse	99	5280000	2889242	NA
MAXED_1027	38	Pulse	99	5300000	2909242	NA
MAXED_1027	38	Pulse	99	5320000	2929242	NA
MAXED_1027	38	Pulse	99	5340000	2949242	NA
MAXED_1027	38	Pulse	99	5360000	2969242	NA
MAXED_1027	38	Pulse	99	5380000	2989242	NA
MAXED_1027	38	Pulse	99	5400000	3009242	NA
MAXED_1027	38	Pulse	99	5420000	3029242	NA
MAXED_1027	38	Pulse	99	5440000	3049242	NA
MAXED_1027	38	Pulse	99	5460000	3069242	NA
MAXED_1027	38	Pulse	99	5480000	3089242	NA
MAXED_1027	38	Pulse	99	5500000	3109242	NA
MAXED_1027	38	Pulse	99	5520000	3129242	NA
MAXED_1027	38	Pulse	99	5540000	3149242	NA
MAXED_1027	38	Pulse	99	5560000	3169242	NA
MAXED_1027	38	Pulse	99	5580000	3189242	NA
MAXED_1027	38	Pulse	99	5600000	3209242	NA
MAXED_1027	38	Pulse	99	5620000	3229242	NA
MAXED_1027	38	Pulse	99	5640000	3249242	NA
MAXED_1027	38	Pulse	99	5660000	3269242	NA
MAXED_1027	38	Pulse	99	5680000	3289242	NA
MAXED_1027	38	Pulse	99	5700000	3309242	NA
MAXED_1027	38	Pulse	99	5720000	3329242	NA
MAXED_1027	38	Pulse	99	5740000	3349242	NA
MAXED_1027	38	Pulse	99	5760000	3369242	NA
MAXED_1027	38	Pulse	99	5780000	3389242	NA
MAXED_1027	38	Pulse	99	5800000	3409242	NA
MAXED_1027	38	Pulse	99	5820000	3429242	NA
MAXED_1027	38	Pulse	99	5840000	3449242	NA
MAXED_1027	38	Response	88	5850089	3459331	1
MAXED_1027	39	Picture	instructions_39	5850403	0	1	76877	1	0	next	false_alarm	375
MAXED_1027	39	Pulse	99	5860000	9597	NA
MAXED_1027	39	Pulse	99	5880000	29597	NA
MAXED_1027	39	Pulse	99	5900000	49597	NA
MAXED_1027	39	Pulse	99	5920000	69597	NA
MAXED_1027	39	Response	88	5927217	76814	1
MAXED_1027	40	Picture	instructions_40	5927280	0	1	56810	1	0	next	false_alarm	380
MAXED_1027	40	Pulse	99	5940000	12720	NA
MAXED_1027	40	Pulse	99	5960000	32720	NA
MAXED_1027	40	Pulse	99	5980000	52720	NA
MAXED_1027	40	Response	88	5984025	56746	1
MAXED_1027	41	Picture	instructions_41	5984089	0	1	38531	1	0	next	false_alarm	384
MAXED_1027	41	Pulse	99	6000000	15911	NA
MAXED_1027	41	Pulse	99	6020000	35911	NA
MAXED_1027	41	Response	88	6022558	38468	1
MAXED_1027	42	Picture	instructions_42	6022620	0	1	37113	1	0	next	false_alarm	387
MAXED_1027	42	Pulse	99	6040000	17380	NA
MAXED_1027	42	Response	88	6059669	37049	1
MAXED_1027	43	Picture	instructions_43	6059734	0	1	65296	1	0	next	false_alarm	393
MAXED_1027	43	Pulse	99	6060000	266	NA
MAXED_1027	43	Pulse	99	6080000	20266	NA
MAXED_1027	43	Pulse	99	6100000	40266	NA
MAXED_1027	43	Pulse	99	6120000	60266	NA
MAXED_1027	43	Response	88	6124971	65237	1
MAXED_1027	44	Picture	instructions_44	6125030	0	1	308290	1	0	next	false_alarm	410
MAXED_1027	44	Pulse	99	6140000	14970	NA
MAXED_1027	44	Pulse	99	6160000	34970	NA
MAXED_1027	44	Pulse	99	6180000	54970	NA
MAXED_1027	44	Pulse	99	6200000	74970	NA
MAXED_1027	44	Pulse	99	6220000	94970	NA
MAXED_1027	44	Pulse	99	6240000	114970	NA
MAXED_1027	44	Pulse	99	6260000	134970	NA
MAXED_1027	44	Pulse	99	6280000	154970	NA
MAXED_1027	44	Pulse	99	6300000	174970	NA
MAXED_1027	44	Pulse	99	6320000	194970	NA
MAXED_1027	44	Pulse	99	6340000	214970	NA
MAXED_1027	44	Pulse	99	6360000	234970	NA
MAXED_1027	44	Pulse	99	6380000	254970	NA
MAXED_1027	44	Pulse	99	6400000	274970	NA
MAXED_1027	44	Pulse	99	6420000	294970	NA
MAXED_1027	44	Response	88	6433255	308224	1
MAXED_1027	45	Picture	instructions_45	6433320	0	1	120668	1	0	next	false_alarm	418
MAXED_1027	45	Pulse	99	6440000	6680	NA
MAXED_1027	45	Pulse	99	6460000	26680	NA
MAXED_1027	45	Pulse	99	6480000	46680	NA
MAXED_1027	45	Pulse	99	6500000	66680	NA
MAXED_1027	45	Pulse	99	6520000	86680	NA
MAXED_1027	45	Pulse	99	6540000	106680	NA
MAXED_1027	45	Response	88	6553922	120602	1
MAXED_1027	46	Picture	instructions_46	6553988	0	1	23757	1	0	next	false_alarm	421
MAXED_1027	46	Pulse	99	6560000	6012	NA
MAXED_1027	46	Response	88	6577690	23702	1
MAXED_1027	47	Picture	fixation	6577745	0	1	5165	1	0	next	other	0
MAXED_1027	47	Pulse	99	6580000	2255	NA
MAXED_1027	48	Picture	stage1	6582910	0	1	21659	1	0	next	false_alarm	426
MAXED_1027	48	Pulse	99	6600000	17090	NA
MAXED_1027	48	Response	1	6604476	21566	1
MAXED_1027	49	Picture	stage1_box	6604570	0	1	7664	1	0	next	other	0
MAXED_1027	50	Picture	stage1_outcome	6612234	0	1	167	1	0	next	other	0
MAXED_1027	51	Picture	stage2A	6612400	0	1	23159	1	0	next	false_alarm	431
MAXED_1027	51	Pulse	99	6620000	7600	NA
MAXED_1027	51	Response	2	6635420	23020	1
MAXED_1027	52	Picture	stage2_box	6635559	0	1	7664	1	0	next	other	0
MAXED_1027	52	Pulse	99	6640000	4441	NA
MAXED_1027	53	Picture	stage2_up	6643223	0	1	7664	1	0	next	other	0
MAXED_1027	54	Picture	stage2_lose	6650887	0	1	10163	1	0	next	other	0
MAXED_1027	54	Pulse	99	6660000	9113	NA
MAXED_1027	55	Picture	stage1	6661050	0	1	8492	1	0	next	false_alarm	438
MAXED_1027	55	Response	2	6669487	8437	1
MAXED_1027	56	Picture	stage1_box	6669543	0	1	7550	1	0	next	other	0
MAXED_1027	57	Picture	stage1_outcome	6677093	0	1	167	1	0	next	other	0
MAXED_1027	58	Picture	stage2A	6677259	0	1	11389	1	0	next	false_alarm	443
MAXED_1027	58	Pulse	99	6680000	2741	NA
MAXED_1027	58	Response	2	6688597	11338	1
MAXED_1027	59	Picture	stage2_box	6688648	0	1	7550	1	0	next	other	0
MAXED_1027	60	Picture	stage2_up	6696197	0	1	7550	1	0	next	other	0
MAXED_1027	60	Pulse	99	6700000	3803	NA
MAXED_1027	61	Picture	stage2_lose	6703747	0	1	10053	1	0	next	other	0
MAXED_1027	62	Picture	stage1	6713801	0	1	7187	1	0	next	false_alarm	450
MAXED_1027	62	Pulse	99	6720000	6199	NA
MAXED_1027	62	Response	2	6720937	7136	1
MAXED_1027	63	Picture	stage1_box	6720987	0	1	7550	1	0	next	other	0
MAXED_1027	64	Picture	stage1_outcome	6728537	0	1	167	1	0	next	other	0
MAXED_1027	65	Picture	stage2A	6728704	0	1	5475	1	0	next	false_alarm	454
MAXED_1027	65	Response	1	6734124	5420	1
MAXED_1027	66	Picture	stage2_box	6734179	0	1	7550	1	0	next	other	0
MAXED_1027	66	Pulse	99	6740000	5821	NA
MAXED_1027	67	Picture	stage2_up	6741729	0	1	7554	1	0	next	other	0
MAXED_1027	68	Picture	stage2_win	6749283	0	1	10151	1	0	next	other	0
MAXED_1027	69	Picture	stage1	6759434	0	1	4096	1	0	next	false_alarm	461
MAXED_1027	69	Pulse	99	6760000	566	NA
MAXED_1027	69	Response	2	6763480	4046	1
MAXED_1027	70	Picture	stage1_box	6763530	0	1	7550	1	0	next	other	0
MAXED_1027	71	Picture	stage1_outcome	6771080	0	1	167	1	0	next	other	0
MAXED_1027	72	Picture	stage2B	6771246	0	1	2851	1	0	next	false_alarm	465
MAXED_1027	72	Response	1	6774042	2796	1
MAXED_1027	73	Picture	stage2_box	6774097	0	1	7664	1	0	next	other	0
MAXED_1027	73	Pulse	99	6780000	5903	NA
MAXED_1027	74	Picture	stage2_up	6781762	0	1	7664	1	0	next	other	0
MAXED_1027	75	Picture	stage2_lose	6789426	0	1	10050	1	0	next	other	0
MAXED_1027	76	Picture	stage1	6799476	0	1	11759	1	0	next	false_alarm	472
MAXED_1027	76	Pulse	99	6800000	524	NA
MAXED_1027	76	Response	1	6811185	11709	1
MAXED_1027	77	Picture	stage1_box	6811235	0	1	7549	1	0	next	other	0
MAXED_1027	78	Picture	stage1_outcome	6818784	0	1	167	1	0	next	other	0
MAXED_1027	79	Picture	stage2A	6818951	0	1	11772	1	0	next	false_alarm	477
MAXED_1027	79	Pulse	99	6820000	1049	NA
MAXED_1027	79	Response	1	6830602	11651	1
MAXED_1027	80	Picture	stage2_box	6830722	0	1	7550	1	0	next	other	0
MAXED_1027	81	Picture	stage2_up	6838272	0	1	7549	1	0	next	other	0
MAXED_1027	81	Pulse	99	6840000	1728	NA
MAXED_1027	82	Picture	stage2_lose	6845822	0	1	10050	1	0	next	other	0
MAXED_1027	83	Picture	stage1	6855872	0	1	29050	1	0	next	false_alarm	485
MAXED_1027	83	Pulse	99	6860000	4128	NA
MAXED_1027	83	Pulse	99	6880000	24128	NA
MAXED_1027	83	Response	2	6884754	28883	1
MAXED_1027	84	Picture	stage1_box	6884922	0	1	7549	1	0	next	other	0
MAXED_1027	85	Picture	stage1_outcome	6892471	0	1	167	1	0	next	other	0
MAXED_1027	86	Picture	stage2A	6892638	0	1	18463	1	0	next	false_alarm	490
MAXED_1027	86	Pulse	99	6900000	7362	NA
MAXED_1027	86	Response	1	6911051	18413	1
MAXED_1027	87	Picture	stage2_box	6911101	0	1	7549	1	0	next	other	0
MAXED_1027	88	Picture	stage2_up	6918650	0	1	7539	1	0	next	other	0
MAXED_1027	88	Pulse	99	6920000	1350	NA
MAXED_1027	89	Picture	stage2_lose	6926189	0	1	10050	1	0	next	other	0
MAXED_1027	90	Picture	stage1	6936239	0	1	11943	1	0	next	false_alarm	497
MAXED_1027	90	Pulse	99	6940000	3761	NA
MAXED_1027	90	Response	1	6948133	11894	1
MAXED_1027	91	Picture	stage1_box	6948183	0	1	7550	1	0	next	other	0
MAXED_1027	92	Picture	stage1_outcome	6955732	0	1	167	1	0	next	other	0
MAXED_1027	93	Picture	stage2A	6955899	0	1	10018	1	0	next	false_alarm	502
MAXED_1027	93	Pulse	99	6960000	4101	NA
MAXED_1027	93	Response	2	6965867	9969	1
MAXED_1027	94	Picture	stage2_box	6965917	0	1	7551	1	0	next	other	0
MAXED_1027	95	Picture	stage2_up	6973468	0	1	7550	1	0	next	other	0
MAXED_1027	95	Pulse	99	6980000	6532	NA
MAXED_1027	96	Picture	stage2_win	6981018	0	1	10050	1	0	next	other	0
MAXED_1027	97	Picture	stage1	6991068	0	1	8970	1	0	next	false_alarm	508
MAXED_1027	97	Response	1	6999989	8921	1
MAXED_1027	97	Pulse	99	7000000	8932	NA
MAXED_1027	98	Picture	stage1_box	7000038	0	1	7554	1	0	next	other	0
MAXED_1027	99	Picture	stage1_outcome	7007592	0	1	167	1	0	next	other	0
MAXED_1027	100	Picture	stage2A	7007758	0	1	8383	1	0	next	false_alarm	513
MAXED_1027	100	Response	2	7016091	8333	1
MAXED_1027	101	Picture	stage2_box	7016141	0	1	7539	1	0	next	other	0
MAXED_1027	101	Pulse	99	7020000	3859	NA
MAXED_1027	102	Picture	stage2_up	7023680	0	1	7539	1	0	next	other	0
MAXED_1027	103	Picture	stage2_win	7031218	0	1	10050	1	0	next	other	0
MAXED_1027	103	Pulse	99	7040000	8782	NA
MAXED_1027	104	Picture	stage1	7041268	0	1	6538	1	0	next	false_alarm	520
MAXED_1027	104	Response	1	7047756	6488	1
MAXED_1027	105	Picture	stage1_box	7047806	0	1	7550	1	0	next	other	0
MAXED_1027	106	Picture	stage1_outcome	7055355	0	1	167	1	0	next	other	0
MAXED_1027	107	Picture	stage2A	7055522	0	1	6760	1	0	next	false_alarm	525
MAXED_1027	107	Pulse	99	7060000	4478	NA
MAXED_1027	107	Response	2	7062169	6647	1
MAXED_1027	108	Picture	stage2_box	7062282	0	1	7550	1	0	next	other	0
MAXED_1027	109	Picture	stage2_up	7069831	0	1	7538	1	0	next	other	0
MAXED_1027	110	Picture	stage2_win	7077370	0	1	10051	1	0	next	other	0
MAXED_1027	110	Pulse	99	7080000	2630	NA
MAXED_1027	111	Picture	stage1	7087421	0	1	8424	1	0	next	false_alarm	531
MAXED_1027	111	Response	1	7095806	8385	1
MAXED_1027	112	Picture	stage1_box	7095845	0	1	7550	1	0	next	other	0
MAXED_1027	112	Pulse	99	7100000	4155	NA
MAXED_1027	113	Picture	stage1_outcome	7103394	0	1	167	1	0	next	other	0
MAXED_1027	114	Picture	stage2A	7103561	0	1	5438	1	0	next	false_alarm	536
MAXED_1027	114	Response	2	7108950	5389	1
MAXED_1027	115	Picture	stage2_box	7108999	0	1	7645	1	0	next	other	0
MAXED_1027	116	Picture	stage2_up	7116645	0	1	7550	1	0	next	other	0
MAXED_1027	116	Pulse	99	7120000	3355	NA
MAXED_1027	117	Picture	stage2_win	7124195	0	1	10050	1	0	next	other	0
MAXED_1027	118	Picture	stage1	7134245	0	1	3184	1	0	next	false_alarm	542
MAXED_1027	118	Response	1	7137379	3134	1
MAXED_1027	119	Picture	stage1_box	7137429	0	1	7550	1	0	next	other	0
MAXED_1027	119	Pulse	99	7140000	2571	NA
MAXED_1027	120	Picture	stage1_outcome	7144978	0	1	167	1	0	next	other	0
MAXED_1027	121	Picture	stage2A	7145145	0	1	2504	1	0	next	false_alarm	547
MAXED_1027	121	Response	2	7147491	2346	1
MAXED_1027	122	Picture	stage2_box	7147649	0	1	7550	1	0	next	other	0
MAXED_1027	123	Picture	stage2_up	7155199	0	1	7550	1	0	next	other	0
MAXED_1027	123	Pulse	99	7160000	4801	NA
MAXED_1027	124	Picture	stage2_lose	7162749	0	1	10050	1	0	next	other	0
MAXED_1027	125	Picture	stage1	7172799	0	1	6203	1	0	next	false_alarm	553
MAXED_1027	125	Response	1	7178945	6146	1
MAXED_1027	126	Picture	stage1_box	7179002	0	1	7550	1	0	next	other	0
MAXED_1027	126	Pulse	99	7180000	998	NA
MAXED_1027	127	Picture	stage1_outcome	7186551	0	1	167	1	0	next	other	0
MAXED_1027	128	Picture	stage2B	7186718	0	1	22841	1	0	next	false_alarm	559
MAXED_1027	128	Pulse	99	7200000	13282	NA
MAXED_1027	128	Response	1	7209510	22792	1
MAXED_1027	129	Picture	stage2_box	7209559	0	1	7664	1	0	next	other	0
MAXED_1027	130	Picture	stage2_up	7217223	0	1	7664	1	0	next	other	0
MAXED_1027	130	Pulse	99	7220000	2777	NA
MAXED_1027	131	Picture	stage2_lose	7224888	0	1	10050	1	0	next	other	0
MAXED_1027	132	Picture	stage1	7234937	0	1	7458	1	0	next	false_alarm	566
MAXED_1027	132	Pulse	99	7240000	5063	NA
MAXED_1027	132	Response	2	7242346	7408	1
MAXED_1027	133	Picture	stage1_box	7242395	0	1	7549	1	0	next	other	0
MAXED_1027	134	Picture	stage1_outcome	7249944	0	1	167	1	0	next	other	0
MAXED_1027	135	Picture	stage2B	7250111	0	1	15214	1	0	next	false_alarm	571
MAXED_1027	135	Pulse	99	7260000	9889	NA
MAXED_1027	135	Response	2	7265270	15159	1
MAXED_1027	136	Picture	stage2_box	7265325	0	1	7664	1	0	next	other	0
MAXED_1027	137	Picture	stage2_up	7272989	0	1	7664	1	0	next	other	0
MAXED_1027	137	Pulse	99	7280000	7011	NA
MAXED_1027	138	Picture	stage2_lose	7280653	0	1	10050	1	0	next	other	0
MAXED_1027	139	Picture	stage1	7290703	0	1	3688	1	0	next	false_alarm	577
MAXED_1027	139	Response	2	7294337	3633	1
MAXED_1027	140	Picture	stage1_box	7294391	0	1	7683	1	0	next	other	0
MAXED_1027	140	Pulse	99	7300000	5609	NA
MAXED_1027	141	Picture	stage1_outcome	7302075	0	1	167	1	0	next	other	0
MAXED_1027	142	Picture	stage2B	7302241	0	1	6138	1	0	next	false_alarm	582
MAXED_1027	142	Response	1	7308329	6088	1
MAXED_1027	143	Picture	stage2_box	7308379	0	1	7664	1	0	next	other	0
MAXED_1027	144	Picture	stage2_up	7316043	0	1	7664	1	0	next	other	0
MAXED_1027	144	Pulse	99	7320000	3957	NA
MAXED_1027	145	Picture	stage2_lose	7323707	0	1	10050	1	0	next	other	0
MAXED_1027	146	Picture	stage1	7333757	0	1	9175	1	0	next	false_alarm	589
MAXED_1027	146	Pulse	99	7340000	6243	NA
MAXED_1027	146	Response	2	7342882	9125	1
MAXED_1027	147	Picture	stage1_box	7342932	0	1	7549	1	0	next	other	0
MAXED_1027	148	Picture	stage1_outcome	7350482	0	1	167	1	0	next	other	0
MAXED_1027	149	Picture	stage2B	7350648	0	1	10109	1	0	next	false_alarm	594
MAXED_1027	149	Pulse	99	7360000	9352	NA
MAXED_1027	149	Response	2	7360708	10060	1
MAXED_1027	150	Picture	stage2_box	7360758	0	1	7664	1	0	next	other	0
MAXED_1027	151	Picture	stage2_up	7368422	0	1	7664	1	0	next	other	0
MAXED_1027	152	Picture	stage2_lose	7376086	0	1	10049	1	0	next	other	0
MAXED_1027	152	Pulse	99	7380000	3914	NA
MAXED_1027	153	Picture	stage1	7386135	0	1	4444	1	0	next	false_alarm	600
MAXED_1027	153	Response	1	7390531	4395	1
MAXED_1027	154	Picture	stage1_box	7390579	0	1	7550	1	0	next	other	0
MAXED_1027	155	Picture	stage1_outcome	7398129	0	1	167	1	0	next	other	0
MAXED_1027	156	Picture	stage2A	7398296	0	1	11579	1	0	next	false_alarm	605
MAXED_1027	156	Pulse	99	7400000	1704	NA
MAXED_1027	156	Response	1	7409825	11529	1
MAXED_1027	157	Picture	stage2_box	7409875	0	1	7613	1	0	next	other	0
MAXED_1027	158	Picture	stage2_up	7417488	0	1	7550	1	0	next	other	0
MAXED_1027	158	Pulse	99	7420000	2512	NA
MAXED_1027	159	Picture	stage2_lose	7425038	0	1	10050	1	0	next	other	0
MAXED_1027	160	Picture	stage1	7435089	0	1	3448	1	0	next	false_alarm	611
MAXED_1027	160	Response	1	7438487	3399	1
MAXED_1027	161	Picture	stage1_box	7438537	0	1	7549	1	0	next	other	0
MAXED_1027	161	Pulse	99	7440000	1463	NA
MAXED_1027	162	Picture	stage1_outcome	7446086	0	1	167	1	0	next	other	0
MAXED_1027	163	Picture	stage2A	7446253	0	1	6472	1	0	next	false_alarm	616
MAXED_1027	163	Response	2	7452675	6422	1
MAXED_1027	164	Picture	stage2_box	7452724	0	1	7549	1	0	next	other	0
MAXED_1027	164	Pulse	99	7460000	7276	NA
MAXED_1027	165	Picture	stage2_up	7460274	0	1	7538	1	0	next	other	0
MAXED_1027	166	Picture	stage2_lose	7467812	0	1	10039	1	0	next	other	0
MAXED_1027	167	Picture	stage1	7477851	0	1	5836	1	0	next	false_alarm	623
MAXED_1027	167	Pulse	99	7480000	2149	NA
MAXED_1027	167	Response	2	7483637	5786	1
MAXED_1027	168	Picture	stage1_box	7483687	0	1	7549	1	0	next	other	0
MAXED_1027	169	Picture	stage1_outcome	7491236	0	1	167	1	0	next	other	0
MAXED_1027	170	Picture	stage2B	7491403	0	1	8858	1	0	next	false_alarm	628
MAXED_1027	170	Pulse	99	7500000	8597	NA
MAXED_1027	170	Response	1	7500211	8808	1
MAXED_1027	171	Picture	stage2_box	7500261	0	1	7664	1	0	next	other	0
MAXED_1027	172	Picture	stage2_up	7507925	0	1	7664	1	0	next	other	0
MAXED_1027	173	Picture	stage2_lose	7515589	0	1	10050	1	0	next	other	0
MAXED_1027	173	Pulse	99	7520000	4411	NA
MAXED_1027	174	Picture	stage1	7525639	0	1	3639	1	0	next	false_alarm	634
MAXED_1027	174	Response	2	7529228	3589	1
MAXED_1027	175	Picture	stage1_box	7529278	0	1	7550	1	0	next	other	0
MAXED_1027	176	Picture	stage1_outcome	7536828	0	1	167	1	0	next	other	0
MAXED_1027	177	Picture	stage2B	7536994	0	1	7246	1	0	next	false_alarm	639
MAXED_1027	177	Pulse	99	7540000	3006	NA
MAXED_1027	177	Response	2	7544144	7150	1
MAXED_1027	178	Picture	stage2_box	7544240	0	1	7549	1	0	next	other	0
MAXED_1027	179	Picture	stage2_up	7551789	0	1	7539	1	0	next	other	0
MAXED_1027	180	Picture	stage2_lose	7559327	0	1	10050	1	0	next	other	0
MAXED_1027	180	Pulse	99	7560000	673	NA
MAXED_1027	181	Picture	stage1	7569377	0	1	3506	1	0	next	false_alarm	645
MAXED_1027	181	Response	1	7572833	3456	1
MAXED_1027	182	Picture	stage1_box	7572883	0	1	7550	1	0	next	other	0
MAXED_1027	182	Pulse	99	7580000	7117	NA
MAXED_1027	183	Picture	stage1_outcome	7580433	0	1	167	1	0	next	other	0
MAXED_1027	184	Picture	stage2B	7580600	0	1	6426	1	0	next	false_alarm	650
MAXED_1027	184	Response	1	7586987	6387	1
MAXED_1027	185	Picture	stage2_box	7587026	0	1	7664	1	0	next	other	0
MAXED_1027	186	Picture	stage2_up	7594690	0	1	7664	1	0	next	other	0
MAXED_1027	186	Pulse	99	7600000	5310	NA
MAXED_1027	187	Picture	stage2_win	7602354	0	1	10163	1	0	next	other	0
MAXED_1027	188	Picture	stage1	7612517	0	1	5165	1	0	next	false_alarm	656
MAXED_1027	188	Response	1	7617553	5036	1
MAXED_1027	189	Picture	stage1_box	7617682	0	1	7550	1	0	next	other	0
MAXED_1027	189	Pulse	99	7620000	2318	NA
MAXED_1027	190	Picture	stage1_outcome	7625232	0	1	167	1	0	next	other	0
MAXED_1027	191	Picture	stage2B	7625399	0	1	5053	1	0	next	false_alarm	661
MAXED_1027	191	Response	1	7630403	5004	1
MAXED_1027	192	Picture	stage2_box	7630452	0	1	7664	1	0	next	other	0
MAXED_1027	193	Picture	stage2_up	7638116	0	1	7664	1	0	next	other	0
MAXED_1027	193	Pulse	99	7640000	1884	NA
MAXED_1027	194	Picture	stage2_lose	7645780	0	1	10050	1	0	next	other	0
MAXED_1027	195	Picture	stage1	7655830	0	1	3840	1	0	next	false_alarm	667
MAXED_1027	195	Response	1	7659631	3801	1
MAXED_1027	196	Picture	stage1_box	7659670	0	1	7572	1	0	next	other	0
MAXED_1027	196	Pulse	99	7660000	330	NA
MAXED_1027	197	Picture	stage1_outcome	7667242	0	1	167	1	0	next	other	0
MAXED_1027	198	Picture	stage2A	7667408	0	1	2291	1	0	next	false_alarm	672
MAXED_1027	198	Response	1	7669651	2242	1
MAXED_1027	199	Picture	stage2_box	7669700	0	1	7538	1	0	next	other	0
MAXED_1027	200	Picture	stage2_up	7677238	0	1	7550	1	0	next	other	0
MAXED_1027	200	Pulse	99	7680000	2762	NA
MAXED_1027	201	Picture	stage2_lose	7684788	0	1	10050	1	0	next	other	0
MAXED_1027	202	Picture	stage1	7694838	0	1	5629	1	0	next	false_alarm	679
MAXED_1027	202	Pulse	99	7700000	5162	NA
MAXED_1027	202	Response	1	7700418	5580	1
MAXED_1027	203	Picture	stage1_box	7700467	0	1	7546	1	0	next	other	0
MAXED_1027	204	Picture	stage1_outcome	7708013	0	1	167	1	0	next	other	0
MAXED_1027	205	Picture	stage2A	7708180	0	1	4484	1	0	next	false_alarm	683
MAXED_1027	205	Response	2	7712615	4435	1
MAXED_1027	206	Picture	stage2_box	7712664	0	1	7549	1	0	next	other	0
MAXED_1027	206	Pulse	99	7720000	7336	NA
MAXED_1027	207	Picture	stage2_up	7720213	0	1	7539	1	0	next	other	0
MAXED_1027	208	Picture	stage2_lose	7727753	0	1	10073	1	0	next	other	0
MAXED_1027	209	Picture	stage1	7737826	0	1	4112	1	0	next	false_alarm	690
MAXED_1027	209	Pulse	99	7740000	2174	NA
MAXED_1027	209	Response	2	7741888	4062	1
MAXED_1027	210	Picture	stage1_box	7741938	0	1	7539	1	0	next	other	0
MAXED_1027	211	Picture	stage1_outcome	7749477	0	1	167	1	0	next	other	0
MAXED_1027	212	Picture	stage2B	7749643	0	1	8946	1	0	next	false_alarm	694
MAXED_1027	212	Response	2	7758539	8896	1
MAXED_1027	213	Picture	stage2_box	7758589	0	1	7664	1	0	next	other	0
MAXED_1027	213	Pulse	99	7760000	1411	NA
MAXED_1027	214	Picture	stage2_up	7766253	0	1	7664	1	0	next	other	0
MAXED_1027	215	Picture	stage2_lose	7773917	0	1	10050	1	0	next	other	0
MAXED_1027	215	Pulse	99	7780000	6083	NA
MAXED_1027	216	Picture	stage1	7783967	0	1	2761	1	0	next	false_alarm	701
MAXED_1027	216	Response	2	7786678	2711	1
MAXED_1027	217	Picture	stage1_box	7786728	0	1	7549	1	0	next	other	0
MAXED_1027	218	Picture	stage1_outcome	7794277	0	1	167	1	0	next	other	0
MAXED_1027	219	Picture	stage2A	7794444	0	1	3765	1	0	next	false_alarm	705
MAXED_1027	219	Response	1	7798159	3715	1
MAXED_1027	220	Picture	stage2_box	7798208	0	1	7551	1	0	next	other	0
MAXED_1027	220	Pulse	99	7800000	1792	NA
MAXED_1027	221	Picture	stage2_up	7805760	0	1	7550	1	0	next	other	0
MAXED_1027	222	Picture	stage2_lose	7813309	0	1	10054	1	0	next	other	0
MAXED_1027	222	Pulse	99	7820000	6691	NA
MAXED_1027	223	Pulse	99	7840000	16637	NA
MAXED_1027	223	Pulse	99	7860000	36637	NA
MAXED_1027	223	Response	88	7863280	39917	1
