Scenario - 
Logfile written - 02/25/2022 17:33:36

Subject	Trial	Event Type	Code	Time	TTime	Uncertainty	Duration	Uncertainty	ReqTime	ReqDur	Stim Type	Pair Index

MAXED_1021_Day_A	0	Pulse	99	0	0	NA
MAXED_1021_Day_A	1	Picture	instructions_1	166	0	1	66000	1	0	next	false_alarm	6
MAXED_1021_Day_A	1	Pulse	99	20000	19834	NA
MAXED_1021_Day_A	1	Pulse	99	40000	39834	NA
MAXED_1021_Day_A	1	Pulse	99	60000	59834	NA
MAXED_1021_Day_A	1	Response	88	66064	65898	1
MAXED_1021_Day_A	2	Picture	instructions_2	66167	0	1	104500	1	0	next	false_alarm	13
MAXED_1021_Day_A	2	Pulse	99	80000	13833	NA
MAXED_1021_Day_A	2	Pulse	99	100000	33833	NA
MAXED_1021_Day_A	2	Pulse	99	120000	53833	NA
MAXED_1021_Day_A	2	Pulse	99	140000	73833	NA
MAXED_1021_Day_A	2	Pulse	99	160000	93833	NA
MAXED_1021_Day_A	2	Response	88	170545	104378	1
MAXED_1021_Day_A	3	Picture	instructions_3	170667	0	1	101167	1	0	next	false_alarm	20
MAXED_1021_Day_A	3	Pulse	99	180000	9333	NA
MAXED_1021_Day_A	3	Pulse	99	200000	29333	NA
MAXED_1021_Day_A	3	Pulse	99	220000	49333	NA
MAXED_1021_Day_A	3	Pulse	99	240000	69333	NA
MAXED_1021_Day_A	3	Pulse	99	260000	89333	NA
MAXED_1021_Day_A	3	Response	88	271745	101078	1
MAXED_1021_Day_A	4	Picture	instructions_4	271834	0	1	66167	1	0	next	false_alarm	25
MAXED_1021_Day_A	4	Pulse	99	280000	8166	NA
MAXED_1021_Day_A	4	Pulse	99	300000	28166	NA
MAXED_1021_Day_A	4	Pulse	99	320000	48166	NA
MAXED_1021_Day_A	4	Response	88	337825	65991	1
MAXED_1021_Day_A	5	Picture	instructions_5	338001	0	1	142667	1	0	next	false_alarm	35
MAXED_1021_Day_A	5	Pulse	99	340000	1999	NA
MAXED_1021_Day_A	5	Pulse	99	360000	21999	NA
MAXED_1021_Day_A	5	Pulse	99	380000	41999	NA
MAXED_1021_Day_A	5	Pulse	99	400000	61999	NA
MAXED_1021_Day_A	5	Pulse	99	420000	81999	NA
MAXED_1021_Day_A	5	Pulse	99	440000	101999	NA
MAXED_1021_Day_A	5	Pulse	99	460000	121999	NA
MAXED_1021_Day_A	5	Pulse	99	480000	141999	NA
MAXED_1021_Day_A	5	Response	88	480465	142465	1
MAXED_1021_Day_A	6	Picture	instructions_6	480668	0	1	56833	1	0	next	false_alarm	39
MAXED_1021_Day_A	6	Pulse	99	500000	19332	NA
MAXED_1021_Day_A	6	Pulse	99	520000	39332	NA
MAXED_1021_Day_A	6	Response	88	537345	56677	1
MAXED_1021_Day_A	7	Picture	instructions_7	537501	0	1	124667	1	0	next	false_alarm	48
MAXED_1021_Day_A	7	Pulse	99	540000	2499	NA
MAXED_1021_Day_A	7	Pulse	99	560000	22499	NA
MAXED_1021_Day_A	7	Pulse	99	580000	42499	NA
MAXED_1021_Day_A	7	Pulse	99	600000	62499	NA
MAXED_1021_Day_A	7	Pulse	99	620000	82499	NA
MAXED_1021_Day_A	7	Pulse	99	640000	102499	NA
MAXED_1021_Day_A	7	Pulse	99	660000	122499	NA
MAXED_1021_Day_A	7	Response	88	661985	124484	1
MAXED_1021_Day_A	8	Picture	instructions_8	662168	0	1	78500	1	0	next	false_alarm	54
MAXED_1021_Day_A	8	Pulse	99	680000	17832	NA
MAXED_1021_Day_A	8	Pulse	99	700000	37832	NA
MAXED_1021_Day_A	8	Pulse	99	720000	57832	NA
MAXED_1021_Day_A	8	Pulse	99	740000	77832	NA
MAXED_1021_Day_A	8	Response	88	740466	78298	1
MAXED_1021_Day_A	9	Picture	instructions_9	740668	0	1	34333	1	0	next	false_alarm	57
MAXED_1021_Day_A	9	Pulse	99	760000	19332	NA
MAXED_1021_Day_A	9	Response	88	774866	34197	1
MAXED_1021_Day_A	10	Picture	instructions_10	775002	0	1	95667	1	0	next	false_alarm	64
MAXED_1021_Day_A	10	Pulse	99	780000	4998	NA
MAXED_1021_Day_A	10	Pulse	99	800000	24998	NA
MAXED_1021_Day_A	10	Pulse	99	820000	44998	NA
MAXED_1021_Day_A	10	Pulse	99	840000	64998	NA
MAXED_1021_Day_A	10	Pulse	99	860000	84998	NA
MAXED_1021_Day_A	10	Response	88	870466	95464	1
MAXED_1021_Day_A	11	Picture	instructions_11	870669	0	1	114000	1	0	next	false_alarm	72
MAXED_1021_Day_A	11	Pulse	99	880000	9331	NA
MAXED_1021_Day_A	11	Pulse	99	900000	29331	NA
MAXED_1021_Day_A	11	Pulse	99	920000	49331	NA
MAXED_1021_Day_A	11	Pulse	99	940000	69331	NA
MAXED_1021_Day_A	11	Pulse	99	960000	89331	NA
MAXED_1021_Day_A	11	Pulse	99	980000	109331	NA
MAXED_1021_Day_A	11	Response	88	984466	113797	1
MAXED_1021_Day_A	12	Picture	instructions_12	984669	0	1	33667	1	0	next	false_alarm	75
MAXED_1021_Day_A	12	Pulse	99	1000000	15331	NA
MAXED_1021_Day_A	12	Response	88	1018226	33557	1
MAXED_1021_Day_A	13	Picture	instructions_13	1018336	0	1	93834	1	0	next	false_alarm	82
MAXED_1021_Day_A	13	Pulse	99	1020000	1664	NA
MAXED_1021_Day_A	13	Pulse	99	1040000	21664	NA
MAXED_1021_Day_A	13	Pulse	99	1060000	41664	NA
MAXED_1021_Day_A	13	Pulse	99	1080000	61664	NA
MAXED_1021_Day_A	13	Pulse	99	1100000	81664	NA
MAXED_1021_Day_A	13	Response	88	1112066	93731	1
MAXED_1021_Day_A	14	Picture	instructions_14	1112169	0	1	33000	1	0	next	false_alarm	86
MAXED_1021_Day_A	14	Pulse	99	1120000	7831	NA
MAXED_1021_Day_A	14	Pulse	99	1140000	27831	NA
MAXED_1021_Day_A	14	Response	88	1144946	32777	1
MAXED_1021_Day_A	15	Picture	instructions_15	1145169	0	1	88334	1	0	next	false_alarm	92
MAXED_1021_Day_A	15	Pulse	99	1160000	14831	NA
MAXED_1021_Day_A	15	Pulse	99	1180000	34831	NA
MAXED_1021_Day_A	15	Pulse	99	1200000	54831	NA
MAXED_1021_Day_A	15	Pulse	99	1220000	74831	NA
MAXED_1021_Day_A	15	Response	88	1233426	88257	1
MAXED_1021_Day_A	16	Picture	instructions_16	1233503	0	1	64500	1	0	next	false_alarm	97
MAXED_1021_Day_A	16	Pulse	99	1240000	6497	NA
MAXED_1021_Day_A	16	Pulse	99	1260000	26497	NA
MAXED_1021_Day_A	16	Pulse	99	1280000	46497	NA
MAXED_1021_Day_A	16	Response	88	1297826	64323	1
MAXED_1021_Day_A	17	Picture	instructions_17	1298003	0	1	15167	1	0	next	false_alarm	100
MAXED_1021_Day_A	17	Pulse	99	1300000	1997	NA
MAXED_1021_Day_A	17	Response	88	1313106	15103	1
MAXED_1021_Day_A	18	Picture	instructions_18	1313170	0	1	92667	1	0	next	false_alarm	107
MAXED_1021_Day_A	18	Pulse	99	1320000	6830	NA
MAXED_1021_Day_A	18	Pulse	99	1340000	26830	NA
MAXED_1021_Day_A	18	Pulse	99	1360000	46830	NA
MAXED_1021_Day_A	18	Pulse	99	1380000	66830	NA
MAXED_1021_Day_A	18	Pulse	99	1400000	86830	NA
MAXED_1021_Day_A	18	Response	88	1405666	92497	1
MAXED_1021_Day_A	19	Picture	instructions_19	1405837	0	1	55333	1	0	next	false_alarm	112
MAXED_1021_Day_A	19	Pulse	99	1420000	14163	NA
MAXED_1021_Day_A	19	Pulse	99	1440000	34163	NA
MAXED_1021_Day_A	19	Pulse	99	1460000	54163	NA
MAXED_1021_Day_A	19	Response	88	1461027	55190	1
MAXED_1021_Day_A	20	Picture	instructions_20	1461170	0	1	47667	1	0	next	false_alarm	116
MAXED_1021_Day_A	20	Pulse	99	1480000	18830	NA
MAXED_1021_Day_A	20	Pulse	99	1500000	38830	NA
MAXED_1021_Day_A	20	Response	88	1508707	47536	1
MAXED_1021_Day_A	21	Picture	instructions_21	1508837	0	1	64167	1	0	next	false_alarm	121
MAXED_1021_Day_A	21	Pulse	99	1520000	11163	NA
MAXED_1021_Day_A	21	Pulse	99	1540000	31163	NA
MAXED_1021_Day_A	21	Pulse	99	1560000	51163	NA
MAXED_1021_Day_A	21	Response	88	1572787	63950	1
MAXED_1021_Day_A	22	Picture	instructions_22	1573004	0	1	20667	1	0	next	false_alarm	124
MAXED_1021_Day_A	22	Pulse	99	1580000	6996	NA
MAXED_1021_Day_A	22	Response	88	1593507	20503	1
MAXED_1021_Day_A	23	Picture	instructions_23	1593671	0	1	111334	1	0	next	false_alarm	132
MAXED_1021_Day_A	23	Pulse	99	1600000	6329	NA
MAXED_1021_Day_A	23	Pulse	99	1620000	26329	NA
MAXED_1021_Day_A	23	Pulse	99	1640000	46329	NA
MAXED_1021_Day_A	23	Pulse	99	1660000	66329	NA
MAXED_1021_Day_A	23	Pulse	99	1680000	86329	NA
MAXED_1021_Day_A	23	Pulse	99	1700000	106329	NA
MAXED_1021_Day_A	23	Response	88	1704947	111277	1
MAXED_1021_Day_A	24	Picture	instructions_24	1705004	0	1	53333	1	0	next	false_alarm	136
MAXED_1021_Day_A	24	Pulse	99	1720000	14996	NA
MAXED_1021_Day_A	24	Pulse	99	1740000	34996	NA
MAXED_1021_Day_A	24	Response	88	1758147	53143	1
MAXED_1021_Day_A	25	Picture	instructions_25	1758338	0	1	38000	1	0	next	false_alarm	140
MAXED_1021_Day_A	25	Pulse	99	1760000	1662	NA
MAXED_1021_Day_A	25	Pulse	99	1780000	21662	NA
MAXED_1021_Day_A	25	Response	88	1796147	37809	1
MAXED_1021_Day_A	26	Picture	instructions_26	1796338	0	1	87000	1	0	next	false_alarm	147
MAXED_1021_Day_A	26	Pulse	99	1800000	3662	NA
MAXED_1021_Day_A	26	Pulse	99	1820000	23662	NA
MAXED_1021_Day_A	26	Pulse	99	1840000	43662	NA
MAXED_1021_Day_A	26	Pulse	99	1860000	63662	NA
MAXED_1021_Day_A	26	Pulse	99	1880000	83662	NA
MAXED_1021_Day_A	26	Response	88	1883187	86849	1
MAXED_1021_Day_A	27	Picture	instructions_27	1883338	0	1	59500	1	0	next	false_alarm	152
MAXED_1021_Day_A	27	Pulse	99	1900000	16662	NA
MAXED_1021_Day_A	27	Pulse	99	1920000	36662	NA
MAXED_1021_Day_A	27	Pulse	99	1940000	56662	NA
MAXED_1021_Day_A	27	Response	88	1942627	59289	1
MAXED_1021_Day_A	28	Picture	instructions_28	1942838	0	1	35833	1	0	next	false_alarm	155
MAXED_1021_Day_A	28	Pulse	99	1960000	17162	NA
MAXED_1021_Day_A	28	Response	88	1978467	35629	1
MAXED_1021_Day_A	29	Picture	instructions_29	1978672	0	1	40333	1	0	next	false_alarm	159
MAXED_1021_Day_A	29	Pulse	99	1980000	1328	NA
MAXED_1021_Day_A	29	Pulse	99	2000000	21328	NA
MAXED_1021_Day_A	29	Response	88	2018867	40196	1
MAXED_1021_Day_A	30	Picture	instructions_30	2019005	0	1	88834	1	0	next	false_alarm	166
MAXED_1021_Day_A	30	Pulse	99	2020000	995	NA
MAXED_1021_Day_A	30	Pulse	99	2040000	20995	NA
MAXED_1021_Day_A	30	Pulse	99	2060000	40995	NA
MAXED_1021_Day_A	30	Pulse	99	2080000	60995	NA
MAXED_1021_Day_A	30	Pulse	99	2100000	80995	NA
MAXED_1021_Day_A	30	Response	88	2107747	88742	1
MAXED_1021_Day_A	31	Picture	instructions_31	2107839	0	1	61667	1	0	next	false_alarm	171
MAXED_1021_Day_A	31	Pulse	99	2120000	12161	NA
MAXED_1021_Day_A	31	Pulse	99	2140000	32161	NA
MAXED_1021_Day_A	31	Pulse	99	2160000	52161	NA
MAXED_1021_Day_A	31	Response	88	2169428	61589	1
MAXED_1021_Day_A	32	Picture	instructions_32	2169505	0	1	88500	1	0	next	false_alarm	177
MAXED_1021_Day_A	32	Pulse	99	2180000	10495	NA
MAXED_1021_Day_A	32	Pulse	99	2200000	30495	NA
MAXED_1021_Day_A	32	Pulse	99	2220000	50495	NA
MAXED_1021_Day_A	32	Pulse	99	2240000	70495	NA
MAXED_1021_Day_A	32	Response	88	2257828	88323	1
MAXED_1021_Day_A	33	Picture	instructions_33	2258006	0	1	57500	1	0	next	false_alarm	182
MAXED_1021_Day_A	33	Pulse	99	2260000	1994	NA
MAXED_1021_Day_A	33	Pulse	99	2280000	21994	NA
MAXED_1021_Day_A	33	Pulse	99	2300000	41994	NA
MAXED_1021_Day_A	33	Response	88	2315428	57422	1
MAXED_1021_Day_A	34	Picture	instructions_34	2315506	0	1	74667	1	0	next	false_alarm	188
MAXED_1021_Day_A	34	Pulse	99	2320000	4494	NA
MAXED_1021_Day_A	34	Pulse	99	2340000	24494	NA
MAXED_1021_Day_A	34	Pulse	99	2360000	44494	NA
MAXED_1021_Day_A	34	Pulse	99	2380000	64494	NA
MAXED_1021_Day_A	34	Response	88	2390068	74562	1
MAXED_1021_Day_A	35	Picture	instructions_35	2390173	0	1	67834	1	0	next	false_alarm	193
MAXED_1021_Day_A	35	Pulse	99	2400000	9827	NA
MAXED_1021_Day_A	35	Pulse	99	2420000	29827	NA
MAXED_1021_Day_A	35	Pulse	99	2440000	49827	NA
MAXED_1021_Day_A	35	Response	88	2457828	67655	1
MAXED_1021_Day_A	36	Picture	instructions_36	2458006	0	1	83500	1	0	next	false_alarm	200
MAXED_1021_Day_A	36	Pulse	99	2460000	1994	NA
MAXED_1021_Day_A	36	Pulse	99	2480000	21994	NA
MAXED_1021_Day_A	36	Pulse	99	2500000	41994	NA
MAXED_1021_Day_A	36	Pulse	99	2520000	61994	NA
MAXED_1021_Day_A	36	Pulse	99	2540000	81994	NA
MAXED_1021_Day_A	36	Response	88	2541428	83422	1
MAXED_1021_Day_A	37	Picture	instructions_37	2541506	0	1	42333	1	0	next	false_alarm	204
MAXED_1021_Day_A	37	Pulse	99	2560000	18494	NA
MAXED_1021_Day_A	37	Pulse	99	2580000	38494	NA
MAXED_1021_Day_A	37	Response	88	2583748	42242	1
MAXED_1021_Day_A	38	Picture	instructions_38	2583840	0	1	44833	1	0	next	false_alarm	208
MAXED_1021_Day_A	38	Pulse	99	2600000	16160	NA
MAXED_1021_Day_A	38	Pulse	99	2620000	36160	NA
MAXED_1021_Day_A	38	Response	88	2628468	44628	1
MAXED_1021_Day_A	39	Picture	instructions_39	2628673	0	1	76334	1	0	next	false_alarm	214
MAXED_1021_Day_A	39	Pulse	99	2640000	11327	NA
MAXED_1021_Day_A	39	Pulse	99	2660000	31327	NA
MAXED_1021_Day_A	39	Pulse	99	2680000	51327	NA
MAXED_1021_Day_A	39	Pulse	99	2700000	71327	NA
MAXED_1021_Day_A	39	Response	88	2704868	76195	1
MAXED_1021_Day_A	40	Picture	instructions_40	2705007	0	1	63334	1	0	next	false_alarm	219
MAXED_1021_Day_A	40	Pulse	99	2720000	14993	NA
MAXED_1021_Day_A	40	Pulse	99	2740000	34993	NA
MAXED_1021_Day_A	40	Pulse	99	2760000	54993	NA
MAXED_1021_Day_A	40	Response	88	2768148	63141	1
MAXED_1021_Day_A	41	Picture	instructions_41	2768340	0	1	53333	1	0	next	false_alarm	224
MAXED_1021_Day_A	41	Pulse	99	2780000	11660	NA
MAXED_1021_Day_A	41	Pulse	99	2800000	31660	NA
MAXED_1021_Day_A	41	Pulse	99	2820000	51660	NA
MAXED_1021_Day_A	41	Response	88	2821588	53248	1
MAXED_1021_Day_A	42	Picture	instructions_42	2821674	0	1	66167	1	0	next	false_alarm	229
MAXED_1021_Day_A	42	Pulse	99	2840000	18326	NA
MAXED_1021_Day_A	42	Pulse	99	2860000	38326	NA
MAXED_1021_Day_A	42	Pulse	99	2880000	58326	NA
MAXED_1021_Day_A	42	Response	88	2887669	65995	1
MAXED_1021_Day_A	43	Picture	instructions_43	2887841	0	1	46167	1	0	next	false_alarm	233
MAXED_1021_Day_A	43	Pulse	99	2900000	12159	NA
MAXED_1021_Day_A	43	Pulse	99	2920000	32159	NA
MAXED_1021_Day_A	43	Response	88	2933909	46068	1
MAXED_1021_Day_A	44	Picture	instructions_44	2934008	0	1	91834	1	0	next	false_alarm	240
MAXED_1021_Day_A	44	Pulse	99	2940000	5993	NA
MAXED_1021_Day_A	44	Pulse	99	2960000	25993	NA
MAXED_1021_Day_A	44	Pulse	99	2980000	45993	NA
MAXED_1021_Day_A	44	Pulse	99	3000000	65993	NA
MAXED_1021_Day_A	44	Pulse	99	3020000	85993	NA
MAXED_1021_Day_A	44	Response	88	3025669	91661	1
MAXED_1021_Day_A	45	Picture	instructions_45	3025841	0	1	74167	1	0	next	false_alarm	245
MAXED_1021_Day_A	45	Pulse	99	3040000	14159	NA
MAXED_1021_Day_A	45	Pulse	99	3060000	34159	NA
MAXED_1021_Day_A	45	Pulse	99	3080000	54159	NA
MAXED_1021_Day_A	45	Response	88	3099829	73988	1
MAXED_1021_Day_A	45	Pulse	99	3100000	74159	NA
MAXED_1021_Day_A	46	Picture	instructions_46	3100008	0	1	36667	1	0	next	false_alarm	249
MAXED_1021_Day_A	46	Pulse	99	3120000	19992	NA
MAXED_1021_Day_A	46	Response	88	3136629	36621	1
MAXED_1021_Day_A	47	Picture	fixation	3136675	0	1	5167	1	0	next	other	0
MAXED_1021_Day_A	47	Pulse	99	3140000	3325	NA
MAXED_1021_Day_A	48	Picture	stage1	3141841	0	1	22667	1	0	next	false_alarm	254
MAXED_1021_Day_A	48	Pulse	99	3160000	18159	NA
MAXED_1021_Day_A	48	Response	1	3164309	22468	1
MAXED_1021_Day_A	49	Picture	stage1_box	3164508	0	1	7667	1	0	next	other	0
MAXED_1021_Day_A	50	Picture	stage1_outcome	3172175	0	1	167	1	0	next	other	0
MAXED_1021_Day_A	51	Picture	stage2A	3172341	0	1	19167	1	0	next	false_alarm	259
MAXED_1021_Day_A	51	Pulse	99	3180000	7659	NA
MAXED_1021_Day_A	51	Response	2	3191349	19007	1
MAXED_1021_Day_A	52	Picture	stage2_box	3191508	0	1	7667	1	0	next	other	0
MAXED_1021_Day_A	53	Picture	stage2_up	3199175	0	1	7667	1	0	next	other	0
MAXED_1021_Day_A	53	Pulse	99	3200000	825	NA
MAXED_1021_Day_A	54	Picture	stage2_win	3206842	0	1	10167	1	0	next	other	0
MAXED_1021_Day_A	55	Picture	stage1	3217008	0	1	13667	1	0	next	false_alarm	266
MAXED_1021_Day_A	55	Pulse	99	3220000	2992	NA
MAXED_1021_Day_A	55	Response	2	3230629	13620	1
MAXED_1021_Day_A	56	Picture	stage1_box	3230675	0	1	7667	1	0	next	other	0
MAXED_1021_Day_A	57	Picture	stage1_outcome	3238342	0	1	167	1	0	next	other	0
MAXED_1021_Day_A	58	Picture	stage2B	3238508	0	1	11333	1	0	next	false_alarm	271
MAXED_1021_Day_A	58	Pulse	99	3240000	1492	NA
MAXED_1021_Day_A	58	Response	1	3249749	11241	1
MAXED_1021_Day_A	59	Picture	stage2_box	3249842	0	1	7667	1	0	next	other	0
MAXED_1021_Day_A	60	Picture	stage2_up	3257508	0	1	7667	1	0	next	other	0
MAXED_1021_Day_A	60	Pulse	99	3260000	2492	NA
MAXED_1021_Day_A	61	Picture	stage2_lose	3265175	0	1	10167	1	0	next	other	0
MAXED_1021_Day_A	62	Picture	stage1	3275342	0	1	14833	1	0	next	false_alarm	278
MAXED_1021_Day_A	62	Pulse	99	3280000	4658	NA
MAXED_1021_Day_A	62	Response	1	3290069	14727	1
MAXED_1021_Day_A	63	Picture	stage1_box	3290175	0	1	7667	1	0	next	other	0
MAXED_1021_Day_A	64	Picture	stage1_outcome	3297842	0	1	167	1	0	next	other	0
MAXED_1021_Day_A	65	Picture	stage2A	3298008	0	1	14833	1	0	next	false_alarm	283
MAXED_1021_Day_A	65	Pulse	99	3300000	1992	NA
MAXED_1021_Day_A	65	Response	2	3312709	14701	1
MAXED_1021_Day_A	66	Picture	stage2_box	3312842	0	1	7667	1	0	next	other	0
MAXED_1021_Day_A	66	Pulse	99	3320000	7158	NA
MAXED_1021_Day_A	67	Picture	stage2_up	3320509	0	1	7667	1	0	next	other	0
MAXED_1021_Day_A	68	Picture	stage2_lose	3328175	0	1	10167	1	0	next	other	0
MAXED_1021_Day_A	69	Picture	stage1	3338342	0	1	10500	1	0	next	false_alarm	290
MAXED_1021_Day_A	69	Pulse	99	3340000	1658	NA
MAXED_1021_Day_A	69	Response	1	3348709	10367	1
MAXED_1021_Day_A	70	Picture	stage1_box	3348842	0	1	7667	1	0	next	other	0
MAXED_1021_Day_A	71	Picture	stage1_outcome	3356509	0	1	167	1	0	next	other	0
MAXED_1021_Day_A	72	Picture	stage2A	3356675	0	1	10333	1	0	next	false_alarm	295
MAXED_1021_Day_A	72	Pulse	99	3360000	3325	NA
MAXED_1021_Day_A	72	Response	1	3366869	10194	1
MAXED_1021_Day_A	73	Picture	stage2_box	3367009	0	1	7667	1	0	next	other	0
MAXED_1021_Day_A	74	Picture	stage2_up	3374675	0	1	7667	1	0	next	other	0
MAXED_1021_Day_A	74	Pulse	99	3380000	5325	NA
MAXED_1021_Day_A	75	Picture	stage2_lose	3382342	0	1	10167	1	0	next	other	0
MAXED_1021_Day_A	76	Picture	stage1	3392509	0	1	6667	1	0	next	false_alarm	301
MAXED_1021_Day_A	76	Response	2	3399029	6520	1
MAXED_1021_Day_A	77	Picture	stage1_box	3399175	0	1	7667	1	0	next	other	0
MAXED_1021_Day_A	77	Pulse	99	3400000	825	NA
MAXED_1021_Day_A	78	Picture	stage1_outcome	3406842	0	1	167	1	0	next	other	0
MAXED_1021_Day_A	79	Picture	stage2B	3407009	0	1	12667	1	0	next	false_alarm	306
MAXED_1021_Day_A	79	Response	1	3419589	12580	1
MAXED_1021_Day_A	80	Picture	stage2_box	3419675	0	1	7667	1	0	next	other	0
MAXED_1021_Day_A	80	Pulse	99	3420000	325	NA
MAXED_1021_Day_A	81	Picture	stage2_up	3427342	0	1	7667	1	0	next	other	0
MAXED_1021_Day_A	82	Picture	stage2_win	3435009	0	1	10167	1	0	next	other	0
MAXED_1021_Day_A	82	Pulse	99	3440000	4991	NA
MAXED_1021_Day_A	83	Picture	stage1	3445176	0	1	6667	1	0	next	false_alarm	313
MAXED_1021_Day_A	83	Response	2	3451669	6494	1
MAXED_1021_Day_A	84	Picture	stage1_box	3451842	0	1	7667	1	0	next	other	0
MAXED_1021_Day_A	85	Picture	stage1_outcome	3459509	0	1	167	1	0	next	other	0
MAXED_1021_Day_A	86	Picture	stage2B	3459676	0	1	9167	1	0	next	false_alarm	318
MAXED_1021_Day_A	86	Pulse	99	3460000	324	NA
MAXED_1021_Day_A	86	Response	1	3468789	9114	1
MAXED_1021_Day_A	87	Picture	stage2_box	3468842	0	1	7667	1	0	next	other	0
MAXED_1021_Day_A	88	Picture	stage2_up	3476509	0	1	7667	1	0	next	other	0
MAXED_1021_Day_A	88	Pulse	99	3480000	3491	NA
MAXED_1021_Day_A	89	Picture	stage2_win	3484176	0	1	10167	1	0	next	other	0
MAXED_1021_Day_A	90	Picture	stage1	3494342	0	1	7333	1	0	next	false_alarm	325
MAXED_1021_Day_A	90	Pulse	99	3500000	5658	NA
MAXED_1021_Day_A	90	Response	2	3501509	7167	1
MAXED_1021_Day_A	91	Picture	stage1_box	3501676	0	1	7667	1	0	next	other	0
MAXED_1021_Day_A	92	Picture	stage1_outcome	3509342	0	1	167	1	0	next	other	0
MAXED_1021_Day_A	93	Picture	stage2B	3509509	0	1	8000	1	0	next	false_alarm	329
MAXED_1021_Day_A	93	Response	1	3517429	7920	1
MAXED_1021_Day_A	94	Picture	stage2_box	3517509	0	1	7667	1	0	next	other	0
MAXED_1021_Day_A	94	Pulse	99	3520000	2491	NA
MAXED_1021_Day_A	95	Picture	stage2_up	3525176	0	1	7667	1	0	next	other	0
MAXED_1021_Day_A	96	Picture	stage2_lose	3532842	0	1	10167	1	0	next	other	0
MAXED_1021_Day_A	96	Pulse	99	3540000	7158	NA
MAXED_1021_Day_A	97	Picture	stage1	3543009	0	1	3833	1	0	next	false_alarm	336
MAXED_1021_Day_A	97	Response	2	3546789	3780	1
MAXED_1021_Day_A	98	Picture	stage1_box	3546842	0	1	7667	1	0	next	other	0
MAXED_1021_Day_A	99	Picture	stage1_outcome	3554509	0	1	167	1	0	next	other	0
MAXED_1021_Day_A	100	Picture	stage2B	3554676	0	1	9333	1	0	next	false_alarm	341
MAXED_1021_Day_A	100	Pulse	99	3560000	5324	NA
MAXED_1021_Day_A	100	Response	2	3563909	9234	1
MAXED_1021_Day_A	101	Picture	stage2_box	3564009	0	1	7667	1	0	next	other	0
MAXED_1021_Day_A	102	Picture	stage2_up	3571676	0	1	7667	1	0	next	other	0
MAXED_1021_Day_A	103	Picture	stage2_lose	3579343	0	1	10167	1	0	next	other	0
MAXED_1021_Day_A	103	Pulse	99	3580000	657	NA
MAXED_1021_Day_A	104	Picture	stage1	3589509	0	1	6667	1	0	next	false_alarm	347
MAXED_1021_Day_A	104	Response	1	3596069	6560	1
MAXED_1021_Day_A	105	Picture	stage1_box	3596176	0	1	7667	1	0	next	other	0
MAXED_1021_Day_A	105	Pulse	99	3600000	3824	NA
MAXED_1021_Day_A	106	Picture	stage1_outcome	3603843	0	1	167	1	0	next	other	0
MAXED_1021_Day_A	107	Picture	stage2A	3604009	0	1	5667	1	0	next	false_alarm	352
MAXED_1021_Day_A	107	Response	1	3609589	5580	1
MAXED_1021_Day_A	108	Picture	stage2_box	3609676	0	1	7667	1	0	next	other	0
MAXED_1021_Day_A	109	Picture	stage2_up	3617343	0	1	7667	1	0	next	other	0
MAXED_1021_Day_A	109	Pulse	99	3620000	2657	NA
MAXED_1021_Day_A	110	Picture	stage2_win	3625009	0	1	10167	1	0	next	other	0
MAXED_1021_Day_A	111	Picture	stage1	3635176	0	1	10500	1	0	next	false_alarm	359
MAXED_1021_Day_A	111	Pulse	99	3640000	4824	NA
MAXED_1021_Day_A	111	Response	1	3645509	10333	1
MAXED_1021_Day_A	112	Picture	stage1_box	3645676	0	1	7667	1	0	next	other	0
MAXED_1021_Day_A	113	Picture	stage1_outcome	3653343	0	1	167	1	0	next	other	0
MAXED_1021_Day_A	114	Picture	stage2B	3653509	0	1	14500	1	0	next	false_alarm	364
MAXED_1021_Day_A	114	Pulse	99	3660000	6491	NA
MAXED_1021_Day_A	114	Response	2	3667909	14400	1
MAXED_1021_Day_A	115	Picture	stage2_box	3668009	0	1	7667	1	0	next	other	0
MAXED_1021_Day_A	116	Picture	stage2_up	3675676	0	1	7667	1	0	next	other	0
MAXED_1021_Day_A	116	Pulse	99	3680000	4324	NA
MAXED_1021_Day_A	117	Picture	stage2_win	3683343	0	1	10167	1	0	next	other	0
MAXED_1021_Day_A	118	Picture	stage1	3693509	0	1	13000	1	0	next	false_alarm	371
MAXED_1021_Day_A	118	Pulse	99	3700000	6491	NA
MAXED_1021_Day_A	118	Response	1	3706470	12960	1
MAXED_1021_Day_A	119	Picture	stage1_box	3706510	0	1	7667	1	0	next	other	0
MAXED_1021_Day_A	120	Picture	stage1_outcome	3714176	0	1	167	1	0	next	other	0
MAXED_1021_Day_A	121	Picture	stage2A	3714343	0	1	13000	1	0	next	false_alarm	376
MAXED_1021_Day_A	121	Pulse	99	3720000	5657	NA
MAXED_1021_Day_A	121	Response	1	3727269	12927	1
MAXED_1021_Day_A	122	Picture	stage2_box	3727343	0	1	7667	1	0	next	other	0
MAXED_1021_Day_A	123	Picture	stage2_up	3735010	0	1	7667	1	0	next	other	0
MAXED_1021_Day_A	123	Pulse	99	3740000	4990	NA
MAXED_1021_Day_A	124	Picture	stage2_win	3742676	0	1	10167	1	0	next	other	0
MAXED_1021_Day_A	125	Picture	stage1	3752843	0	1	11500	1	0	next	false_alarm	383
MAXED_1021_Day_A	125	Pulse	99	3760000	7157	NA
MAXED_1021_Day_A	125	Response	1	3764150	11307	1
MAXED_1021_Day_A	126	Picture	stage1_box	3764343	0	1	7667	1	0	next	other	0
MAXED_1021_Day_A	127	Picture	stage1_outcome	3772010	0	1	167	1	0	next	other	0
MAXED_1021_Day_A	128	Picture	stage2A	3772176	0	1	14000	1	0	next	false_alarm	388
MAXED_1021_Day_A	128	Pulse	99	3780000	7824	NA
MAXED_1021_Day_A	128	Response	1	3785989	13813	1
MAXED_1021_Day_A	129	Picture	stage2_box	3786176	0	1	7667	1	0	next	other	0
MAXED_1021_Day_A	130	Picture	stage2_up	3793843	0	1	7667	1	0	next	other	0
MAXED_1021_Day_A	130	Pulse	99	3800000	6157	NA
MAXED_1021_Day_A	131	Picture	stage2_lose	3801510	0	1	10167	1	0	next	other	0
MAXED_1021_Day_A	132	Picture	stage1	3811676	0	1	8667	1	0	next	false_alarm	395
MAXED_1021_Day_A	132	Pulse	99	3820000	8324	NA
MAXED_1021_Day_A	132	Response	1	3820230	8553	1
MAXED_1021_Day_A	133	Picture	stage1_box	3820343	0	1	7667	1	0	next	other	0
MAXED_1021_Day_A	134	Picture	stage1_outcome	3828010	0	1	167	1	0	next	other	0
MAXED_1021_Day_A	135	Picture	stage2A	3828177	0	1	6000	1	0	next	false_alarm	399
MAXED_1021_Day_A	135	Response	2	3833990	5813	1
MAXED_1021_Day_A	136	Picture	stage2_box	3834177	0	1	7667	1	0	next	other	0
MAXED_1021_Day_A	136	Pulse	99	3840000	5823	NA
MAXED_1021_Day_A	137	Picture	stage2_up	3841843	0	1	7667	1	0	next	other	0
MAXED_1021_Day_A	138	Picture	stage2_win	3849510	0	1	10167	1	0	next	other	0
MAXED_1021_Day_A	139	Picture	stage1	3859677	0	1	7167	1	0	next	false_alarm	406
MAXED_1021_Day_A	139	Pulse	99	3860000	323	NA
MAXED_1021_Day_A	139	Response	1	3866710	7033	1
MAXED_1021_Day_A	140	Picture	stage1_box	3866843	0	1	7667	1	0	next	other	0
MAXED_1021_Day_A	141	Picture	stage1_outcome	3874510	0	1	167	1	0	next	other	0
MAXED_1021_Day_A	142	Picture	stage2A	3874677	0	1	7500	1	0	next	false_alarm	411
MAXED_1021_Day_A	142	Pulse	99	3880000	5323	NA
MAXED_1021_Day_A	142	Response	2	3882070	7393	1
MAXED_1021_Day_A	143	Picture	stage2_box	3882177	0	1	7667	1	0	next	other	0
MAXED_1021_Day_A	144	Picture	stage2_up	3889843	0	1	7667	1	0	next	other	0
MAXED_1021_Day_A	145	Picture	stage2_win	3897510	0	1	10167	1	0	next	other	0
MAXED_1021_Day_A	145	Pulse	99	3900000	2490	NA
MAXED_1021_Day_A	146	Picture	stage1	3907677	0	1	4667	1	0	next	false_alarm	417
MAXED_1021_Day_A	146	Response	1	3912150	4473	1
MAXED_1021_Day_A	147	Picture	stage1_box	3912343	0	1	7667	1	0	next	other	0
MAXED_1021_Day_A	147	Pulse	99	3920000	7657	NA
MAXED_1021_Day_A	148	Picture	stage1_outcome	3920010	0	1	167	1	0	next	other	0
MAXED_1021_Day_A	149	Picture	stage2A	3920177	0	1	3833	1	0	next	false_alarm	422
MAXED_1021_Day_A	149	Response	2	3923830	3653	1
MAXED_1021_Day_A	150	Picture	stage2_box	3924010	0	1	7667	1	0	next	other	0
MAXED_1021_Day_A	151	Picture	stage2_up	3931677	0	1	7667	1	0	next	other	0
MAXED_1021_Day_A	152	Picture	stage2_lose	3939343	0	1	10167	1	0	next	other	0
MAXED_1021_Day_A	152	Pulse	99	3940000	657	NA
MAXED_1021_Day_A	153	Picture	stage1	3949510	0	1	5833	1	0	next	false_alarm	428
MAXED_1021_Day_A	153	Response	2	3955190	5680	1
MAXED_1021_Day_A	154	Picture	stage1_box	3955344	0	1	7667	1	0	next	other	0
MAXED_1021_Day_A	154	Pulse	99	3960000	4656	NA
MAXED_1021_Day_A	155	Picture	stage1_outcome	3963010	0	1	167	1	0	next	other	0
MAXED_1021_Day_A	156	Picture	stage2A	3963177	0	1	6833	1	0	next	false_alarm	433
MAXED_1021_Day_A	156	Response	1	3969910	6733	1
MAXED_1021_Day_A	157	Picture	stage2_box	3970010	0	1	7667	1	0	next	other	0
MAXED_1021_Day_A	158	Picture	stage2_up	3977677	0	1	7667	1	0	next	other	0
MAXED_1021_Day_A	158	Pulse	99	3980000	2323	NA
MAXED_1021_Day_A	159	Picture	stage2_win	3985344	0	1	10167	1	0	next	other	0
MAXED_1021_Day_A	160	Picture	stage1	3995510	0	1	7500	1	0	next	false_alarm	440
MAXED_1021_Day_A	160	Pulse	99	4000000	4490	NA
MAXED_1021_Day_A	160	Response	2	4002870	7359	1
MAXED_1021_Day_A	161	Picture	stage1_box	4003010	0	1	7667	1	0	next	other	0
MAXED_1021_Day_A	162	Picture	stage1_outcome	4010677	0	1	167	1	0	next	other	0
MAXED_1021_Day_A	163	Picture	stage2A	4010844	0	1	6167	1	0	next	false_alarm	444
MAXED_1021_Day_A	163	Response	1	4016870	6026	1
MAXED_1021_Day_A	164	Picture	stage2_box	4017010	0	1	7667	1	0	next	other	0
MAXED_1021_Day_A	164	Pulse	99	4020000	2990	NA
MAXED_1021_Day_A	165	Picture	stage2_up	4024677	0	1	7667	1	0	next	other	0
MAXED_1021_Day_A	166	Picture	stage2_lose	4032344	0	1	10167	1	0	next	other	0
MAXED_1021_Day_A	166	Pulse	99	4040000	7656	NA
MAXED_1021_Day_A	167	Picture	stage1	4042510	0	1	5333	1	0	next	false_alarm	451
MAXED_1021_Day_A	167	Response	2	4047750	5239	1
MAXED_1021_Day_A	168	Picture	stage1_box	4047844	0	1	7667	1	0	next	other	0
MAXED_1021_Day_A	169	Picture	stage1_outcome	4055510	0	1	167	1	0	next	other	0
MAXED_1021_Day_A	170	Picture	stage2A	4055677	0	1	8667	1	0	next	false_alarm	456
MAXED_1021_Day_A	170	Pulse	99	4060000	4323	NA
MAXED_1021_Day_A	170	Response	2	4064230	8553	1
MAXED_1021_Day_A	171	Picture	stage2_box	4064344	0	1	7667	1	0	next	other	0
MAXED_1021_Day_A	172	Picture	stage2_up	4072010	0	1	7667	1	0	next	other	0
MAXED_1021_Day_A	173	Picture	stage2_win	4079677	0	1	10167	1	0	next	other	0
MAXED_1021_Day_A	173	Pulse	99	4080000	323	NA
MAXED_1021_Day_A	174	Picture	stage1	4089844	0	1	8167	1	0	next	false_alarm	462
MAXED_1021_Day_A	174	Response	2	4097830	7986	1
MAXED_1021_Day_A	175	Picture	stage1_box	4098011	0	1	7667	1	0	next	other	0
MAXED_1021_Day_A	175	Pulse	99	4100000	1989	NA
MAXED_1021_Day_A	176	Picture	stage1_outcome	4105677	0	1	167	1	0	next	other	0
MAXED_1021_Day_A	177	Picture	stage2B	4105844	0	1	9167	1	0	next	false_alarm	467
MAXED_1021_Day_A	177	Response	2	4114870	9026	1
MAXED_1021_Day_A	178	Picture	stage2_box	4115011	0	1	7667	1	0	next	other	0
MAXED_1021_Day_A	178	Pulse	99	4120000	4989	NA
MAXED_1021_Day_A	179	Picture	stage2_up	4122677	0	1	7667	1	0	next	other	0
MAXED_1021_Day_A	180	Picture	stage2_win	4130344	0	1	10167	1	0	next	other	0
MAXED_1021_Day_A	180	Pulse	99	4140000	9656	NA
MAXED_1021_Day_A	181	Picture	stage1	4140511	0	1	8500	1	0	next	false_alarm	474
MAXED_1021_Day_A	181	Response	2	4148950	8439	1
MAXED_1021_Day_A	182	Picture	stage1_box	4149011	0	1	7667	1	0	next	other	0
MAXED_1021_Day_A	183	Picture	stage1_outcome	4156677	0	1	167	1	0	next	other	0
MAXED_1021_Day_A	184	Picture	stage2B	4156844	0	1	8167	1	0	next	false_alarm	479
MAXED_1021_Day_A	184	Pulse	99	4160000	3156	NA
MAXED_1021_Day_A	184	Response	2	4164870	8026	1
MAXED_1021_Day_A	185	Picture	stage2_box	4165011	0	1	7667	1	0	next	other	0
MAXED_1021_Day_A	186	Picture	stage2_up	4172677	0	1	7667	1	0	next	other	0
MAXED_1021_Day_A	186	Pulse	99	4180000	7323	NA
MAXED_1021_Day_A	187	Picture	stage2_win	4180344	0	1	10167	1	0	next	other	0
MAXED_1021_Day_A	188	Picture	stage1	4190511	0	1	7167	1	0	next	false_alarm	485
MAXED_1021_Day_A	188	Response	2	4197510	6999	1
MAXED_1021_Day_A	189	Picture	stage1_box	4197677	0	1	7667	1	0	next	other	0
MAXED_1021_Day_A	189	Pulse	99	4200000	2323	NA
MAXED_1021_Day_A	190	Picture	stage1_outcome	4205344	0	1	167	1	0	next	other	0
MAXED_1021_Day_A	191	Picture	stage2A	4205511	0	1	8167	1	0	next	false_alarm	490
MAXED_1021_Day_A	191	Response	2	4213590	8080	1
MAXED_1021_Day_A	192	Picture	stage2_box	4213678	0	1	7667	1	0	next	other	0
MAXED_1021_Day_A	192	Pulse	99	4220000	6322	NA
MAXED_1021_Day_A	193	Picture	stage2_up	4221344	0	1	7667	1	0	next	other	0
MAXED_1021_Day_A	194	Picture	stage2_lose	4229011	0	1	10167	1	0	next	other	0
MAXED_1021_Day_A	195	Picture	stage1	4239178	0	1	6667	1	0	next	false_alarm	497
MAXED_1021_Day_A	195	Pulse	99	4240000	822	NA
MAXED_1021_Day_A	195	Response	2	4245750	6573	1
MAXED_1021_Day_A	196	Picture	stage1_box	4245844	0	1	7667	1	0	next	other	0
MAXED_1021_Day_A	197	Picture	stage1_outcome	4253511	0	1	167	1	0	next	other	0
MAXED_1021_Day_A	198	Picture	stage2B	4253678	0	1	13667	1	0	next	false_alarm	502
MAXED_1021_Day_A	198	Pulse	99	4260000	6322	NA
MAXED_1021_Day_A	198	Response	1	4267190	13513	1
MAXED_1021_Day_A	199	Picture	stage2_box	4267344	0	1	7667	1	0	next	other	0
MAXED_1021_Day_A	200	Picture	stage2_up	4275011	0	1	7667	1	0	next	other	0
MAXED_1021_Day_A	200	Pulse	99	4280000	4989	NA
MAXED_1021_Day_A	201	Picture	stage2_win	4282678	0	1	10167	1	0	next	other	0
MAXED_1021_Day_A	202	Picture	stage1	4292844	0	1	7000	1	0	next	false_alarm	508
MAXED_1021_Day_A	202	Response	2	4299750	6906	1
MAXED_1021_Day_A	203	Picture	stage1_box	4299844	0	1	7667	1	0	next	other	0
MAXED_1021_Day_A	203	Pulse	99	4300000	156	NA
MAXED_1021_Day_A	204	Picture	stage1_outcome	4307511	0	1	167	1	0	next	other	0
MAXED_1021_Day_A	205	Picture	stage2B	4307678	0	1	7333	1	0	next	false_alarm	513
MAXED_1021_Day_A	205	Response	1	4314870	7193	1
MAXED_1021_Day_A	206	Picture	stage2_box	4315011	0	1	7667	1	0	next	other	0
MAXED_1021_Day_A	206	Pulse	99	4320000	4989	NA
MAXED_1021_Day_A	207	Picture	stage2_up	4322678	0	1	7667	1	0	next	other	0
MAXED_1021_Day_A	208	Picture	stage2_win	4330345	0	1	10167	1	0	next	other	0
MAXED_1021_Day_A	208	Pulse	99	4340000	9655	NA
MAXED_1021_Day_A	209	Picture	stage1	4340511	0	1	6167	1	0	next	false_alarm	520
MAXED_1021_Day_A	209	Response	2	4346550	6039	1
MAXED_1021_Day_A	210	Picture	stage1_box	4346678	0	1	7667	1	0	next	other	0
MAXED_1021_Day_A	211	Picture	stage1_outcome	4354345	0	1	167	1	0	next	other	0
MAXED_1021_Day_A	212	Picture	stage2B	4354511	0	1	5500	1	0	next	false_alarm	524
MAXED_1021_Day_A	212	Response	1	4359911	5399	1
MAXED_1021_Day_A	212	Pulse	99	4360000	5489	NA
MAXED_1021_Day_A	213	Picture	stage2_box	4360011	0	1	7667	1	0	next	other	0
MAXED_1021_Day_A	214	Picture	stage2_up	4367678	0	1	7667	1	0	next	other	0
MAXED_1021_Day_A	215	Picture	stage2_win	4375345	0	1	10167	1	0	next	other	0
MAXED_1021_Day_A	215	Pulse	99	4380000	4655	NA
MAXED_1021_Day_A	216	Picture	stage1	4385511	0	1	5667	1	0	next	false_alarm	531
MAXED_1021_Day_A	216	Response	2	4391111	5599	1
MAXED_1021_Day_A	217	Picture	stage1_box	4391178	0	1	7667	1	0	next	other	0
MAXED_1021_Day_A	218	Picture	stage1_outcome	4398845	0	1	167	1	0	next	other	0
MAXED_1021_Day_A	219	Picture	stage2A	4399011	0	1	6833	1	0	next	false_alarm	536
MAXED_1021_Day_A	219	Pulse	99	4400000	989	NA
MAXED_1021_Day_A	219	Response	1	4405671	6659	1
MAXED_1021_Day_A	220	Picture	stage2_box	4405845	0	1	7667	1	0	next	other	0
MAXED_1021_Day_A	221	Picture	stage2_up	4413511	0	1	7667	1	0	next	other	0
MAXED_1021_Day_A	221	Pulse	99	4420000	6489	NA
MAXED_1021_Day_A	222	Picture	stage2_lose	4421178	0	1	10167	1	0	next	other	0
MAXED_1021_Day_A	223	Pulse	99	4440000	8655	NA
MAXED_1021_Day_A	223	Pulse	99	4460000	28655	NA
MAXED_1021_Day_A	223	Pulse	99	4480000	48655	NA
MAXED_1021_Day_A	223	Response	88	4487271	55926	1
