Scenario - 
Logfile written - 07/29/2022 18:41:28

Subject	Trial	Event Type	Code	Time	TTime	Uncertainty	Duration	Uncertainty	ReqTime	ReqDur	Stim Type	Pair Index

MAXED_1030	0	Pulse	99	0	0	NA
MAXED_1030	1	Picture	instructions_1	500	0	1	348715	1	0	next	false_alarm	20
MAXED_1030	1	Pulse	99	20000	19500	NA
MAXED_1030	1	Pulse	99	40000	39500	NA
MAXED_1030	1	Pulse	99	60000	59500	NA
MAXED_1030	1	Pulse	99	80000	79500	NA
MAXED_1030	1	Pulse	99	100000	99500	NA
MAXED_1030	1	Pulse	99	120000	119500	NA
MAXED_1030	1	Pulse	99	140000	139500	NA
MAXED_1030	1	Pulse	99	160000	159500	NA
MAXED_1030	1	Pulse	99	180000	179500	NA
MAXED_1030	1	Pulse	99	200000	199500	NA
MAXED_1030	1	Pulse	99	220000	219500	NA
MAXED_1030	1	Pulse	99	240000	239500	NA
MAXED_1030	1	Pulse	99	260000	259500	NA
MAXED_1030	1	Pulse	99	280000	279500	NA
MAXED_1030	1	Pulse	99	300000	299500	NA
MAXED_1030	1	Pulse	99	320000	319500	NA
MAXED_1030	1	Pulse	99	340000	339500	NA
MAXED_1030	1	Response	88	349048	348548	1
MAXED_1030	2	Picture	instructions_2	349215	0	1	171275	1	0	next	false_alarm	31
MAXED_1030	2	Pulse	99	360000	10785	NA
MAXED_1030	2	Pulse	99	380000	30785	NA
MAXED_1030	2	Pulse	99	400000	50785	NA
MAXED_1030	2	Pulse	99	420000	70785	NA
MAXED_1030	2	Pulse	99	440000	90785	NA
MAXED_1030	2	Pulse	99	460000	110785	NA
MAXED_1030	2	Pulse	99	480000	130785	NA
MAXED_1030	2	Pulse	99	500000	150785	NA
MAXED_1030	2	Pulse	99	520000	170785	NA
MAXED_1030	2	Response	88	520408	171193	1
MAXED_1030	3	Picture	instructions_3	520490	0	1	50816	1	0	next	false_alarm	35
MAXED_1030	3	Pulse	99	540000	19510	NA
MAXED_1030	3	Pulse	99	560000	39510	NA
MAXED_1030	3	Response	88	571069	50579	1
MAXED_1030	4	Picture	instructions_4	571306	0	1	31989	1	0	next	false_alarm	39
MAXED_1030	4	Pulse	99	580000	8694	NA
MAXED_1030	4	Pulse	99	600000	28694	NA
MAXED_1030	4	Response	88	603178	31873	1
MAXED_1030	5	Picture	instructions_5	603295	0	1	133621	1	0	next	false_alarm	47
MAXED_1030	5	Pulse	99	620000	16705	NA
MAXED_1030	5	Pulse	99	640000	36705	NA
MAXED_1030	5	Pulse	99	660000	56705	NA
MAXED_1030	5	Pulse	99	680000	76705	NA
MAXED_1030	5	Pulse	99	700000	96705	NA
MAXED_1030	5	Pulse	99	720000	116705	NA
MAXED_1030	5	Response	88	736822	133527	1
MAXED_1030	6	Picture	instructions_6	736916	0	1	32322	1	0	next	false_alarm	51
MAXED_1030	6	Pulse	99	740000	3084	NA
MAXED_1030	6	Pulse	99	760000	23084	NA
MAXED_1030	6	Response	88	769155	32238	1
MAXED_1030	7	Picture	instructions_7	769239	0	1	94301	1	0	next	false_alarm	58
MAXED_1030	7	Pulse	99	780000	10761	NA
MAXED_1030	7	Pulse	99	800000	30761	NA
MAXED_1030	7	Pulse	99	820000	50761	NA
MAXED_1030	7	Pulse	99	840000	70761	NA
MAXED_1030	7	Pulse	99	860000	90761	NA
MAXED_1030	7	Response	88	863340	94101	1
MAXED_1030	8	Picture	instructions_8	863540	0	1	45318	1	0	next	false_alarm	62
MAXED_1030	8	Pulse	99	880000	16460	NA
MAXED_1030	8	Pulse	99	900000	36460	NA
MAXED_1030	8	Response	88	908748	45208	1
MAXED_1030	9	Picture	instructions_9	908858	0	1	15661	1	0	next	false_alarm	65
MAXED_1030	9	Pulse	99	920000	11142	NA
MAXED_1030	9	Response	88	924310	15452	1
MAXED_1030	10	Picture	instructions_10	924519	0	1	85804	1	0	next	false_alarm	71
MAXED_1030	10	Pulse	99	940000	15481	NA
MAXED_1030	10	Pulse	99	960000	35481	NA
MAXED_1030	10	Pulse	99	980000	55481	NA
MAXED_1030	10	Pulse	99	1000000	75481	NA
MAXED_1030	10	Response	88	1010178	85659	1
MAXED_1030	11	Picture	instructions_11	1010323	0	1	46984	1	0	next	false_alarm	75
MAXED_1030	11	Pulse	99	1020000	9677	NA
MAXED_1030	11	Pulse	99	1040000	29677	NA
MAXED_1030	11	Response	88	1057187	46863	1
MAXED_1030	12	Picture	instructions_12	1057307	0	1	115794	1	0	next	false_alarm	81
MAXED_1030	12	Pulse	99	1060000	2693	NA
MAXED_1030	12	Pulse	99	1080000	22693	NA
MAXED_1030	12	Pulse	99	1100000	42693	NA
MAXED_1030	12	Pulse	99	1120000	62693	NA
MAXED_1030	12	Response	1	1122232	64925	1
MAXED_1030	12	Pulse	99	1140000	82693	NA
MAXED_1030	12	Pulse	99	1160000	102693	NA
MAXED_1030	12	Response	88	1172874	115567	1
MAXED_1030	13	Picture	instructions_13	1173101	0	1	77807	1	0	next	false_alarm	90
MAXED_1030	13	Pulse	99	1180000	6899	NA
MAXED_1030	13	Pulse	99	1200000	26899	NA
MAXED_1030	13	Pulse	99	1220000	46899	NA
MAXED_1030	13	Pulse	99	1240000	66899	NA
MAXED_1030	13	Response	88	1250775	77673	1
MAXED_1030	14	Picture	instructions_14	1250908	0	1	23825	1	0	next	false_alarm	93
MAXED_1030	14	Pulse	99	1260000	9092	NA
MAXED_1030	14	Response	88	1274553	23644	1
MAXED_1030	15	Picture	instructions_15	1274734	0	1	93801	1	0	next	false_alarm	100
MAXED_1030	15	Pulse	99	1280000	5266	NA
MAXED_1030	15	Pulse	99	1300000	25266	NA
MAXED_1030	15	Pulse	99	1320000	45266	NA
MAXED_1030	15	Pulse	99	1340000	65266	NA
MAXED_1030	15	Pulse	99	1360000	85266	NA
MAXED_1030	15	Response	88	1368336	93602	1
MAXED_1030	16	Picture	instructions_16	1368535	0	1	127790	1	0	next	false_alarm	105
MAXED_1030	16	Pulse	99	1380000	11465	NA
MAXED_1030	16	Pulse	99	1400000	31465	NA
MAXED_1030	16	Pulse	99	1420000	51465	NA
MAXED_1030	16	Response	2	1421448	52913	1
MAXED_1030	16	Pulse	99	1440000	71465	NA
MAXED_1030	16	Pulse	99	1460000	91465	NA
MAXED_1030	16	Pulse	99	1480000	111465	NA
MAXED_1030	16	Response	88	1496141	127606	1
MAXED_1030	17	Picture	instructions_17	1496325	0	1	18827	1	0	next	false_alarm	112
MAXED_1030	17	Pulse	99	1500000	3675	NA
MAXED_1030	17	Response	88	1515021	18696	1
MAXED_1030	18	Picture	instructions_18	1515152	0	1	52149	1	0	next	false_alarm	117
MAXED_1030	18	Pulse	99	1520000	4848	NA
MAXED_1030	18	Pulse	99	1540000	24848	NA
MAXED_1030	18	Pulse	99	1560000	44848	NA
MAXED_1030	18	Response	88	1567198	52047	1
MAXED_1030	19	Picture	instructions_19	1567301	0	1	65145	1	0	next	false_alarm	122
MAXED_1030	19	Pulse	99	1580000	12699	NA
MAXED_1030	19	Pulse	99	1600000	32699	NA
MAXED_1030	19	Pulse	99	1620000	52699	NA
MAXED_1030	19	Response	88	1632381	65080	1
MAXED_1030	20	Picture	instructions_20	1632445	0	1	53982	1	0	next	false_alarm	127
MAXED_1030	20	Pulse	99	1640000	7555	NA
MAXED_1030	20	Pulse	99	1660000	27555	NA
MAXED_1030	20	Pulse	99	1680000	47555	NA
MAXED_1030	20	Response	88	1686281	53835	1
MAXED_1030	21	Picture	instructions_21	1686427	0	1	47317	1	0	next	false_alarm	131
MAXED_1030	21	Pulse	99	1700000	13573	NA
MAXED_1030	21	Pulse	99	1720000	33573	NA
MAXED_1030	21	Response	88	1733654	47227	1
MAXED_1030	22	Picture	instructions_22	1733744	0	1	23992	1	0	next	false_alarm	134
MAXED_1030	22	Pulse	99	1740000	6256	NA
MAXED_1030	22	Response	88	1757574	23830	1
MAXED_1030	23	Picture	instructions_23	1757736	0	1	62645	1	0	next	false_alarm	140
MAXED_1030	23	Pulse	99	1760000	2264	NA
MAXED_1030	23	Pulse	99	1780000	22264	NA
MAXED_1030	23	Pulse	99	1800000	42264	NA
MAXED_1030	23	Pulse	99	1820000	62264	NA
MAXED_1030	23	Response	88	1820193	62457	1
MAXED_1030	24	Picture	instructions_24	1820381	0	1	68977	1	0	next	false_alarm	145
MAXED_1030	24	Pulse	99	1840000	19619	NA
MAXED_1030	24	Pulse	99	1860000	39619	NA
MAXED_1030	24	Pulse	99	1880000	59619	NA
MAXED_1030	24	Response	88	1889138	68756	1
MAXED_1030	25	Picture	instructions_25	1889358	0	1	84138	1	0	next	false_alarm	151
MAXED_1030	25	Pulse	99	1900000	10642	NA
MAXED_1030	25	Pulse	99	1920000	30642	NA
MAXED_1030	25	Pulse	99	1940000	50642	NA
MAXED_1030	25	Pulse	99	1960000	70642	NA
MAXED_1030	25	Response	88	1973309	83951	1
MAXED_1030	26	Picture	instructions_26	1973496	0	1	69476	1	0	next	false_alarm	157
MAXED_1030	26	Pulse	99	1980000	6504	NA
MAXED_1030	26	Pulse	99	2000000	26504	NA
MAXED_1030	26	Pulse	99	2020000	46504	NA
MAXED_1030	26	Pulse	99	2040000	66504	NA
MAXED_1030	26	Response	88	2042848	69352	1
MAXED_1030	27	Picture	instructions_27	2042972	0	1	35655	1	0	next	false_alarm	160
MAXED_1030	27	Pulse	99	2060000	17028	NA
MAXED_1030	27	Response	88	2078401	35429	1
MAXED_1030	28	Picture	instructions_28	2078627	0	1	16828	1	0	next	false_alarm	163
MAXED_1030	28	Pulse	99	2080000	1373	NA
MAXED_1030	28	Response	88	2095332	16704	1
MAXED_1030	29	Picture	instructions_29	2095455	0	1	37487	1	0	next	false_alarm	167
MAXED_1030	29	Pulse	99	2100000	4545	NA
MAXED_1030	29	Pulse	99	2120000	24545	NA
MAXED_1030	29	Response	88	2132815	37360	1
MAXED_1030	30	Picture	instructions_30	2132942	0	1	131955	1	0	next	false_alarm	175
MAXED_1030	30	Pulse	99	2140000	7058	NA
MAXED_1030	30	Pulse	99	2160000	27058	NA
MAXED_1030	30	Pulse	99	2180000	47058	NA
MAXED_1030	30	Pulse	99	2200000	67058	NA
MAXED_1030	30	Pulse	99	2220000	87058	NA
MAXED_1030	30	Pulse	99	2240000	107058	NA
MAXED_1030	30	Response	2	2256587	123645	1
MAXED_1030	30	Pulse	99	2260000	127058	NA
MAXED_1030	30	Response	88	2264788	131846	1
MAXED_1030	31	Picture	instructions_31	2264897	0	1	47484	1	0	next	false_alarm	181
MAXED_1030	31	Pulse	99	2280000	15103	NA
MAXED_1030	31	Pulse	99	2300000	35103	NA
MAXED_1030	31	Response	88	2312262	47364	1
MAXED_1030	32	Picture	instructions_32	2312381	0	1	102965	1	0	next	false_alarm	188
MAXED_1030	32	Pulse	99	2320000	7619	NA
MAXED_1030	32	Pulse	99	2340000	27619	NA
MAXED_1030	32	Pulse	99	2360000	47619	NA
MAXED_1030	32	Pulse	99	2380000	67619	NA
MAXED_1030	32	Pulse	99	2400000	87619	NA
MAXED_1030	32	Response	88	2415271	102890	1
MAXED_1030	33	Picture	instructions_33	2415346	0	1	39986	1	0	next	false_alarm	192
MAXED_1030	33	Pulse	99	2420000	4654	NA
MAXED_1030	33	Pulse	99	2440000	24654	NA
MAXED_1030	33	Response	88	2455213	39867	1
MAXED_1030	34	Picture	instructions_34	2455332	0	1	70143	1	0	next	false_alarm	198
MAXED_1030	34	Pulse	99	2460000	4668	NA
MAXED_1030	34	Pulse	99	2480000	24668	NA
MAXED_1030	34	Pulse	99	2500000	44668	NA
MAXED_1030	34	Pulse	99	2520000	64668	NA
MAXED_1030	34	Response	88	2525284	69952	1
MAXED_1030	35	Picture	instructions_35	2525475	0	1	95967	1	0	next	false_alarm	205
MAXED_1030	35	Pulse	99	2540000	14525	NA
MAXED_1030	35	Pulse	99	2560000	34525	NA
MAXED_1030	35	Pulse	99	2580000	54525	NA
MAXED_1030	35	Pulse	99	2600000	74525	NA
MAXED_1030	35	Pulse	99	2620000	94525	NA
MAXED_1030	35	Response	88	2621337	95862	1
MAXED_1030	36	Picture	instructions_36	2621443	0	1	131955	1	0	next	false_alarm	213
MAXED_1030	36	Pulse	99	2640000	18557	NA
MAXED_1030	36	Pulse	99	2660000	38557	NA
MAXED_1030	36	Pulse	99	2680000	58557	NA
MAXED_1030	36	Pulse	99	2700000	78557	NA
MAXED_1030	36	Pulse	99	2720000	98557	NA
MAXED_1030	36	Pulse	99	2740000	118557	NA
MAXED_1030	36	Response	88	2753168	131726	1
MAXED_1030	37	Picture	instructions_37	2753398	0	1	19493	1	0	next	false_alarm	216
MAXED_1030	37	Pulse	99	2760000	6602	NA
MAXED_1030	37	Response	88	2772776	19378	1
MAXED_1030	38	Picture	instructions_38	2772891	0	1	53315	1	0	next	false_alarm	221
MAXED_1030	38	Pulse	99	2780000	7109	NA
MAXED_1030	38	Pulse	99	2800000	27109	NA
MAXED_1030	38	Pulse	99	2820000	47109	NA
MAXED_1030	38	Response	88	2826140	53249	1
MAXED_1030	39	Picture	instructions_39	2826206	0	1	96967	1	0	next	false_alarm	228
MAXED_1030	39	Pulse	99	2840000	13794	NA
MAXED_1030	39	Pulse	99	2860000	33794	NA
MAXED_1030	39	Pulse	99	2880000	53794	NA
MAXED_1030	39	Pulse	99	2900000	73794	NA
MAXED_1030	39	Pulse	99	2920000	93794	NA
MAXED_1030	39	Response	88	2923048	96842	1
MAXED_1030	40	Picture	instructions_40	2923173	0	1	62146	1	0	next	false_alarm	233
MAXED_1030	40	Pulse	99	2940000	16827	NA
MAXED_1030	40	Pulse	99	2960000	36827	NA
MAXED_1030	40	Pulse	99	2980000	56827	NA
MAXED_1030	40	Response	88	2985268	62094	1
MAXED_1030	41	Picture	instructions_41	2985319	0	1	47151	1	0	next	false_alarm	237
MAXED_1030	41	Pulse	99	3000000	14681	NA
MAXED_1030	41	Pulse	99	3020000	34681	NA
MAXED_1030	41	Response	88	3032406	47087	1
MAXED_1030	42	Picture	instructions_42	3032470	0	1	77307	1	0	next	false_alarm	243
MAXED_1030	42	Pulse	99	3040000	7530	NA
MAXED_1030	42	Pulse	99	3060000	27530	NA
MAXED_1030	42	Pulse	99	3080000	47530	NA
MAXED_1030	42	Pulse	99	3100000	67530	NA
MAXED_1030	42	Response	88	3109653	77183	1
MAXED_1030	43	Picture	instructions_43	3109777	0	1	62312	1	0	next	false_alarm	248
MAXED_1030	43	Pulse	99	3120000	10223	NA
MAXED_1030	43	Pulse	99	3140000	30223	NA
MAXED_1030	43	Pulse	99	3160000	50223	NA
MAXED_1030	43	Response	88	3172027	62251	1
MAXED_1030	44	Picture	instructions_44	3172089	0	1	83638	1	0	next	false_alarm	254
MAXED_1030	44	Pulse	99	3180000	7911	NA
MAXED_1030	44	Pulse	99	3200000	27911	NA
MAXED_1030	44	Pulse	99	3220000	47911	NA
MAXED_1030	44	Pulse	99	3240000	67911	NA
MAXED_1030	44	Response	88	3255617	83528	1
MAXED_1030	45	Picture	instructions_45	3255727	0	1	142951	1	0	next	false_alarm	263
MAXED_1030	45	Pulse	99	3260000	4273	NA
MAXED_1030	45	Pulse	99	3280000	24273	NA
MAXED_1030	45	Pulse	99	3300000	44273	NA
MAXED_1030	45	Pulse	99	3320000	64273	NA
MAXED_1030	45	Pulse	99	3340000	84273	NA
MAXED_1030	45	Pulse	99	3360000	104273	NA
MAXED_1030	45	Pulse	99	3380000	124273	NA
MAXED_1030	45	Response	88	3398589	142862	1
MAXED_1030	46	Picture	instructions_46	3398679	0	1	39153	1	0	next	false_alarm	267
MAXED_1030	46	Pulse	99	3400000	1321	NA
MAXED_1030	46	Pulse	99	3420000	21321	NA
MAXED_1030	46	Response	88	3437668	38989	1
MAXED_1030	47	Picture	fixation	3437832	0	1	5165	1	0	next	other	0
MAXED_1030	47	Pulse	99	3440000	2168	NA
MAXED_1030	48	Picture	stage1	3442997	0	1	27491	1	0	next	false_alarm	272
MAXED_1030	48	Pulse	99	3460000	17003	NA
MAXED_1030	48	Response	2	3470291	27294	1
MAXED_1030	49	Picture	stage1_box	3470488	0	1	7664	1	0	next	other	0
MAXED_1030	50	Picture	stage1_outcome	3478152	0	1	167	1	0	next	other	0
MAXED_1030	51	Picture	stage2B	3478318	0	1	35488	1	0	next	false_alarm	278
MAXED_1030	51	Pulse	99	3480000	1682	NA
MAXED_1030	51	Pulse	99	3500000	21682	NA
MAXED_1030	51	Response	2	3513739	35421	1
MAXED_1030	52	Picture	stage2_box	3513806	0	1	7664	1	0	next	other	0
MAXED_1030	52	Pulse	99	3520000	6194	NA
MAXED_1030	53	Picture	stage2_up	3521470	0	1	7664	1	0	next	other	0
MAXED_1030	54	Picture	stage2_lose	3529134	0	1	10163	1	0	next	other	0
MAXED_1030	55	Picture	stage1	3539297	0	1	15161	1	0	next	false_alarm	285
MAXED_1030	55	Pulse	99	3540000	703	NA
MAXED_1030	55	Response	1	3554415	15118	1
MAXED_1030	56	Picture	stage1_box	3554459	0	1	7664	1	0	next	other	0
MAXED_1030	56	Pulse	99	3560000	5541	NA
MAXED_1030	57	Picture	stage1_outcome	3562123	0	1	167	1	0	next	other	0
MAXED_1030	58	Picture	stage2A	3562290	0	1	7664	1	0	next	false_alarm	290
MAXED_1030	58	Response	1	3569920	7630	1
MAXED_1030	59	Picture	stage2_box	3569954	0	1	7664	1	0	next	other	0
MAXED_1030	60	Picture	stage2_up	3577618	0	1	7664	1	0	next	other	0
MAXED_1030	60	Pulse	99	3580000	2382	NA
MAXED_1030	61	Picture	stage2_lose	3585282	0	1	10163	1	0	next	other	0
MAXED_1030	62	Picture	stage1	3595445	0	1	4165	1	0	next	false_alarm	296
MAXED_1030	62	Response	2	3599535	4090	1
MAXED_1030	63	Picture	stage1_box	3599610	0	1	7664	1	0	next	other	0
MAXED_1030	63	Pulse	99	3600000	390	NA
MAXED_1030	64	Picture	stage1_outcome	3607274	0	1	167	1	0	next	other	0
MAXED_1030	65	Picture	stage2B	3607441	0	1	8830	1	0	next	false_alarm	301
MAXED_1030	65	Response	2	3616210	8769	1
MAXED_1030	66	Picture	stage2_box	3616271	0	1	7664	1	0	next	other	0
MAXED_1030	66	Pulse	99	3620000	3729	NA
MAXED_1030	67	Picture	stage2_up	3623935	0	1	7664	1	0	next	other	0
MAXED_1030	68	Picture	stage2_lose	3631599	0	1	10163	1	0	next	other	0
MAXED_1030	68	Pulse	99	3640000	8401	NA
MAXED_1030	69	Picture	stage1	3641763	0	1	4332	1	0	next	false_alarm	308
MAXED_1030	69	Response	1	3645946	4183	1
MAXED_1030	70	Picture	stage1_box	3646095	0	1	7664	1	0	next	other	0
MAXED_1030	71	Picture	stage1_outcome	3653759	0	1	167	1	0	next	other	0
MAXED_1030	72	Picture	stage2A	3653925	0	1	6664	1	0	next	false_alarm	313
MAXED_1030	72	Pulse	99	3660000	6075	NA
MAXED_1030	72	Response	1	3660417	6492	1
MAXED_1030	73	Picture	stage2_box	3660590	0	1	7664	1	0	next	other	0
MAXED_1030	74	Picture	stage2_up	3668254	0	1	7664	1	0	next	other	0
MAXED_1030	75	Picture	stage2_win	3675918	0	1	10163	1	0	next	other	0
MAXED_1030	75	Pulse	99	3680000	4082	NA
MAXED_1030	76	Picture	stage1	3686081	0	1	7497	1	0	next	false_alarm	319
MAXED_1030	76	Response	1	3693447	7366	1
MAXED_1030	77	Picture	stage1_box	3693578	0	1	7664	1	0	next	other	0
MAXED_1030	77	Pulse	99	3700000	6422	NA
MAXED_1030	78	Picture	stage1_outcome	3701242	0	1	167	1	0	next	other	0
MAXED_1030	79	Picture	stage2A	3701409	0	1	6664	1	0	next	false_alarm	324
MAXED_1030	79	Response	2	3707873	6464	1
MAXED_1030	80	Picture	stage2_box	3708073	0	1	7664	1	0	next	other	0
MAXED_1030	81	Picture	stage2_up	3715738	0	1	7664	1	0	next	other	0
MAXED_1030	81	Pulse	99	3720000	4262	NA
MAXED_1030	82	Picture	stage2_win	3723402	0	1	10163	1	0	next	other	0
MAXED_1030	83	Picture	stage1	3733565	0	1	3332	1	0	next	false_alarm	330
MAXED_1030	83	Response	1	3736707	3142	1
MAXED_1030	84	Picture	stage1_box	3736897	0	1	7664	1	0	next	other	0
MAXED_1030	84	Pulse	99	3740000	3103	NA
MAXED_1030	85	Picture	stage1_outcome	3744561	0	1	167	1	0	next	other	0
MAXED_1030	86	Picture	stage2B	3744728	0	1	4665	1	0	next	false_alarm	335
MAXED_1030	86	Response	2	3749357	4629	1
MAXED_1030	87	Picture	stage2_box	3749393	0	1	7664	1	0	next	other	0
MAXED_1030	88	Picture	stage2_up	3757057	0	1	7664	1	0	next	other	0
MAXED_1030	88	Pulse	99	3760000	2943	NA
MAXED_1030	89	Picture	stage2_win	3764721	0	1	10163	1	0	next	other	0
MAXED_1030	90	Picture	stage1	3774884	0	1	3332	1	0	next	false_alarm	341
MAXED_1030	90	Response	1	3778180	3296	1
MAXED_1030	91	Picture	stage1_box	3778216	0	1	7664	1	0	next	other	0
MAXED_1030	91	Pulse	99	3780000	1784	NA
MAXED_1030	92	Picture	stage1_outcome	3785880	0	1	167	1	0	next	other	0
MAXED_1030	93	Picture	stage2A	3786047	0	1	7331	1	0	next	false_alarm	346
MAXED_1030	93	Response	2	3793182	7135	1
MAXED_1030	94	Picture	stage2_box	3793378	0	1	7664	1	0	next	other	0
MAXED_1030	94	Pulse	99	3800000	6622	NA
MAXED_1030	95	Picture	stage2_up	3801042	0	1	7664	1	0	next	other	0
MAXED_1030	96	Picture	stage2_win	3808706	0	1	10163	1	0	next	other	0
MAXED_1030	97	Picture	stage1	3818869	0	1	2999	1	0	next	false_alarm	353
MAXED_1030	97	Pulse	99	3820000	1131	NA
MAXED_1030	97	Response	1	3821718	2849	1
MAXED_1030	98	Picture	stage1_box	3821868	0	1	7664	1	0	next	other	0
MAXED_1030	99	Picture	stage1_outcome	3829532	0	1	167	1	0	next	other	0
MAXED_1030	100	Picture	stage2B	3829699	0	1	2499	1	0	next	false_alarm	357
MAXED_1030	100	Response	2	3832038	2339	1
MAXED_1030	101	Picture	stage2_box	3832198	0	1	7664	1	0	next	other	0
MAXED_1030	102	Picture	stage2_up	3839862	0	1	7664	1	0	next	other	0
MAXED_1030	102	Pulse	99	3840000	138	NA
MAXED_1030	103	Picture	stage2_lose	3847526	0	1	10163	1	0	next	other	0
MAXED_1030	104	Picture	stage1	3857689	0	1	6498	1	0	next	false_alarm	364
MAXED_1030	104	Pulse	99	3860000	2311	NA
MAXED_1030	104	Response	1	3864124	6435	1
MAXED_1030	105	Picture	stage1_box	3864187	0	1	7664	1	0	next	other	0
MAXED_1030	106	Picture	stage1_outcome	3871851	0	1	167	1	0	next	other	0
MAXED_1030	107	Picture	stage2B	3872018	0	1	4498	1	0	next	false_alarm	368
MAXED_1030	107	Response	1	3876370	4353	1
MAXED_1030	108	Picture	stage2_box	3876516	0	1	7664	1	0	next	other	0
MAXED_1030	108	Pulse	99	3880000	3484	NA
MAXED_1030	109	Picture	stage2_up	3884180	0	1	7664	1	0	next	other	0
MAXED_1030	110	Picture	stage2_win	3891844	0	1	10163	1	0	next	other	0
MAXED_1030	110	Pulse	99	3900000	8156	NA
MAXED_1030	111	Picture	stage1	3902008	0	1	4832	1	0	next	false_alarm	375
MAXED_1030	111	Response	1	3906684	4676	1
MAXED_1030	112	Picture	stage1_box	3906839	0	1	7664	1	0	next	other	0
MAXED_1030	113	Picture	stage1_outcome	3914503	0	1	167	1	0	next	other	0
MAXED_1030	114	Picture	stage2B	3914670	0	1	10330	1	0	next	false_alarm	380
MAXED_1030	114	Pulse	99	3920000	5330	NA
MAXED_1030	114	Response	2	3924874	10204	1
MAXED_1030	115	Picture	stage2_box	3925000	0	1	7664	1	0	next	other	0
MAXED_1030	116	Picture	stage2_up	3932664	0	1	7664	1	0	next	other	0
MAXED_1030	116	Pulse	99	3940000	7336	NA
MAXED_1030	117	Picture	stage2_win	3940328	0	1	10163	1	0	next	other	0
MAXED_1030	118	Picture	stage1	3950491	0	1	2832	1	0	next	false_alarm	386
MAXED_1030	118	Response	1	3953274	2783	1
MAXED_1030	119	Picture	stage1_box	3953323	0	1	7664	1	0	next	other	0
MAXED_1030	119	Pulse	99	3960000	6677	NA
MAXED_1030	120	Picture	stage1_outcome	3960988	0	1	167	1	0	next	other	0
MAXED_1030	121	Picture	stage2A	3961154	0	1	4998	1	0	next	false_alarm	391
MAXED_1030	121	Response	2	3966001	4847	1
MAXED_1030	122	Picture	stage2_box	3966152	0	1	7664	1	0	next	other	0
MAXED_1030	123	Picture	stage2_up	3973817	0	1	7664	1	0	next	other	0
MAXED_1030	123	Pulse	99	3980000	6184	NA
MAXED_1030	124	Picture	stage2_win	3981481	0	1	10163	1	0	next	other	0
MAXED_1030	125	Picture	stage1	3991644	0	1	3999	1	0	next	false_alarm	397
MAXED_1030	125	Response	1	3995553	3909	1
MAXED_1030	126	Picture	stage1_box	3995642	0	1	7664	1	0	next	other	0
MAXED_1030	126	Pulse	99	4000000	4358	NA
MAXED_1030	127	Picture	stage1_outcome	4003306	0	1	167	1	0	next	other	0
MAXED_1030	128	Picture	stage2A	4003473	0	1	5831	1	0	next	false_alarm	402
MAXED_1030	128	Response	2	4009169	5696	1
MAXED_1030	129	Picture	stage2_box	4009304	0	1	7664	1	0	next	other	0
MAXED_1030	130	Picture	stage2_up	4016969	0	1	7664	1	0	next	other	0
MAXED_1030	130	Pulse	99	4020000	3032	NA
MAXED_1030	131	Picture	stage2_lose	4024633	0	1	10163	1	0	next	other	0
MAXED_1030	132	Picture	stage1	4034796	0	1	3499	1	0	next	false_alarm	408
MAXED_1030	132	Response	1	4038147	3351	1
MAXED_1030	133	Picture	stage1_box	4038295	0	1	7664	1	0	next	other	0
MAXED_1030	133	Pulse	99	4040000	1705	NA
MAXED_1030	134	Picture	stage1_outcome	4045959	0	1	167	1	0	next	other	0
MAXED_1030	135	Picture	stage2A	4046125	0	1	6165	1	0	next	false_alarm	413
MAXED_1030	135	Response	2	4052168	6043	1
MAXED_1030	136	Picture	stage2_box	4052290	0	1	7664	1	0	next	other	0
MAXED_1030	137	Picture	stage2_up	4059954	0	1	7664	1	0	next	other	0
MAXED_1030	137	Pulse	99	4060000	46	NA
MAXED_1030	138	Picture	stage2_win	4067618	0	1	10163	1	0	next	other	0
MAXED_1030	139	Picture	stage1	4077781	0	1	4499	1	0	next	false_alarm	420
MAXED_1030	139	Pulse	99	4080000	2219	NA
MAXED_1030	139	Response	1	4082144	4363	1
MAXED_1030	140	Picture	stage1_box	4082280	0	1	7664	1	0	next	other	0
MAXED_1030	141	Picture	stage1_outcome	4089944	0	1	167	1	0	next	other	0
MAXED_1030	142	Picture	stage2B	4090110	0	1	7497	1	0	next	false_alarm	424
MAXED_1030	142	Response	1	4097571	7460	1
MAXED_1030	143	Picture	stage2_box	4097608	0	1	7664	1	0	next	other	0
MAXED_1030	143	Pulse	99	4100000	2392	NA
MAXED_1030	144	Picture	stage2_up	4105272	0	1	7664	1	0	next	other	0
MAXED_1030	145	Picture	stage2_win	4112936	0	1	10163	1	0	next	other	0
MAXED_1030	145	Pulse	99	4120000	7064	NA
MAXED_1030	146	Picture	stage1	4123099	0	1	4165	1	0	next	false_alarm	431
MAXED_1030	146	Response	1	4127175	4076	1
MAXED_1030	147	Picture	stage1_box	4127264	0	1	7664	1	0	next	other	0
MAXED_1030	148	Picture	stage1_outcome	4134928	0	1	167	1	0	next	other	0
MAXED_1030	149	Picture	stage2A	4135095	0	1	8997	1	0	next	false_alarm	436
MAXED_1030	149	Pulse	99	4140000	4905	NA
MAXED_1030	149	Response	1	4144010	8915	1
MAXED_1030	150	Picture	stage2_box	4144092	0	1	7664	1	0	next	other	0
MAXED_1030	151	Picture	stage2_up	4151756	0	1	7664	1	0	next	other	0
MAXED_1030	152	Picture	stage2_win	4159420	0	1	10163	1	0	next	other	0
MAXED_1030	152	Pulse	99	4160000	580	NA
MAXED_1030	153	Picture	stage1	4169583	0	1	4832	1	0	next	false_alarm	442
MAXED_1030	153	Response	1	4174367	4784	1
MAXED_1030	154	Picture	stage1_box	4174415	0	1	7664	1	0	next	other	0
MAXED_1030	154	Pulse	99	4180000	5585	NA
MAXED_1030	155	Picture	stage1_outcome	4182079	0	1	167	1	0	next	other	0
MAXED_1030	156	Picture	stage2A	4182246	0	1	6831	1	0	next	false_alarm	447
MAXED_1030	156	Response	2	4188952	6706	1
MAXED_1030	157	Picture	stage2_box	4189077	0	1	7664	1	0	next	other	0
MAXED_1030	158	Picture	stage2_up	4196741	0	1	7664	1	0	next	other	0
MAXED_1030	158	Pulse	99	4200000	3259	NA
MAXED_1030	159	Picture	stage2_lose	4204405	0	1	10163	1	0	next	other	0
MAXED_1030	160	Picture	stage1	4214568	0	1	2832	1	0	next	false_alarm	453
MAXED_1030	160	Response	1	4217268	2700	1
MAXED_1030	161	Picture	stage1_box	4217400	0	1	7664	1	0	next	other	0
MAXED_1030	161	Pulse	99	4220000	2600	NA
MAXED_1030	162	Picture	stage1_outcome	4225064	0	1	167	1	0	next	other	0
MAXED_1030	163	Picture	stage2A	4225231	0	1	7997	1	0	next	false_alarm	458
MAXED_1030	163	Response	1	4233033	7802	1
MAXED_1030	164	Picture	stage2_box	4233228	0	1	7664	1	0	next	other	0
MAXED_1030	164	Pulse	99	4240000	6772	NA
MAXED_1030	165	Picture	stage2_up	4240892	0	1	7664	1	0	next	other	0
MAXED_1030	166	Picture	stage2_lose	4248556	0	1	10163	1	0	next	other	0
MAXED_1030	167	Picture	stage1	4258720	0	1	4332	1	0	next	false_alarm	465
MAXED_1030	167	Pulse	99	4260000	1280	NA
MAXED_1030	167	Response	2	4262966	4246	1
MAXED_1030	168	Picture	stage1_box	4263052	0	1	7664	1	0	next	other	0
MAXED_1030	169	Picture	stage1_outcome	4270716	0	1	167	1	0	next	other	0
MAXED_1030	170	Picture	stage2A	4270882	0	1	6331	1	0	next	false_alarm	469
MAXED_1030	170	Response	2	4277174	6292	1
MAXED_1030	171	Picture	stage2_box	4277213	0	1	7664	1	0	next	other	0
MAXED_1030	171	Pulse	99	4280000	2787	NA
MAXED_1030	172	Picture	stage2_up	4284878	0	1	7664	1	0	next	other	0
MAXED_1030	173	Picture	stage2_win	4292542	0	1	10163	1	0	next	other	0
MAXED_1030	173	Pulse	99	4300000	7458	NA
MAXED_1030	174	Picture	stage1	4302705	0	1	3499	1	0	next	false_alarm	476
MAXED_1030	174	Response	1	4306088	3383	1
MAXED_1030	175	Picture	stage1_box	4306204	0	1	7664	1	0	next	other	0
MAXED_1030	176	Picture	stage1_outcome	4313868	0	1	167	1	0	next	other	0
MAXED_1030	177	Picture	stage2A	4314034	0	1	9663	1	0	next	false_alarm	481
MAXED_1030	177	Pulse	99	4320000	5966	NA
MAXED_1030	177	Response	2	4323541	9507	1
MAXED_1030	178	Picture	stage2_box	4323698	0	1	7664	1	0	next	other	0
MAXED_1030	179	Picture	stage2_up	4331362	0	1	7664	1	0	next	other	0
MAXED_1030	180	Picture	stage2_lose	4339026	0	1	10163	1	0	next	other	0
MAXED_1030	180	Pulse	99	4340000	974	NA
MAXED_1030	181	Picture	stage1	4349189	0	1	2499	1	0	next	false_alarm	487
MAXED_1030	181	Response	1	4351576	2387	1
MAXED_1030	182	Picture	stage1_box	4351688	0	1	7664	1	0	next	other	0
MAXED_1030	183	Picture	stage1_outcome	4359352	0	1	167	1	0	next	other	0
MAXED_1030	184	Picture	stage2A	4359519	0	1	11163	1	0	next	false_alarm	492
MAXED_1030	184	Pulse	99	4360000	481	NA
MAXED_1030	184	Response	1	4370503	10984	1
MAXED_1030	185	Picture	stage2_box	4370682	0	1	7664	1	0	next	other	0
MAXED_1030	186	Picture	stage2_up	4378346	0	1	7664	1	0	next	other	0
MAXED_1030	186	Pulse	99	4380000	1654	NA
MAXED_1030	187	Picture	stage2_lose	4386010	0	1	10163	1	0	next	false_alarm	497
MAXED_1030	187	Response	2	4390970	4960	1
MAXED_1030	188	Picture	stage1	4396173	0	1	3166	1	0	next	false_alarm	499
MAXED_1030	188	Response	2	4399193	3020	1
MAXED_1030	189	Picture	stage1_box	4399339	0	1	7664	1	0	next	other	0
MAXED_1030	189	Pulse	99	4400000	661	NA
MAXED_1030	190	Picture	stage1_outcome	4407003	0	1	167	1	0	next	other	0
MAXED_1030	191	Picture	stage2A	4407169	0	1	4998	1	0	next	false_alarm	504
MAXED_1030	191	Response	2	4412117	4948	1
MAXED_1030	192	Picture	stage2_box	4412168	0	1	7664	1	0	next	other	0
MAXED_1030	193	Picture	stage2_up	4419832	0	1	7664	1	0	next	other	0
MAXED_1030	193	Pulse	99	4420000	168	NA
MAXED_1030	194	Picture	stage2_lose	4427496	0	1	10163	1	0	next	other	0
MAXED_1030	195	Picture	stage1	4437659	0	1	2832	1	0	next	false_alarm	511
MAXED_1030	195	Pulse	99	4440000	2341	NA
MAXED_1030	195	Response	1	4440329	2670	1
MAXED_1030	196	Picture	stage1_box	4440491	0	1	7664	1	0	next	other	0
MAXED_1030	197	Picture	stage1_outcome	4448155	0	1	167	1	0	next	other	0
MAXED_1030	198	Picture	stage2A	4448322	0	1	5665	1	0	next	false_alarm	515
MAXED_1030	198	Response	1	4453820	5498	1
MAXED_1030	199	Picture	stage2_box	4453987	0	1	7664	1	0	next	other	0
MAXED_1030	199	Pulse	99	4460000	6013	NA
MAXED_1030	200	Picture	stage2_up	4461651	0	1	7664	1	0	next	other	0
MAXED_1030	201	Picture	stage2_lose	4469315	0	1	10163	1	0	next	other	0
MAXED_1030	202	Picture	stage1	4479478	0	1	2666	1	0	next	false_alarm	522
MAXED_1030	202	Pulse	99	4480000	522	NA
MAXED_1030	202	Response	2	4482014	2536	1
MAXED_1030	203	Picture	stage1_box	4482144	0	1	7664	1	0	next	other	0
MAXED_1030	204	Picture	stage1_outcome	4489808	0	1	167	1	0	next	other	0
MAXED_1030	205	Picture	stage2B	4489975	0	1	14162	1	0	next	false_alarm	527
MAXED_1030	205	Pulse	99	4500000	10025	NA
MAXED_1030	205	Response	1	4504079	14104	1
MAXED_1030	206	Picture	stage2_box	4504136	0	1	7664	1	0	next	other	0
MAXED_1030	207	Picture	stage2_up	4511800	0	1	7664	1	0	next	other	0
MAXED_1030	208	Picture	stage2_lose	4519464	0	1	10163	1	0	next	other	0
MAXED_1030	208	Pulse	99	4520000	536	NA
MAXED_1030	209	Picture	stage1	4529628	0	1	2499	1	0	next	false_alarm	533
MAXED_1030	209	Response	2	4532009	2381	1
MAXED_1030	210	Picture	stage1_box	4532127	0	1	7664	1	0	next	other	0
MAXED_1030	211	Picture	stage1_outcome	4539791	0	1	167	1	0	next	other	0
MAXED_1030	212	Picture	stage2B	4539958	0	1	5665	1	0	next	false_alarm	538
MAXED_1030	212	Pulse	99	4540000	43	NA
MAXED_1030	212	Response	2	4545449	5492	1
MAXED_1030	213	Picture	stage2_box	4545622	0	1	7664	1	0	next	other	0
MAXED_1030	214	Picture	stage2_up	4553286	0	1	7664	1	0	next	other	0
MAXED_1030	214	Pulse	99	4560000	6714	NA
MAXED_1030	215	Picture	stage2_lose	4560950	0	1	10163	1	0	next	other	0
MAXED_1030	216	Picture	stage1	4571114	0	1	2333	1	0	next	false_alarm	544
MAXED_1030	216	Response	2	4573318	2205	1
MAXED_1030	217	Picture	stage1_box	4573446	0	1	7664	1	0	next	other	0
MAXED_1030	217	Pulse	99	4580000	6554	NA
MAXED_1030	218	Picture	stage1_outcome	4581110	0	1	167	1	0	next	other	0
MAXED_1030	219	Picture	stage2B	4581277	0	1	4665	1	0	next	false_alarm	549
MAXED_1030	219	Response	2	4585848	4571	1
MAXED_1030	220	Picture	stage2_box	4585942	0	1	7664	1	0	next	other	0
MAXED_1030	221	Picture	stage2_up	4593606	0	1	7664	1	0	next	other	0
MAXED_1030	221	Pulse	99	4600000	6394	NA
MAXED_1030	222	Picture	stage2_lose	4601270	0	1	10163	1	0	next	other	0
MAXED_1030	223	Response	2	4613953	2520	1
MAXED_1030	223	Pulse	99	4620000	8567	NA
MAXED_1030	223	Pulse	99	4640000	28567	NA
MAXED_1030	223	Response	88	4658159	46726	1
