Scenario - 
Logfile written - 10/08/2021 12:08:52

Subject	Trial	Event Type	Code	Time	TTime	Uncertainty	Duration	Uncertainty	ReqTime	ReqDur	Stim Type	Pair Index

MAXED_1011_Day_A	0	Pulse	99	0	0	NA
MAXED_1011_Day_A	1	Picture	instructions_1	333	0	1	31167	1	0	next	false_alarm	4
MAXED_1011_Day_A	1	Pulse	99	20000	19667	NA
MAXED_1011_Day_A	1	Response	88	31263	30930	1
MAXED_1011_Day_A	2	Picture	instructions_2	31500	0	1	180667	1	0	next	false_alarm	15
MAXED_1011_Day_A	2	Pulse	99	40000	8500	NA
MAXED_1011_Day_A	2	Pulse	99	60000	28500	NA
MAXED_1011_Day_A	2	Pulse	99	80000	48500	NA
MAXED_1011_Day_A	2	Pulse	99	100000	68500	NA
MAXED_1011_Day_A	2	Pulse	99	120000	88500	NA
MAXED_1011_Day_A	2	Pulse	99	140000	108500	NA
MAXED_1011_Day_A	2	Pulse	99	160000	128500	NA
MAXED_1011_Day_A	2	Pulse	99	180000	148500	NA
MAXED_1011_Day_A	2	Pulse	99	200000	168500	NA
MAXED_1011_Day_A	2	Response	88	211983	180483	1
MAXED_1011_Day_A	3	Picture	instructions_3	212167	0	1	157334	1	0	next	false_alarm	25
MAXED_1011_Day_A	3	Pulse	99	220000	7833	NA
MAXED_1011_Day_A	3	Pulse	99	240000	27833	NA
MAXED_1011_Day_A	3	Pulse	99	260000	47833	NA
MAXED_1011_Day_A	3	Pulse	99	280000	67833	NA
MAXED_1011_Day_A	3	Pulse	99	300000	87833	NA
MAXED_1011_Day_A	3	Pulse	99	320000	107833	NA
MAXED_1011_Day_A	3	Pulse	99	340000	127833	NA
MAXED_1011_Day_A	3	Pulse	99	360000	147833	NA
MAXED_1011_Day_A	3	Response	88	369343	157176	1
MAXED_1011_Day_A	4	Picture	instructions_4	369500	0	1	93167	1	0	next	false_alarm	32
MAXED_1011_Day_A	4	Pulse	99	380000	10500	NA
MAXED_1011_Day_A	4	Pulse	99	400000	30500	NA
MAXED_1011_Day_A	4	Pulse	99	420000	50500	NA
MAXED_1011_Day_A	4	Pulse	99	440000	70500	NA
MAXED_1011_Day_A	4	Pulse	99	460000	90500	NA
MAXED_1011_Day_A	4	Response	88	462543	93043	1
MAXED_1011_Day_A	5	Picture	instructions_5	462667	0	1	299000	1	0	next	false_alarm	46
MAXED_1011_Day_A	5	Pulse	99	480000	17333	NA
MAXED_1011_Day_A	5	Pulse	99	500000	37333	NA
MAXED_1011_Day_A	5	Pulse	99	520000	57333	NA
MAXED_1011_Day_A	5	Pulse	99	540000	77333	NA
MAXED_1011_Day_A	5	Pulse	99	560000	97333	NA
MAXED_1011_Day_A	5	Pulse	99	580000	117333	NA
MAXED_1011_Day_A	5	Pulse	99	600000	137333	NA
MAXED_1011_Day_A	5	Pulse	99	620000	157333	NA
MAXED_1011_Day_A	5	Pulse	99	640000	177333	NA
MAXED_1011_Day_A	5	Pulse	99	660000	197333	NA
MAXED_1011_Day_A	5	Pulse	99	680000	217333	NA
MAXED_1011_Day_A	5	Pulse	99	700000	237333	NA
MAXED_1011_Day_A	5	Response	2	707583	244916	1
MAXED_1011_Day_A	5	Response	2	714703	252036	1
MAXED_1011_Day_A	5	Pulse	99	720000	257333	NA
MAXED_1011_Day_A	5	Pulse	99	740000	277333	NA
MAXED_1011_Day_A	5	Pulse	99	760000	297333	NA
MAXED_1011_Day_A	5	Response	88	761423	298756	1
MAXED_1011_Day_A	6	Picture	instructions_6	761668	0	1	69833	1	0	next	false_alarm	56
MAXED_1011_Day_A	6	Pulse	99	780000	18332	NA
MAXED_1011_Day_A	6	Pulse	99	800000	38332	NA
MAXED_1011_Day_A	6	Pulse	99	820000	58332	NA
MAXED_1011_Day_A	6	Response	88	831343	69676	1
MAXED_1011_Day_A	7	Picture	instructions_7	831501	0	1	197834	1	0	next	false_alarm	68
MAXED_1011_Day_A	7	Pulse	99	840000	8499	NA
MAXED_1011_Day_A	7	Pulse	99	860000	28499	NA
MAXED_1011_Day_A	7	Pulse	99	880000	48499	NA
MAXED_1011_Day_A	7	Pulse	99	900000	68499	NA
MAXED_1011_Day_A	7	Pulse	99	920000	88499	NA
MAXED_1011_Day_A	7	Pulse	99	940000	108499	NA
MAXED_1011_Day_A	7	Pulse	99	960000	128499	NA
MAXED_1011_Day_A	7	Pulse	99	980000	148499	NA
MAXED_1011_Day_A	7	Pulse	99	1000000	168499	NA
MAXED_1011_Day_A	7	Pulse	99	1020000	188499	NA
MAXED_1011_Day_A	7	Response	88	1029183	197682	1
MAXED_1011_Day_A	8	Picture	instructions_8	1029335	0	1	88833	1	0	next	false_alarm	74
MAXED_1011_Day_A	8	Pulse	99	1040000	10665	NA
MAXED_1011_Day_A	8	Pulse	99	1060000	30665	NA
MAXED_1011_Day_A	8	Pulse	99	1080000	50665	NA
MAXED_1011_Day_A	8	Pulse	99	1100000	70665	NA
MAXED_1011_Day_A	8	Response	88	1117903	88569	1
MAXED_1011_Day_A	9	Picture	instructions_9	1118168	0	1	62833	1	0	next	false_alarm	80
MAXED_1011_Day_A	9	Pulse	99	1120000	1832	NA
MAXED_1011_Day_A	9	Pulse	99	1140000	21832	NA
MAXED_1011_Day_A	9	Pulse	99	1160000	41832	NA
MAXED_1011_Day_A	9	Pulse	99	1180000	61832	NA
MAXED_1011_Day_A	9	Response	88	1180783	62615	1
MAXED_1011_Day_A	10	Picture	instructions_10	1181002	0	1	104000	1	0	next	false_alarm	87
MAXED_1011_Day_A	10	Pulse	99	1200000	18999	NA
MAXED_1011_Day_A	10	Pulse	99	1220000	38999	NA
MAXED_1011_Day_A	10	Pulse	99	1240000	58999	NA
MAXED_1011_Day_A	10	Pulse	99	1260000	78999	NA
MAXED_1011_Day_A	10	Pulse	99	1280000	98999	NA
MAXED_1011_Day_A	10	Response	88	1284783	103782	1
MAXED_1011_Day_A	11	Picture	instructions_11	1285002	0	1	143334	1	0	next	false_alarm	96
MAXED_1011_Day_A	11	Pulse	99	1300000	14998	NA
MAXED_1011_Day_A	11	Pulse	99	1320000	34998	NA
MAXED_1011_Day_A	11	Pulse	99	1340000	54998	NA
MAXED_1011_Day_A	11	Pulse	99	1360000	74998	NA
MAXED_1011_Day_A	11	Pulse	99	1380000	94998	NA
MAXED_1011_Day_A	11	Pulse	99	1400000	114998	NA
MAXED_1011_Day_A	11	Pulse	99	1420000	134998	NA
MAXED_1011_Day_A	11	Response	88	1428063	143062	1
MAXED_1011_Day_A	12	Picture	instructions_12	1428335	0	1	69167	1	0	next	false_alarm	101
MAXED_1011_Day_A	12	Pulse	99	1440000	11665	NA
MAXED_1011_Day_A	12	Pulse	99	1460000	31665	NA
MAXED_1011_Day_A	12	Pulse	99	1480000	51665	NA
MAXED_1011_Day_A	12	Response	88	1497343	69008	1
MAXED_1011_Day_A	13	Picture	instructions_13	1497502	0	1	112334	1	0	next	false_alarm	109
MAXED_1011_Day_A	13	Pulse	99	1500000	2498	NA
MAXED_1011_Day_A	13	Pulse	99	1520000	22498	NA
MAXED_1011_Day_A	13	Pulse	99	1540000	42498	NA
MAXED_1011_Day_A	13	Pulse	99	1560000	62498	NA
MAXED_1011_Day_A	13	Pulse	99	1580000	82498	NA
MAXED_1011_Day_A	13	Pulse	99	1600000	102498	NA
MAXED_1011_Day_A	13	Response	88	1609583	112081	1
MAXED_1011_Day_A	14	Picture	instructions_14	1609836	0	1	22833	1	0	next	false_alarm	112
MAXED_1011_Day_A	14	Pulse	99	1620000	10164	NA
MAXED_1011_Day_A	14	Response	88	1632383	22548	1
MAXED_1011_Day_A	15	Picture	instructions_15	1632669	0	1	145334	1	0	next	false_alarm	121
MAXED_1011_Day_A	15	Pulse	99	1640000	7331	NA
MAXED_1011_Day_A	15	Pulse	99	1660000	27331	NA
MAXED_1011_Day_A	15	Pulse	99	1680000	47331	NA
MAXED_1011_Day_A	15	Pulse	99	1700000	67331	NA
MAXED_1011_Day_A	15	Pulse	99	1720000	87331	NA
MAXED_1011_Day_A	15	Pulse	99	1740000	107331	NA
MAXED_1011_Day_A	15	Pulse	99	1760000	127331	NA
MAXED_1011_Day_A	15	Response	88	1777903	145234	1
MAXED_1011_Day_A	16	Picture	instructions_16	1778002	0	1	77667	1	0	next	false_alarm	127
MAXED_1011_Day_A	16	Pulse	99	1780000	1998	NA
MAXED_1011_Day_A	16	Pulse	99	1800000	21998	NA
MAXED_1011_Day_A	16	Pulse	99	1820000	41998	NA
MAXED_1011_Day_A	16	Pulse	99	1840000	61998	NA
MAXED_1011_Day_A	16	Response	88	1855503	77501	1
MAXED_1011_Day_A	17	Picture	instructions_17	1855669	0	1	16833	1	0	next	false_alarm	130
MAXED_1011_Day_A	17	Pulse	99	1860000	4331	NA
MAXED_1011_Day_A	17	Response	88	1872223	16554	1
MAXED_1011_Day_A	18	Picture	instructions_18	1872503	0	1	34000	1	0	next	false_alarm	134
MAXED_1011_Day_A	18	Pulse	99	1880000	7497	NA
MAXED_1011_Day_A	18	Pulse	99	1900000	27497	NA
MAXED_1011_Day_A	18	Response	88	1906384	33881	1
MAXED_1011_Day_A	19	Picture	instructions_19	1906503	0	1	205000	1	0	next	false_alarm	146
MAXED_1011_Day_A	19	Pulse	99	1920000	13497	NA
MAXED_1011_Day_A	19	Pulse	99	1940000	33497	NA
MAXED_1011_Day_A	19	Pulse	99	1960000	53497	NA
MAXED_1011_Day_A	19	Pulse	99	1980000	73497	NA
MAXED_1011_Day_A	19	Pulse	99	2000000	93497	NA
MAXED_1011_Day_A	19	Pulse	99	2020000	113497	NA
MAXED_1011_Day_A	19	Pulse	99	2040000	133497	NA
MAXED_1011_Day_A	19	Pulse	99	2060000	153497	NA
MAXED_1011_Day_A	19	Pulse	99	2080000	173497	NA
MAXED_1011_Day_A	19	Pulse	99	2100000	193497	NA
MAXED_1011_Day_A	19	Response	88	2111424	204921	1
MAXED_1011_Day_A	20	Picture	instructions_20	2111503	0	1	140334	1	0	next	false_alarm	155
MAXED_1011_Day_A	20	Pulse	99	2120000	8497	NA
MAXED_1011_Day_A	20	Pulse	99	2140000	28497	NA
MAXED_1011_Day_A	20	Pulse	99	2160000	48497	NA
MAXED_1011_Day_A	20	Pulse	99	2180000	68497	NA
MAXED_1011_Day_A	20	Pulse	99	2200000	88497	NA
MAXED_1011_Day_A	20	Pulse	99	2220000	108497	NA
MAXED_1011_Day_A	20	Pulse	99	2240000	128497	NA
MAXED_1011_Day_A	20	Response	88	2251664	140161	1
MAXED_1011_Day_A	21	Picture	instructions_21	2251836	0	1	123667	1	0	next	false_alarm	163
MAXED_1011_Day_A	21	Pulse	99	2260000	8164	NA
MAXED_1011_Day_A	21	Pulse	99	2280000	28164	NA
MAXED_1011_Day_A	21	Pulse	99	2300000	48164	NA
MAXED_1011_Day_A	21	Pulse	99	2320000	68164	NA
MAXED_1011_Day_A	21	Pulse	99	2340000	88164	NA
MAXED_1011_Day_A	21	Pulse	99	2360000	108164	NA
MAXED_1011_Day_A	21	Response	88	2375344	123507	1
MAXED_1011_Day_A	22	Picture	instructions_22	2375503	0	1	48500	1	0	next	false_alarm	168
MAXED_1011_Day_A	22	Pulse	99	2380000	4497	NA
MAXED_1011_Day_A	22	Pulse	99	2400000	24497	NA
MAXED_1011_Day_A	22	Pulse	99	2420000	44497	NA
MAXED_1011_Day_A	22	Response	88	2423824	48320	1
MAXED_1011_Day_A	23	Picture	instructions_23	2424003	0	1	85333	1	0	next	false_alarm	174
MAXED_1011_Day_A	23	Pulse	99	2440000	15997	NA
MAXED_1011_Day_A	23	Pulse	99	2460000	35997	NA
MAXED_1011_Day_A	23	Pulse	99	2480000	55997	NA
MAXED_1011_Day_A	23	Pulse	99	2500000	75997	NA
MAXED_1011_Day_A	23	Response	88	2509104	85100	1
MAXED_1011_Day_A	24	Picture	instructions_24	2509337	0	1	149667	1	0	next	false_alarm	183
MAXED_1011_Day_A	24	Pulse	99	2520000	10663	NA
MAXED_1011_Day_A	24	Pulse	99	2540000	30663	NA
MAXED_1011_Day_A	24	Pulse	99	2560000	50663	NA
MAXED_1011_Day_A	24	Pulse	99	2580000	70663	NA
MAXED_1011_Day_A	24	Pulse	99	2600000	90663	NA
MAXED_1011_Day_A	24	Pulse	99	2620000	110663	NA
MAXED_1011_Day_A	24	Pulse	99	2640000	130663	NA
MAXED_1011_Day_A	24	Response	88	2658863	149527	1
MAXED_1011_Day_A	25	Picture	instructions_25	2659004	0	1	42833	1	0	next	false_alarm	188
MAXED_1011_Day_A	25	Pulse	99	2660000	996	NA
MAXED_1011_Day_A	25	Pulse	99	2680000	20996	NA
MAXED_1011_Day_A	25	Pulse	99	2700000	40996	NA
MAXED_1011_Day_A	25	Response	88	2701664	42660	1
MAXED_1011_Day_A	26	Picture	instructions_26	2701837	0	1	121334	1	0	next	false_alarm	196
MAXED_1011_Day_A	26	Pulse	99	2720000	18163	NA
MAXED_1011_Day_A	26	Pulse	99	2740000	38163	NA
MAXED_1011_Day_A	26	Pulse	99	2760000	58163	NA
MAXED_1011_Day_A	26	Pulse	99	2780000	78163	NA
MAXED_1011_Day_A	26	Pulse	99	2800000	98163	NA
MAXED_1011_Day_A	26	Pulse	99	2820000	118163	NA
MAXED_1011_Day_A	26	Response	88	2822943	121106	1
MAXED_1011_Day_A	27	Picture	instructions_27	2823171	0	1	84000	1	0	next	false_alarm	202
MAXED_1011_Day_A	27	Pulse	99	2840000	16829	NA
MAXED_1011_Day_A	27	Pulse	99	2860000	36829	NA
MAXED_1011_Day_A	27	Pulse	99	2880000	56829	NA
MAXED_1011_Day_A	27	Pulse	99	2900000	76829	NA
MAXED_1011_Day_A	27	Response	88	2907024	83853	1
MAXED_1011_Day_A	28	Picture	instructions_28	2907171	0	1	47667	1	0	next	false_alarm	206
MAXED_1011_Day_A	28	Pulse	99	2920000	12829	NA
MAXED_1011_Day_A	28	Pulse	99	2940000	32829	NA
MAXED_1011_Day_A	28	Response	88	2954624	47453	1
MAXED_1011_Day_A	29	Picture	instructions_29	2954838	0	1	90500	1	0	next	false_alarm	213
MAXED_1011_Day_A	29	Pulse	99	2960000	5162	NA
MAXED_1011_Day_A	29	Pulse	99	2980000	25162	NA
MAXED_1011_Day_A	29	Pulse	99	3000000	45162	NA
MAXED_1011_Day_A	29	Pulse	99	3020000	65162	NA
MAXED_1011_Day_A	29	Pulse	99	3040000	85162	NA
MAXED_1011_Day_A	29	Response	88	3045184	90346	1
MAXED_1011_Day_A	30	Picture	instructions_30	3045338	0	1	137000	1	0	next	false_alarm	221
MAXED_1011_Day_A	30	Pulse	99	3060000	14662	NA
MAXED_1011_Day_A	30	Pulse	99	3080000	34662	NA
MAXED_1011_Day_A	30	Pulse	99	3100000	54662	NA
MAXED_1011_Day_A	30	Pulse	99	3120000	74662	NA
MAXED_1011_Day_A	30	Pulse	99	3140000	94662	NA
MAXED_1011_Day_A	30	Pulse	99	3160000	114662	NA
MAXED_1011_Day_A	30	Response	2	3163504	118166	1
MAXED_1011_Day_A	30	Pulse	99	3180000	134662	NA
MAXED_1011_Day_A	30	Response	88	3182224	136886	1
MAXED_1011_Day_A	31	Picture	instructions_31	3182338	0	1	80833	1	0	next	false_alarm	229
MAXED_1011_Day_A	31	Pulse	99	3200000	17662	NA
MAXED_1011_Day_A	31	Pulse	99	3220000	37662	NA
MAXED_1011_Day_A	31	Pulse	99	3240000	57662	NA
MAXED_1011_Day_A	31	Pulse	99	3260000	77662	NA
MAXED_1011_Day_A	31	Response	88	3262943	80605	1
MAXED_1011_Day_A	32	Picture	instructions_32	3263171	0	1	99333	1	0	next	false_alarm	236
MAXED_1011_Day_A	32	Pulse	99	3280000	16829	NA
MAXED_1011_Day_A	32	Pulse	99	3300000	36829	NA
MAXED_1011_Day_A	32	Pulse	99	3320000	56829	NA
MAXED_1011_Day_A	32	Pulse	99	3340000	76829	NA
MAXED_1011_Day_A	32	Pulse	99	3360000	96829	NA
MAXED_1011_Day_A	32	Response	88	3362304	99133	1
MAXED_1011_Day_A	33	Picture	instructions_33	3362505	0	1	102000	1	0	next	false_alarm	243
MAXED_1011_Day_A	33	Pulse	99	3380000	17495	NA
MAXED_1011_Day_A	33	Pulse	99	3400000	37495	NA
MAXED_1011_Day_A	33	Pulse	99	3420000	57495	NA
MAXED_1011_Day_A	33	Pulse	99	3440000	77495	NA
MAXED_1011_Day_A	33	Pulse	99	3460000	97495	NA
MAXED_1011_Day_A	33	Response	88	3464304	101799	1
MAXED_1011_Day_A	34	Picture	instructions_34	3464505	0	1	110334	1	0	next	false_alarm	250
MAXED_1011_Day_A	34	Pulse	99	3480000	15495	NA
MAXED_1011_Day_A	34	Pulse	99	3500000	35495	NA
MAXED_1011_Day_A	34	Pulse	99	3520000	55495	NA
MAXED_1011_Day_A	34	Pulse	99	3540000	75495	NA
MAXED_1011_Day_A	34	Pulse	99	3560000	95495	NA
MAXED_1011_Day_A	34	Response	88	3574624	110119	1
MAXED_1011_Day_A	35	Picture	instructions_35	3574838	0	1	127167	1	0	next	false_alarm	259
MAXED_1011_Day_A	35	Pulse	99	3580000	5162	NA
MAXED_1011_Day_A	35	Pulse	99	3600000	25162	NA
MAXED_1011_Day_A	35	Pulse	99	3620000	45162	NA
MAXED_1011_Day_A	35	Pulse	99	3640000	65162	NA
MAXED_1011_Day_A	35	Pulse	99	3660000	85162	NA
MAXED_1011_Day_A	35	Pulse	99	3680000	105162	NA
MAXED_1011_Day_A	35	Pulse	99	3700000	125162	NA
MAXED_1011_Day_A	35	Response	88	3701904	127066	1
MAXED_1011_Day_A	36	Picture	instructions_36	3702005	0	1	167334	1	0	next	false_alarm	269
MAXED_1011_Day_A	36	Pulse	99	3720000	17995	NA
MAXED_1011_Day_A	36	Pulse	99	3740000	37995	NA
MAXED_1011_Day_A	36	Pulse	99	3760000	57995	NA
MAXED_1011_Day_A	36	Pulse	99	3780000	77995	NA
MAXED_1011_Day_A	36	Pulse	99	3800000	97995	NA
MAXED_1011_Day_A	36	Pulse	99	3820000	117995	NA
MAXED_1011_Day_A	36	Pulse	99	3840000	137995	NA
MAXED_1011_Day_A	36	Pulse	99	3860000	157995	NA
MAXED_1011_Day_A	36	Response	88	3869104	167099	1
MAXED_1011_Day_A	37	Picture	instructions_37	3869339	0	1	116167	1	0	next	false_alarm	277
MAXED_1011_Day_A	37	Pulse	99	3880000	10661	NA
MAXED_1011_Day_A	37	Pulse	99	3900000	30661	NA
MAXED_1011_Day_A	37	Pulse	99	3920000	50661	NA
MAXED_1011_Day_A	37	Pulse	99	3940000	70661	NA
MAXED_1011_Day_A	37	Pulse	99	3960000	90661	NA
MAXED_1011_Day_A	37	Pulse	99	3980000	110661	NA
MAXED_1011_Day_A	37	Response	88	3985344	116005	1
MAXED_1011_Day_A	38	Picture	instructions_38	3985506	0	1	68000	1	0	next	false_alarm	282
MAXED_1011_Day_A	38	Pulse	99	4000000	14494	NA
MAXED_1011_Day_A	38	Pulse	99	4020000	34494	NA
MAXED_1011_Day_A	38	Pulse	99	4040000	54494	NA
MAXED_1011_Day_A	38	Response	88	4053344	67838	1
MAXED_1011_Day_A	39	Picture	instructions_39	4053506	0	1	110834	1	0	next	false_alarm	290
MAXED_1011_Day_A	39	Pulse	99	4060000	6494	NA
MAXED_1011_Day_A	39	Pulse	99	4080000	26494	NA
MAXED_1011_Day_A	39	Pulse	99	4100000	46494	NA
MAXED_1011_Day_A	39	Pulse	99	4120000	66494	NA
MAXED_1011_Day_A	39	Pulse	99	4140000	86494	NA
MAXED_1011_Day_A	39	Pulse	99	4160000	106494	NA
MAXED_1011_Day_A	39	Response	88	4164224	110718	1
MAXED_1011_Day_A	40	Picture	instructions_40	4164339	0	1	90667	1	0	next	false_alarm	296
MAXED_1011_Day_A	40	Pulse	99	4180000	15661	NA
MAXED_1011_Day_A	40	Pulse	99	4200000	35661	NA
MAXED_1011_Day_A	40	Pulse	99	4220000	55661	NA
MAXED_1011_Day_A	40	Pulse	99	4240000	75661	NA
MAXED_1011_Day_A	40	Response	88	4254864	90525	1
MAXED_1011_Day_A	41	Picture	instructions_41	4255006	0	1	72667	1	0	next	false_alarm	302
MAXED_1011_Day_A	41	Pulse	99	4260000	4994	NA
MAXED_1011_Day_A	41	Pulse	99	4280000	24994	NA
MAXED_1011_Day_A	41	Pulse	99	4300000	44994	NA
MAXED_1011_Day_A	41	Pulse	99	4320000	64994	NA
MAXED_1011_Day_A	41	Response	88	4327504	72498	1
MAXED_1011_Day_A	42	Picture	instructions_42	4327673	0	1	126000	1	0	next	false_alarm	310
MAXED_1011_Day_A	42	Pulse	99	4340000	12327	NA
MAXED_1011_Day_A	42	Pulse	99	4360000	32327	NA
MAXED_1011_Day_A	42	Pulse	99	4380000	52327	NA
MAXED_1011_Day_A	42	Pulse	99	4400000	72327	NA
MAXED_1011_Day_A	42	Pulse	99	4420000	92327	NA
MAXED_1011_Day_A	42	Pulse	99	4440000	112327	NA
MAXED_1011_Day_A	42	Response	88	4453584	125911	1
MAXED_1011_Day_A	43	Picture	instructions_43	4453673	0	1	57167	1	0	next	false_alarm	315
MAXED_1011_Day_A	43	Pulse	99	4460000	6327	NA
MAXED_1011_Day_A	43	Pulse	99	4480000	26327	NA
MAXED_1011_Day_A	43	Pulse	99	4500000	46327	NA
MAXED_1011_Day_A	43	Response	88	4510624	56951	1
MAXED_1011_Day_A	44	Picture	instructions_44	4510840	0	1	200000	1	0	next	false_alarm	327
MAXED_1011_Day_A	44	Pulse	99	4520000	9160	NA
MAXED_1011_Day_A	44	Pulse	99	4540000	29160	NA
MAXED_1011_Day_A	44	Pulse	99	4560000	49160	NA
MAXED_1011_Day_A	44	Pulse	99	4580000	69160	NA
MAXED_1011_Day_A	44	Pulse	99	4600000	89160	NA
MAXED_1011_Day_A	44	Pulse	99	4620000	109160	NA
MAXED_1011_Day_A	44	Pulse	99	4640000	129160	NA
MAXED_1011_Day_A	44	Pulse	99	4660000	149160	NA
MAXED_1011_Day_A	44	Pulse	99	4680000	169160	NA
MAXED_1011_Day_A	44	Pulse	99	4700000	189160	NA
MAXED_1011_Day_A	44	Response	88	4710624	199785	1
MAXED_1011_Day_A	45	Picture	instructions_45	4710840	0	1	137667	1	0	next	false_alarm	336
MAXED_1011_Day_A	45	Pulse	99	4720000	9160	NA
MAXED_1011_Day_A	45	Pulse	99	4740000	29160	NA
MAXED_1011_Day_A	45	Pulse	99	4760000	49160	NA
MAXED_1011_Day_A	45	Pulse	99	4780000	69160	NA
MAXED_1011_Day_A	45	Pulse	99	4800000	89160	NA
MAXED_1011_Day_A	45	Pulse	99	4820000	109160	NA
MAXED_1011_Day_A	45	Pulse	99	4840000	129160	NA
MAXED_1011_Day_A	45	Response	88	4848304	137464	1
MAXED_1011_Day_A	46	Picture	instructions_46	4848507	0	1	66667	1	0	next	false_alarm	341
MAXED_1011_Day_A	46	Pulse	99	4860000	11493	NA
MAXED_1011_Day_A	46	Pulse	99	4880000	31493	NA
MAXED_1011_Day_A	46	Pulse	99	4900000	51493	NA
MAXED_1011_Day_A	46	Response	88	4915104	66597	1
MAXED_1011_Day_A	47	Picture	fixation	4915174	0	1	5167	1	0	next	other	0
MAXED_1011_Day_A	47	Pulse	99	4920000	4826	NA
MAXED_1011_Day_A	48	Picture	stage1	4920341	0	1	36333	1	0	next	false_alarm	346
MAXED_1011_Day_A	48	Pulse	99	4940000	19659	NA
MAXED_1011_Day_A	48	Response	1	4956544	36203	1
MAXED_1011_Day_A	49	Picture	stage1_box	4956674	0	1	7667	1	0	next	other	0
MAXED_1011_Day_A	49	Pulse	99	4960000	3326	NA
MAXED_1011_Day_A	50	Picture	stage1_outcome	4964341	0	1	333	1	0	next	other	0
MAXED_1011_Day_A	51	Picture	stage2A	4964674	0	1	13000	1	0	next	false_alarm	351
MAXED_1011_Day_A	51	Response	2	4977504	12830	1
MAXED_1011_Day_A	52	Picture	stage2_box	4977674	0	1	7667	1	0	next	other	0
MAXED_1011_Day_A	52	Pulse	99	4980000	2326	NA
MAXED_1011_Day_A	53	Picture	stage2_up	4985341	0	1	7667	1	0	next	other	0
MAXED_1011_Day_A	54	Picture	stage2_win	4993007	0	1	10167	1	0	next	other	0
MAXED_1011_Day_A	54	Pulse	99	5000000	6993	NA
MAXED_1011_Day_A	55	Picture	stage1	5003174	0	1	23500	1	0	next	false_alarm	359
MAXED_1011_Day_A	55	Pulse	99	5020000	16826	NA
MAXED_1011_Day_A	55	Response	1	5026624	23450	1
MAXED_1011_Day_A	56	Picture	stage1_box	5026674	0	1	7667	1	0	next	other	0
MAXED_1011_Day_A	57	Picture	stage1_outcome	5034341	0	1	167	1	0	next	other	0
MAXED_1011_Day_A	58	Picture	stage2A	5034507	0	1	20167	1	0	next	false_alarm	364
MAXED_1011_Day_A	58	Pulse	99	5040000	5493	NA
MAXED_1011_Day_A	58	Response	2	5054544	20037	1
MAXED_1011_Day_A	59	Picture	stage2_box	5054674	0	1	7667	1	0	next	other	0
MAXED_1011_Day_A	59	Pulse	99	5060000	5326	NA
MAXED_1011_Day_A	60	Picture	stage2_up	5062341	0	1	7667	1	0	next	other	0
MAXED_1011_Day_A	61	Picture	stage2_lose	5070007	0	1	10167	1	0	next	other	0
MAXED_1011_Day_A	61	Pulse	99	5080000	9993	NA
MAXED_1011_Day_A	62	Picture	stage1	5080174	0	1	22167	1	0	next	false_alarm	372
MAXED_1011_Day_A	62	Pulse	99	5100000	19826	NA
MAXED_1011_Day_A	62	Response	1	5102224	22050	1
MAXED_1011_Day_A	63	Picture	stage1_box	5102341	0	1	7667	1	0	next	other	0
MAXED_1011_Day_A	64	Picture	stage1_outcome	5110007	0	1	167	1	0	next	other	0
MAXED_1011_Day_A	65	Picture	stage2B	5110174	0	1	21833	1	0	next	false_alarm	377
MAXED_1011_Day_A	65	Pulse	99	5120000	9826	NA
MAXED_1011_Day_A	65	Response	1	5131905	21730	1
MAXED_1011_Day_A	66	Picture	stage2_box	5132007	0	1	7667	1	0	next	other	0
MAXED_1011_Day_A	67	Picture	stage2_up	5139674	0	1	7667	1	0	next	other	0
MAXED_1011_Day_A	67	Pulse	99	5140000	326	NA
MAXED_1011_Day_A	68	Picture	stage2_win	5147341	0	1	10167	1	0	next	other	0
MAXED_1011_Day_A	69	Picture	stage1	5157508	0	1	10167	1	0	next	false_alarm	384
MAXED_1011_Day_A	69	Pulse	99	5160000	2493	NA
MAXED_1011_Day_A	69	Response	1	5167504	9997	1
MAXED_1011_Day_A	70	Picture	stage1_box	5167674	0	1	7667	1	0	next	other	0
MAXED_1011_Day_A	71	Picture	stage1_outcome	5175341	0	1	167	1	0	next	other	0
MAXED_1011_Day_A	72	Picture	stage2A	5175508	0	1	13333	1	0	next	false_alarm	389
MAXED_1011_Day_A	72	Pulse	99	5180000	4492	NA
MAXED_1011_Day_A	72	Response	2	5188704	13197	1
MAXED_1011_Day_A	73	Picture	stage2_box	5188841	0	1	7667	1	0	next	other	0
MAXED_1011_Day_A	74	Picture	stage2_up	5196508	0	1	7667	1	0	next	other	0
MAXED_1011_Day_A	74	Pulse	99	5200000	3492	NA
MAXED_1011_Day_A	75	Picture	stage2_win	5204174	0	1	10167	1	0	next	other	0
MAXED_1011_Day_A	76	Picture	stage1	5214341	0	1	9667	1	0	next	false_alarm	396
MAXED_1011_Day_A	76	Pulse	99	5220000	5659	NA
MAXED_1011_Day_A	76	Response	1	5223824	9484	1
MAXED_1011_Day_A	77	Picture	stage1_box	5224008	0	1	7667	1	0	next	other	0
MAXED_1011_Day_A	78	Picture	stage1_outcome	5231674	0	1	167	1	0	next	other	0
MAXED_1011_Day_A	79	Picture	stage2A	5231841	0	1	10333	1	0	next	false_alarm	401
MAXED_1011_Day_A	79	Pulse	99	5240000	8159	NA
MAXED_1011_Day_A	79	Response	2	5241984	10143	1
MAXED_1011_Day_A	80	Picture	stage2_box	5242174	0	1	7667	1	0	next	other	0
MAXED_1011_Day_A	81	Picture	stage2_up	5249841	0	1	7667	1	0	next	other	0
MAXED_1011_Day_A	82	Picture	stage2_lose	5257508	0	1	10167	1	0	next	other	0
MAXED_1011_Day_A	82	Pulse	99	5260000	2492	NA
MAXED_1011_Day_A	83	Picture	stage1	5267674	0	1	4667	1	0	next	false_alarm	407
MAXED_1011_Day_A	83	Response	1	5272304	4630	1
MAXED_1011_Day_A	84	Picture	stage1_box	5272341	0	1	7667	1	0	next	other	0
MAXED_1011_Day_A	84	Pulse	99	5280000	7659	NA
MAXED_1011_Day_A	85	Picture	stage1_outcome	5280008	0	1	167	1	0	next	other	0
MAXED_1011_Day_A	86	Picture	stage2A	5280174	0	1	13667	1	0	next	false_alarm	412
MAXED_1011_Day_A	86	Response	1	5293744	13570	1
MAXED_1011_Day_A	87	Picture	stage2_box	5293841	0	1	7667	1	0	next	other	0
MAXED_1011_Day_A	87	Pulse	99	5300000	6159	NA
MAXED_1011_Day_A	88	Picture	stage2_up	5301508	0	1	7667	1	0	next	other	0
MAXED_1011_Day_A	89	Picture	stage2_lose	5309174	0	1	10167	1	0	next	other	0
MAXED_1011_Day_A	90	Picture	stage1	5319341	0	1	4500	1	0	next	false_alarm	419
MAXED_1011_Day_A	90	Pulse	99	5320000	659	NA
MAXED_1011_Day_A	90	Response	2	5323664	4323	1
MAXED_1011_Day_A	91	Picture	stage1_box	5323841	0	1	7667	1	0	next	other	0
MAXED_1011_Day_A	92	Picture	stage1_outcome	5331508	0	1	167	1	0	next	other	0
MAXED_1011_Day_A	93	Picture	stage2A	5331674	0	1	10833	1	0	next	false_alarm	424
MAXED_1011_Day_A	93	Pulse	99	5340000	8326	NA
MAXED_1011_Day_A	93	Response	2	5342384	10710	1
MAXED_1011_Day_A	94	Picture	stage2_box	5342508	0	1	7667	1	0	next	other	0
MAXED_1011_Day_A	95	Picture	stage2_up	5350174	0	1	7667	1	0	next	other	0
MAXED_1011_Day_A	96	Picture	stage2_win	5357841	0	1	10167	1	0	next	other	0
MAXED_1011_Day_A	96	Pulse	99	5360000	2159	NA
MAXED_1011_Day_A	97	Picture	stage1	5368008	0	1	14000	1	0	next	false_alarm	431
MAXED_1011_Day_A	97	Pulse	99	5380000	11992	NA
MAXED_1011_Day_A	97	Response	2	5381904	13896	1
MAXED_1011_Day_A	98	Picture	stage1_box	5382008	0	1	7667	1	0	next	other	0
MAXED_1011_Day_A	99	Picture	stage1_outcome	5389675	0	1	167	1	0	next	other	0
MAXED_1011_Day_A	100	Picture	stage2A	5389841	0	1	7000	1	0	next	false_alarm	435
MAXED_1011_Day_A	100	Response	2	5396784	6943	1
MAXED_1011_Day_A	101	Picture	stage2_box	5396841	0	1	7667	1	0	next	other	0
MAXED_1011_Day_A	101	Pulse	99	5400000	3159	NA
MAXED_1011_Day_A	102	Picture	stage2_up	5404508	0	1	7667	1	0	next	other	0
MAXED_1011_Day_A	103	Picture	stage2_lose	5412175	0	1	10167	1	0	next	other	0
MAXED_1011_Day_A	103	Pulse	99	5420000	7825	NA
MAXED_1011_Day_A	104	Picture	stage1	5422341	0	1	8167	1	0	next	false_alarm	442
MAXED_1011_Day_A	104	Response	2	5430384	8043	1
MAXED_1011_Day_A	105	Picture	stage1_box	5430508	0	1	7667	1	0	next	other	0
MAXED_1011_Day_A	106	Picture	stage1_outcome	5438175	0	1	167	1	0	next	other	0
MAXED_1011_Day_A	107	Picture	stage2A	5438341	0	1	6333	1	0	next	false_alarm	447
MAXED_1011_Day_A	107	Pulse	99	5440000	1659	NA
MAXED_1011_Day_A	107	Response	1	5444624	6283	1
MAXED_1011_Day_A	108	Picture	stage2_box	5444675	0	1	7667	1	0	next	other	0
MAXED_1011_Day_A	109	Picture	stage2_up	5452341	0	1	7667	1	0	next	other	0
MAXED_1011_Day_A	109	Pulse	99	5460000	7659	NA
MAXED_1011_Day_A	110	Picture	stage2_win	5460008	0	1	10167	1	0	next	other	0
MAXED_1011_Day_A	111	Picture	stage1	5470175	0	1	8500	1	0	next	false_alarm	453
MAXED_1011_Day_A	111	Response	1	5478624	8450	1
MAXED_1011_Day_A	112	Picture	stage1_box	5478675	0	1	7667	1	0	next	other	0
MAXED_1011_Day_A	112	Pulse	99	5480000	1325	NA
MAXED_1011_Day_A	113	Picture	stage1_outcome	5486341	0	1	167	1	0	next	other	0
MAXED_1011_Day_A	114	Picture	stage2B	5486508	0	1	12500	1	0	next	false_alarm	458
MAXED_1011_Day_A	114	Response	1	5498865	12357	1
MAXED_1011_Day_A	115	Picture	stage2_box	5499008	0	1	7667	1	0	next	other	0
MAXED_1011_Day_A	115	Pulse	99	5500000	992	NA
MAXED_1011_Day_A	116	Picture	stage2_up	5506675	0	1	7667	1	0	next	other	0
MAXED_1011_Day_A	117	Picture	stage2_lose	5514341	0	1	10167	1	0	next	other	0
MAXED_1011_Day_A	117	Pulse	99	5520000	5659	NA
MAXED_1011_Day_A	118	Picture	stage1	5524508	0	1	4500	1	0	next	false_alarm	465
MAXED_1011_Day_A	118	Response	1	5528944	4436	1
MAXED_1011_Day_A	119	Picture	stage1_box	5529008	0	1	7667	1	0	next	other	0
MAXED_1011_Day_A	120	Picture	stage1_outcome	5536675	0	1	167	1	0	next	other	0
MAXED_1011_Day_A	121	Picture	stage2A	5536841	0	1	7000	1	0	next	false_alarm	470
MAXED_1011_Day_A	121	Pulse	99	5540000	3159	NA
MAXED_1011_Day_A	121	Response	2	5543664	6823	1
MAXED_1011_Day_A	122	Picture	stage2_box	5543841	0	1	7667	1	0	next	other	0
MAXED_1011_Day_A	123	Picture	stage2_up	5551508	0	1	7667	1	0	next	other	0
MAXED_1011_Day_A	124	Picture	stage2_win	5559175	0	1	10167	1	0	next	other	0
MAXED_1011_Day_A	124	Pulse	99	5560000	825	NA
MAXED_1011_Day_A	125	Picture	stage1	5569341	0	1	6833	1	0	next	false_alarm	476
MAXED_1011_Day_A	125	Response	1	5575985	6643	1
MAXED_1011_Day_A	126	Picture	stage1_box	5576175	0	1	7667	1	0	next	other	0
MAXED_1011_Day_A	126	Pulse	99	5580000	3825	NA
MAXED_1011_Day_A	127	Picture	stage1_outcome	5583842	0	1	167	1	0	next	other	0
MAXED_1011_Day_A	128	Picture	stage2A	5584008	0	1	10167	1	0	next	false_alarm	481
MAXED_1011_Day_A	128	Response	1	5593984	9976	1
MAXED_1011_Day_A	129	Picture	stage2_box	5594175	0	1	7667	1	0	next	other	0
MAXED_1011_Day_A	129	Pulse	99	5600000	5825	NA
MAXED_1011_Day_A	130	Picture	stage2_up	5601842	0	1	7667	1	0	next	other	0
MAXED_1011_Day_A	131	Picture	stage2_lose	5609508	0	1	10167	1	0	next	other	0
MAXED_1011_Day_A	132	Picture	stage1	5619675	0	1	3333	1	0	next	false_alarm	488
MAXED_1011_Day_A	132	Pulse	99	5620000	325	NA
MAXED_1011_Day_A	132	Response	1	5622945	3270	1
MAXED_1011_Day_A	133	Picture	stage1_box	5623008	0	1	7667	1	0	next	other	0
MAXED_1011_Day_A	134	Picture	stage1_outcome	5630675	0	1	167	1	0	next	other	0
MAXED_1011_Day_A	135	Picture	stage2A	5630842	0	1	3000	1	0	next	false_alarm	492
MAXED_1011_Day_A	135	Response	2	5633664	2823	1
MAXED_1011_Day_A	136	Picture	stage2_box	5633842	0	1	7667	1	0	next	other	0
MAXED_1011_Day_A	136	Pulse	99	5640000	6158	NA
MAXED_1011_Day_A	137	Picture	stage2_up	5641508	0	1	7667	1	0	next	other	0
MAXED_1011_Day_A	138	Picture	stage2_win	5649175	0	1	10167	1	0	next	other	0
MAXED_1011_Day_A	139	Picture	stage1	5659342	0	1	3333	1	0	next	false_alarm	499
MAXED_1011_Day_A	139	Pulse	99	5660000	658	NA
MAXED_1011_Day_A	139	Response	1	5662544	3203	1
MAXED_1011_Day_A	140	Picture	stage1_box	5662675	0	1	7667	1	0	next	other	0
MAXED_1011_Day_A	141	Picture	stage1_outcome	5670342	0	1	167	1	0	next	other	0
MAXED_1011_Day_A	142	Picture	stage2A	5670508	0	1	5167	1	0	next	false_alarm	503
MAXED_1011_Day_A	142	Response	2	5675505	4996	1
MAXED_1011_Day_A	143	Picture	stage2_box	5675675	0	1	7667	1	0	next	other	0
MAXED_1011_Day_A	143	Pulse	99	5680000	4325	NA
MAXED_1011_Day_A	144	Picture	stage2_up	5683342	0	1	7667	1	0	next	other	0
MAXED_1011_Day_A	145	Picture	stage2_win	5691008	0	1	10167	1	0	next	other	0
MAXED_1011_Day_A	145	Pulse	99	5700000	8992	NA
MAXED_1011_Day_A	146	Picture	stage1	5701175	0	1	3000	1	0	next	false_alarm	510
MAXED_1011_Day_A	146	Response	1	5704144	2969	1
MAXED_1011_Day_A	147	Picture	stage1_box	5704175	0	1	7667	1	0	next	other	0
MAXED_1011_Day_A	148	Picture	stage1_outcome	5711842	0	1	167	1	0	next	other	0
MAXED_1011_Day_A	149	Picture	stage2A	5712008	0	1	6667	1	0	next	false_alarm	514
MAXED_1011_Day_A	149	Response	2	5718625	6616	1
MAXED_1011_Day_A	150	Picture	stage2_box	5718675	0	1	7667	1	0	next	other	0
MAXED_1011_Day_A	150	Pulse	99	5720000	1325	NA
MAXED_1011_Day_A	151	Picture	stage2_up	5726342	0	1	7667	1	0	next	other	0
MAXED_1011_Day_A	152	Picture	stage2_win	5734008	0	1	10167	1	0	next	other	0
MAXED_1011_Day_A	152	Pulse	99	5740000	5992	NA
MAXED_1011_Day_A	153	Picture	stage1	5744175	0	1	3833	1	0	next	false_alarm	521
MAXED_1011_Day_A	153	Response	1	5747905	3730	1
MAXED_1011_Day_A	154	Picture	stage1_box	5748008	0	1	7667	1	0	next	other	0
MAXED_1011_Day_A	155	Picture	stage1_outcome	5755675	0	1	167	1	0	next	other	0
MAXED_1011_Day_A	156	Picture	stage2A	5755842	0	1	4000	1	0	next	false_alarm	525
MAXED_1011_Day_A	156	Response	2	5759745	3903	1
MAXED_1011_Day_A	157	Picture	stage2_box	5759842	0	1	7667	1	0	next	other	0
MAXED_1011_Day_A	157	Pulse	99	5760000	158	NA
MAXED_1011_Day_A	158	Picture	stage2_up	5767508	0	1	7667	1	0	next	other	0
MAXED_1011_Day_A	159	Picture	stage2_lose	5775175	0	1	10167	1	0	next	other	0
MAXED_1011_Day_A	159	Pulse	99	5780000	4825	NA
MAXED_1011_Day_A	160	Picture	stage1	5785342	0	1	8333	1	0	next	false_alarm	532
MAXED_1011_Day_A	160	Response	1	5793584	8242	1
MAXED_1011_Day_A	161	Picture	stage1_box	5793675	0	1	7667	1	0	next	other	0
MAXED_1011_Day_A	161	Pulse	99	5800000	6325	NA
MAXED_1011_Day_A	162	Picture	stage1_outcome	5801342	0	1	167	1	0	next	other	0
MAXED_1011_Day_A	163	Picture	stage2A	5801508	0	1	4167	1	0	next	false_alarm	537
MAXED_1011_Day_A	163	Response	1	5805585	4076	1
MAXED_1011_Day_A	164	Picture	stage2_box	5805675	0	1	7667	1	0	next	other	0
MAXED_1011_Day_A	165	Picture	stage2_up	5813342	0	1	7667	1	0	next	other	0
MAXED_1011_Day_A	165	Pulse	99	5820000	6658	NA
MAXED_1011_Day_A	166	Picture	stage2_win	5821009	0	1	10167	1	0	next	other	0
MAXED_1011_Day_A	167	Picture	stage1	5831175	0	1	3167	1	0	next	false_alarm	543
MAXED_1011_Day_A	167	Response	1	5834224	3049	1
MAXED_1011_Day_A	168	Picture	stage1_box	5834342	0	1	7667	1	0	next	other	0
MAXED_1011_Day_A	168	Pulse	99	5840000	5658	NA
MAXED_1011_Day_A	169	Picture	stage1_outcome	5842009	0	1	167	1	0	next	other	0
MAXED_1011_Day_A	170	Picture	stage2A	5842175	0	1	4167	1	0	next	false_alarm	548
MAXED_1011_Day_A	170	Response	1	5846224	4049	1
MAXED_1011_Day_A	171	Picture	stage2_box	5846342	0	1	7667	1	0	next	other	0
MAXED_1011_Day_A	172	Picture	stage2_up	5854009	0	1	7667	1	0	next	other	0
MAXED_1011_Day_A	172	Pulse	99	5860000	5991	NA
MAXED_1011_Day_A	173	Picture	stage2_win	5861675	0	1	10167	1	0	next	other	0
MAXED_1011_Day_A	174	Picture	stage1	5871842	0	1	3000	1	0	next	false_alarm	554
MAXED_1011_Day_A	174	Response	1	5874704	2862	1
MAXED_1011_Day_A	175	Picture	stage1_box	5874842	0	1	7667	1	0	next	other	0
MAXED_1011_Day_A	175	Pulse	99	5880000	5158	NA
MAXED_1011_Day_A	176	Picture	stage1_outcome	5882509	0	1	167	1	0	next	other	0
MAXED_1011_Day_A	177	Picture	stage2B	5882675	0	1	2833	1	0	next	false_alarm	559
MAXED_1011_Day_A	177	Response	1	5885425	2749	1
MAXED_1011_Day_A	178	Picture	stage2_box	5885509	0	1	7667	1	0	next	other	0
MAXED_1011_Day_A	179	Picture	stage2_up	5893175	0	1	7667	1	0	next	other	0
MAXED_1011_Day_A	179	Pulse	99	5900000	6825	NA
MAXED_1011_Day_A	180	Picture	stage2_lose	5900842	0	1	10167	1	0	next	other	0
MAXED_1011_Day_A	181	Picture	stage1	5911009	0	1	4167	1	0	next	false_alarm	565
MAXED_1011_Day_A	181	Response	1	5915104	4096	1
MAXED_1011_Day_A	182	Picture	stage1_box	5915175	0	1	7667	1	0	next	other	0
MAXED_1011_Day_A	182	Pulse	99	5920000	4825	NA
MAXED_1011_Day_A	183	Picture	stage1_outcome	5922842	0	1	167	1	0	next	other	0
MAXED_1011_Day_A	184	Picture	stage2B	5923009	0	1	5500	1	0	next	false_alarm	570
MAXED_1011_Day_A	184	Response	2	5928385	5376	1
MAXED_1011_Day_A	185	Picture	stage2_box	5928509	0	1	7667	1	0	next	other	0
MAXED_1011_Day_A	186	Picture	stage2_up	5936175	0	1	7667	1	0	next	other	0
MAXED_1011_Day_A	186	Pulse	99	5940000	3825	NA
MAXED_1011_Day_A	187	Picture	stage2_win	5943842	0	1	10167	1	0	next	other	0
MAXED_1011_Day_A	188	Picture	stage1	5954009	0	1	3167	1	0	next	false_alarm	576
MAXED_1011_Day_A	188	Response	1	5957025	3016	1
MAXED_1011_Day_A	189	Picture	stage1_box	5957175	0	1	7667	1	0	next	other	0
MAXED_1011_Day_A	189	Pulse	99	5960000	2825	NA
MAXED_1011_Day_A	190	Picture	stage1_outcome	5964842	0	1	167	1	0	next	other	0
MAXED_1011_Day_A	191	Picture	stage2A	5965009	0	1	9167	1	0	next	false_alarm	581
MAXED_1011_Day_A	191	Response	1	5973985	8976	1
MAXED_1011_Day_A	192	Picture	stage2_box	5974175	0	1	7667	1	0	next	other	0
MAXED_1011_Day_A	192	Pulse	99	5980000	5825	NA
MAXED_1011_Day_A	193	Picture	stage2_up	5981842	0	1	7667	1	0	next	other	0
MAXED_1011_Day_A	194	Picture	stage2_win	5989509	0	1	10167	1	0	next	other	0
MAXED_1011_Day_A	195	Picture	stage1	5999675	0	1	4833	1	0	next	false_alarm	588
MAXED_1011_Day_A	195	Pulse	99	6000000	325	NA
MAXED_1011_Day_A	195	Response	1	6004465	4789	1
MAXED_1011_Day_A	196	Picture	stage1_box	6004509	0	1	7667	1	0	next	other	0
MAXED_1011_Day_A	197	Picture	stage1_outcome	6012175	0	1	167	1	0	next	other	0
MAXED_1011_Day_A	198	Picture	stage2A	6012342	0	1	8000	1	0	next	false_alarm	593
MAXED_1011_Day_A	198	Pulse	99	6020000	7658	NA
MAXED_1011_Day_A	198	Response	1	6020225	7882	1
MAXED_1011_Day_A	199	Picture	stage2_box	6020342	0	1	7667	1	0	next	other	0
MAXED_1011_Day_A	200	Picture	stage2_up	6028009	0	1	7667	1	0	next	other	0
MAXED_1011_Day_A	201	Picture	stage2_win	6035676	0	1	10167	1	0	next	other	0
MAXED_1011_Day_A	201	Pulse	99	6040000	4325	NA
MAXED_1011_Day_A	202	Picture	stage1	6045842	0	1	2500	1	0	next	false_alarm	599
MAXED_1011_Day_A	202	Response	1	6048305	2463	1
MAXED_1011_Day_A	203	Picture	stage1_box	6048342	0	1	7667	1	0	next	other	0
MAXED_1011_Day_A	204	Picture	stage1_outcome	6056009	0	1	167	1	0	next	other	0
MAXED_1011_Day_A	205	Picture	stage2A	6056176	0	1	3667	1	0	next	false_alarm	603
MAXED_1011_Day_A	205	Response	1	6059745	3569	1
MAXED_1011_Day_A	206	Picture	stage2_box	6059842	0	1	7667	1	0	next	other	0
MAXED_1011_Day_A	206	Pulse	99	6060000	158	NA
MAXED_1011_Day_A	207	Picture	stage2_up	6067509	0	1	7667	1	0	next	other	0
MAXED_1011_Day_A	208	Picture	stage2_lose	6075176	0	1	10167	1	0	next	other	0
MAXED_1011_Day_A	208	Pulse	99	6080000	4824	NA
MAXED_1011_Day_A	209	Picture	stage1	6085342	0	1	3333	1	0	next	false_alarm	610
MAXED_1011_Day_A	209	Response	1	6088545	3202	1
MAXED_1011_Day_A	210	Picture	stage1_box	6088676	0	1	7667	1	0	next	other	0
MAXED_1011_Day_A	211	Picture	stage1_outcome	6096342	0	1	167	1	0	next	other	0
MAXED_1011_Day_A	212	Picture	stage2A	6096509	0	1	4667	1	0	next	false_alarm	615
MAXED_1011_Day_A	212	Pulse	99	6100000	3491	NA
MAXED_1011_Day_A	212	Response	2	6101105	4596	1
MAXED_1011_Day_A	213	Picture	stage2_box	6101176	0	1	7667	1	0	next	other	0
MAXED_1011_Day_A	214	Picture	stage2_up	6108842	0	1	7667	1	0	next	other	0
MAXED_1011_Day_A	215	Picture	stage2_win	6116509	0	1	10167	1	0	next	other	0
MAXED_1011_Day_A	215	Pulse	99	6120000	3491	NA
MAXED_1011_Day_A	216	Picture	stage1	6126676	0	1	3167	1	0	next	false_alarm	621
MAXED_1011_Day_A	216	Response	1	6129745	3069	1
MAXED_1011_Day_A	217	Picture	stage1_box	6129842	0	1	7667	1	0	next	other	0
MAXED_1011_Day_A	218	Picture	stage1_outcome	6137509	0	1	167	1	0	next	other	0
MAXED_1011_Day_A	219	Picture	stage2A	6137676	0	1	5500	1	0	next	false_alarm	626
MAXED_1011_Day_A	219	Pulse	99	6140000	2324	NA
MAXED_1011_Day_A	219	Response	2	6143025	5349	1
MAXED_1011_Day_A	220	Picture	stage2_box	6143176	0	1	7667	1	0	next	other	0
MAXED_1011_Day_A	221	Picture	stage2_up	6150842	0	1	7667	1	0	next	other	0
MAXED_1011_Day_A	222	Picture	stage2_lose	6158509	0	1	10167	1	0	next	other	0
MAXED_1011_Day_A	222	Pulse	99	6160000	1491	NA
MAXED_1011_Day_A	223	Response	1	6171425	2749	1
MAXED_1011_Day_A	223	Pulse	99	6180000	11324	NA
MAXED_1011_Day_A	223	Pulse	99	6200000	31324	NA
MAXED_1011_Day_A	223	Pulse	99	6220000	51324	NA
MAXED_1011_Day_A	223	Pulse	99	6240000	71324	NA
MAXED_1011_Day_A	223	Pulse	99	6260000	91324	NA
MAXED_1011_Day_A	223	Response	88	6275345	106669	1
