Scenario - 
Logfile written - 08/08/2022 18:43:55

Subject	Trial	Event Type	Code	Time	TTime	Uncertainty	Duration	Uncertainty	ReqTime	ReqDur	Stim Type	Pair Index

MAXED_1034_Day_B	0	Pulse	99	0	0	NA
MAXED_1034_Day_B	1	Picture	instructions_1	666	0	1	330431	1	0	next	false_alarm	19
MAXED_1034_Day_B	1	Pulse	99	20000	19334	NA
MAXED_1034_Day_B	1	Pulse	99	40000	39334	NA
MAXED_1034_Day_B	1	Pulse	99	60000	59334	NA
MAXED_1034_Day_B	1	Pulse	99	80000	79334	NA
MAXED_1034_Day_B	1	Pulse	99	100000	99334	NA
MAXED_1034_Day_B	1	Pulse	99	120000	119334	NA
MAXED_1034_Day_B	1	Pulse	99	140000	139334	NA
MAXED_1034_Day_B	1	Pulse	99	160000	159334	NA
MAXED_1034_Day_B	1	Pulse	99	180000	179334	NA
MAXED_1034_Day_B	1	Pulse	99	200000	199334	NA
MAXED_1034_Day_B	1	Pulse	99	220000	219334	NA
MAXED_1034_Day_B	1	Pulse	99	240000	239334	NA
MAXED_1034_Day_B	1	Pulse	99	260000	259334	NA
MAXED_1034_Day_B	1	Pulse	99	280000	279334	NA
MAXED_1034_Day_B	1	Pulse	99	300000	299334	NA
MAXED_1034_Day_B	1	Pulse	99	320000	319334	NA
MAXED_1034_Day_B	1	Response	88	330866	330200	1
MAXED_1034_Day_B	2	Picture	instructions_2	331098	0	1	77951	1	0	next	false_alarm	25
MAXED_1034_Day_B	2	Pulse	99	340000	8902	NA
MAXED_1034_Day_B	2	Pulse	99	360000	28902	NA
MAXED_1034_Day_B	2	Pulse	99	380000	48902	NA
MAXED_1034_Day_B	2	Pulse	99	400000	68902	NA
MAXED_1034_Day_B	2	Response	88	408819	77721	1
MAXED_1034_Day_B	3	Picture	instructions_3	409048	0	1	109416	1	0	next	false_alarm	32
MAXED_1034_Day_B	3	Pulse	99	420000	10952	NA
MAXED_1034_Day_B	3	Pulse	99	440000	30952	NA
MAXED_1034_Day_B	3	Pulse	99	460000	50952	NA
MAXED_1034_Day_B	3	Pulse	99	480000	70952	NA
MAXED_1034_Day_B	3	Pulse	99	500000	90952	NA
MAXED_1034_Day_B	3	Response	88	518234	109186	1
MAXED_1034_Day_B	4	Picture	instructions_4	518464	0	1	81217	1	0	next	false_alarm	38
MAXED_1034_Day_B	4	Pulse	99	520000	1536	NA
MAXED_1034_Day_B	4	Pulse	99	540000	21536	NA
MAXED_1034_Day_B	4	Pulse	99	560000	41536	NA
MAXED_1034_Day_B	4	Pulse	99	580000	61536	NA
MAXED_1034_Day_B	4	Response	88	599450	80986	1
MAXED_1034_Day_B	5	Picture	instructions_5	599680	0	1	199791	1	0	next	false_alarm	50
MAXED_1034_Day_B	5	Pulse	99	600000	320	NA
MAXED_1034_Day_B	5	Pulse	99	620000	20320	NA
MAXED_1034_Day_B	5	Pulse	99	640000	40320	NA
MAXED_1034_Day_B	5	Pulse	99	660000	60320	NA
MAXED_1034_Day_B	5	Pulse	99	680000	80320	NA
MAXED_1034_Day_B	5	Pulse	99	700000	100320	NA
MAXED_1034_Day_B	5	Pulse	99	720000	120320	NA
MAXED_1034_Day_B	5	Pulse	99	740000	140320	NA
MAXED_1034_Day_B	5	Pulse	99	760000	160320	NA
MAXED_1034_Day_B	5	Pulse	99	780000	180320	NA
MAXED_1034_Day_B	5	Response	88	799243	199562	1
MAXED_1034_Day_B	6	Picture	instructions_6	799471	0	1	111376	1	0	next	false_alarm	58
MAXED_1034_Day_B	6	Pulse	99	800000	529	NA
MAXED_1034_Day_B	6	Pulse	99	820000	20529	NA
MAXED_1034_Day_B	6	Pulse	99	840000	40529	NA
MAXED_1034_Day_B	6	Pulse	99	860000	60529	NA
MAXED_1034_Day_B	6	Pulse	99	880000	80529	NA
MAXED_1034_Day_B	6	Pulse	99	900000	100529	NA
MAXED_1034_Day_B	6	Response	88	910619	111148	1
MAXED_1034_Day_B	7	Picture	instructions_7	910848	0	1	204795	1	0	next	false_alarm	70
MAXED_1034_Day_B	7	Pulse	99	920000	9152	NA
MAXED_1034_Day_B	7	Pulse	99	940000	29152	NA
MAXED_1034_Day_B	7	Pulse	99	960000	49152	NA
MAXED_1034_Day_B	7	Pulse	99	980000	69152	NA
MAXED_1034_Day_B	7	Pulse	99	1000000	89152	NA
MAXED_1034_Day_B	7	Pulse	99	1020000	109152	NA
MAXED_1034_Day_B	7	Pulse	99	1040000	129152	NA
MAXED_1034_Day_B	7	Pulse	99	1060000	149152	NA
MAXED_1034_Day_B	7	Pulse	99	1080000	169152	NA
MAXED_1034_Day_B	7	Pulse	99	1100000	189152	NA
MAXED_1034_Day_B	7	Response	88	1115413	204565	1
MAXED_1034_Day_B	8	Picture	instructions_8	1115643	0	1	141815	1	0	next	false_alarm	79
MAXED_1034_Day_B	8	Pulse	99	1120000	4357	NA
MAXED_1034_Day_B	8	Pulse	99	1140000	24357	NA
MAXED_1034_Day_B	8	Pulse	99	1160000	44357	NA
MAXED_1034_Day_B	8	Pulse	99	1180000	64357	NA
MAXED_1034_Day_B	8	Pulse	99	1200000	84357	NA
MAXED_1034_Day_B	8	Pulse	99	1220000	104357	NA
MAXED_1034_Day_B	8	Pulse	99	1240000	124357	NA
MAXED_1034_Day_B	8	Response	88	1257221	141578	1
MAXED_1034_Day_B	9	Picture	instructions_9	1257459	0	1	58032	1	0	next	false_alarm	84
MAXED_1034_Day_B	9	Pulse	99	1260000	2541	NA
MAXED_1034_Day_B	9	Pulse	99	1280000	22541	NA
MAXED_1034_Day_B	9	Pulse	99	1300000	42541	NA
MAXED_1034_Day_B	9	Response	88	1315260	57801	1
MAXED_1034_Day_B	10	Picture	instructions_10	1315491	0	1	289004	1	0	next	false_alarm	101
MAXED_1034_Day_B	10	Pulse	99	1320000	4509	NA
MAXED_1034_Day_B	10	Pulse	99	1340000	24509	NA
MAXED_1034_Day_B	10	Pulse	99	1360000	44509	NA
MAXED_1034_Day_B	10	Pulse	99	1380000	64509	NA
MAXED_1034_Day_B	10	Pulse	99	1400000	84509	NA
MAXED_1034_Day_B	10	Pulse	99	1420000	104509	NA
MAXED_1034_Day_B	10	Pulse	99	1440000	124509	NA
MAXED_1034_Day_B	10	Pulse	99	1460000	144509	NA
MAXED_1034_Day_B	10	Pulse	99	1480000	164509	NA
MAXED_1034_Day_B	10	Pulse	99	1500000	184509	NA
MAXED_1034_Day_B	10	Pulse	99	1520000	204509	NA
MAXED_1034_Day_B	10	Pulse	99	1540000	224509	NA
MAXED_1034_Day_B	10	Pulse	99	1560000	244509	NA
MAXED_1034_Day_B	10	Pulse	99	1580000	264509	NA
MAXED_1034_Day_B	10	Pulse	99	1600000	284509	NA
MAXED_1034_Day_B	10	Response	88	1604265	288775	1
MAXED_1034_Day_B	11	Picture	instructions_11	1604495	0	1	156335	1	0	next	false_alarm	111
MAXED_1034_Day_B	11	Pulse	99	1620000	15505	NA
MAXED_1034_Day_B	11	Pulse	99	1640000	35505	NA
MAXED_1034_Day_B	11	Pulse	99	1660000	55505	NA
MAXED_1034_Day_B	11	Pulse	99	1680000	75505	NA
MAXED_1034_Day_B	11	Pulse	99	1700000	95505	NA
MAXED_1034_Day_B	11	Pulse	99	1720000	115505	NA
MAXED_1034_Day_B	11	Pulse	99	1740000	135505	NA
MAXED_1034_Day_B	11	Pulse	99	1760000	155505	NA
MAXED_1034_Day_B	11	Response	88	1760747	156252	1
MAXED_1034_Day_B	12	Picture	instructions_12	1760830	0	1	95591	1	0	next	false_alarm	117
MAXED_1034_Day_B	12	Pulse	99	1780000	19170	NA
MAXED_1034_Day_B	12	Pulse	99	1800000	39170	NA
MAXED_1034_Day_B	12	Pulse	99	1820000	59170	NA
MAXED_1034_Day_B	12	Pulse	99	1840000	79170	NA
MAXED_1034_Day_B	12	Response	88	1856193	95363	1
MAXED_1034_Day_B	13	Picture	instructions_13	1856421	0	1	93885	1	0	next	false_alarm	124
MAXED_1034_Day_B	13	Pulse	99	1860000	3579	NA
MAXED_1034_Day_B	13	Pulse	99	1880000	23579	NA
MAXED_1034_Day_B	13	Pulse	99	1900000	43579	NA
MAXED_1034_Day_B	13	Pulse	99	1920000	63579	NA
MAXED_1034_Day_B	13	Pulse	99	1940000	83579	NA
MAXED_1034_Day_B	13	Response	88	1950078	93656	1
MAXED_1034_Day_B	14	Picture	instructions_14	1950307	0	1	20224	1	0	next	false_alarm	127
MAXED_1034_Day_B	14	Pulse	99	1960000	9693	NA
MAXED_1034_Day_B	14	Response	88	1970299	19992	1
MAXED_1034_Day_B	15	Picture	instructions_15	1970530	0	1	133321	1	0	next	false_alarm	136
MAXED_1034_Day_B	15	Pulse	99	1980000	9470	NA
MAXED_1034_Day_B	15	Pulse	99	2000000	29470	NA
MAXED_1034_Day_B	15	Pulse	99	2020000	49470	NA
MAXED_1034_Day_B	15	Pulse	99	2040000	69470	NA
MAXED_1034_Day_B	15	Pulse	99	2060000	89470	NA
MAXED_1034_Day_B	15	Pulse	99	2080000	109470	NA
MAXED_1034_Day_B	15	Pulse	99	2100000	129470	NA
MAXED_1034_Day_B	15	Response	88	2103624	133094	1
MAXED_1034_Day_B	16	Picture	instructions_16	2103851	0	1	119739	1	0	next	false_alarm	144
MAXED_1034_Day_B	16	Pulse	99	2120000	16149	NA
MAXED_1034_Day_B	16	Pulse	99	2140000	36149	NA
MAXED_1034_Day_B	16	Pulse	99	2160000	56149	NA
MAXED_1034_Day_B	16	Pulse	99	2180000	76149	NA
MAXED_1034_Day_B	16	Pulse	99	2200000	96149	NA
MAXED_1034_Day_B	16	Pulse	99	2220000	116149	NA
MAXED_1034_Day_B	16	Response	88	2223361	119510	1
MAXED_1034_Day_B	17	Picture	instructions_17	2223591	0	1	15587	1	0	next	false_alarm	146
MAXED_1034_Day_B	17	Response	88	2238947	15357	1
MAXED_1034_Day_B	18	Picture	instructions_18	2239178	0	1	101428	1	0	next	false_alarm	154
MAXED_1034_Day_B	18	Pulse	99	2240000	822	NA
MAXED_1034_Day_B	18	Pulse	99	2260000	20822	NA
MAXED_1034_Day_B	18	Pulse	99	2280000	40822	NA
MAXED_1034_Day_B	18	Pulse	99	2300000	60822	NA
MAXED_1034_Day_B	18	Pulse	99	2320000	80822	NA
MAXED_1034_Day_B	18	Pulse	99	2340000	100822	NA
MAXED_1034_Day_B	18	Response	88	2340377	101199	1
MAXED_1034_Day_B	19	Picture	instructions_19	2340606	0	1	137495	1	0	next	false_alarm	162
MAXED_1034_Day_B	19	Pulse	99	2360000	19394	NA
MAXED_1034_Day_B	19	Pulse	99	2380000	39394	NA
MAXED_1034_Day_B	19	Pulse	99	2400000	59394	NA
MAXED_1034_Day_B	19	Pulse	99	2420000	79394	NA
MAXED_1034_Day_B	19	Pulse	99	2440000	99394	NA
MAXED_1034_Day_B	19	Pulse	99	2460000	119394	NA
MAXED_1034_Day_B	19	Response	88	2477871	137265	1
MAXED_1034_Day_B	20	Picture	instructions_20	2478101	0	1	110682	1	0	next	false_alarm	170
MAXED_1034_Day_B	20	Pulse	99	2480000	1899	NA
MAXED_1034_Day_B	20	Pulse	99	2500000	21899	NA
MAXED_1034_Day_B	20	Pulse	99	2520000	41899	NA
MAXED_1034_Day_B	20	Pulse	99	2540000	61899	NA
MAXED_1034_Day_B	20	Pulse	99	2560000	81899	NA
MAXED_1034_Day_B	20	Pulse	99	2580000	101899	NA
MAXED_1034_Day_B	20	Response	88	2588650	110548	1
MAXED_1034_Day_B	21	Picture	instructions_21	2588784	0	1	104307	1	0	next	false_alarm	177
MAXED_1034_Day_B	21	Pulse	99	2600000	11216	NA
MAXED_1034_Day_B	21	Pulse	99	2620000	31216	NA
MAXED_1034_Day_B	21	Pulse	99	2640000	51216	NA
MAXED_1034_Day_B	21	Pulse	99	2660000	71216	NA
MAXED_1034_Day_B	21	Pulse	99	2680000	91216	NA
MAXED_1034_Day_B	21	Response	88	2692861	104077	1
MAXED_1034_Day_B	22	Picture	instructions_22	2693090	0	1	35234	1	0	next	false_alarm	181
MAXED_1034_Day_B	22	Pulse	99	2700000	6910	NA
MAXED_1034_Day_B	22	Pulse	99	2720000	26910	NA
MAXED_1034_Day_B	22	Response	88	2728094	35004	1
MAXED_1034_Day_B	23	Picture	instructions_23	2728325	0	1	89758	1	0	next	false_alarm	187
MAXED_1034_Day_B	23	Pulse	99	2740000	11675	NA
MAXED_1034_Day_B	23	Pulse	99	2760000	31675	NA
MAXED_1034_Day_B	23	Pulse	99	2780000	51675	NA
MAXED_1034_Day_B	23	Pulse	99	2800000	71675	NA
MAXED_1034_Day_B	23	Response	88	2817855	89530	1
MAXED_1034_Day_B	24	Picture	instructions_24	2818082	0	1	127607	1	0	next	false_alarm	196
MAXED_1034_Day_B	24	Pulse	99	2820000	1918	NA
MAXED_1034_Day_B	24	Pulse	99	2840000	21918	NA
MAXED_1034_Day_B	24	Pulse	99	2860000	41918	NA
MAXED_1034_Day_B	24	Pulse	99	2880000	61918	NA
MAXED_1034_Day_B	24	Pulse	99	2900000	81918	NA
MAXED_1034_Day_B	24	Pulse	99	2920000	101918	NA
MAXED_1034_Day_B	24	Pulse	99	2940000	121918	NA
MAXED_1034_Day_B	24	Response	88	2945460	127378	1
MAXED_1034_Day_B	25	Picture	instructions_25	2945689	0	1	92820	1	0	next	false_alarm	202
MAXED_1034_Day_B	25	Pulse	99	2960000	14311	NA
MAXED_1034_Day_B	25	Pulse	99	2980000	34311	NA
MAXED_1034_Day_B	25	Pulse	99	3000000	54311	NA
MAXED_1034_Day_B	25	Pulse	99	3020000	74311	NA
MAXED_1034_Day_B	25	Response	88	3038280	92591	1
MAXED_1034_Day_B	26	Picture	instructions_26	3038510	0	1	290239	1	0	next	false_alarm	219
MAXED_1034_Day_B	26	Pulse	99	3040000	1490	NA
MAXED_1034_Day_B	26	Pulse	99	3060000	21490	NA
MAXED_1034_Day_B	26	Pulse	99	3080000	41490	NA
MAXED_1034_Day_B	26	Pulse	99	3100000	61490	NA
MAXED_1034_Day_B	26	Pulse	99	3120000	81490	NA
MAXED_1034_Day_B	26	Pulse	99	3140000	101490	NA
MAXED_1034_Day_B	26	Pulse	99	3160000	121490	NA
MAXED_1034_Day_B	26	Pulse	99	3180000	141490	NA
MAXED_1034_Day_B	26	Pulse	99	3200000	161490	NA
MAXED_1034_Day_B	26	Pulse	99	3220000	181490	NA
MAXED_1034_Day_B	26	Pulse	99	3240000	201490	NA
MAXED_1034_Day_B	26	Pulse	99	3260000	221490	NA
MAXED_1034_Day_B	26	Pulse	99	3280000	241490	NA
MAXED_1034_Day_B	26	Pulse	99	3300000	261490	NA
MAXED_1034_Day_B	26	Pulse	99	3320000	281490	NA
MAXED_1034_Day_B	26	Response	88	3328519	290009	1
MAXED_1034_Day_B	27	Picture	instructions_27	3328748	0	1	55976	1	0	next	false_alarm	224
MAXED_1034_Day_B	27	Pulse	99	3340000	11252	NA
MAXED_1034_Day_B	27	Pulse	99	3360000	31252	NA
MAXED_1034_Day_B	27	Pulse	99	3380000	51252	NA
MAXED_1034_Day_B	27	Response	88	3384494	55746	1
MAXED_1034_Day_B	28	Picture	instructions_28	3384724	0	1	24287	1	0	next	false_alarm	227
MAXED_1034_Day_B	28	Pulse	99	3400000	15276	NA
MAXED_1034_Day_B	28	Response	88	3408781	24057	1
MAXED_1034_Day_B	29	Picture	instructions_29	3409011	0	1	54907	1	0	next	false_alarm	232
MAXED_1034_Day_B	29	Pulse	99	3420000	10989	NA
MAXED_1034_Day_B	29	Pulse	99	3440000	30989	NA
MAXED_1034_Day_B	29	Pulse	99	3460000	50989	NA
MAXED_1034_Day_B	29	Response	88	3463688	54677	1
MAXED_1034_Day_B	30	Picture	instructions_30	3463918	0	1	177170	1	0	next	false_alarm	243
MAXED_1034_Day_B	30	Pulse	99	3480000	16082	NA
MAXED_1034_Day_B	30	Pulse	99	3500000	36082	NA
MAXED_1034_Day_B	30	Pulse	99	3520000	56082	NA
MAXED_1034_Day_B	30	Pulse	99	3540000	76082	NA
MAXED_1034_Day_B	30	Pulse	99	3560000	96082	NA
MAXED_1034_Day_B	30	Pulse	99	3580000	116082	NA
MAXED_1034_Day_B	30	Pulse	99	3600000	136082	NA
MAXED_1034_Day_B	30	Pulse	99	3620000	156082	NA
MAXED_1034_Day_B	30	Pulse	99	3640000	176082	NA
MAXED_1034_Day_B	30	Response	88	3640857	176940	1
MAXED_1034_Day_B	31	Picture	instructions_31	3641087	0	1	77286	1	0	next	false_alarm	248
MAXED_1034_Day_B	31	Pulse	99	3660000	18913	NA
MAXED_1034_Day_B	31	Pulse	99	3680000	38913	NA
MAXED_1034_Day_B	31	Pulse	99	3700000	58913	NA
MAXED_1034_Day_B	31	Response	88	3718283	77196	1
MAXED_1034_Day_B	32	Picture	instructions_32	3718373	0	1	105363	1	0	next	false_alarm	256
MAXED_1034_Day_B	32	Pulse	99	3720000	1627	NA
MAXED_1034_Day_B	32	Pulse	99	3740000	21627	NA
MAXED_1034_Day_B	32	Pulse	99	3760000	41627	NA
MAXED_1034_Day_B	32	Pulse	99	3780000	61627	NA
MAXED_1034_Day_B	32	Pulse	99	3800000	81627	NA
MAXED_1034_Day_B	32	Pulse	99	3820000	101627	NA
MAXED_1034_Day_B	32	Response	88	3823507	105134	1
MAXED_1034_Day_B	33	Picture	instructions_33	3823736	0	1	83961	1	0	next	false_alarm	262
MAXED_1034_Day_B	33	Pulse	99	3840000	16264	NA
MAXED_1034_Day_B	33	Pulse	99	3860000	36264	NA
MAXED_1034_Day_B	33	Pulse	99	3880000	56264	NA
MAXED_1034_Day_B	33	Pulse	99	3900000	76264	NA
MAXED_1034_Day_B	33	Response	88	3907469	83733	1
MAXED_1034_Day_B	34	Picture	instructions_34	3907697	0	1	127448	1	0	next	false_alarm	270
MAXED_1034_Day_B	34	Pulse	99	3920000	12303	NA
MAXED_1034_Day_B	34	Pulse	99	3940000	32303	NA
MAXED_1034_Day_B	34	Pulse	99	3960000	52303	NA
MAXED_1034_Day_B	34	Pulse	99	3980000	72303	NA
MAXED_1034_Day_B	34	Pulse	99	4000000	92303	NA
MAXED_1034_Day_B	34	Pulse	99	4020000	112303	NA
MAXED_1034_Day_B	34	Response	88	4034917	127220	1
MAXED_1034_Day_B	35	Picture	instructions_35	4035146	0	1	274110	1	0	next	false_alarm	286
MAXED_1034_Day_B	35	Pulse	99	4040000	4854	NA
MAXED_1034_Day_B	35	Pulse	99	4060000	24854	NA
MAXED_1034_Day_B	35	Pulse	99	4080000	44854	NA
MAXED_1034_Day_B	35	Pulse	99	4100000	64854	NA
MAXED_1034_Day_B	35	Pulse	99	4120000	84854	NA
MAXED_1034_Day_B	35	Pulse	99	4140000	104854	NA
MAXED_1034_Day_B	35	Pulse	99	4160000	124854	NA
MAXED_1034_Day_B	35	Pulse	99	4180000	144854	NA
MAXED_1034_Day_B	35	Pulse	99	4200000	164854	NA
MAXED_1034_Day_B	35	Pulse	99	4220000	184854	NA
MAXED_1034_Day_B	35	Pulse	99	4240000	204854	NA
MAXED_1034_Day_B	35	Pulse	99	4260000	224854	NA
MAXED_1034_Day_B	35	Pulse	99	4280000	244854	NA
MAXED_1034_Day_B	35	Pulse	99	4300000	264854	NA
MAXED_1034_Day_B	35	Response	88	4309026	273880	1
MAXED_1034_Day_B	36	Picture	instructions_36	4309256	0	1	150561	1	0	next	false_alarm	295
MAXED_1034_Day_B	36	Pulse	99	4320000	10744	NA
MAXED_1034_Day_B	36	Pulse	99	4340000	30744	NA
MAXED_1034_Day_B	36	Pulse	99	4360000	50744	NA
MAXED_1034_Day_B	36	Pulse	99	4380000	70744	NA
MAXED_1034_Day_B	36	Pulse	99	4400000	90744	NA
MAXED_1034_Day_B	36	Pulse	99	4420000	110744	NA
MAXED_1034_Day_B	36	Pulse	99	4440000	130744	NA
MAXED_1034_Day_B	36	Response	88	4459586	150331	1
MAXED_1034_Day_B	37	Picture	instructions_37	4459816	0	1	96949	1	0	next	false_alarm	302
MAXED_1034_Day_B	37	Pulse	99	4460000	184	NA
MAXED_1034_Day_B	37	Pulse	99	4480000	20184	NA
MAXED_1034_Day_B	37	Pulse	99	4500000	40184	NA
MAXED_1034_Day_B	37	Pulse	99	4520000	60184	NA
MAXED_1034_Day_B	37	Pulse	99	4540000	80184	NA
MAXED_1034_Day_B	37	Response	88	4556707	96891	1
MAXED_1034_Day_B	38	Picture	instructions_38	4556766	0	1	71254	1	0	next	false_alarm	308
MAXED_1034_Day_B	38	Pulse	99	4560000	3234	NA
MAXED_1034_Day_B	38	Pulse	99	4580000	23234	NA
MAXED_1034_Day_B	38	Pulse	99	4600000	43234	NA
MAXED_1034_Day_B	38	Pulse	99	4620000	63234	NA
MAXED_1034_Day_B	38	Response	88	4627960	71195	1
MAXED_1034_Day_B	39	Picture	instructions_39	4628020	0	1	257491	1	0	next	false_alarm	323
MAXED_1034_Day_B	39	Pulse	99	4640000	11980	NA
MAXED_1034_Day_B	39	Pulse	99	4660000	31980	NA
MAXED_1034_Day_B	39	Pulse	99	4680000	51980	NA
MAXED_1034_Day_B	39	Pulse	99	4700000	71980	NA
MAXED_1034_Day_B	39	Pulse	99	4720000	91980	NA
MAXED_1034_Day_B	39	Pulse	99	4740000	111980	NA
MAXED_1034_Day_B	39	Pulse	99	4760000	131980	NA
MAXED_1034_Day_B	39	Pulse	99	4780000	151980	NA
MAXED_1034_Day_B	39	Pulse	99	4800000	171980	NA
MAXED_1034_Day_B	39	Pulse	99	4820000	191980	NA
MAXED_1034_Day_B	39	Pulse	99	4840000	211980	NA
MAXED_1034_Day_B	39	Pulse	99	4860000	231980	NA
MAXED_1034_Day_B	39	Pulse	99	4880000	251980	NA
MAXED_1034_Day_B	39	Response	88	4885457	257437	1
MAXED_1034_Day_B	40	Picture	instructions_40	4885511	0	1	100614	1	0	next	false_alarm	330
MAXED_1034_Day_B	40	Pulse	99	4900000	14489	NA
MAXED_1034_Day_B	40	Pulse	99	4920000	34489	NA
MAXED_1034_Day_B	40	Pulse	99	4940000	54489	NA
MAXED_1034_Day_B	40	Pulse	99	4960000	74489	NA
MAXED_1034_Day_B	40	Pulse	99	4980000	94489	NA
MAXED_1034_Day_B	40	Response	88	4986066	100555	1
MAXED_1034_Day_B	41	Picture	instructions_41	4986125	0	1	101504	1	0	next	false_alarm	337
MAXED_1034_Day_B	41	Pulse	99	5000000	13875	NA
MAXED_1034_Day_B	41	Pulse	99	5020000	33875	NA
MAXED_1034_Day_B	41	Pulse	99	5040000	53875	NA
MAXED_1034_Day_B	41	Pulse	99	5060000	73875	NA
MAXED_1034_Day_B	41	Pulse	99	5080000	93875	NA
MAXED_1034_Day_B	41	Response	88	5087571	101445	1
MAXED_1034_Day_B	42	Picture	instructions_42	5087629	0	1	121894	1	0	next	false_alarm	345
MAXED_1034_Day_B	42	Pulse	99	5100000	12371	NA
MAXED_1034_Day_B	42	Pulse	99	5120000	32371	NA
MAXED_1034_Day_B	42	Pulse	99	5140000	52371	NA
MAXED_1034_Day_B	42	Pulse	99	5160000	72371	NA
MAXED_1034_Day_B	42	Pulse	99	5180000	92371	NA
MAXED_1034_Day_B	42	Pulse	99	5200000	112371	NA
MAXED_1034_Day_B	42	Response	88	5209465	121836	1
MAXED_1034_Day_B	43	Picture	instructions_43	5209523	0	1	114968	1	0	next	false_alarm	353
MAXED_1034_Day_B	43	Pulse	99	5220000	10477	NA
MAXED_1034_Day_B	43	Pulse	99	5240000	30477	NA
MAXED_1034_Day_B	43	Pulse	99	5260000	50477	NA
MAXED_1034_Day_B	43	Pulse	99	5280000	70477	NA
MAXED_1034_Day_B	43	Pulse	99	5300000	90477	NA
MAXED_1034_Day_B	43	Pulse	99	5320000	110477	NA
MAXED_1034_Day_B	43	Response	88	5324431	114908	1
MAXED_1034_Day_B	44	Picture	instructions_44	5324491	0	1	191249	1	0	next	false_alarm	364
MAXED_1034_Day_B	44	Pulse	99	5340000	15509	NA
MAXED_1034_Day_B	44	Pulse	99	5360000	35509	NA
MAXED_1034_Day_B	44	Pulse	99	5380000	55509	NA
MAXED_1034_Day_B	44	Pulse	99	5400000	75509	NA
MAXED_1034_Day_B	44	Pulse	99	5420000	95509	NA
MAXED_1034_Day_B	44	Pulse	99	5440000	115509	NA
MAXED_1034_Day_B	44	Pulse	99	5460000	135509	NA
MAXED_1034_Day_B	44	Pulse	99	5480000	155509	NA
MAXED_1034_Day_B	44	Pulse	99	5500000	175509	NA
MAXED_1034_Day_B	44	Response	88	5515680	191189	1
MAXED_1034_Day_B	45	Picture	instructions_45	5515740	0	1	218444	1	0	next	false_alarm	377
MAXED_1034_Day_B	45	Pulse	99	5520000	4260	NA
MAXED_1034_Day_B	45	Pulse	99	5540000	24260	NA
MAXED_1034_Day_B	45	Pulse	99	5560000	44260	NA
MAXED_1034_Day_B	45	Pulse	99	5580000	64260	NA
MAXED_1034_Day_B	45	Pulse	99	5600000	84260	NA
MAXED_1034_Day_B	45	Pulse	99	5620000	104260	NA
MAXED_1034_Day_B	45	Pulse	99	5640000	124260	NA
MAXED_1034_Day_B	45	Pulse	99	5660000	144260	NA
MAXED_1034_Day_B	45	Pulse	99	5680000	164260	NA
MAXED_1034_Day_B	45	Pulse	99	5700000	184260	NA
MAXED_1034_Day_B	45	Pulse	99	5720000	204260	NA
MAXED_1034_Day_B	45	Response	88	5734124	218384	1
MAXED_1034_Day_B	46	Picture	instructions_46	5734183	0	1	73386	1	0	next	false_alarm	383
MAXED_1034_Day_B	46	Pulse	99	5740000	5817	NA
MAXED_1034_Day_B	46	Pulse	99	5760000	25817	NA
MAXED_1034_Day_B	46	Pulse	99	5780000	45817	NA
MAXED_1034_Day_B	46	Pulse	99	5800000	65817	NA
MAXED_1034_Day_B	46	Response	88	5807515	73332	1
MAXED_1034_Day_B	47	Picture	fixation	5807569	0	1	5165	1	0	next	other	0
MAXED_1034_Day_B	48	Picture	stage1	5812734	0	1	15328	1	0	next	false_alarm	387
MAXED_1034_Day_B	48	Pulse	99	5820000	7266	NA
MAXED_1034_Day_B	48	Response	2	5828015	15281	1
MAXED_1034_Day_B	49	Picture	stage1_box	5828062	0	1	7664	1	0	next	other	0
MAXED_1034_Day_B	50	Picture	stage1_outcome	5835726	0	1	167	1	0	next	other	0
MAXED_1034_Day_B	51	Picture	stage2B	5835893	0	1	14995	1	0	next	false_alarm	392
MAXED_1034_Day_B	51	Pulse	99	5840000	4107	NA
MAXED_1034_Day_B	51	Response	2	5850753	14860	1
MAXED_1034_Day_B	52	Picture	stage2_box	5850888	0	1	7664	1	0	next	other	0
MAXED_1034_Day_B	53	Picture	stage2_up	5858552	0	1	7664	1	0	next	other	0
MAXED_1034_Day_B	53	Pulse	99	5860000	1448	NA
MAXED_1034_Day_B	54	Picture	stage2_lose	5866216	0	1	10163	1	0	next	other	0
MAXED_1034_Day_B	55	Picture	stage1	5876379	0	1	26508	1	0	next	false_alarm	400
MAXED_1034_Day_B	55	Pulse	99	5880000	3621	NA
MAXED_1034_Day_B	55	Pulse	99	5900000	23621	NA
MAXED_1034_Day_B	55	Response	2	5902714	26335	1
MAXED_1034_Day_B	56	Picture	stage1_box	5902887	0	1	7550	1	0	next	other	0
MAXED_1034_Day_B	57	Picture	stage1_outcome	5910437	0	1	167	1	0	next	other	0
MAXED_1034_Day_B	58	Picture	stage2B	5910603	0	1	9404	1	0	next	false_alarm	404
MAXED_1034_Day_B	58	Response	1	5919951	9348	1
MAXED_1034_Day_B	58	Pulse	99	5920000	9397	NA
MAXED_1034_Day_B	59	Picture	stage2_box	5920007	0	1	7664	1	0	next	other	0
MAXED_1034_Day_B	60	Picture	stage2_up	5927671	0	1	7664	1	0	next	other	0
MAXED_1034_Day_B	61	Picture	stage2_win	5935335	0	1	10163	1	0	next	other	0
MAXED_1034_Day_B	61	Pulse	99	5940000	4665	NA
MAXED_1034_Day_B	62	Picture	stage1	5945499	0	1	8664	1	0	next	false_alarm	411
MAXED_1034_Day_B	62	Response	1	5954096	8597	1
MAXED_1034_Day_B	63	Picture	stage1_box	5954162	0	1	7550	1	0	next	other	0
MAXED_1034_Day_B	63	Pulse	99	5960000	5838	NA
MAXED_1034_Day_B	64	Picture	stage1_outcome	5961713	0	1	167	1	0	next	other	0
MAXED_1034_Day_B	65	Picture	stage2B	5961879	0	1	33718	1	0	next	false_alarm	417
MAXED_1034_Day_B	65	Pulse	99	5980000	18121	NA
MAXED_1034_Day_B	65	Response	1	5995547	33668	1
MAXED_1034_Day_B	66	Picture	stage2_box	5995598	0	1	7664	1	0	next	other	0
MAXED_1034_Day_B	66	Pulse	99	6000000	4402	NA
MAXED_1034_Day_B	67	Picture	stage2_up	6003262	0	1	7664	1	0	next	other	0
MAXED_1034_Day_B	68	Picture	stage2_win	6010926	0	1	10163	1	0	next	other	0
MAXED_1034_Day_B	68	Pulse	99	6020000	9074	NA
MAXED_1034_Day_B	69	Picture	stage1	6021089	0	1	9997	1	0	next	false_alarm	424
MAXED_1034_Day_B	69	Response	1	6030946	9857	1
MAXED_1034_Day_B	70	Picture	stage1_box	6031085	0	1	7659	1	0	next	other	0
MAXED_1034_Day_B	71	Picture	stage1_outcome	6038744	0	1	167	1	0	next	other	0
MAXED_1034_Day_B	72	Picture	stage2B	6038911	0	1	13298	1	0	next	false_alarm	429
MAXED_1034_Day_B	72	Pulse	99	6040000	1089	NA
MAXED_1034_Day_B	72	Response	1	6052105	13195	1
MAXED_1034_Day_B	73	Picture	stage2_box	6052208	0	1	7550	1	0	next	other	0
MAXED_1034_Day_B	74	Picture	stage2_up	6059758	0	1	7550	1	0	next	other	0
MAXED_1034_Day_B	74	Pulse	99	6060000	242	NA
MAXED_1034_Day_B	75	Picture	stage2_win	6067308	0	1	10163	1	0	next	other	0
MAXED_1034_Day_B	76	Picture	stage1	6077472	0	1	20791	1	0	next	false_alarm	436
MAXED_1034_Day_B	76	Pulse	99	6080000	2529	NA
MAXED_1034_Day_B	76	Response	1	6098212	20741	1
MAXED_1034_Day_B	77	Picture	stage1_box	6098262	0	1	7550	1	0	next	other	0
MAXED_1034_Day_B	77	Pulse	99	6100000	1738	NA
MAXED_1034_Day_B	78	Picture	stage1_outcome	6105812	0	1	167	1	0	next	other	0
MAXED_1034_Day_B	79	Picture	stage2A	6105979	0	1	14393	1	0	next	false_alarm	442
MAXED_1034_Day_B	79	Pulse	99	6120000	14021	NA
MAXED_1034_Day_B	79	Response	2	6120227	14248	1
MAXED_1034_Day_B	80	Picture	stage2_box	6120372	0	1	7551	1	0	next	other	0
MAXED_1034_Day_B	81	Picture	stage2_up	6127924	0	1	7550	1	0	next	other	0
MAXED_1034_Day_B	82	Picture	stage2_win	6135474	0	1	10051	1	0	next	other	0
MAXED_1034_Day_B	82	Pulse	99	6140000	4526	NA
MAXED_1034_Day_B	83	Picture	stage1	6145524	0	1	9230	1	0	next	false_alarm	448
MAXED_1034_Day_B	83	Response	1	6154704	9180	1
MAXED_1034_Day_B	84	Picture	stage1_box	6154755	0	1	7551	1	0	next	other	0
MAXED_1034_Day_B	84	Pulse	99	6160000	5245	NA
MAXED_1034_Day_B	85	Picture	stage1_outcome	6162305	0	1	167	1	0	next	other	0
MAXED_1034_Day_B	86	Picture	stage2A	6162472	0	1	6125	1	0	next	false_alarm	453
MAXED_1034_Day_B	86	Response	2	6168547	6075	1
MAXED_1034_Day_B	87	Picture	stage2_box	6168597	0	1	7550	1	0	next	other	0
MAXED_1034_Day_B	88	Picture	stage2_up	6176147	0	1	7550	1	0	next	other	0
MAXED_1034_Day_B	88	Pulse	99	6180000	3853	NA
MAXED_1034_Day_B	89	Picture	stage2_win	6183697	0	1	10050	1	0	next	other	0
MAXED_1034_Day_B	90	Picture	stage1	6193747	0	1	4249	1	0	next	false_alarm	459
MAXED_1034_Day_B	90	Response	2	6197946	4198	1
MAXED_1034_Day_B	91	Picture	stage1_box	6197996	0	1	7543	1	0	next	other	0
MAXED_1034_Day_B	91	Pulse	99	6200000	2004	NA
MAXED_1034_Day_B	92	Picture	stage1_outcome	6205539	0	1	167	1	0	next	other	0
MAXED_1034_Day_B	93	Picture	stage2B	6205705	0	1	9081	1	0	next	false_alarm	464
MAXED_1034_Day_B	93	Response	1	6214736	9031	1
MAXED_1034_Day_B	94	Picture	stage2_box	6214786	0	1	7664	1	0	next	other	0
MAXED_1034_Day_B	94	Pulse	99	6220000	5214	NA
MAXED_1034_Day_B	95	Picture	stage2_up	6222450	0	1	7664	1	0	next	other	0
MAXED_1034_Day_B	96	Picture	stage2_lose	6230114	0	1	10051	1	0	next	other	0
MAXED_1034_Day_B	96	Pulse	99	6240000	9886	NA
MAXED_1034_Day_B	97	Picture	stage1	6240165	0	1	12852	1	0	next	false_alarm	471
MAXED_1034_Day_B	97	Response	2	6252966	12801	1
MAXED_1034_Day_B	98	Picture	stage1_box	6253017	0	1	7550	1	0	next	other	0
MAXED_1034_Day_B	98	Pulse	99	6260000	6983	NA
MAXED_1034_Day_B	99	Picture	stage1_outcome	6260567	0	1	167	1	0	next	other	0
MAXED_1034_Day_B	100	Picture	stage2A	6260734	0	1	20401	1	0	next	false_alarm	477
MAXED_1034_Day_B	100	Pulse	99	6280000	19266	NA
MAXED_1034_Day_B	100	Response	2	6281084	20350	1
MAXED_1034_Day_B	101	Picture	stage2_box	6281135	0	1	7550	1	0	next	other	0
MAXED_1034_Day_B	102	Picture	stage2_up	6288685	0	1	7550	1	0	next	other	0
MAXED_1034_Day_B	103	Picture	stage2_lose	6296235	0	1	10051	1	0	next	other	0
MAXED_1034_Day_B	103	Pulse	99	6300000	3765	NA
MAXED_1034_Day_B	104	Picture	stage1	6306286	0	1	12322	1	0	next	false_alarm	483
MAXED_1034_Day_B	104	Response	2	6318558	12272	1
MAXED_1034_Day_B	105	Picture	stage1_box	6318608	0	1	7550	1	0	next	other	0
MAXED_1034_Day_B	105	Pulse	99	6320000	1392	NA
MAXED_1034_Day_B	106	Picture	stage1_outcome	6326157	0	1	167	1	0	next	other	0
MAXED_1034_Day_B	107	Picture	stage2B	6326324	0	1	8923	1	0	next	false_alarm	488
MAXED_1034_Day_B	107	Response	2	6335197	8873	1
MAXED_1034_Day_B	108	Picture	stage2_box	6335247	0	1	7664	1	0	next	other	0
MAXED_1034_Day_B	108	Pulse	99	6340000	4753	NA
MAXED_1034_Day_B	109	Picture	stage2_up	6342911	0	1	7664	1	0	next	other	0
MAXED_1034_Day_B	110	Picture	stage2_win	6350575	0	1	10163	1	0	next	other	0
MAXED_1034_Day_B	110	Pulse	99	6360000	9425	NA
MAXED_1034_Day_B	111	Picture	stage1	6360738	0	1	13506	1	0	next	false_alarm	495
MAXED_1034_Day_B	111	Response	1	6374194	13455	1
MAXED_1034_Day_B	112	Picture	stage1_box	6374244	0	1	7550	1	0	next	other	0
MAXED_1034_Day_B	112	Pulse	99	6380000	5756	NA
MAXED_1034_Day_B	113	Picture	stage1_outcome	6381794	0	1	167	1	0	next	other	0
MAXED_1034_Day_B	114	Picture	stage2A	6381961	0	1	5210	1	0	next	false_alarm	500
MAXED_1034_Day_B	114	Response	1	6387114	5153	1
MAXED_1034_Day_B	115	Picture	stage2_box	6387171	0	1	7551	1	0	next	other	0
MAXED_1034_Day_B	116	Picture	stage2_up	6394722	0	1	7551	1	0	next	other	0
MAXED_1034_Day_B	116	Pulse	99	6400000	5278	NA
MAXED_1034_Day_B	117	Picture	stage2_lose	6402273	0	1	10051	1	0	next	other	0
MAXED_1034_Day_B	118	Picture	stage1	6412323	0	1	8800	1	0	next	false_alarm	507
MAXED_1034_Day_B	118	Pulse	99	6420000	7677	NA
MAXED_1034_Day_B	118	Response	1	6421073	8750	1
MAXED_1034_Day_B	119	Picture	stage1_box	6421123	0	1	7550	1	0	next	other	0
MAXED_1034_Day_B	120	Picture	stage1_outcome	6428673	0	1	167	1	0	next	other	0
MAXED_1034_Day_B	121	Picture	stage2A	6428840	0	1	4673	1	0	next	false_alarm	511
MAXED_1034_Day_B	121	Response	2	6433462	4623	1
MAXED_1034_Day_B	122	Picture	stage2_box	6433512	0	1	7550	1	0	next	other	0
MAXED_1034_Day_B	122	Pulse	99	6440000	6488	NA
MAXED_1034_Day_B	123	Picture	stage2_up	6441062	0	1	7550	1	0	next	other	0
MAXED_1034_Day_B	124	Picture	stage2_win	6448612	0	1	10051	1	0	next	other	0
MAXED_1034_Day_B	125	Picture	stage1	6458663	0	1	9895	1	0	next	false_alarm	518
MAXED_1034_Day_B	125	Pulse	99	6460000	1337	NA
MAXED_1034_Day_B	125	Response	1	6468509	9845	1
MAXED_1034_Day_B	126	Picture	stage1_box	6468559	0	1	7550	1	0	next	other	0
MAXED_1034_Day_B	127	Picture	stage1_outcome	6476109	0	1	167	1	0	next	other	0
MAXED_1034_Day_B	128	Picture	stage2A	6476275	0	1	3793	1	0	next	false_alarm	523
MAXED_1034_Day_B	128	Pulse	99	6480000	3725	NA
MAXED_1034_Day_B	128	Response	2	6480019	3744	1
MAXED_1034_Day_B	129	Picture	stage2_box	6480069	0	1	7550	1	0	next	other	0
MAXED_1034_Day_B	130	Picture	stage2_up	6487619	0	1	7691	1	0	next	other	0
MAXED_1034_Day_B	131	Picture	stage2_lose	6495310	0	1	10051	1	0	next	other	0
MAXED_1034_Day_B	131	Pulse	99	6500000	4690	NA
MAXED_1034_Day_B	132	Picture	stage1	6505360	0	1	6807	1	0	next	false_alarm	529
MAXED_1034_Day_B	132	Response	2	6512117	6757	1
MAXED_1034_Day_B	133	Picture	stage1_box	6512167	0	1	7550	1	0	next	other	0
MAXED_1034_Day_B	134	Picture	stage1_outcome	6519717	0	1	167	1	0	next	other	0
MAXED_1034_Day_B	135	Picture	stage2B	6519884	0	1	8860	1	0	next	false_alarm	534
MAXED_1034_Day_B	135	Pulse	99	6520000	116	NA
MAXED_1034_Day_B	135	Response	2	6528694	8810	1
MAXED_1034_Day_B	136	Picture	stage2_box	6528744	0	1	7664	1	0	next	other	0
MAXED_1034_Day_B	137	Picture	stage2_up	6536408	0	1	7664	1	0	next	other	0
MAXED_1034_Day_B	137	Pulse	99	6540000	3592	NA
MAXED_1034_Day_B	138	Picture	stage2_lose	6544072	0	1	10050	1	0	next	other	0
MAXED_1034_Day_B	139	Picture	stage1	6554122	0	1	3546	1	0	next	false_alarm	540
MAXED_1034_Day_B	139	Response	2	6557618	3496	1
MAXED_1034_Day_B	140	Picture	stage1_box	6557668	0	1	7550	1	0	next	other	0
MAXED_1034_Day_B	140	Pulse	99	6560000	2332	NA
MAXED_1034_Day_B	141	Picture	stage1_outcome	6565218	0	1	167	1	0	next	other	0
MAXED_1034_Day_B	142	Picture	stage2B	6565385	0	1	3654	1	0	next	false_alarm	545
MAXED_1034_Day_B	142	Response	1	6568989	3604	1
MAXED_1034_Day_B	143	Picture	stage2_box	6569039	0	1	7664	1	0	next	other	0
MAXED_1034_Day_B	144	Picture	stage2_up	6576703	0	1	7664	1	0	next	other	0
MAXED_1034_Day_B	144	Pulse	99	6580000	3297	NA
MAXED_1034_Day_B	145	Picture	stage2_lose	6584367	0	1	10050	1	0	next	other	0
MAXED_1034_Day_B	146	Picture	stage1	6594418	0	1	6960	1	0	next	false_alarm	552
MAXED_1034_Day_B	146	Pulse	99	6600000	5582	NA
MAXED_1034_Day_B	146	Response	2	6601328	6910	1
MAXED_1034_Day_B	147	Picture	stage1_box	6601378	0	1	7550	1	0	next	other	0
MAXED_1034_Day_B	148	Picture	stage1_outcome	6608928	0	1	167	1	0	next	other	0
MAXED_1034_Day_B	149	Picture	stage2A	6609095	0	1	21068	1	0	next	false_alarm	557
MAXED_1034_Day_B	149	Pulse	99	6620000	10905	NA
MAXED_1034_Day_B	149	Response	1	6630113	21018	1
MAXED_1034_Day_B	150	Picture	stage2_box	6630163	0	1	7550	1	0	next	other	0
MAXED_1034_Day_B	151	Picture	stage2_up	6637713	0	1	7550	1	0	next	other	0
MAXED_1034_Day_B	151	Pulse	99	6640000	2287	NA
MAXED_1034_Day_B	152	Picture	stage2_win	6645263	0	1	10163	1	0	next	other	0
MAXED_1034_Day_B	153	Picture	stage1	6655426	0	1	4446	1	0	next	false_alarm	563
MAXED_1034_Day_B	153	Response	1	6659821	4396	1
MAXED_1034_Day_B	154	Picture	stage1_box	6659871	0	1	7550	1	0	next	other	0
MAXED_1034_Day_B	154	Pulse	99	6660000	129	NA
MAXED_1034_Day_B	155	Picture	stage1_outcome	6667421	0	1	167	1	0	next	other	0
MAXED_1034_Day_B	156	Picture	stage2A	6667588	0	1	3693	1	0	next	false_alarm	568
MAXED_1034_Day_B	156	Response	1	6671231	3644	1
MAXED_1034_Day_B	157	Picture	stage2_box	6671281	0	1	7550	1	0	next	other	0
MAXED_1034_Day_B	158	Picture	stage2_up	6678831	0	1	7550	1	0	next	other	0
MAXED_1034_Day_B	158	Pulse	99	6680000	1169	NA
MAXED_1034_Day_B	159	Picture	stage2_lose	6686381	0	1	10113	1	0	next	other	0
MAXED_1034_Day_B	160	Picture	stage1	6696495	0	1	5755	1	0	next	false_alarm	575
MAXED_1034_Day_B	160	Pulse	99	6700000	3505	NA
MAXED_1034_Day_B	160	Response	1	6702200	5705	1
MAXED_1034_Day_B	161	Picture	stage1_box	6702250	0	1	7535	1	0	next	other	0
MAXED_1034_Day_B	162	Picture	stage1_outcome	6709785	0	1	167	1	0	next	other	0
MAXED_1034_Day_B	163	Picture	stage2B	6709951	0	1	15890	1	0	next	false_alarm	580
MAXED_1034_Day_B	163	Pulse	99	6720000	10049	NA
MAXED_1034_Day_B	163	Response	1	6725791	15840	1
MAXED_1034_Day_B	164	Picture	stage2_box	6725841	0	1	7664	1	0	next	other	0
MAXED_1034_Day_B	165	Picture	stage2_up	6733505	0	1	7664	1	0	next	other	0
MAXED_1034_Day_B	165	Pulse	99	6740000	6495	NA
MAXED_1034_Day_B	166	Picture	stage2_lose	6741170	0	1	10174	1	0	next	other	0
MAXED_1034_Day_B	167	Picture	stage1	6751344	0	1	4676	1	0	next	false_alarm	586
MAXED_1034_Day_B	167	Response	2	6755970	4626	1
MAXED_1034_Day_B	168	Picture	stage1_box	6756020	0	1	7550	1	0	next	other	0
MAXED_1034_Day_B	168	Pulse	99	6760000	3980	NA
MAXED_1034_Day_B	169	Picture	stage1_outcome	6763570	0	1	167	1	0	next	other	0
MAXED_1034_Day_B	170	Picture	stage2B	6763736	0	1	6608	1	0	next	false_alarm	591
MAXED_1034_Day_B	170	Response	2	6770210	6473	1
MAXED_1034_Day_B	171	Picture	stage2_box	6770345	0	1	7550	1	0	next	other	0
MAXED_1034_Day_B	172	Picture	stage2_up	6777894	0	1	7550	1	0	next	other	0
MAXED_1034_Day_B	172	Pulse	99	6780000	2106	NA
MAXED_1034_Day_B	173	Picture	stage2_lose	6785444	0	1	10050	1	0	next	other	0
MAXED_1034_Day_B	174	Picture	stage1	6795495	0	1	4606	1	0	next	false_alarm	598
MAXED_1034_Day_B	174	Pulse	99	6800000	4505	NA
MAXED_1034_Day_B	174	Response	2	6800050	4556	1
MAXED_1034_Day_B	175	Picture	stage1_box	6800100	0	1	7550	1	0	next	other	0
MAXED_1034_Day_B	176	Picture	stage1_outcome	6807650	0	1	167	1	0	next	other	0
MAXED_1034_Day_B	177	Picture	stage2B	6807817	0	1	3752	1	0	next	false_alarm	602
MAXED_1034_Day_B	177	Response	1	6811442	3625	1
MAXED_1034_Day_B	178	Picture	stage2_box	6811569	0	1	7549	1	0	next	other	0
MAXED_1034_Day_B	179	Picture	stage2_up	6819119	0	1	7550	1	0	next	other	0
MAXED_1034_Day_B	179	Pulse	99	6820000	881	NA
MAXED_1034_Day_B	180	Picture	stage2_lose	6826669	0	1	10051	1	0	next	other	0
MAXED_1034_Day_B	181	Picture	stage1	6836719	0	1	3929	1	0	next	false_alarm	609
MAXED_1034_Day_B	181	Pulse	99	6840000	3281	NA
MAXED_1034_Day_B	181	Response	2	6840598	3879	1
MAXED_1034_Day_B	182	Picture	stage1_box	6840648	0	1	7550	1	0	next	other	0
MAXED_1034_Day_B	183	Picture	stage1_outcome	6848198	0	1	167	1	0	next	other	0
MAXED_1034_Day_B	184	Picture	stage2B	6848365	0	1	6150	1	0	next	false_alarm	613
MAXED_1034_Day_B	184	Response	2	6854463	6098	1
MAXED_1034_Day_B	185	Picture	stage2_box	6854515	0	1	7664	1	0	next	other	0
MAXED_1034_Day_B	185	Pulse	99	6860000	5485	NA
MAXED_1034_Day_B	186	Picture	stage2_up	6862179	0	1	7664	1	0	next	other	0
MAXED_1034_Day_B	187	Picture	stage2_win	6869843	0	1	10163	1	0	next	other	0
MAXED_1034_Day_B	187	Pulse	99	6880000	10157	NA
MAXED_1034_Day_B	188	Picture	stage1	6880007	0	1	4498	1	0	next	false_alarm	620
MAXED_1034_Day_B	188	Response	2	6884347	4341	1
MAXED_1034_Day_B	189	Picture	stage1_box	6884505	0	1	7550	1	0	next	other	0
MAXED_1034_Day_B	190	Picture	stage1_outcome	6892055	0	1	167	1	0	next	other	0
MAXED_1034_Day_B	191	Picture	stage2B	6892222	0	1	3033	1	0	next	false_alarm	624
MAXED_1034_Day_B	191	Response	2	6895205	2983	1
MAXED_1034_Day_B	192	Picture	stage2_box	6895255	0	1	7664	1	0	next	other	0
MAXED_1034_Day_B	192	Pulse	99	6900000	4745	NA
MAXED_1034_Day_B	193	Picture	stage2_up	6902919	0	1	7664	1	0	next	other	0
MAXED_1034_Day_B	194	Picture	stage2_win	6910583	0	1	10163	1	0	next	other	0
MAXED_1034_Day_B	194	Pulse	99	6920000	9417	NA
MAXED_1034_Day_B	195	Picture	stage1	6920746	0	1	2832	1	0	next	false_alarm	631
MAXED_1034_Day_B	195	Response	2	6923550	2804	1
MAXED_1034_Day_B	196	Picture	stage1_box	6923579	0	1	7664	1	0	next	other	0
MAXED_1034_Day_B	197	Picture	stage1_outcome	6931243	0	1	167	1	0	next	other	0
MAXED_1034_Day_B	198	Picture	stage2B	6931409	0	1	3484	1	0	next	false_alarm	635
MAXED_1034_Day_B	198	Response	2	6934844	3435	1
MAXED_1034_Day_B	199	Picture	stage2_box	6934894	0	1	7664	1	0	next	other	0
MAXED_1034_Day_B	199	Pulse	99	6940000	5106	NA
MAXED_1034_Day_B	200	Picture	stage2_up	6942558	0	1	7664	1	0	next	other	0
MAXED_1034_Day_B	201	Picture	stage2_lose	6950222	0	1	10050	1	0	next	other	0
MAXED_1034_Day_B	201	Pulse	99	6960000	9778	NA
MAXED_1034_Day_B	202	Picture	stage1	6960272	0	1	3535	1	0	next	false_alarm	642
MAXED_1034_Day_B	202	Response	1	6963758	3486	1
MAXED_1034_Day_B	203	Picture	stage1_box	6963807	0	1	7549	1	0	next	other	0
MAXED_1034_Day_B	204	Picture	stage1_outcome	6971357	0	1	167	1	0	next	other	0
MAXED_1034_Day_B	205	Picture	stage2A	6971523	0	1	7076	1	0	next	false_alarm	646
MAXED_1034_Day_B	205	Response	1	6978549	7026	1
MAXED_1034_Day_B	206	Picture	stage2_box	6978599	0	1	7550	1	0	next	other	0
MAXED_1034_Day_B	206	Pulse	99	6980000	1401	NA
MAXED_1034_Day_B	207	Picture	stage2_up	6986149	0	1	7550	1	0	next	other	0
MAXED_1034_Day_B	208	Picture	stage2_lose	6993699	0	1	10050	1	0	next	other	0
MAXED_1034_Day_B	208	Pulse	99	7000000	6301	NA
MAXED_1034_Day_B	209	Picture	stage1	7003749	0	1	3073	1	0	next	false_alarm	653
MAXED_1034_Day_B	209	Response	1	7006772	3023	1
MAXED_1034_Day_B	210	Picture	stage1_box	7006823	0	1	7550	1	0	next	other	0
MAXED_1034_Day_B	211	Picture	stage1_outcome	7014373	0	1	167	1	0	next	other	0
MAXED_1034_Day_B	212	Picture	stage2B	7014540	0	1	2837	1	0	next	false_alarm	657
MAXED_1034_Day_B	212	Response	2	7017326	2787	1
MAXED_1034_Day_B	213	Picture	stage2_box	7017376	0	1	7664	1	0	next	other	0
MAXED_1034_Day_B	213	Pulse	99	7020000	2624	NA
MAXED_1034_Day_B	214	Picture	stage2_up	7025040	0	1	7664	1	0	next	other	0
MAXED_1034_Day_B	215	Picture	stage2_win	7032704	0	1	10163	1	0	next	other	0
MAXED_1034_Day_B	215	Pulse	99	7040000	7296	NA
MAXED_1034_Day_B	216	Picture	stage1	7042867	0	1	7664	1	0	next	false_alarm	664
MAXED_1034_Day_B	216	Response	1	7050461	7594	1
MAXED_1034_Day_B	217	Picture	stage1_box	7050531	0	1	7550	1	0	next	other	0
MAXED_1034_Day_B	218	Picture	stage1_outcome	7058082	0	1	167	1	0	next	other	0
MAXED_1034_Day_B	219	Picture	stage2A	7058248	0	1	6172	1	0	next	false_alarm	669
MAXED_1034_Day_B	219	Pulse	99	7060000	1752	NA
MAXED_1034_Day_B	219	Response	2	7064369	6121	1
MAXED_1034_Day_B	220	Picture	stage2_box	7064420	0	1	7550	1	0	next	other	0
MAXED_1034_Day_B	221	Picture	stage2_up	7071970	0	1	7550	1	0	next	other	0
MAXED_1034_Day_B	222	Picture	stage2_lose	7079520	0	1	10054	1	0	next	other	0
MAXED_1034_Day_B	222	Pulse	99	7080000	480	NA
MAXED_1034_Day_B	223	Pulse	99	7100000	10426	NA
MAXED_1034_Day_B	223	Pulse	99	7120000	30426	NA
MAXED_1034_Day_B	223	Pulse	99	7140000	50426	NA
MAXED_1034_Day_B	223	Pulse	99	7160000	70426	NA
MAXED_1034_Day_B	223	Pulse	99	7180000	90426	NA
MAXED_1034_Day_B	223	Pulse	99	7200000	110426	NA
MAXED_1034_Day_B	223	Pulse	99	7220000	130426	NA
MAXED_1034_Day_B	223	Pulse	99	7240000	150426	NA
MAXED_1034_Day_B	223	Pulse	99	7260000	170426	NA
MAXED_1034_Day_B	223	Pulse	99	7280000	190426	NA
MAXED_1034_Day_B	223	Pulse	99	7300000	210426	NA
MAXED_1034_Day_B	223	Pulse	99	7320000	230426	NA
MAXED_1034_Day_B	223	Pulse	99	7340000	250426	NA
MAXED_1034_Day_B	223	Pulse	99	7360000	270426	NA
MAXED_1034_Day_B	223	Pulse	99	7380000	290426	NA
MAXED_1034_Day_B	223	Pulse	99	7400000	310426	NA
MAXED_1034_Day_B	223	Pulse	99	7420000	330426	NA
MAXED_1034_Day_B	223	Pulse	99	7440000	350426	NA
MAXED_1034_Day_B	223	Pulse	99	7460000	370426	NA
MAXED_1034_Day_B	223	Pulse	99	7480000	390426	NA
MAXED_1034_Day_B	223	Pulse	99	7500000	410426	NA
MAXED_1034_Day_B	223	Pulse	99	7520000	430426	NA
MAXED_1034_Day_B	223	Pulse	99	7540000	450426	NA
MAXED_1034_Day_B	223	Pulse	99	7560000	470426	NA
MAXED_1034_Day_B	223	Pulse	99	7580000	490426	NA
MAXED_1034_Day_B	223	Pulse	99	7600000	510426	NA
MAXED_1034_Day_B	223	Pulse	99	7620000	530426	NA
MAXED_1034_Day_B	223	Pulse	99	7640000	550426	NA
MAXED_1034_Day_B	223	Pulse	99	7660000	570426	NA
MAXED_1034_Day_B	223	Pulse	99	7680000	590426	NA
MAXED_1034_Day_B	223	Pulse	99	7700000	610426	NA
MAXED_1034_Day_B	223	Pulse	99	7720000	630426	NA
MAXED_1034_Day_B	223	Pulse	99	7740000	650426	NA
MAXED_1034_Day_B	223	Pulse	99	7760000	670426	NA
MAXED_1034_Day_B	223	Pulse	99	7780000	690426	NA
MAXED_1034_Day_B	223	Pulse	99	7800000	710426	NA
MAXED_1034_Day_B	223	Pulse	99	7820000	730426	NA
MAXED_1034_Day_B	223	Pulse	99	7840000	750426	NA
MAXED_1034_Day_B	223	Pulse	99	7860000	770426	NA
MAXED_1034_Day_B	223	Pulse	99	7880000	790426	NA
MAXED_1034_Day_B	223	Pulse	99	7900000	810426	NA
MAXED_1034_Day_B	223	Pulse	99	7920000	830426	NA
MAXED_1034_Day_B	223	Pulse	99	7940000	850426	NA
MAXED_1034_Day_B	223	Pulse	99	7960000	870426	NA
MAXED_1034_Day_B	223	Pulse	99	7980000	890426	NA
MAXED_1034_Day_B	223	Pulse	99	8000000	910426	NA
MAXED_1034_Day_B	223	Pulse	99	8020000	930426	NA
MAXED_1034_Day_B	223	Pulse	99	8040000	950426	NA
MAXED_1034_Day_B	223	Pulse	99	8060000	970426	NA
MAXED_1034_Day_B	223	Pulse	99	8080000	990426	NA
MAXED_1034_Day_B	223	Pulse	99	8100000	1010426	NA
MAXED_1034_Day_B	223	Pulse	99	8120000	1030426	NA
MAXED_1034_Day_B	223	Pulse	99	8140000	1050426	NA
MAXED_1034_Day_B	223	Pulse	99	8160000	1070426	NA
MAXED_1034_Day_B	223	Pulse	99	8180000	1090426	NA
MAXED_1034_Day_B	223	Pulse	99	8200000	1110426	NA
MAXED_1034_Day_B	223	Pulse	99	8220000	1130426	NA
MAXED_1034_Day_B	223	Pulse	99	8240000	1150426	NA
MAXED_1034_Day_B	223	Pulse	99	8260000	1170426	NA
MAXED_1034_Day_B	223	Pulse	99	8280000	1190426	NA
MAXED_1034_Day_B	223	Pulse	99	8300000	1210426	NA
MAXED_1034_Day_B	223	Pulse	99	8320000	1230426	NA
MAXED_1034_Day_B	223	Pulse	99	8340000	1250426	NA
MAXED_1034_Day_B	223	Pulse	99	8360000	1270426	NA
MAXED_1034_Day_B	223	Pulse	99	8380000	1290426	NA
MAXED_1034_Day_B	223	Pulse	99	8400000	1310426	NA
MAXED_1034_Day_B	223	Pulse	99	8420000	1330426	NA
MAXED_1034_Day_B	223	Pulse	99	8440000	1350426	NA
MAXED_1034_Day_B	223	Pulse	99	8460000	1370426	NA
MAXED_1034_Day_B	223	Pulse	99	8480000	1390426	NA
MAXED_1034_Day_B	223	Pulse	99	8500000	1410426	NA
MAXED_1034_Day_B	223	Pulse	99	8520000	1430426	NA
MAXED_1034_Day_B	223	Pulse	99	8540000	1450426	NA
MAXED_1034_Day_B	223	Pulse	99	8560000	1470426	NA
MAXED_1034_Day_B	223	Pulse	99	8580000	1490426	NA
MAXED_1034_Day_B	223	Pulse	99	8600000	1510426	NA
MAXED_1034_Day_B	223	Pulse	99	8620000	1530426	NA
MAXED_1034_Day_B	223	Pulse	99	8640000	1550426	NA
MAXED_1034_Day_B	223	Pulse	99	8660000	1570426	NA
MAXED_1034_Day_B	223	Pulse	99	8680000	1590426	NA
MAXED_1034_Day_B	223	Pulse	99	8700000	1610426	NA
MAXED_1034_Day_B	223	Pulse	99	8720000	1630426	NA
MAXED_1034_Day_B	223	Pulse	99	8740000	1650426	NA
MAXED_1034_Day_B	223	Pulse	99	8760000	1670426	NA
MAXED_1034_Day_B	223	Pulse	99	8780000	1690426	NA
MAXED_1034_Day_B	223	Pulse	99	8800000	1710426	NA
MAXED_1034_Day_B	223	Pulse	99	8820000	1730426	NA
MAXED_1034_Day_B	223	Pulse	99	8840000	1750426	NA
MAXED_1034_Day_B	223	Pulse	99	8860000	1770426	NA
MAXED_1034_Day_B	223	Pulse	99	8880000	1790426	NA
MAXED_1034_Day_B	223	Pulse	99	8900000	1810426	NA
MAXED_1034_Day_B	223	Pulse	99	8920000	1830426	NA
MAXED_1034_Day_B	223	Pulse	99	8940000	1850426	NA
MAXED_1034_Day_B	223	Pulse	99	8960000	1870426	NA
MAXED_1034_Day_B	223	Pulse	99	8980000	1890426	NA
MAXED_1034_Day_B	223	Pulse	99	9000000	1910426	NA
MAXED_1034_Day_B	223	Pulse	99	9020000	1930426	NA
MAXED_1034_Day_B	223	Pulse	99	9040000	1950426	NA
MAXED_1034_Day_B	223	Pulse	99	9060000	1970426	NA
MAXED_1034_Day_B	223	Pulse	99	9080000	1990426	NA
MAXED_1034_Day_B	223	Pulse	99	9100000	2010426	NA
MAXED_1034_Day_B	223	Pulse	99	9120000	2030426	NA
MAXED_1034_Day_B	223	Pulse	99	9140000	2050426	NA
MAXED_1034_Day_B	223	Pulse	99	9160000	2070426	NA
MAXED_1034_Day_B	223	Pulse	99	9180000	2090426	NA
MAXED_1034_Day_B	223	Pulse	99	9200000	2110426	NA
MAXED_1034_Day_B	223	Pulse	99	9220000	2130426	NA
MAXED_1034_Day_B	223	Pulse	99	9240000	2150426	NA
MAXED_1034_Day_B	223	Pulse	99	9260000	2170426	NA
MAXED_1034_Day_B	223	Pulse	99	9280000	2190426	NA
MAXED_1034_Day_B	223	Pulse	99	9300000	2210426	NA
MAXED_1034_Day_B	223	Pulse	99	9320000	2230426	NA
MAXED_1034_Day_B	223	Pulse	99	9340000	2250426	NA
MAXED_1034_Day_B	223	Pulse	99	9360000	2270426	NA
MAXED_1034_Day_B	223	Pulse	99	9380000	2290426	NA
MAXED_1034_Day_B	223	Pulse	99	9400000	2310426	NA
MAXED_1034_Day_B	223	Pulse	99	9420000	2330426	NA
MAXED_1034_Day_B	223	Pulse	99	9440000	2350426	NA
MAXED_1034_Day_B	223	Pulse	99	9460000	2370426	NA
MAXED_1034_Day_B	223	Pulse	99	9480000	2390426	NA
MAXED_1034_Day_B	223	Pulse	99	9500000	2410426	NA
MAXED_1034_Day_B	223	Pulse	99	9520000	2430426	NA
MAXED_1034_Day_B	223	Pulse	99	9540000	2450426	NA
MAXED_1034_Day_B	223	Pulse	99	9560000	2470426	NA
MAXED_1034_Day_B	223	Pulse	99	9580000	2490426	NA
MAXED_1034_Day_B	223	Pulse	99	9600000	2510426	NA
MAXED_1034_Day_B	223	Pulse	99	9620000	2530426	NA
MAXED_1034_Day_B	223	Pulse	99	9640000	2550426	NA
MAXED_1034_Day_B	223	Pulse	99	9660000	2570426	NA
MAXED_1034_Day_B	223	Pulse	99	9680000	2590426	NA
MAXED_1034_Day_B	223	Pulse	99	9700000	2610426	NA
MAXED_1034_Day_B	223	Pulse	99	9720000	2630426	NA
MAXED_1034_Day_B	223	Pulse	99	9740000	2650426	NA
MAXED_1034_Day_B	223	Pulse	99	9760000	2670426	NA
MAXED_1034_Day_B	223	Pulse	99	9780000	2690426	NA
MAXED_1034_Day_B	223	Pulse	99	9800000	2710426	NA
MAXED_1034_Day_B	223	Pulse	99	9820000	2730426	NA
MAXED_1034_Day_B	223	Pulse	99	9840000	2750426	NA
MAXED_1034_Day_B	223	Pulse	99	9860000	2770426	NA
MAXED_1034_Day_B	223	Pulse	99	9880000	2790426	NA
MAXED_1034_Day_B	223	Pulse	99	9900000	2810426	NA
MAXED_1034_Day_B	223	Pulse	99	9920000	2830426	NA
MAXED_1034_Day_B	223	Pulse	99	9940000	2850426	NA
MAXED_1034_Day_B	223	Pulse	99	9960000	2870426	NA
MAXED_1034_Day_B	223	Pulse	99	9980000	2890426	NA
MAXED_1034_Day_B	223	Quit		9994893	2905318	NA
