Scenario - 
Logfile written - 10/11/2022 18:21:54

Subject	Trial	Event Type	Code	Time	TTime	Uncertainty	Duration	Uncertainty	ReqTime	ReqDur	Stim Type	Pair Index

MAXED_1037	0	Pulse	99	0	0	NA
MAXED_1037	1	Picture	instructions_1	333	0	1	252385	1	0	next	false_alarm	15
MAXED_1037	1	Pulse	99	20000	19667	NA
MAXED_1037	1	Pulse	99	40000	39667	NA
MAXED_1037	1	Pulse	99	60000	59667	NA
MAXED_1037	1	Pulse	99	80000	79667	NA
MAXED_1037	1	Pulse	99	100000	99667	NA
MAXED_1037	1	Pulse	99	120000	119667	NA
MAXED_1037	1	Pulse	99	140000	139667	NA
MAXED_1037	1	Pulse	99	160000	159667	NA
MAXED_1037	1	Pulse	99	180000	179667	NA
MAXED_1037	1	Pulse	99	200000	199667	NA
MAXED_1037	1	Pulse	99	220000	219667	NA
MAXED_1037	1	Pulse	99	240000	239667	NA
MAXED_1037	1	Response	88	252587	252254	1
MAXED_1037	2	Picture	instructions_2	252718	0	1	71574	1	0	next	false_alarm	21
MAXED_1037	2	Pulse	99	260000	7282	NA
MAXED_1037	2	Pulse	99	280000	27282	NA
MAXED_1037	2	Pulse	99	300000	47282	NA
MAXED_1037	2	Pulse	99	320000	67282	NA
MAXED_1037	2	Response	88	324063	71345	1
MAXED_1037	3	Picture	instructions_3	324292	0	1	100085	1	0	next	false_alarm	28
MAXED_1037	3	Pulse	99	340000	15708	NA
MAXED_1037	3	Pulse	99	360000	35708	NA
MAXED_1037	3	Pulse	99	380000	55708	NA
MAXED_1037	3	Pulse	99	400000	75708	NA
MAXED_1037	3	Pulse	99	420000	95708	NA
MAXED_1037	3	Response	88	424150	99858	1
MAXED_1037	4	Picture	instructions_4	424377	0	1	56159	1	0	next	false_alarm	33
MAXED_1037	4	Pulse	99	440000	15623	NA
MAXED_1037	4	Pulse	99	460000	35623	NA
MAXED_1037	4	Pulse	99	480000	55623	NA
MAXED_1037	4	Response	88	480306	55929	1
MAXED_1037	5	Picture	instructions_5	480536	0	1	96459	1	0	next	false_alarm	39
MAXED_1037	5	Pulse	99	500000	19464	NA
MAXED_1037	5	Pulse	99	520000	39464	NA
MAXED_1037	5	Pulse	99	540000	59464	NA
MAXED_1037	5	Pulse	99	560000	79464	NA
MAXED_1037	5	Response	88	576767	96230	1
MAXED_1037	6	Picture	instructions_6	576995	0	1	52656	1	0	next	false_alarm	44
MAXED_1037	6	Pulse	99	580000	3005	NA
MAXED_1037	6	Pulse	99	600000	23005	NA
MAXED_1037	6	Pulse	99	620000	43005	NA
MAXED_1037	6	Response	88	629420	52425	1
MAXED_1037	7	Picture	instructions_7	629651	0	1	114989	1	0	next	false_alarm	52
MAXED_1037	7	Pulse	99	640000	10349	NA
MAXED_1037	7	Pulse	99	660000	30349	NA
MAXED_1037	7	Pulse	99	680000	50349	NA
MAXED_1037	7	Pulse	99	700000	70349	NA
MAXED_1037	7	Pulse	99	720000	90349	NA
MAXED_1037	7	Pulse	99	740000	110349	NA
MAXED_1037	7	Response	88	744411	114760	1
MAXED_1037	8	Picture	instructions_8	744640	0	1	68210	1	0	next	false_alarm	57
MAXED_1037	8	Pulse	99	760000	15360	NA
MAXED_1037	8	Pulse	99	780000	35360	NA
MAXED_1037	8	Pulse	99	800000	55360	NA
MAXED_1037	8	Response	88	812623	67983	1
MAXED_1037	9	Picture	instructions_9	812851	0	1	48178	1	0	next	false_alarm	62
MAXED_1037	9	Pulse	99	820000	7149	NA
MAXED_1037	9	Pulse	99	840000	27149	NA
MAXED_1037	9	Pulse	99	860000	47149	NA
MAXED_1037	9	Response	88	860797	47946	1
MAXED_1037	10	Picture	instructions_10	861029	0	1	120961	1	0	next	false_alarm	70
MAXED_1037	10	Pulse	99	880000	18971	NA
MAXED_1037	10	Pulse	99	900000	38971	NA
MAXED_1037	10	Pulse	99	920000	58971	NA
MAXED_1037	10	Pulse	99	940000	78971	NA
MAXED_1037	10	Pulse	99	960000	98971	NA
MAXED_1037	10	Pulse	99	980000	118971	NA
MAXED_1037	10	Response	88	981761	120732	1
MAXED_1037	11	Picture	instructions_11	981990	0	1	116313	1	0	next	false_alarm	77
MAXED_1037	11	Pulse	99	1000000	18010	NA
MAXED_1037	11	Pulse	99	1020000	38010	NA
MAXED_1037	11	Pulse	99	1040000	58010	NA
MAXED_1037	11	Pulse	99	1060000	78010	NA
MAXED_1037	11	Pulse	99	1080000	98010	NA
MAXED_1037	11	Response	88	1098213	116223	1
MAXED_1037	12	Picture	instructions_12	1098303	0	1	82976	1	0	next	false_alarm	84
MAXED_1037	12	Pulse	99	1100000	1697	NA
MAXED_1037	12	Pulse	99	1120000	21697	NA
MAXED_1037	12	Pulse	99	1140000	41697	NA
MAXED_1037	12	Pulse	99	1160000	61697	NA
MAXED_1037	12	Pulse	99	1180000	81697	NA
MAXED_1037	12	Response	88	1181050	82747	1
MAXED_1037	13	Picture	instructions_13	1181278	0	1	88351	1	0	next	false_alarm	90
MAXED_1037	13	Pulse	99	1200000	18722	NA
MAXED_1037	13	Pulse	99	1220000	38722	NA
MAXED_1037	13	Pulse	99	1240000	58722	NA
MAXED_1037	13	Pulse	99	1260000	78722	NA
MAXED_1037	13	Response	88	1269401	88123	1
MAXED_1037	14	Picture	instructions_14	1269629	0	1	30871	1	0	next	false_alarm	94
MAXED_1037	14	Pulse	99	1280000	10371	NA
MAXED_1037	14	Pulse	99	1300000	30371	NA
MAXED_1037	14	Response	88	1300393	30763	1
MAXED_1037	15	Picture	instructions_15	1300501	0	1	144522	1	0	next	false_alarm	103
MAXED_1037	15	Pulse	99	1320000	19499	NA
MAXED_1037	15	Pulse	99	1340000	39499	NA
MAXED_1037	15	Pulse	99	1360000	59499	NA
MAXED_1037	15	Pulse	99	1380000	79499	NA
MAXED_1037	15	Pulse	99	1400000	99499	NA
MAXED_1037	15	Pulse	99	1420000	119499	NA
MAXED_1037	15	Pulse	99	1440000	139499	NA
MAXED_1037	15	Response	88	1444794	144293	1
MAXED_1037	16	Picture	instructions_16	1445022	0	1	80271	1	0	next	false_alarm	109
MAXED_1037	16	Pulse	99	1460000	14978	NA
MAXED_1037	16	Pulse	99	1480000	34978	NA
MAXED_1037	16	Pulse	99	1500000	54978	NA
MAXED_1037	16	Pulse	99	1520000	74978	NA
MAXED_1037	16	Response	88	1525065	80043	1
MAXED_1037	17	Picture	instructions_17	1525293	0	1	25508	1	0	next	false_alarm	112
MAXED_1037	17	Pulse	99	1540000	14707	NA
MAXED_1037	17	Response	88	1550571	25278	1
MAXED_1037	18	Picture	instructions_18	1550801	0	1	71163	1	0	next	false_alarm	118
MAXED_1037	18	Pulse	99	1560000	9199	NA
MAXED_1037	18	Pulse	99	1580000	29199	NA
MAXED_1037	18	Pulse	99	1600000	49199	NA
MAXED_1037	18	Pulse	99	1620000	69199	NA
MAXED_1037	18	Response	88	1621734	70933	1
MAXED_1037	19	Picture	instructions_19	1621964	0	1	164840	1	0	next	false_alarm	128
MAXED_1037	19	Pulse	99	1640000	18036	NA
MAXED_1037	19	Pulse	99	1660000	38036	NA
MAXED_1037	19	Pulse	99	1680000	58036	NA
MAXED_1037	19	Pulse	99	1700000	78036	NA
MAXED_1037	19	Pulse	99	1720000	98036	NA
MAXED_1037	19	Pulse	99	1740000	118036	NA
MAXED_1037	19	Pulse	99	1760000	138036	NA
MAXED_1037	19	Pulse	99	1780000	158036	NA
MAXED_1037	19	Response	88	1786741	164778	1
MAXED_1037	20	Picture	instructions_20	1786803	0	1	105580	1	0	next	false_alarm	135
MAXED_1037	20	Pulse	99	1800000	13197	NA
MAXED_1037	20	Pulse	99	1820000	33197	NA
MAXED_1037	20	Pulse	99	1840000	53197	NA
MAXED_1037	20	Pulse	99	1860000	73197	NA
MAXED_1037	20	Pulse	99	1880000	93197	NA
MAXED_1037	20	Response	88	1892155	105352	1
MAXED_1037	21	Picture	instructions_21	1892383	0	1	85180	1	0	next	false_alarm	141
MAXED_1037	21	Pulse	99	1900000	7617	NA
MAXED_1037	21	Pulse	99	1920000	27617	NA
MAXED_1037	21	Pulse	99	1940000	47617	NA
MAXED_1037	21	Pulse	99	1960000	67617	NA
MAXED_1037	21	Response	88	1977335	84951	1
MAXED_1037	22	Picture	instructions_22	1977563	0	1	30422	1	0	next	false_alarm	145
MAXED_1037	22	Pulse	99	1980000	2437	NA
MAXED_1037	22	Pulse	99	2000000	22437	NA
MAXED_1037	22	Response	88	2007759	30195	1
MAXED_1037	23	Picture	instructions_23	2007986	0	1	51002	1	0	next	false_alarm	149
MAXED_1037	23	Pulse	99	2020000	12014	NA
MAXED_1037	23	Pulse	99	2040000	32014	NA
MAXED_1037	23	Response	88	2058759	50773	1
MAXED_1037	24	Picture	instructions_24	2058987	0	1	109487	1	0	next	false_alarm	157
MAXED_1037	24	Pulse	99	2060000	1013	NA
MAXED_1037	24	Pulse	99	2080000	21013	NA
MAXED_1037	24	Pulse	99	2100000	41013	NA
MAXED_1037	24	Pulse	99	2120000	61013	NA
MAXED_1037	24	Pulse	99	2140000	81013	NA
MAXED_1037	24	Pulse	99	2160000	101013	NA
MAXED_1037	24	Response	88	2168246	109259	1
MAXED_1037	25	Picture	instructions_25	2168475	0	1	73980	1	0	next	false_alarm	163
MAXED_1037	25	Pulse	99	2180000	11525	NA
MAXED_1037	25	Pulse	99	2200000	31525	NA
MAXED_1037	25	Pulse	99	2220000	51525	NA
MAXED_1037	25	Pulse	99	2240000	71525	NA
MAXED_1037	25	Response	88	2242227	73752	1
MAXED_1037	26	Picture	instructions_26	2242455	0	1	123497	1	0	next	false_alarm	171
MAXED_1037	26	Pulse	99	2260000	17545	NA
MAXED_1037	26	Pulse	99	2280000	37545	NA
MAXED_1037	26	Pulse	99	2300000	57545	NA
MAXED_1037	26	Pulse	99	2320000	77545	NA
MAXED_1037	26	Pulse	99	2340000	97545	NA
MAXED_1037	26	Pulse	99	2360000	117545	NA
MAXED_1037	26	Response	88	2365723	123268	1
MAXED_1037	27	Picture	instructions_27	2365952	0	1	78995	1	0	next	false_alarm	177
MAXED_1037	27	Pulse	99	2380000	14048	NA
MAXED_1037	27	Pulse	99	2400000	34048	NA
MAXED_1037	27	Pulse	99	2420000	54048	NA
MAXED_1037	27	Pulse	99	2440000	74048	NA
MAXED_1037	27	Response	88	2444719	78767	1
MAXED_1037	28	Picture	instructions_28	2444947	0	1	27628	1	0	next	false_alarm	180
MAXED_1037	28	Pulse	99	2460000	15053	NA
MAXED_1037	28	Response	88	2472385	27439	1
MAXED_1037	29	Picture	instructions_29	2472575	0	1	121643	1	0	next	false_alarm	188
MAXED_1037	29	Pulse	99	2480000	7425	NA
MAXED_1037	29	Pulse	99	2500000	27425	NA
MAXED_1037	29	Pulse	99	2520000	47425	NA
MAXED_1037	29	Pulse	99	2540000	67425	NA
MAXED_1037	29	Pulse	99	2560000	87425	NA
MAXED_1037	29	Pulse	99	2580000	107425	NA
MAXED_1037	29	Response	88	2594155	121580	1
MAXED_1037	30	Picture	instructions_30	2594218	0	1	153815	1	0	next	false_alarm	198
MAXED_1037	30	Pulse	99	2600000	5782	NA
MAXED_1037	30	Pulse	99	2620000	25782	NA
MAXED_1037	30	Pulse	99	2640000	45782	NA
MAXED_1037	30	Pulse	99	2660000	65782	NA
MAXED_1037	30	Pulse	99	2680000	85782	NA
MAXED_1037	30	Pulse	99	2700000	105782	NA
MAXED_1037	30	Pulse	99	2720000	125782	NA
MAXED_1037	30	Pulse	99	2740000	145782	NA
MAXED_1037	30	Response	88	2747971	153753	1
MAXED_1037	31	Picture	instructions_31	2748033	0	1	74142	1	0	next	false_alarm	204
MAXED_1037	31	Pulse	99	2760000	11967	NA
MAXED_1037	31	Pulse	99	2780000	31967	NA
MAXED_1037	31	Pulse	99	2800000	51967	NA
MAXED_1037	31	Pulse	99	2820000	71967	NA
MAXED_1037	31	Response	88	2821947	73914	1
MAXED_1037	32	Picture	instructions_32	2822175	0	1	56293	1	0	next	false_alarm	208
MAXED_1037	32	Pulse	99	2840000	17825	NA
MAXED_1037	32	Pulse	99	2860000	37825	NA
MAXED_1037	32	Response	88	2878407	56232	1
MAXED_1037	33	Picture	instructions_33	2878468	0	1	56264	1	0	next	false_alarm	213
MAXED_1037	33	Pulse	99	2880000	1532	NA
MAXED_1037	33	Pulse	99	2900000	21532	NA
MAXED_1037	33	Pulse	99	2920000	41532	NA
MAXED_1037	33	Response	88	2934541	56073	1
MAXED_1037	34	Picture	instructions_34	2934732	0	1	80891	1	0	next	false_alarm	219
MAXED_1037	34	Pulse	99	2940000	5268	NA
MAXED_1037	34	Pulse	99	2960000	25268	NA
MAXED_1037	34	Pulse	99	2980000	45268	NA
MAXED_1037	34	Pulse	99	3000000	65268	NA
MAXED_1037	34	Response	88	3015561	80829	1
MAXED_1037	35	Picture	instructions_35	3015622	0	1	90106	1	0	next	false_alarm	226
MAXED_1037	35	Pulse	99	3020000	4378	NA
MAXED_1037	35	Pulse	99	3040000	24378	NA
MAXED_1037	35	Pulse	99	3060000	44378	NA
MAXED_1037	35	Pulse	99	3080000	64378	NA
MAXED_1037	35	Pulse	99	3100000	84378	NA
MAXED_1037	35	Response	88	3105501	89878	1
MAXED_1037	36	Picture	instructions_36	3105729	0	1	92526	1	0	next	false_alarm	232
MAXED_1037	36	Pulse	99	3120000	14271	NA
MAXED_1037	36	Pulse	99	3140000	34271	NA
MAXED_1037	36	Pulse	99	3160000	54271	NA
MAXED_1037	36	Pulse	99	3180000	74271	NA
MAXED_1037	36	Response	88	3198026	92298	1
MAXED_1037	37	Picture	instructions_37	3198255	0	1	49619	1	0	next	false_alarm	237
MAXED_1037	37	Pulse	99	3200000	1745	NA
MAXED_1037	37	Pulse	99	3220000	21745	NA
MAXED_1037	37	Pulse	99	3240000	41745	NA
MAXED_1037	37	Response	88	3247816	49561	1
MAXED_1037	38	Picture	instructions_38	3247873	0	1	47982	1	0	next	false_alarm	241
MAXED_1037	38	Pulse	99	3260000	12127	NA
MAXED_1037	38	Pulse	99	3280000	32127	NA
MAXED_1037	38	Response	88	3295796	47923	1
MAXED_1037	39	Picture	instructions_39	3295855	0	1	113624	1	0	next	false_alarm	249
MAXED_1037	39	Pulse	99	3300000	4145	NA
MAXED_1037	39	Pulse	99	3320000	24145	NA
MAXED_1037	39	Pulse	99	3340000	44145	NA
MAXED_1037	39	Pulse	99	3360000	64145	NA
MAXED_1037	39	Pulse	99	3380000	84145	NA
MAXED_1037	39	Pulse	99	3400000	104145	NA
MAXED_1037	39	Response	88	3409421	113565	1
MAXED_1037	40	Picture	instructions_40	3409479	0	1	92354	1	0	next	false_alarm	256
MAXED_1037	40	Pulse	99	3420000	10521	NA
MAXED_1037	40	Pulse	99	3440000	30521	NA
MAXED_1037	40	Pulse	99	3460000	50521	NA
MAXED_1037	40	Pulse	99	3480000	70521	NA
MAXED_1037	40	Pulse	99	3500000	90521	NA
MAXED_1037	40	Response	88	3501774	92295	1
MAXED_1037	41	Picture	instructions_41	3501832	0	1	98826	1	0	next	false_alarm	263
MAXED_1037	41	Pulse	99	3520000	18168	NA
MAXED_1037	41	Pulse	99	3540000	38168	NA
MAXED_1037	41	Pulse	99	3560000	58168	NA
MAXED_1037	41	Pulse	99	3580000	78168	NA
MAXED_1037	41	Pulse	99	3600000	98168	NA
MAXED_1037	41	Response	88	3600600	98768	1
MAXED_1037	42	Picture	instructions_42	3600659	0	1	100720	1	0	next	false_alarm	270
MAXED_1037	42	Pulse	99	3620000	19341	NA
MAXED_1037	42	Pulse	99	3640000	39341	NA
MAXED_1037	42	Pulse	99	3660000	59341	NA
MAXED_1037	42	Pulse	99	3680000	79341	NA
MAXED_1037	42	Pulse	99	3700000	99341	NA
MAXED_1037	42	Response	88	3701320	100662	1
MAXED_1037	43	Picture	instructions_43	3701379	0	1	43260	1	0	next	false_alarm	274
MAXED_1037	43	Pulse	99	3720000	18621	NA
MAXED_1037	43	Pulse	99	3740000	38621	NA
MAXED_1037	43	Response	88	3744580	43202	1
MAXED_1037	44	Picture	instructions_44	3744638	0	1	107188	1	0	next	false_alarm	281
MAXED_1037	44	Pulse	99	3760000	15362	NA
MAXED_1037	44	Pulse	99	3780000	35362	NA
MAXED_1037	44	Pulse	99	3800000	55362	NA
MAXED_1037	44	Pulse	99	3820000	75362	NA
MAXED_1037	44	Pulse	99	3840000	95362	NA
MAXED_1037	44	Response	88	3851769	107131	1
MAXED_1037	45	Picture	instructions_45	3851827	0	1	78400	1	0	next	false_alarm	287
MAXED_1037	45	Pulse	99	3860000	8173	NA
MAXED_1037	45	Pulse	99	3880000	28173	NA
MAXED_1037	45	Pulse	99	3900000	48173	NA
MAXED_1037	45	Pulse	99	3920000	68173	NA
MAXED_1037	45	Response	88	3930168	78341	1
MAXED_1037	46	Picture	instructions_46	3930227	0	1	49319	1	0	next	false_alarm	291
MAXED_1037	46	Pulse	99	3940000	9773	NA
MAXED_1037	46	Pulse	99	3960000	29773	NA
MAXED_1037	46	Response	88	3979490	49264	1
MAXED_1037	47	Picture	fixation	3979546	0	1	5065	1	0	next	other	0
MAXED_1037	47	Pulse	99	3980000	454	NA
MAXED_1037	48	Picture	stage1	3984611	0	1	20553	1	0	next	false_alarm	296
MAXED_1037	48	Pulse	99	4000000	15389	NA
MAXED_1037	48	Response	2	4005107	20496	1
MAXED_1037	49	Picture	stage1_box	4005164	0	1	7550	1	0	next	other	0
MAXED_1037	50	Picture	stage1_outcome	4012714	0	1	167	1	0	next	other	0
MAXED_1037	51	Picture	stage2A	4012881	0	1	42270	1	0	next	false_alarm	302
MAXED_1037	51	Pulse	99	4020000	7119	NA
MAXED_1037	51	Pulse	99	4040000	27119	NA
MAXED_1037	51	Response	1	4055096	42215	1
MAXED_1037	52	Picture	stage2_box	4055151	0	1	7552	1	0	next	other	0
MAXED_1037	52	Pulse	99	4060000	4849	NA
MAXED_1037	53	Picture	stage2_up	4062703	0	1	7556	1	0	next	other	0
MAXED_1037	54	Picture	stage2_win	4070258	0	1	10118	1	0	next	other	0
MAXED_1037	54	Pulse	99	4080000	9742	NA
MAXED_1037	55	Picture	stage1	4080376	0	1	22212	1	0	next	false_alarm	310
MAXED_1037	55	Pulse	99	4100000	19624	NA
MAXED_1037	55	Response	1	4102533	22156	1
MAXED_1037	56	Picture	stage1_box	4102589	0	1	7551	1	0	next	other	0
MAXED_1037	57	Picture	stage1_outcome	4110139	0	1	167	1	0	next	other	0
MAXED_1037	58	Picture	stage2A	4110306	0	1	9191	1	0	next	false_alarm	314
MAXED_1037	58	Response	1	4119335	9029	1
MAXED_1037	59	Picture	stage2_box	4119497	0	1	7550	1	0	next	other	0
MAXED_1037	59	Pulse	99	4120000	503	NA
MAXED_1037	60	Picture	stage2_up	4127047	0	1	7550	1	0	next	other	0
MAXED_1037	61	Picture	stage2_win	4134597	0	1	10055	1	0	next	other	0
MAXED_1037	61	Pulse	99	4140000	5403	NA
MAXED_1037	62	Picture	stage1	4144653	0	1	16072	1	0	next	false_alarm	322
MAXED_1037	62	Pulse	99	4160000	15348	NA
MAXED_1037	62	Response	1	4160674	16021	1
MAXED_1037	63	Picture	stage1_box	4160725	0	1	7550	1	0	next	other	0
MAXED_1037	64	Picture	stage1_outcome	4168275	0	1	167	1	0	next	other	0
MAXED_1037	65	Picture	stage2B	4168441	0	1	22216	1	0	next	false_alarm	327
MAXED_1037	65	Pulse	99	4180000	11559	NA
MAXED_1037	65	Response	2	4190599	22158	1
MAXED_1037	66	Picture	stage2_box	4190657	0	1	7551	1	0	next	other	0
MAXED_1037	67	Picture	stage2_up	4198208	0	1	7555	1	0	next	other	0
MAXED_1037	67	Pulse	99	4200000	1792	NA
MAXED_1037	68	Picture	stage2_lose	4205763	0	1	10051	1	0	next	other	0
MAXED_1037	69	Picture	stage1	4215814	0	1	8430	1	0	next	false_alarm	334
MAXED_1037	69	Pulse	99	4220000	4186	NA
MAXED_1037	69	Response	2	4224193	8379	1
MAXED_1037	70	Picture	stage1_box	4224244	0	1	7582	1	0	next	other	0
MAXED_1037	71	Picture	stage1_outcome	4231826	0	1	167	1	0	next	other	0
MAXED_1037	72	Picture	stage2B	4231993	0	1	11436	1	0	next	false_alarm	339
MAXED_1037	72	Pulse	99	4240000	8007	NA
MAXED_1037	72	Response	1	4243371	11379	1
MAXED_1037	73	Picture	stage2_box	4243429	0	1	7550	1	0	next	other	0
MAXED_1037	74	Picture	stage2_up	4250979	0	1	7550	1	0	next	other	0
MAXED_1037	75	Picture	stage2_win	4258529	0	1	10052	1	0	next	other	0
MAXED_1037	75	Pulse	99	4260000	1471	NA
MAXED_1037	76	Picture	stage1	4268581	0	1	11413	1	0	next	false_alarm	345
MAXED_1037	76	Response	2	4279944	11363	1
MAXED_1037	77	Picture	stage1_box	4279994	0	1	7550	1	0	next	other	0
MAXED_1037	77	Pulse	99	4280000	6	NA
MAXED_1037	78	Picture	stage1_outcome	4287545	0	1	167	1	0	next	other	0
MAXED_1037	79	Picture	stage2B	4287711	0	1	17077	1	0	next	false_alarm	351
MAXED_1037	79	Pulse	99	4300000	12289	NA
MAXED_1037	79	Response	1	4304738	17026	1
MAXED_1037	80	Picture	stage2_box	4304788	0	1	7550	1	0	next	other	0
MAXED_1037	81	Picture	stage2_up	4312339	0	1	7550	1	0	next	other	0
MAXED_1037	82	Picture	stage2_win	4319889	0	1	10050	1	0	next	other	0
MAXED_1037	82	Pulse	99	4320000	111	NA
MAXED_1037	83	Picture	stage1	4329939	0	1	16771	1	0	next	false_alarm	358
MAXED_1037	83	Pulse	99	4340000	10061	NA
MAXED_1037	83	Response	1	4346659	16719	1
MAXED_1037	84	Picture	stage1_box	4346710	0	1	7550	1	0	next	other	0
MAXED_1037	85	Picture	stage1_outcome	4354260	0	1	167	1	0	next	other	0
MAXED_1037	86	Picture	stage2B	4354426	0	1	17966	1	0	next	false_alarm	363
MAXED_1037	86	Pulse	99	4360000	5574	NA
MAXED_1037	86	Response	1	4372341	17915	1
MAXED_1037	87	Picture	stage2_box	4372392	0	1	7550	1	0	next	other	0
MAXED_1037	88	Picture	stage2_up	4379943	0	1	7550	1	0	next	other	0
MAXED_1037	88	Pulse	99	4380000	57	NA
MAXED_1037	89	Picture	stage2_win	4387493	0	1	10051	1	0	next	other	0
MAXED_1037	90	Picture	stage1	4397544	0	1	8407	1	0	next	false_alarm	370
MAXED_1037	90	Pulse	99	4400000	2456	NA
MAXED_1037	90	Response	2	4405899	8355	1
MAXED_1037	91	Picture	stage1_box	4405950	0	1	7551	1	0	next	other	0
MAXED_1037	92	Picture	stage1_outcome	4413501	0	1	167	1	0	next	other	0
MAXED_1037	93	Picture	stage2B	4413668	0	1	7173	1	0	next	false_alarm	375
MAXED_1037	93	Pulse	99	4420000	6332	NA
MAXED_1037	93	Response	1	4420790	7123	1
MAXED_1037	94	Picture	stage2_box	4420840	0	1	7551	1	0	next	other	0
MAXED_1037	95	Picture	stage2_up	4428391	0	1	7550	1	0	next	other	0
MAXED_1037	96	Picture	stage2_win	4435941	0	1	10052	1	0	next	other	0
MAXED_1037	96	Pulse	99	4440000	4059	NA
MAXED_1037	97	Picture	stage1	4445993	0	1	6475	1	0	next	false_alarm	381
MAXED_1037	97	Response	2	4452417	6424	1
MAXED_1037	98	Picture	stage1_box	4452468	0	1	7550	1	0	next	other	0
MAXED_1037	98	Pulse	99	4460000	7532	NA
MAXED_1037	99	Picture	stage1_outcome	4460018	0	1	167	1	0	next	other	0
MAXED_1037	100	Picture	stage2A	4460185	0	1	13890	1	0	next	false_alarm	386
MAXED_1037	100	Response	1	4474022	13837	1
MAXED_1037	101	Picture	stage2_box	4474075	0	1	7552	1	0	next	other	0
MAXED_1037	101	Pulse	99	4480000	5925	NA
MAXED_1037	102	Picture	stage2_up	4481627	0	1	7550	1	0	next	other	0
MAXED_1037	103	Picture	stage2_win	4489177	0	1	10051	1	0	next	other	0
MAXED_1037	104	Picture	stage1	4499227	0	1	8488	1	0	next	false_alarm	393
MAXED_1037	104	Pulse	99	4500000	773	NA
MAXED_1037	104	Response	2	4507664	8437	1
MAXED_1037	105	Picture	stage1_box	4507715	0	1	7550	1	0	next	other	0
MAXED_1037	106	Picture	stage1_outcome	4515265	0	1	167	1	0	next	other	0
MAXED_1037	107	Picture	stage2A	4515432	0	1	11913	1	0	next	false_alarm	398
MAXED_1037	107	Pulse	99	4520000	4568	NA
MAXED_1037	107	Response	1	4527295	11863	1
MAXED_1037	108	Picture	stage2_box	4527345	0	1	7551	1	0	next	other	0
MAXED_1037	109	Picture	stage2_up	4534896	0	1	7551	1	0	next	other	0
MAXED_1037	109	Pulse	99	4540000	5104	NA
MAXED_1037	110	Picture	stage2_win	4542447	0	1	10051	1	0	next	other	0
MAXED_1037	111	Picture	stage1	4552498	0	1	6869	1	0	next	false_alarm	404
MAXED_1037	111	Response	1	4559317	6819	1
MAXED_1037	112	Picture	stage1_box	4559368	0	1	7550	1	0	next	other	0
MAXED_1037	112	Pulse	99	4560000	632	NA
MAXED_1037	113	Picture	stage1_outcome	4566917	0	1	166	1	0	next	other	0
MAXED_1037	114	Picture	stage2A	4567084	0	1	4570	1	0	next	false_alarm	409
MAXED_1037	114	Response	1	4571603	4519	1
MAXED_1037	115	Picture	stage2_box	4571654	0	1	7550	1	0	next	other	0
MAXED_1037	116	Picture	stage2_up	4579204	0	1	7550	1	0	next	other	0
MAXED_1037	116	Pulse	99	4580000	796	NA
MAXED_1037	117	Picture	stage2_lose	4586754	0	1	10051	1	0	next	other	0
MAXED_1037	118	Picture	stage1	4596805	0	1	7145	1	0	next	false_alarm	416
MAXED_1037	118	Pulse	99	4600000	3195	NA
MAXED_1037	118	Response	1	4603900	7095	1
MAXED_1037	119	Picture	stage1_box	4603950	0	1	7550	1	0	next	other	0
MAXED_1037	120	Picture	stage1_outcome	4611500	0	1	167	1	0	next	other	0
MAXED_1037	121	Picture	stage2A	4611667	0	1	10374	1	0	next	false_alarm	421
MAXED_1037	121	Pulse	99	4620000	8333	NA
MAXED_1037	121	Response	2	4621986	10319	1
MAXED_1037	122	Picture	stage2_box	4622041	0	1	7550	1	0	next	other	0
MAXED_1037	123	Picture	stage2_up	4629592	0	1	7550	1	0	next	other	0
MAXED_1037	124	Picture	stage2_lose	4637142	0	1	10051	1	0	next	other	0
MAXED_1037	124	Pulse	99	4640000	2858	NA
MAXED_1037	125	Picture	stage1	4647192	0	1	10144	1	0	next	false_alarm	427
MAXED_1037	125	Response	1	4657287	10095	1
MAXED_1037	126	Picture	stage1_box	4657337	0	1	7551	1	0	next	other	0
MAXED_1037	126	Pulse	99	4660000	2663	NA
MAXED_1037	127	Picture	stage1_outcome	4664888	0	1	167	1	0	next	other	0
MAXED_1037	128	Picture	stage2B	4665054	0	1	13982	1	0	next	false_alarm	432
MAXED_1037	128	Response	2	4678985	13931	1
MAXED_1037	129	Picture	stage2_box	4679036	0	1	7578	1	0	next	other	0
MAXED_1037	129	Pulse	99	4680000	964	NA
MAXED_1037	130	Picture	stage2_up	4686615	0	1	7551	1	0	next	other	0
MAXED_1037	131	Picture	stage2_lose	4694166	0	1	10051	1	0	next	other	0
MAXED_1037	131	Pulse	99	4700000	5834	NA
MAXED_1037	132	Picture	stage1	4704216	0	1	6620	1	0	next	false_alarm	439
MAXED_1037	132	Response	2	4710786	6569	1
MAXED_1037	133	Picture	stage1_box	4710836	0	1	7551	1	0	next	other	0
MAXED_1037	134	Picture	stage1_outcome	4718387	0	1	167	1	0	next	other	0
MAXED_1037	135	Picture	stage2B	4718554	0	1	6794	1	0	next	false_alarm	444
MAXED_1037	135	Pulse	99	4720000	1446	NA
MAXED_1037	135	Response	1	4725297	6744	1
MAXED_1037	136	Picture	stage2_box	4725347	0	1	7550	1	0	next	other	0
MAXED_1037	137	Picture	stage2_up	4732897	0	1	7550	1	0	next	other	0
MAXED_1037	137	Pulse	99	4740000	7103	NA
MAXED_1037	138	Picture	stage2_win	4740447	0	1	10051	1	0	next	other	0
MAXED_1037	139	Picture	stage1	4750499	0	1	5971	1	0	next	false_alarm	450
MAXED_1037	139	Response	2	4756419	5920	1
MAXED_1037	140	Picture	stage1_box	4756470	0	1	7550	1	0	next	other	0
MAXED_1037	140	Pulse	99	4760000	3530	NA
MAXED_1037	141	Picture	stage1_outcome	4764020	0	1	167	1	0	next	other	0
MAXED_1037	142	Picture	stage2B	4764187	0	1	6031	1	0	next	false_alarm	455
MAXED_1037	142	Response	1	4770167	5980	1
MAXED_1037	143	Picture	stage2_box	4770218	0	1	7550	1	0	next	other	0
MAXED_1037	144	Picture	stage2_up	4777768	0	1	7550	1	0	next	other	0
MAXED_1037	144	Pulse	99	4780000	2232	NA
MAXED_1037	145	Picture	stage2_lose	4785318	0	1	10182	1	0	next	other	0
MAXED_1037	146	Picture	stage1	4795501	0	1	6350	1	0	next	false_alarm	462
MAXED_1037	146	Pulse	99	4800000	4499	NA
MAXED_1037	146	Response	2	4801799	6299	1
MAXED_1037	147	Picture	stage1_box	4801850	0	1	7613	1	0	next	other	0
MAXED_1037	148	Picture	stage1_outcome	4809463	0	1	167	1	0	next	other	0
MAXED_1037	149	Picture	stage2B	4809630	0	1	8417	1	0	next	false_alarm	466
MAXED_1037	149	Response	1	4817996	8366	1
MAXED_1037	150	Picture	stage2_box	4818047	0	1	7550	1	0	next	other	0
MAXED_1037	150	Pulse	99	4820000	1953	NA
MAXED_1037	151	Picture	stage2_up	4825597	0	1	7551	1	0	next	other	0
MAXED_1037	152	Picture	stage2_win	4833148	0	1	10050	1	0	next	other	0
MAXED_1037	152	Pulse	99	4840000	6852	NA
MAXED_1037	153	Picture	stage1	4843198	0	1	5635	1	0	next	false_alarm	473
MAXED_1037	153	Response	2	4848783	5585	1
MAXED_1037	154	Picture	stage1_box	4848833	0	1	7550	1	0	next	other	0
MAXED_1037	155	Picture	stage1_outcome	4856384	0	1	167	1	0	next	other	0
MAXED_1037	156	Picture	stage2B	4856550	0	1	5948	1	0	next	false_alarm	478
MAXED_1037	156	Pulse	99	4860000	3450	NA
MAXED_1037	156	Response	1	4862448	5897	1
MAXED_1037	157	Picture	stage2_box	4862499	0	1	7550	1	0	next	other	0
MAXED_1037	158	Picture	stage2_up	4870049	0	1	7550	1	0	next	other	0
MAXED_1037	159	Picture	stage2_win	4877599	0	1	10051	1	0	next	other	0
MAXED_1037	159	Pulse	99	4880000	2401	NA
MAXED_1037	160	Picture	stage1	4887649	0	1	4724	1	0	next	false_alarm	484
MAXED_1037	160	Response	2	4892322	4673	1
MAXED_1037	161	Picture	stage1_box	4892373	0	1	7530	1	0	next	other	0
MAXED_1037	162	Picture	stage1_outcome	4899903	0	1	167	1	0	next	other	0
MAXED_1037	162	Pulse	99	4900000	97	NA
MAXED_1037	163	Picture	stage2A	4900070	0	1	18269	1	0	next	false_alarm	489
MAXED_1037	163	Response	1	4918288	18218	1
MAXED_1037	164	Picture	stage2_box	4918338	0	1	7550	1	0	next	other	0
MAXED_1037	164	Pulse	99	4920000	1662	NA
MAXED_1037	165	Picture	stage2_up	4925889	0	1	7550	1	0	next	other	0
MAXED_1037	166	Picture	stage2_lose	4933439	0	1	10051	1	0	next	other	0
MAXED_1037	166	Pulse	99	4940000	6561	NA
MAXED_1037	167	Picture	stage1	4943490	0	1	7001	1	0	next	false_alarm	496
MAXED_1037	167	Response	1	4950440	6950	1
MAXED_1037	168	Picture	stage1_box	4950491	0	1	7550	1	0	next	other	0
MAXED_1037	169	Picture	stage1_outcome	4958041	0	1	167	1	0	next	other	0
MAXED_1037	170	Picture	stage2B	4958208	0	1	12436	1	0	next	false_alarm	501
MAXED_1037	170	Pulse	99	4960000	1792	NA
MAXED_1037	170	Response	1	4970593	12385	1
MAXED_1037	171	Picture	stage2_box	4970644	0	1	7550	1	0	next	other	0
MAXED_1037	172	Picture	stage2_up	4978194	0	1	7551	1	0	next	other	0
MAXED_1037	172	Pulse	99	4980000	1806	NA
MAXED_1037	173	Picture	stage2_win	4985745	0	1	10051	1	0	next	other	0
MAXED_1037	174	Picture	stage1	4995796	0	1	5101	1	0	next	false_alarm	508
MAXED_1037	174	Pulse	99	5000000	4204	NA
MAXED_1037	174	Response	2	5000846	5050	1
MAXED_1037	175	Picture	stage1_box	5000897	0	1	7557	1	0	next	other	0
MAXED_1037	176	Picture	stage1_outcome	5008454	0	1	167	1	0	next	other	0
MAXED_1037	177	Picture	stage2A	5008621	0	1	19096	1	0	next	false_alarm	513
MAXED_1037	177	Pulse	99	5020000	11379	NA
MAXED_1037	177	Response	2	5027667	19046	1
MAXED_1037	178	Picture	stage2_box	5027717	0	1	7550	1	0	next	other	0
MAXED_1037	179	Picture	stage2_up	5035268	0	1	7550	1	0	next	other	0
MAXED_1037	179	Pulse	99	5040000	4732	NA
MAXED_1037	180	Picture	stage2_win	5042817	0	1	10051	1	0	next	other	0
MAXED_1037	181	Picture	stage1	5052868	0	1	5046	1	0	next	false_alarm	519
MAXED_1037	181	Response	1	5057863	4995	1
MAXED_1037	182	Picture	stage1_box	5057913	0	1	7551	1	0	next	other	0
MAXED_1037	182	Pulse	99	5060000	2087	NA
MAXED_1037	183	Picture	stage1_outcome	5065465	0	1	167	1	0	next	other	0
MAXED_1037	184	Picture	stage2A	5065631	0	1	5784	1	0	next	false_alarm	524
MAXED_1037	184	Response	2	5071365	5733	1
MAXED_1037	185	Picture	stage2_box	5071415	0	1	7551	1	0	next	other	0
MAXED_1037	186	Picture	stage2_up	5078966	0	1	7550	1	0	next	other	0
MAXED_1037	186	Pulse	99	5080000	1034	NA
MAXED_1037	187	Picture	stage2_win	5086516	0	1	10051	1	0	next	other	0
MAXED_1037	188	Picture	stage1	5096567	0	1	6216	1	0	next	false_alarm	531
MAXED_1037	188	Pulse	99	5100000	3433	NA
MAXED_1037	188	Response	2	5102732	6165	1
MAXED_1037	189	Picture	stage1_box	5102783	0	1	7550	1	0	next	other	0
MAXED_1037	190	Picture	stage1_outcome	5110334	0	1	167	1	0	next	other	0
MAXED_1037	191	Picture	stage2B	5110500	0	1	6726	1	0	next	false_alarm	535
MAXED_1037	191	Response	1	5117176	6676	1
MAXED_1037	192	Picture	stage2_box	5117226	0	1	7550	1	0	next	other	0
MAXED_1037	192	Pulse	99	5120000	2774	NA
MAXED_1037	193	Picture	stage2_up	5124776	0	1	7552	1	0	next	other	0
MAXED_1037	194	Picture	stage2_win	5132327	0	1	10051	1	0	next	other	0
MAXED_1037	194	Pulse	99	5140000	7673	NA
MAXED_1037	195	Picture	stage1	5142378	0	1	5381	1	0	next	false_alarm	542
MAXED_1037	195	Response	1	5147708	5330	1
MAXED_1037	196	Picture	stage1_box	5147759	0	1	7550	1	0	next	other	0
MAXED_1037	197	Picture	stage1_outcome	5155309	0	1	167	1	0	next	other	0
MAXED_1037	198	Picture	stage2A	5155475	0	1	6710	1	0	next	false_alarm	547
MAXED_1037	198	Pulse	99	5160000	4525	NA
MAXED_1037	198	Response	2	5162135	6659	1
MAXED_1037	199	Picture	stage2_box	5162185	0	1	7550	1	0	next	other	0
MAXED_1037	200	Picture	stage2_up	5169735	0	1	7550	1	0	next	other	0
MAXED_1037	201	Picture	stage2_win	5177285	0	1	10051	1	0	next	other	0
MAXED_1037	201	Pulse	99	5180000	2715	NA
MAXED_1037	202	Picture	stage1	5187336	0	1	5317	1	0	next	false_alarm	553
MAXED_1037	202	Response	2	5192603	5267	1
MAXED_1037	203	Picture	stage1_box	5192653	0	1	7550	1	0	next	other	0
MAXED_1037	203	Pulse	99	5200000	7347	NA
MAXED_1037	204	Picture	stage1_outcome	5200203	0	1	167	1	0	next	other	0
MAXED_1037	205	Picture	stage2A	5200370	0	1	10161	1	0	next	false_alarm	558
MAXED_1037	205	Response	2	5210480	10110	1
MAXED_1037	206	Picture	stage2_box	5210531	0	1	7550	1	0	next	other	0
MAXED_1037	207	Picture	stage2_up	5218081	0	1	7551	1	0	next	other	0
MAXED_1037	207	Pulse	99	5220000	1919	NA
MAXED_1037	208	Picture	stage2_win	5225633	0	1	10051	1	0	next	other	0
MAXED_1037	209	Picture	stage1	5235683	0	1	14737	1	0	next	false_alarm	565
MAXED_1037	209	Pulse	99	5240000	4317	NA
MAXED_1037	209	Response	2	5250369	14686	1
MAXED_1037	210	Picture	stage1_box	5250420	0	1	7551	1	0	next	other	0
MAXED_1037	211	Picture	stage1_outcome	5257971	0	1	167	1	0	next	other	0
MAXED_1037	212	Picture	stage2B	5258137	0	1	5219	1	0	next	false_alarm	570
MAXED_1037	212	Pulse	99	5260000	1863	NA
MAXED_1037	212	Response	1	5263306	5169	1
MAXED_1037	213	Picture	stage2_box	5263357	0	1	7550	1	0	next	other	0
MAXED_1037	214	Picture	stage2_up	5270907	0	1	7550	1	0	next	other	0
MAXED_1037	215	Picture	stage2_win	5278457	0	1	10052	1	0	next	other	0
MAXED_1037	215	Pulse	99	5280000	1543	NA
MAXED_1037	216	Picture	stage1	5288509	0	1	5909	1	0	next	false_alarm	576
MAXED_1037	216	Response	2	5294367	5857	1
MAXED_1037	217	Picture	stage1_box	5294418	0	1	7551	1	0	next	other	0
MAXED_1037	217	Pulse	99	5300000	5582	NA
MAXED_1037	218	Picture	stage1_outcome	5301969	0	1	167	1	0	next	other	0
MAXED_1037	219	Picture	stage2A	5302135	0	1	7991	1	0	next	false_alarm	581
MAXED_1037	219	Response	2	5310075	7940	1
MAXED_1037	220	Picture	stage2_box	5310127	0	1	7551	1	0	next	other	0
MAXED_1037	221	Picture	stage2_up	5317678	0	1	7550	1	0	next	other	0
MAXED_1037	221	Pulse	99	5320000	2322	NA
MAXED_1037	222	Picture	stage2_lose	5325228	0	1	10055	1	0	next	other	0
MAXED_1037	223	Pulse	99	5340000	4717	NA
MAXED_1037	223	Pulse	99	5360000	24717	NA
MAXED_1037	223	Response	88	5370382	35100	1
