Scenario - 
Logfile written - 07/25/2022 17:51:49

Subject	Trial	Event Type	Code	Time	TTime	Uncertainty	Duration	Uncertainty	ReqTime	ReqDur	Stim Type	Pair Index

MAXED_1031_Day_A	0	Pulse	99	0	0	NA
MAXED_1031_Day_A	1	Picture	instructions_1	333	0	1	444913	1	0	next	false_alarm	25
MAXED_1031_Day_A	1	Pulse	99	20000	19667	NA
MAXED_1031_Day_A	1	Pulse	99	40000	39667	NA
MAXED_1031_Day_A	1	Pulse	99	60000	59667	NA
MAXED_1031_Day_A	1	Pulse	99	80000	79667	NA
MAXED_1031_Day_A	1	Pulse	99	100000	99667	NA
MAXED_1031_Day_A	1	Pulse	99	120000	119667	NA
MAXED_1031_Day_A	1	Pulse	99	140000	139667	NA
MAXED_1031_Day_A	1	Pulse	99	160000	159667	NA
MAXED_1031_Day_A	1	Pulse	99	180000	179667	NA
MAXED_1031_Day_A	1	Pulse	99	200000	199667	NA
MAXED_1031_Day_A	1	Pulse	99	220000	219667	NA
MAXED_1031_Day_A	1	Pulse	99	240000	239667	NA
MAXED_1031_Day_A	1	Pulse	99	260000	259667	NA
MAXED_1031_Day_A	1	Pulse	99	280000	279667	NA
MAXED_1031_Day_A	1	Pulse	99	300000	299667	NA
MAXED_1031_Day_A	1	Pulse	99	320000	319667	NA
MAXED_1031_Day_A	1	Pulse	99	340000	339667	NA
MAXED_1031_Day_A	1	Pulse	99	360000	359667	NA
MAXED_1031_Day_A	1	Pulse	99	380000	379667	NA
MAXED_1031_Day_A	1	Pulse	99	400000	399667	NA
MAXED_1031_Day_A	1	Pulse	99	420000	419667	NA
MAXED_1031_Day_A	1	Pulse	99	440000	439667	NA
MAXED_1031_Day_A	1	Response	88	445016	444683	1
MAXED_1031_Day_A	2	Picture	instructions_2	445246	0	1	196977	1	0	next	false_alarm	37
MAXED_1031_Day_A	2	Pulse	99	460000	14754	NA
MAXED_1031_Day_A	2	Pulse	99	480000	34754	NA
MAXED_1031_Day_A	2	Pulse	99	500000	54754	NA
MAXED_1031_Day_A	2	Pulse	99	520000	74754	NA
MAXED_1031_Day_A	2	Pulse	99	540000	94754	NA
MAXED_1031_Day_A	2	Pulse	99	560000	114754	NA
MAXED_1031_Day_A	2	Pulse	99	580000	134754	NA
MAXED_1031_Day_A	2	Pulse	99	600000	154754	NA
MAXED_1031_Day_A	2	Pulse	99	620000	174754	NA
MAXED_1031_Day_A	2	Pulse	99	640000	194754	NA
MAXED_1031_Day_A	2	Response	88	641991	196746	1
MAXED_1031_Day_A	3	Picture	instructions_3	642223	0	1	69610	1	0	next	false_alarm	42
MAXED_1031_Day_A	3	Pulse	99	660000	17777	NA
MAXED_1031_Day_A	3	Pulse	99	680000	37777	NA
MAXED_1031_Day_A	3	Pulse	99	700000	57777	NA
MAXED_1031_Day_A	3	Response	88	711603	69379	1
MAXED_1031_Day_A	4	Picture	instructions_4	711833	0	1	50426	1	0	next	false_alarm	47
MAXED_1031_Day_A	4	Pulse	99	720000	8167	NA
MAXED_1031_Day_A	4	Pulse	99	740000	28167	NA
MAXED_1031_Day_A	4	Pulse	99	760000	48167	NA
MAXED_1031_Day_A	4	Response	88	762065	50233	1
MAXED_1031_Day_A	5	Picture	instructions_5	762258	0	1	89730	1	0	next	false_alarm	53
MAXED_1031_Day_A	5	Pulse	99	780000	17742	NA
MAXED_1031_Day_A	5	Pulse	99	800000	37742	NA
MAXED_1031_Day_A	5	Pulse	99	820000	57742	NA
MAXED_1031_Day_A	5	Pulse	99	840000	77742	NA
MAXED_1031_Day_A	5	Response	88	851759	89500	1
MAXED_1031_Day_A	6	Picture	instructions_6	851989	0	1	43000	1	0	next	false_alarm	57
MAXED_1031_Day_A	6	Pulse	99	860000	8011	NA
MAXED_1031_Day_A	6	Pulse	99	880000	28011	NA
MAXED_1031_Day_A	6	Response	88	894757	42769	1
MAXED_1031_Day_A	7	Picture	instructions_7	894989	0	1	130989	1	0	next	false_alarm	66
MAXED_1031_Day_A	7	Pulse	99	900000	5011	NA
MAXED_1031_Day_A	7	Pulse	99	920000	25011	NA
MAXED_1031_Day_A	7	Pulse	99	940000	45011	NA
MAXED_1031_Day_A	7	Pulse	99	960000	65011	NA
MAXED_1031_Day_A	7	Pulse	99	980000	85011	NA
MAXED_1031_Day_A	7	Pulse	99	1000000	105011	NA
MAXED_1031_Day_A	7	Pulse	99	1020000	125011	NA
MAXED_1031_Day_A	7	Response	88	1025751	130762	1
MAXED_1031_Day_A	8	Picture	instructions_8	1025978	0	1	121355	1	0	next	false_alarm	74
MAXED_1031_Day_A	8	Pulse	99	1040000	14022	NA
MAXED_1031_Day_A	8	Pulse	99	1060000	34022	NA
MAXED_1031_Day_A	8	Pulse	99	1080000	54022	NA
MAXED_1031_Day_A	8	Pulse	99	1100000	74022	NA
MAXED_1031_Day_A	8	Pulse	99	1120000	94022	NA
MAXED_1031_Day_A	8	Pulse	99	1140000	114022	NA
MAXED_1031_Day_A	8	Response	88	1147105	121127	1
MAXED_1031_Day_A	9	Picture	instructions_9	1147333	0	1	47862	1	0	next	false_alarm	78
MAXED_1031_Day_A	9	Pulse	99	1160000	12667	NA
MAXED_1031_Day_A	9	Pulse	99	1180000	32667	NA
MAXED_1031_Day_A	9	Response	88	1194965	47632	1
MAXED_1031_Day_A	10	Picture	instructions_10	1195195	0	1	102354	1	0	next	false_alarm	85
MAXED_1031_Day_A	10	Pulse	99	1200000	4805	NA
MAXED_1031_Day_A	10	Pulse	99	1220000	24805	NA
MAXED_1031_Day_A	10	Pulse	99	1240000	44805	NA
MAXED_1031_Day_A	10	Pulse	99	1260000	64805	NA
MAXED_1031_Day_A	10	Pulse	99	1280000	84805	NA
MAXED_1031_Day_A	10	Response	88	1297320	102126	1
MAXED_1031_Day_A	11	Picture	instructions_11	1297549	0	1	106512	1	0	next	false_alarm	93
MAXED_1031_Day_A	11	Pulse	99	1300000	2451	NA
MAXED_1031_Day_A	11	Pulse	99	1320000	22451	NA
MAXED_1031_Day_A	11	Pulse	99	1340000	42451	NA
MAXED_1031_Day_A	11	Pulse	99	1360000	62451	NA
MAXED_1031_Day_A	11	Pulse	99	1380000	82451	NA
MAXED_1031_Day_A	11	Pulse	99	1400000	102451	NA
MAXED_1031_Day_A	11	Response	88	1403978	106429	1
MAXED_1031_Day_A	12	Picture	instructions_12	1404061	0	1	79024	1	0	next	false_alarm	99
MAXED_1031_Day_A	12	Pulse	99	1420000	15939	NA
MAXED_1031_Day_A	12	Pulse	99	1440000	35939	NA
MAXED_1031_Day_A	12	Pulse	99	1460000	55939	NA
MAXED_1031_Day_A	12	Pulse	99	1480000	75939	NA
MAXED_1031_Day_A	12	Response	88	1482855	78794	1
MAXED_1031_Day_A	13	Picture	instructions_13	1483086	0	1	72116	1	0	next	false_alarm	104
MAXED_1031_Day_A	13	Pulse	99	1500000	16914	NA
MAXED_1031_Day_A	13	Pulse	99	1520000	36914	NA
MAXED_1031_Day_A	13	Pulse	99	1540000	56914	NA
MAXED_1031_Day_A	13	Response	88	1554974	71889	1
MAXED_1031_Day_A	14	Picture	instructions_14	1555201	0	1	35063	1	0	next	false_alarm	108
MAXED_1031_Day_A	14	Pulse	99	1560000	4799	NA
MAXED_1031_Day_A	14	Pulse	99	1580000	24799	NA
MAXED_1031_Day_A	14	Response	88	1590036	34834	1
MAXED_1031_Day_A	15	Picture	instructions_15	1590265	0	1	115004	1	0	next	false_alarm	116
MAXED_1031_Day_A	15	Pulse	99	1600000	9735	NA
MAXED_1031_Day_A	15	Pulse	99	1620000	29735	NA
MAXED_1031_Day_A	15	Pulse	99	1640000	49735	NA
MAXED_1031_Day_A	15	Pulse	99	1660000	69735	NA
MAXED_1031_Day_A	15	Pulse	99	1680000	89735	NA
MAXED_1031_Day_A	15	Pulse	99	1700000	109735	NA
MAXED_1031_Day_A	15	Response	88	1705043	114778	1
MAXED_1031_Day_A	16	Picture	instructions_16	1705269	0	1	42891	1	0	next	false_alarm	120
MAXED_1031_Day_A	16	Pulse	99	1720000	14731	NA
MAXED_1031_Day_A	16	Pulse	99	1740000	34731	NA
MAXED_1031_Day_A	16	Response	88	1747932	42663	1
MAXED_1031_Day_A	17	Picture	instructions_17	1748160	0	1	10257	1	0	next	false_alarm	122
MAXED_1031_Day_A	17	Response	88	1758187	10027	1
MAXED_1031_Day_A	18	Picture	instructions_18	1758417	0	1	62121	1	0	next	false_alarm	128
MAXED_1031_Day_A	18	Pulse	99	1760000	1583	NA
MAXED_1031_Day_A	18	Pulse	99	1780000	21583	NA
MAXED_1031_Day_A	18	Pulse	99	1800000	41583	NA
MAXED_1031_Day_A	18	Pulse	99	1820000	61583	NA
MAXED_1031_Day_A	18	Response	88	1820312	61895	1
MAXED_1031_Day_A	19	Picture	instructions_19	1820538	0	1	129485	1	0	next	false_alarm	136
MAXED_1031_Day_A	19	Pulse	99	1840000	19462	NA
MAXED_1031_Day_A	19	Pulse	99	1860000	39462	NA
MAXED_1031_Day_A	19	Pulse	99	1880000	59462	NA
MAXED_1031_Day_A	19	Pulse	99	1900000	79462	NA
MAXED_1031_Day_A	19	Pulse	99	1920000	99462	NA
MAXED_1031_Day_A	19	Pulse	99	1940000	119462	NA
MAXED_1031_Day_A	19	Response	88	1949805	129267	1
MAXED_1031_Day_A	20	Picture	instructions_20	1950023	0	1	103554	1	0	next	false_alarm	143
MAXED_1031_Day_A	20	Pulse	99	1960000	9977	NA
MAXED_1031_Day_A	20	Pulse	99	1980000	29977	NA
MAXED_1031_Day_A	20	Pulse	99	2000000	49977	NA
MAXED_1031_Day_A	20	Pulse	99	2020000	69977	NA
MAXED_1031_Day_A	20	Pulse	99	2040000	89977	NA
MAXED_1031_Day_A	20	Response	88	2053350	103326	1
MAXED_1031_Day_A	21	Picture	instructions_21	2053577	0	1	81333	1	0	next	false_alarm	149
MAXED_1031_Day_A	21	Pulse	99	2060000	6423	NA
MAXED_1031_Day_A	21	Pulse	99	2080000	26423	NA
MAXED_1031_Day_A	21	Pulse	99	2100000	46423	NA
MAXED_1031_Day_A	21	Pulse	99	2120000	66423	NA
MAXED_1031_Day_A	21	Response	88	2134682	81104	1
MAXED_1031_Day_A	22	Picture	instructions_22	2134911	0	1	31540	1	0	next	false_alarm	153
MAXED_1031_Day_A	22	Pulse	99	2140000	5089	NA
MAXED_1031_Day_A	22	Pulse	99	2160000	25089	NA
MAXED_1031_Day_A	22	Response	88	2166222	31311	1
MAXED_1031_Day_A	23	Picture	instructions_23	2166451	0	1	95415	1	0	next	false_alarm	160
MAXED_1031_Day_A	23	Pulse	99	2180000	13549	NA
MAXED_1031_Day_A	23	Pulse	99	2200000	33549	NA
MAXED_1031_Day_A	23	Pulse	99	2220000	53549	NA
MAXED_1031_Day_A	23	Pulse	99	2240000	73549	NA
MAXED_1031_Day_A	23	Pulse	99	2260000	93549	NA
MAXED_1031_Day_A	23	Response	88	2261802	95351	1
MAXED_1031_Day_A	24	Picture	instructions_24	2261866	0	1	90724	1	0	next	false_alarm	166
MAXED_1031_Day_A	24	Pulse	99	2280000	18134	NA
MAXED_1031_Day_A	24	Pulse	99	2300000	38134	NA
MAXED_1031_Day_A	24	Pulse	99	2320000	58134	NA
MAXED_1031_Day_A	24	Pulse	99	2340000	78134	NA
MAXED_1031_Day_A	24	Response	88	2352360	90494	1
MAXED_1031_Day_A	25	Picture	instructions_25	2352590	0	1	59027	1	0	next	false_alarm	171
MAXED_1031_Day_A	25	Pulse	99	2360000	7410	NA
MAXED_1031_Day_A	25	Pulse	99	2380000	27410	NA
MAXED_1031_Day_A	25	Pulse	99	2400000	47410	NA
MAXED_1031_Day_A	25	Response	88	2411386	58796	1
MAXED_1031_Day_A	26	Picture	instructions_26	2411618	0	1	99022	1	0	next	false_alarm	178
MAXED_1031_Day_A	26	Pulse	99	2420000	8382	NA
MAXED_1031_Day_A	26	Pulse	99	2440000	28382	NA
MAXED_1031_Day_A	26	Pulse	99	2460000	48382	NA
MAXED_1031_Day_A	26	Pulse	99	2480000	68382	NA
MAXED_1031_Day_A	26	Pulse	99	2500000	88382	NA
MAXED_1031_Day_A	26	Response	88	2510409	98792	1
MAXED_1031_Day_A	27	Picture	instructions_27	2510640	0	1	50482	1	0	next	false_alarm	183
MAXED_1031_Day_A	27	Pulse	99	2520000	9360	NA
MAXED_1031_Day_A	27	Pulse	99	2540000	29360	NA
MAXED_1031_Day_A	27	Pulse	99	2560000	49360	NA
MAXED_1031_Day_A	27	Response	88	2560894	50255	1
MAXED_1031_Day_A	28	Picture	instructions_28	2561122	0	1	19868	1	0	next	false_alarm	186
MAXED_1031_Day_A	28	Pulse	99	2580000	18878	NA
MAXED_1031_Day_A	28	Response	88	2580896	19774	1
MAXED_1031_Day_A	29	Picture	instructions_29	2580990	0	1	60437	1	0	next	false_alarm	191
MAXED_1031_Day_A	29	Pulse	99	2600000	19010	NA
MAXED_1031_Day_A	29	Pulse	99	2620000	39010	NA
MAXED_1031_Day_A	29	Pulse	99	2640000	59010	NA
MAXED_1031_Day_A	29	Response	88	2641198	60208	1
MAXED_1031_Day_A	30	Picture	instructions_30	2641426	0	1	170144	1	0	next	false_alarm	201
MAXED_1031_Day_A	30	Pulse	99	2660000	18574	NA
MAXED_1031_Day_A	30	Pulse	99	2680000	38574	NA
MAXED_1031_Day_A	30	Pulse	99	2700000	58574	NA
MAXED_1031_Day_A	30	Pulse	99	2720000	78574	NA
MAXED_1031_Day_A	30	Pulse	99	2740000	98574	NA
MAXED_1031_Day_A	30	Pulse	99	2760000	118574	NA
MAXED_1031_Day_A	30	Pulse	99	2780000	138574	NA
MAXED_1031_Day_A	30	Pulse	99	2800000	158574	NA
MAXED_1031_Day_A	30	Response	88	2811344	169918	1
MAXED_1031_Day_A	31	Picture	instructions_31	2811570	0	1	73985	1	0	next	false_alarm	207
MAXED_1031_Day_A	31	Pulse	99	2820000	8430	NA
MAXED_1031_Day_A	31	Pulse	99	2840000	28430	NA
MAXED_1031_Day_A	31	Pulse	99	2860000	48430	NA
MAXED_1031_Day_A	31	Pulse	99	2880000	68430	NA
MAXED_1031_Day_A	31	Response	88	2885326	73756	1
MAXED_1031_Day_A	32	Picture	instructions_32	2885554	0	1	67019	1	0	next	false_alarm	212
MAXED_1031_Day_A	32	Pulse	99	2900000	14446	NA
MAXED_1031_Day_A	32	Pulse	99	2920000	34446	NA
MAXED_1031_Day_A	32	Pulse	99	2940000	54446	NA
MAXED_1031_Day_A	32	Response	88	2952349	66794	1
MAXED_1031_Day_A	33	Picture	instructions_33	2952574	0	1	60362	1	0	next	false_alarm	217
MAXED_1031_Day_A	33	Pulse	99	2960000	7426	NA
MAXED_1031_Day_A	33	Pulse	99	2980000	27426	NA
MAXED_1031_Day_A	33	Pulse	99	3000000	47426	NA
MAXED_1031_Day_A	33	Response	88	3012706	60132	1
MAXED_1031_Day_A	34	Picture	instructions_34	3012935	0	1	93226	1	0	next	false_alarm	224
MAXED_1031_Day_A	34	Pulse	99	3020000	7065	NA
MAXED_1031_Day_A	34	Pulse	99	3040000	27065	NA
MAXED_1031_Day_A	34	Pulse	99	3060000	47065	NA
MAXED_1031_Day_A	34	Pulse	99	3080000	67065	NA
MAXED_1031_Day_A	34	Pulse	99	3100000	87065	NA
MAXED_1031_Day_A	34	Response	88	3105933	92998	1
MAXED_1031_Day_A	35	Picture	instructions_35	3106161	0	1	103701	1	0	next	false_alarm	231
MAXED_1031_Day_A	35	Pulse	99	3120000	13839	NA
MAXED_1031_Day_A	35	Pulse	99	3140000	33839	NA
MAXED_1031_Day_A	35	Pulse	99	3160000	53839	NA
MAXED_1031_Day_A	35	Pulse	99	3180000	73839	NA
MAXED_1031_Day_A	35	Pulse	99	3200000	93839	NA
MAXED_1031_Day_A	35	Response	88	3209635	103474	1
MAXED_1031_Day_A	36	Picture	instructions_36	3209862	0	1	112931	1	0	next	false_alarm	239
MAXED_1031_Day_A	36	Pulse	99	3220000	10138	NA
MAXED_1031_Day_A	36	Pulse	99	3240000	30138	NA
MAXED_1031_Day_A	36	Pulse	99	3260000	50138	NA
MAXED_1031_Day_A	36	Pulse	99	3280000	70138	NA
MAXED_1031_Day_A	36	Pulse	99	3300000	90138	NA
MAXED_1031_Day_A	36	Pulse	99	3320000	110138	NA
MAXED_1031_Day_A	36	Response	88	3322730	112868	1
MAXED_1031_Day_A	37	Picture	instructions_37	3322793	0	1	173813	1	0	next	false_alarm	249
MAXED_1031_Day_A	37	Pulse	99	3340000	17207	NA
MAXED_1031_Day_A	37	Pulse	99	3360000	37207	NA
MAXED_1031_Day_A	37	Pulse	99	3380000	57207	NA
MAXED_1031_Day_A	37	Pulse	99	3400000	77207	NA
MAXED_1031_Day_A	37	Pulse	99	3420000	97207	NA
MAXED_1031_Day_A	37	Pulse	99	3440000	117207	NA
MAXED_1031_Day_A	37	Pulse	99	3460000	137207	NA
MAXED_1031_Day_A	37	Pulse	99	3480000	157207	NA
MAXED_1031_Day_A	37	Response	88	3496545	173751	1
MAXED_1031_Day_A	38	Picture	instructions_38	3496606	0	1	61336	1	0	next	false_alarm	254
MAXED_1031_Day_A	38	Pulse	99	3500000	3394	NA
MAXED_1031_Day_A	38	Pulse	99	3520000	23394	NA
MAXED_1031_Day_A	38	Pulse	99	3540000	43394	NA
MAXED_1031_Day_A	38	Response	88	3557882	61276	1
MAXED_1031_Day_A	39	Picture	instructions_39	3557942	0	1	72566	1	0	next	false_alarm	260
MAXED_1031_Day_A	39	Pulse	99	3560000	2058	NA
MAXED_1031_Day_A	39	Pulse	99	3580000	22058	NA
MAXED_1031_Day_A	39	Pulse	99	3600000	42058	NA
MAXED_1031_Day_A	39	Pulse	99	3620000	62058	NA
MAXED_1031_Day_A	39	Response	88	3630448	72507	1
MAXED_1031_Day_A	40	Picture	instructions_40	3630507	0	1	102498	1	0	next	false_alarm	267
MAXED_1031_Day_A	40	Pulse	99	3640000	9493	NA
MAXED_1031_Day_A	40	Pulse	99	3660000	29493	NA
MAXED_1031_Day_A	40	Pulse	99	3680000	49493	NA
MAXED_1031_Day_A	40	Pulse	99	3700000	69493	NA
MAXED_1031_Day_A	40	Pulse	99	3720000	89493	NA
MAXED_1031_Day_A	40	Response	88	3732781	102274	1
MAXED_1031_Day_A	41	Picture	instructions_41	3733006	0	1	53641	1	0	next	false_alarm	272
MAXED_1031_Day_A	41	Pulse	99	3740000	6994	NA
MAXED_1031_Day_A	41	Pulse	99	3760000	26994	NA
MAXED_1031_Day_A	41	Pulse	99	3780000	46994	NA
MAXED_1031_Day_A	41	Response	88	3786422	53416	1
MAXED_1031_Day_A	42	Picture	instructions_42	3786646	0	1	250023	1	0	next	false_alarm	286
MAXED_1031_Day_A	42	Pulse	99	3800000	13354	NA
MAXED_1031_Day_A	42	Pulse	99	3820000	33354	NA
MAXED_1031_Day_A	42	Pulse	99	3840000	53354	NA
MAXED_1031_Day_A	42	Pulse	99	3860000	73354	NA
MAXED_1031_Day_A	42	Pulse	99	3880000	93354	NA
MAXED_1031_Day_A	42	Pulse	99	3900000	113354	NA
MAXED_1031_Day_A	42	Pulse	99	3920000	133354	NA
MAXED_1031_Day_A	42	Pulse	99	3940000	153354	NA
MAXED_1031_Day_A	42	Pulse	99	3960000	173354	NA
MAXED_1031_Day_A	42	Pulse	99	3980000	193354	NA
MAXED_1031_Day_A	42	Pulse	99	4000000	213354	NA
MAXED_1031_Day_A	42	Pulse	99	4020000	233354	NA
MAXED_1031_Day_A	42	Response	88	4036446	249799	1
MAXED_1031_Day_A	43	Picture	instructions_43	4036670	0	1	46961	1	0	next	false_alarm	291
MAXED_1031_Day_A	43	Pulse	99	4040000	3330	NA
MAXED_1031_Day_A	43	Pulse	99	4060000	23330	NA
MAXED_1031_Day_A	43	Pulse	99	4080000	43330	NA
MAXED_1031_Day_A	43	Response	88	4083407	46737	1
MAXED_1031_Day_A	44	Picture	instructions_44	4083631	0	1	89227	1	0	next	false_alarm	297
MAXED_1031_Day_A	44	Pulse	99	4100000	16369	NA
MAXED_1031_Day_A	44	Pulse	99	4120000	36369	NA
MAXED_1031_Day_A	44	Pulse	99	4140000	56369	NA
MAXED_1031_Day_A	44	Pulse	99	4160000	76369	NA
MAXED_1031_Day_A	44	Response	88	4172800	89169	1
MAXED_1031_Day_A	45	Picture	instructions_45	4172858	0	1	102360	1	0	next	false_alarm	304
MAXED_1031_Day_A	45	Pulse	99	4180000	7142	NA
MAXED_1031_Day_A	45	Pulse	99	4200000	27142	NA
MAXED_1031_Day_A	45	Pulse	99	4220000	47142	NA
MAXED_1031_Day_A	45	Pulse	99	4240000	67142	NA
MAXED_1031_Day_A	45	Pulse	99	4260000	87142	NA
MAXED_1031_Day_A	45	Response	88	4275160	102301	1
MAXED_1031_Day_A	46	Picture	instructions_46	4275219	0	1	39984	1	0	next	false_alarm	308
MAXED_1031_Day_A	46	Pulse	99	4280000	4781	NA
MAXED_1031_Day_A	46	Pulse	99	4300000	24781	NA
MAXED_1031_Day_A	46	Response	88	4315095	39876	1
MAXED_1031_Day_A	47	Picture	fixation	4315203	0	1	5165	1	0	next	other	0
MAXED_1031_Day_A	47	Pulse	99	4320000	4797	NA
MAXED_1031_Day_A	48	Picture	stage1	4320368	0	1	13662	1	0	next	false_alarm	312
MAXED_1031_Day_A	48	Response	1	4333844	13476	1
MAXED_1031_Day_A	49	Picture	stage1_box	4334030	0	1	7664	1	0	next	other	0
MAXED_1031_Day_A	49	Pulse	99	4340000	5970	NA
MAXED_1031_Day_A	50	Picture	stage1_outcome	4341694	0	1	167	1	0	next	other	0
MAXED_1031_Day_A	51	Picture	stage2A	4341861	0	1	15828	1	0	next	false_alarm	317
MAXED_1031_Day_A	51	Response	1	4357532	15671	1
MAXED_1031_Day_A	52	Picture	stage2_box	4357689	0	1	7664	1	0	next	other	0
MAXED_1031_Day_A	52	Pulse	99	4360000	2311	NA
MAXED_1031_Day_A	53	Picture	stage2_up	4365353	0	1	7664	1	0	next	other	0
MAXED_1031_Day_A	54	Picture	stage2_win	4373017	0	1	10163	1	0	next	other	0
MAXED_1031_Day_A	54	Pulse	99	4380000	6983	NA
MAXED_1031_Day_A	55	Picture	stage1	4383180	0	1	21493	1	0	next	false_alarm	325
MAXED_1031_Day_A	55	Pulse	99	4400000	16820	NA
MAXED_1031_Day_A	55	Response	1	4404521	21342	1
MAXED_1031_Day_A	56	Picture	stage1_box	4404673	0	1	7550	1	0	next	other	0
MAXED_1031_Day_A	57	Picture	stage1_outcome	4412223	0	1	167	1	0	next	other	0
MAXED_1031_Day_A	58	Picture	stage2A	4412389	0	1	7660	1	0	next	false_alarm	329
MAXED_1031_Day_A	58	Response	1	4419999	7610	1
MAXED_1031_Day_A	58	Pulse	99	4420000	7611	NA
MAXED_1031_Day_A	59	Picture	stage2_box	4420049	0	1	7550	1	0	next	other	0
MAXED_1031_Day_A	60	Picture	stage2_up	4427599	0	1	7554	1	0	next	other	0
MAXED_1031_Day_A	61	Picture	stage2_lose	4435153	0	1	10055	1	0	next	other	0
MAXED_1031_Day_A	61	Pulse	99	4440000	4847	NA
MAXED_1031_Day_A	62	Picture	stage1	4445208	0	1	6028	1	0	next	false_alarm	336
MAXED_1031_Day_A	62	Response	2	4451075	5866	1
MAXED_1031_Day_A	63	Picture	stage1_box	4451236	0	1	7551	1	0	next	other	0
MAXED_1031_Day_A	64	Picture	stage1_outcome	4458787	0	1	167	1	0	next	other	0
MAXED_1031_Day_A	65	Picture	stage2B	4458954	0	1	7584	1	0	next	false_alarm	341
MAXED_1031_Day_A	65	Pulse	99	4460000	1046	NA
MAXED_1031_Day_A	65	Response	1	4466483	7529	1
MAXED_1031_Day_A	66	Picture	stage2_box	4466538	0	1	7664	1	0	next	other	0
MAXED_1031_Day_A	67	Picture	stage2_up	4474202	0	1	7664	1	0	next	other	0
MAXED_1031_Day_A	67	Pulse	99	4480000	5798	NA
MAXED_1031_Day_A	68	Picture	stage2_lose	4481866	0	1	10099	1	0	next	other	0
MAXED_1031_Day_A	69	Picture	stage1	4491965	0	1	6682	1	0	next	false_alarm	347
MAXED_1031_Day_A	69	Response	2	4498597	6632	1
MAXED_1031_Day_A	70	Picture	stage1_box	4498647	0	1	7550	1	0	next	other	0
MAXED_1031_Day_A	70	Pulse	99	4500000	1353	NA
MAXED_1031_Day_A	71	Picture	stage1_outcome	4506197	0	1	167	1	0	next	other	0
MAXED_1031_Day_A	72	Picture	stage2B	4506364	0	1	11807	1	0	next	false_alarm	352
MAXED_1031_Day_A	72	Response	2	4518116	11752	1
MAXED_1031_Day_A	73	Picture	stage2_box	4518171	0	1	7664	1	0	next	other	0
MAXED_1031_Day_A	73	Pulse	99	4520000	1829	NA
MAXED_1031_Day_A	74	Picture	stage2_up	4525835	0	1	7664	1	0	next	other	0
MAXED_1031_Day_A	75	Picture	stage2_win	4533499	0	1	10163	1	0	next	other	0
MAXED_1031_Day_A	75	Pulse	99	4540000	6501	NA
MAXED_1031_Day_A	76	Picture	stage1	4543662	0	1	9830	1	0	next	false_alarm	359
MAXED_1031_Day_A	76	Response	1	4553333	9671	1
MAXED_1031_Day_A	77	Picture	stage1_box	4553492	0	1	7550	1	0	next	other	0
MAXED_1031_Day_A	77	Pulse	99	4560000	6508	NA
MAXED_1031_Day_A	78	Picture	stage1_outcome	4561042	0	1	167	1	0	next	other	0
MAXED_1031_Day_A	79	Picture	stage2A	4561209	0	1	9934	1	0	next	false_alarm	364
MAXED_1031_Day_A	79	Response	2	4571089	9880	1
MAXED_1031_Day_A	80	Picture	stage2_box	4571143	0	1	7550	1	0	next	other	0
MAXED_1031_Day_A	81	Picture	stage2_up	4578693	0	1	7550	1	0	next	other	0
MAXED_1031_Day_A	81	Pulse	99	4580000	1307	NA
MAXED_1031_Day_A	82	Picture	stage2_win	4586243	0	1	10064	1	0	next	other	0
MAXED_1031_Day_A	83	Picture	stage1	4596308	0	1	4935	1	0	next	false_alarm	371
MAXED_1031_Day_A	83	Pulse	99	4600000	3692	NA
MAXED_1031_Day_A	83	Response	2	4601192	4884	1
MAXED_1031_Day_A	84	Picture	stage1_box	4601243	0	1	7550	1	0	next	other	0
MAXED_1031_Day_A	85	Picture	stage1_outcome	4608793	0	1	167	1	0	next	other	0
MAXED_1031_Day_A	86	Picture	stage2B	4608959	0	1	8004	1	0	next	false_alarm	375
MAXED_1031_Day_A	86	Response	2	4616913	7953	1
MAXED_1031_Day_A	87	Picture	stage2_box	4616963	0	1	7664	1	0	next	other	0
MAXED_1031_Day_A	87	Pulse	99	4620000	3037	NA
MAXED_1031_Day_A	88	Picture	stage2_up	4624627	0	1	7664	1	0	next	other	0
MAXED_1031_Day_A	89	Picture	stage2_win	4632291	0	1	10163	1	0	next	other	0
MAXED_1031_Day_A	89	Pulse	99	4640000	7709	NA
MAXED_1031_Day_A	90	Picture	stage1	4642455	0	1	4498	1	0	next	false_alarm	382
MAXED_1031_Day_A	90	Response	1	4646810	4355	1
MAXED_1031_Day_A	91	Picture	stage1_box	4646953	0	1	7550	1	0	next	other	0
MAXED_1031_Day_A	92	Picture	stage1_outcome	4654503	0	1	167	1	0	next	other	0
MAXED_1031_Day_A	93	Picture	stage2A	4654670	0	1	11382	1	0	next	false_alarm	387
MAXED_1031_Day_A	93	Pulse	99	4660000	5331	NA
MAXED_1031_Day_A	93	Response	2	4666001	11332	1
MAXED_1031_Day_A	94	Picture	stage2_box	4666052	0	1	7550	1	0	next	other	0
MAXED_1031_Day_A	95	Picture	stage2_up	4673602	0	1	7550	1	0	next	other	0
MAXED_1031_Day_A	95	Pulse	99	4680000	6398	NA
MAXED_1031_Day_A	96	Picture	stage2_lose	4681152	0	1	10050	1	0	next	other	0
MAXED_1031_Day_A	97	Picture	stage1	4691203	0	1	3056	1	0	next	false_alarm	393
MAXED_1031_Day_A	97	Response	2	4694208	3006	1
MAXED_1031_Day_A	98	Picture	stage1_box	4694259	0	1	7552	1	0	next	other	0
MAXED_1031_Day_A	98	Pulse	99	4700000	5741	NA
MAXED_1031_Day_A	99	Picture	stage1_outcome	4701811	0	1	167	1	0	next	other	0
MAXED_1031_Day_A	100	Picture	stage2B	4701977	0	1	8033	1	0	next	false_alarm	398
MAXED_1031_Day_A	100	Response	2	4709959	7982	1
MAXED_1031_Day_A	101	Picture	stage2_box	4710011	0	1	7664	1	0	next	other	0
MAXED_1031_Day_A	102	Picture	stage2_up	4717675	0	1	7664	1	0	next	other	0
MAXED_1031_Day_A	102	Pulse	99	4720000	2325	NA
MAXED_1031_Day_A	103	Picture	stage2_lose	4725339	0	1	10050	1	0	next	other	0
MAXED_1031_Day_A	104	Picture	stage1	4735389	0	1	3046	1	0	next	false_alarm	404
MAXED_1031_Day_A	104	Response	1	4738385	2996	1
MAXED_1031_Day_A	105	Picture	stage1_box	4738435	0	1	7550	1	0	next	other	0
MAXED_1031_Day_A	105	Pulse	99	4740000	1565	NA
MAXED_1031_Day_A	106	Picture	stage1_outcome	4745985	0	1	167	1	0	next	other	0
MAXED_1031_Day_A	107	Picture	stage2B	4746152	0	1	6694	1	0	next	false_alarm	409
MAXED_1031_Day_A	107	Response	1	4752795	6643	1
MAXED_1031_Day_A	108	Picture	stage2_box	4752846	0	1	7664	1	0	next	other	0
MAXED_1031_Day_A	108	Pulse	99	4760000	7154	NA
MAXED_1031_Day_A	109	Picture	stage2_up	4760510	0	1	7664	1	0	next	other	0
MAXED_1031_Day_A	110	Picture	stage2_win	4768174	0	1	10163	1	0	next	other	0
MAXED_1031_Day_A	111	Picture	stage1	4778337	0	1	4832	1	0	next	false_alarm	416
MAXED_1031_Day_A	111	Pulse	99	4780000	1663	NA
MAXED_1031_Day_A	111	Response	2	4782996	4659	1
MAXED_1031_Day_A	112	Picture	stage1_box	4783169	0	1	7550	1	0	next	other	0
MAXED_1031_Day_A	113	Picture	stage1_outcome	4790719	0	1	167	1	0	next	other	0
MAXED_1031_Day_A	114	Picture	stage2B	4790886	0	1	6616	1	0	next	false_alarm	420
MAXED_1031_Day_A	114	Response	1	4797451	6565	1
MAXED_1031_Day_A	115	Picture	stage2_box	4797502	0	1	7664	1	0	next	other	0
MAXED_1031_Day_A	115	Pulse	99	4800000	2498	NA
MAXED_1031_Day_A	116	Picture	stage2_up	4805166	0	1	7664	1	0	next	other	0
MAXED_1031_Day_A	117	Picture	stage2_win	4812830	0	1	10163	1	0	next	other	0
MAXED_1031_Day_A	117	Pulse	99	4820000	7170	NA
MAXED_1031_Day_A	118	Picture	stage1	4822993	0	1	3832	1	0	next	false_alarm	427
MAXED_1031_Day_A	118	Response	2	4826704	3712	1
MAXED_1031_Day_A	119	Picture	stage1_box	4826825	0	1	7664	1	0	next	other	0
MAXED_1031_Day_A	120	Picture	stage1_outcome	4834489	0	1	167	1	0	next	other	0
MAXED_1031_Day_A	121	Picture	stage2A	4834656	0	1	20802	1	0	next	false_alarm	432
MAXED_1031_Day_A	121	Pulse	99	4840000	5344	NA
MAXED_1031_Day_A	121	Response	1	4855407	20751	1
MAXED_1031_Day_A	122	Picture	stage2_box	4855457	0	1	7612	1	0	next	other	0
MAXED_1031_Day_A	122	Pulse	99	4860000	4543	NA
MAXED_1031_Day_A	123	Picture	stage2_up	4863069	0	1	7550	1	0	next	other	0
MAXED_1031_Day_A	124	Picture	stage2_lose	4870619	0	1	10051	1	0	next	other	0
MAXED_1031_Day_A	124	Pulse	99	4880000	9381	NA
MAXED_1031_Day_A	125	Picture	stage1	4880671	0	1	10160	1	0	next	false_alarm	439
MAXED_1031_Day_A	125	Response	2	4890764	10093	1
MAXED_1031_Day_A	126	Picture	stage1_box	4890830	0	1	7550	1	0	next	other	0
MAXED_1031_Day_A	127	Picture	stage1_outcome	4898380	0	1	167	1	0	next	other	0
MAXED_1031_Day_A	128	Picture	stage2B	4898547	0	1	8213	1	0	next	false_alarm	444
MAXED_1031_Day_A	128	Pulse	99	4900000	1453	NA
MAXED_1031_Day_A	128	Response	1	4906709	8163	1
MAXED_1031_Day_A	129	Picture	stage2_box	4906760	0	1	7664	1	0	next	other	0
MAXED_1031_Day_A	130	Picture	stage2_up	4914424	0	1	7664	1	0	next	other	0
MAXED_1031_Day_A	130	Pulse	99	4920000	5576	NA
MAXED_1031_Day_A	131	Picture	stage2_win	4922088	0	1	10163	1	0	next	other	0
MAXED_1031_Day_A	132	Picture	stage1	4932251	0	1	6998	1	0	next	false_alarm	450
MAXED_1031_Day_A	132	Response	2	4939190	6939	1
MAXED_1031_Day_A	133	Picture	stage1_box	4939249	0	1	7549	1	0	next	other	0
MAXED_1031_Day_A	133	Pulse	99	4940000	751	NA
MAXED_1031_Day_A	134	Picture	stage1_outcome	4946798	0	1	167	1	0	next	other	0
MAXED_1031_Day_A	135	Picture	stage2B	4946965	0	1	9034	1	0	next	false_alarm	455
MAXED_1031_Day_A	135	Response	1	4955949	8984	1
MAXED_1031_Day_A	136	Picture	stage2_box	4955999	0	1	7664	1	0	next	other	0
MAXED_1031_Day_A	136	Pulse	99	4960000	4001	NA
MAXED_1031_Day_A	137	Picture	stage2_up	4963663	0	1	7664	1	0	next	other	0
MAXED_1031_Day_A	138	Picture	stage2_win	4971327	0	1	10163	1	0	next	other	0
MAXED_1031_Day_A	138	Pulse	99	4980000	8673	NA
MAXED_1031_Day_A	139	Picture	stage1	4981490	0	1	6831	1	0	next	false_alarm	462
MAXED_1031_Day_A	139	Response	2	4988194	6704	1
MAXED_1031_Day_A	140	Picture	stage1_box	4988321	0	1	7550	1	0	next	other	0
MAXED_1031_Day_A	141	Picture	stage1_outcome	4995871	0	1	167	1	0	next	other	0
MAXED_1031_Day_A	142	Picture	stage2B	4996038	0	1	6564	1	0	next	false_alarm	467
MAXED_1031_Day_A	142	Pulse	99	5000000	3962	NA
MAXED_1031_Day_A	142	Response	1	5002476	6439	1
MAXED_1031_Day_A	143	Picture	stage2_box	5002602	0	1	7550	1	0	next	other	0
MAXED_1031_Day_A	144	Picture	stage2_up	5010152	0	1	7550	1	0	next	other	0
MAXED_1031_Day_A	145	Picture	stage2_lose	5017703	0	1	10050	1	0	next	other	0
MAXED_1031_Day_A	145	Pulse	99	5020000	2297	NA
MAXED_1031_Day_A	146	Picture	stage1	5027753	0	1	3354	1	0	next	false_alarm	473
MAXED_1031_Day_A	146	Response	2	5031058	3304	1
MAXED_1031_Day_A	147	Picture	stage1_box	5031107	0	1	7550	1	0	next	other	0
MAXED_1031_Day_A	148	Picture	stage1_outcome	5038657	0	1	167	1	0	next	other	0
MAXED_1031_Day_A	149	Picture	stage2B	5038824	0	1	5480	1	0	next	false_alarm	478
MAXED_1031_Day_A	149	Pulse	99	5040000	1176	NA
MAXED_1031_Day_A	149	Response	2	5044254	5430	1
MAXED_1031_Day_A	150	Picture	stage2_box	5044304	0	1	7664	1	0	next	other	0
MAXED_1031_Day_A	151	Picture	stage2_up	5051968	0	1	7664	1	0	next	other	0
MAXED_1031_Day_A	152	Picture	stage2_lose	5059632	0	1	10051	1	0	next	other	0
MAXED_1031_Day_A	152	Pulse	99	5060000	368	NA
MAXED_1031_Day_A	153	Picture	stage1	5069684	0	1	3150	1	0	next	false_alarm	484
MAXED_1031_Day_A	153	Response	1	5072783	3099	1
MAXED_1031_Day_A	154	Picture	stage1_box	5072833	0	1	7549	1	0	next	other	0
MAXED_1031_Day_A	154	Pulse	99	5080000	7167	NA
MAXED_1031_Day_A	155	Picture	stage1_outcome	5080383	0	1	167	1	0	next	other	0
MAXED_1031_Day_A	156	Picture	stage2B	5080549	0	1	15096	1	0	next	false_alarm	489
MAXED_1031_Day_A	156	Response	2	5095594	15045	1
MAXED_1031_Day_A	157	Picture	stage2_box	5095646	0	1	7664	1	0	next	other	0
MAXED_1031_Day_A	157	Pulse	99	5100000	4354	NA
MAXED_1031_Day_A	158	Picture	stage2_up	5103310	0	1	7664	1	0	next	other	0
MAXED_1031_Day_A	159	Picture	stage2_lose	5110974	0	1	10051	1	0	next	other	0
MAXED_1031_Day_A	159	Pulse	99	5120000	9026	NA
MAXED_1031_Day_A	160	Picture	stage1	5121024	0	1	5469	1	0	next	false_alarm	496
MAXED_1031_Day_A	160	Response	1	5126443	5419	1
MAXED_1031_Day_A	161	Picture	stage1_box	5126494	0	1	7551	1	0	next	other	0
MAXED_1031_Day_A	162	Picture	stage1_outcome	5134044	0	1	167	1	0	next	other	0
MAXED_1031_Day_A	163	Picture	stage2B	5134211	0	1	6220	1	0	next	false_alarm	501
MAXED_1031_Day_A	163	Pulse	99	5140000	5789	NA
MAXED_1031_Day_A	163	Response	1	5140380	6170	1
MAXED_1031_Day_A	164	Picture	stage2_box	5140431	0	1	7664	1	0	next	other	0
MAXED_1031_Day_A	165	Picture	stage2_up	5148095	0	1	7664	1	0	next	other	0
MAXED_1031_Day_A	166	Picture	stage2_win	5155759	0	1	10163	1	0	next	other	0
MAXED_1031_Day_A	166	Pulse	99	5160000	4241	NA
MAXED_1031_Day_A	167	Picture	stage1	5165922	0	1	10830	1	0	next	false_alarm	507
MAXED_1031_Day_A	167	Response	2	5176698	10776	1
MAXED_1031_Day_A	168	Picture	stage1_box	5176752	0	1	7550	1	0	next	other	0
MAXED_1031_Day_A	168	Pulse	99	5180000	3248	NA
MAXED_1031_Day_A	169	Picture	stage1_outcome	5184301	0	1	167	1	0	next	other	0
MAXED_1031_Day_A	170	Picture	stage2B	5184468	0	1	5877	1	0	next	false_alarm	512
MAXED_1031_Day_A	170	Response	1	5190295	5827	1
MAXED_1031_Day_A	171	Picture	stage2_box	5190345	0	1	7664	1	0	next	other	0
MAXED_1031_Day_A	172	Picture	stage2_up	5198009	0	1	7664	1	0	next	other	0
MAXED_1031_Day_A	172	Pulse	99	5200000	1991	NA
MAXED_1031_Day_A	173	Picture	stage2_lose	5205673	0	1	10050	1	0	next	other	0
MAXED_1031_Day_A	174	Picture	stage1	5215724	0	1	3937	1	0	next	false_alarm	518
MAXED_1031_Day_A	174	Response	1	5219611	3887	1
MAXED_1031_Day_A	175	Picture	stage1_box	5219661	0	1	7538	1	0	next	other	0
MAXED_1031_Day_A	175	Pulse	99	5220000	339	NA
MAXED_1031_Day_A	176	Picture	stage1_outcome	5227199	0	1	167	1	0	next	other	0
MAXED_1031_Day_A	177	Picture	stage2A	5227366	0	1	9014	1	0	next	false_alarm	523
MAXED_1031_Day_A	177	Response	2	5236329	8963	1
MAXED_1031_Day_A	178	Picture	stage2_box	5236379	0	1	7550	1	0	next	other	0
MAXED_1031_Day_A	178	Pulse	99	5240000	3621	NA
MAXED_1031_Day_A	179	Picture	stage2_up	5243929	0	1	7550	1	0	next	other	0
MAXED_1031_Day_A	180	Picture	stage2_win	5251480	0	1	10051	1	0	next	other	0
MAXED_1031_Day_A	180	Pulse	99	5260000	8520	NA
MAXED_1031_Day_A	181	Picture	stage1	5261531	0	1	5324	1	0	next	false_alarm	530
MAXED_1031_Day_A	181	Response	1	5266804	5273	1
MAXED_1031_Day_A	182	Picture	stage1_box	5266854	0	1	7551	1	0	next	other	0
MAXED_1031_Day_A	183	Picture	stage1_outcome	5274405	0	1	167	1	0	next	other	0
MAXED_1031_Day_A	184	Picture	stage2A	5274572	0	1	4186	1	0	next	false_alarm	534
MAXED_1031_Day_A	184	Response	2	5278708	4136	1
MAXED_1031_Day_A	185	Picture	stage2_box	5278757	0	1	7551	1	0	next	other	0
MAXED_1031_Day_A	185	Pulse	99	5280000	1243	NA
MAXED_1031_Day_A	186	Picture	stage2_up	5286309	0	1	7551	1	0	next	other	0
MAXED_1031_Day_A	187	Picture	stage2_lose	5293860	0	1	10051	1	0	next	other	0
MAXED_1031_Day_A	187	Pulse	99	5300000	6140	NA
MAXED_1031_Day_A	188	Picture	stage1	5303911	0	1	3711	1	0	next	false_alarm	541
MAXED_1031_Day_A	188	Response	1	5307571	3660	1
MAXED_1031_Day_A	189	Picture	stage1_box	5307622	0	1	7550	1	0	next	other	0
MAXED_1031_Day_A	190	Picture	stage1_outcome	5315172	0	1	167	1	0	next	other	0
MAXED_1031_Day_A	191	Picture	stage2A	5315339	0	1	4137	1	0	next	false_alarm	545
MAXED_1031_Day_A	191	Response	1	5319426	4087	1
MAXED_1031_Day_A	192	Picture	stage2_box	5319476	0	1	7561	1	0	next	other	0
MAXED_1031_Day_A	192	Pulse	99	5320000	524	NA
MAXED_1031_Day_A	193	Picture	stage2_up	5327037	0	1	7551	1	0	next	other	0
MAXED_1031_Day_A	194	Picture	stage2_lose	5334589	0	1	10051	1	0	next	other	0
MAXED_1031_Day_A	194	Pulse	99	5340000	5411	NA
MAXED_1031_Day_A	195	Picture	stage1	5344640	0	1	3450	1	0	next	false_alarm	552
MAXED_1031_Day_A	195	Response	2	5348041	3401	1
MAXED_1031_Day_A	196	Picture	stage1_box	5348090	0	1	7551	1	0	next	other	0
MAXED_1031_Day_A	197	Picture	stage1_outcome	5355641	0	1	167	1	0	next	other	0
MAXED_1031_Day_A	198	Picture	stage2B	5355807	0	1	4719	1	0	next	false_alarm	557
MAXED_1031_Day_A	198	Pulse	99	5360000	4193	NA
MAXED_1031_Day_A	198	Response	1	5360476	4669	1
MAXED_1031_Day_A	199	Picture	stage2_box	5360526	0	1	7664	1	0	next	other	0
MAXED_1031_Day_A	200	Picture	stage2_up	5368190	0	1	7664	1	0	next	other	0
MAXED_1031_Day_A	201	Picture	stage2_lose	5375855	0	1	10051	1	0	next	other	0
MAXED_1031_Day_A	201	Pulse	99	5380000	4146	NA
MAXED_1031_Day_A	202	Picture	stage1	5385905	0	1	2760	1	0	next	false_alarm	563
MAXED_1031_Day_A	202	Response	2	5388614	2709	1
MAXED_1031_Day_A	203	Picture	stage1_box	5388665	0	1	7550	1	0	next	other	0
MAXED_1031_Day_A	204	Picture	stage1_outcome	5396215	0	1	167	1	0	next	other	0
MAXED_1031_Day_A	205	Picture	stage2B	5396382	0	1	4429	1	0	next	false_alarm	568
MAXED_1031_Day_A	205	Pulse	99	5400000	3619	NA
MAXED_1031_Day_A	205	Response	2	5400707	4326	1
MAXED_1031_Day_A	206	Picture	stage2_box	5400810	0	1	7550	1	0	next	other	0
MAXED_1031_Day_A	207	Picture	stage2_up	5408360	0	1	7550	1	0	next	other	0
MAXED_1031_Day_A	208	Picture	stage2_win	5415910	0	1	10163	1	0	next	other	0
MAXED_1031_Day_A	208	Pulse	99	5420000	4090	NA
MAXED_1031_Day_A	209	Picture	stage1	5426074	0	1	3832	1	0	next	false_alarm	574
MAXED_1031_Day_A	209	Response	2	5429798	3725	1
MAXED_1031_Day_A	210	Picture	stage1_box	5429906	0	1	7664	1	0	next	other	0
MAXED_1031_Day_A	211	Picture	stage1_outcome	5437570	0	1	167	1	0	next	other	0
MAXED_1031_Day_A	212	Picture	stage2B	5437736	0	1	5931	1	0	next	false_alarm	579
MAXED_1031_Day_A	212	Pulse	99	5440000	2264	NA
MAXED_1031_Day_A	212	Response	2	5443617	5881	1
MAXED_1031_Day_A	213	Picture	stage2_box	5443668	0	1	7664	1	0	next	other	0
MAXED_1031_Day_A	214	Picture	stage2_up	5451332	0	1	7664	1	0	next	other	0
MAXED_1031_Day_A	215	Picture	stage2_lose	5458996	0	1	10140	1	0	next	other	0
MAXED_1031_Day_A	215	Pulse	99	5460000	1004	NA
MAXED_1031_Day_A	216	Picture	stage1	5469136	0	1	2742	1	0	next	false_alarm	585
MAXED_1031_Day_A	216	Response	1	5471828	2692	1
MAXED_1031_Day_A	217	Picture	stage1_box	5471878	0	1	7550	1	0	next	other	0
MAXED_1031_Day_A	218	Picture	stage1_outcome	5479428	0	1	167	1	0	next	other	0
MAXED_1031_Day_A	219	Picture	stage2A	5479594	0	1	6662	1	0	next	false_alarm	590
MAXED_1031_Day_A	219	Pulse	99	5480000	406	NA
MAXED_1031_Day_A	219	Response	2	5486206	6611	1
MAXED_1031_Day_A	220	Picture	stage2_box	5486256	0	1	7549	1	0	next	other	0
MAXED_1031_Day_A	221	Picture	stage2_up	5493805	0	1	7550	1	0	next	other	0
MAXED_1031_Day_A	221	Pulse	99	5500000	6195	NA
MAXED_1031_Day_A	222	Picture	stage2_win	5501356	0	1	10054	1	0	next	other	0
MAXED_1031_Day_A	223	Pulse	99	5520000	8590	NA
MAXED_1031_Day_A	223	Pulse	99	5540000	28590	NA
MAXED_1031_Day_A	223	Pulse	99	5560000	48590	NA
MAXED_1031_Day_A	223	Response	2	5564457	53047	1
MAXED_1031_Day_A	223	Pulse	99	5580000	68590	NA
MAXED_1031_Day_A	223	Response	88	5587435	76026	1
