Scenario - 
Logfile written - 01/28/2022 18:11:14

Subject	Trial	Event Type	Code	Time	TTime	Uncertainty	Duration	Uncertainty	ReqTime	ReqDur	Stim Type	Pair Index

MAXED_1017_Day_B	0	Pulse	99	0	0	NA
MAXED_1017_Day_B	1	Picture	instructions_1	166	0	1	165167	1	0	next	false_alarm	11
MAXED_1017_Day_B	1	Pulse	99	20000	19834	NA
MAXED_1017_Day_B	1	Pulse	99	40000	39834	NA
MAXED_1017_Day_B	1	Pulse	99	60000	59834	NA
MAXED_1017_Day_B	1	Pulse	99	80000	79834	NA
MAXED_1017_Day_B	1	Pulse	99	100000	99834	NA
MAXED_1017_Day_B	1	Pulse	99	120000	119834	NA
MAXED_1017_Day_B	1	Pulse	99	140000	139834	NA
MAXED_1017_Day_B	1	Pulse	99	160000	159834	NA
MAXED_1017_Day_B	1	Response	88	165121	164955	1
MAXED_1017_Day_B	2	Picture	instructions_2	165334	0	1	188000	1	0	next	false_alarm	22
MAXED_1017_Day_B	2	Pulse	99	180000	14666	NA
MAXED_1017_Day_B	2	Pulse	99	200000	34666	NA
MAXED_1017_Day_B	2	Pulse	99	220000	54666	NA
MAXED_1017_Day_B	2	Pulse	99	240000	74666	NA
MAXED_1017_Day_B	2	Pulse	99	260000	94666	NA
MAXED_1017_Day_B	2	Pulse	99	280000	114666	NA
MAXED_1017_Day_B	2	Pulse	99	300000	134666	NA
MAXED_1017_Day_B	2	Pulse	99	320000	154666	NA
MAXED_1017_Day_B	2	Pulse	99	340000	174666	NA
MAXED_1017_Day_B	2	Response	88	353202	187868	1
MAXED_1017_Day_B	3	Picture	instructions_3	353334	0	1	52500	1	0	next	false_alarm	27
MAXED_1017_Day_B	3	Pulse	99	360000	6666	NA
MAXED_1017_Day_B	3	Pulse	99	380000	26666	NA
MAXED_1017_Day_B	3	Pulse	99	400000	46666	NA
MAXED_1017_Day_B	3	Response	88	405762	52428	1
MAXED_1017_Day_B	4	Picture	instructions_4	405834	0	1	132334	1	0	next	false_alarm	35
MAXED_1017_Day_B	4	Pulse	99	420000	14166	NA
MAXED_1017_Day_B	4	Pulse	99	440000	34166	NA
MAXED_1017_Day_B	4	Pulse	99	460000	54166	NA
MAXED_1017_Day_B	4	Pulse	99	480000	74166	NA
MAXED_1017_Day_B	4	Pulse	99	500000	94166	NA
MAXED_1017_Day_B	4	Pulse	99	520000	114166	NA
MAXED_1017_Day_B	4	Response	88	538082	132248	1
MAXED_1017_Day_B	5	Picture	instructions_5	538168	0	1	62167	1	0	next	false_alarm	41
MAXED_1017_Day_B	5	Pulse	99	540000	1832	NA
MAXED_1017_Day_B	5	Pulse	99	560000	21832	NA
MAXED_1017_Day_B	5	Pulse	99	580000	41832	NA
MAXED_1017_Day_B	5	Pulse	99	600000	61832	NA
MAXED_1017_Day_B	5	Response	88	600162	61994	1
MAXED_1017_Day_B	6	Picture	instructions_6	600335	0	1	27167	1	0	next	false_alarm	44
MAXED_1017_Day_B	6	Pulse	99	620000	19665	NA
MAXED_1017_Day_B	6	Response	88	627282	26947	1
MAXED_1017_Day_B	7	Picture	instructions_7	627501	0	1	130834	1	0	next	false_alarm	52
MAXED_1017_Day_B	7	Pulse	99	640000	12499	NA
MAXED_1017_Day_B	7	Pulse	99	660000	32499	NA
MAXED_1017_Day_B	7	Pulse	99	680000	52499	NA
MAXED_1017_Day_B	7	Pulse	99	700000	72499	NA
MAXED_1017_Day_B	7	Pulse	99	720000	92499	NA
MAXED_1017_Day_B	7	Pulse	99	740000	112499	NA
MAXED_1017_Day_B	7	Response	88	758241	130740	1
MAXED_1017_Day_B	8	Picture	instructions_8	758335	0	1	67667	1	0	next	false_alarm	58
MAXED_1017_Day_B	8	Pulse	99	760000	1665	NA
MAXED_1017_Day_B	8	Pulse	99	780000	21665	NA
MAXED_1017_Day_B	8	Pulse	99	800000	41665	NA
MAXED_1017_Day_B	8	Pulse	99	820000	61665	NA
MAXED_1017_Day_B	8	Response	88	825842	67507	1
MAXED_1017_Day_B	9	Picture	instructions_9	826002	0	1	36167	1	0	next	false_alarm	62
MAXED_1017_Day_B	9	Pulse	99	840000	13998	NA
MAXED_1017_Day_B	9	Pulse	99	860000	33998	NA
MAXED_1017_Day_B	9	Response	88	862002	36000	1
MAXED_1017_Day_B	10	Picture	instructions_10	862169	0	1	83500	1	0	next	false_alarm	68
MAXED_1017_Day_B	10	Pulse	99	880000	17831	NA
MAXED_1017_Day_B	10	Pulse	99	900000	37831	NA
MAXED_1017_Day_B	10	Pulse	99	920000	57831	NA
MAXED_1017_Day_B	10	Pulse	99	940000	77831	NA
MAXED_1017_Day_B	10	Response	88	945522	83354	1
MAXED_1017_Day_B	11	Picture	instructions_11	945669	0	1	83167	1	0	next	false_alarm	74
MAXED_1017_Day_B	11	Pulse	99	960000	14331	NA
MAXED_1017_Day_B	11	Pulse	99	980000	34331	NA
MAXED_1017_Day_B	11	Pulse	99	1000000	54331	NA
MAXED_1017_Day_B	11	Pulse	99	1020000	74331	NA
MAXED_1017_Day_B	11	Response	88	1028642	82974	1
MAXED_1017_Day_B	12	Picture	instructions_12	1028836	0	1	94000	1	0	next	false_alarm	81
MAXED_1017_Day_B	12	Pulse	99	1040000	11164	NA
MAXED_1017_Day_B	12	Pulse	99	1060000	31164	NA
MAXED_1017_Day_B	12	Pulse	99	1080000	51164	NA
MAXED_1017_Day_B	12	Pulse	99	1100000	71164	NA
MAXED_1017_Day_B	12	Pulse	99	1120000	91164	NA
MAXED_1017_Day_B	12	Response	88	1122643	93807	1
MAXED_1017_Day_B	13	Picture	instructions_13	1122836	0	1	76167	1	0	next	false_alarm	86
MAXED_1017_Day_B	13	Pulse	99	1140000	17164	NA
MAXED_1017_Day_B	13	Pulse	99	1160000	37164	NA
MAXED_1017_Day_B	13	Pulse	99	1180000	57164	NA
MAXED_1017_Day_B	13	Response	88	1198803	75967	1
MAXED_1017_Day_B	14	Picture	instructions_14	1199003	0	1	23500	1	0	next	false_alarm	90
MAXED_1017_Day_B	14	Pulse	99	1200000	997	NA
MAXED_1017_Day_B	14	Pulse	99	1220000	20997	NA
MAXED_1017_Day_B	14	Response	88	1222403	23400	1
MAXED_1017_Day_B	15	Picture	instructions_15	1222503	0	1	72500	1	0	next	false_alarm	95
MAXED_1017_Day_B	15	Pulse	99	1240000	17497	NA
MAXED_1017_Day_B	15	Pulse	99	1260000	37497	NA
MAXED_1017_Day_B	15	Pulse	99	1280000	57497	NA
MAXED_1017_Day_B	15	Response	88	1294803	72300	1
MAXED_1017_Day_B	16	Picture	instructions_16	1295003	0	1	46667	1	0	next	false_alarm	100
MAXED_1017_Day_B	16	Pulse	99	1300000	4997	NA
MAXED_1017_Day_B	16	Pulse	99	1320000	24997	NA
MAXED_1017_Day_B	16	Pulse	99	1340000	44997	NA
MAXED_1017_Day_B	16	Response	88	1341603	46600	1
MAXED_1017_Day_B	17	Picture	instructions_17	1341670	0	1	17000	1	0	next	false_alarm	102
MAXED_1017_Day_B	17	Response	88	1358483	16813	1
MAXED_1017_Day_B	18	Picture	instructions_18	1358670	0	1	61500	1	0	next	false_alarm	108
MAXED_1017_Day_B	18	Pulse	99	1360000	1330	NA
MAXED_1017_Day_B	18	Pulse	99	1380000	21330	NA
MAXED_1017_Day_B	18	Pulse	99	1400000	41330	NA
MAXED_1017_Day_B	18	Pulse	99	1420000	61330	NA
MAXED_1017_Day_B	18	Response	88	1420003	61333	1
MAXED_1017_Day_B	19	Picture	instructions_19	1420170	0	1	85667	1	0	next	false_alarm	114
MAXED_1017_Day_B	19	Pulse	99	1440000	19830	NA
MAXED_1017_Day_B	19	Pulse	99	1460000	39830	NA
MAXED_1017_Day_B	19	Pulse	99	1480000	59830	NA
MAXED_1017_Day_B	19	Pulse	99	1500000	79830	NA
MAXED_1017_Day_B	19	Response	88	1505683	85513	1
MAXED_1017_Day_B	20	Picture	instructions_20	1505837	0	1	78500	1	0	next	false_alarm	120
MAXED_1017_Day_B	20	Pulse	99	1520000	14163	NA
MAXED_1017_Day_B	20	Pulse	99	1540000	34163	NA
MAXED_1017_Day_B	20	Pulse	99	1560000	54163	NA
MAXED_1017_Day_B	20	Pulse	99	1580000	74163	NA
MAXED_1017_Day_B	20	Response	88	1584243	78406	1
MAXED_1017_Day_B	21	Picture	instructions_21	1584337	0	1	75834	1	0	next	false_alarm	126
MAXED_1017_Day_B	21	Pulse	99	1600000	15663	NA
MAXED_1017_Day_B	21	Pulse	99	1620000	35663	NA
MAXED_1017_Day_B	21	Pulse	99	1640000	55663	NA
MAXED_1017_Day_B	21	Pulse	99	1660000	75663	NA
MAXED_1017_Day_B	21	Response	88	1660004	75666	1
MAXED_1017_Day_B	22	Picture	instructions_22	1660171	0	1	21333	1	0	next	false_alarm	129
MAXED_1017_Day_B	22	Pulse	99	1680000	19829	NA
MAXED_1017_Day_B	22	Response	88	1681443	21273	1
MAXED_1017_Day_B	23	Picture	instructions_23	1681504	0	1	58333	1	0	next	false_alarm	133
MAXED_1017_Day_B	23	Pulse	99	1700000	18496	NA
MAXED_1017_Day_B	23	Pulse	99	1720000	38496	NA
MAXED_1017_Day_B	23	Response	88	1739764	58259	1
MAXED_1017_Day_B	24	Picture	instructions_24	1739838	0	1	113834	1	0	next	false_alarm	141
MAXED_1017_Day_B	24	Pulse	99	1740000	162	NA
MAXED_1017_Day_B	24	Pulse	99	1760000	20162	NA
MAXED_1017_Day_B	24	Pulse	99	1780000	40162	NA
MAXED_1017_Day_B	24	Pulse	99	1800000	60162	NA
MAXED_1017_Day_B	24	Pulse	99	1820000	80162	NA
MAXED_1017_Day_B	24	Pulse	99	1840000	100162	NA
MAXED_1017_Day_B	24	Response	88	1853604	113766	1
MAXED_1017_Day_B	25	Picture	instructions_25	1853671	0	1	48667	1	0	next	false_alarm	146
MAXED_1017_Day_B	25	Pulse	99	1860000	6329	NA
MAXED_1017_Day_B	25	Pulse	99	1880000	26329	NA
MAXED_1017_Day_B	25	Pulse	99	1900000	46329	NA
MAXED_1017_Day_B	25	Response	88	1902244	48573	1
MAXED_1017_Day_B	26	Picture	instructions_26	1902338	0	1	66834	1	0	next	false_alarm	151
MAXED_1017_Day_B	26	Pulse	99	1920000	17662	NA
MAXED_1017_Day_B	26	Pulse	99	1940000	37662	NA
MAXED_1017_Day_B	26	Pulse	99	1960000	57662	NA
MAXED_1017_Day_B	26	Response	88	1969044	66706	1
MAXED_1017_Day_B	27	Picture	instructions_27	1969172	0	1	48667	1	0	next	false_alarm	155
MAXED_1017_Day_B	27	Pulse	99	1980000	10828	NA
MAXED_1017_Day_B	27	Pulse	99	2000000	30828	NA
MAXED_1017_Day_B	27	Response	88	2017684	48512	1
MAXED_1017_Day_B	28	Picture	instructions_28	2017838	0	1	41833	1	0	next	false_alarm	159
MAXED_1017_Day_B	28	Pulse	99	2020000	2162	NA
MAXED_1017_Day_B	28	Pulse	99	2040000	22162	NA
MAXED_1017_Day_B	28	Response	88	2059524	41686	1
MAXED_1017_Day_B	29	Picture	instructions_29	2059672	0	1	57833	1	0	next	false_alarm	164
MAXED_1017_Day_B	29	Pulse	99	2060000	328	NA
MAXED_1017_Day_B	29	Pulse	99	2080000	20328	NA
MAXED_1017_Day_B	29	Pulse	99	2100000	40328	NA
MAXED_1017_Day_B	29	Response	88	2117444	57772	1
MAXED_1017_Day_B	30	Picture	instructions_30	2117505	0	1	108500	1	0	next	false_alarm	172
MAXED_1017_Day_B	30	Pulse	99	2120000	2495	NA
MAXED_1017_Day_B	30	Pulse	99	2140000	22495	NA
MAXED_1017_Day_B	30	Pulse	99	2160000	42495	NA
MAXED_1017_Day_B	30	Pulse	99	2180000	62495	NA
MAXED_1017_Day_B	30	Pulse	99	2200000	82495	NA
MAXED_1017_Day_B	30	Pulse	99	2220000	102495	NA
MAXED_1017_Day_B	30	Response	88	2225924	108419	1
MAXED_1017_Day_B	31	Picture	instructions_31	2226006	0	1	60667	1	0	next	false_alarm	177
MAXED_1017_Day_B	31	Pulse	99	2240000	13994	NA
MAXED_1017_Day_B	31	Pulse	99	2260000	33994	NA
MAXED_1017_Day_B	31	Pulse	99	2280000	53994	NA
MAXED_1017_Day_B	31	Response	88	2286484	60479	1
MAXED_1017_Day_B	32	Picture	instructions_32	2286672	0	1	88167	1	0	next	false_alarm	183
MAXED_1017_Day_B	32	Pulse	99	2300000	13328	NA
MAXED_1017_Day_B	32	Pulse	99	2320000	33328	NA
MAXED_1017_Day_B	32	Pulse	99	2340000	53328	NA
MAXED_1017_Day_B	32	Pulse	99	2360000	73328	NA
MAXED_1017_Day_B	32	Response	88	2374724	88052	1
MAXED_1017_Day_B	33	Picture	instructions_33	2374839	0	1	54167	1	0	next	false_alarm	188
MAXED_1017_Day_B	33	Pulse	99	2380000	5161	NA
MAXED_1017_Day_B	33	Pulse	99	2400000	25161	NA
MAXED_1017_Day_B	33	Pulse	99	2420000	45161	NA
MAXED_1017_Day_B	33	Response	88	2428884	54045	1
MAXED_1017_Day_B	34	Picture	instructions_34	2429006	0	1	66334	1	0	next	false_alarm	193
MAXED_1017_Day_B	34	Pulse	99	2440000	10994	NA
MAXED_1017_Day_B	34	Pulse	99	2460000	30994	NA
MAXED_1017_Day_B	34	Pulse	99	2480000	50994	NA
MAXED_1017_Day_B	34	Response	88	2495124	66118	1
MAXED_1017_Day_B	35	Picture	instructions_35	2495340	0	1	75500	1	0	next	false_alarm	199
MAXED_1017_Day_B	35	Pulse	99	2500000	4660	NA
MAXED_1017_Day_B	35	Pulse	99	2520000	24660	NA
MAXED_1017_Day_B	35	Pulse	99	2540000	44660	NA
MAXED_1017_Day_B	35	Pulse	99	2560000	64660	NA
MAXED_1017_Day_B	35	Response	88	2570725	75385	1
MAXED_1017_Day_B	36	Picture	instructions_36	2570840	0	1	62667	1	0	next	false_alarm	204
MAXED_1017_Day_B	36	Pulse	99	2580000	9160	NA
MAXED_1017_Day_B	36	Pulse	99	2600000	29160	NA
MAXED_1017_Day_B	36	Pulse	99	2620000	49160	NA
MAXED_1017_Day_B	36	Response	88	2633365	62525	1
MAXED_1017_Day_B	37	Picture	instructions_37	2633507	0	1	33667	1	0	next	false_alarm	208
MAXED_1017_Day_B	37	Pulse	99	2640000	6493	NA
MAXED_1017_Day_B	37	Pulse	99	2660000	26493	NA
MAXED_1017_Day_B	37	Response	88	2667125	33618	1
MAXED_1017_Day_B	38	Picture	instructions_38	2667173	0	1	38500	1	0	next	false_alarm	212
MAXED_1017_Day_B	38	Pulse	99	2680000	12827	NA
MAXED_1017_Day_B	38	Pulse	99	2700000	32827	NA
MAXED_1017_Day_B	38	Response	88	2705605	38432	1
MAXED_1017_Day_B	39	Picture	instructions_39	2705674	0	1	177834	1	0	next	false_alarm	223
MAXED_1017_Day_B	39	Pulse	99	2720000	14326	NA
MAXED_1017_Day_B	39	Pulse	99	2740000	34326	NA
MAXED_1017_Day_B	39	Pulse	99	2760000	54326	NA
MAXED_1017_Day_B	39	Pulse	99	2780000	74326	NA
MAXED_1017_Day_B	39	Pulse	99	2800000	94326	NA
MAXED_1017_Day_B	39	Pulse	99	2820000	114326	NA
MAXED_1017_Day_B	39	Pulse	99	2840000	134326	NA
MAXED_1017_Day_B	39	Pulse	99	2860000	154326	NA
MAXED_1017_Day_B	39	Pulse	99	2880000	174326	NA
MAXED_1017_Day_B	39	Response	88	2883365	177692	1
MAXED_1017_Day_B	40	Picture	instructions_40	2883507	0	1	41500	1	0	next	false_alarm	227
MAXED_1017_Day_B	40	Pulse	99	2900000	16493	NA
MAXED_1017_Day_B	40	Pulse	99	2920000	36493	NA
MAXED_1017_Day_B	40	Response	88	2924805	41298	1
MAXED_1017_Day_B	41	Picture	instructions_41	2925007	0	1	42667	1	0	next	false_alarm	231
MAXED_1017_Day_B	41	Pulse	99	2940000	14993	NA
MAXED_1017_Day_B	41	Pulse	99	2960000	34993	NA
MAXED_1017_Day_B	41	Response	88	2967605	42597	1
MAXED_1017_Day_B	42	Picture	instructions_42	2967674	0	1	93334	1	0	next	false_alarm	238
MAXED_1017_Day_B	42	Pulse	99	2980000	12326	NA
MAXED_1017_Day_B	42	Pulse	99	3000000	32326	NA
MAXED_1017_Day_B	42	Pulse	99	3020000	52326	NA
MAXED_1017_Day_B	42	Pulse	99	3040000	72326	NA
MAXED_1017_Day_B	42	Pulse	99	3060000	92326	NA
MAXED_1017_Day_B	42	Response	88	3060886	93211	1
MAXED_1017_Day_B	43	Picture	instructions_43	3061008	0	1	85667	1	0	next	false_alarm	244
MAXED_1017_Day_B	43	Pulse	99	3080000	18992	NA
MAXED_1017_Day_B	43	Pulse	99	3100000	38992	NA
MAXED_1017_Day_B	43	Pulse	99	3120000	58992	NA
MAXED_1017_Day_B	43	Pulse	99	3140000	78992	NA
MAXED_1017_Day_B	43	Response	88	3146566	85558	1
MAXED_1017_Day_B	44	Picture	instructions_44	3146675	0	1	68834	1	0	next	false_alarm	249
MAXED_1017_Day_B	44	Pulse	99	3160000	13325	NA
MAXED_1017_Day_B	44	Pulse	99	3180000	33325	NA
MAXED_1017_Day_B	44	Pulse	99	3200000	53325	NA
MAXED_1017_Day_B	44	Response	88	3215366	68691	1
MAXED_1017_Day_B	45	Picture	instructions_45	3215508	0	1	83167	1	0	next	false_alarm	255
MAXED_1017_Day_B	45	Pulse	99	3220000	4492	NA
MAXED_1017_Day_B	45	Pulse	99	3240000	24492	NA
MAXED_1017_Day_B	45	Pulse	99	3260000	44492	NA
MAXED_1017_Day_B	45	Pulse	99	3280000	64492	NA
MAXED_1017_Day_B	45	Response	88	3298486	82978	1
MAXED_1017_Day_B	46	Picture	instructions_46	3298675	0	1	36667	1	0	next	false_alarm	259
MAXED_1017_Day_B	46	Pulse	99	3300000	1325	NA
MAXED_1017_Day_B	46	Pulse	99	3320000	21325	NA
MAXED_1017_Day_B	46	Response	88	3335206	36531	1
MAXED_1017_Day_B	47	Picture	fixation	3335342	0	1	5167	1	0	next	other	0
MAXED_1017_Day_B	47	Pulse	99	3340000	4658	NA
MAXED_1017_Day_B	48	Picture	stage1	3340509	0	1	18333	1	0	next	false_alarm	263
MAXED_1017_Day_B	48	Response	1	3358646	18137	1
MAXED_1017_Day_B	49	Picture	stage1_box	3358842	0	1	7667	1	0	next	other	0
MAXED_1017_Day_B	49	Pulse	99	3360000	1158	NA
MAXED_1017_Day_B	50	Picture	stage1_outcome	3366509	0	1	167	1	0	next	other	0
MAXED_1017_Day_B	51	Picture	stage2B	3366675	0	1	60333	1	0	next	false_alarm	271
MAXED_1017_Day_B	51	Pulse	99	3380000	13325	NA
MAXED_1017_Day_B	51	Pulse	99	3400000	33325	NA
MAXED_1017_Day_B	51	Pulse	99	3420000	53325	NA
MAXED_1017_Day_B	51	Response	2	3426886	60211	1
MAXED_1017_Day_B	52	Picture	stage2_box	3427009	0	1	7667	1	0	next	other	0
MAXED_1017_Day_B	53	Picture	stage2_up	3434675	0	1	7667	1	0	next	other	0
MAXED_1017_Day_B	53	Pulse	99	3440000	5325	NA
MAXED_1017_Day_B	54	Picture	stage2_win	3442342	0	1	10167	1	0	next	other	0
MAXED_1017_Day_B	55	Picture	stage1	3452509	0	1	10667	1	0	next	false_alarm	278
MAXED_1017_Day_B	55	Pulse	99	3460000	7491	NA
MAXED_1017_Day_B	55	Response	2	3463126	10617	1
MAXED_1017_Day_B	56	Picture	stage1_box	3463176	0	1	7667	1	0	next	other	0
MAXED_1017_Day_B	57	Picture	stage1_outcome	3470842	0	1	167	1	0	next	other	0
MAXED_1017_Day_B	58	Picture	stage2B	3471009	0	1	25667	1	0	next	false_alarm	283
MAXED_1017_Day_B	58	Pulse	99	3480000	8991	NA
MAXED_1017_Day_B	58	Response	2	3496646	25637	1
MAXED_1017_Day_B	59	Picture	stage2_box	3496676	0	1	7667	1	0	next	other	0
MAXED_1017_Day_B	59	Pulse	99	3500000	3324	NA
MAXED_1017_Day_B	60	Picture	stage2_up	3504342	0	1	7667	1	0	next	other	0
MAXED_1017_Day_B	61	Picture	stage2_lose	3512009	0	1	10167	1	0	next	other	0
MAXED_1017_Day_B	61	Pulse	99	3520000	7991	NA
MAXED_1017_Day_B	62	Picture	stage1	3522176	0	1	22833	1	0	next	false_alarm	291
MAXED_1017_Day_B	62	Pulse	99	3540000	17824	NA
MAXED_1017_Day_B	62	Response	2	3544886	22710	1
MAXED_1017_Day_B	63	Picture	stage1_box	3545009	0	1	7667	1	0	next	other	0
MAXED_1017_Day_B	64	Picture	stage1_outcome	3552676	0	1	167	1	0	next	other	0
MAXED_1017_Day_B	65	Picture	stage2B	3552842	0	1	9000	1	0	next	false_alarm	296
MAXED_1017_Day_B	65	Pulse	99	3560000	7158	NA
MAXED_1017_Day_B	65	Response	1	3561766	8923	1
MAXED_1017_Day_B	66	Picture	stage2_box	3561842	0	1	7667	1	0	next	other	0
MAXED_1017_Day_B	67	Picture	stage2_up	3569509	0	1	7667	1	0	next	other	0
MAXED_1017_Day_B	68	Picture	stage2_win	3577176	0	1	10167	1	0	next	other	0
MAXED_1017_Day_B	68	Pulse	99	3580000	2824	NA
MAXED_1017_Day_B	69	Picture	stage1	3587343	0	1	5333	1	0	next	false_alarm	302
MAXED_1017_Day_B	69	Response	2	3592646	5303	1
MAXED_1017_Day_B	70	Picture	stage1_box	3592676	0	1	7667	1	0	next	other	0
MAXED_1017_Day_B	70	Pulse	99	3600000	7324	NA
MAXED_1017_Day_B	71	Picture	stage1_outcome	3600343	0	1	167	1	0	next	other	0
MAXED_1017_Day_B	72	Picture	stage2A	3600509	0	1	26333	1	0	next	false_alarm	308
MAXED_1017_Day_B	72	Pulse	99	3620000	19491	NA
MAXED_1017_Day_B	72	Response	1	3626646	26137	1
MAXED_1017_Day_B	73	Picture	stage2_box	3626843	0	1	7667	1	0	next	other	0
MAXED_1017_Day_B	74	Picture	stage2_up	3634509	0	1	7667	1	0	next	other	0
MAXED_1017_Day_B	74	Pulse	99	3640000	5491	NA
MAXED_1017_Day_B	75	Picture	stage2_win	3642176	0	1	10167	1	0	next	other	0
MAXED_1017_Day_B	76	Picture	stage1	3652343	0	1	21333	1	0	next	false_alarm	315
MAXED_1017_Day_B	76	Pulse	99	3660000	7657	NA
MAXED_1017_Day_B	76	Response	2	3673606	21263	1
MAXED_1017_Day_B	77	Picture	stage1_box	3673676	0	1	7667	1	0	next	other	0
MAXED_1017_Day_B	77	Pulse	99	3680000	6324	NA
MAXED_1017_Day_B	78	Picture	stage1_outcome	3681343	0	1	167	1	0	next	other	0
MAXED_1017_Day_B	79	Picture	stage2A	3681509	0	1	8833	1	0	next	false_alarm	320
MAXED_1017_Day_B	79	Response	1	3690246	8737	1
MAXED_1017_Day_B	80	Picture	stage2_box	3690343	0	1	7667	1	0	next	other	0
MAXED_1017_Day_B	81	Picture	stage2_up	3698010	0	1	7667	1	0	next	other	0
MAXED_1017_Day_B	81	Pulse	99	3700000	1990	NA
MAXED_1017_Day_B	82	Picture	stage2_win	3705676	0	1	10167	1	0	next	other	0
MAXED_1017_Day_B	83	Picture	stage1	3715843	0	1	12667	1	0	next	false_alarm	327
MAXED_1017_Day_B	83	Pulse	99	3720000	4157	NA
MAXED_1017_Day_B	83	Response	2	3728406	12563	1
MAXED_1017_Day_B	84	Picture	stage1_box	3728510	0	1	7667	1	0	next	other	0
MAXED_1017_Day_B	85	Picture	stage1_outcome	3736176	0	1	167	1	0	next	other	0
MAXED_1017_Day_B	86	Picture	stage2B	3736343	0	1	26833	1	0	next	false_alarm	333
MAXED_1017_Day_B	86	Pulse	99	3740000	3657	NA
MAXED_1017_Day_B	86	Pulse	99	3760000	23657	NA
MAXED_1017_Day_B	86	Response	1	3763046	26703	1
MAXED_1017_Day_B	87	Picture	stage2_box	3763176	0	1	7667	1	0	next	other	0
MAXED_1017_Day_B	88	Picture	stage2_up	3770843	0	1	7667	1	0	next	other	0
MAXED_1017_Day_B	89	Picture	stage2_lose	3778510	0	1	10167	1	0	next	other	0
MAXED_1017_Day_B	89	Pulse	99	3780000	1490	NA
MAXED_1017_Day_B	90	Picture	stage1	3788676	0	1	10333	1	0	next	false_alarm	339
MAXED_1017_Day_B	90	Response	2	3798966	10290	1
MAXED_1017_Day_B	91	Picture	stage1_box	3799010	0	1	7667	1	0	next	other	0
MAXED_1017_Day_B	91	Pulse	99	3800000	990	NA
MAXED_1017_Day_B	92	Picture	stage1_outcome	3806676	0	1	167	1	0	next	other	0
MAXED_1017_Day_B	93	Picture	stage2B	3806843	0	1	7833	1	0	next	false_alarm	344
MAXED_1017_Day_B	93	Response	2	3814646	7803	1
MAXED_1017_Day_B	94	Picture	stage2_box	3814676	0	1	7667	1	0	next	other	0
MAXED_1017_Day_B	94	Pulse	99	3820000	5324	NA
MAXED_1017_Day_B	95	Picture	stage2_up	3822343	0	1	7667	1	0	next	other	0
MAXED_1017_Day_B	96	Picture	stage2_lose	3830010	0	1	10167	1	0	next	other	0
MAXED_1017_Day_B	96	Pulse	99	3840000	9990	NA
MAXED_1017_Day_B	97	Picture	stage1	3840177	0	1	3833	1	0	next	false_alarm	351
MAXED_1017_Day_B	97	Response	1	3843846	3670	1
MAXED_1017_Day_B	98	Picture	stage1_box	3844010	0	1	7667	1	0	next	other	0
MAXED_1017_Day_B	99	Picture	stage1_outcome	3851677	0	1	167	1	0	next	other	0
MAXED_1017_Day_B	100	Picture	stage2B	3851843	0	1	28333	1	0	next	false_alarm	357
MAXED_1017_Day_B	100	Pulse	99	3860000	8157	NA
MAXED_1017_Day_B	100	Pulse	99	3880000	28157	NA
MAXED_1017_Day_B	100	Response	2	3880086	28243	1
MAXED_1017_Day_B	101	Picture	stage2_box	3880177	0	1	7667	1	0	next	other	0
MAXED_1017_Day_B	102	Picture	stage2_up	3887843	0	1	7667	1	0	next	other	0
MAXED_1017_Day_B	103	Picture	stage2_lose	3895510	0	1	10167	1	0	next	other	0
MAXED_1017_Day_B	103	Pulse	99	3900000	4490	NA
MAXED_1017_Day_B	104	Picture	stage1	3905677	0	1	5000	1	0	next	false_alarm	363
MAXED_1017_Day_B	104	Response	1	3910647	4970	1
MAXED_1017_Day_B	105	Picture	stage1_box	3910677	0	1	7667	1	0	next	other	0
MAXED_1017_Day_B	106	Picture	stage1_outcome	3918343	0	1	167	1	0	next	other	0
MAXED_1017_Day_B	107	Picture	stage2B	3918510	0	1	15333	1	0	next	false_alarm	368
MAXED_1017_Day_B	107	Pulse	99	3920000	1490	NA
MAXED_1017_Day_B	107	Response	1	3933687	15177	1
MAXED_1017_Day_B	108	Picture	stage2_box	3933843	0	1	7667	1	0	next	other	0
MAXED_1017_Day_B	108	Pulse	99	3940000	6157	NA
MAXED_1017_Day_B	109	Picture	stage2_up	3941510	0	1	7667	1	0	next	other	0
MAXED_1017_Day_B	110	Picture	stage2_lose	3949177	0	1	10167	1	0	next	other	0
MAXED_1017_Day_B	111	Picture	stage1	3959344	0	1	3167	1	0	next	false_alarm	375
MAXED_1017_Day_B	111	Pulse	99	3960000	656	NA
MAXED_1017_Day_B	111	Response	1	3962406	3063	1
MAXED_1017_Day_B	112	Picture	stage1_box	3962510	0	1	7667	1	0	next	other	0
MAXED_1017_Day_B	113	Picture	stage1_outcome	3970177	0	1	167	1	0	next	other	0
MAXED_1017_Day_B	114	Picture	stage2B	3970344	0	1	10167	1	0	next	false_alarm	380
MAXED_1017_Day_B	114	Pulse	99	3980000	9656	NA
MAXED_1017_Day_B	114	Response	2	3980326	9983	1
MAXED_1017_Day_B	115	Picture	stage2_box	3980510	0	1	7667	1	0	next	other	0
MAXED_1017_Day_B	116	Picture	stage2_up	3988177	0	1	7667	1	0	next	other	0
MAXED_1017_Day_B	117	Picture	stage2_lose	3995844	0	1	10167	1	0	next	false_alarm	384
MAXED_1017_Day_B	117	Response	2	3998327	2483	1
MAXED_1017_Day_B	117	Pulse	99	4000000	4156	NA
MAXED_1017_Day_B	118	Picture	stage1	4006010	0	1	3833	1	0	next	false_alarm	387
MAXED_1017_Day_B	118	Response	2	4009687	3677	1
MAXED_1017_Day_B	119	Picture	stage1_box	4009844	0	1	7667	1	0	next	other	0
MAXED_1017_Day_B	120	Picture	stage1_outcome	4017510	0	1	167	1	0	next	other	0
MAXED_1017_Day_B	121	Picture	stage2B	4017677	0	1	22833	1	0	next	false_alarm	393
MAXED_1017_Day_B	121	Pulse	99	4020000	2323	NA
MAXED_1017_Day_B	121	Pulse	99	4040000	22323	NA
MAXED_1017_Day_B	121	Response	2	4040407	22730	1
MAXED_1017_Day_B	122	Picture	stage2_box	4040510	0	1	7667	1	0	next	other	0
MAXED_1017_Day_B	123	Picture	stage2_up	4048177	0	1	7667	1	0	next	other	0
MAXED_1017_Day_B	124	Picture	stage2_lose	4055844	0	1	10167	1	0	next	other	0
MAXED_1017_Day_B	124	Pulse	99	4060000	4156	NA
MAXED_1017_Day_B	125	Picture	stage1	4066010	0	1	2500	1	0	next	false_alarm	399
MAXED_1017_Day_B	125	Response	2	4068407	2396	1
MAXED_1017_Day_B	126	Picture	stage1_box	4068510	0	1	7667	1	0	next	other	0
MAXED_1017_Day_B	127	Picture	stage1_outcome	4076177	0	1	167	1	0	next	other	0
MAXED_1017_Day_B	128	Picture	stage2B	4076344	0	1	18333	1	0	next	false_alarm	404
MAXED_1017_Day_B	128	Pulse	99	4080000	3656	NA
MAXED_1017_Day_B	128	Response	1	4094567	18223	1
MAXED_1017_Day_B	129	Picture	stage2_box	4094677	0	1	7667	1	0	next	other	0
MAXED_1017_Day_B	129	Pulse	99	4100000	5323	NA
MAXED_1017_Day_B	130	Picture	stage2_up	4102344	0	1	7667	1	0	next	other	0
MAXED_1017_Day_B	131	Picture	stage2_win	4110011	0	1	10167	1	0	next	other	0
MAXED_1017_Day_B	131	Pulse	99	4120000	9989	NA
MAXED_1017_Day_B	132	Picture	stage1	4120177	0	1	7833	1	0	next	false_alarm	411
MAXED_1017_Day_B	132	Response	1	4127847	7670	1
MAXED_1017_Day_B	133	Picture	stage1_box	4128011	0	1	7667	1	0	next	other	0
MAXED_1017_Day_B	134	Picture	stage1_outcome	4135677	0	1	167	1	0	next	other	0
MAXED_1017_Day_B	135	Picture	stage2A	4135844	0	1	4833	1	0	next	false_alarm	416
MAXED_1017_Day_B	135	Pulse	99	4140000	4156	NA
MAXED_1017_Day_B	135	Response	1	4140567	4723	1
MAXED_1017_Day_B	136	Picture	stage2_box	4140677	0	1	7667	1	0	next	other	0
MAXED_1017_Day_B	137	Picture	stage2_up	4148344	0	1	7667	1	0	next	other	0
MAXED_1017_Day_B	138	Picture	stage2_lose	4156011	0	1	10167	1	0	next	other	0
MAXED_1017_Day_B	138	Pulse	99	4160000	3989	NA
MAXED_1017_Day_B	139	Picture	stage1	4166177	0	1	2500	1	0	next	false_alarm	422
MAXED_1017_Day_B	139	Response	1	4168567	2390	1
MAXED_1017_Day_B	140	Picture	stage1_box	4168677	0	1	7667	1	0	next	other	0
MAXED_1017_Day_B	141	Picture	stage1_outcome	4176344	0	1	167	1	0	next	other	0
MAXED_1017_Day_B	142	Picture	stage2A	4176511	0	1	3500	1	0	next	false_alarm	426
MAXED_1017_Day_B	142	Response	2	4179847	3336	1
MAXED_1017_Day_B	142	Pulse	99	4180000	3489	NA
MAXED_1017_Day_B	143	Picture	stage2_box	4180011	0	1	7667	1	0	next	other	0
MAXED_1017_Day_B	144	Picture	stage2_up	4187677	0	1	7667	1	0	next	other	0
MAXED_1017_Day_B	145	Picture	stage2_win	4195344	0	1	10167	1	0	next	other	0
MAXED_1017_Day_B	145	Pulse	99	4200000	4656	NA
MAXED_1017_Day_B	146	Picture	stage1	4205511	0	1	3833	1	0	next	false_alarm	433
MAXED_1017_Day_B	146	Response	1	4209207	3696	1
MAXED_1017_Day_B	147	Picture	stage1_box	4209344	0	1	7667	1	0	next	other	0
MAXED_1017_Day_B	148	Picture	stage1_outcome	4217011	0	1	167	1	0	next	other	0
MAXED_1017_Day_B	149	Picture	stage2B	4217178	0	1	11167	1	0	next	false_alarm	438
MAXED_1017_Day_B	149	Pulse	99	4220000	2822	NA
MAXED_1017_Day_B	149	Response	2	4228247	11069	1
MAXED_1017_Day_B	150	Picture	stage2_box	4228344	0	1	7667	1	0	next	other	0
MAXED_1017_Day_B	151	Picture	stage2_up	4236011	0	1	7667	1	0	next	other	0
MAXED_1017_Day_B	151	Pulse	99	4240000	3989	NA
MAXED_1017_Day_B	152	Picture	stage2_lose	4243678	0	1	10167	1	0	next	other	0
MAXED_1017_Day_B	153	Picture	stage1	4253844	0	1	3333	1	0	next	false_alarm	444
MAXED_1017_Day_B	153	Response	2	4257047	3203	1
MAXED_1017_Day_B	154	Picture	stage1_box	4257178	0	1	7667	1	0	next	other	0
MAXED_1017_Day_B	154	Pulse	99	4260000	2822	NA
MAXED_1017_Day_B	155	Picture	stage1_outcome	4264844	0	1	167	1	0	next	other	0
MAXED_1017_Day_B	156	Picture	stage2B	4265011	0	1	17833	1	0	next	false_alarm	450
MAXED_1017_Day_B	156	Pulse	99	4280000	14989	NA
MAXED_1017_Day_B	156	Response	1	4282807	17796	1
MAXED_1017_Day_B	157	Picture	stage2_box	4282844	0	1	7667	1	0	next	other	0
MAXED_1017_Day_B	158	Picture	stage2_up	4290511	0	1	7667	1	0	next	other	0
MAXED_1017_Day_B	159	Picture	stage2_win	4298178	0	1	10167	1	0	next	other	0
MAXED_1017_Day_B	159	Pulse	99	4300000	1822	NA
MAXED_1017_Day_B	160	Picture	stage1	4308344	0	1	15000	1	0	next	false_alarm	457
MAXED_1017_Day_B	160	Pulse	99	4320000	11656	NA
MAXED_1017_Day_B	160	Response	2	4323287	14943	1
MAXED_1017_Day_B	161	Picture	stage1_box	4323344	0	1	7667	1	0	next	other	0
MAXED_1017_Day_B	162	Picture	stage1_outcome	4331011	0	1	167	1	0	next	other	0
MAXED_1017_Day_B	163	Picture	stage2A	4331178	0	1	23833	1	0	next	false_alarm	462
MAXED_1017_Day_B	163	Pulse	99	4340000	8822	NA
MAXED_1017_Day_B	163	Response	1	4354967	23789	1
MAXED_1017_Day_B	164	Picture	stage2_box	4355011	0	1	7667	1	0	next	other	0
MAXED_1017_Day_B	164	Pulse	99	4360000	4989	NA
MAXED_1017_Day_B	165	Picture	stage2_up	4362678	0	1	7667	1	0	next	other	0
MAXED_1017_Day_B	166	Picture	stage2_win	4370345	0	1	10167	1	0	next	other	0
MAXED_1017_Day_B	166	Pulse	99	4380000	9655	NA
MAXED_1017_Day_B	167	Picture	stage1	4380511	0	1	10167	1	0	next	false_alarm	469
MAXED_1017_Day_B	167	Response	2	4390487	9976	1
MAXED_1017_Day_B	168	Picture	stage1_box	4390678	0	1	7667	1	0	next	other	0
MAXED_1017_Day_B	169	Picture	stage1_outcome	4398345	0	1	167	1	0	next	other	0
MAXED_1017_Day_B	170	Picture	stage2A	4398511	0	1	10167	1	0	next	false_alarm	474
MAXED_1017_Day_B	170	Pulse	99	4400000	1489	NA
MAXED_1017_Day_B	170	Response	1	4408567	10056	1
MAXED_1017_Day_B	171	Picture	stage2_box	4408678	0	1	7667	1	0	next	other	0
MAXED_1017_Day_B	172	Picture	stage2_up	4416345	0	1	7667	1	0	next	other	0
MAXED_1017_Day_B	172	Pulse	99	4420000	3655	NA
MAXED_1017_Day_B	173	Picture	stage2_win	4424011	0	1	10167	1	0	next	other	0
MAXED_1017_Day_B	174	Picture	stage1	4434178	0	1	2667	1	0	next	false_alarm	480
MAXED_1017_Day_B	174	Response	2	4436727	2549	1
MAXED_1017_Day_B	175	Picture	stage1_box	4436845	0	1	7667	1	0	next	other	0
MAXED_1017_Day_B	175	Pulse	99	4440000	3155	NA
MAXED_1017_Day_B	176	Picture	stage1_outcome	4444511	0	1	167	1	0	next	other	0
MAXED_1017_Day_B	177	Picture	stage2B	4444678	0	1	4167	1	0	next	false_alarm	485
MAXED_1017_Day_B	177	Response	1	4448807	4129	1
MAXED_1017_Day_B	178	Picture	stage2_box	4448845	0	1	7667	1	0	next	other	0
MAXED_1017_Day_B	179	Picture	stage2_up	4456512	0	1	7667	1	0	next	other	0
MAXED_1017_Day_B	179	Pulse	99	4460000	3488	NA
MAXED_1017_Day_B	180	Picture	stage2_lose	4464178	0	1	10167	1	0	next	other	0
MAXED_1017_Day_B	181	Picture	stage1	4474345	0	1	4500	1	0	next	false_alarm	491
MAXED_1017_Day_B	181	Response	1	4478807	4463	1
MAXED_1017_Day_B	182	Picture	stage1_box	4478845	0	1	7667	1	0	next	other	0
MAXED_1017_Day_B	182	Pulse	99	4480000	1155	NA
MAXED_1017_Day_B	183	Picture	stage1_outcome	4486512	0	1	167	1	0	next	other	0
MAXED_1017_Day_B	184	Picture	stage2A	4486678	0	1	9000	1	0	next	false_alarm	496
MAXED_1017_Day_B	184	Response	1	4495607	8929	1
MAXED_1017_Day_B	185	Picture	stage2_box	4495678	0	1	7667	1	0	next	other	0
MAXED_1017_Day_B	185	Pulse	99	4500000	4322	NA
MAXED_1017_Day_B	186	Picture	stage2_up	4503345	0	1	7667	1	0	next	other	0
MAXED_1017_Day_B	187	Picture	stage2_lose	4511012	0	1	10167	1	0	next	other	0
MAXED_1017_Day_B	187	Pulse	99	4520000	8988	NA
MAXED_1017_Day_B	188	Picture	stage1	4521178	0	1	2500	1	0	next	false_alarm	503
MAXED_1017_Day_B	188	Response	1	4523607	2429	1
MAXED_1017_Day_B	189	Picture	stage1_box	4523678	0	1	7667	1	0	next	other	0
MAXED_1017_Day_B	190	Picture	stage1_outcome	4531345	0	1	167	1	0	next	other	0
MAXED_1017_Day_B	191	Picture	stage2A	4531512	0	1	4667	1	0	next	false_alarm	507
MAXED_1017_Day_B	191	Response	2	4536087	4575	1
MAXED_1017_Day_B	192	Picture	stage2_box	4536178	0	1	7667	1	0	next	other	0
MAXED_1017_Day_B	192	Pulse	99	4540000	3822	NA
MAXED_1017_Day_B	193	Picture	stage2_up	4543845	0	1	7667	1	0	next	other	0
MAXED_1017_Day_B	194	Picture	stage2_win	4551512	0	1	10167	1	0	next	other	0
MAXED_1017_Day_B	194	Pulse	99	4560000	8488	NA
MAXED_1017_Day_B	195	Picture	stage1	4561678	0	1	2500	1	0	next	false_alarm	514
MAXED_1017_Day_B	195	Response	1	4564088	2409	1
MAXED_1017_Day_B	196	Picture	stage1_box	4564178	0	1	7667	1	0	next	other	0
MAXED_1017_Day_B	197	Picture	stage1_outcome	4571845	0	1	167	1	0	next	other	0
MAXED_1017_Day_B	198	Picture	stage2B	4572012	0	1	11167	1	0	next	false_alarm	519
MAXED_1017_Day_B	198	Pulse	99	4580000	7988	NA
MAXED_1017_Day_B	198	Response	2	4583127	11116	1
MAXED_1017_Day_B	199	Picture	stage2_box	4583179	0	1	7667	1	0	next	other	0
MAXED_1017_Day_B	200	Picture	stage2_up	4590845	0	1	7667	1	0	next	other	0
MAXED_1017_Day_B	201	Picture	stage2_lose	4598512	0	1	10167	1	0	next	other	0
MAXED_1017_Day_B	201	Pulse	99	4600000	1488	NA
MAXED_1017_Day_B	202	Picture	stage1	4608679	0	1	3000	1	0	next	false_alarm	525
MAXED_1017_Day_B	202	Response	1	4611527	2849	1
MAXED_1017_Day_B	203	Picture	stage1_box	4611679	0	1	7667	1	0	next	other	0
MAXED_1017_Day_B	204	Picture	stage1_outcome	4619345	0	1	167	1	0	next	other	0
MAXED_1017_Day_B	205	Picture	stage2A	4619512	0	1	15667	1	0	next	false_alarm	530
MAXED_1017_Day_B	205	Pulse	99	4620000	488	NA
MAXED_1017_Day_B	205	Response	2	4635128	15616	1
MAXED_1017_Day_B	206	Picture	stage2_box	4635179	0	1	7667	1	0	next	other	0
MAXED_1017_Day_B	206	Pulse	99	4640000	4821	NA
MAXED_1017_Day_B	207	Picture	stage2_up	4642845	0	1	7667	1	0	next	other	0
MAXED_1017_Day_B	208	Picture	stage2_lose	4650512	0	1	10167	1	0	next	other	0
MAXED_1017_Day_B	208	Pulse	99	4660000	9488	NA
MAXED_1017_Day_B	209	Picture	stage1	4660679	0	1	2667	1	0	next	false_alarm	537
MAXED_1017_Day_B	209	Response	1	4663288	2609	1
MAXED_1017_Day_B	210	Picture	stage1_box	4663345	0	1	7667	1	0	next	other	0
MAXED_1017_Day_B	211	Picture	stage1_outcome	4671012	0	1	167	1	0	next	other	0
MAXED_1017_Day_B	212	Picture	stage2A	4671179	0	1	4167	1	0	next	false_alarm	541
MAXED_1017_Day_B	212	Response	1	4675207	4029	1
MAXED_1017_Day_B	213	Picture	stage2_box	4675345	0	1	7667	1	0	next	other	0
MAXED_1017_Day_B	213	Pulse	99	4680000	4655	NA
MAXED_1017_Day_B	214	Picture	stage2_up	4683012	0	1	7667	1	0	next	other	0
MAXED_1017_Day_B	215	Picture	stage2_lose	4690679	0	1	10167	1	0	next	other	0
MAXED_1017_Day_B	215	Pulse	99	4700000	9321	NA
MAXED_1017_Day_B	216	Picture	stage1	4700845	0	1	3000	1	0	next	false_alarm	548
MAXED_1017_Day_B	216	Response	2	4703768	2922	1
MAXED_1017_Day_B	217	Picture	stage1_box	4703845	0	1	7667	1	0	next	other	0
MAXED_1017_Day_B	218	Picture	stage1_outcome	4711512	0	1	167	1	0	next	other	0
MAXED_1017_Day_B	219	Picture	stage2B	4711679	0	1	7167	1	0	next	false_alarm	552
MAXED_1017_Day_B	219	Response	1	4718808	7129	1
MAXED_1017_Day_B	220	Picture	stage2_box	4718846	0	1	7667	1	0	next	other	0
MAXED_1017_Day_B	220	Pulse	99	4720000	1154	NA
MAXED_1017_Day_B	221	Picture	stage2_up	4726512	0	1	7667	1	0	next	other	0
MAXED_1017_Day_B	222	Picture	stage2_win	4734179	0	1	10167	1	0	next	other	0
MAXED_1017_Day_B	222	Pulse	99	4740000	5821	NA
MAXED_1017_Day_B	223	Pulse	99	4760000	15654	NA
MAXED_1017_Day_B	223	Pulse	99	4780000	35654	NA
MAXED_1017_Day_B	223	Pulse	99	4800000	55654	NA
MAXED_1017_Day_B	223	Pulse	99	4820000	75654	NA
MAXED_1017_Day_B	223	Pulse	99	4840000	95654	NA
MAXED_1017_Day_B	223	Pulse	99	4860000	115654	NA
MAXED_1017_Day_B	223	Pulse	99	4880000	135654	NA
MAXED_1017_Day_B	223	Pulse	99	4900000	155654	NA
MAXED_1017_Day_B	223	Pulse	99	4920000	175654	NA
MAXED_1017_Day_B	223	Pulse	99	4940000	195654	NA
MAXED_1017_Day_B	223	Pulse	99	4960000	215654	NA
MAXED_1017_Day_B	223	Pulse	99	4980000	235654	NA
MAXED_1017_Day_B	223	Pulse	99	5000000	255654	NA
MAXED_1017_Day_B	223	Pulse	99	5020000	275654	NA
MAXED_1017_Day_B	223	Pulse	99	5040000	295654	NA
MAXED_1017_Day_B	223	Pulse	99	5060000	315654	NA
MAXED_1017_Day_B	223	Pulse	99	5080000	335654	NA
MAXED_1017_Day_B	223	Pulse	99	5100000	355654	NA
MAXED_1017_Day_B	223	Pulse	99	5120000	375654	NA
MAXED_1017_Day_B	223	Pulse	99	5140000	395654	NA
MAXED_1017_Day_B	223	Pulse	99	5160000	415654	NA
MAXED_1017_Day_B	223	Pulse	99	5180000	435654	NA
MAXED_1017_Day_B	223	Pulse	99	5200000	455654	NA
MAXED_1017_Day_B	223	Pulse	99	5220000	475654	NA
MAXED_1017_Day_B	223	Pulse	99	5240000	495654	NA
MAXED_1017_Day_B	223	Pulse	99	5260000	515654	NA
MAXED_1017_Day_B	223	Pulse	99	5280000	535654	NA
MAXED_1017_Day_B	223	Pulse	99	5300000	555654	NA
MAXED_1017_Day_B	223	Pulse	99	5320000	575654	NA
MAXED_1017_Day_B	223	Pulse	99	5340000	595654	NA
MAXED_1017_Day_B	223	Pulse	99	5360000	615654	NA
MAXED_1017_Day_B	223	Pulse	99	5380000	635654	NA
MAXED_1017_Day_B	223	Pulse	99	5400000	655654	NA
MAXED_1017_Day_B	223	Pulse	99	5420000	675654	NA
MAXED_1017_Day_B	223	Pulse	99	5440000	695654	NA
MAXED_1017_Day_B	223	Pulse	99	5460000	715654	NA
MAXED_1017_Day_B	223	Pulse	99	5480000	735654	NA
MAXED_1017_Day_B	223	Pulse	99	5500000	755654	NA
MAXED_1017_Day_B	223	Pulse	99	5520000	775654	NA
MAXED_1017_Day_B	223	Pulse	99	5540000	795654	NA
MAXED_1017_Day_B	223	Pulse	99	5560000	815654	NA
MAXED_1017_Day_B	223	Pulse	99	5580000	835654	NA
MAXED_1017_Day_B	223	Pulse	99	5600000	855654	NA
MAXED_1017_Day_B	223	Pulse	99	5620000	875654	NA
MAXED_1017_Day_B	223	Pulse	99	5640000	895654	NA
MAXED_1017_Day_B	223	Pulse	99	5660000	915654	NA
MAXED_1017_Day_B	223	Pulse	99	5680000	935654	NA
MAXED_1017_Day_B	223	Pulse	99	5700000	955654	NA
MAXED_1017_Day_B	223	Pulse	99	5720000	975654	NA
MAXED_1017_Day_B	223	Pulse	99	5740000	995654	NA
MAXED_1017_Day_B	223	Pulse	99	5760000	1015654	NA
MAXED_1017_Day_B	223	Pulse	99	5780000	1035654	NA
MAXED_1017_Day_B	223	Pulse	99	5800000	1055654	NA
MAXED_1017_Day_B	223	Pulse	99	5820000	1075654	NA
MAXED_1017_Day_B	223	Quit		5834010	1089664	NA
