Scenario - 
Logfile written - 07/21/2022 18:08:07

Subject	Trial	Event Type	Code	Time	TTime	Uncertainty	Duration	Uncertainty	ReqTime	ReqDur	Stim Type	Pair Index

MAXED_1029	0	Pulse	99	0	0	NA
MAXED_1029	1	Picture	instructions_1	333	0	1	87874	1	0	next	false_alarm	7
MAXED_1029	1	Pulse	99	20000	19667	NA
MAXED_1029	1	Pulse	99	40000	39667	NA
MAXED_1029	1	Pulse	99	60000	59667	NA
MAXED_1029	1	Pulse	99	80000	79667	NA
MAXED_1029	1	Response	88	87966	87633	1
MAXED_1029	2	Picture	instructions_2	88207	0	1	28485	1	0	next	false_alarm	10
MAXED_1029	2	Pulse	99	100000	11793	NA
MAXED_1029	2	Response	88	116465	28258	1
MAXED_1029	3	Picture	instructions_3	116692	0	1	52335	1	0	next	false_alarm	15
MAXED_1029	3	Pulse	99	120000	3308	NA
MAXED_1029	3	Pulse	99	140000	23308	NA
MAXED_1029	3	Pulse	99	160000	43308	NA
MAXED_1029	3	Response	88	168800	52107	1
MAXED_1029	4	Picture	instructions_4	169027	0	1	117326	1	0	next	false_alarm	23
MAXED_1029	4	Pulse	99	180000	10973	NA
MAXED_1029	4	Pulse	99	200000	30973	NA
MAXED_1029	4	Pulse	99	220000	50973	NA
MAXED_1029	4	Pulse	99	240000	70973	NA
MAXED_1029	4	Pulse	99	260000	90973	NA
MAXED_1029	4	Pulse	99	280000	110973	NA
MAXED_1029	4	Response	88	286160	117133	1
MAXED_1029	5	Picture	instructions_5	286353	0	1	72748	1	0	next	false_alarm	28
MAXED_1029	5	Pulse	99	300000	13647	NA
MAXED_1029	5	Pulse	99	320000	33647	NA
MAXED_1029	5	Pulse	99	340000	53647	NA
MAXED_1029	5	Response	88	358872	72519	1
MAXED_1029	6	Picture	instructions_6	359101	0	1	10295	1	0	next	false_alarm	31
MAXED_1029	6	Pulse	99	360000	899	NA
MAXED_1029	6	Response	88	369164	10064	1
MAXED_1029	7	Picture	instructions_7	369396	0	1	40306	1	0	next	false_alarm	35
MAXED_1029	7	Pulse	99	380000	10604	NA
MAXED_1029	7	Pulse	99	400000	30604	NA
MAXED_1029	7	Response	88	409620	40224	1
MAXED_1029	8	Picture	instructions_8	409702	0	1	6955	1	0	next	false_alarm	37
MAXED_1029	8	Response	88	416430	6728	1
MAXED_1029	9	Picture	instructions_9	416657	0	1	7163	1	0	next	false_alarm	40
MAXED_1029	9	Pulse	99	420000	3343	NA
MAXED_1029	9	Response	88	423590	6932	1
MAXED_1029	10	Picture	instructions_10	423820	0	1	26627	1	0	next	false_alarm	43
MAXED_1029	10	Pulse	99	440000	16180	NA
MAXED_1029	10	Response	88	450274	26454	1
MAXED_1029	11	Picture	instructions_11	450447	0	1	68552	1	0	next	false_alarm	48
MAXED_1029	11	Pulse	99	460000	9553	NA
MAXED_1029	11	Pulse	99	480000	29553	NA
MAXED_1029	11	Pulse	99	500000	49553	NA
MAXED_1029	11	Response	88	518917	68471	1
MAXED_1029	12	Picture	instructions_12	518999	0	1	43624	1	0	next	false_alarm	53
MAXED_1029	12	Pulse	99	520000	1001	NA
MAXED_1029	12	Pulse	99	540000	21001	NA
MAXED_1029	12	Pulse	99	560000	41001	NA
MAXED_1029	12	Response	88	562395	43396	1
MAXED_1029	13	Picture	instructions_13	562623	0	1	41980	1	0	next	false_alarm	57
MAXED_1029	13	Pulse	99	580000	17377	NA
MAXED_1029	13	Pulse	99	600000	37377	NA
MAXED_1029	13	Response	88	604374	41751	1
MAXED_1029	14	Picture	instructions_14	604603	0	1	31822	1	0	next	false_alarm	60
MAXED_1029	14	Pulse	99	620000	15397	NA
MAXED_1029	14	Response	88	636196	31593	1
MAXED_1029	15	Picture	instructions_15	636425	0	1	62218	1	0	next	false_alarm	65
MAXED_1029	15	Pulse	99	640000	3575	NA
MAXED_1029	15	Pulse	99	660000	23575	NA
MAXED_1029	15	Pulse	99	680000	43575	NA
MAXED_1029	15	Response	88	698416	61991	1
MAXED_1029	16	Picture	instructions_16	698643	0	1	56251	1	0	next	false_alarm	70
MAXED_1029	16	Pulse	99	700000	1357	NA
MAXED_1029	16	Pulse	99	720000	21357	NA
MAXED_1029	16	Pulse	99	740000	41357	NA
MAXED_1029	16	Response	88	754665	56022	1
MAXED_1029	17	Picture	instructions_17	754894	0	1	12660	1	0	next	false_alarm	73
MAXED_1029	17	Pulse	99	760000	5106	NA
MAXED_1029	17	Response	88	767325	12431	1
MAXED_1029	18	Picture	instructions_18	767554	0	1	8266	1	0	next	false_alarm	75
MAXED_1029	18	Response	88	775592	8039	1
MAXED_1029	19	Picture	instructions_19	775820	0	1	13957	1	0	next	false_alarm	78
MAXED_1029	19	Pulse	99	780000	4180	NA
MAXED_1029	19	Response	88	789547	13727	1
MAXED_1029	20	Picture	instructions_20	789777	0	1	6139	1	0	next	false_alarm	80
MAXED_1029	20	Response	88	795690	5913	1
MAXED_1029	21	Picture	instructions_21	795916	0	1	7228	1	0	next	false_alarm	83
MAXED_1029	21	Pulse	99	800000	4084	NA
MAXED_1029	21	Response	88	802916	7000	1
MAXED_1029	22	Picture	instructions_22	803144	0	1	10604	1	0	next	false_alarm	85
MAXED_1029	22	Response	88	813520	10375	1
MAXED_1029	23	Picture	instructions_23	813748	0	1	5430	1	0	next	false_alarm	87
MAXED_1029	23	Response	88	818949	5201	1
MAXED_1029	24	Picture	instructions_24	819178	0	1	9707	1	0	next	false_alarm	90
MAXED_1029	24	Pulse	99	820000	822	NA
MAXED_1029	24	Response	88	828658	9479	1
MAXED_1029	25	Picture	instructions_25	828885	0	1	5165	1	0	next	false_alarm	92
MAXED_1029	25	Response	88	833823	4938	1
MAXED_1029	26	Picture	instructions_26	834050	0	1	4513	1	0	next	false_alarm	94
MAXED_1029	26	Response	88	838333	4284	1
MAXED_1029	27	Picture	instructions_27	838562	0	1	12100	1	0	next	false_alarm	97
MAXED_1029	27	Pulse	99	840000	1438	NA
MAXED_1029	27	Response	88	850432	11870	1
MAXED_1029	28	Picture	instructions_28	850663	0	1	4961	1	0	next	false_alarm	99
MAXED_1029	28	Response	88	855397	4734	1
MAXED_1029	29	Picture	instructions_29	855624	0	1	8553	1	0	next	false_alarm	102
MAXED_1029	29	Pulse	99	860000	4376	NA
MAXED_1029	29	Response	88	863947	8323	1
MAXED_1029	30	Picture	instructions_30	864177	0	1	290372	1	0	next	false_alarm	118
MAXED_1029	30	Pulse	99	880000	15823	NA
MAXED_1029	30	Pulse	99	900000	35823	NA
MAXED_1029	30	Pulse	99	920000	55823	NA
MAXED_1029	30	Pulse	99	940000	75823	NA
MAXED_1029	30	Pulse	99	960000	95823	NA
MAXED_1029	30	Pulse	99	980000	115823	NA
MAXED_1029	30	Pulse	99	1000000	135823	NA
MAXED_1029	30	Pulse	99	1020000	155823	NA
MAXED_1029	30	Pulse	99	1040000	175823	NA
MAXED_1029	30	Pulse	99	1060000	195823	NA
MAXED_1029	30	Pulse	99	1080000	215823	NA
MAXED_1029	30	Pulse	99	1100000	235823	NA
MAXED_1029	30	Pulse	99	1120000	255823	NA
MAXED_1029	30	Pulse	99	1140000	275823	NA
MAXED_1029	30	Response	2	1141212	277035	1
MAXED_1029	30	Response	88	1154321	290143	1
MAXED_1029	31	Picture	instructions_31	1154549	0	1	56351	1	0	next	false_alarm	124
MAXED_1029	31	Pulse	99	1160000	5451	NA
MAXED_1029	31	Pulse	99	1180000	25451	NA
MAXED_1029	31	Pulse	99	1200000	45451	NA
MAXED_1029	31	Response	88	1210666	56117	1
MAXED_1029	32	Picture	instructions_32	1210900	0	1	52204	1	0	next	false_alarm	129
MAXED_1029	32	Pulse	99	1220000	9100	NA
MAXED_1029	32	Pulse	99	1240000	29100	NA
MAXED_1029	32	Pulse	99	1260000	49100	NA
MAXED_1029	32	Response	88	1262876	51976	1
MAXED_1029	33	Picture	instructions_33	1263104	0	1	31696	1	0	next	false_alarm	132
MAXED_1029	33	Pulse	99	1280000	16896	NA
MAXED_1029	33	Response	88	1294570	31465	1
MAXED_1029	34	Picture	instructions_34	1294800	0	1	55582	1	0	next	false_alarm	137
MAXED_1029	34	Pulse	99	1300000	5200	NA
MAXED_1029	34	Pulse	99	1320000	25200	NA
MAXED_1029	34	Pulse	99	1340000	45200	NA
MAXED_1029	34	Response	88	1350151	55351	1
MAXED_1029	35	Picture	instructions_35	1350382	0	1	61296	1	0	next	false_alarm	142
MAXED_1029	35	Pulse	99	1360000	9618	NA
MAXED_1029	35	Pulse	99	1380000	29618	NA
MAXED_1029	35	Pulse	99	1400000	49618	NA
MAXED_1029	35	Response	88	1411533	61151	1
MAXED_1029	36	Picture	instructions_36	1411678	0	1	54258	1	0	next	false_alarm	147
MAXED_1029	36	Pulse	99	1420000	8322	NA
MAXED_1029	36	Pulse	99	1440000	28322	NA
MAXED_1029	36	Pulse	99	1460000	48322	NA
MAXED_1029	36	Response	88	1465708	54030	1
MAXED_1029	37	Picture	instructions_37	1465936	0	1	25869	1	0	next	false_alarm	150
MAXED_1029	37	Pulse	99	1480000	14064	NA
MAXED_1029	37	Response	88	1491581	25645	1
MAXED_1029	38	Picture	instructions_38	1491806	0	1	56594	1	0	next	false_alarm	155
MAXED_1029	38	Pulse	99	1500000	8194	NA
MAXED_1029	38	Pulse	99	1520000	28194	NA
MAXED_1029	38	Pulse	99	1540000	48194	NA
MAXED_1029	38	Response	88	1548342	56536	1
MAXED_1029	39	Picture	instructions_39	1548400	0	1	14123	1	0	next	false_alarm	158
MAXED_1029	39	Pulse	99	1560000	11600	NA
MAXED_1029	39	Response	88	1562462	14063	1
MAXED_1029	40	Picture	instructions_40	1562522	0	1	9633	1	0	next	false_alarm	160
MAXED_1029	40	Response	88	1571929	9407	1
MAXED_1029	41	Picture	instructions_41	1572155	0	1	5001	1	0	next	false_alarm	162
MAXED_1029	41	Response	88	1577089	4934	1
MAXED_1029	42	Picture	instructions_42	1577156	0	1	5149	1	0	next	false_alarm	165
MAXED_1029	42	Pulse	99	1580000	2844	NA
MAXED_1029	42	Response	88	1582171	5015	1
MAXED_1029	43	Picture	instructions_43	1582305	0	1	34209	1	0	next	false_alarm	168
MAXED_1029	43	Pulse	99	1600000	17695	NA
MAXED_1029	43	Response	88	1616454	34149	1
MAXED_1029	44	Picture	instructions_44	1616514	0	1	32685	1	0	next	false_alarm	172
MAXED_1029	44	Pulse	99	1620000	3486	NA
MAXED_1029	44	Pulse	99	1640000	23486	NA
MAXED_1029	44	Response	88	1648974	32461	1
MAXED_1029	45	Picture	instructions_45	1649199	0	1	33854	1	0	next	false_alarm	176
MAXED_1029	45	Pulse	99	1660000	10801	NA
MAXED_1029	45	Pulse	99	1680000	30801	NA
MAXED_1029	45	Response	88	1682996	33798	1
MAXED_1029	46	Picture	instructions_46	1683053	0	1	37278	1	0	next	false_alarm	180
MAXED_1029	46	Pulse	99	1700000	16947	NA
MAXED_1029	46	Pulse	99	1720000	36947	NA
MAXED_1029	46	Response	88	1720278	37224	1
MAXED_1029	47	Picture	fixation	1720331	0	1	5165	1	0	next	other	0
MAXED_1029	48	Picture	stage1	1725496	0	1	8331	1	0	next	false_alarm	183
MAXED_1029	48	Response	1	1733630	8134	1
MAXED_1029	49	Picture	stage1_box	1733826	0	1	7664	1	0	next	other	0
MAXED_1029	49	Pulse	99	1740000	6174	NA
MAXED_1029	50	Picture	stage1_outcome	1741490	0	1	167	1	0	next	other	0
MAXED_1029	51	Picture	stage2B	1741657	0	1	9164	1	0	next	false_alarm	188
MAXED_1029	51	Response	1	1750643	8987	1
MAXED_1029	52	Picture	stage2_box	1750820	0	1	7664	1	0	next	other	0
MAXED_1029	53	Picture	stage2_up	1758484	0	1	7664	1	0	next	other	0
MAXED_1029	53	Pulse	99	1760000	1516	NA
MAXED_1029	54	Picture	stage2_win	1766148	0	1	10169	1	0	next	other	0
MAXED_1029	55	Picture	stage1	1776317	0	1	7191	1	0	next	false_alarm	195
MAXED_1029	55	Pulse	99	1780000	3683	NA
MAXED_1029	55	Response	2	1783327	7010	1
MAXED_1029	56	Picture	stage1_box	1783508	0	1	7664	1	0	next	other	0
MAXED_1029	57	Picture	stage1_outcome	1791172	0	1	167	1	0	next	other	0
MAXED_1029	58	Picture	stage2B	1791339	0	1	5165	1	0	next	false_alarm	199
MAXED_1029	58	Response	1	1796381	5042	1
MAXED_1029	59	Picture	stage2_box	1796504	0	1	7664	1	0	next	other	0
MAXED_1029	59	Pulse	99	1800000	3496	NA
MAXED_1029	60	Picture	stage2_up	1804168	0	1	7664	1	0	next	other	0
MAXED_1029	61	Picture	stage2_win	1811832	0	1	10163	1	0	next	other	0
MAXED_1029	61	Pulse	99	1820000	8168	NA
MAXED_1029	62	Picture	stage1	1821995	0	1	5498	1	0	next	false_alarm	206
MAXED_1029	62	Response	2	1827358	5363	1
MAXED_1029	63	Picture	stage1_box	1827493	0	1	7664	1	0	next	other	0
MAXED_1029	64	Picture	stage1_outcome	1835157	0	1	167	1	0	next	other	0
MAXED_1029	65	Picture	stage2B	1835324	0	1	5665	1	0	next	false_alarm	211
MAXED_1029	65	Pulse	99	1840000	4676	NA
MAXED_1029	65	Response	1	1840865	5541	1
MAXED_1029	66	Picture	stage2_box	1840989	0	1	7551	1	0	next	other	0
MAXED_1029	67	Picture	stage2_up	1848539	0	1	7549	1	0	next	other	0
MAXED_1029	68	Picture	stage2_win	1856088	0	1	10163	1	0	next	other	0
MAXED_1029	68	Pulse	99	1860000	3912	NA
MAXED_1029	69	Picture	stage1	1866252	0	1	5332	1	0	next	false_alarm	217
MAXED_1029	69	Response	2	1871493	5242	1
MAXED_1029	70	Picture	stage1_box	1871583	0	1	7551	1	0	next	other	0
MAXED_1029	71	Picture	stage1_outcome	1879134	0	1	167	1	0	next	other	0
MAXED_1029	72	Picture	stage2B	1879301	0	1	5202	1	0	next	false_alarm	222
MAXED_1029	72	Pulse	99	1880000	699	NA
MAXED_1029	72	Response	1	1884453	5152	1
MAXED_1029	73	Picture	stage2_box	1884503	0	1	7664	1	0	next	other	0
MAXED_1029	74	Picture	stage2_up	1892167	0	1	7664	1	0	next	other	0
MAXED_1029	75	Picture	stage2_win	1899831	0	1	10163	1	0	next	other	0
MAXED_1029	75	Pulse	99	1900000	169	NA
MAXED_1029	76	Picture	stage1	1909994	0	1	4665	1	0	next	false_alarm	228
MAXED_1029	76	Response	2	1914557	4563	1
MAXED_1029	77	Picture	stage1_box	1914659	0	1	7551	1	0	next	other	0
MAXED_1029	77	Pulse	99	1920000	5341	NA
MAXED_1029	78	Picture	stage1_outcome	1922210	0	1	167	1	0	next	other	0
MAXED_1029	79	Picture	stage2A	1922376	0	1	12369	1	0	next	false_alarm	233
MAXED_1029	79	Response	2	1934691	12315	1
MAXED_1029	80	Picture	stage2_box	1934745	0	1	7550	1	0	next	other	0
MAXED_1029	80	Pulse	99	1940000	5255	NA
MAXED_1029	81	Picture	stage2_up	1942295	0	1	7551	1	0	next	other	0
MAXED_1029	82	Picture	stage2_win	1949846	0	1	10051	1	0	next	other	0
MAXED_1029	83	Picture	stage1	1959897	0	1	5692	1	0	next	false_alarm	240
MAXED_1029	83	Pulse	99	1960000	103	NA
MAXED_1029	83	Response	1	1965538	5640	1
MAXED_1029	84	Picture	stage1_box	1965589	0	1	7550	1	0	next	other	0
MAXED_1029	85	Picture	stage1_outcome	1973139	0	1	167	1	0	next	other	0
MAXED_1029	86	Picture	stage2B	1973306	0	1	15164	1	0	next	false_alarm	245
MAXED_1029	86	Pulse	99	1980000	6694	NA
MAXED_1029	86	Response	1	1988419	15113	1
MAXED_1029	87	Picture	stage2_box	1988470	0	1	7664	1	0	next	other	0
MAXED_1029	88	Picture	stage2_up	1996134	0	1	7664	1	0	next	other	0
MAXED_1029	88	Pulse	99	2000000	3866	NA
MAXED_1029	89	Picture	stage2_win	2003798	0	1	10163	1	0	next	other	0
MAXED_1029	90	Picture	stage1	2013961	0	1	8331	1	0	next	false_alarm	252
MAXED_1029	90	Pulse	99	2020000	6039	NA
MAXED_1029	90	Response	2	2022149	8188	1
MAXED_1029	91	Picture	stage1_box	2022292	0	1	7550	1	0	next	other	0
MAXED_1029	92	Picture	stage1_outcome	2029842	0	1	167	1	0	next	other	0
MAXED_1029	93	Picture	stage2A	2030009	0	1	10270	1	0	next	false_alarm	257
MAXED_1029	93	Pulse	99	2040000	9991	NA
MAXED_1029	93	Response	2	2040227	10218	1
MAXED_1029	94	Picture	stage2_box	2040279	0	1	7550	1	0	next	other	0
MAXED_1029	95	Picture	stage2_up	2047829	0	1	7553	1	0	next	other	0
MAXED_1029	96	Picture	stage2_lose	2055382	0	1	10051	1	0	next	other	0
MAXED_1029	96	Pulse	99	2060000	4618	NA
MAXED_1029	97	Picture	stage1	2065433	0	1	6464	1	0	next	false_alarm	263
MAXED_1029	97	Response	2	2071848	6415	1
MAXED_1029	98	Picture	stage1_box	2071897	0	1	7550	1	0	next	other	0
MAXED_1029	99	Picture	stage1_outcome	2079447	0	1	167	1	0	next	other	0
MAXED_1029	100	Picture	stage2A	2079614	0	1	7672	1	0	next	false_alarm	268
MAXED_1029	100	Pulse	99	2080000	386	NA
MAXED_1029	100	Response	1	2087063	7450	1
MAXED_1029	101	Picture	stage2_box	2087285	0	1	7550	1	0	next	other	0
MAXED_1029	102	Picture	stage2_up	2094836	0	1	7551	1	0	next	other	0
MAXED_1029	102	Pulse	99	2100000	5164	NA
MAXED_1029	103	Picture	stage2_lose	2102386	0	1	10050	1	0	next	other	0
MAXED_1029	104	Picture	stage1	2112437	0	1	5084	1	0	next	false_alarm	274
MAXED_1029	104	Response	2	2117471	5034	1
MAXED_1029	105	Picture	stage1_box	2117520	0	1	7550	1	0	next	other	0
MAXED_1029	105	Pulse	99	2120000	2480	NA
MAXED_1029	106	Picture	stage1_outcome	2125071	0	1	167	1	0	next	other	0
MAXED_1029	107	Picture	stage2B	2125237	0	1	7236	1	0	next	false_alarm	279
MAXED_1029	107	Response	1	2132422	7185	1
MAXED_1029	108	Picture	stage2_box	2132473	0	1	7664	1	0	next	other	0
MAXED_1029	108	Pulse	99	2140000	7527	NA
MAXED_1029	109	Picture	stage2_up	2140137	0	1	7664	1	0	next	other	0
MAXED_1029	110	Picture	stage2_win	2147801	0	1	10163	1	0	next	other	0
MAXED_1029	111	Picture	stage1	2157965	0	1	4665	1	0	next	false_alarm	286
MAXED_1029	111	Pulse	99	2160000	2035	NA
MAXED_1029	111	Response	2	2162439	4474	1
MAXED_1029	112	Picture	stage1_box	2162630	0	1	7550	1	0	next	other	0
MAXED_1029	113	Picture	stage1_outcome	2170180	0	1	167	1	0	next	other	0
MAXED_1029	114	Picture	stage2A	2170347	0	1	5580	1	0	next	false_alarm	290
MAXED_1029	114	Response	1	2175876	5530	1
MAXED_1029	115	Picture	stage2_box	2175927	0	1	7550	1	0	next	other	0
MAXED_1029	115	Pulse	99	2180000	4073	NA
MAXED_1029	116	Picture	stage2_up	2183477	0	1	7551	1	0	next	other	0
MAXED_1029	117	Picture	stage2_lose	2191028	0	1	10050	1	0	next	other	0
MAXED_1029	117	Pulse	99	2200000	8972	NA
MAXED_1029	118	Picture	stage1	2201078	0	1	5824	1	0	next	false_alarm	297
MAXED_1029	118	Response	2	2206851	5773	1
MAXED_1029	119	Picture	stage1_box	2206902	0	1	7550	1	0	next	other	0
MAXED_1029	120	Picture	stage1_outcome	2214452	0	1	167	1	0	next	other	0
MAXED_1029	121	Picture	stage2B	2214619	0	1	4552	1	0	next	false_alarm	301
MAXED_1029	121	Response	1	2219121	4502	1
MAXED_1029	122	Picture	stage2_box	2219170	0	1	7664	1	0	next	other	0
MAXED_1029	122	Pulse	99	2220000	830	NA
MAXED_1029	123	Picture	stage2_up	2226834	0	1	7664	1	0	next	other	0
MAXED_1029	124	Picture	stage2_win	2234499	0	1	10163	1	0	next	other	0
MAXED_1029	124	Pulse	99	2240000	5501	NA
MAXED_1029	125	Picture	stage1	2244662	0	1	4332	1	0	next	false_alarm	308
MAXED_1029	125	Response	2	2248908	4246	1
MAXED_1029	126	Picture	stage1_box	2248994	0	1	7550	1	0	next	other	0
MAXED_1029	127	Picture	stage1_outcome	2256544	0	1	167	1	0	next	other	0
MAXED_1029	128	Picture	stage2B	2256710	0	1	7213	1	0	next	false_alarm	313
MAXED_1029	128	Pulse	99	2260000	3290	NA
MAXED_1029	128	Response	1	2263872	7162	1
MAXED_1029	129	Picture	stage2_box	2263923	0	1	7664	1	0	next	other	0
MAXED_1029	130	Picture	stage2_up	2271587	0	1	7664	1	0	next	other	0
MAXED_1029	131	Picture	stage2_win	2279251	0	1	10163	1	0	next	other	0
MAXED_1029	131	Pulse	99	2280000	749	NA
MAXED_1029	132	Picture	stage1	2289415	0	1	4665	1	0	next	false_alarm	319
MAXED_1029	132	Response	2	2294044	4630	1
MAXED_1029	133	Picture	stage1_box	2294080	0	1	7551	1	0	next	other	0
MAXED_1029	133	Pulse	99	2300000	5920	NA
MAXED_1029	134	Picture	stage1_outcome	2301631	0	1	167	1	0	next	other	0
MAXED_1029	135	Picture	stage2B	2301797	0	1	6397	1	0	next	false_alarm	324
MAXED_1029	135	Response	1	2308144	6347	1
MAXED_1029	136	Picture	stage2_box	2308194	0	1	7664	1	0	next	other	0
MAXED_1029	137	Picture	stage2_up	2315858	0	1	7664	1	0	next	other	0
MAXED_1029	137	Pulse	99	2320000	4142	NA
MAXED_1029	138	Picture	stage2_win	2323522	0	1	10163	1	0	next	other	0
MAXED_1029	139	Picture	stage1	2333686	0	1	5332	1	0	next	false_alarm	330
MAXED_1029	139	Response	2	2338945	5259	1
MAXED_1029	140	Picture	stage1_box	2339017	0	1	7550	1	0	next	other	0
MAXED_1029	140	Pulse	99	2340000	983	NA
MAXED_1029	141	Picture	stage1_outcome	2346567	0	1	167	1	0	next	other	0
MAXED_1029	142	Picture	stage2B	2346734	0	1	6218	1	0	next	false_alarm	335
MAXED_1029	142	Response	1	2352902	6168	1
MAXED_1029	143	Picture	stage2_box	2352952	0	1	7664	1	0	next	other	0
MAXED_1029	143	Pulse	99	2360000	7048	NA
MAXED_1029	144	Picture	stage2_up	2360616	0	1	7664	1	0	next	other	0
MAXED_1029	145	Picture	stage2_lose	2368280	0	1	10050	1	0	next	other	0
MAXED_1029	146	Picture	stage1	2378331	0	1	8569	1	0	next	false_alarm	342
MAXED_1029	146	Pulse	99	2380000	1669	NA
MAXED_1029	146	Response	2	2386849	8518	1
MAXED_1029	147	Picture	stage1_box	2386899	0	1	7550	1	0	next	other	0
MAXED_1029	148	Picture	stage1_outcome	2394449	0	1	167	1	0	next	other	0
MAXED_1029	149	Picture	stage2B	2394616	0	1	4855	1	0	next	false_alarm	346
MAXED_1029	149	Response	2	2399310	4694	1
MAXED_1029	150	Picture	stage2_box	2399471	0	1	7550	1	0	next	other	0
MAXED_1029	150	Pulse	99	2400000	529	NA
MAXED_1029	151	Picture	stage2_up	2407021	0	1	7551	1	0	next	other	0
MAXED_1029	152	Picture	stage2_lose	2414572	0	1	10051	1	0	next	other	0
MAXED_1029	152	Pulse	99	2420000	5428	NA
MAXED_1029	153	Picture	stage1	2424623	0	1	3573	1	0	next	false_alarm	353
MAXED_1029	153	Response	1	2428145	3522	1
MAXED_1029	154	Picture	stage1_box	2428195	0	1	7633	1	0	next	other	0
MAXED_1029	155	Picture	stage1_outcome	2435828	0	1	167	1	0	next	other	0
MAXED_1029	156	Picture	stage2B	2435995	0	1	8215	1	0	next	false_alarm	358
MAXED_1029	156	Pulse	99	2440000	4005	NA
MAXED_1029	156	Response	2	2444159	8164	1
MAXED_1029	157	Picture	stage2_box	2444210	0	1	7664	1	0	next	other	0
MAXED_1029	158	Picture	stage2_up	2451874	0	1	7664	1	0	next	other	0
MAXED_1029	159	Picture	stage2_lose	2459538	0	1	10052	1	0	next	other	0
MAXED_1029	159	Pulse	99	2460000	462	NA
MAXED_1029	160	Picture	stage1	2469590	0	1	4667	1	0	next	false_alarm	364
MAXED_1029	160	Response	1	2474207	4617	1
MAXED_1029	161	Picture	stage1_box	2474257	0	1	7550	1	0	next	other	0
MAXED_1029	161	Pulse	99	2480000	5743	NA
MAXED_1029	162	Picture	stage1_outcome	2481808	0	1	167	1	0	next	other	0
MAXED_1029	163	Picture	stage2A	2481974	0	1	11165	1	0	next	false_alarm	369
MAXED_1029	163	Response	2	2493089	11115	1
MAXED_1029	164	Picture	stage2_box	2493139	0	1	7550	1	0	next	other	0
MAXED_1029	164	Pulse	99	2500000	6861	NA
MAXED_1029	165	Picture	stage2_up	2500690	0	1	7550	1	0	next	other	0
MAXED_1029	166	Picture	stage2_win	2508240	0	1	10058	1	0	next	other	0
MAXED_1029	167	Picture	stage1	2518298	0	1	4363	1	0	next	false_alarm	376
MAXED_1029	167	Pulse	99	2520000	1702	NA
MAXED_1029	167	Response	1	2522611	4313	1
MAXED_1029	168	Picture	stage1_box	2522661	0	1	7550	1	0	next	other	0
MAXED_1029	169	Picture	stage1_outcome	2530211	0	1	167	1	0	next	other	0
MAXED_1029	170	Picture	stage2B	2530377	0	1	8015	1	0	next	false_alarm	380
MAXED_1029	170	Response	1	2538343	7965	1
MAXED_1029	171	Picture	stage2_box	2538393	0	1	7664	1	0	next	other	0
MAXED_1029	171	Pulse	99	2540000	1607	NA
MAXED_1029	172	Picture	stage2_up	2546057	0	1	7664	1	0	next	other	0
MAXED_1029	173	Picture	stage2_win	2553721	0	1	10163	1	0	next	other	0
MAXED_1029	173	Pulse	99	2560000	6279	NA
MAXED_1029	174	Picture	stage1	2563884	0	1	6998	1	0	next	false_alarm	387
MAXED_1029	174	Response	2	2570811	6927	1
MAXED_1029	175	Picture	stage1_box	2570881	0	1	7551	1	0	next	other	0
MAXED_1029	176	Picture	stage1_outcome	2578433	0	1	167	1	0	next	other	0
MAXED_1029	177	Picture	stage2A	2578599	0	1	4588	1	0	next	false_alarm	392
MAXED_1029	177	Pulse	99	2580000	1401	NA
MAXED_1029	177	Response	1	2583136	4537	1
MAXED_1029	178	Picture	stage2_box	2583187	0	1	7551	1	0	next	other	0
MAXED_1029	179	Picture	stage2_up	2590737	0	1	7550	1	0	next	other	0
MAXED_1029	180	Picture	stage2_lose	2598287	0	1	10050	1	0	next	other	0
MAXED_1029	180	Pulse	99	2600000	1713	NA
MAXED_1029	181	Picture	stage1	2608337	0	1	5886	1	0	next	false_alarm	398
MAXED_1029	181	Response	2	2614173	5836	1
MAXED_1029	182	Picture	stage1_box	2614224	0	1	7550	1	0	next	other	0
MAXED_1029	182	Pulse	99	2620000	5776	NA
MAXED_1029	183	Picture	stage1_outcome	2621774	0	1	167	1	0	next	other	0
MAXED_1029	184	Picture	stage2A	2621941	0	1	6608	1	0	next	false_alarm	403
MAXED_1029	184	Response	1	2628499	6559	1
MAXED_1029	185	Picture	stage2_box	2628549	0	1	7550	1	0	next	other	0
MAXED_1029	186	Picture	stage2_up	2636099	0	1	7550	1	0	next	other	0
MAXED_1029	186	Pulse	99	2640000	3901	NA
MAXED_1029	187	Picture	stage2_lose	2643649	0	1	10050	1	0	next	other	0
MAXED_1029	188	Picture	stage1	2653700	0	1	8387	1	0	next	false_alarm	410
MAXED_1029	188	Pulse	99	2660000	6300	NA
MAXED_1029	188	Response	2	2662036	8336	1
MAXED_1029	189	Picture	stage1_box	2662087	0	1	7550	1	0	next	other	0
MAXED_1029	190	Picture	stage1_outcome	2669636	0	1	167	1	0	next	other	0
MAXED_1029	191	Picture	stage2A	2669803	0	1	6960	1	0	next	false_alarm	414
MAXED_1029	191	Response	2	2676713	6910	1
MAXED_1029	192	Picture	stage2_box	2676763	0	1	7550	1	0	next	other	0
MAXED_1029	192	Pulse	99	2680000	3237	NA
MAXED_1029	193	Picture	stage2_up	2684313	0	1	7550	1	0	next	other	0
MAXED_1029	194	Picture	stage2_win	2691863	0	1	10050	1	0	next	other	0
MAXED_1029	194	Pulse	99	2700000	8137	NA
MAXED_1029	195	Picture	stage1	2701913	0	1	8643	1	0	next	false_alarm	421
MAXED_1029	195	Response	1	2710506	8593	1
MAXED_1029	196	Picture	stage1_box	2710556	0	1	7550	1	0	next	other	0
MAXED_1029	197	Picture	stage1_outcome	2718107	0	1	167	1	0	next	other	0
MAXED_1029	198	Picture	stage2B	2718273	0	1	3701	1	0	next	false_alarm	426
MAXED_1029	198	Pulse	99	2720000	1727	NA
MAXED_1029	198	Response	2	2721924	3651	1
MAXED_1029	199	Picture	stage2_box	2721974	0	1	7664	1	0	next	other	0
MAXED_1029	200	Picture	stage2_up	2729638	0	1	7664	1	0	next	other	0
MAXED_1029	201	Picture	stage2_lose	2737302	0	1	10050	1	0	next	other	0
MAXED_1029	201	Pulse	99	2740000	2698	NA
MAXED_1029	202	Picture	stage1	2747353	0	1	5033	1	0	next	false_alarm	432
MAXED_1029	202	Response	1	2752346	4993	1
MAXED_1029	203	Picture	stage1_box	2752386	0	1	7550	1	0	next	other	0
MAXED_1029	204	Picture	stage1_outcome	2759936	0	1	167	1	0	next	other	0
MAXED_1029	204	Pulse	99	2760000	64	NA
MAXED_1029	205	Picture	stage2A	2760103	0	1	4107	1	0	next	false_alarm	437
MAXED_1029	205	Response	2	2764170	4068	1
MAXED_1029	206	Picture	stage2_box	2764209	0	1	7550	1	0	next	other	0
MAXED_1029	207	Picture	stage2_up	2771759	0	1	7550	1	0	next	other	0
MAXED_1029	208	Picture	stage2_win	2779309	0	1	10051	1	0	next	other	0
MAXED_1029	208	Pulse	99	2780000	691	NA
MAXED_1029	209	Picture	stage1	2789360	0	1	8597	1	0	next	false_alarm	443
MAXED_1029	209	Response	1	2797906	8547	1
MAXED_1029	210	Picture	stage1_box	2797957	0	1	7607	1	0	next	other	0
MAXED_1029	210	Pulse	99	2800000	2043	NA
MAXED_1029	211	Picture	stage1_outcome	2805563	0	1	167	1	0	next	other	0
MAXED_1029	212	Picture	stage2A	2805730	0	1	5067	1	0	next	false_alarm	448
MAXED_1029	212	Response	2	2810747	5017	1
MAXED_1029	213	Picture	stage2_box	2810797	0	1	7550	1	0	next	other	0
MAXED_1029	214	Picture	stage2_up	2818347	0	1	7550	1	0	next	other	0
MAXED_1029	214	Pulse	99	2820000	1653	NA
MAXED_1029	215	Picture	stage2_lose	2825898	0	1	10051	1	0	next	other	0
MAXED_1029	216	Picture	stage1	2835948	0	1	10038	1	0	next	false_alarm	455
MAXED_1029	216	Pulse	99	2840000	4052	NA
MAXED_1029	216	Response	2	2845936	9988	1
MAXED_1029	217	Picture	stage1_box	2845986	0	1	7550	1	0	next	other	0
MAXED_1029	218	Picture	stage1_outcome	2853536	0	1	167	1	0	next	other	0
MAXED_1029	219	Picture	stage2A	2853703	0	1	11832	1	0	next	false_alarm	460
MAXED_1029	219	Pulse	99	2860000	6297	NA
MAXED_1029	219	Response	1	2865485	11782	1
MAXED_1029	220	Picture	stage2_box	2865535	0	1	7550	1	0	next	other	0
MAXED_1029	221	Picture	stage2_up	2873085	0	1	7552	1	0	next	other	0
MAXED_1029	221	Pulse	99	2880000	6915	NA
MAXED_1029	222	Picture	stage2_win	2880637	0	1	10054	1	0	next	other	0
MAXED_1029	223	Pulse	99	2900000	9309	NA
MAXED_1029	223	Pulse	99	2920000	29309	NA
MAXED_1029	223	Pulse	99	2940000	49309	NA
MAXED_1029	223	Response	88	2947536	56845	1
