Scenario - 
Logfile written - 03/09/2022 18:00:06

Subject	Trial	Event Type	Code	Time	TTime	Uncertainty	Duration	Uncertainty	ReqTime	ReqDur	Stim Type	Pair Index

MAXED_1024	0	Pulse	99	0	0	NA
MAXED_1024	1	Picture	instructions_1	666	0	1	187140	1	0	next	false_alarm	12
MAXED_1024	1	Pulse	99	20000	19334	NA
MAXED_1024	1	Pulse	99	40000	39334	NA
MAXED_1024	1	Pulse	99	60000	59334	NA
MAXED_1024	1	Pulse	99	80000	79334	NA
MAXED_1024	1	Pulse	99	100000	99334	NA
MAXED_1024	1	Pulse	99	120000	119334	NA
MAXED_1024	1	Pulse	99	140000	139334	NA
MAXED_1024	1	Pulse	99	160000	159334	NA
MAXED_1024	1	Pulse	99	180000	179334	NA
MAXED_1024	1	Response	88	187567	186900	1
MAXED_1024	2	Picture	instructions_2	187806	0	1	50962	1	0	next	false_alarm	16
MAXED_1024	2	Pulse	99	200000	12194	NA
MAXED_1024	2	Pulse	99	220000	32194	NA
MAXED_1024	2	Response	88	238538	50731	1
MAXED_1024	3	Picture	instructions_3	238768	0	1	69658	1	0	next	false_alarm	22
MAXED_1024	3	Pulse	99	240000	1232	NA
MAXED_1024	3	Pulse	99	260000	21232	NA
MAXED_1024	3	Pulse	99	280000	41232	NA
MAXED_1024	3	Pulse	99	300000	61232	NA
MAXED_1024	3	Response	88	308198	69430	1
MAXED_1024	4	Picture	instructions_4	308426	0	1	115208	1	0	next	false_alarm	30
MAXED_1024	4	Pulse	99	320000	11574	NA
MAXED_1024	4	Pulse	99	340000	31574	NA
MAXED_1024	4	Pulse	99	360000	51574	NA
MAXED_1024	4	Pulse	99	380000	71574	NA
MAXED_1024	4	Pulse	99	400000	91574	NA
MAXED_1024	4	Pulse	99	420000	111574	NA
MAXED_1024	4	Response	88	423403	114977	1
MAXED_1024	5	Picture	instructions_5	423635	0	1	83043	1	0	next	false_alarm	36
MAXED_1024	5	Pulse	99	440000	16365	NA
MAXED_1024	5	Pulse	99	460000	36365	NA
MAXED_1024	5	Pulse	99	480000	56365	NA
MAXED_1024	5	Pulse	99	500000	76365	NA
MAXED_1024	5	Response	88	506445	82811	1
MAXED_1024	6	Picture	instructions_6	506678	0	1	43370	1	0	next	false_alarm	40
MAXED_1024	6	Pulse	99	520000	13322	NA
MAXED_1024	6	Pulse	99	540000	33322	NA
MAXED_1024	6	Response	88	549832	43154	1
MAXED_1024	7	Picture	instructions_7	550048	0	1	96143	1	0	next	false_alarm	47
MAXED_1024	7	Pulse	99	560000	9952	NA
MAXED_1024	7	Pulse	99	580000	29952	NA
MAXED_1024	7	Pulse	99	600000	49952	NA
MAXED_1024	7	Pulse	99	620000	69952	NA
MAXED_1024	7	Pulse	99	640000	89952	NA
MAXED_1024	7	Response	88	645960	95912	1
MAXED_1024	8	Picture	instructions_8	646191	0	1	76386	1	0	next	false_alarm	53
MAXED_1024	8	Pulse	99	660000	13809	NA
MAXED_1024	8	Pulse	99	680000	33809	NA
MAXED_1024	8	Pulse	99	700000	53809	NA
MAXED_1024	8	Pulse	99	720000	73809	NA
MAXED_1024	8	Response	88	722492	76301	1
MAXED_1024	9	Picture	instructions_9	722577	0	1	53196	1	0	next	false_alarm	57
MAXED_1024	9	Pulse	99	740000	17423	NA
MAXED_1024	9	Pulse	99	760000	37423	NA
MAXED_1024	9	Response	88	775540	52963	1
MAXED_1024	10	Picture	instructions_10	775772	0	1	81029	1	0	next	false_alarm	63
MAXED_1024	10	Pulse	99	780000	4228	NA
MAXED_1024	10	Pulse	99	800000	24228	NA
MAXED_1024	10	Pulse	99	820000	44228	NA
MAXED_1024	10	Pulse	99	840000	64228	NA
MAXED_1024	10	Response	88	856570	80797	1
MAXED_1024	11	Picture	instructions_11	856802	0	1	67105	1	0	next	false_alarm	69
MAXED_1024	11	Pulse	99	860000	3198	NA
MAXED_1024	11	Pulse	99	880000	23198	NA
MAXED_1024	11	Pulse	99	900000	43198	NA
MAXED_1024	11	Pulse	99	920000	63198	NA
MAXED_1024	11	Response	88	923809	67007	1
MAXED_1024	12	Picture	instructions_12	923907	0	1	42658	1	0	next	false_alarm	73
MAXED_1024	12	Pulse	99	940000	16093	NA
MAXED_1024	12	Pulse	99	960000	36093	NA
MAXED_1024	12	Response	88	966332	42425	1
MAXED_1024	13	Picture	instructions_13	966565	0	1	98572	1	0	next	false_alarm	80
MAXED_1024	13	Pulse	99	980000	13435	NA
MAXED_1024	13	Pulse	99	1000000	33435	NA
MAXED_1024	13	Pulse	99	1020000	53435	NA
MAXED_1024	13	Pulse	99	1040000	73435	NA
MAXED_1024	13	Pulse	99	1060000	93435	NA
MAXED_1024	13	Response	88	1064904	98339	1
MAXED_1024	14	Picture	instructions_14	1065137	0	1	52935	1	0	next	false_alarm	84
MAXED_1024	14	Pulse	99	1080000	14863	NA
MAXED_1024	14	Pulse	99	1100000	34863	NA
MAXED_1024	14	Response	88	1117841	52704	1
MAXED_1024	15	Picture	instructions_15	1118071	0	1	118999	1	0	next	false_alarm	92
MAXED_1024	15	Pulse	99	1120000	1929	NA
MAXED_1024	15	Pulse	99	1140000	21929	NA
MAXED_1024	15	Pulse	99	1160000	41929	NA
MAXED_1024	15	Pulse	99	1180000	61929	NA
MAXED_1024	15	Pulse	99	1200000	81929	NA
MAXED_1024	15	Pulse	99	1220000	101929	NA
MAXED_1024	15	Response	88	1236985	118914	1
MAXED_1024	16	Picture	instructions_16	1237070	0	1	65806	1	0	next	false_alarm	96
MAXED_1024	16	Pulse	99	1240000	2930	NA
MAXED_1024	16	Pulse	99	1260000	22930	NA
MAXED_1024	16	Response	2	1270475	33405	1
MAXED_1024	16	Pulse	99	1280000	42930	NA
MAXED_1024	16	Pulse	99	1300000	62930	NA
MAXED_1024	16	Response	88	1302646	65575	1
MAXED_1024	17	Picture	instructions_17	1302876	0	1	17764	1	0	next	false_alarm	102
MAXED_1024	17	Pulse	99	1320000	17124	NA
MAXED_1024	17	Response	88	1320409	17532	1
MAXED_1024	18	Picture	instructions_18	1320640	0	1	71600	1	0	next	false_alarm	107
MAXED_1024	18	Pulse	99	1340000	19360	NA
MAXED_1024	18	Pulse	99	1360000	39360	NA
MAXED_1024	18	Pulse	99	1380000	59360	NA
MAXED_1024	18	Response	88	1392008	71368	1
MAXED_1024	19	Picture	instructions_19	1392240	0	1	96317	1	0	next	false_alarm	114
MAXED_1024	19	Pulse	99	1400000	7760	NA
MAXED_1024	19	Pulse	99	1420000	27760	NA
MAXED_1024	19	Pulse	99	1440000	47760	NA
MAXED_1024	19	Pulse	99	1460000	67760	NA
MAXED_1024	19	Pulse	99	1480000	87760	NA
MAXED_1024	19	Response	88	1488328	96088	1
MAXED_1024	20	Picture	instructions_20	1488557	0	1	64819	1	0	next	false_alarm	119
MAXED_1024	20	Pulse	99	1500000	11443	NA
MAXED_1024	20	Pulse	99	1520000	31443	NA
MAXED_1024	20	Pulse	99	1540000	51443	NA
MAXED_1024	20	Response	88	1553183	64626	1
MAXED_1024	21	Picture	instructions_21	1553376	0	1	79891	1	0	next	false_alarm	125
MAXED_1024	21	Pulse	99	1560000	6624	NA
MAXED_1024	21	Pulse	99	1580000	26624	NA
MAXED_1024	21	Pulse	99	1600000	46624	NA
MAXED_1024	21	Pulse	99	1620000	66624	NA
MAXED_1024	21	Response	88	1633030	79654	1
MAXED_1024	22	Picture	instructions_22	1633267	0	1	61414	1	0	next	false_alarm	130
MAXED_1024	22	Pulse	99	1640000	6733	NA
MAXED_1024	22	Pulse	99	1660000	26733	NA
MAXED_1024	22	Pulse	99	1680000	46733	NA
MAXED_1024	22	Response	88	1694450	61183	1
MAXED_1024	23	Picture	instructions_23	1694681	0	1	118251	1	0	next	false_alarm	138
MAXED_1024	23	Pulse	99	1700000	5319	NA
MAXED_1024	23	Pulse	99	1720000	25319	NA
MAXED_1024	23	Pulse	99	1740000	45319	NA
MAXED_1024	23	Pulse	99	1760000	65319	NA
MAXED_1024	23	Pulse	99	1780000	85319	NA
MAXED_1024	23	Pulse	99	1800000	105319	NA
MAXED_1024	23	Response	88	1812699	118018	1
MAXED_1024	24	Picture	instructions_24	1812932	0	1	84444	1	0	next	false_alarm	144
MAXED_1024	24	Pulse	99	1820000	7068	NA
MAXED_1024	24	Pulse	99	1840000	27068	NA
MAXED_1024	24	Pulse	99	1860000	47068	NA
MAXED_1024	24	Pulse	99	1880000	67068	NA
MAXED_1024	24	Response	88	1897144	84212	1
MAXED_1024	25	Picture	instructions_25	1897376	0	1	44952	1	0	next	false_alarm	149
MAXED_1024	25	Pulse	99	1900000	2624	NA
MAXED_1024	25	Pulse	99	1920000	22624	NA
MAXED_1024	25	Pulse	99	1940000	42624	NA
MAXED_1024	25	Response	88	1942099	44722	1
MAXED_1024	26	Picture	instructions_26	1942329	0	1	98646	1	0	next	false_alarm	156
MAXED_1024	26	Pulse	99	1960000	17671	NA
MAXED_1024	26	Pulse	99	1980000	37671	NA
MAXED_1024	26	Pulse	99	2000000	57671	NA
MAXED_1024	26	Pulse	99	2020000	77671	NA
MAXED_1024	26	Pulse	99	2040000	97671	NA
MAXED_1024	26	Response	88	2040744	98416	1
MAXED_1024	27	Picture	instructions_27	2040975	0	1	55583	1	0	next	false_alarm	160
MAXED_1024	27	Pulse	99	2060000	19025	NA
MAXED_1024	27	Pulse	99	2080000	39025	NA
MAXED_1024	27	Response	88	2096329	55354	1
MAXED_1024	28	Picture	instructions_28	2096557	0	1	26847	1	0	next	false_alarm	164
MAXED_1024	28	Pulse	99	2100000	3443	NA
MAXED_1024	28	Pulse	99	2120000	23443	NA
MAXED_1024	28	Response	88	2123173	26615	1
MAXED_1024	29	Picture	instructions_29	2123404	0	1	26885	1	0	next	false_alarm	167
MAXED_1024	29	Pulse	99	2140000	16596	NA
MAXED_1024	29	Response	88	2150058	26654	1
MAXED_1024	30	Picture	instructions_30	2150290	0	1	112588	1	0	next	false_alarm	175
MAXED_1024	30	Pulse	99	2160000	9710	NA
MAXED_1024	30	Pulse	99	2180000	29710	NA
MAXED_1024	30	Pulse	99	2200000	49710	NA
MAXED_1024	30	Pulse	99	2220000	69710	NA
MAXED_1024	30	Pulse	99	2240000	89710	NA
MAXED_1024	30	Pulse	99	2260000	109710	NA
MAXED_1024	30	Response	88	2262645	112356	1
MAXED_1024	31	Picture	instructions_31	2262878	0	1	62778	1	0	next	false_alarm	180
MAXED_1024	31	Pulse	99	2280000	17122	NA
MAXED_1024	31	Pulse	99	2300000	37122	NA
MAXED_1024	31	Pulse	99	2320000	57122	NA
MAXED_1024	31	Response	88	2325424	62546	1
MAXED_1024	32	Picture	instructions_32	2325656	0	1	59749	1	0	next	false_alarm	185
MAXED_1024	32	Pulse	99	2340000	14344	NA
MAXED_1024	32	Pulse	99	2360000	34344	NA
MAXED_1024	32	Pulse	99	2380000	54344	NA
MAXED_1024	32	Response	88	2385175	59519	1
MAXED_1024	33	Picture	instructions_33	2385404	0	1	33344	1	0	next	false_alarm	188
MAXED_1024	33	Pulse	99	2400000	14596	NA
MAXED_1024	33	Response	88	2418516	33112	1
MAXED_1024	34	Picture	instructions_34	2418748	0	1	55201	1	0	next	false_alarm	193
MAXED_1024	34	Pulse	99	2420000	1252	NA
MAXED_1024	34	Pulse	99	2440000	21252	NA
MAXED_1024	34	Pulse	99	2460000	41252	NA
MAXED_1024	34	Response	88	2473719	54971	1
MAXED_1024	35	Picture	instructions_35	2473949	0	1	117534	1	0	next	false_alarm	201
MAXED_1024	35	Pulse	99	2480000	6051	NA
MAXED_1024	35	Pulse	99	2500000	26051	NA
MAXED_1024	35	Pulse	99	2520000	46051	NA
MAXED_1024	35	Pulse	99	2540000	66051	NA
MAXED_1024	35	Pulse	99	2560000	86051	NA
MAXED_1024	35	Pulse	99	2580000	106051	NA
MAXED_1024	35	Response	88	2591250	117300	1
MAXED_1024	36	Picture	instructions_36	2591483	0	1	56670	1	0	next	false_alarm	206
MAXED_1024	36	Pulse	99	2600000	8517	NA
MAXED_1024	36	Pulse	99	2620000	28517	NA
MAXED_1024	36	Pulse	99	2640000	48517	NA
MAXED_1024	36	Response	88	2647922	56439	1
MAXED_1024	37	Picture	instructions_37	2648154	0	1	23786	1	0	next	false_alarm	209
MAXED_1024	37	Pulse	99	2660000	11846	NA
MAXED_1024	37	Response	88	2671875	23721	1
MAXED_1024	38	Picture	instructions_38	2671940	0	1	52843	1	0	next	false_alarm	214
MAXED_1024	38	Pulse	99	2680000	8060	NA
MAXED_1024	38	Pulse	99	2700000	28060	NA
MAXED_1024	38	Pulse	99	2720000	48060	NA
MAXED_1024	38	Response	88	2724722	52782	1
MAXED_1024	39	Picture	instructions_39	2724783	0	1	84679	1	0	next	false_alarm	220
MAXED_1024	39	Pulse	99	2740000	15217	NA
MAXED_1024	39	Pulse	99	2760000	35217	NA
MAXED_1024	39	Pulse	99	2780000	55217	NA
MAXED_1024	39	Pulse	99	2800000	75217	NA
MAXED_1024	39	Response	88	2809237	84453	1
MAXED_1024	40	Picture	instructions_40	2809463	0	1	55812	1	0	next	false_alarm	225
MAXED_1024	40	Pulse	99	2820000	10537	NA
MAXED_1024	40	Pulse	99	2840000	30537	NA
MAXED_1024	40	Pulse	99	2860000	50537	NA
MAXED_1024	40	Response	88	2865047	55585	1
MAXED_1024	41	Picture	instructions_41	2865275	0	1	48866	1	0	next	false_alarm	229
MAXED_1024	41	Pulse	99	2880000	14725	NA
MAXED_1024	41	Pulse	99	2900000	34725	NA
MAXED_1024	41	Response	88	2914081	48806	1
MAXED_1024	42	Picture	instructions_42	2914140	0	1	55591	1	0	next	false_alarm	234
MAXED_1024	42	Pulse	99	2920000	5860	NA
MAXED_1024	42	Pulse	99	2940000	25860	NA
MAXED_1024	42	Pulse	99	2960000	45860	NA
MAXED_1024	42	Response	88	2969506	55366	1
MAXED_1024	43	Picture	instructions_43	2969731	0	1	85923	1	0	next	false_alarm	240
MAXED_1024	43	Pulse	99	2980000	10269	NA
MAXED_1024	43	Pulse	99	3000000	30269	NA
MAXED_1024	43	Pulse	99	3020000	50269	NA
MAXED_1024	43	Pulse	99	3040000	70269	NA
MAXED_1024	43	Response	88	3055427	85696	1
MAXED_1024	44	Picture	instructions_44	3055655	0	1	210181	1	0	next	false_alarm	253
MAXED_1024	44	Pulse	99	3060000	4345	NA
MAXED_1024	44	Pulse	99	3080000	24345	NA
MAXED_1024	44	Pulse	99	3100000	44345	NA
MAXED_1024	44	Pulse	99	3120000	64345	NA
MAXED_1024	44	Pulse	99	3140000	84345	NA
MAXED_1024	44	Pulse	99	3160000	104345	NA
MAXED_1024	44	Pulse	99	3180000	124345	NA
MAXED_1024	44	Pulse	99	3200000	144345	NA
MAXED_1024	44	Pulse	99	3220000	164345	NA
MAXED_1024	44	Pulse	99	3240000	184345	NA
MAXED_1024	44	Pulse	99	3260000	204345	NA
MAXED_1024	44	Response	88	3265610	209955	1
MAXED_1024	45	Picture	instructions_45	3265836	0	1	76507	1	0	next	false_alarm	259
MAXED_1024	45	Pulse	99	3280000	14164	NA
MAXED_1024	45	Pulse	99	3300000	34164	NA
MAXED_1024	45	Pulse	99	3320000	54164	NA
MAXED_1024	45	Pulse	99	3340000	74164	NA
MAXED_1024	45	Response	88	3342264	76428	1
MAXED_1024	46	Picture	instructions_46	3342343	0	1	22908	1	0	next	false_alarm	262
MAXED_1024	46	Pulse	99	3360000	17657	NA
MAXED_1024	46	Response	88	3365198	22855	1
MAXED_1024	47	Picture	fixation	3365252	0	1	5165	1	0	next	other	0
MAXED_1024	48	Picture	stage1	3370416	0	1	31156	1	0	next	false_alarm	267
MAXED_1024	48	Pulse	99	3380000	9584	NA
MAXED_1024	48	Pulse	99	3400000	29584	NA
MAXED_1024	48	Response	1	3401451	31035	1
MAXED_1024	49	Picture	stage1_box	3401573	0	1	7664	1	0	next	other	0
MAXED_1024	50	Picture	stage1_outcome	3409237	0	1	167	1	0	next	other	0
MAXED_1024	51	Picture	stage2B	3409403	0	1	23492	1	0	next	false_alarm	272
MAXED_1024	51	Pulse	99	3420000	10597	NA
MAXED_1024	51	Response	1	3432769	23366	1
MAXED_1024	52	Picture	stage2_box	3432895	0	1	7664	1	0	next	other	0
MAXED_1024	52	Pulse	99	3440000	7105	NA
MAXED_1024	53	Picture	stage2_up	3440559	0	1	7664	1	0	next	other	0
MAXED_1024	54	Picture	stage2_lose	3448224	0	1	10118	1	0	next	other	0
MAXED_1024	55	Picture	stage1	3458342	0	1	18515	1	0	next	false_alarm	279
MAXED_1024	55	Pulse	99	3460000	1658	NA
MAXED_1024	55	Response	2	3476798	18457	1
MAXED_1024	56	Picture	stage1_box	3476857	0	1	7550	1	0	next	other	0
MAXED_1024	56	Pulse	99	3480000	3143	NA
MAXED_1024	57	Picture	stage1_outcome	3484407	0	1	167	1	0	next	other	0
MAXED_1024	58	Picture	stage2B	3484573	0	1	21680	1	0	next	false_alarm	285
MAXED_1024	58	Pulse	99	3500000	15427	NA
MAXED_1024	58	Response	2	3506118	21545	1
MAXED_1024	59	Picture	stage2_box	3506253	0	1	7700	1	0	next	other	0
MAXED_1024	60	Picture	stage2_up	3513953	0	1	7632	1	0	next	other	0
MAXED_1024	60	Pulse	99	3520000	6047	NA
MAXED_1024	61	Picture	stage2_lose	3521585	0	1	10054	1	0	next	other	0
MAXED_1024	62	Picture	stage1	3531639	0	1	11782	1	0	next	false_alarm	292
MAXED_1024	62	Pulse	99	3540000	8361	NA
MAXED_1024	62	Response	2	3543371	11732	1
MAXED_1024	63	Picture	stage1_box	3543421	0	1	7550	1	0	next	other	0
MAXED_1024	64	Picture	stage1_outcome	3550971	0	1	167	1	0	next	other	0
MAXED_1024	65	Picture	stage2B	3551138	0	1	14109	1	0	next	false_alarm	297
MAXED_1024	65	Pulse	99	3560000	8862	NA
MAXED_1024	65	Response	1	3565196	14059	1
MAXED_1024	66	Picture	stage2_box	3565247	0	1	7664	1	0	next	other	0
MAXED_1024	67	Picture	stage2_up	3572911	0	1	7664	1	0	next	other	0
MAXED_1024	67	Pulse	99	3580000	7089	NA
MAXED_1024	68	Picture	stage2_win	3580575	0	1	10163	1	0	next	other	0
MAXED_1024	69	Picture	stage1	3590738	0	1	13119	1	0	next	false_alarm	304
MAXED_1024	69	Pulse	99	3600000	9262	NA
MAXED_1024	69	Response	1	3603807	13068	1
MAXED_1024	70	Picture	stage1_box	3603857	0	1	7551	1	0	next	other	0
MAXED_1024	71	Picture	stage1_outcome	3611408	0	1	167	1	0	next	other	0
MAXED_1024	72	Picture	stage2A	3611575	0	1	20115	1	0	next	false_alarm	309
MAXED_1024	72	Pulse	99	3620000	8425	NA
MAXED_1024	72	Response	1	3631634	20060	1
MAXED_1024	73	Picture	stage2_box	3631689	0	1	7550	1	0	next	other	0
MAXED_1024	74	Picture	stage2_up	3639239	0	1	7551	1	0	next	other	0
MAXED_1024	74	Pulse	99	3640000	761	NA
MAXED_1024	75	Picture	stage2_win	3646790	0	1	10050	1	0	next	other	0
MAXED_1024	76	Picture	stage1	3656840	0	1	15598	1	0	next	false_alarm	316
MAXED_1024	76	Pulse	99	3660000	3160	NA
MAXED_1024	76	Response	1	3672388	15548	1
MAXED_1024	77	Picture	stage1_box	3672439	0	1	7550	1	0	next	other	0
MAXED_1024	78	Picture	stage1_outcome	3679989	0	1	167	1	0	next	other	0
MAXED_1024	78	Pulse	99	3680000	11	NA
MAXED_1024	79	Picture	stage2A	3680156	0	1	23140	1	0	next	false_alarm	322
MAXED_1024	79	Pulse	99	3700000	19844	NA
MAXED_1024	79	Response	1	3703245	23089	1
MAXED_1024	80	Picture	stage2_box	3703295	0	1	7550	1	0	next	other	0
MAXED_1024	81	Picture	stage2_up	3710845	0	1	7550	1	0	next	other	0
MAXED_1024	82	Picture	stage2_lose	3718396	0	1	10051	1	0	next	other	0
MAXED_1024	82	Pulse	99	3720000	1604	NA
MAXED_1024	83	Picture	stage1	3728446	0	1	56496	1	0	next	false_alarm	330
MAXED_1024	83	Pulse	99	3740000	11554	NA
MAXED_1024	83	Pulse	99	3760000	31554	NA
MAXED_1024	83	Response	88	3779788	51342	1
MAXED_1024	83	Pulse	99	3780000	51554	NA
MAXED_1024	83	Response	1	3784891	56445	1
MAXED_1024	84	Picture	stage1_box	3784942	0	1	7550	1	0	next	other	0
MAXED_1024	85	Picture	stage1_outcome	3792492	0	1	167	1	0	next	other	0
MAXED_1024	86	Picture	stage2A	3792659	0	1	19872	1	0	next	false_alarm	337
MAXED_1024	86	Pulse	99	3800000	7341	NA
MAXED_1024	86	Response	2	3812477	19818	1
MAXED_1024	87	Picture	stage2_box	3812530	0	1	7551	1	0	next	other	0
MAXED_1024	87	Pulse	99	3820000	7470	NA
MAXED_1024	88	Picture	stage2_up	3820082	0	1	7550	1	0	next	other	0
MAXED_1024	89	Picture	stage2_lose	3827632	0	1	10051	1	0	next	other	0
MAXED_1024	90	Picture	stage1	3837683	0	1	7751	1	0	next	false_alarm	344
MAXED_1024	90	Pulse	99	3840000	2317	NA
MAXED_1024	90	Response	2	3845384	7702	1
MAXED_1024	91	Picture	stage1_box	3845434	0	1	7550	1	0	next	other	0
MAXED_1024	92	Picture	stage1_outcome	3852984	0	1	167	1	0	next	other	0
MAXED_1024	93	Picture	stage2B	3853150	0	1	12540	1	0	next	false_alarm	349
MAXED_1024	93	Pulse	99	3860000	6850	NA
MAXED_1024	93	Response	2	3865640	12490	1
MAXED_1024	94	Picture	stage2_box	3865690	0	1	7664	1	0	next	other	0
MAXED_1024	95	Picture	stage2_up	3873354	0	1	7664	1	0	next	other	0
MAXED_1024	95	Pulse	99	3880000	6646	NA
MAXED_1024	96	Picture	stage2_lose	3881018	0	1	10051	1	0	next	other	0
MAXED_1024	97	Picture	stage1	3891069	0	1	6613	1	0	next	false_alarm	355
MAXED_1024	97	Response	2	3897630	6560	1
MAXED_1024	98	Picture	stage1_box	3897682	0	1	7550	1	0	next	other	0
MAXED_1024	98	Pulse	99	3900000	2318	NA
MAXED_1024	99	Picture	stage1_outcome	3905232	0	1	167	1	0	next	other	0
MAXED_1024	100	Picture	stage2A	3905399	0	1	11161	1	0	next	false_alarm	360
MAXED_1024	100	Response	1	3916510	11111	1
MAXED_1024	101	Picture	stage2_box	3916560	0	1	7550	1	0	next	other	0
MAXED_1024	101	Pulse	99	3920000	3440	NA
MAXED_1024	102	Picture	stage2_up	3924110	0	1	7603	1	0	next	other	0
MAXED_1024	103	Picture	stage2_lose	3931713	0	1	10051	1	0	next	other	0
MAXED_1024	103	Pulse	99	3940000	8287	NA
MAXED_1024	104	Picture	stage1	3941764	0	1	4504	1	0	next	false_alarm	367
MAXED_1024	104	Response	1	3946215	4451	1
MAXED_1024	105	Picture	stage1_box	3946267	0	1	7550	1	0	next	other	0
MAXED_1024	106	Picture	stage1_outcome	3953818	0	1	167	1	0	next	other	0
MAXED_1024	107	Picture	stage2A	3953984	0	1	5940	1	0	next	false_alarm	371
MAXED_1024	107	Response	1	3959875	5890	1
MAXED_1024	108	Picture	stage2_box	3959925	0	1	7717	1	0	next	other	0
MAXED_1024	108	Pulse	99	3960000	75	NA
MAXED_1024	109	Picture	stage2_up	3967642	0	1	7550	1	0	next	other	0
MAXED_1024	110	Picture	stage2_win	3975192	0	1	10050	1	0	next	other	0
MAXED_1024	110	Pulse	99	3980000	4808	NA
MAXED_1024	111	Picture	stage1	3985242	0	1	4426	1	0	next	false_alarm	378
MAXED_1024	111	Response	1	3989618	4376	1
MAXED_1024	112	Picture	stage1_box	3989668	0	1	7551	1	0	next	other	0
MAXED_1024	113	Picture	stage1_outcome	3997219	0	1	167	1	0	next	other	0
MAXED_1024	114	Picture	stage2A	3997386	0	1	4661	1	0	next	false_alarm	383
MAXED_1024	114	Pulse	99	4000000	2614	NA
MAXED_1024	114	Response	1	4001996	4611	1
MAXED_1024	115	Picture	stage2_box	4002047	0	1	7551	1	0	next	other	0
MAXED_1024	116	Picture	stage2_up	4009597	0	1	7550	1	0	next	other	0
MAXED_1024	117	Picture	stage2_win	4017148	0	1	10145	1	0	next	other	0
MAXED_1024	117	Pulse	99	4020000	2852	NA
MAXED_1024	118	Picture	stage1	4027293	0	1	4559	1	0	next	false_alarm	389
MAXED_1024	118	Response	1	4031801	4508	1
MAXED_1024	119	Picture	stage1_box	4031851	0	1	7550	1	0	next	other	0
MAXED_1024	120	Picture	stage1_outcome	4039401	0	1	167	1	0	next	other	0
MAXED_1024	121	Picture	stage2A	4039568	0	1	3954	1	0	next	false_alarm	394
MAXED_1024	121	Pulse	99	4040000	432	NA
MAXED_1024	121	Response	1	4043472	3904	1
MAXED_1024	122	Picture	stage2_box	4043522	0	1	7550	1	0	next	other	0
MAXED_1024	123	Picture	stage2_up	4051072	0	1	7551	1	0	next	other	0
MAXED_1024	124	Picture	stage2_win	4058623	0	1	10052	1	0	next	other	0
MAXED_1024	124	Pulse	99	4060000	1377	NA
MAXED_1024	125	Picture	stage1	4068675	0	1	4233	1	0	next	false_alarm	400
MAXED_1024	125	Response	1	4072857	4182	1
MAXED_1024	126	Picture	stage1_box	4072908	0	1	7550	1	0	next	other	0
MAXED_1024	126	Pulse	99	4080000	7092	NA
MAXED_1024	127	Picture	stage1_outcome	4080458	0	1	167	1	0	next	other	0
MAXED_1024	128	Picture	stage2A	4080624	0	1	4671	1	0	next	false_alarm	405
MAXED_1024	128	Response	1	4085246	4621	1
MAXED_1024	129	Picture	stage2_box	4085296	0	1	7551	1	0	next	other	0
MAXED_1024	130	Picture	stage2_up	4092846	0	1	7550	1	0	next	other	0
MAXED_1024	130	Pulse	99	4100000	7154	NA
MAXED_1024	131	Picture	stage2_lose	4100397	0	1	10051	1	0	next	other	0
MAXED_1024	132	Picture	stage1	4110448	0	1	6485	1	0	next	false_alarm	411
MAXED_1024	132	Response	2	4116883	6435	1
MAXED_1024	133	Picture	stage1_box	4116933	0	1	7550	1	0	next	other	0
MAXED_1024	133	Pulse	99	4120000	3067	NA
MAXED_1024	134	Picture	stage1_outcome	4124483	0	1	167	1	0	next	other	0
MAXED_1024	135	Picture	stage2B	4124650	0	1	5106	1	0	next	false_alarm	416
MAXED_1024	135	Response	2	4129706	5056	1
MAXED_1024	136	Picture	stage2_box	4129756	0	1	7664	1	0	next	other	0
MAXED_1024	137	Picture	stage2_up	4137420	0	1	7664	1	0	next	other	0
MAXED_1024	137	Pulse	99	4140000	2580	NA
MAXED_1024	138	Picture	stage2_lose	4145084	0	1	10052	1	0	next	other	0
MAXED_1024	139	Picture	stage1	4155136	0	1	3692	1	0	next	false_alarm	422
MAXED_1024	139	Response	2	4158777	3641	1
MAXED_1024	140	Picture	stage1_box	4158827	0	1	7628	1	0	next	other	0
MAXED_1024	140	Pulse	99	4160000	1173	NA
MAXED_1024	141	Picture	stage1_outcome	4166455	0	1	167	1	0	next	other	0
MAXED_1024	142	Picture	stage2B	4166622	0	1	8023	1	0	next	false_alarm	427
MAXED_1024	142	Response	1	4174594	7972	1
MAXED_1024	143	Picture	stage2_box	4174645	0	1	7664	1	0	next	other	0
MAXED_1024	143	Pulse	99	4180000	5355	NA
MAXED_1024	144	Picture	stage2_up	4182309	0	1	7664	1	0	next	other	0
MAXED_1024	145	Picture	stage2_lose	4189973	0	1	10099	1	0	next	other	0
MAXED_1024	145	Pulse	99	4200000	10027	NA
MAXED_1024	146	Picture	stage1	4200071	0	1	5693	1	0	next	false_alarm	434
MAXED_1024	146	Response	1	4205713	5642	1
MAXED_1024	147	Picture	stage1_box	4205764	0	1	7620	1	0	next	other	0
MAXED_1024	148	Picture	stage1_outcome	4213384	0	1	167	1	0	next	other	0
MAXED_1024	149	Picture	stage2A	4213551	0	1	7397	1	0	next	false_alarm	439
MAXED_1024	149	Pulse	99	4220000	6449	NA
MAXED_1024	149	Response	1	4220898	7347	1
MAXED_1024	150	Picture	stage2_box	4220948	0	1	7551	1	0	next	other	0
MAXED_1024	151	Picture	stage2_up	4228499	0	1	7550	1	0	next	other	0
MAXED_1024	152	Picture	stage2_lose	4236050	0	1	10063	1	0	next	other	0
MAXED_1024	152	Pulse	99	4240000	3950	NA
MAXED_1024	153	Picture	stage1	4246112	0	1	5253	1	0	next	false_alarm	445
MAXED_1024	153	Response	1	4251316	5203	1
MAXED_1024	154	Picture	stage1_box	4251365	0	1	7550	1	0	next	other	0
MAXED_1024	155	Picture	stage1_outcome	4258916	0	1	167	1	0	next	other	0
MAXED_1024	156	Picture	stage2B	4259082	0	1	8274	1	0	next	false_alarm	450
MAXED_1024	156	Pulse	99	4260000	918	NA
MAXED_1024	156	Response	2	4267305	8223	1
MAXED_1024	157	Picture	stage2_box	4267356	0	1	7664	1	0	next	other	0
MAXED_1024	158	Picture	stage2_up	4275020	0	1	7664	1	0	next	other	0
MAXED_1024	158	Pulse	99	4280000	4980	NA
MAXED_1024	159	Picture	stage2_lose	4282684	0	1	10050	1	0	next	other	0
MAXED_1024	160	Picture	stage1	4292734	0	1	3730	1	0	next	false_alarm	456
MAXED_1024	160	Response	2	4296413	3679	1
MAXED_1024	161	Picture	stage1_box	4296463	0	1	7551	1	0	next	other	0
MAXED_1024	161	Pulse	99	4300000	3537	NA
MAXED_1024	162	Picture	stage1_outcome	4304014	0	1	167	1	0	next	other	0
MAXED_1024	163	Picture	stage2B	4304181	0	1	4153	1	0	next	false_alarm	461
MAXED_1024	163	Response	2	4308283	4103	1
MAXED_1024	164	Picture	stage2_box	4308334	0	1	7664	1	0	next	other	0
MAXED_1024	165	Picture	stage2_up	4315998	0	1	7664	1	0	next	other	0
MAXED_1024	165	Pulse	99	4320000	4002	NA
MAXED_1024	166	Picture	stage2_lose	4323662	0	1	10051	1	0	next	other	0
MAXED_1024	167	Picture	stage1	4333713	0	1	5308	1	0	next	false_alarm	467
MAXED_1024	167	Response	1	4338970	5258	1
MAXED_1024	168	Picture	stage1_box	4339020	0	1	7550	1	0	next	other	0
MAXED_1024	168	Pulse	99	4340000	980	NA
MAXED_1024	169	Picture	stage1_outcome	4346571	0	1	167	1	0	next	other	0
MAXED_1024	170	Picture	stage2A	4346737	0	1	17414	1	0	next	false_alarm	473
MAXED_1024	170	Pulse	99	4360000	13263	NA
MAXED_1024	170	Response	1	4363955	17218	1
MAXED_1024	171	Picture	stage2_box	4364151	0	1	7551	1	0	next	other	0
MAXED_1024	172	Picture	stage2_up	4371701	0	1	7550	1	0	next	other	0
MAXED_1024	173	Picture	stage2_lose	4379252	0	1	10051	1	0	next	other	0
MAXED_1024	173	Pulse	99	4380000	748	NA
MAXED_1024	174	Picture	stage1	4389302	0	1	7193	1	0	next	false_alarm	479
MAXED_1024	174	Response	1	4396445	7143	1
MAXED_1024	175	Picture	stage1_box	4396496	0	1	7550	1	0	next	other	0
MAXED_1024	175	Pulse	99	4400000	3504	NA
MAXED_1024	176	Picture	stage1_outcome	4404046	0	1	167	1	0	next	other	0
MAXED_1024	177	Picture	stage2B	4404213	0	1	15538	1	0	next	false_alarm	484
MAXED_1024	177	Response	2	4419700	15488	1
MAXED_1024	178	Picture	stage2_box	4419751	0	1	7664	1	0	next	other	0
MAXED_1024	178	Pulse	99	4420000	249	NA
MAXED_1024	179	Picture	stage2_up	4427415	0	1	7664	1	0	next	other	0
MAXED_1024	180	Picture	stage2_win	4435079	0	1	10163	1	0	next	other	0
MAXED_1024	180	Pulse	99	4440000	4921	NA
MAXED_1024	181	Picture	stage1	4445242	0	1	12301	1	0	next	false_alarm	491
MAXED_1024	181	Response	1	4457493	12251	1
MAXED_1024	182	Picture	stage1_box	4457543	0	1	7551	1	0	next	other	0
MAXED_1024	182	Pulse	99	4460000	2457	NA
MAXED_1024	183	Picture	stage1_outcome	4465094	0	1	167	1	0	next	other	0
MAXED_1024	184	Picture	stage2A	4465260	0	1	23988	1	0	next	false_alarm	497
MAXED_1024	184	Pulse	99	4480000	14740	NA
MAXED_1024	184	Response	1	4489197	23937	1
MAXED_1024	185	Picture	stage2_box	4489248	0	1	7550	1	0	next	other	0
MAXED_1024	186	Picture	stage2_up	4496798	0	1	7551	1	0	next	other	0
MAXED_1024	186	Pulse	99	4500000	3202	NA
MAXED_1024	187	Picture	stage2_lose	4504350	0	1	10051	1	0	next	other	0
MAXED_1024	188	Picture	stage1	4514401	0	1	7933	1	0	next	false_alarm	504
MAXED_1024	188	Pulse	99	4520000	5599	NA
MAXED_1024	188	Response	1	4522284	7883	1
MAXED_1024	189	Picture	stage1_box	4522334	0	1	7551	1	0	next	other	0
MAXED_1024	190	Picture	stage1_outcome	4529885	0	1	167	1	0	next	other	0
MAXED_1024	191	Picture	stage2A	4530052	0	1	9295	1	0	next	false_alarm	508
MAXED_1024	191	Response	2	4539294	9243	1
MAXED_1024	192	Picture	stage2_box	4539347	0	1	7216	1	0	next	false_alarm	511
MAXED_1024	192	Pulse	99	4540000	653	NA
MAXED_1024	192	Response	2	4546513	7166	1
MAXED_1024	193	Picture	stage2_up	4546563	0	1	7550	1	0	next	other	0
MAXED_1024	194	Picture	stage2_win	4554113	0	1	10084	1	0	next	other	0
MAXED_1024	194	Pulse	99	4560000	5887	NA
MAXED_1024	195	Picture	stage1	4564197	0	1	29542	1	0	next	false_alarm	517
MAXED_1024	195	Pulse	99	4580000	15803	NA
MAXED_1024	195	Response	1	4593689	29492	1
MAXED_1024	196	Picture	stage1_box	4593739	0	1	7550	1	0	next	other	0
MAXED_1024	196	Pulse	99	4600000	6261	NA
MAXED_1024	197	Picture	stage1_outcome	4601290	0	1	167	1	0	next	other	0
MAXED_1024	198	Picture	stage2A	4601457	0	1	12293	1	0	next	false_alarm	522
MAXED_1024	198	Response	2	4613699	12242	1
MAXED_1024	199	Picture	stage2_box	4613750	0	1	7551	1	0	next	other	0
MAXED_1024	199	Pulse	99	4620000	6250	NA
MAXED_1024	200	Picture	stage2_up	4621301	0	1	7550	1	0	next	other	0
MAXED_1024	201	Picture	stage2_win	4628851	0	1	10050	1	0	next	other	0
MAXED_1024	202	Picture	stage1	4638902	0	1	10586	1	0	next	false_alarm	529
MAXED_1024	202	Pulse	99	4640000	1098	NA
MAXED_1024	202	Response	1	4649438	10536	1
MAXED_1024	203	Picture	stage1_box	4649488	0	1	7551	1	0	next	other	0
MAXED_1024	204	Picture	stage1_outcome	4657039	0	1	167	1	0	next	other	0
MAXED_1024	205	Picture	stage2A	4657206	0	1	12558	1	0	next	false_alarm	534
MAXED_1024	205	Pulse	99	4660000	2794	NA
MAXED_1024	205	Response	2	4669713	12507	1
MAXED_1024	206	Picture	stage2_box	4669764	0	1	7551	1	0	next	other	0
MAXED_1024	207	Picture	stage2_up	4677315	0	1	7551	1	0	next	other	0
MAXED_1024	207	Pulse	99	4680000	2685	NA
MAXED_1024	208	Picture	stage2_win	4684866	0	1	10051	1	0	next	other	0
MAXED_1024	209	Picture	stage1	4694917	0	1	9740	1	0	next	false_alarm	541
MAXED_1024	209	Pulse	99	4700000	5083	NA
MAXED_1024	209	Response	1	4704606	9690	1
MAXED_1024	210	Picture	stage1_box	4704657	0	1	1161	1	0	next	false_alarm	543
MAXED_1024	210	Response	1	4705767	1111	1
MAXED_1024	211	Picture	stage1_outcome	4705817	0	1	167	1	0	next	other	0
MAXED_1024	212	Picture	stage2A	4705984	0	1	9334	1	0	next	false_alarm	546
MAXED_1024	212	Response	2	4715220	9237	1
MAXED_1024	213	Picture	stage2_box	4715318	0	1	7564	1	0	next	other	0
MAXED_1024	213	Pulse	99	4720000	4682	NA
MAXED_1024	214	Picture	stage2_up	4722882	0	1	7551	1	0	next	other	0
MAXED_1024	215	Picture	stage2_lose	4730433	0	1	10051	1	0	next	other	0
MAXED_1024	215	Pulse	99	4740000	9567	NA
MAXED_1024	216	Picture	stage1	4740484	0	1	10237	1	0	next	false_alarm	553
MAXED_1024	216	Response	2	4750670	10186	1
MAXED_1024	217	Picture	stage1_box	4750721	0	1	7550	1	0	next	other	0
MAXED_1024	218	Picture	stage1_outcome	4758271	0	1	167	1	0	next	other	0
MAXED_1024	219	Picture	stage2A	4758438	0	1	4477	1	0	next	false_alarm	558
MAXED_1024	219	Pulse	99	4760000	1562	NA
MAXED_1024	219	Response	2	4762865	4427	1
MAXED_1024	220	Picture	stage2_box	4762915	0	1	7653	1	0	next	other	0
MAXED_1024	221	Picture	stage2_up	4770568	0	1	7550	1	0	next	other	0
MAXED_1024	222	Picture	stage2_lose	4778118	0	1	10054	1	0	next	other	0
MAXED_1024	222	Pulse	99	4780000	1882	NA
MAXED_1024	223	Pulse	99	4800000	11828	NA
MAXED_1024	223	Pulse	99	4820000	31828	NA
MAXED_1024	223	Response	2	4837958	49787	1
MAXED_1024	223	Pulse	99	4840000	51828	NA
MAXED_1024	223	Response	88	4848846	60674	1
