Scenario - 
Logfile written - 03/17/2022 17:37:12

Subject	Trial	Event Type	Code	Time	TTime	Uncertainty	Duration	Uncertainty	ReqTime	ReqDur	Stim Type	Pair Index

MAXED_1023	0	Pulse	99	0	0	NA
MAXED_1023	1	Picture	instructions_1	166	0	1	561001	1	0	next	false_alarm	31
MAXED_1023	1	Pulse	99	20000	19834	NA
MAXED_1023	1	Pulse	99	40000	39834	NA
MAXED_1023	1	Pulse	99	60000	59834	NA
MAXED_1023	1	Pulse	99	80000	79834	NA
MAXED_1023	1	Pulse	99	100000	99834	NA
MAXED_1023	1	Pulse	99	120000	119834	NA
MAXED_1023	1	Pulse	99	140000	139834	NA
MAXED_1023	1	Pulse	99	160000	159834	NA
MAXED_1023	1	Pulse	99	180000	179834	NA
MAXED_1023	1	Pulse	99	200000	199834	NA
MAXED_1023	1	Pulse	99	220000	219834	NA
MAXED_1023	1	Pulse	99	240000	239834	NA
MAXED_1023	1	Pulse	99	260000	259834	NA
MAXED_1023	1	Pulse	99	280000	279834	NA
MAXED_1023	1	Pulse	99	300000	299834	NA
MAXED_1023	1	Pulse	99	320000	319834	NA
MAXED_1023	1	Pulse	99	340000	339834	NA
MAXED_1023	1	Pulse	99	360000	359834	NA
MAXED_1023	1	Pulse	99	380000	379834	NA
MAXED_1023	1	Pulse	99	400000	399834	NA
MAXED_1023	1	Pulse	99	420000	419834	NA
MAXED_1023	1	Pulse	99	440000	439834	NA
MAXED_1023	1	Pulse	99	460000	459834	NA
MAXED_1023	1	Pulse	99	480000	479834	NA
MAXED_1023	1	Pulse	99	500000	499834	NA
MAXED_1023	1	Pulse	99	520000	519834	NA
MAXED_1023	1	Pulse	99	540000	539834	NA
MAXED_1023	1	Pulse	99	560000	559834	NA
MAXED_1023	1	Response	88	560979	560813	1
MAXED_1023	2	Picture	instructions_2	561168	0	1	66167	1	0	next	false_alarm	36
MAXED_1023	2	Pulse	99	580000	18832	NA
MAXED_1023	2	Pulse	99	600000	38832	NA
MAXED_1023	2	Pulse	99	620000	58832	NA
MAXED_1023	2	Response	88	627219	66051	1
MAXED_1023	3	Picture	instructions_3	627335	0	1	81334	1	0	next	false_alarm	42
MAXED_1023	3	Pulse	99	640000	12665	NA
MAXED_1023	3	Pulse	99	660000	32665	NA
MAXED_1023	3	Pulse	99	680000	52665	NA
MAXED_1023	3	Pulse	99	700000	72665	NA
MAXED_1023	3	Response	88	708499	81165	1
MAXED_1023	4	Picture	instructions_4	708668	0	1	103667	1	0	next	false_alarm	49
MAXED_1023	4	Pulse	99	720000	11332	NA
MAXED_1023	4	Pulse	99	740000	31332	NA
MAXED_1023	4	Pulse	99	760000	51332	NA
MAXED_1023	4	Pulse	99	780000	71332	NA
MAXED_1023	4	Pulse	99	800000	91332	NA
MAXED_1023	4	Response	88	812259	103591	1
MAXED_1023	5	Picture	instructions_5	812335	0	1	107500	1	0	next	false_alarm	56
MAXED_1023	5	Pulse	99	820000	7665	NA
MAXED_1023	5	Pulse	99	840000	27665	NA
MAXED_1023	5	Pulse	99	860000	47665	NA
MAXED_1023	5	Pulse	99	880000	67665	NA
MAXED_1023	5	Pulse	99	900000	87665	NA
MAXED_1023	5	Response	88	919620	107285	1
MAXED_1023	6	Picture	instructions_6	919835	0	1	53667	1	0	next	false_alarm	61
MAXED_1023	6	Pulse	99	920000	165	NA
MAXED_1023	6	Pulse	99	940000	20165	NA
MAXED_1023	6	Pulse	99	960000	40165	NA
MAXED_1023	6	Response	88	973380	53544	1
MAXED_1023	7	Picture	instructions_7	973502	0	1	149500	1	0	next	false_alarm	71
MAXED_1023	7	Pulse	99	980000	6498	NA
MAXED_1023	7	Pulse	99	1000000	26498	NA
MAXED_1023	7	Pulse	99	1020000	46498	NA
MAXED_1023	7	Pulse	99	1040000	66498	NA
MAXED_1023	7	Pulse	99	1060000	86498	NA
MAXED_1023	7	Pulse	99	1080000	106498	NA
MAXED_1023	7	Pulse	99	1100000	126498	NA
MAXED_1023	7	Pulse	99	1120000	146498	NA
MAXED_1023	7	Response	88	1122900	149397	1
MAXED_1023	8	Picture	instructions_8	1123003	0	1	83834	1	0	next	false_alarm	77
MAXED_1023	8	Pulse	99	1140000	16997	NA
MAXED_1023	8	Pulse	99	1160000	36997	NA
MAXED_1023	8	Pulse	99	1180000	56997	NA
MAXED_1023	8	Pulse	99	1200000	76997	NA
MAXED_1023	8	Response	88	1206660	83657	1
MAXED_1023	9	Picture	instructions_9	1206836	0	1	59833	1	0	next	false_alarm	82
MAXED_1023	9	Pulse	99	1220000	13164	NA
MAXED_1023	9	Pulse	99	1240000	33164	NA
MAXED_1023	9	Pulse	99	1260000	53164	NA
MAXED_1023	9	Response	88	1266500	59664	1
MAXED_1023	10	Picture	instructions_10	1266670	0	1	111834	1	0	next	false_alarm	89
MAXED_1023	10	Pulse	99	1280000	13330	NA
MAXED_1023	10	Pulse	99	1300000	33330	NA
MAXED_1023	10	Pulse	99	1320000	53330	NA
MAXED_1023	10	Pulse	99	1340000	73330	NA
MAXED_1023	10	Pulse	99	1360000	93330	NA
MAXED_1023	10	Response	88	1378420	111751	1
MAXED_1023	11	Picture	instructions_11	1378503	0	1	84500	1	0	next	false_alarm	96
MAXED_1023	11	Pulse	99	1380000	1497	NA
MAXED_1023	11	Pulse	99	1400000	21497	NA
MAXED_1023	11	Pulse	99	1420000	41497	NA
MAXED_1023	11	Pulse	99	1440000	61497	NA
MAXED_1023	11	Pulse	99	1460000	81497	NA
MAXED_1023	11	Response	88	1462901	84397	1
MAXED_1023	12	Picture	instructions_12	1463004	0	1	52833	1	0	next	false_alarm	100
MAXED_1023	12	Pulse	99	1480000	16996	NA
MAXED_1023	12	Pulse	99	1500000	36996	NA
MAXED_1023	12	Response	88	1515700	52697	1
MAXED_1023	13	Picture	instructions_13	1515837	0	1	102500	1	0	next	false_alarm	107
MAXED_1023	13	Pulse	99	1520000	4163	NA
MAXED_1023	13	Pulse	99	1540000	24163	NA
MAXED_1023	13	Pulse	99	1560000	44163	NA
MAXED_1023	13	Pulse	99	1580000	64163	NA
MAXED_1023	13	Pulse	99	1600000	84163	NA
MAXED_1023	13	Response	88	1618261	102424	1
MAXED_1023	14	Picture	instructions_14	1618337	0	1	20333	1	0	next	false_alarm	110
MAXED_1023	14	Pulse	99	1620000	1663	NA
MAXED_1023	14	Response	88	1638500	20163	1
MAXED_1023	15	Picture	instructions_15	1638671	0	1	112000	1	0	next	false_alarm	118
MAXED_1023	15	Pulse	99	1640000	1329	NA
MAXED_1023	15	Pulse	99	1660000	21329	NA
MAXED_1023	15	Pulse	99	1680000	41329	NA
MAXED_1023	15	Pulse	99	1700000	61329	NA
MAXED_1023	15	Pulse	99	1720000	81329	NA
MAXED_1023	15	Pulse	99	1740000	101329	NA
MAXED_1023	15	Response	88	1750581	111910	1
MAXED_1023	16	Picture	instructions_16	1750671	0	1	64667	1	0	next	false_alarm	123
MAXED_1023	16	Pulse	99	1760000	9329	NA
MAXED_1023	16	Pulse	99	1780000	29329	NA
MAXED_1023	16	Pulse	99	1800000	49329	NA
MAXED_1023	16	Response	88	1815221	64550	1
MAXED_1023	17	Picture	instructions_17	1815338	0	1	23500	1	0	next	false_alarm	126
MAXED_1023	17	Pulse	99	1820000	4662	NA
MAXED_1023	17	Response	88	1838661	23323	1
MAXED_1023	18	Picture	instructions_18	1838838	0	1	79834	1	0	next	false_alarm	132
MAXED_1023	18	Pulse	99	1840000	1162	NA
MAXED_1023	18	Pulse	99	1860000	21162	NA
MAXED_1023	18	Pulse	99	1880000	41162	NA
MAXED_1023	18	Pulse	99	1900000	61162	NA
MAXED_1023	18	Response	88	1918581	79743	1
MAXED_1023	19	Picture	instructions_19	1918671	0	1	117500	1	0	next	false_alarm	140
MAXED_1023	19	Pulse	99	1920000	1329	NA
MAXED_1023	19	Pulse	99	1940000	21329	NA
MAXED_1023	19	Pulse	99	1960000	41329	NA
MAXED_1023	19	Pulse	99	1980000	61329	NA
MAXED_1023	19	Pulse	99	2000000	81329	NA
MAXED_1023	19	Pulse	99	2020000	101329	NA
MAXED_1023	19	Response	88	2036021	117350	1
MAXED_1023	20	Picture	instructions_20	2036172	0	1	96334	1	0	next	false_alarm	147
MAXED_1023	20	Pulse	99	2040000	3828	NA
MAXED_1023	20	Pulse	99	2060000	23828	NA
MAXED_1023	20	Pulse	99	2080000	43828	NA
MAXED_1023	20	Pulse	99	2100000	63828	NA
MAXED_1023	20	Pulse	99	2120000	83828	NA
MAXED_1023	20	Response	88	2132421	96250	1
MAXED_1023	21	Picture	instructions_21	2132505	0	1	371668	1	0	next	false_alarm	167
MAXED_1023	21	Pulse	99	2140000	7495	NA
MAXED_1023	21	Pulse	99	2160000	27495	NA
MAXED_1023	21	Pulse	99	2180000	47495	NA
MAXED_1023	21	Pulse	99	2200000	67495	NA
MAXED_1023	21	Pulse	99	2220000	87495	NA
MAXED_1023	21	Pulse	99	2240000	107495	NA
MAXED_1023	21	Pulse	99	2260000	127495	NA
MAXED_1023	21	Pulse	99	2280000	147495	NA
MAXED_1023	21	Pulse	99	2300000	167495	NA
MAXED_1023	21	Pulse	99	2320000	187495	NA
MAXED_1023	21	Pulse	99	2340000	207495	NA
MAXED_1023	21	Pulse	99	2360000	227495	NA
MAXED_1023	21	Pulse	99	2380000	247495	NA
MAXED_1023	21	Pulse	99	2400000	267495	NA
MAXED_1023	21	Pulse	99	2420000	287495	NA
MAXED_1023	21	Pulse	99	2440000	307495	NA
MAXED_1023	21	Pulse	99	2460000	327495	NA
MAXED_1023	21	Pulse	99	2480000	347495	NA
MAXED_1023	21	Response	2	2485862	353357	1
MAXED_1023	21	Pulse	99	2500000	367495	NA
MAXED_1023	21	Response	88	2504102	371597	1
MAXED_1023	22	Picture	instructions_22	2504173	0	1	31000	1	0	next	false_alarm	172
MAXED_1023	22	Pulse	99	2520000	15827	NA
MAXED_1023	22	Response	88	2535062	30889	1
MAXED_1023	23	Picture	instructions_23	2535173	0	1	125667	1	0	next	false_alarm	181
MAXED_1023	23	Pulse	99	2540000	4827	NA
MAXED_1023	23	Pulse	99	2560000	24827	NA
MAXED_1023	23	Pulse	99	2580000	44827	NA
MAXED_1023	23	Pulse	99	2600000	64827	NA
MAXED_1023	23	Pulse	99	2620000	84827	NA
MAXED_1023	23	Pulse	99	2640000	104827	NA
MAXED_1023	23	Pulse	99	2660000	124827	NA
MAXED_1023	23	Response	88	2660662	125489	1
MAXED_1023	24	Picture	instructions_24	2660840	0	1	94834	1	0	next	false_alarm	187
MAXED_1023	24	Pulse	99	2680000	19160	NA
MAXED_1023	24	Pulse	99	2700000	39160	NA
MAXED_1023	24	Pulse	99	2720000	59160	NA
MAXED_1023	24	Pulse	99	2740000	79160	NA
MAXED_1023	24	Response	88	2755462	94622	1
MAXED_1023	25	Picture	instructions_25	2755674	0	1	34167	1	0	next	false_alarm	191
MAXED_1023	25	Pulse	99	2760000	4326	NA
MAXED_1023	25	Pulse	99	2780000	24326	NA
MAXED_1023	25	Response	88	2789622	33949	1
MAXED_1023	26	Picture	instructions_26	2789840	0	1	79000	1	0	next	false_alarm	197
MAXED_1023	26	Pulse	99	2800000	10160	NA
MAXED_1023	26	Pulse	99	2820000	30160	NA
MAXED_1023	26	Pulse	99	2840000	50160	NA
MAXED_1023	26	Pulse	99	2860000	70160	NA
MAXED_1023	26	Response	88	2868742	78902	1
MAXED_1023	27	Picture	instructions_27	2868841	0	1	45833	1	0	next	false_alarm	201
MAXED_1023	27	Pulse	99	2880000	11159	NA
MAXED_1023	27	Pulse	99	2900000	31159	NA
MAXED_1023	27	Response	88	2914582	45742	1
MAXED_1023	28	Picture	instructions_28	2914674	0	1	30000	1	0	next	false_alarm	205
MAXED_1023	28	Pulse	99	2920000	5326	NA
MAXED_1023	28	Pulse	99	2940000	25326	NA
MAXED_1023	28	Response	88	2944503	29829	1
MAXED_1023	29	Picture	instructions_29	2944674	0	1	20167	1	0	next	false_alarm	208
MAXED_1023	29	Pulse	99	2960000	15326	NA
MAXED_1023	29	Response	88	2964743	20068	1
MAXED_1023	30	Picture	instructions_30	2964841	0	1	197167	1	0	next	false_alarm	220
MAXED_1023	30	Pulse	99	2980000	15159	NA
MAXED_1023	30	Pulse	99	3000000	35159	NA
MAXED_1023	30	Pulse	99	3020000	55159	NA
MAXED_1023	30	Pulse	99	3040000	75159	NA
MAXED_1023	30	Pulse	99	3060000	95159	NA
MAXED_1023	30	Pulse	99	3080000	115159	NA
MAXED_1023	30	Pulse	99	3100000	135159	NA
MAXED_1023	30	Pulse	99	3120000	155159	NA
MAXED_1023	30	Pulse	99	3140000	175159	NA
MAXED_1023	30	Pulse	99	3160000	195159	NA
MAXED_1023	30	Response	88	3161943	197102	1
MAXED_1023	31	Picture	instructions_31	3162008	0	1	97834	1	0	next	false_alarm	226
MAXED_1023	31	Pulse	99	3180000	17992	NA
MAXED_1023	31	Pulse	99	3200000	37992	NA
MAXED_1023	31	Pulse	99	3220000	57992	NA
MAXED_1023	31	Pulse	99	3240000	77992	NA
MAXED_1023	31	Response	88	3259703	97695	1
MAXED_1023	32	Picture	instructions_32	3259842	0	1	77000	1	0	next	false_alarm	232
MAXED_1023	32	Pulse	99	3260000	158	NA
MAXED_1023	32	Pulse	99	3280000	20158	NA
MAXED_1023	32	Pulse	99	3300000	40158	NA
MAXED_1023	32	Pulse	99	3320000	60158	NA
MAXED_1023	32	Response	88	3336663	76821	1
MAXED_1023	33	Picture	instructions_33	3336842	0	1	74667	1	0	next	false_alarm	238
MAXED_1023	33	Pulse	99	3340000	3158	NA
MAXED_1023	33	Pulse	99	3360000	23158	NA
MAXED_1023	33	Pulse	99	3380000	43158	NA
MAXED_1023	33	Pulse	99	3400000	63158	NA
MAXED_1023	33	Response	88	3411303	74461	1
MAXED_1023	34	Picture	instructions_34	3411509	0	1	67167	1	0	next	false_alarm	243
MAXED_1023	34	Pulse	99	3420000	8491	NA
MAXED_1023	34	Pulse	99	3440000	28491	NA
MAXED_1023	34	Pulse	99	3460000	48491	NA
MAXED_1023	34	Response	88	3478503	66995	1
MAXED_1023	35	Picture	instructions_35	3478676	0	1	66000	1	0	next	false_alarm	249
MAXED_1023	35	Pulse	99	3480000	1324	NA
MAXED_1023	35	Pulse	99	3500000	21324	NA
MAXED_1023	35	Pulse	99	3520000	41324	NA
MAXED_1023	35	Pulse	99	3540000	61324	NA
MAXED_1023	35	Response	88	3544583	65908	1
MAXED_1023	36	Picture	instructions_36	3544676	0	1	95167	1	0	next	false_alarm	255
MAXED_1023	36	Pulse	99	3560000	15324	NA
MAXED_1023	36	Pulse	99	3580000	35324	NA
MAXED_1023	36	Pulse	99	3600000	55324	NA
MAXED_1023	36	Pulse	99	3620000	75324	NA
MAXED_1023	36	Response	88	3639624	94948	1
MAXED_1023	37	Picture	instructions_37	3639843	0	1	87834	1	0	next	false_alarm	262
MAXED_1023	37	Pulse	99	3640000	157	NA
MAXED_1023	37	Pulse	99	3660000	20157	NA
MAXED_1023	37	Pulse	99	3680000	40157	NA
MAXED_1023	37	Pulse	99	3700000	60157	NA
MAXED_1023	37	Pulse	99	3720000	80157	NA
MAXED_1023	37	Response	88	3727464	87621	1
MAXED_1023	38	Picture	instructions_38	3727676	0	1	58834	1	0	next	false_alarm	267
MAXED_1023	38	Pulse	99	3740000	12324	NA
MAXED_1023	38	Pulse	99	3760000	32324	NA
MAXED_1023	38	Pulse	99	3780000	52324	NA
MAXED_1023	38	Response	88	3786343	58667	1
MAXED_1023	39	Picture	instructions_39	3786510	0	1	122334	1	0	next	false_alarm	275
MAXED_1023	39	Pulse	99	3800000	13490	NA
MAXED_1023	39	Pulse	99	3820000	33490	NA
MAXED_1023	39	Pulse	99	3840000	53490	NA
MAXED_1023	39	Pulse	99	3860000	73490	NA
MAXED_1023	39	Pulse	99	3880000	93490	NA
MAXED_1023	39	Pulse	99	3900000	113490	NA
MAXED_1023	39	Response	88	3908744	122234	1
MAXED_1023	40	Picture	instructions_40	3908843	0	1	64834	1	0	next	false_alarm	280
MAXED_1023	40	Pulse	99	3920000	11157	NA
MAXED_1023	40	Pulse	99	3940000	31157	NA
MAXED_1023	40	Pulse	99	3960000	51157	NA
MAXED_1023	40	Response	88	3973624	64781	1
MAXED_1023	41	Picture	instructions_41	3973677	0	1	67333	1	0	next	false_alarm	286
MAXED_1023	41	Pulse	99	3980000	6323	NA
MAXED_1023	41	Pulse	99	4000000	26323	NA
MAXED_1023	41	Pulse	99	4020000	46323	NA
MAXED_1023	41	Pulse	99	4040000	66323	NA
MAXED_1023	41	Response	88	4040904	67227	1
MAXED_1023	42	Picture	instructions_42	4041010	0	1	74667	1	0	next	false_alarm	291
MAXED_1023	42	Pulse	99	4060000	18990	NA
MAXED_1023	42	Pulse	99	4080000	38990	NA
MAXED_1023	42	Pulse	99	4100000	58990	NA
MAXED_1023	42	Response	88	4115464	74454	1
MAXED_1023	43	Picture	instructions_43	4115677	0	1	86334	1	0	next	false_alarm	298
MAXED_1023	43	Pulse	99	4120000	4323	NA
MAXED_1023	43	Pulse	99	4140000	24323	NA
MAXED_1023	43	Pulse	99	4160000	44323	NA
MAXED_1023	43	Pulse	99	4180000	64323	NA
MAXED_1023	43	Pulse	99	4200000	84323	NA
MAXED_1023	43	Response	88	4201944	86267	1
MAXED_1023	44	Picture	instructions_44	4202011	0	1	292667	1	0	next	false_alarm	314
MAXED_1023	44	Pulse	99	4220000	17989	NA
MAXED_1023	44	Pulse	99	4240000	37989	NA
MAXED_1023	44	Pulse	99	4260000	57989	NA
MAXED_1023	44	Pulse	99	4280000	77989	NA
MAXED_1023	44	Pulse	99	4300000	97989	NA
MAXED_1023	44	Pulse	99	4320000	117989	NA
MAXED_1023	44	Pulse	99	4340000	137989	NA
MAXED_1023	44	Pulse	99	4360000	157989	NA
MAXED_1023	44	Pulse	99	4380000	177989	NA
MAXED_1023	44	Pulse	99	4400000	197989	NA
MAXED_1023	44	Pulse	99	4420000	217989	NA
MAXED_1023	44	Pulse	99	4440000	237989	NA
MAXED_1023	44	Pulse	99	4460000	257989	NA
MAXED_1023	44	Pulse	99	4480000	277989	NA
MAXED_1023	44	Response	2	4484825	282814	1
MAXED_1023	44	Response	88	4494505	292494	1
MAXED_1023	45	Picture	instructions_45	4494678	0	1	86834	1	0	next	false_alarm	322
MAXED_1023	45	Pulse	99	4500000	5322	NA
MAXED_1023	45	Pulse	99	4520000	25322	NA
MAXED_1023	45	Pulse	99	4540000	45322	NA
MAXED_1023	45	Pulse	99	4560000	65322	NA
MAXED_1023	45	Pulse	99	4580000	85322	NA
MAXED_1023	45	Response	88	4581385	86707	1
MAXED_1023	46	Picture	instructions_46	4581512	0	1	201001	1	0	next	false_alarm	334
MAXED_1023	46	Pulse	99	4600000	18488	NA
MAXED_1023	46	Pulse	99	4620000	38488	NA
MAXED_1023	46	Pulse	99	4640000	58488	NA
MAXED_1023	46	Pulse	99	4660000	78488	NA
MAXED_1023	46	Pulse	99	4680000	98488	NA
MAXED_1023	46	Pulse	99	4700000	118488	NA
MAXED_1023	46	Pulse	99	4720000	138488	NA
MAXED_1023	46	Pulse	99	4740000	158488	NA
MAXED_1023	46	Pulse	99	4760000	178488	NA
MAXED_1023	46	Pulse	99	4780000	198488	NA
MAXED_1023	46	Response	88	4782425	200913	1
MAXED_1023	47	Picture	fixation	4782512	0	1	5167	1	0	next	other	0
MAXED_1023	48	Picture	stage1	4787679	0	1	33667	1	0	next	false_alarm	339
MAXED_1023	48	Pulse	99	4800000	12321	NA
MAXED_1023	48	Pulse	99	4820000	32321	NA
MAXED_1023	48	Response	1	4821305	33626	1
MAXED_1023	49	Picture	stage1_box	4821346	0	1	7667	1	0	next	other	0
MAXED_1023	50	Picture	stage1_outcome	4829012	0	1	167	1	0	next	other	0
MAXED_1023	51	Picture	stage2A	4829179	0	1	23667	1	0	next	false_alarm	344
MAXED_1023	51	Pulse	99	4840000	10821	NA
MAXED_1023	51	Response	2	4852745	23566	1
MAXED_1023	52	Picture	stage2_box	4852846	0	1	7667	1	0	next	other	0
MAXED_1023	52	Pulse	99	4860000	7154	NA
MAXED_1023	53	Picture	stage2_up	4860513	0	1	7667	1	0	next	other	0
MAXED_1023	54	Picture	stage2_win	4868179	0	1	10167	1	0	next	other	0
MAXED_1023	55	Picture	stage1	4878346	0	1	26667	1	0	next	false_alarm	352
MAXED_1023	55	Pulse	99	4880000	1654	NA
MAXED_1023	55	Pulse	99	4900000	21654	NA
MAXED_1023	55	Response	1	4904906	26560	1
MAXED_1023	56	Picture	stage1_box	4905013	0	1	7667	1	0	next	other	0
MAXED_1023	57	Picture	stage1_outcome	4912679	0	1	167	1	0	next	other	0
MAXED_1023	58	Picture	stage2B	4912846	0	1	27167	1	0	next	false_alarm	357
MAXED_1023	58	Pulse	99	4920000	7154	NA
MAXED_1023	58	Response	1	4939865	27019	1
MAXED_1023	58	Pulse	99	4940000	27154	NA
MAXED_1023	59	Picture	stage2_box	4940013	0	1	7667	1	0	next	other	0
MAXED_1023	60	Picture	stage2_up	4947679	0	1	7667	1	0	next	other	0
MAXED_1023	61	Picture	stage2_win	4955346	0	1	10167	1	0	next	other	0
MAXED_1023	61	Pulse	99	4960000	4654	NA
MAXED_1023	62	Picture	stage1	4965513	0	1	8500	1	0	next	false_alarm	364
MAXED_1023	62	Response	1	4973945	8432	1
MAXED_1023	63	Picture	stage1_box	4974013	0	1	7667	1	0	next	other	0
MAXED_1023	63	Pulse	99	4980000	5987	NA
MAXED_1023	64	Picture	stage1_outcome	4981680	0	1	167	1	0	next	other	0
MAXED_1023	65	Picture	stage2A	4981846	0	1	40500	1	0	next	false_alarm	371
MAXED_1023	65	Pulse	99	5000000	18154	NA
MAXED_1023	65	Pulse	99	5020000	38154	NA
MAXED_1023	65	Response	2	5022185	40339	1
MAXED_1023	66	Picture	stage2_box	5022346	0	1	7667	1	0	next	other	0
MAXED_1023	67	Picture	stage2_up	5030013	0	1	7667	1	0	next	other	0
MAXED_1023	68	Picture	stage2_lose	5037680	0	1	10167	1	0	next	other	0
MAXED_1023	68	Pulse	99	5040000	2320	NA
MAXED_1023	69	Picture	stage1	5047846	0	1	12667	1	0	next	false_alarm	378
MAXED_1023	69	Pulse	99	5060000	12154	NA
MAXED_1023	69	Response	1	5060425	12579	1
MAXED_1023	70	Picture	stage1_box	5060513	0	1	7667	1	0	next	other	0
MAXED_1023	71	Picture	stage1_outcome	5068180	0	1	167	1	0	next	other	0
MAXED_1023	72	Picture	stage2A	5068346	0	1	15167	1	0	next	false_alarm	383
MAXED_1023	72	Pulse	99	5080000	11654	NA
MAXED_1023	72	Response	1	5083466	15119	1
MAXED_1023	73	Picture	stage2_box	5083513	0	1	7667	1	0	next	other	0
MAXED_1023	74	Picture	stage2_up	5091180	0	1	7667	1	0	next	other	0
MAXED_1023	75	Picture	stage2_lose	5098847	0	1	10167	1	0	next	other	0
MAXED_1023	75	Pulse	99	5100000	1153	NA
MAXED_1023	76	Picture	stage1	5109013	0	1	5667	1	0	next	false_alarm	389
MAXED_1023	76	Response	2	5114586	5572	1
MAXED_1023	77	Picture	stage1_box	5114680	0	1	7667	1	0	next	other	0
MAXED_1023	77	Pulse	99	5120000	5320	NA
MAXED_1023	78	Picture	stage1_outcome	5122347	0	1	167	1	0	next	other	0
MAXED_1023	79	Picture	stage2B	5122513	0	1	13167	1	0	next	false_alarm	394
MAXED_1023	79	Response	1	5135625	13112	1
MAXED_1023	80	Picture	stage2_box	5135680	0	1	7667	1	0	next	other	0
MAXED_1023	80	Pulse	99	5140000	4320	NA
MAXED_1023	81	Picture	stage2_up	5143347	0	1	7667	1	0	next	other	0
MAXED_1023	82	Picture	stage2_win	5151013	0	1	10167	1	0	next	other	0
MAXED_1023	82	Pulse	99	5160000	8987	NA
MAXED_1023	83	Picture	stage1	5161180	0	1	10500	1	0	next	false_alarm	401
MAXED_1023	83	Response	2	5171546	10366	1
MAXED_1023	84	Picture	stage1_box	5171680	0	1	7667	1	0	next	other	0
MAXED_1023	85	Picture	stage1_outcome	5179347	0	1	167	1	0	next	other	0
MAXED_1023	86	Picture	stage2B	5179513	0	1	10333	1	0	next	false_alarm	406
MAXED_1023	86	Pulse	99	5180000	487	NA
MAXED_1023	86	Response	1	5189786	10272	1
MAXED_1023	87	Picture	stage2_box	5189847	0	1	7667	1	0	next	other	0
MAXED_1023	88	Picture	stage2_up	5197513	0	1	7667	1	0	next	other	0
MAXED_1023	88	Pulse	99	5200000	2487	NA
MAXED_1023	89	Picture	stage2_win	5205180	0	1	10167	1	0	next	other	0
MAXED_1023	90	Picture	stage1	5215347	0	1	6833	1	0	next	false_alarm	413
MAXED_1023	90	Pulse	99	5220000	4653	NA
MAXED_1023	90	Response	2	5222106	6759	1
MAXED_1023	91	Picture	stage1_box	5222180	0	1	7667	1	0	next	other	0
MAXED_1023	92	Picture	stage1_outcome	5229847	0	1	167	1	0	next	other	0
MAXED_1023	93	Picture	stage2B	5230014	0	1	8000	1	0	next	false_alarm	417
MAXED_1023	93	Response	1	5237946	7932	1
MAXED_1023	94	Picture	stage2_box	5238014	0	1	7667	1	0	next	other	0
MAXED_1023	94	Pulse	99	5240000	1986	NA
MAXED_1023	95	Picture	stage2_up	5245680	0	1	7667	1	0	next	other	0
MAXED_1023	96	Picture	stage2_win	5253347	0	1	10167	1	0	next	other	0
MAXED_1023	96	Pulse	99	5260000	6653	NA
MAXED_1023	97	Picture	stage1	5263514	0	1	5833	1	0	next	false_alarm	424
MAXED_1023	97	Response	2	5269306	5792	1
MAXED_1023	98	Picture	stage1_box	5269347	0	1	7667	1	0	next	other	0
MAXED_1023	99	Picture	stage1_outcome	5277014	0	1	167	1	0	next	other	0
MAXED_1023	100	Picture	stage2B	5277180	0	1	5333	1	0	next	false_alarm	429
MAXED_1023	100	Pulse	99	5280000	2820	NA
MAXED_1023	100	Response	1	5282426	5246	1
MAXED_1023	101	Picture	stage2_box	5282514	0	1	7667	1	0	next	other	0
MAXED_1023	102	Picture	stage2_up	5290180	0	1	7667	1	0	next	other	0
MAXED_1023	103	Picture	stage2_win	5297847	0	1	10167	1	0	next	other	0
MAXED_1023	103	Pulse	99	5300000	2153	NA
MAXED_1023	104	Picture	stage1	5308014	0	1	8833	1	0	next	false_alarm	435
MAXED_1023	104	Response	2	5316746	8732	1
MAXED_1023	105	Picture	stage1_box	5316847	0	1	7667	1	0	next	other	0
MAXED_1023	105	Pulse	99	5320000	3153	NA
MAXED_1023	106	Picture	stage1_outcome	5324514	0	1	167	1	0	next	other	0
MAXED_1023	107	Picture	stage2B	5324680	0	1	14667	1	0	next	false_alarm	440
MAXED_1023	107	Response	1	5339306	14625	1
MAXED_1023	108	Picture	stage2_box	5339347	0	1	7667	1	0	next	other	0
MAXED_1023	108	Pulse	99	5340000	653	NA
MAXED_1023	109	Picture	stage2_up	5347014	0	1	7667	1	0	next	other	0
MAXED_1023	110	Picture	stage2_win	5354681	0	1	10167	1	0	next	other	0
MAXED_1023	110	Pulse	99	5360000	5319	NA
MAXED_1023	111	Picture	stage1	5364847	0	1	16167	1	0	next	false_alarm	448
MAXED_1023	111	Pulse	99	5380000	15153	NA
MAXED_1023	111	Response	2	5380826	15979	1
MAXED_1023	112	Picture	stage1_box	5381014	0	1	7667	1	0	next	other	0
MAXED_1023	113	Picture	stage1_outcome	5388681	0	1	167	1	0	next	other	0
MAXED_1023	114	Picture	stage2B	5388847	0	1	10167	1	0	next	false_alarm	452
MAXED_1023	114	Response	1	5398826	9979	1
MAXED_1023	115	Picture	stage2_box	5399014	0	1	7667	1	0	next	other	0
MAXED_1023	115	Pulse	99	5400000	986	NA
MAXED_1023	116	Picture	stage2_up	5406681	0	1	7667	1	0	next	other	0
MAXED_1023	117	Picture	stage2_lose	5414347	0	1	10167	1	0	next	other	0
MAXED_1023	117	Pulse	99	5420000	5653	NA
MAXED_1023	118	Picture	stage1	5424514	0	1	4667	1	0	next	false_alarm	459
MAXED_1023	118	Response	2	5428986	4472	1
MAXED_1023	119	Picture	stage1_box	5429181	0	1	7667	1	0	next	other	0
MAXED_1023	120	Picture	stage1_outcome	5436847	0	1	167	1	0	next	other	0
MAXED_1023	121	Picture	stage2B	5437014	0	1	6000	1	0	next	false_alarm	464
MAXED_1023	121	Pulse	99	5440000	2986	NA
MAXED_1023	121	Response	1	5442907	5893	1
MAXED_1023	122	Picture	stage2_box	5443014	0	1	7667	1	0	next	other	0
MAXED_1023	123	Picture	stage2_up	5450681	0	1	7667	1	0	next	other	0
MAXED_1023	124	Picture	stage2_win	5458347	0	1	10167	1	0	next	other	0
MAXED_1023	124	Pulse	99	5460000	1653	NA
MAXED_1023	125	Picture	stage1	5468514	0	1	5500	1	0	next	false_alarm	470
MAXED_1023	125	Response	2	5473866	5352	1
MAXED_1023	126	Picture	stage1_box	5474014	0	1	7667	1	0	next	other	0
MAXED_1023	126	Pulse	99	5480000	5986	NA
MAXED_1023	127	Picture	stage1_outcome	5481681	0	1	167	1	0	next	other	0
MAXED_1023	128	Picture	stage2A	5481848	0	1	4833	1	0	next	false_alarm	475
MAXED_1023	128	Response	1	5486506	4658	1
MAXED_1023	129	Picture	stage2_box	5486681	0	1	7667	1	0	next	other	0
MAXED_1023	130	Picture	stage2_up	5494348	0	1	7667	1	0	next	other	0
MAXED_1023	130	Pulse	99	5500000	5652	NA
MAXED_1023	131	Picture	stage2_lose	5502014	0	1	10167	1	0	next	other	0
MAXED_1023	132	Picture	stage1	5512181	0	1	14167	1	0	next	false_alarm	482
MAXED_1023	132	Pulse	99	5520000	7819	NA
MAXED_1023	132	Response	2	5526186	14005	1
MAXED_1023	133	Picture	stage1_box	5526348	0	1	7667	1	0	next	other	0
MAXED_1023	134	Picture	stage1_outcome	5534014	0	1	167	1	0	next	other	0
MAXED_1023	135	Picture	stage2B	5534181	0	1	6833	1	0	next	false_alarm	487
MAXED_1023	135	Pulse	99	5540000	5819	NA
MAXED_1023	135	Response	1	5540906	6725	1
MAXED_1023	136	Picture	stage2_box	5541014	0	1	7667	1	0	next	other	0
MAXED_1023	137	Picture	stage2_up	5548681	0	1	7667	1	0	next	other	0
MAXED_1023	138	Picture	stage2_win	5556348	0	1	10167	1	0	next	other	0
MAXED_1023	138	Pulse	99	5560000	3652	NA
MAXED_1023	139	Picture	stage1	5566514	0	1	8000	1	0	next	false_alarm	493
MAXED_1023	139	Response	2	5574426	7912	1
MAXED_1023	140	Picture	stage1_box	5574514	0	1	7667	1	0	next	other	0
MAXED_1023	140	Pulse	99	5580000	5486	NA
MAXED_1023	141	Picture	stage1_outcome	5582181	0	1	167	1	0	next	other	0
MAXED_1023	142	Picture	stage2B	5582348	0	1	8000	1	0	next	false_alarm	498
MAXED_1023	142	Response	1	5590266	7918	1
MAXED_1023	143	Picture	stage2_box	5590348	0	1	7667	1	0	next	other	0
MAXED_1023	144	Picture	stage2_up	5598015	0	1	7667	1	0	next	other	0
MAXED_1023	144	Pulse	99	5600000	1986	NA
MAXED_1023	145	Picture	stage2_win	5605681	0	1	10167	1	0	next	other	0
MAXED_1023	146	Picture	stage1	5615848	0	1	7667	1	0	next	false_alarm	505
MAXED_1023	146	Pulse	99	5620000	4152	NA
MAXED_1023	146	Response	2	5623466	7618	1
MAXED_1023	147	Picture	stage1_box	5623515	0	1	7667	1	0	next	other	0
MAXED_1023	148	Picture	stage1_outcome	5631181	0	1	167	1	0	next	other	0
MAXED_1023	149	Picture	stage2B	5631348	0	1	6333	1	0	next	false_alarm	509
MAXED_1023	149	Response	1	5637546	6198	1
MAXED_1023	150	Picture	stage2_box	5637681	0	1	7667	1	0	next	other	0
MAXED_1023	150	Pulse	99	5640000	2319	NA
MAXED_1023	151	Picture	stage2_up	5645348	0	1	7667	1	0	next	other	0
MAXED_1023	152	Picture	stage2_win	5653015	0	1	10167	1	0	next	other	0
MAXED_1023	152	Pulse	99	5660000	6985	NA
MAXED_1023	153	Picture	stage1	5663181	0	1	7667	1	0	next	false_alarm	516
MAXED_1023	153	Response	2	5670666	7485	1
MAXED_1023	154	Picture	stage1_box	5670848	0	1	7667	1	0	next	other	0
MAXED_1023	155	Picture	stage1_outcome	5678515	0	1	167	1	0	next	other	0
MAXED_1023	156	Picture	stage2B	5678681	0	1	5667	1	0	next	false_alarm	521
MAXED_1023	156	Pulse	99	5680000	1319	NA
MAXED_1023	156	Response	1	5684186	5505	1
MAXED_1023	157	Picture	stage2_box	5684348	0	1	7667	1	0	next	other	0
MAXED_1023	158	Picture	stage2_up	5692015	0	1	7667	1	0	next	other	0
MAXED_1023	159	Picture	stage2_win	5699681	0	1	10167	1	0	next	other	0
MAXED_1023	159	Pulse	99	5700000	319	NA
MAXED_1023	160	Picture	stage1	5709848	0	1	5000	1	0	next	false_alarm	527
MAXED_1023	160	Response	2	5714746	4898	1
MAXED_1023	161	Picture	stage1_box	5714848	0	1	7667	1	0	next	other	0
MAXED_1023	161	Pulse	99	5720000	5152	NA
MAXED_1023	162	Picture	stage1_outcome	5722515	0	1	167	1	0	next	other	0
MAXED_1023	163	Picture	stage2B	5722682	0	1	4667	1	0	next	false_alarm	532
MAXED_1023	163	Response	1	5727226	4545	1
MAXED_1023	164	Picture	stage2_box	5727348	0	1	7667	1	0	next	other	0
MAXED_1023	165	Picture	stage2_up	5735015	0	1	7667	1	0	next	other	0
MAXED_1023	165	Pulse	99	5740000	4985	NA
MAXED_1023	166	Picture	stage2_win	5742682	0	1	10167	1	0	next	other	0
MAXED_1023	167	Picture	stage1	5752848	0	1	6333	1	0	next	false_alarm	538
MAXED_1023	167	Response	2	5758987	6139	1
MAXED_1023	168	Picture	stage1_box	5759182	0	1	7667	1	0	next	other	0
MAXED_1023	168	Pulse	99	5760000	818	NA
MAXED_1023	169	Picture	stage1_outcome	5766848	0	1	167	1	0	next	other	0
MAXED_1023	170	Picture	stage2B	5767015	0	1	5500	1	0	next	false_alarm	543
MAXED_1023	170	Response	1	5772426	5412	1
MAXED_1023	171	Picture	stage2_box	5772515	0	1	7667	1	0	next	other	0
MAXED_1023	171	Pulse	99	5780000	7485	NA
MAXED_1023	172	Picture	stage2_up	5780182	0	1	7667	1	0	next	other	0
MAXED_1023	173	Picture	stage2_win	5787848	0	1	10167	1	0	next	other	0
MAXED_1023	174	Picture	stage1	5798015	0	1	9000	1	0	next	false_alarm	550
MAXED_1023	174	Pulse	99	5800000	1985	NA
MAXED_1023	174	Response	2	5806987	8971	1
MAXED_1023	175	Picture	stage1_box	5807015	0	1	7667	1	0	next	other	0
MAXED_1023	176	Picture	stage1_outcome	5814682	0	1	167	1	0	next	other	0
MAXED_1023	177	Picture	stage2B	5814848	0	1	5167	1	0	next	false_alarm	554
MAXED_1023	177	Response	1	5819867	5018	1
MAXED_1023	177	Pulse	99	5820000	5152	NA
MAXED_1023	178	Picture	stage2_box	5820015	0	1	7667	1	0	next	other	0
MAXED_1023	179	Picture	stage2_up	5827682	0	1	7667	1	0	next	other	0
MAXED_1023	180	Picture	stage2_win	5835348	0	1	10167	1	0	next	other	0
MAXED_1023	180	Pulse	99	5840000	4652	NA
MAXED_1023	181	Picture	stage1	5845515	0	1	3500	1	0	next	false_alarm	561
MAXED_1023	181	Response	2	5848826	3311	1
MAXED_1023	182	Picture	stage1_box	5849015	0	1	7667	1	0	next	other	0
MAXED_1023	183	Picture	stage1_outcome	5856682	0	1	167	1	0	next	other	0
MAXED_1023	184	Picture	stage2B	5856849	0	1	4000	1	0	next	false_alarm	566
MAXED_1023	184	Pulse	99	5860000	3151	NA
MAXED_1023	184	Response	1	5860747	3898	1
MAXED_1023	185	Picture	stage2_box	5860849	0	1	7667	1	0	next	other	0
MAXED_1023	186	Picture	stage2_up	5868515	0	1	7667	1	0	next	other	0
MAXED_1023	187	Picture	stage2_win	5876182	0	1	10167	1	0	next	other	0
MAXED_1023	187	Pulse	99	5880000	3818	NA
MAXED_1023	188	Picture	stage1	5886349	0	1	4000	1	0	next	false_alarm	572
MAXED_1023	188	Response	2	5890266	3917	1
MAXED_1023	189	Picture	stage1_box	5890349	0	1	7667	1	0	next	other	0
MAXED_1023	190	Picture	stage1_outcome	5898015	0	1	167	1	0	next	other	0
MAXED_1023	191	Picture	stage2B	5898182	0	1	3833	1	0	next	false_alarm	577
MAXED_1023	191	Pulse	99	5900000	1818	NA
MAXED_1023	191	Response	1	5901946	3765	1
MAXED_1023	192	Picture	stage2_box	5902015	0	1	7667	1	0	next	other	0
MAXED_1023	193	Picture	stage2_up	5909682	0	1	7667	1	0	next	other	0
MAXED_1023	194	Picture	stage2_win	5917349	0	1	10167	1	0	next	other	0
MAXED_1023	194	Pulse	99	5920000	2651	NA
MAXED_1023	195	Picture	stage1	5927515	0	1	6333	1	0	next	false_alarm	583
MAXED_1023	195	Response	2	5933707	6191	1
MAXED_1023	196	Picture	stage1_box	5933849	0	1	7667	1	0	next	other	0
MAXED_1023	196	Pulse	99	5940000	6151	NA
MAXED_1023	197	Picture	stage1_outcome	5941515	0	1	167	1	0	next	other	0
MAXED_1023	198	Picture	stage2A	5941682	0	1	53500	1	0	next	false_alarm	590
MAXED_1023	198	Pulse	99	5960000	18318	NA
MAXED_1023	198	Pulse	99	5980000	38318	NA
MAXED_1023	198	Response	2	5994987	53305	1
MAXED_1023	199	Picture	stage2_box	5995182	0	1	7667	1	0	next	other	0
MAXED_1023	199	Pulse	99	6000000	4818	NA
MAXED_1023	200	Picture	stage2_up	6002849	0	1	7667	1	0	next	other	0
MAXED_1023	201	Picture	stage2_win	6010516	0	1	10167	1	0	next	other	0
MAXED_1023	201	Pulse	99	6020000	9484	NA
MAXED_1023	202	Picture	stage1	6020682	0	1	5833	1	0	next	false_alarm	597
MAXED_1023	202	Response	2	6026347	5665	1
MAXED_1023	203	Picture	stage1_box	6026516	0	1	7667	1	0	next	other	0
MAXED_1023	204	Picture	stage1_outcome	6034182	0	1	167	1	0	next	other	0
MAXED_1023	205	Picture	stage2B	6034349	0	1	7167	1	0	next	false_alarm	602
MAXED_1023	205	Pulse	99	6040000	5651	NA
MAXED_1023	205	Response	1	6041467	7118	1
MAXED_1023	206	Picture	stage2_box	6041516	0	1	7667	1	0	next	other	0
MAXED_1023	207	Picture	stage2_up	6049182	0	1	7667	1	0	next	other	0
MAXED_1023	208	Picture	stage2_lose	6056849	0	1	10167	1	0	next	other	0
MAXED_1023	208	Pulse	99	6060000	3151	NA
MAXED_1023	209	Picture	stage1	6067016	0	1	7000	1	0	next	false_alarm	608
MAXED_1023	209	Response	2	6073946	6930	1
MAXED_1023	210	Picture	stage1_box	6074016	0	1	7667	1	0	next	other	0
MAXED_1023	210	Pulse	99	6080000	5984	NA
MAXED_1023	211	Picture	stage1_outcome	6081682	0	1	167	1	0	next	other	0
MAXED_1023	212	Picture	stage2B	6081849	0	1	5833	1	0	next	false_alarm	613
MAXED_1023	212	Response	1	6087627	5778	1
MAXED_1023	213	Picture	stage2_box	6087682	0	1	7667	1	0	next	other	0
MAXED_1023	214	Picture	stage2_up	6095349	0	1	7667	1	0	next	other	0
MAXED_1023	214	Pulse	99	6100000	4651	NA
MAXED_1023	215	Picture	stage2_win	6103016	0	1	10167	1	0	next	other	0
MAXED_1023	216	Picture	stage1	6113183	0	1	10833	1	0	next	false_alarm	620
MAXED_1023	216	Pulse	99	6120000	6817	NA
MAXED_1023	216	Response	2	6123947	10764	1
MAXED_1023	217	Picture	stage1_box	6124016	0	1	7667	1	0	next	other	0
MAXED_1023	218	Picture	stage1_outcome	6131683	0	1	167	1	0	next	other	0
MAXED_1023	219	Picture	stage2B	6131849	0	1	6667	1	0	next	false_alarm	624
MAXED_1023	219	Response	1	6138427	6578	1
MAXED_1023	220	Picture	stage2_box	6138516	0	1	7667	1	0	next	other	0
MAXED_1023	220	Pulse	99	6140000	1484	NA
MAXED_1023	221	Picture	stage2_up	6146183	0	1	7667	1	0	next	other	0
MAXED_1023	222	Picture	stage2_win	6153849	0	1	10167	1	0	next	other	0
MAXED_1023	222	Pulse	99	6160000	6151	NA
MAXED_1023	223	Pulse	99	6180000	15984	NA
MAXED_1023	223	Pulse	99	6200000	35984	NA
MAXED_1023	223	Pulse	99	6220000	55984	NA
MAXED_1023	223	Response	88	6221547	57531	1
