Scenario - 
Logfile written - 09/15/2022 17:54:33

Subject	Trial	Event Type	Code	Time	TTime	Uncertainty	Duration	Uncertainty	ReqTime	ReqDur	Stim Type	Pair Index

MAXED_1036	0	Pulse	99	0	0	NA
MAXED_1036	1	Picture	instructions_1	5650	0	1	55814	1	0	next	false_alarm	6
MAXED_1036	1	Pulse	99	20000	14350	NA
MAXED_1036	1	Pulse	99	40000	34350	NA
MAXED_1036	1	Pulse	99	60000	54350	NA
MAXED_1036	1	Response	88	61252	55603	1
MAXED_1036	2	Picture	instructions_2	61464	0	1	29323	1	0	next	false_alarm	9
MAXED_1036	2	Pulse	99	80000	18536	NA
MAXED_1036	2	Response	88	90723	29259	1
MAXED_1036	3	Picture	instructions_3	90787	0	1	8528	1	0	next	false_alarm	11
MAXED_1036	3	Response	88	99254	8466	1
MAXED_1036	4	Picture	instructions_4	99315	0	1	3593	1	0	next	false_alarm	14
MAXED_1036	4	Pulse	99	100000	685	NA
MAXED_1036	4	Response	88	102848	3533	1
MAXED_1036	5	Picture	instructions_5	102908	0	1	2951	1	0	next	false_alarm	16
MAXED_1036	5	Response	88	105800	2892	1
MAXED_1036	6	Picture	instructions_6	105859	0	1	3014	1	0	next	false_alarm	18
MAXED_1036	6	Response	88	108776	2917	1
MAXED_1036	7	Picture	instructions_7	108873	0	1	2557	1	0	next	false_alarm	20
MAXED_1036	7	Response	88	111204	2331	1
MAXED_1036	8	Picture	instructions_8	111430	0	1	1898	1	0	next	false_alarm	22
MAXED_1036	8	Response	88	113268	1838	1
MAXED_1036	9	Picture	instructions_9	113328	0	1	2197	1	0	next	false_alarm	24
MAXED_1036	9	Response	88	115466	2137	1
MAXED_1036	10	Picture	instructions_10	115526	0	1	2415	1	0	next	false_alarm	26
MAXED_1036	10	Response	88	117882	2356	1
MAXED_1036	11	Picture	instructions_11	117941	0	1	7487	1	0	next	false_alarm	29
MAXED_1036	11	Pulse	99	120000	2059	NA
MAXED_1036	11	Response	88	125373	7431	1
MAXED_1036	12	Picture	instructions_12	125429	0	1	2490	1	0	next	false_alarm	31
MAXED_1036	12	Response	88	127859	2430	1
MAXED_1036	13	Picture	instructions_13	127918	0	1	21341	1	0	next	false_alarm	34
MAXED_1036	13	Pulse	99	140000	12082	NA
MAXED_1036	13	Response	88	149032	21113	1
MAXED_1036	14	Picture	instructions_14	149259	0	1	4241	1	0	next	false_alarm	36
MAXED_1036	14	Response	88	153272	4013	1
MAXED_1036	15	Picture	instructions_15	153501	0	1	3718	1	0	next	false_alarm	38
MAXED_1036	15	Response	88	156989	3489	1
MAXED_1036	16	Picture	instructions_16	157218	0	1	34733	1	0	next	false_alarm	42
MAXED_1036	16	Pulse	99	160000	2782	NA
MAXED_1036	16	Pulse	99	180000	22782	NA
MAXED_1036	16	Response	88	191731	34513	1
MAXED_1036	17	Picture	instructions_17	191951	0	1	13584	1	0	next	false_alarm	45
MAXED_1036	17	Pulse	99	200000	8049	NA
MAXED_1036	17	Response	88	205340	13389	1
MAXED_1036	18	Picture	instructions_18	205535	0	1	50291	1	0	next	false_alarm	49
MAXED_1036	18	Pulse	99	220000	14465	NA
MAXED_1036	18	Pulse	99	240000	34465	NA
MAXED_1036	18	Response	88	255763	50228	1
MAXED_1036	19	Picture	instructions_19	255826	0	1	35526	1	0	next	false_alarm	53
MAXED_1036	19	Pulse	99	260000	4174	NA
MAXED_1036	19	Pulse	99	280000	24174	NA
MAXED_1036	19	Response	88	291125	35299	1
MAXED_1036	20	Picture	instructions_20	291351	0	1	8773	1	0	next	false_alarm	55
MAXED_1036	20	Response	88	299985	8634	1
MAXED_1036	20	Pulse	99	300000	8649	NA
MAXED_1036	21	Picture	instructions_21	300125	0	1	3303	1	0	next	false_alarm	58
MAXED_1036	21	Response	88	303199	3074	1
MAXED_1036	22	Picture	instructions_22	303428	0	1	3781	1	0	next	false_alarm	60
MAXED_1036	22	Response	88	306978	3551	1
MAXED_1036	23	Picture	instructions_23	307208	0	1	2005	1	0	next	false_alarm	62
MAXED_1036	23	Response	88	308986	1777	1
MAXED_1036	24	Picture	instructions_24	309214	0	1	3974	1	0	next	false_alarm	64
MAXED_1036	24	Response	88	312948	3734	1
MAXED_1036	25	Picture	instructions_25	313187	0	1	5971	1	0	next	false_alarm	66
MAXED_1036	25	Response	88	318930	5743	1
MAXED_1036	26	Picture	instructions_26	319159	0	1	4745	1	0	next	false_alarm	69
MAXED_1036	26	Pulse	99	320000	841	NA
MAXED_1036	26	Response	88	323678	4519	1
MAXED_1036	27	Picture	instructions_27	323904	0	1	2531	1	0	next	false_alarm	71
MAXED_1036	27	Response	88	326376	2472	1
MAXED_1036	28	Picture	instructions_28	326435	0	1	2551	1	0	next	false_alarm	73
MAXED_1036	28	Response	88	328926	2491	1
MAXED_1036	29	Picture	instructions_29	328986	0	1	31181	1	0	next	false_alarm	77
MAXED_1036	29	Pulse	99	340000	11014	NA
MAXED_1036	29	Pulse	99	360000	31014	NA
MAXED_1036	29	Response	88	360108	31121	1
MAXED_1036	30	Picture	instructions_30	360168	0	1	492692	1	0	next	false_alarm	103
MAXED_1036	30	Pulse	99	380000	19832	NA
MAXED_1036	30	Pulse	99	400000	39832	NA
MAXED_1036	30	Pulse	99	420000	59832	NA
MAXED_1036	30	Pulse	99	440000	79832	NA
MAXED_1036	30	Pulse	99	460000	99832	NA
MAXED_1036	30	Pulse	99	480000	119832	NA
MAXED_1036	30	Pulse	99	500000	139832	NA
MAXED_1036	30	Pulse	99	520000	159832	NA
MAXED_1036	30	Pulse	99	540000	179832	NA
MAXED_1036	30	Pulse	99	560000	199832	NA
MAXED_1036	30	Pulse	99	580000	219832	NA
MAXED_1036	30	Pulse	99	600000	239832	NA
MAXED_1036	30	Pulse	99	620000	259832	NA
MAXED_1036	30	Pulse	99	640000	279832	NA
MAXED_1036	30	Pulse	99	660000	299832	NA
MAXED_1036	30	Pulse	99	680000	319832	NA
MAXED_1036	30	Pulse	99	700000	339832	NA
MAXED_1036	30	Pulse	99	720000	359832	NA
MAXED_1036	30	Pulse	99	740000	379832	NA
MAXED_1036	30	Pulse	99	760000	399832	NA
MAXED_1036	30	Pulse	99	780000	419832	NA
MAXED_1036	30	Pulse	99	800000	439832	NA
MAXED_1036	30	Pulse	99	820000	459832	NA
MAXED_1036	30	Pulse	99	840000	479832	NA
MAXED_1036	30	Response	88	852797	492629	1
MAXED_1036	31	Picture	instructions_31	852860	0	1	72303	1	0	next	false_alarm	109
MAXED_1036	31	Pulse	99	860000	7140	NA
MAXED_1036	31	Pulse	99	880000	27140	NA
MAXED_1036	31	Pulse	99	900000	47140	NA
MAXED_1036	31	Pulse	99	920000	67140	NA
MAXED_1036	31	Response	88	925101	72241	1
MAXED_1036	32	Picture	instructions_32	925163	0	1	90675	1	0	next	false_alarm	115
MAXED_1036	32	Pulse	99	940000	14837	NA
MAXED_1036	32	Pulse	99	960000	34837	NA
MAXED_1036	32	Pulse	99	980000	54837	NA
MAXED_1036	32	Pulse	99	1000000	74837	NA
MAXED_1036	32	Response	88	1015610	90447	1
MAXED_1036	33	Picture	instructions_33	1015839	0	1	64373	1	0	next	false_alarm	120
MAXED_1036	33	Pulse	99	1020000	4161	NA
MAXED_1036	33	Pulse	99	1040000	24161	NA
MAXED_1036	33	Pulse	99	1060000	44161	NA
MAXED_1036	33	Response	88	1079984	64146	1
MAXED_1036	33	Pulse	99	1080000	64161	NA
MAXED_1036	34	Picture	instructions_34	1080212	0	1	75418	1	0	next	false_alarm	126
MAXED_1036	34	Pulse	99	1100000	19788	NA
MAXED_1036	34	Pulse	99	1120000	39788	NA
MAXED_1036	34	Pulse	99	1140000	59788	NA
MAXED_1036	34	Response	88	1155404	75192	1
MAXED_1036	35	Picture	instructions_35	1155630	0	1	107293	1	0	next	false_alarm	134
MAXED_1036	35	Pulse	99	1160000	4370	NA
MAXED_1036	35	Pulse	99	1180000	24370	NA
MAXED_1036	35	Pulse	99	1200000	44370	NA
MAXED_1036	35	Pulse	99	1220000	64370	NA
MAXED_1036	35	Pulse	99	1240000	84370	NA
MAXED_1036	35	Pulse	99	1260000	104370	NA
MAXED_1036	35	Response	88	1262844	107214	1
MAXED_1036	36	Picture	instructions_36	1262923	0	1	143523	1	0	next	false_alarm	142
MAXED_1036	36	Pulse	99	1280000	17077	NA
MAXED_1036	36	Pulse	99	1300000	37077	NA
MAXED_1036	36	Pulse	99	1320000	57077	NA
MAXED_1036	36	Pulse	99	1340000	77077	NA
MAXED_1036	36	Pulse	99	1360000	97077	NA
MAXED_1036	36	Pulse	99	1380000	117077	NA
MAXED_1036	36	Response	2	1394262	131339	1
MAXED_1036	36	Pulse	99	1400000	137077	NA
MAXED_1036	36	Response	88	1406312	143389	1
MAXED_1036	37	Picture	instructions_37	1406447	0	1	29356	1	0	next	false_alarm	147
MAXED_1036	37	Pulse	99	1420000	13553	NA
MAXED_1036	37	Response	88	1435745	29298	1
MAXED_1036	38	Picture	instructions_38	1435803	0	1	88419	1	0	next	false_alarm	154
MAXED_1036	38	Pulse	99	1440000	4197	NA
MAXED_1036	38	Pulse	99	1460000	24197	NA
MAXED_1036	38	Pulse	99	1480000	44197	NA
MAXED_1036	38	Pulse	99	1500000	64197	NA
MAXED_1036	38	Pulse	99	1520000	84197	NA
MAXED_1036	38	Response	88	1524163	88360	1
MAXED_1036	39	Picture	instructions_39	1524222	0	1	35624	1	0	next	false_alarm	157
MAXED_1036	39	Pulse	99	1540000	15778	NA
MAXED_1036	39	Response	88	1559787	35565	1
MAXED_1036	40	Picture	instructions_40	1559846	0	1	5675	1	0	next	false_alarm	160
MAXED_1036	40	Pulse	99	1560000	154	NA
MAXED_1036	40	Response	88	1565462	5616	1
MAXED_1036	41	Picture	instructions_41	1565521	0	1	22232	1	0	next	false_alarm	163
MAXED_1036	41	Pulse	99	1580000	14479	NA
MAXED_1036	41	Response	88	1587694	22173	1
MAXED_1036	42	Picture	instructions_42	1587753	0	1	3542	1	0	next	false_alarm	165
MAXED_1036	42	Response	88	1591239	3486	1
MAXED_1036	43	Picture	instructions_43	1591295	0	1	2935	1	0	next	false_alarm	167
MAXED_1036	43	Response	88	1594151	2855	1
MAXED_1036	44	Picture	instructions_44	1594230	0	1	3756	1	0	next	false_alarm	169
MAXED_1036	44	Response	88	1597929	3698	1
MAXED_1036	45	Picture	instructions_45	1597987	0	1	2559	1	0	next	false_alarm	172
MAXED_1036	45	Pulse	99	1600000	2013	NA
MAXED_1036	45	Response	88	1600490	2503	1
MAXED_1036	46	Picture	instructions_46	1600546	0	1	40606	1	0	next	false_alarm	176
MAXED_1036	46	Pulse	99	1620000	19454	NA
MAXED_1036	46	Pulse	99	1640000	39454	NA
MAXED_1036	46	Response	88	1641098	40552	1
MAXED_1036	47	Picture	fixation	1641153	0	1	5165	1	0	next	other	0
MAXED_1036	48	Picture	stage1	1646317	0	1	21493	1	0	next	false_alarm	180
MAXED_1036	48	Pulse	99	1660000	13683	NA
MAXED_1036	48	Response	2	1667682	21364	1
MAXED_1036	49	Picture	stage1_box	1667810	0	1	7664	1	0	next	other	0
MAXED_1036	50	Picture	stage1_outcome	1675474	0	1	167	1	0	next	other	0
MAXED_1036	51	Picture	stage2B	1675641	0	1	4665	1	0	next	false_alarm	185
MAXED_1036	51	Pulse	99	1680000	4359	NA
MAXED_1036	51	Response	2	1680111	4471	1
MAXED_1036	52	Picture	stage2_box	1680306	0	1	7664	1	0	next	other	0
MAXED_1036	53	Picture	stage2_up	1687970	0	1	7664	1	0	next	false_alarm	188
MAXED_1036	53	Response	2	1690454	2484	1
MAXED_1036	54	Picture	stage2_lose	1695634	0	1	10163	1	0	next	other	0
MAXED_1036	54	Pulse	99	1700000	4366	NA
MAXED_1036	55	Picture	stage1	1705797	0	1	1833	1	0	next	false_alarm	192
MAXED_1036	55	Response	2	1707447	1650	1
MAXED_1036	56	Picture	stage1_box	1707630	0	1	2666	1	0	next	false_alarm	194
MAXED_1036	56	Response	1	1710249	2619	1
MAXED_1036	57	Picture	stage1_outcome	1710296	0	1	167	1	0	next	other	0
MAXED_1036	58	Picture	stage2B	1710462	0	1	2499	1	0	next	false_alarm	197
MAXED_1036	58	Response	2	1712806	2343	1
MAXED_1036	59	Picture	stage2_box	1712961	0	1	1666	1	0	next	false_alarm	199
MAXED_1036	59	Response	1	1714555	1594	1
MAXED_1036	60	Picture	stage2_up	1714628	0	1	7664	1	0	next	false_alarm	201
MAXED_1036	60	Response	2	1716869	2242	1
MAXED_1036	60	Pulse	99	1720000	5372	NA
MAXED_1036	60	Response	1	1720792	6165	1
MAXED_1036	61	Picture	stage2_lose	1722292	0	1	10163	1	0	next	false_alarm	205
MAXED_1036	61	Response	2	1722815	523	1
MAXED_1036	61	Response	2	1725576	3284	1
MAXED_1036	61	Response	2	1728932	6641	1
MAXED_1036	62	Picture	stage1	1732455	0	1	1548	1	0	next	false_alarm	209
MAXED_1036	62	Response	2	1733953	1498	1
MAXED_1036	63	Picture	stage1_box	1734003	0	1	2669	1	0	next	false_alarm	211
MAXED_1036	63	Response	2	1736622	2619	1
MAXED_1036	64	Picture	stage1_outcome	1736672	0	1	167	1	0	next	other	0
MAXED_1036	65	Picture	stage2B	1736838	0	1	2580	1	0	next	false_alarm	214
MAXED_1036	65	Response	1	1739365	2527	1
MAXED_1036	66	Picture	stage2_box	1739418	0	1	1833	1	0	next	false_alarm	217
MAXED_1036	66	Pulse	99	1740000	582	NA
MAXED_1036	66	Response	2	1741074	1656	1
MAXED_1036	67	Picture	stage2_up	1741251	0	1	7550	1	0	next	false_alarm	219
MAXED_1036	67	Response	2	1744926	3675	1
MAXED_1036	68	Picture	stage2_lose	1748801	0	1	10049	1	0	next	false_alarm	221
MAXED_1036	68	Response	2	1750602	1801	1
MAXED_1036	68	Response	1	1752782	3980	1
MAXED_1036	68	Response	1	1757426	8625	1
MAXED_1036	68	Response	2	1758089	9288	1
MAXED_1036	69	Picture	stage1	1758851	0	1	2960	1	0	next	false_alarm	227
MAXED_1036	69	Pulse	99	1760000	1149	NA
MAXED_1036	69	Response	1	1761756	2905	1
MAXED_1036	70	Picture	stage1_box	1761811	0	1	1713	1	0	next	false_alarm	229
MAXED_1036	70	Response	2	1763474	1663	1
MAXED_1036	71	Picture	stage1_outcome	1763524	0	1	167	1	0	next	other	0
MAXED_1036	72	Picture	stage2A	1763691	0	1	2802	1	0	next	false_alarm	232
MAXED_1036	72	Response	1	1766438	2747	1
MAXED_1036	73	Picture	stage2_box	1766493	0	1	1645	1	0	next	false_alarm	234
MAXED_1036	73	Response	2	1768098	1605	1
MAXED_1036	74	Picture	stage2_up	1768138	0	1	7550	1	0	next	false_alarm	236
MAXED_1036	74	Response	1	1770804	2665	1
MAXED_1036	74	Response	2	1772767	4629	1
MAXED_1036	75	Picture	stage2_lose	1775688	0	1	10051	1	0	next	false_alarm	239
MAXED_1036	75	Response	2	1777612	1924	1
MAXED_1036	75	Response	1	1778983	3295	1
MAXED_1036	75	Pulse	99	1780000	4312	NA
MAXED_1036	75	Response	2	1781641	5952	1
MAXED_1036	75	Response	1	1783977	8288	1
MAXED_1036	76	Picture	stage1	1785739	0	1	333	1	0	next	false_alarm	245
MAXED_1036	76	Response	2	1785972	233	1
MAXED_1036	77	Picture	stage1_box	1786073	0	1	1802	1	0	next	false_alarm	247
MAXED_1036	77	Response	1	1787826	1754	1
MAXED_1036	78	Picture	stage1_outcome	1787875	0	1	167	1	0	next	other	0
MAXED_1036	79	Picture	stage2B	1788042	0	1	1220	1	0	next	false_alarm	250
MAXED_1036	79	Response	2	1789213	1172	1
MAXED_1036	80	Picture	stage2_box	1789262	0	1	2499	1	0	next	false_alarm	252
MAXED_1036	80	Response	1	1791641	2379	1
MAXED_1036	81	Picture	stage2_up	1791761	0	1	7549	1	0	next	false_alarm	254
MAXED_1036	81	Response	2	1793618	1856	1
MAXED_1036	81	Response	2	1797798	6037	1
MAXED_1036	82	Picture	stage2_lose	1799310	0	1	10050	1	0	next	false_alarm	258
MAXED_1036	82	Pulse	99	1800000	690	NA
MAXED_1036	82	Response	2	1800948	1638	1
MAXED_1036	82	Response	1	1802422	3112	1
MAXED_1036	82	Response	2	1804662	5351	1
MAXED_1036	82	Response	1	1807152	7841	1
MAXED_1036	83	Picture	stage1	1809360	0	1	167	1	0	next	false_alarm	263
MAXED_1036	83	Response	2	1809476	116	1
MAXED_1036	84	Picture	stage1_box	1809527	0	1	3973	1	0	next	false_alarm	265
MAXED_1036	84	Response	2	1813450	3923	1
MAXED_1036	85	Picture	stage1_outcome	1813499	0	1	167	1	0	next	other	0
MAXED_1036	86	Picture	stage2B	1813666	0	1	912	1	0	next	false_alarm	268
MAXED_1036	86	Response	1	1814540	874	1
MAXED_1036	87	Picture	stage2_box	1814578	0	1	4498	1	0	next	false_alarm	270
MAXED_1036	87	Response	2	1818892	4314	1
MAXED_1036	88	Picture	stage2_up	1819077	0	1	7550	1	0	next	false_alarm	272
MAXED_1036	88	Response	1	1819416	339	1
MAXED_1036	88	Pulse	99	1820000	923	NA
MAXED_1036	88	Response	2	1824874	5797	1
MAXED_1036	89	Picture	stage2_lose	1826627	0	1	10050	1	0	next	false_alarm	276
MAXED_1036	89	Response	1	1826860	233	1
MAXED_1036	89	Response	2	1828379	1752	1
MAXED_1036	89	Response	1	1832299	5672	1
MAXED_1036	90	Picture	stage1	1836677	0	1	2251	1	0	next	false_alarm	280
MAXED_1036	90	Response	2	1838879	2202	1
MAXED_1036	91	Picture	stage1_box	1838928	0	1	5860	1	0	next	false_alarm	283
MAXED_1036	91	Pulse	99	1840000	1072	NA
MAXED_1036	91	Response	2	1844738	5811	1
MAXED_1036	92	Picture	stage1_outcome	1844788	0	1	167	1	0	next	other	0
MAXED_1036	93	Picture	stage2B	1844954	0	1	4648	1	0	next	false_alarm	286
MAXED_1036	93	Response	2	1849553	4598	1
MAXED_1036	94	Picture	stage2_box	1849602	0	1	3332	1	0	next	false_alarm	288
MAXED_1036	94	Response	2	1852884	3282	1
MAXED_1036	95	Picture	stage2_up	1852934	0	1	7554	1	0	next	false_alarm	290
MAXED_1036	95	Response	2	1856700	3766	1
MAXED_1036	95	Pulse	99	1860000	7066	NA
MAXED_1036	95	Response	2	1860227	7292	1
MAXED_1036	96	Picture	stage2_win	1860488	0	1	10163	1	0	next	false_alarm	294
MAXED_1036	96	Response	2	1863717	3229	1
MAXED_1036	96	Response	2	1868193	7705	1
MAXED_1036	97	Picture	stage1	1870652	0	1	500	1	0	next	false_alarm	297
MAXED_1036	97	Response	2	1871085	434	1
MAXED_1036	98	Picture	stage1_box	1871151	0	1	2832	1	0	next	false_alarm	299
MAXED_1036	98	Response	2	1873807	2656	1
MAXED_1036	99	Picture	stage1_outcome	1873984	0	1	167	1	0	next	other	0
MAXED_1036	100	Picture	stage2B	1874150	0	1	1999	1	0	next	false_alarm	302
MAXED_1036	100	Response	2	1875962	1812	1
MAXED_1036	101	Picture	stage2_box	1876150	0	1	5998	1	0	next	false_alarm	305
MAXED_1036	101	Pulse	99	1880000	3850	NA
MAXED_1036	101	Response	2	1882082	5932	1
MAXED_1036	102	Picture	stage2_up	1882148	0	1	7549	1	0	next	other	0
MAXED_1036	103	Picture	stage2_lose	1889697	0	1	10039	1	0	next	false_alarm	308
MAXED_1036	103	Response	2	1897535	7838	1
MAXED_1036	104	Picture	stage1	1899737	0	1	833	1	0	next	false_alarm	311
MAXED_1036	104	Pulse	99	1900000	263	NA
MAXED_1036	104	Response	2	1900415	678	1
MAXED_1036	105	Picture	stage1_box	1900570	0	1	2338	1	0	next	false_alarm	313
MAXED_1036	105	Response	2	1902857	2288	1
MAXED_1036	106	Picture	stage1_outcome	1902907	0	1	167	1	0	next	other	0
MAXED_1036	107	Picture	stage2B	1903074	0	1	5264	1	0	next	false_alarm	316
MAXED_1036	107	Response	2	1908299	5225	1
MAXED_1036	108	Picture	stage2_box	1908338	0	1	7664	1	0	next	other	0
MAXED_1036	109	Picture	stage2_up	1916002	0	1	7664	1	0	next	false_alarm	319
MAXED_1036	109	Response	2	1917687	1685	1
MAXED_1036	109	Pulse	99	1920000	3998	NA
MAXED_1036	110	Picture	stage2_win	1923666	0	1	10163	1	0	next	false_alarm	322
MAXED_1036	110	Response	2	1931740	8074	1
MAXED_1036	111	Picture	stage1	1933829	0	1	1000	1	0	next	false_alarm	324
MAXED_1036	111	Response	2	1934794	964	1
MAXED_1036	112	Picture	stage1_box	1934829	0	1	3999	1	0	next	false_alarm	326
MAXED_1036	112	Response	2	1938673	3844	1
MAXED_1036	113	Picture	stage1_outcome	1938827	0	1	167	1	0	next	other	0
MAXED_1036	114	Picture	stage2B	1938994	0	1	1500	1	0	next	false_alarm	330
MAXED_1036	114	Pulse	99	1940000	1006	NA
MAXED_1036	114	Response	2	1940428	1434	1
MAXED_1036	115	Picture	stage2_box	1940494	0	1	7539	1	0	next	other	0
MAXED_1036	116	Picture	stage2_up	1948032	0	1	7550	1	0	next	other	0
MAXED_1036	117	Picture	stage2_lose	1955582	0	1	10050	1	0	next	false_alarm	335
MAXED_1036	117	Pulse	99	1960000	4418	NA
MAXED_1036	117	Response	2	1961882	6300	1
MAXED_1036	117	Response	2	1965084	9501	1
MAXED_1036	118	Picture	stage1	1965632	0	1	2564	1	0	next	false_alarm	338
MAXED_1036	118	Response	2	1968148	2516	1
MAXED_1036	119	Picture	stage1_box	1968196	0	1	2876	1	0	next	false_alarm	340
MAXED_1036	119	Response	2	1971023	2827	1
MAXED_1036	120	Picture	stage1_outcome	1971072	0	1	167	1	0	next	other	0
MAXED_1036	121	Picture	stage2B	1971239	0	1	1989	1	0	next	false_alarm	343
MAXED_1036	121	Response	2	1973093	1854	1
MAXED_1036	122	Picture	stage2_box	1973229	0	1	2089	1	0	next	false_alarm	345
MAXED_1036	122	Response	2	1975269	2040	1
MAXED_1036	123	Picture	stage2_up	1975318	0	1	7550	1	0	next	false_alarm	347
MAXED_1036	123	Response	2	1978302	2984	1
MAXED_1036	123	Pulse	99	1980000	4682	NA
MAXED_1036	124	Picture	stage2_win	1982867	0	1	10163	1	0	next	false_alarm	350
MAXED_1036	124	Response	2	1987901	5033	1
MAXED_1036	124	Response	2	1990370	7502	1
MAXED_1036	125	Picture	stage1	1993031	0	1	1999	1	0	next	false_alarm	353
MAXED_1036	125	Response	2	1994846	1815	1
MAXED_1036	126	Picture	stage1_box	1995030	0	1	2499	1	0	next	false_alarm	355
MAXED_1036	126	Response	2	1997453	2423	1
MAXED_1036	127	Picture	stage1_outcome	1997529	0	1	167	1	0	next	other	0
MAXED_1036	128	Picture	stage2B	1997696	0	1	2333	1	0	next	false_alarm	358
MAXED_1036	128	Response	2	1999841	2145	1
MAXED_1036	128	Pulse	99	2000000	2304	NA
MAXED_1036	129	Picture	stage2_box	2000028	0	1	3832	1	0	next	false_alarm	361
MAXED_1036	129	Response	2	2003743	3715	1
MAXED_1036	130	Picture	stage2_up	2003860	0	1	7550	1	0	next	false_alarm	363
MAXED_1036	130	Response	2	2007164	3304	1
MAXED_1036	131	Picture	stage2_win	2011410	0	1	10163	1	0	next	false_alarm	365
MAXED_1036	131	Response	2	2012527	1117	1
MAXED_1036	131	Response	2	2016390	4980	1
MAXED_1036	131	Response	2	2018886	7477	1
MAXED_1036	131	Pulse	99	2020000	8590	NA
MAXED_1036	131	Response	2	2021192	9783	1
MAXED_1036	132	Picture	stage1	2021573	0	1	1833	1	0	next	false_alarm	371
MAXED_1036	132	Response	2	2023318	1745	1
MAXED_1036	133	Picture	stage1_box	2023406	0	1	2333	1	0	next	false_alarm	373
MAXED_1036	133	Response	2	2025711	2306	1
MAXED_1036	134	Picture	stage1_outcome	2025738	0	1	167	1	0	next	other	0
MAXED_1036	135	Picture	stage2A	2025905	0	1	3999	1	0	next	false_alarm	376
MAXED_1036	135	Response	2	2029789	3884	1
MAXED_1036	136	Picture	stage2_box	2029904	0	1	1999	1	0	next	false_alarm	378
MAXED_1036	136	Response	2	2031847	1944	1
MAXED_1036	137	Picture	stage2_up	2031903	0	1	7631	1	0	next	other	0
MAXED_1036	138	Picture	stage2_lose	2039533	0	1	10049	1	0	next	false_alarm	381
MAXED_1036	138	Response	2	2039695	162	1
MAXED_1036	138	Pulse	99	2040000	467	NA
MAXED_1036	138	Response	2	2042077	2544	1
MAXED_1036	138	Response	2	2044677	5144	1
MAXED_1036	139	Picture	stage1	2049583	0	1	1554	1	0	next	false_alarm	386
MAXED_1036	139	Response	2	2051087	1505	1
MAXED_1036	140	Picture	stage1_box	2051137	0	1	2652	1	0	next	false_alarm	388
MAXED_1036	140	Response	2	2053739	2602	1
MAXED_1036	141	Picture	stage1_outcome	2053789	0	1	167	1	0	next	other	0
MAXED_1036	142	Picture	stage2A	2053955	0	1	2126	1	0	next	false_alarm	391
MAXED_1036	142	Response	2	2056032	2077	1
MAXED_1036	143	Picture	stage2_box	2056081	0	1	2121	1	0	next	false_alarm	393
MAXED_1036	143	Response	2	2058164	2083	1
MAXED_1036	144	Picture	stage2_up	2058202	0	1	7550	1	0	next	false_alarm	396
MAXED_1036	144	Pulse	99	2060000	1798	NA
MAXED_1036	144	Response	2	2060765	2563	1
MAXED_1036	144	Response	2	2063254	5052	1
MAXED_1036	144	Response	2	2065555	7353	1
MAXED_1036	145	Picture	stage2_win	2065752	0	1	10050	1	0	next	false_alarm	400
MAXED_1036	145	Response	2	2068133	2382	1
MAXED_1036	145	Response	2	2071852	6101	1
MAXED_1036	145	Response	2	2075193	9442	1
MAXED_1036	146	Picture	stage1	2075801	0	1	2555	1	0	next	false_alarm	404
MAXED_1036	146	Response	2	2078307	2505	1
MAXED_1036	147	Picture	stage1_box	2078356	0	1	2842	1	0	next	false_alarm	407
MAXED_1036	147	Pulse	99	2080000	1644	NA
MAXED_1036	147	Response	2	2081148	2792	1
MAXED_1036	148	Picture	stage1_outcome	2081198	0	1	167	1	0	next	other	0
MAXED_1036	149	Picture	stage2B	2081364	0	1	2555	1	0	next	false_alarm	410
MAXED_1036	149	Response	2	2083869	2505	1
MAXED_1036	150	Picture	stage2_box	2083919	0	1	2499	1	0	next	false_alarm	412
MAXED_1036	150	Response	2	2086293	2374	1
MAXED_1036	151	Picture	stage2_up	2086418	0	1	7551	1	0	next	false_alarm	414
MAXED_1036	151	Response	2	2088818	2399	1
MAXED_1036	151	Response	2	2091375	4956	1
MAXED_1036	152	Picture	stage2_win	2093969	0	1	10163	1	0	next	false_alarm	417
MAXED_1036	152	Response	2	2094215	246	1
MAXED_1036	152	Response	2	2096672	2703	1
MAXED_1036	152	Response	2	2099218	5249	1
MAXED_1036	152	Pulse	99	2100000	6031	NA
MAXED_1036	152	Response	2	2101957	7988	1
MAXED_1036	153	Picture	stage1	2104132	0	1	333	1	0	next	false_alarm	423
MAXED_1036	153	Response	2	2104281	148	1
MAXED_1036	154	Picture	stage1_box	2104465	0	1	2832	1	0	next	false_alarm	425
MAXED_1036	154	Response	2	2107146	2680	1
MAXED_1036	155	Picture	stage1_outcome	2107298	0	1	167	1	0	next	other	0
MAXED_1036	156	Picture	stage2A	2107464	0	1	2333	1	0	next	false_alarm	428
MAXED_1036	156	Response	2	2109632	2167	1
MAXED_1036	157	Picture	stage2_box	2109797	0	1	2499	1	0	next	false_alarm	430
MAXED_1036	157	Response	2	2112270	2473	1
MAXED_1036	158	Picture	stage2_up	2112296	0	1	7549	1	0	next	false_alarm	432
MAXED_1036	158	Response	2	2114985	2689	1
MAXED_1036	158	Response	2	2117776	5480	1
MAXED_1036	159	Picture	stage2_win	2119845	0	1	10050	1	0	next	false_alarm	436
MAXED_1036	159	Pulse	99	2120000	155	NA
MAXED_1036	159	Response	2	2120626	781	1
MAXED_1036	159	Response	2	2122787	2941	1
MAXED_1036	159	Response	2	2125301	5456	1
MAXED_1036	159	Response	2	2127596	7751	1
MAXED_1036	160	Picture	stage1	2129895	0	1	1666	1	0	next	false_alarm	441
MAXED_1036	160	Response	2	2131516	1620	1
MAXED_1036	161	Picture	stage1_box	2131561	0	1	4446	1	0	next	false_alarm	443
MAXED_1036	161	Response	2	2135935	4374	1
MAXED_1036	162	Picture	stage1_outcome	2136007	0	1	167	1	0	next	other	0
MAXED_1036	163	Picture	stage2B	2136173	0	1	4004	1	0	next	false_alarm	447
MAXED_1036	163	Pulse	99	2140000	3827	NA
MAXED_1036	163	Response	2	2140128	3954	1
MAXED_1036	164	Picture	stage2_box	2140177	0	1	3665	1	0	next	false_alarm	449
MAXED_1036	164	Response	2	2143685	3508	1
MAXED_1036	165	Picture	stage2_up	2143843	0	1	7549	1	0	next	false_alarm	451
MAXED_1036	165	Response	2	2146912	3070	1
MAXED_1036	165	Response	2	2149682	5840	1
MAXED_1036	166	Picture	stage2_lose	2151392	0	1	10050	1	0	next	false_alarm	454
MAXED_1036	166	Response	2	2152255	863	1
MAXED_1036	166	Response	2	2155421	4029	1
MAXED_1036	166	Response	2	2158066	6674	1
MAXED_1036	166	Pulse	99	2160000	8608	NA
MAXED_1036	167	Picture	stage1	2161442	0	1	500	1	0	next	false_alarm	459
MAXED_1036	167	Response	2	2161803	362	1
MAXED_1036	168	Picture	stage1_box	2161942	0	1	4024	1	0	next	false_alarm	461
MAXED_1036	168	Response	2	2165926	3985	1
MAXED_1036	169	Picture	stage1_outcome	2165965	0	1	167	1	0	next	other	0
MAXED_1036	170	Picture	stage2A	2166132	0	1	3867	1	0	next	false_alarm	464
MAXED_1036	170	Response	2	2169950	3818	1
MAXED_1036	171	Picture	stage2_box	2169999	0	1	3436	1	0	next	false_alarm	466
MAXED_1036	171	Response	2	2173385	3386	1
MAXED_1036	172	Picture	stage2_up	2173435	0	1	7550	1	0	next	false_alarm	468
MAXED_1036	172	Response	2	2177740	4306	1
MAXED_1036	172	Pulse	99	2180000	6565	NA
MAXED_1036	173	Picture	stage2_win	2180985	0	1	10054	1	0	next	false_alarm	471
MAXED_1036	173	Response	2	2181377	392	1
MAXED_1036	173	Response	2	2184388	3403	1
MAXED_1036	173	Response	2	2187583	6598	1
MAXED_1036	173	Response	2	2190759	9774	1
MAXED_1036	174	Picture	stage1	2191039	0	1	3485	1	0	next	false_alarm	476
MAXED_1036	174	Response	2	2194474	3435	1
MAXED_1036	175	Picture	stage1_box	2194523	0	1	3147	1	0	next	false_alarm	478
MAXED_1036	175	Response	2	2197621	3098	1
MAXED_1036	176	Picture	stage1_outcome	2197671	0	1	167	1	0	next	other	0
MAXED_1036	177	Picture	stage2A	2197837	0	1	3206	1	0	next	false_alarm	482
MAXED_1036	177	Pulse	99	2200000	2163	NA
MAXED_1036	177	Response	2	2200992	3155	1
MAXED_1036	178	Picture	stage2_box	2201043	0	1	2950	1	0	next	false_alarm	484
MAXED_1036	178	Response	2	2203921	2878	1
MAXED_1036	179	Picture	stage2_up	2203993	0	1	7550	1	0	next	false_alarm	486
MAXED_1036	179	Response	2	2206247	2254	1
MAXED_1036	179	Response	2	2208624	4631	1
MAXED_1036	180	Picture	stage2_win	2211543	0	1	10050	1	0	next	false_alarm	489
MAXED_1036	180	Response	2	2211682	139	1
MAXED_1036	180	Response	2	2214366	2823	1
MAXED_1036	180	Response	2	2216896	5353	1
MAXED_1036	180	Response	2	2219755	8212	1
MAXED_1036	180	Pulse	99	2220000	8457	NA
MAXED_1036	181	Picture	stage1	2221593	0	1	1277	1	0	next	false_alarm	495
MAXED_1036	181	Response	2	2222821	1228	1
MAXED_1036	182	Picture	stage1_box	2222870	0	1	2550	1	0	next	false_alarm	497
MAXED_1036	182	Response	2	2225370	2500	1
MAXED_1036	183	Picture	stage1_outcome	2225420	0	1	167	1	0	next	other	0
MAXED_1036	184	Picture	stage2B	2225587	0	1	2195	1	0	next	false_alarm	500
MAXED_1036	184	Response	2	2227743	2157	1
MAXED_1036	185	Picture	stage2_box	2227781	0	1	2832	1	0	next	false_alarm	502
MAXED_1036	185	Response	2	2230531	2750	1
MAXED_1036	186	Picture	stage2_up	2230614	0	1	7550	1	0	next	false_alarm	504
MAXED_1036	186	Response	2	2233277	2664	1
MAXED_1036	186	Response	2	2235883	5270	1
MAXED_1036	187	Picture	stage2_lose	2238163	0	1	10050	1	0	next	false_alarm	507
MAXED_1036	187	Response	2	2238384	221	1
MAXED_1036	187	Pulse	99	2240000	1837	NA
MAXED_1036	187	Response	2	2240933	2770	1
MAXED_1036	187	Response	2	2243604	5441	1
MAXED_1036	187	Response	2	2246931	8768	1
MAXED_1036	188	Picture	stage1	2248213	0	1	1000	1	0	next	false_alarm	513
MAXED_1036	188	Response	2	2249037	824	1
MAXED_1036	189	Picture	stage1_box	2249213	0	1	3272	1	0	next	false_alarm	515
MAXED_1036	189	Response	2	2252435	3222	1
MAXED_1036	190	Picture	stage1_outcome	2252484	0	1	167	1	0	next	other	0
MAXED_1036	191	Picture	stage2A	2252651	0	1	2722	1	0	next	false_alarm	518
MAXED_1036	191	Response	2	2255335	2684	1
MAXED_1036	192	Picture	stage2_box	2255373	0	1	2676	1	0	next	false_alarm	520
MAXED_1036	192	Response	2	2258000	2627	1
MAXED_1036	193	Picture	stage2_up	2258049	0	1	7549	1	0	next	false_alarm	523
MAXED_1036	193	Pulse	99	2260000	1951	NA
MAXED_1036	193	Response	2	2260497	2448	1
MAXED_1036	193	Response	2	2263168	5119	1
MAXED_1036	193	Response	2	2265458	7409	1
MAXED_1036	194	Picture	stage2_win	2265599	0	1	10049	1	0	next	false_alarm	527
MAXED_1036	194	Response	2	2267818	2219	1
MAXED_1036	194	Response	2	2270351	4752	1
MAXED_1036	194	Response	2	2272443	6844	1
MAXED_1036	194	Response	2	2274383	8784	1
MAXED_1036	195	Picture	stage1	2275648	0	1	1000	1	0	next	false_alarm	532
MAXED_1036	195	Response	2	2276510	862	1
MAXED_1036	196	Picture	stage1_box	2276648	0	1	1677	1	0	next	false_alarm	534
MAXED_1036	196	Response	2	2278287	1639	1
MAXED_1036	197	Picture	stage1_outcome	2278325	0	1	167	1	0	next	other	0
MAXED_1036	198	Picture	stage2A	2278492	0	1	1709	1	0	next	false_alarm	538
MAXED_1036	198	Pulse	99	2280000	1508	NA
MAXED_1036	198	Response	2	2280162	1670	1
MAXED_1036	199	Picture	stage2_box	2280200	0	1	1751	1	0	next	false_alarm	540
MAXED_1036	199	Response	2	2281903	1702	1
MAXED_1036	200	Picture	stage2_up	2281952	0	1	7549	1	0	next	false_alarm	542
MAXED_1036	200	Response	2	2285952	4000	1
MAXED_1036	200	Response	2	2288090	6138	1
MAXED_1036	201	Picture	stage2_win	2289501	0	1	10050	1	0	next	false_alarm	545
MAXED_1036	201	Response	2	2290045	543	1
MAXED_1036	201	Response	2	2291638	2136	1
MAXED_1036	201	Response	2	2293872	4371	1
MAXED_1036	201	Response	2	2296144	6642	1
MAXED_1036	201	Response	2	2298112	8610	1
MAXED_1036	202	Picture	stage1	2299551	0	1	666	1	0	next	false_alarm	552
MAXED_1036	202	Pulse	99	2300000	449	NA
MAXED_1036	202	Response	2	2300188	637	1
MAXED_1036	203	Picture	stage1_box	2300218	0	1	2195	1	0	next	false_alarm	554
MAXED_1036	203	Response	2	2302374	2156	1
MAXED_1036	204	Picture	stage1_outcome	2302413	0	1	167	1	0	next	other	0
MAXED_1036	205	Picture	stage2A	2302579	0	1	1809	1	0	next	false_alarm	557
MAXED_1036	205	Response	2	2304337	1758	1
MAXED_1036	206	Picture	stage2_box	2304388	0	1	2162	1	0	next	false_alarm	559
MAXED_1036	206	Response	2	2306499	2111	1
MAXED_1036	207	Picture	stage2_up	2306550	0	1	7549	1	0	next	false_alarm	561
MAXED_1036	207	Response	2	2309934	3384	1
MAXED_1036	207	Response	2	2312121	5571	1
MAXED_1036	208	Picture	stage2_win	2314099	0	1	10050	1	0	next	false_alarm	564
MAXED_1036	208	Response	2	2314331	232	1
MAXED_1036	208	Response	2	2316655	2555	1
MAXED_1036	208	Response	2	2318769	4670	1
MAXED_1036	208	Pulse	99	2320000	5901	NA
MAXED_1036	208	Response	2	2321135	7035	1
MAXED_1036	208	Response	2	2323242	9143	1
MAXED_1036	209	Picture	stage1	2324149	0	1	3467	1	0	next	false_alarm	571
MAXED_1036	209	Response	2	2327566	3417	1
MAXED_1036	210	Picture	stage1_box	2327616	0	1	2191	1	0	next	false_alarm	573
MAXED_1036	210	Response	2	2329769	2154	1
MAXED_1036	211	Picture	stage1_outcome	2329807	0	1	167	1	0	next	other	0
MAXED_1036	212	Picture	stage2B	2329974	0	1	1976	1	0	next	false_alarm	576
MAXED_1036	212	Response	2	2331900	1926	1
MAXED_1036	213	Picture	stage2_box	2331950	0	1	2666	1	0	next	false_alarm	578
MAXED_1036	213	Response	2	2334433	2483	1
MAXED_1036	214	Picture	stage2_up	2334615	0	1	7538	1	0	next	false_alarm	580
MAXED_1036	214	Response	2	2336610	1995	1
MAXED_1036	214	Pulse	99	2340000	5385	NA
MAXED_1036	214	Response	2	2341519	6904	1
MAXED_1036	215	Picture	stage2_win	2342154	0	1	10163	1	0	next	false_alarm	584
MAXED_1036	215	Response	2	2343676	1522	1
MAXED_1036	215	Response	2	2345682	3528	1
MAXED_1036	215	Response	2	2348400	6246	1
MAXED_1036	215	Response	2	2350731	8578	1
MAXED_1036	216	Picture	stage1	2352317	0	1	833	1	0	next	false_alarm	589
MAXED_1036	216	Response	2	2353121	803	1
MAXED_1036	217	Picture	stage1_box	2353150	0	1	1999	1	0	next	false_alarm	591
MAXED_1036	217	Response	2	2355053	1903	1
MAXED_1036	218	Picture	stage1_outcome	2355149	0	1	167	1	0	next	other	0
MAXED_1036	219	Picture	stage2B	2355316	0	1	1833	1	0	next	false_alarm	594
MAXED_1036	219	Response	2	2357104	1788	1
MAXED_1036	220	Picture	stage2_box	2357149	0	1	2499	1	0	next	false_alarm	596
MAXED_1036	220	Response	2	2359490	2341	1
MAXED_1036	221	Picture	stage2_up	2359648	0	1	7550	1	0	next	false_alarm	599
MAXED_1036	221	Pulse	99	2360000	352	NA
MAXED_1036	221	Response	2	2361612	1964	1
MAXED_1036	221	Response	2	2363523	3876	1
MAXED_1036	221	Response	2	2365492	5845	1
MAXED_1036	222	Picture	stage2_win	2367197	0	1	10163	1	0	next	false_alarm	603
MAXED_1036	222	Response	1	2367346	149	1
MAXED_1036	222	Response	2	2368865	1667	1
MAXED_1036	222	Response	1	2371834	4636	1
MAXED_1036	222	Response	2	2374217	7019	1
MAXED_1036	222	Response	1	2375596	8399	1
MAXED_1036	223	Response	2	2377547	186	1
MAXED_1036	223	Response	1	2379249	1888	1
MAXED_1036	223	Pulse	99	2380000	2639	NA
MAXED_1036	223	Pulse	99	2400000	22639	NA
MAXED_1036	223	Pulse	99	2420000	42639	NA
MAXED_1036	223	Pulse	99	2440000	62639	NA
MAXED_1036	223	Pulse	99	2460000	82639	NA
MAXED_1036	223	Pulse	99	2480000	102639	NA
MAXED_1036	223	Pulse	99	2500000	122639	NA
MAXED_1036	223	Pulse	99	2520000	142639	NA
MAXED_1036	223	Response	88	2527395	150034	1
