Scenario - 
Logfile written - 07/14/2023 18:17:41

Subject	Trial	Event Type	Code	Time	TTime	Uncertainty	Duration	Uncertainty	ReqTime	ReqDur	Stim Type	Pair Index

MAXED_1058_Day_B	0	Pulse	99	0	0	NA
MAXED_1058_Day_B	1	Picture	instructions_1	833	0	1	289236	1	0	next	false_alarm	17
MAXED_1058_Day_B	1	Pulse	99	20000	19167	NA
MAXED_1058_Day_B	1	Pulse	99	40000	39167	NA
MAXED_1058_Day_B	1	Pulse	99	60000	59167	NA
MAXED_1058_Day_B	1	Pulse	99	80000	79167	NA
MAXED_1058_Day_B	1	Pulse	99	100000	99167	NA
MAXED_1058_Day_B	1	Pulse	99	120000	119167	NA
MAXED_1058_Day_B	1	Pulse	99	140000	139167	NA
MAXED_1058_Day_B	1	Pulse	99	160000	159167	NA
MAXED_1058_Day_B	1	Pulse	99	180000	179167	NA
MAXED_1058_Day_B	1	Pulse	99	200000	199167	NA
MAXED_1058_Day_B	1	Pulse	99	220000	219167	NA
MAXED_1058_Day_B	1	Pulse	99	240000	239167	NA
MAXED_1058_Day_B	1	Pulse	99	260000	259167	NA
MAXED_1058_Day_B	1	Pulse	99	280000	279167	NA
MAXED_1058_Day_B	1	Response	88	289851	289018	1
MAXED_1058_Day_B	2	Picture	instructions_2	290069	0	1	62479	1	0	next	false_alarm	22
MAXED_1058_Day_B	2	Pulse	99	300000	9931	NA
MAXED_1058_Day_B	2	Pulse	99	320000	29931	NA
MAXED_1058_Day_B	2	Pulse	99	340000	49931	NA
MAXED_1058_Day_B	2	Response	88	352438	62369	1
MAXED_1058_Day_B	3	Picture	instructions_3	352548	0	1	89803	1	0	next	false_alarm	29
MAXED_1058_Day_B	3	Pulse	99	360000	7452	NA
MAXED_1058_Day_B	3	Pulse	99	380000	27452	NA
MAXED_1058_Day_B	3	Pulse	99	400000	47452	NA
MAXED_1058_Day_B	3	Pulse	99	420000	67452	NA
MAXED_1058_Day_B	3	Pulse	99	440000	87452	NA
MAXED_1058_Day_B	3	Response	88	442270	89722	1
MAXED_1058_Day_B	4	Picture	instructions_4	442351	0	1	103465	1	0	next	false_alarm	36
MAXED_1058_Day_B	4	Pulse	99	460000	17649	NA
MAXED_1058_Day_B	4	Pulse	99	480000	37649	NA
MAXED_1058_Day_B	4	Pulse	99	500000	57649	NA
MAXED_1058_Day_B	4	Pulse	99	520000	77649	NA
MAXED_1058_Day_B	4	Pulse	99	540000	97649	NA
MAXED_1058_Day_B	4	Response	88	545660	103309	1
MAXED_1058_Day_B	5	Picture	instructions_5	545816	0	1	101466	1	0	next	false_alarm	43
MAXED_1058_Day_B	5	Pulse	99	560000	14184	NA
MAXED_1058_Day_B	5	Pulse	99	580000	34184	NA
MAXED_1058_Day_B	5	Pulse	99	600000	54184	NA
MAXED_1058_Day_B	5	Pulse	99	620000	74184	NA
MAXED_1058_Day_B	5	Pulse	99	640000	94184	NA
MAXED_1058_Day_B	5	Response	88	647141	101324	1
MAXED_1058_Day_B	6	Picture	instructions_6	647282	0	1	51483	1	0	next	false_alarm	47
MAXED_1058_Day_B	6	Pulse	99	660000	12718	NA
MAXED_1058_Day_B	6	Pulse	99	680000	32718	NA
MAXED_1058_Day_B	6	Response	88	698577	51294	1
MAXED_1058_Day_B	7	Picture	instructions_7	698765	0	1	164445	1	0	next	false_alarm	58
MAXED_1058_Day_B	7	Pulse	99	700000	1235	NA
MAXED_1058_Day_B	7	Pulse	99	720000	21235	NA
MAXED_1058_Day_B	7	Pulse	99	740000	41235	NA
MAXED_1058_Day_B	7	Pulse	99	760000	61235	NA
MAXED_1058_Day_B	7	Pulse	99	780000	81235	NA
MAXED_1058_Day_B	7	Pulse	99	800000	101235	NA
MAXED_1058_Day_B	7	Pulse	99	820000	121235	NA
MAXED_1058_Day_B	7	Pulse	99	840000	141235	NA
MAXED_1058_Day_B	7	Pulse	99	860000	161235	NA
MAXED_1058_Day_B	7	Response	88	863034	164269	1
MAXED_1058_Day_B	8	Picture	instructions_8	863210	0	1	99133	1	0	next	false_alarm	65
MAXED_1058_Day_B	8	Pulse	99	880000	16790	NA
MAXED_1058_Day_B	8	Pulse	99	900000	36790	NA
MAXED_1058_Day_B	8	Pulse	99	920000	56790	NA
MAXED_1058_Day_B	8	Pulse	99	940000	76790	NA
MAXED_1058_Day_B	8	Pulse	99	960000	96790	NA
MAXED_1058_Day_B	8	Response	88	962132	98922	1
MAXED_1058_Day_B	9	Picture	instructions_9	962343	0	1	44652	1	0	next	false_alarm	69
MAXED_1058_Day_B	9	Pulse	99	980000	17657	NA
MAXED_1058_Day_B	9	Pulse	99	1000000	37657	NA
MAXED_1058_Day_B	9	Response	88	1006797	44454	1
MAXED_1058_Day_B	10	Picture	instructions_10	1006995	0	1	174108	1	0	next	false_alarm	80
MAXED_1058_Day_B	10	Pulse	99	1020000	13005	NA
MAXED_1058_Day_B	10	Pulse	99	1040000	33005	NA
MAXED_1058_Day_B	10	Pulse	99	1060000	53005	NA
MAXED_1058_Day_B	10	Pulse	99	1080000	73005	NA
MAXED_1058_Day_B	10	Pulse	99	1100000	93005	NA
MAXED_1058_Day_B	10	Pulse	99	1120000	113005	NA
MAXED_1058_Day_B	10	Pulse	99	1140000	133005	NA
MAXED_1058_Day_B	10	Pulse	99	1160000	153005	NA
MAXED_1058_Day_B	10	Pulse	99	1180000	173005	NA
MAXED_1058_Day_B	10	Response	88	1180980	173985	1
MAXED_1058_Day_B	11	Picture	instructions_11	1181103	0	1	114961	1	0	next	false_alarm	87
MAXED_1058_Day_B	11	Pulse	99	1200000	18897	NA
MAXED_1058_Day_B	11	Pulse	99	1220000	38897	NA
MAXED_1058_Day_B	11	Pulse	99	1240000	58897	NA
MAXED_1058_Day_B	11	Pulse	99	1260000	78897	NA
MAXED_1058_Day_B	11	Pulse	99	1280000	98897	NA
MAXED_1058_Day_B	11	Response	88	1295958	114855	1
MAXED_1058_Day_B	12	Picture	instructions_12	1296064	0	1	93469	1	0	next	false_alarm	94
MAXED_1058_Day_B	12	Pulse	99	1300000	3936	NA
MAXED_1058_Day_B	12	Pulse	99	1320000	23936	NA
MAXED_1058_Day_B	12	Pulse	99	1340000	43936	NA
MAXED_1058_Day_B	12	Pulse	99	1360000	63936	NA
MAXED_1058_Day_B	12	Pulse	99	1380000	83936	NA
MAXED_1058_Day_B	12	Response	88	1389337	93273	1
MAXED_1058_Day_B	13	Picture	instructions_13	1389533	0	1	171276	1	0	next	false_alarm	105
MAXED_1058_Day_B	13	Pulse	99	1400000	10467	NA
MAXED_1058_Day_B	13	Pulse	99	1420000	30467	NA
MAXED_1058_Day_B	13	Pulse	99	1440000	50467	NA
MAXED_1058_Day_B	13	Pulse	99	1460000	70467	NA
MAXED_1058_Day_B	13	Pulse	99	1480000	90467	NA
MAXED_1058_Day_B	13	Pulse	99	1500000	110467	NA
MAXED_1058_Day_B	13	Pulse	99	1520000	130467	NA
MAXED_1058_Day_B	13	Pulse	99	1540000	150467	NA
MAXED_1058_Day_B	13	Pulse	99	1560000	170467	NA
MAXED_1058_Day_B	13	Response	88	1560676	171143	1
MAXED_1058_Day_B	14	Picture	instructions_14	1560808	0	1	29157	1	0	next	false_alarm	108
MAXED_1058_Day_B	14	Pulse	99	1580000	19192	NA
MAXED_1058_Day_B	14	Response	88	1589766	28958	1
MAXED_1058_Day_B	15	Picture	instructions_15	1589965	0	1	132622	1	0	next	false_alarm	117
MAXED_1058_Day_B	15	Pulse	99	1600000	10035	NA
MAXED_1058_Day_B	15	Pulse	99	1620000	30035	NA
MAXED_1058_Day_B	15	Pulse	99	1640000	50035	NA
MAXED_1058_Day_B	15	Pulse	99	1660000	70035	NA
MAXED_1058_Day_B	15	Pulse	99	1680000	90035	NA
MAXED_1058_Day_B	15	Pulse	99	1700000	110035	NA
MAXED_1058_Day_B	15	Pulse	99	1720000	130035	NA
MAXED_1058_Day_B	15	Response	88	1722406	132441	1
MAXED_1058_Day_B	16	Picture	instructions_16	1722587	0	1	62646	1	0	next	false_alarm	122
MAXED_1058_Day_B	16	Pulse	99	1740000	17413	NA
MAXED_1058_Day_B	16	Pulse	99	1760000	37413	NA
MAXED_1058_Day_B	16	Pulse	99	1780000	57413	NA
MAXED_1058_Day_B	16	Response	88	1785112	62525	1
MAXED_1058_Day_B	17	Picture	instructions_17	1785233	0	1	16328	1	0	next	false_alarm	125
MAXED_1058_Day_B	17	Pulse	99	1800000	14767	NA
MAXED_1058_Day_B	17	Response	88	1801430	16197	1
MAXED_1058_Day_B	18	Picture	instructions_18	1801561	0	1	73975	1	0	next	false_alarm	130
MAXED_1058_Day_B	18	Pulse	99	1820000	18439	NA
MAXED_1058_Day_B	18	Pulse	99	1840000	38439	NA
MAXED_1058_Day_B	18	Pulse	99	1860000	58439	NA
MAXED_1058_Day_B	18	Response	88	1875381	73821	1
MAXED_1058_Day_B	19	Picture	instructions_19	1875536	0	1	204764	1	0	next	false_alarm	143
MAXED_1058_Day_B	19	Pulse	99	1880000	4464	NA
MAXED_1058_Day_B	19	Pulse	99	1900000	24464	NA
MAXED_1058_Day_B	19	Pulse	99	1920000	44464	NA
MAXED_1058_Day_B	19	Pulse	99	1940000	64464	NA
MAXED_1058_Day_B	19	Pulse	99	1960000	84464	NA
MAXED_1058_Day_B	19	Pulse	99	1980000	104464	NA
MAXED_1058_Day_B	19	Pulse	99	2000000	124464	NA
MAXED_1058_Day_B	19	Pulse	99	2020000	144464	NA
MAXED_1058_Day_B	19	Pulse	99	2040000	164464	NA
MAXED_1058_Day_B	19	Pulse	99	2060000	184464	NA
MAXED_1058_Day_B	19	Pulse	99	2080000	204464	NA
MAXED_1058_Day_B	19	Response	88	2080186	204650	1
MAXED_1058_Day_B	20	Picture	instructions_20	2080300	0	1	92469	1	0	next	false_alarm	149
MAXED_1058_Day_B	20	Pulse	99	2100000	19700	NA
MAXED_1058_Day_B	20	Pulse	99	2120000	39700	NA
MAXED_1058_Day_B	20	Pulse	99	2140000	59700	NA
MAXED_1058_Day_B	20	Pulse	99	2160000	79700	NA
MAXED_1058_Day_B	20	Response	88	2172575	92275	1
MAXED_1058_Day_B	21	Picture	instructions_21	2172769	0	1	101133	1	0	next	false_alarm	156
MAXED_1058_Day_B	21	Pulse	99	2180000	7231	NA
MAXED_1058_Day_B	21	Pulse	99	2200000	27231	NA
MAXED_1058_Day_B	21	Pulse	99	2220000	47231	NA
MAXED_1058_Day_B	21	Pulse	99	2240000	67231	NA
MAXED_1058_Day_B	21	Pulse	99	2260000	87231	NA
MAXED_1058_Day_B	21	Response	88	2273803	101034	1
MAXED_1058_Day_B	22	Picture	instructions_22	2273902	0	1	37154	1	0	next	false_alarm	160
MAXED_1058_Day_B	22	Pulse	99	2280000	6098	NA
MAXED_1058_Day_B	22	Pulse	99	2300000	26098	NA
MAXED_1058_Day_B	22	Response	88	2310964	37062	1
MAXED_1058_Day_B	23	Picture	instructions_23	2311056	0	1	80973	1	0	next	false_alarm	166
MAXED_1058_Day_B	23	Pulse	99	2320000	8944	NA
MAXED_1058_Day_B	23	Pulse	99	2340000	28944	NA
MAXED_1058_Day_B	23	Pulse	99	2360000	48944	NA
MAXED_1058_Day_B	23	Pulse	99	2380000	68944	NA
MAXED_1058_Day_B	23	Response	88	2391801	80745	1
MAXED_1058_Day_B	24	Picture	instructions_24	2392029	0	1	138453	1	0	next	false_alarm	175
MAXED_1058_Day_B	24	Pulse	99	2400000	7971	NA
MAXED_1058_Day_B	24	Pulse	99	2420000	27971	NA
MAXED_1058_Day_B	24	Pulse	99	2440000	47971	NA
MAXED_1058_Day_B	24	Pulse	99	2460000	67971	NA
MAXED_1058_Day_B	24	Pulse	99	2480000	87971	NA
MAXED_1058_Day_B	24	Pulse	99	2500000	107971	NA
MAXED_1058_Day_B	24	Pulse	99	2520000	127971	NA
MAXED_1058_Day_B	24	Response	88	2530292	138263	1
MAXED_1058_Day_B	25	Picture	instructions_25	2530482	0	1	87137	1	0	next	false_alarm	181
MAXED_1058_Day_B	25	Pulse	99	2540000	9518	NA
MAXED_1058_Day_B	25	Pulse	99	2560000	29518	NA
MAXED_1058_Day_B	25	Pulse	99	2580000	49518	NA
MAXED_1058_Day_B	25	Pulse	99	2600000	69518	NA
MAXED_1058_Day_B	25	Response	88	2617404	86922	1
MAXED_1058_Day_B	26	Picture	instructions_26	2617620	0	1	121959	1	0	next	false_alarm	189
MAXED_1058_Day_B	26	Pulse	99	2620000	2380	NA
MAXED_1058_Day_B	26	Pulse	99	2640000	22380	NA
MAXED_1058_Day_B	26	Pulse	99	2660000	42380	NA
MAXED_1058_Day_B	26	Pulse	99	2680000	62380	NA
MAXED_1058_Day_B	26	Pulse	99	2700000	82380	NA
MAXED_1058_Day_B	26	Pulse	99	2720000	102380	NA
MAXED_1058_Day_B	26	Response	88	2739379	121759	1
MAXED_1058_Day_B	27	Picture	instructions_27	2739579	0	1	53815	1	0	next	false_alarm	194
MAXED_1058_Day_B	27	Pulse	99	2740000	421	NA
MAXED_1058_Day_B	27	Pulse	99	2760000	20421	NA
MAXED_1058_Day_B	27	Pulse	99	2780000	40421	NA
MAXED_1058_Day_B	27	Response	88	2793229	53651	1
MAXED_1058_Day_B	28	Picture	instructions_28	2793394	0	1	28324	1	0	next	false_alarm	198
MAXED_1058_Day_B	28	Pulse	99	2800000	6606	NA
MAXED_1058_Day_B	28	Pulse	99	2820000	26606	NA
MAXED_1058_Day_B	28	Response	88	2821512	28118	1
MAXED_1058_Day_B	29	Picture	instructions_29	2821718	0	1	41819	1	0	next	false_alarm	202
MAXED_1058_Day_B	29	Pulse	99	2840000	18282	NA
MAXED_1058_Day_B	29	Pulse	99	2860000	38282	NA
MAXED_1058_Day_B	29	Response	88	2863351	41634	1
MAXED_1058_Day_B	30	Picture	instructions_30	2863537	0	1	179939	1	0	next	false_alarm	213
MAXED_1058_Day_B	30	Pulse	99	2880000	16463	NA
MAXED_1058_Day_B	30	Pulse	99	2900000	36463	NA
MAXED_1058_Day_B	30	Pulse	99	2920000	56463	NA
MAXED_1058_Day_B	30	Pulse	99	2940000	76463	NA
MAXED_1058_Day_B	30	Pulse	99	2960000	96463	NA
MAXED_1058_Day_B	30	Pulse	99	2980000	116463	NA
MAXED_1058_Day_B	30	Pulse	99	3000000	136463	NA
MAXED_1058_Day_B	30	Pulse	99	3020000	156463	NA
MAXED_1058_Day_B	30	Pulse	99	3040000	176463	NA
MAXED_1058_Day_B	30	Response	88	3043293	179756	1
MAXED_1058_Day_B	31	Picture	instructions_31	3043476	0	1	80140	1	0	next	false_alarm	219
MAXED_1058_Day_B	31	Pulse	99	3060000	16524	NA
MAXED_1058_Day_B	31	Pulse	99	3080000	36524	NA
MAXED_1058_Day_B	31	Pulse	99	3100000	56524	NA
MAXED_1058_Day_B	31	Pulse	99	3120000	76524	NA
MAXED_1058_Day_B	31	Response	88	3123427	79951	1
MAXED_1058_Day_B	32	Picture	instructions_32	3123616	0	1	73309	1	0	next	false_alarm	224
MAXED_1058_Day_B	32	Pulse	99	3140000	16384	NA
MAXED_1058_Day_B	32	Pulse	99	3160000	36384	NA
MAXED_1058_Day_B	32	Pulse	99	3180000	56384	NA
MAXED_1058_Day_B	32	Response	88	3196839	73223	1
MAXED_1058_Day_B	33	Picture	instructions_33	3196925	0	1	52482	1	0	next	false_alarm	229
MAXED_1058_Day_B	33	Pulse	99	3200000	3075	NA
MAXED_1058_Day_B	33	Pulse	99	3220000	23075	NA
MAXED_1058_Day_B	33	Pulse	99	3240000	43075	NA
MAXED_1058_Day_B	33	Response	88	3249187	52262	1
MAXED_1058_Day_B	34	Picture	instructions_34	3249407	0	1	96801	1	0	next	false_alarm	236
MAXED_1058_Day_B	34	Pulse	99	3260000	10593	NA
MAXED_1058_Day_B	34	Pulse	99	3280000	30593	NA
MAXED_1058_Day_B	34	Pulse	99	3300000	50593	NA
MAXED_1058_Day_B	34	Pulse	99	3320000	70593	NA
MAXED_1058_Day_B	34	Pulse	99	3340000	90593	NA
MAXED_1058_Day_B	34	Response	88	3346072	96665	1
MAXED_1058_Day_B	35	Picture	instructions_35	3346208	0	1	89970	1	0	next	false_alarm	242
MAXED_1058_Day_B	35	Pulse	99	3360000	13792	NA
MAXED_1058_Day_B	35	Pulse	99	3380000	33792	NA
MAXED_1058_Day_B	35	Pulse	99	3400000	53792	NA
MAXED_1058_Day_B	35	Pulse	99	3420000	73792	NA
MAXED_1058_Day_B	35	Response	88	3436085	89877	1
MAXED_1058_Day_B	36	Picture	instructions_36	3436178	0	1	111962	1	0	next	false_alarm	250
MAXED_1058_Day_B	36	Pulse	99	3440000	3822	NA
MAXED_1058_Day_B	36	Pulse	99	3460000	23822	NA
MAXED_1058_Day_B	36	Pulse	99	3480000	43822	NA
MAXED_1058_Day_B	36	Pulse	99	3500000	63822	NA
MAXED_1058_Day_B	36	Pulse	99	3520000	83822	NA
MAXED_1058_Day_B	36	Pulse	99	3540000	103822	NA
MAXED_1058_Day_B	36	Response	88	3547965	111788	1
MAXED_1058_Day_B	37	Picture	instructions_37	3548140	0	1	47151	1	0	next	false_alarm	254
MAXED_1058_Day_B	37	Pulse	99	3560000	11860	NA
MAXED_1058_Day_B	37	Pulse	99	3580000	31860	NA
MAXED_1058_Day_B	37	Response	88	3595230	47090	1
MAXED_1058_Day_B	38	Picture	instructions_38	3595291	0	1	90136	1	0	next	false_alarm	261
MAXED_1058_Day_B	38	Pulse	99	3600000	4709	NA
MAXED_1058_Day_B	38	Pulse	99	3620000	24709	NA
MAXED_1058_Day_B	38	Pulse	99	3640000	44709	NA
MAXED_1058_Day_B	38	Pulse	99	3660000	64709	NA
MAXED_1058_Day_B	38	Pulse	99	3680000	84709	NA
MAXED_1058_Day_B	38	Response	88	3685234	89943	1
MAXED_1058_Day_B	39	Picture	instructions_39	3685427	0	1	115794	1	0	next	false_alarm	269
MAXED_1058_Day_B	39	Pulse	99	3700000	14573	NA
MAXED_1058_Day_B	39	Pulse	99	3720000	34573	NA
MAXED_1058_Day_B	39	Pulse	99	3740000	54573	NA
MAXED_1058_Day_B	39	Pulse	99	3760000	74573	NA
MAXED_1058_Day_B	39	Pulse	99	3780000	94573	NA
MAXED_1058_Day_B	39	Pulse	99	3800000	114573	NA
MAXED_1058_Day_B	39	Response	88	3801107	115680	1
MAXED_1058_Day_B	40	Picture	instructions_40	3801222	0	1	94468	1	0	next	false_alarm	275
MAXED_1058_Day_B	40	Pulse	99	3820000	18778	NA
MAXED_1058_Day_B	40	Pulse	99	3840000	38778	NA
MAXED_1058_Day_B	40	Pulse	99	3860000	58778	NA
MAXED_1058_Day_B	40	Pulse	99	3880000	78778	NA
MAXED_1058_Day_B	40	Response	88	3895577	94355	1
MAXED_1058_Day_B	41	Picture	instructions_41	3895690	0	1	147617	1	0	next	false_alarm	285
MAXED_1058_Day_B	41	Pulse	99	3900000	4310	NA
MAXED_1058_Day_B	41	Pulse	99	3920000	24310	NA
MAXED_1058_Day_B	41	Pulse	99	3940000	44310	NA
MAXED_1058_Day_B	41	Pulse	99	3960000	64310	NA
MAXED_1058_Day_B	41	Pulse	99	3980000	84310	NA
MAXED_1058_Day_B	41	Pulse	99	4000000	104310	NA
MAXED_1058_Day_B	41	Pulse	99	4020000	124310	NA
MAXED_1058_Day_B	41	Pulse	99	4040000	144310	NA
MAXED_1058_Day_B	41	Response	88	4043116	147426	1
MAXED_1058_Day_B	42	Picture	instructions_42	4043307	0	1	87637	1	0	next	false_alarm	291
MAXED_1058_Day_B	42	Pulse	99	4060000	16693	NA
MAXED_1058_Day_B	42	Pulse	99	4080000	36693	NA
MAXED_1058_Day_B	42	Pulse	99	4100000	56693	NA
MAXED_1058_Day_B	42	Pulse	99	4120000	76693	NA
MAXED_1058_Day_B	42	Response	88	4130867	87561	1
MAXED_1058_Day_B	43	Picture	instructions_43	4130944	0	1	67811	1	0	next	false_alarm	296
MAXED_1058_Day_B	43	Pulse	99	4140000	9056	NA
MAXED_1058_Day_B	43	Pulse	99	4160000	29056	NA
MAXED_1058_Day_B	43	Pulse	99	4180000	49056	NA
MAXED_1058_Day_B	43	Response	88	4198561	67617	1
MAXED_1058_Day_B	44	Picture	instructions_44	4198755	0	1	128457	1	0	next	false_alarm	305
MAXED_1058_Day_B	44	Pulse	99	4200000	1245	NA
MAXED_1058_Day_B	44	Pulse	99	4220000	21245	NA
MAXED_1058_Day_B	44	Pulse	99	4240000	41245	NA
MAXED_1058_Day_B	44	Pulse	99	4260000	61245	NA
MAXED_1058_Day_B	44	Pulse	99	4280000	81245	NA
MAXED_1058_Day_B	44	Pulse	99	4300000	101245	NA
MAXED_1058_Day_B	44	Pulse	99	4320000	121245	NA
MAXED_1058_Day_B	44	Response	88	4327154	128399	1
MAXED_1058_Day_B	45	Picture	instructions_45	4327211	0	1	55648	1	0	next	false_alarm	310
MAXED_1058_Day_B	45	Pulse	99	4340000	12789	NA
MAXED_1058_Day_B	45	Pulse	99	4360000	32789	NA
MAXED_1058_Day_B	45	Pulse	99	4380000	52789	NA
MAXED_1058_Day_B	45	Response	88	4382770	55559	1
MAXED_1058_Day_B	46	Picture	instructions_46	4382859	0	1	32489	1	0	next	false_alarm	313
MAXED_1058_Day_B	46	Pulse	99	4400000	17141	NA
MAXED_1058_Day_B	46	Response	88	4415229	32370	1
MAXED_1058_Day_B	47	Picture	fixation	4415348	0	1	5165	1	0	next	other	0
MAXED_1058_Day_B	47	Pulse	99	4420000	4652	NA
MAXED_1058_Day_B	48	Picture	stage1	4420513	0	1	17827	1	0	next	false_alarm	317
MAXED_1058_Day_B	48	Response	2	4438193	17679	1
MAXED_1058_Day_B	49	Picture	stage1_box	4438341	0	1	7664	1	0	next	other	0
MAXED_1058_Day_B	49	Pulse	99	4440000	1659	NA
MAXED_1058_Day_B	50	Picture	stage1_outcome	4446005	0	1	167	1	0	next	other	0
MAXED_1058_Day_B	51	Picture	stage2A	4446171	0	1	12996	1	0	next	false_alarm	322
MAXED_1058_Day_B	51	Response	1	4458966	12795	1
MAXED_1058_Day_B	52	Picture	stage2_box	4459167	0	1	7664	1	0	next	other	0
MAXED_1058_Day_B	52	Pulse	99	4460000	833	NA
MAXED_1058_Day_B	53	Picture	stage2_up	4466831	0	1	7664	1	0	next	other	0
MAXED_1058_Day_B	54	Picture	stage2_lose	4474495	0	1	10163	1	0	next	other	0
MAXED_1058_Day_B	54	Pulse	99	4480000	5505	NA
MAXED_1058_Day_B	55	Picture	stage1	4484658	0	1	12829	1	0	next	false_alarm	329
MAXED_1058_Day_B	55	Response	2	4497407	12748	1
MAXED_1058_Day_B	56	Picture	stage1_box	4497487	0	1	7664	1	0	next	other	0
MAXED_1058_Day_B	56	Pulse	99	4500000	2513	NA
MAXED_1058_Day_B	57	Picture	stage1_outcome	4505152	0	1	167	1	0	next	other	0
MAXED_1058_Day_B	58	Picture	stage2B	4505318	0	1	26658	1	0	next	false_alarm	335
MAXED_1058_Day_B	58	Pulse	99	4520000	14682	NA
MAXED_1058_Day_B	58	Response	2	4531899	26581	1
MAXED_1058_Day_B	59	Picture	stage2_box	4531976	0	1	7664	1	0	next	other	0
MAXED_1058_Day_B	60	Picture	stage2_up	4539640	0	1	7664	1	0	next	other	0
MAXED_1058_Day_B	60	Pulse	99	4540000	360	NA
MAXED_1058_Day_B	61	Picture	stage2_win	4547304	0	1	10163	1	0	next	other	0
MAXED_1058_Day_B	62	Picture	stage1	4557467	0	1	12996	1	0	next	false_alarm	342
MAXED_1058_Day_B	62	Pulse	99	4560000	2533	NA
MAXED_1058_Day_B	62	Response	2	4570403	12936	1
MAXED_1058_Day_B	63	Picture	stage1_box	4570463	0	1	7664	1	0	next	other	0
MAXED_1058_Day_B	64	Picture	stage1_outcome	4578127	0	1	167	1	0	next	other	0
MAXED_1058_Day_B	65	Picture	stage2A	4578294	0	1	15328	1	0	next	false_alarm	347
MAXED_1058_Day_B	65	Pulse	99	4580000	1706	NA
MAXED_1058_Day_B	65	Response	2	4593518	15224	1
MAXED_1058_Day_B	66	Picture	stage2_box	4593622	0	1	7664	1	0	next	other	0
MAXED_1058_Day_B	66	Pulse	99	4600000	6378	NA
MAXED_1058_Day_B	67	Picture	stage2_up	4601286	0	1	7664	1	0	next	other	0
MAXED_1058_Day_B	68	Picture	stage2_win	4608950	0	1	10163	1	0	next	other	0
MAXED_1058_Day_B	69	Picture	stage1	4619113	0	1	8664	1	0	next	false_alarm	354
MAXED_1058_Day_B	69	Pulse	99	4620000	887	NA
MAXED_1058_Day_B	69	Response	2	4627727	8613	1
MAXED_1058_Day_B	70	Picture	stage1_box	4627777	0	1	7664	1	0	next	other	0
MAXED_1058_Day_B	71	Picture	stage1_outcome	4635441	0	1	167	1	0	next	other	0
MAXED_1058_Day_B	72	Picture	stage2B	4635608	0	1	11829	1	0	next	false_alarm	359
MAXED_1058_Day_B	72	Pulse	99	4640000	4392	NA
MAXED_1058_Day_B	72	Response	2	4647286	11678	1
MAXED_1058_Day_B	73	Picture	stage2_box	4647437	0	1	7664	1	0	next	other	0
MAXED_1058_Day_B	74	Picture	stage2_up	4655101	0	1	7664	1	0	next	other	0
MAXED_1058_Day_B	74	Pulse	99	4660000	4899	NA
MAXED_1058_Day_B	75	Picture	stage2_lose	4662765	0	1	10163	1	0	next	other	0
MAXED_1058_Day_B	76	Picture	stage1	4672928	0	1	4832	1	0	next	false_alarm	365
MAXED_1058_Day_B	76	Response	2	4677601	4673	1
MAXED_1058_Day_B	77	Picture	stage1_box	4677760	0	1	7664	1	0	next	other	0
MAXED_1058_Day_B	77	Pulse	99	4680000	2240	NA
MAXED_1058_Day_B	78	Picture	stage1_outcome	4685424	0	1	167	1	0	next	other	0
MAXED_1058_Day_B	79	Picture	stage2B	4685591	0	1	10497	1	0	next	false_alarm	370
MAXED_1058_Day_B	79	Response	1	4695908	10317	1
MAXED_1058_Day_B	80	Picture	stage2_box	4696087	0	1	7664	1	0	next	other	0
MAXED_1058_Day_B	80	Pulse	99	4700000	3913	NA
MAXED_1058_Day_B	81	Picture	stage2_up	4703751	0	1	7664	1	0	next	other	0
MAXED_1058_Day_B	82	Picture	stage2_win	4711415	0	1	10163	1	0	next	other	0
MAXED_1058_Day_B	82	Pulse	99	4720000	8585	NA
MAXED_1058_Day_B	83	Picture	stage1	4721579	0	1	7831	1	0	next	false_alarm	377
MAXED_1058_Day_B	83	Response	1	4729316	7737	1
MAXED_1058_Day_B	84	Picture	stage1_box	4729409	0	1	7664	1	0	next	other	0
MAXED_1058_Day_B	85	Picture	stage1_outcome	4737074	0	1	167	1	0	next	other	0
MAXED_1058_Day_B	86	Picture	stage2A	4737240	0	1	14828	1	0	next	false_alarm	382
MAXED_1058_Day_B	86	Pulse	99	4740000	2760	NA
MAXED_1058_Day_B	86	Response	1	4751954	14714	1
MAXED_1058_Day_B	87	Picture	stage2_box	4752069	0	1	7664	1	0	next	other	0
MAXED_1058_Day_B	88	Picture	stage2_up	4759733	0	1	7664	1	0	next	other	0
MAXED_1058_Day_B	88	Pulse	99	4760000	267	NA
MAXED_1058_Day_B	89	Picture	stage2_lose	4767397	0	1	10163	1	0	next	other	0
MAXED_1058_Day_B	90	Picture	stage1	4777560	0	1	8997	1	0	next	false_alarm	389
MAXED_1058_Day_B	90	Pulse	99	4780000	2440	NA
MAXED_1058_Day_B	90	Response	2	4786428	8868	1
MAXED_1058_Day_B	91	Picture	stage1_box	4786557	0	1	7664	1	0	next	other	0
MAXED_1058_Day_B	92	Picture	stage1_outcome	4794221	0	1	167	1	0	next	other	0
MAXED_1058_Day_B	93	Picture	stage2B	4794388	0	1	8497	1	0	next	false_alarm	394
MAXED_1058_Day_B	93	Pulse	99	4800000	5612	NA
MAXED_1058_Day_B	93	Response	1	4802692	8304	1
MAXED_1058_Day_B	94	Picture	stage2_box	4802885	0	1	7664	1	0	next	other	0
MAXED_1058_Day_B	95	Picture	stage2_up	4810549	0	1	7664	1	0	next	other	0
MAXED_1058_Day_B	96	Picture	stage2_lose	4818213	0	1	10163	1	0	next	other	0
MAXED_1058_Day_B	96	Pulse	99	4820000	1787	NA
MAXED_1058_Day_B	97	Picture	stage1	4828376	0	1	6664	1	0	next	false_alarm	400
MAXED_1058_Day_B	97	Response	2	4834993	6617	1
MAXED_1058_Day_B	98	Picture	stage1_box	4835041	0	1	7664	1	0	next	other	0
MAXED_1058_Day_B	98	Pulse	99	4840000	4959	NA
MAXED_1058_Day_B	99	Picture	stage1_outcome	4842705	0	1	167	1	0	next	other	0
MAXED_1058_Day_B	100	Picture	stage2B	4842871	0	1	13329	1	0	next	false_alarm	405
MAXED_1058_Day_B	100	Response	2	4856070	13199	1
MAXED_1058_Day_B	101	Picture	stage2_box	4856200	0	1	7664	1	0	next	other	0
MAXED_1058_Day_B	101	Pulse	99	4860000	3800	NA
MAXED_1058_Day_B	102	Picture	stage2_up	4863864	0	1	7664	1	0	next	other	0
MAXED_1058_Day_B	103	Picture	stage2_win	4871528	0	1	10163	1	0	next	other	0
MAXED_1058_Day_B	103	Pulse	99	4880000	8472	NA
MAXED_1058_Day_B	104	Picture	stage1	4881692	0	1	3832	1	0	next	false_alarm	412
MAXED_1058_Day_B	104	Response	1	4885358	3666	1
MAXED_1058_Day_B	105	Picture	stage1_box	4885524	0	1	7664	1	0	next	other	0
MAXED_1058_Day_B	106	Picture	stage1_outcome	4893188	0	1	167	1	0	next	other	0
MAXED_1058_Day_B	107	Picture	stage2A	4893354	0	1	7164	1	0	next	false_alarm	417
MAXED_1058_Day_B	107	Pulse	99	4900000	6646	NA
MAXED_1058_Day_B	107	Response	2	4900384	7030	1
MAXED_1058_Day_B	108	Picture	stage2_box	4900519	0	1	7664	1	0	next	other	0
MAXED_1058_Day_B	109	Picture	stage2_up	4908183	0	1	7664	1	0	next	other	0
MAXED_1058_Day_B	110	Picture	stage2_win	4915847	0	1	10163	1	0	next	other	0
MAXED_1058_Day_B	110	Pulse	99	4920000	4153	NA
MAXED_1058_Day_B	111	Picture	stage1	4926010	0	1	5498	1	0	next	false_alarm	423
MAXED_1058_Day_B	111	Response	1	4931393	5383	1
MAXED_1058_Day_B	112	Picture	stage1_box	4931508	0	1	7664	1	0	next	other	0
MAXED_1058_Day_B	113	Picture	stage1_outcome	4939172	0	1	167	1	0	next	other	0
MAXED_1058_Day_B	114	Picture	stage2A	4939339	0	1	7164	1	0	next	false_alarm	428
MAXED_1058_Day_B	114	Pulse	99	4940000	661	NA
MAXED_1058_Day_B	114	Response	2	4946341	7002	1
MAXED_1058_Day_B	115	Picture	stage2_box	4946503	0	1	7664	1	0	next	other	0
MAXED_1058_Day_B	116	Picture	stage2_up	4954167	0	1	7664	1	0	next	other	0
MAXED_1058_Day_B	116	Pulse	99	4960000	5833	NA
MAXED_1058_Day_B	117	Picture	stage2_win	4961831	0	1	10163	1	0	next	other	0
MAXED_1058_Day_B	118	Picture	stage1	4971995	0	1	3999	1	0	next	false_alarm	434
MAXED_1058_Day_B	118	Response	1	4975951	3956	1
MAXED_1058_Day_B	119	Picture	stage1_box	4975993	0	1	7664	1	0	next	other	0
MAXED_1058_Day_B	119	Pulse	99	4980000	4007	NA
MAXED_1058_Day_B	120	Picture	stage1_outcome	4983657	0	1	167	1	0	next	other	0
MAXED_1058_Day_B	121	Picture	stage2B	4983824	0	1	12829	1	0	next	false_alarm	439
MAXED_1058_Day_B	121	Response	1	4996619	12795	1
MAXED_1058_Day_B	122	Picture	stage2_box	4996653	0	1	7664	1	0	next	other	0
MAXED_1058_Day_B	122	Pulse	99	5000000	3347	NA
MAXED_1058_Day_B	123	Picture	stage2_up	5004317	0	1	7664	1	0	next	other	0
MAXED_1058_Day_B	124	Picture	stage2_lose	5011981	0	1	10163	1	0	next	other	0
MAXED_1058_Day_B	124	Pulse	99	5020000	8019	NA
MAXED_1058_Day_B	125	Picture	stage1	5022144	0	1	7164	1	0	next	false_alarm	446
MAXED_1058_Day_B	125	Response	1	5029189	7044	1
MAXED_1058_Day_B	126	Picture	stage1_box	5029309	0	1	7664	1	0	next	other	0
MAXED_1058_Day_B	127	Picture	stage1_outcome	5036973	0	1	167	1	0	next	other	0
MAXED_1058_Day_B	128	Picture	stage2B	5037139	0	1	11163	1	0	next	false_alarm	451
MAXED_1058_Day_B	128	Pulse	99	5040000	2861	NA
MAXED_1058_Day_B	128	Response	2	5048259	11120	1
MAXED_1058_Day_B	129	Picture	stage2_box	5048302	0	1	7664	1	0	next	other	0
MAXED_1058_Day_B	130	Picture	stage2_up	5055966	0	1	7664	1	0	next	other	0
MAXED_1058_Day_B	130	Pulse	99	5060000	4034	NA
MAXED_1058_Day_B	131	Picture	stage2_win	5063630	0	1	10163	1	0	next	other	0
MAXED_1058_Day_B	132	Picture	stage1	5073794	0	1	3166	1	0	next	false_alarm	457
MAXED_1058_Day_B	132	Response	1	5076811	3017	1
MAXED_1058_Day_B	133	Picture	stage1_box	5076959	0	1	7664	1	0	next	other	0
MAXED_1058_Day_B	133	Pulse	99	5080000	3041	NA
MAXED_1058_Day_B	134	Picture	stage1_outcome	5084623	0	1	167	1	0	next	other	0
MAXED_1058_Day_B	135	Picture	stage2B	5084790	0	1	8664	1	0	next	false_alarm	462
MAXED_1058_Day_B	135	Response	2	5093319	8529	1
MAXED_1058_Day_B	136	Picture	stage2_box	5093454	0	1	7664	1	0	next	other	0
MAXED_1058_Day_B	136	Pulse	99	5100000	6546	NA
MAXED_1058_Day_B	137	Picture	stage2_up	5101118	0	1	7664	1	0	next	other	0
MAXED_1058_Day_B	138	Picture	stage2_lose	5108782	0	1	10163	1	0	next	other	0
MAXED_1058_Day_B	139	Picture	stage1	5118945	0	1	2499	1	0	next	false_alarm	469
MAXED_1058_Day_B	139	Pulse	99	5120000	1055	NA
MAXED_1058_Day_B	139	Response	1	5121417	2472	1
MAXED_1058_Day_B	140	Picture	stage1_box	5121444	0	1	7664	1	0	next	other	0
MAXED_1058_Day_B	141	Picture	stage1_outcome	5129108	0	1	167	1	0	next	other	0
MAXED_1058_Day_B	142	Picture	stage2A	5129275	0	1	6998	1	0	next	false_alarm	473
MAXED_1058_Day_B	142	Response	2	5136222	6947	1
MAXED_1058_Day_B	143	Picture	stage2_box	5136273	0	1	7664	1	0	next	other	0
MAXED_1058_Day_B	143	Pulse	99	5140000	3727	NA
MAXED_1058_Day_B	144	Picture	stage2_up	5143937	0	1	7664	1	0	next	other	0
MAXED_1058_Day_B	145	Picture	stage2_win	5151601	0	1	10163	1	0	next	other	0
MAXED_1058_Day_B	145	Pulse	99	5160000	8399	NA
MAXED_1058_Day_B	146	Picture	stage1	5161764	0	1	2832	1	0	next	false_alarm	480
MAXED_1058_Day_B	146	Response	1	5164471	2707	1
MAXED_1058_Day_B	147	Picture	stage1_box	5164596	0	1	7664	1	0	next	other	0
MAXED_1058_Day_B	148	Picture	stage1_outcome	5172261	0	1	167	1	0	next	other	0
MAXED_1058_Day_B	149	Picture	stage2A	5172427	0	1	7164	1	0	next	false_alarm	484
MAXED_1058_Day_B	149	Response	2	5179528	7101	1
MAXED_1058_Day_B	150	Picture	stage2_box	5179591	0	1	7664	1	0	next	other	0
MAXED_1058_Day_B	150	Pulse	99	5180000	409	NA
MAXED_1058_Day_B	151	Picture	stage2_up	5187256	0	1	7664	1	0	next	other	0
MAXED_1058_Day_B	152	Picture	stage2_lose	5194920	0	1	10163	1	0	next	other	0
MAXED_1058_Day_B	152	Pulse	99	5200000	5080	NA
MAXED_1058_Day_B	153	Picture	stage1	5205083	0	1	3999	1	0	next	false_alarm	491
MAXED_1058_Day_B	153	Response	1	5209040	3957	1
MAXED_1058_Day_B	154	Picture	stage1_box	5209082	0	1	7664	1	0	next	other	0
MAXED_1058_Day_B	155	Picture	stage1_outcome	5216746	0	1	167	1	0	next	other	0
MAXED_1058_Day_B	156	Picture	stage2A	5216912	0	1	4332	1	0	next	false_alarm	496
MAXED_1058_Day_B	156	Pulse	99	5220000	3088	NA
MAXED_1058_Day_B	156	Response	2	5221183	4271	1
MAXED_1058_Day_B	157	Picture	stage2_box	5221244	0	1	7664	1	0	next	other	0
MAXED_1058_Day_B	158	Picture	stage2_up	5228908	0	1	7664	1	0	next	other	0
MAXED_1058_Day_B	159	Picture	stage2_lose	5236572	0	1	10163	1	0	next	other	0
MAXED_1058_Day_B	159	Pulse	99	5240000	3428	NA
MAXED_1058_Day_B	160	Picture	stage1	5246736	0	1	2499	1	0	next	false_alarm	502
MAXED_1058_Day_B	160	Response	2	5249089	2354	1
MAXED_1058_Day_B	161	Picture	stage1_box	5249235	0	1	7664	1	0	next	other	0
MAXED_1058_Day_B	162	Picture	stage1_outcome	5256899	0	1	167	1	0	next	other	0
MAXED_1058_Day_B	163	Picture	stage2B	5257065	0	1	5998	1	0	next	false_alarm	507
MAXED_1058_Day_B	163	Pulse	99	5260000	2935	NA
MAXED_1058_Day_B	163	Response	2	5262988	5923	1
MAXED_1058_Day_B	164	Picture	stage2_box	5263063	0	1	7664	1	0	next	other	0
MAXED_1058_Day_B	165	Picture	stage2_up	5270727	0	1	7664	1	0	next	other	0
MAXED_1058_Day_B	166	Picture	stage2_lose	5278392	0	1	10163	1	0	next	other	0
MAXED_1058_Day_B	166	Pulse	99	5280000	1608	NA
MAXED_1058_Day_B	167	Picture	stage1	5288555	0	1	2499	1	0	next	false_alarm	513
MAXED_1058_Day_B	167	Response	2	5290965	2410	1
MAXED_1058_Day_B	168	Picture	stage1_box	5291054	0	1	7664	1	0	next	other	0
MAXED_1058_Day_B	169	Picture	stage1_outcome	5298718	0	1	166	1	0	next	other	0
MAXED_1058_Day_B	170	Picture	stage2B	5298885	0	1	4165	1	0	next	false_alarm	518
MAXED_1058_Day_B	170	Pulse	99	5300000	1116	NA
MAXED_1058_Day_B	170	Response	1	5302870	3986	1
MAXED_1058_Day_B	171	Picture	stage2_box	5303050	0	1	7664	1	0	next	other	0
MAXED_1058_Day_B	172	Picture	stage2_up	5310714	0	1	7664	1	0	next	other	0
MAXED_1058_Day_B	173	Picture	stage2_lose	5318378	0	1	10163	1	0	next	other	0
MAXED_1058_Day_B	173	Pulse	99	5320000	1622	NA
MAXED_1058_Day_B	174	Picture	stage1	5328541	0	1	2999	1	0	next	false_alarm	524
MAXED_1058_Day_B	174	Response	1	5331363	2822	1
MAXED_1058_Day_B	175	Picture	stage1_box	5331540	0	1	7664	1	0	next	other	0
MAXED_1058_Day_B	176	Picture	stage1_outcome	5339204	0	1	167	1	0	next	other	0
MAXED_1058_Day_B	177	Picture	stage2A	5339371	0	1	4332	1	0	next	false_alarm	529
MAXED_1058_Day_B	177	Pulse	99	5340000	629	NA
MAXED_1058_Day_B	177	Response	1	5343520	4149	1
MAXED_1058_Day_B	178	Picture	stage2_box	5343703	0	1	7664	1	0	next	other	0
MAXED_1058_Day_B	179	Picture	stage2_up	5351367	0	1	7664	1	0	next	other	0
MAXED_1058_Day_B	180	Picture	stage2_win	5359031	0	1	10163	1	0	next	other	0
MAXED_1058_Day_B	180	Pulse	99	5360000	969	NA
MAXED_1058_Day_B	181	Picture	stage1	5369194	0	1	2999	1	0	next	false_alarm	535
MAXED_1058_Day_B	181	Response	1	5372129	2935	1
MAXED_1058_Day_B	182	Picture	stage1_box	5372193	0	1	7664	1	0	next	other	0
MAXED_1058_Day_B	183	Picture	stage1_outcome	5379857	0	1	167	1	0	next	other	0
MAXED_1058_Day_B	183	Pulse	99	5380000	143	NA
MAXED_1058_Day_B	184	Picture	stage2A	5380024	0	1	3665	1	0	next	false_alarm	540
MAXED_1058_Day_B	184	Response	1	5383631	3607	1
MAXED_1058_Day_B	185	Picture	stage2_box	5383689	0	1	7664	1	0	next	other	0
MAXED_1058_Day_B	186	Picture	stage2_up	5391354	0	1	7664	1	0	next	other	0
MAXED_1058_Day_B	187	Picture	stage2_lose	5399018	0	1	10163	1	0	next	other	0
MAXED_1058_Day_B	187	Pulse	99	5400000	982	NA
MAXED_1058_Day_B	188	Picture	stage1	5409181	0	1	2499	1	0	next	false_alarm	546
MAXED_1058_Day_B	188	Response	1	5411516	2335	1
MAXED_1058_Day_B	189	Picture	stage1_box	5411680	0	1	7664	1	0	next	other	0
MAXED_1058_Day_B	190	Picture	stage1_outcome	5419344	0	1	167	1	0	next	other	0
MAXED_1058_Day_B	191	Picture	stage2A	5419511	0	1	3832	1	0	next	false_alarm	551
MAXED_1058_Day_B	191	Pulse	99	5420000	489	NA
MAXED_1058_Day_B	191	Response	1	5423301	3790	1
MAXED_1058_Day_B	192	Picture	stage2_box	5423343	0	1	7664	1	0	next	other	0
MAXED_1058_Day_B	193	Picture	stage2_up	5431007	0	1	7664	1	0	next	other	0
MAXED_1058_Day_B	194	Picture	stage2_lose	5438671	0	1	10163	1	0	next	other	0
MAXED_1058_Day_B	194	Pulse	99	5440000	1329	NA
MAXED_1058_Day_B	195	Picture	stage1	5448834	0	1	3665	1	0	next	false_alarm	557
MAXED_1058_Day_B	195	Response	1	5452459	3625	1
MAXED_1058_Day_B	196	Picture	stage1_box	5452500	0	1	7664	1	0	next	other	0
MAXED_1058_Day_B	196	Pulse	99	5460000	7500	NA
MAXED_1058_Day_B	197	Picture	stage1_outcome	5460164	0	1	167	1	0	next	other	0
MAXED_1058_Day_B	198	Picture	stage2A	5460330	0	1	3499	1	0	next	false_alarm	562
MAXED_1058_Day_B	198	Response	2	5463753	3422	1
MAXED_1058_Day_B	199	Picture	stage2_box	5463829	0	1	7664	1	0	next	other	0
MAXED_1058_Day_B	200	Picture	stage2_up	5471493	0	1	7664	1	0	next	other	0
MAXED_1058_Day_B	201	Picture	stage2_lose	5479157	0	1	10163	1	0	next	other	0
MAXED_1058_Day_B	201	Pulse	99	5480000	843	NA
MAXED_1058_Day_B	202	Picture	stage1	5489321	0	1	2499	1	0	next	false_alarm	568
MAXED_1058_Day_B	202	Response	2	5491765	2444	1
MAXED_1058_Day_B	203	Picture	stage1_box	5491820	0	1	7664	1	0	next	other	0
MAXED_1058_Day_B	204	Picture	stage1_outcome	5499484	0	1	167	1	0	next	other	0
MAXED_1058_Day_B	205	Picture	stage2A	5499650	0	1	3832	1	0	next	false_alarm	573
MAXED_1058_Day_B	205	Pulse	99	5500000	350	NA
MAXED_1058_Day_B	205	Response	2	5503376	3725	1
MAXED_1058_Day_B	206	Picture	stage2_box	5503483	0	1	7664	1	0	next	other	0
MAXED_1058_Day_B	207	Picture	stage2_up	5511147	0	1	7664	1	0	next	other	0
MAXED_1058_Day_B	208	Picture	stage2_win	5518811	0	1	10163	1	0	next	other	0
MAXED_1058_Day_B	208	Pulse	99	5520000	1189	NA
MAXED_1058_Day_B	209	Picture	stage1	5528974	0	1	3166	1	0	next	false_alarm	579
MAXED_1058_Day_B	209	Response	2	5531979	3005	1
MAXED_1058_Day_B	210	Picture	stage1_box	5532140	0	1	7664	1	0	next	other	0
MAXED_1058_Day_B	211	Picture	stage1_outcome	5539804	0	1	166	1	0	next	other	0
MAXED_1058_Day_B	212	Picture	stage2B	5539970	0	1	4499	1	0	next	false_alarm	584
MAXED_1058_Day_B	212	Pulse	99	5540000	30	NA
MAXED_1058_Day_B	212	Response	2	5544403	4433	1
MAXED_1058_Day_B	213	Picture	stage2_box	5544469	0	1	7664	1	0	next	other	0
MAXED_1058_Day_B	214	Picture	stage2_up	5552133	0	1	7664	1	0	next	other	0
MAXED_1058_Day_B	215	Picture	stage2_win	5559797	0	1	10163	1	0	next	other	0
MAXED_1058_Day_B	215	Pulse	99	5560000	203	NA
MAXED_1058_Day_B	216	Picture	stage1	5569960	0	1	2499	1	0	next	false_alarm	590
MAXED_1058_Day_B	216	Response	2	5572377	2417	1
MAXED_1058_Day_B	217	Picture	stage1_box	5572459	0	1	7664	1	0	next	other	0
MAXED_1058_Day_B	217	Pulse	99	5580000	7541	NA
MAXED_1058_Day_B	218	Picture	stage1_outcome	5580123	0	1	167	1	0	next	other	0
MAXED_1058_Day_B	219	Picture	stage2B	5580290	0	1	3832	1	0	next	false_alarm	595
MAXED_1058_Day_B	219	Response	1	5583990	3700	1
MAXED_1058_Day_B	220	Picture	stage2_box	5584122	0	1	7664	1	0	next	other	0
MAXED_1058_Day_B	221	Picture	stage2_up	5591786	0	1	7664	1	0	next	other	0
MAXED_1058_Day_B	222	Picture	stage2_win	5599450	0	1	10163	1	0	next	other	0
MAXED_1058_Day_B	222	Pulse	99	5600000	550	NA
MAXED_1058_Day_B	223	Response	2	5612577	2963	1
MAXED_1058_Day_B	223	Pulse	99	5620000	10387	NA
MAXED_1058_Day_B	223	Pulse	99	5640000	30387	NA
MAXED_1058_Day_B	223	Pulse	99	5660000	50387	NA
MAXED_1058_Day_B	223	Pulse	99	5680000	70387	NA
MAXED_1058_Day_B	223	Pulse	99	5700000	90387	NA
MAXED_1058_Day_B	223	Pulse	99	5720000	110387	NA
MAXED_1058_Day_B	223	Pulse	99	5740000	130387	NA
MAXED_1058_Day_B	223	Quit		5753506	143892	NA
