Scenario - 
Logfile written - 07/13/2023 17:40:51

Subject	Trial	Event Type	Code	Time	TTime	Uncertainty	Duration	Uncertainty	ReqTime	ReqDur	Stim Type	Pair Index

MAXED_2056_Day_A	0	Pulse	99	0	0	NA
MAXED_2056_Day_A	1	Picture	instructions_1	333	0	1	178834	1	0	next	false_alarm	11
MAXED_2056_Day_A	1	Pulse	99	20000	19667	NA
MAXED_2056_Day_A	1	Pulse	99	40000	39667	NA
MAXED_2056_Day_A	1	Pulse	99	60000	59667	NA
MAXED_2056_Day_A	1	Pulse	99	80000	79667	NA
MAXED_2056_Day_A	1	Pulse	99	100000	99667	NA
MAXED_2056_Day_A	1	Pulse	99	120000	119667	NA
MAXED_2056_Day_A	1	Pulse	99	140000	139667	NA
MAXED_2056_Day_A	1	Pulse	99	160000	159667	NA
MAXED_2056_Day_A	1	Response	2	164469	164136	1
MAXED_2056_Day_A	1	Response	88	179029	178696	1
MAXED_2056_Day_A	2	Picture	instructions_2	179167	0	1	42500	1	0	next	false_alarm	17
MAXED_2056_Day_A	2	Pulse	99	180000	833	NA
MAXED_2056_Day_A	2	Pulse	99	200000	20833	NA
MAXED_2056_Day_A	2	Pulse	99	220000	40833	NA
MAXED_2056_Day_A	2	Response	88	221430	42263	1
MAXED_2056_Day_A	3	Picture	instructions_3	221667	0	1	43333	1	0	next	false_alarm	21
MAXED_2056_Day_A	3	Pulse	99	240000	18334	NA
MAXED_2056_Day_A	3	Pulse	99	260000	38334	NA
MAXED_2056_Day_A	3	Response	88	264790	43123	1
MAXED_2056_Day_A	4	Picture	instructions_4	265000	0	1	63500	1	0	next	false_alarm	26
MAXED_2056_Day_A	4	Pulse	99	280000	15000	NA
MAXED_2056_Day_A	4	Pulse	99	300000	35000	NA
MAXED_2056_Day_A	4	Pulse	99	320000	55000	NA
MAXED_2056_Day_A	4	Response	88	328309	63309	1
MAXED_2056_Day_A	5	Picture	instructions_5	328500	0	1	145500	1	0	next	false_alarm	35
MAXED_2056_Day_A	5	Pulse	99	340000	11500	NA
MAXED_2056_Day_A	5	Pulse	99	360000	31500	NA
MAXED_2056_Day_A	5	Pulse	99	380000	51500	NA
MAXED_2056_Day_A	5	Pulse	99	400000	71500	NA
MAXED_2056_Day_A	5	Pulse	99	420000	91500	NA
MAXED_2056_Day_A	5	Pulse	99	440000	111500	NA
MAXED_2056_Day_A	5	Pulse	99	460000	131500	NA
MAXED_2056_Day_A	5	Response	88	473909	145409	1
MAXED_2056_Day_A	6	Picture	instructions_6	474000	0	1	56167	1	0	next	false_alarm	40
MAXED_2056_Day_A	6	Pulse	99	480000	6000	NA
MAXED_2056_Day_A	6	Pulse	99	500000	26000	NA
MAXED_2056_Day_A	6	Pulse	99	520000	46000	NA
MAXED_2056_Day_A	6	Response	88	530069	56069	1
MAXED_2056_Day_A	7	Picture	instructions_7	530167	0	1	85667	1	0	next	false_alarm	46
MAXED_2056_Day_A	7	Pulse	99	540000	9833	NA
MAXED_2056_Day_A	7	Pulse	99	560000	29833	NA
MAXED_2056_Day_A	7	Pulse	99	580000	49833	NA
MAXED_2056_Day_A	7	Pulse	99	600000	69833	NA
MAXED_2056_Day_A	7	Response	88	615669	85502	1
MAXED_2056_Day_A	8	Picture	instructions_8	615834	0	1	69667	1	0	next	false_alarm	52
MAXED_2056_Day_A	8	Pulse	99	620000	4166	NA
MAXED_2056_Day_A	8	Pulse	99	640000	24166	NA
MAXED_2056_Day_A	8	Pulse	99	660000	44166	NA
MAXED_2056_Day_A	8	Pulse	99	680000	64166	NA
MAXED_2056_Day_A	8	Response	88	685269	69436	1
MAXED_2056_Day_A	9	Picture	instructions_9	685500	0	1	94500	1	0	next	false_alarm	58
MAXED_2056_Day_A	9	Pulse	99	700000	14500	NA
MAXED_2056_Day_A	9	Pulse	99	720000	34500	NA
MAXED_2056_Day_A	9	Pulse	99	740000	54500	NA
MAXED_2056_Day_A	9	Pulse	99	760000	74500	NA
MAXED_2056_Day_A	9	Response	88	779829	94328	1
MAXED_2056_Day_A	9	Pulse	99	780000	94500	NA
MAXED_2056_Day_A	10	Picture	instructions_10	780000	0	1	104667	1	0	next	false_alarm	66
MAXED_2056_Day_A	10	Pulse	99	800000	20000	NA
MAXED_2056_Day_A	10	Pulse	99	820000	40000	NA
MAXED_2056_Day_A	10	Pulse	99	840000	60000	NA
MAXED_2056_Day_A	10	Pulse	99	860000	80000	NA
MAXED_2056_Day_A	10	Pulse	99	880000	100000	NA
MAXED_2056_Day_A	10	Response	88	884469	104469	1
MAXED_2056_Day_A	11	Picture	instructions_11	884667	0	1	84667	1	0	next	false_alarm	72
MAXED_2056_Day_A	11	Pulse	99	900000	15333	NA
MAXED_2056_Day_A	11	Pulse	99	920000	35333	NA
MAXED_2056_Day_A	11	Pulse	99	940000	55333	NA
MAXED_2056_Day_A	11	Pulse	99	960000	75333	NA
MAXED_2056_Day_A	11	Response	88	969109	84442	1
MAXED_2056_Day_A	12	Picture	instructions_12	969334	0	1	55833	1	0	next	false_alarm	77
MAXED_2056_Day_A	12	Pulse	99	980000	10666	NA
MAXED_2056_Day_A	12	Pulse	99	1000000	30666	NA
MAXED_2056_Day_A	12	Pulse	99	1020000	50666	NA
MAXED_2056_Day_A	12	Response	88	1024949	55615	1
MAXED_2056_Day_A	13	Picture	instructions_13	1025167	0	1	50500	1	0	next	false_alarm	81
MAXED_2056_Day_A	13	Pulse	99	1040000	14833	NA
MAXED_2056_Day_A	13	Pulse	99	1060000	34833	NA
MAXED_2056_Day_A	13	Response	88	1075509	50342	1
MAXED_2056_Day_A	14	Picture	instructions_14	1075667	0	1	26167	1	0	next	false_alarm	85
MAXED_2056_Day_A	14	Pulse	99	1080000	4333	NA
MAXED_2056_Day_A	14	Pulse	99	1100000	24333	NA
MAXED_2056_Day_A	14	Response	88	1101749	26082	1
MAXED_2056_Day_A	15	Picture	instructions_15	1101834	0	1	80000	1	0	next	false_alarm	91
MAXED_2056_Day_A	15	Pulse	99	1120000	18166	NA
MAXED_2056_Day_A	15	Pulse	99	1140000	38166	NA
MAXED_2056_Day_A	15	Pulse	99	1160000	58166	NA
MAXED_2056_Day_A	15	Pulse	99	1180000	78166	NA
MAXED_2056_Day_A	15	Response	88	1181749	79915	1
MAXED_2056_Day_A	16	Picture	instructions_16	1181834	0	1	56667	1	0	next	false_alarm	95
MAXED_2056_Day_A	16	Pulse	99	1200000	18166	NA
MAXED_2056_Day_A	16	Pulse	99	1220000	38166	NA
MAXED_2056_Day_A	16	Response	88	1238389	56555	1
MAXED_2056_Day_A	17	Picture	instructions_17	1238501	0	1	54500	1	0	next	false_alarm	100
MAXED_2056_Day_A	17	Pulse	99	1240000	1499	NA
MAXED_2056_Day_A	17	Pulse	99	1260000	21499	NA
MAXED_2056_Day_A	17	Pulse	99	1280000	41499	NA
MAXED_2056_Day_A	17	Response	88	1292789	54288	1
MAXED_2056_Day_A	18	Picture	instructions_18	1293001	0	1	66167	1	0	next	false_alarm	105
MAXED_2056_Day_A	18	Pulse	99	1300000	6999	NA
MAXED_2056_Day_A	18	Pulse	99	1320000	26999	NA
MAXED_2056_Day_A	18	Pulse	99	1340000	46999	NA
MAXED_2056_Day_A	18	Response	88	1359029	66028	1
MAXED_2056_Day_A	19	Picture	instructions_19	1359168	0	1	128167	1	0	next	false_alarm	114
MAXED_2056_Day_A	19	Pulse	99	1360000	832	NA
MAXED_2056_Day_A	19	Pulse	99	1380000	20832	NA
MAXED_2056_Day_A	19	Pulse	99	1400000	40832	NA
MAXED_2056_Day_A	19	Pulse	99	1420000	60832	NA
MAXED_2056_Day_A	19	Pulse	99	1440000	80832	NA
MAXED_2056_Day_A	19	Pulse	99	1460000	100832	NA
MAXED_2056_Day_A	19	Pulse	99	1480000	120832	NA
MAXED_2056_Day_A	19	Response	88	1487189	128021	1
MAXED_2056_Day_A	20	Picture	instructions_20	1487334	0	1	64000	1	0	next	false_alarm	119
MAXED_2056_Day_A	20	Pulse	99	1500000	12666	NA
MAXED_2056_Day_A	20	Pulse	99	1520000	32666	NA
MAXED_2056_Day_A	20	Pulse	99	1540000	52666	NA
MAXED_2056_Day_A	20	Response	88	1551189	63854	1
MAXED_2056_Day_A	21	Picture	instructions_21	1551334	0	1	54667	1	0	next	false_alarm	124
MAXED_2056_Day_A	21	Pulse	99	1560000	8666	NA
MAXED_2056_Day_A	21	Pulse	99	1580000	28666	NA
MAXED_2056_Day_A	21	Pulse	99	1600000	48666	NA
MAXED_2056_Day_A	21	Response	88	1605908	54574	1
MAXED_2056_Day_A	22	Picture	instructions_22	1606001	0	1	23833	1	0	next	false_alarm	127
MAXED_2056_Day_A	22	Pulse	99	1620000	13999	NA
MAXED_2056_Day_A	22	Response	88	1629749	23747	1
MAXED_2056_Day_A	23	Picture	instructions_23	1629835	0	1	54167	1	0	next	false_alarm	132
MAXED_2056_Day_A	23	Pulse	99	1640000	10165	NA
MAXED_2056_Day_A	23	Pulse	99	1660000	30165	NA
MAXED_2056_Day_A	23	Pulse	99	1680000	50165	NA
MAXED_2056_Day_A	23	Response	88	1683829	53994	1
MAXED_2056_Day_A	24	Picture	instructions_24	1684001	0	1	50500	1	0	next	false_alarm	136
MAXED_2056_Day_A	24	Pulse	99	1700000	15999	NA
MAXED_2056_Day_A	24	Pulse	99	1720000	35999	NA
MAXED_2056_Day_A	24	Response	88	1734389	50388	1
MAXED_2056_Day_A	25	Picture	instructions_25	1734501	0	1	43167	1	0	next	false_alarm	140
MAXED_2056_Day_A	25	Pulse	99	1740000	5499	NA
MAXED_2056_Day_A	25	Pulse	99	1760000	25499	NA
MAXED_2056_Day_A	25	Response	88	1777589	43087	1
MAXED_2056_Day_A	26	Picture	instructions_26	1777668	0	1	11000	1	0	next	false_alarm	143
MAXED_2056_Day_A	26	Pulse	99	1780000	2332	NA
MAXED_2056_Day_A	26	Response	88	1788469	10801	1
MAXED_2056_Day_A	27	Picture	instructions_27	1788668	0	1	33833	1	0	next	false_alarm	147
MAXED_2056_Day_A	27	Pulse	99	1800000	11332	NA
MAXED_2056_Day_A	27	Pulse	99	1820000	31332	NA
MAXED_2056_Day_A	27	Response	88	1822389	33721	1
MAXED_2056_Day_A	28	Picture	instructions_28	1822501	0	1	40833	1	0	next	false_alarm	151
MAXED_2056_Day_A	28	Pulse	99	1840000	17499	NA
MAXED_2056_Day_A	28	Pulse	99	1860000	37499	NA
MAXED_2056_Day_A	28	Response	88	1863189	40687	1
MAXED_2056_Day_A	29	Picture	instructions_29	1863335	0	1	11500	1	0	next	false_alarm	153
MAXED_2056_Day_A	29	Response	88	1874709	11374	1
MAXED_2056_Day_A	30	Picture	instructions_30	1874835	0	1	206834	1	0	next	false_alarm	166
MAXED_2056_Day_A	30	Pulse	99	1880000	5165	NA
MAXED_2056_Day_A	30	Pulse	99	1900000	25165	NA
MAXED_2056_Day_A	30	Pulse	99	1920000	45165	NA
MAXED_2056_Day_A	30	Pulse	99	1940000	65165	NA
MAXED_2056_Day_A	30	Pulse	99	1960000	85165	NA
MAXED_2056_Day_A	30	Pulse	99	1980000	105165	NA
MAXED_2056_Day_A	30	Pulse	99	2000000	125165	NA
MAXED_2056_Day_A	30	Pulse	99	2020000	145165	NA
MAXED_2056_Day_A	30	Pulse	99	2040000	165165	NA
MAXED_2056_Day_A	30	Pulse	99	2060000	185165	NA
MAXED_2056_Day_A	30	Pulse	99	2080000	205165	NA
MAXED_2056_Day_A	30	Response	88	2081589	206754	1
MAXED_2056_Day_A	31	Picture	instructions_31	2081668	0	1	78000	1	0	next	false_alarm	171
MAXED_2056_Day_A	31	Pulse	99	2100000	18332	NA
MAXED_2056_Day_A	31	Pulse	99	2120000	38332	NA
MAXED_2056_Day_A	31	Pulse	99	2140000	58332	NA
MAXED_2056_Day_A	31	Response	88	2159509	77840	1
MAXED_2056_Day_A	32	Picture	instructions_32	2159668	0	1	69833	1	0	next	false_alarm	177
MAXED_2056_Day_A	32	Pulse	99	2160000	332	NA
MAXED_2056_Day_A	32	Pulse	99	2180000	20332	NA
MAXED_2056_Day_A	32	Pulse	99	2200000	40332	NA
MAXED_2056_Day_A	32	Pulse	99	2220000	60332	NA
MAXED_2056_Day_A	32	Response	88	2229429	69760	1
MAXED_2056_Day_A	33	Picture	instructions_33	2229502	0	1	53667	1	0	next	false_alarm	182
MAXED_2056_Day_A	33	Pulse	99	2240000	10498	NA
MAXED_2056_Day_A	33	Pulse	99	2260000	30498	NA
MAXED_2056_Day_A	33	Pulse	99	2280000	50498	NA
MAXED_2056_Day_A	33	Response	88	2283029	53527	1
MAXED_2056_Day_A	34	Picture	instructions_34	2283168	0	1	88667	1	0	next	false_alarm	188
MAXED_2056_Day_A	34	Pulse	99	2300000	16832	NA
MAXED_2056_Day_A	34	Pulse	99	2320000	36832	NA
MAXED_2056_Day_A	34	Pulse	99	2340000	56832	NA
MAXED_2056_Day_A	34	Pulse	99	2360000	76832	NA
MAXED_2056_Day_A	34	Response	88	2371669	88500	1
MAXED_2056_Day_A	35	Picture	instructions_35	2371835	0	1	101167	1	0	next	false_alarm	195
MAXED_2056_Day_A	35	Pulse	99	2380000	8165	NA
MAXED_2056_Day_A	35	Pulse	99	2400000	28165	NA
MAXED_2056_Day_A	35	Pulse	99	2420000	48165	NA
MAXED_2056_Day_A	35	Pulse	99	2440000	68165	NA
MAXED_2056_Day_A	35	Pulse	99	2460000	88165	NA
MAXED_2056_Day_A	35	Response	88	2472789	100953	1
MAXED_2056_Day_A	36	Picture	instructions_36	2473002	0	1	133667	1	0	next	false_alarm	204
MAXED_2056_Day_A	36	Pulse	99	2480000	6998	NA
MAXED_2056_Day_A	36	Pulse	99	2500000	26998	NA
MAXED_2056_Day_A	36	Pulse	99	2520000	46998	NA
MAXED_2056_Day_A	36	Pulse	99	2540000	66998	NA
MAXED_2056_Day_A	36	Pulse	99	2560000	86998	NA
MAXED_2056_Day_A	36	Pulse	99	2580000	106998	NA
MAXED_2056_Day_A	36	Pulse	99	2600000	126998	NA
MAXED_2056_Day_A	36	Response	88	2606548	133546	1
MAXED_2056_Day_A	37	Picture	instructions_37	2606669	0	1	33000	1	0	next	false_alarm	207
MAXED_2056_Day_A	37	Pulse	99	2620000	13331	NA
MAXED_2056_Day_A	37	Response	88	2639508	32839	1
MAXED_2056_Day_A	38	Picture	instructions_38	2639669	0	1	54667	1	0	next	false_alarm	212
MAXED_2056_Day_A	38	Pulse	99	2640000	331	NA
MAXED_2056_Day_A	38	Pulse	99	2660000	20331	NA
MAXED_2056_Day_A	38	Pulse	99	2680000	40331	NA
MAXED_2056_Day_A	38	Response	88	2694228	54560	1
MAXED_2056_Day_A	39	Picture	instructions_39	2694335	0	1	53833	1	0	next	false_alarm	217
MAXED_2056_Day_A	39	Pulse	99	2700000	5665	NA
MAXED_2056_Day_A	39	Pulse	99	2720000	25665	NA
MAXED_2056_Day_A	39	Pulse	99	2740000	45665	NA
MAXED_2056_Day_A	39	Response	88	2747988	53653	1
MAXED_2056_Day_A	40	Picture	instructions_40	2748169	0	1	92333	1	0	next	false_alarm	224
MAXED_2056_Day_A	40	Pulse	99	2760000	11831	NA
MAXED_2056_Day_A	40	Pulse	99	2780000	31831	NA
MAXED_2056_Day_A	40	Pulse	99	2800000	51831	NA
MAXED_2056_Day_A	40	Pulse	99	2820000	71831	NA
MAXED_2056_Day_A	40	Pulse	99	2840000	91831	NA
MAXED_2056_Day_A	40	Response	88	2840308	92139	1
MAXED_2056_Day_A	41	Picture	instructions_41	2840502	0	1	6500	1	0	next	false_alarm	226
MAXED_2056_Day_A	41	Response	88	2846868	6366	1
MAXED_2056_Day_A	42	Picture	instructions_42	2847002	0	1	14333	1	0	next	false_alarm	229
MAXED_2056_Day_A	42	Pulse	99	2860000	12998	NA
MAXED_2056_Day_A	42	Response	88	2861268	14266	1
MAXED_2056_Day_A	43	Picture	instructions_43	2861336	0	1	25167	1	0	next	false_alarm	232
MAXED_2056_Day_A	43	Pulse	99	2880000	18664	NA
MAXED_2056_Day_A	43	Response	88	2886388	25053	1
MAXED_2056_Day_A	44	Picture	instructions_44	2886502	0	1	15167	1	0	next	false_alarm	235
MAXED_2056_Day_A	44	Pulse	99	2900000	13498	NA
MAXED_2056_Day_A	44	Response	88	2901588	15086	1
MAXED_2056_Day_A	45	Picture	instructions_45	2901669	0	1	10833	1	0	next	false_alarm	237
MAXED_2056_Day_A	45	Response	88	2912308	10639	1
MAXED_2056_Day_A	46	Picture	instructions_46	2912502	0	1	33500	1	0	next	false_alarm	241
MAXED_2056_Day_A	46	Pulse	99	2920000	7498	NA
MAXED_2056_Day_A	46	Pulse	99	2940000	27498	NA
MAXED_2056_Day_A	46	Response	88	2945908	33406	1
MAXED_2056_Day_A	47	Picture	fixation	2946002	0	1	5167	1	0	next	other	0
MAXED_2056_Day_A	48	Picture	stage1	2951169	0	1	26167	1	0	next	false_alarm	245
MAXED_2056_Day_A	48	Pulse	99	2960000	8831	NA
MAXED_2056_Day_A	48	Response	2	2977108	25939	1
MAXED_2056_Day_A	49	Picture	stage1_box	2977336	0	1	7667	1	0	next	other	0
MAXED_2056_Day_A	49	Pulse	99	2980000	2664	NA
MAXED_2056_Day_A	50	Picture	stage1_outcome	2985002	0	1	167	1	0	next	other	0
MAXED_2056_Day_A	51	Picture	stage2A	2985169	0	1	19000	1	0	next	false_alarm	251
MAXED_2056_Day_A	51	Pulse	99	3000000	14831	NA
MAXED_2056_Day_A	51	Response	2	3003987	18818	1
MAXED_2056_Day_A	52	Picture	stage2_box	3004169	0	1	7667	1	0	next	other	0
MAXED_2056_Day_A	53	Picture	stage2_up	3011836	0	1	7667	1	0	next	other	0
MAXED_2056_Day_A	54	Picture	stage2_win	3019502	0	1	10167	1	0	next	other	0
MAXED_2056_Day_A	54	Pulse	99	3020000	498	NA
MAXED_2056_Day_A	55	Picture	stage1	3029669	0	1	10167	1	0	next	false_alarm	257
MAXED_2056_Day_A	55	Response	2	3039668	9999	1
MAXED_2056_Day_A	56	Picture	stage1_box	3039836	0	1	7667	1	0	next	other	0
MAXED_2056_Day_A	56	Pulse	99	3040000	164	NA
MAXED_2056_Day_A	57	Picture	stage1_outcome	3047502	0	1	167	1	0	next	other	0
MAXED_2056_Day_A	58	Picture	stage2A	3047669	0	1	16833	1	0	next	false_alarm	263
MAXED_2056_Day_A	58	Pulse	99	3060000	12331	NA
MAXED_2056_Day_A	58	Response	2	3064308	16639	1
MAXED_2056_Day_A	59	Picture	stage2_box	3064502	0	1	7667	1	0	next	other	0
MAXED_2056_Day_A	60	Picture	stage2_up	3072169	0	1	7667	1	0	next	other	0
MAXED_2056_Day_A	61	Picture	stage2_win	3079836	0	1	10167	1	0	next	other	0
MAXED_2056_Day_A	61	Pulse	99	3080000	164	NA
MAXED_2056_Day_A	62	Picture	stage1	3090002	0	1	6667	1	0	next	false_alarm	269
MAXED_2056_Day_A	62	Response	2	3096468	6465	1
MAXED_2056_Day_A	63	Picture	stage1_box	3096669	0	1	7667	1	0	next	other	0
MAXED_2056_Day_A	63	Pulse	99	3100000	3331	NA
MAXED_2056_Day_A	64	Picture	stage1_outcome	3104336	0	1	167	1	0	next	other	0
MAXED_2056_Day_A	65	Picture	stage2B	3104502	0	1	12333	1	0	next	false_alarm	274
MAXED_2056_Day_A	65	Response	2	3116788	12285	1
MAXED_2056_Day_A	66	Picture	stage2_box	3116836	0	1	7667	1	0	next	other	0
MAXED_2056_Day_A	66	Pulse	99	3120000	3164	NA
MAXED_2056_Day_A	67	Picture	stage2_up	3124502	0	1	7667	1	0	next	other	0
MAXED_2056_Day_A	68	Picture	stage2_lose	3132169	0	1	10167	1	0	next	other	0
MAXED_2056_Day_A	68	Pulse	99	3140000	7831	NA
MAXED_2056_Day_A	69	Picture	stage1	3142336	0	1	1167	1	0	next	false_alarm	281
MAXED_2056_Day_A	69	Response	2	3143348	1012	1
MAXED_2056_Day_A	70	Picture	stage1_box	3143502	0	1	7667	1	0	next	other	0
MAXED_2056_Day_A	71	Picture	stage1_outcome	3151169	0	1	167	1	0	next	other	0
MAXED_2056_Day_A	72	Picture	stage2B	3151336	0	1	12500	1	0	next	false_alarm	286
MAXED_2056_Day_A	72	Pulse	99	3160000	8664	NA
MAXED_2056_Day_A	72	Response	2	3163668	12332	1
MAXED_2056_Day_A	73	Picture	stage2_box	3163836	0	1	7667	1	0	next	other	0
MAXED_2056_Day_A	74	Picture	stage2_up	3171503	0	1	7667	1	0	next	other	0
MAXED_2056_Day_A	75	Picture	stage2_lose	3179169	0	1	10167	1	0	next	other	0
MAXED_2056_Day_A	75	Pulse	99	3180000	831	NA
MAXED_2056_Day_A	76	Picture	stage1	3189336	0	1	4667	1	0	next	false_alarm	292
MAXED_2056_Day_A	76	Response	2	3193908	4572	1
MAXED_2056_Day_A	77	Picture	stage1_box	3194003	0	1	7667	1	0	next	other	0
MAXED_2056_Day_A	77	Pulse	99	3200000	5997	NA
MAXED_2056_Day_A	78	Picture	stage1_outcome	3201669	0	1	167	1	0	next	other	0
MAXED_2056_Day_A	79	Picture	stage2A	3201836	0	1	12000	1	0	next	false_alarm	297
MAXED_2056_Day_A	79	Response	1	3213748	11912	1
MAXED_2056_Day_A	80	Picture	stage2_box	3213836	0	1	7667	1	0	next	other	0
MAXED_2056_Day_A	80	Pulse	99	3220000	6164	NA
MAXED_2056_Day_A	81	Picture	stage2_up	3221503	0	1	7667	1	0	next	other	0
MAXED_2056_Day_A	82	Picture	stage2_win	3229169	0	1	10167	1	0	next	other	0
MAXED_2056_Day_A	83	Picture	stage1	3239336	0	1	7167	1	0	next	false_alarm	304
MAXED_2056_Day_A	83	Pulse	99	3240000	664	NA
MAXED_2056_Day_A	83	Response	2	3246387	7051	1
MAXED_2056_Day_A	84	Picture	stage1_box	3246503	0	1	7667	1	0	next	other	0
MAXED_2056_Day_A	85	Picture	stage1_outcome	3254169	0	1	167	1	0	next	other	0
MAXED_2056_Day_A	86	Picture	stage2B	3254336	0	1	10667	1	0	next	false_alarm	309
MAXED_2056_Day_A	86	Pulse	99	3260000	5664	NA
MAXED_2056_Day_A	86	Response	1	3264788	10452	1
MAXED_2056_Day_A	87	Picture	stage2_box	3265003	0	1	7667	1	0	next	other	0
MAXED_2056_Day_A	88	Picture	stage2_up	3272669	0	1	7667	1	0	next	other	0
MAXED_2056_Day_A	88	Pulse	99	3280000	7331	NA
MAXED_2056_Day_A	89	Picture	stage2_win	3280336	0	1	10167	1	0	next	other	0
MAXED_2056_Day_A	90	Picture	stage1	3290503	0	1	19333	1	0	next	false_alarm	316
MAXED_2056_Day_A	90	Pulse	99	3300000	9497	NA
MAXED_2056_Day_A	90	Response	1	3309748	19245	1
MAXED_2056_Day_A	91	Picture	stage1_box	3309836	0	1	7667	1	0	next	other	0
MAXED_2056_Day_A	92	Picture	stage1_outcome	3317503	0	1	167	1	0	next	other	0
MAXED_2056_Day_A	93	Picture	stage2B	3317669	0	1	4500	1	0	next	false_alarm	321
MAXED_2056_Day_A	93	Pulse	99	3320000	2331	NA
MAXED_2056_Day_A	93	Response	2	3322068	4398	1
MAXED_2056_Day_A	94	Picture	stage2_box	3322169	0	1	7667	1	0	next	other	0
MAXED_2056_Day_A	95	Picture	stage2_up	3329836	0	1	7667	1	0	next	other	0
MAXED_2056_Day_A	96	Picture	stage2_lose	3337503	0	1	10167	1	0	next	false_alarm	326
MAXED_2056_Day_A	96	Pulse	99	3340000	2497	NA
MAXED_2056_Day_A	96	Response	2	3345747	8245	1
MAXED_2056_Day_A	97	Picture	stage1	3347669	0	1	1000	1	0	next	false_alarm	328
MAXED_2056_Day_A	97	Response	1	3348468	798	1
MAXED_2056_Day_A	98	Picture	stage1_box	3348669	0	1	7667	1	0	next	other	0
MAXED_2056_Day_A	99	Picture	stage1_outcome	3356336	0	1	167	1	0	next	other	0
MAXED_2056_Day_A	100	Picture	stage2B	3356503	0	1	4500	1	0	next	false_alarm	333
MAXED_2056_Day_A	100	Pulse	99	3360000	3497	NA
MAXED_2056_Day_A	100	Response	2	3360948	4445	1
MAXED_2056_Day_A	101	Picture	stage2_box	3361003	0	1	6000	1	0	next	false_alarm	335
MAXED_2056_Day_A	101	Response	1	3366867	5864	1
MAXED_2056_Day_A	102	Picture	stage2_up	3367003	0	1	7667	1	0	next	other	0
MAXED_2056_Day_A	103	Picture	stage2_lose	3374669	0	1	10167	1	0	next	other	0
MAXED_2056_Day_A	103	Pulse	99	3380000	5331	NA
MAXED_2056_Day_A	104	Picture	stage1	3384836	0	1	500	1	0	next	false_alarm	340
MAXED_2056_Day_A	104	Response	1	3385268	432	1
MAXED_2056_Day_A	105	Picture	stage1_box	3385336	0	1	2000	1	0	next	false_alarm	342
MAXED_2056_Day_A	105	Response	2	3387187	1851	1
MAXED_2056_Day_A	106	Picture	stage1_outcome	3387336	0	1	167	1	0	next	other	0
MAXED_2056_Day_A	107	Picture	stage2B	3387503	0	1	16167	1	0	next	false_alarm	346
MAXED_2056_Day_A	107	Pulse	99	3400000	12497	NA
MAXED_2056_Day_A	107	Response	1	3403507	16005	1
MAXED_2056_Day_A	107	Response	2	3403509	16006	1
MAXED_2056_Day_A	108	Picture	stage2_box	3403669	0	1	7667	1	0	next	other	0
MAXED_2056_Day_A	109	Picture	stage2_up	3411336	0	1	7667	1	0	next	other	0
MAXED_2056_Day_A	110	Picture	stage2_lose	3419003	0	1	10167	1	0	next	false_alarm	352
MAXED_2056_Day_A	110	Pulse	99	3420000	997	NA
MAXED_2056_Day_A	110	Response	2	3428787	9785	1
MAXED_2056_Day_A	111	Picture	stage1	3429169	0	1	167	1	0	next	false_alarm	354
MAXED_2056_Day_A	111	Response	1	3429268	98	1
MAXED_2056_Day_A	112	Picture	stage1_box	3429336	0	1	5667	1	0	next	false_alarm	356
MAXED_2056_Day_A	112	Response	2	3434868	5532	1
MAXED_2056_Day_A	113	Picture	stage1_outcome	3435003	0	1	167	1	0	next	other	0
MAXED_2056_Day_A	114	Picture	stage2A	3435169	0	1	500	1	0	next	false_alarm	359
MAXED_2056_Day_A	114	Response	1	3435507	338	1
MAXED_2056_Day_A	115	Picture	stage2_box	3435669	0	1	5500	1	0	next	false_alarm	362
MAXED_2056_Day_A	115	Pulse	99	3440000	4331	NA
MAXED_2056_Day_A	115	Response	2	3441107	5438	1
MAXED_2056_Day_A	116	Picture	stage2_up	3441169	0	1	7667	1	0	next	false_alarm	364
MAXED_2056_Day_A	116	Response	1	3441427	258	1
MAXED_2056_Day_A	116	Response	2	3447667	6498	1
MAXED_2056_Day_A	116	Response	1	3447987	6817	1
MAXED_2056_Day_A	117	Picture	stage2_win	3448836	0	1	10167	1	0	next	false_alarm	368
MAXED_2056_Day_A	117	Response	1	3454227	5391	1
MAXED_2056_Day_A	117	Response	2	3454228	5392	1
MAXED_2056_Day_A	118	Picture	stage1	3459003	0	1	4000	1	0	next	false_alarm	372
MAXED_2056_Day_A	118	Pulse	99	3460000	997	NA
MAXED_2056_Day_A	118	Response	2	3462867	3865	1
MAXED_2056_Day_A	119	Picture	stage1_box	3463003	0	1	5167	1	0	next	false_alarm	374
MAXED_2056_Day_A	119	Response	1	3467987	4984	1
MAXED_2056_Day_A	120	Picture	stage1_outcome	3468169	0	1	167	1	0	next	other	0
MAXED_2056_Day_A	121	Picture	stage2B	3468336	0	1	11333	1	0	next	false_alarm	377
MAXED_2056_Day_A	121	Response	1	3479507	11171	1
MAXED_2056_Day_A	122	Picture	stage2_box	3479669	0	1	3667	1	0	next	false_alarm	380
MAXED_2056_Day_A	122	Pulse	99	3480000	331	NA
MAXED_2056_Day_A	122	Response	2	3483187	3518	1
MAXED_2056_Day_A	123	Picture	stage2_up	3483336	0	1	7667	1	0	next	other	0
MAXED_2056_Day_A	124	Picture	stage2_lose	3491003	0	1	10167	1	0	next	other	0
MAXED_2056_Day_A	124	Pulse	99	3500000	8997	NA
MAXED_2056_Day_A	125	Picture	stage1	3501169	0	1	1333	1	0	next	false_alarm	385
MAXED_2056_Day_A	125	Response	1	3502387	1217	1
MAXED_2056_Day_A	126	Picture	stage1_box	3502503	0	1	2500	1	0	next	false_alarm	387
MAXED_2056_Day_A	126	Response	2	3504947	2444	1
MAXED_2056_Day_A	127	Picture	stage1_outcome	3505003	0	1	167	1	0	next	other	0
MAXED_2056_Day_A	128	Picture	stage2A	3505169	0	1	19500	1	0	next	false_alarm	391
MAXED_2056_Day_A	128	Pulse	99	3520000	14831	NA
MAXED_2056_Day_A	128	Response	1	3524627	19458	1
MAXED_2056_Day_A	129	Picture	stage2_box	3524669	0	1	3333	1	0	next	false_alarm	393
MAXED_2056_Day_A	129	Response	2	3527827	3157	1
MAXED_2056_Day_A	130	Picture	stage2_up	3528003	0	1	7667	1	0	next	other	0
MAXED_2056_Day_A	131	Picture	stage2_lose	3535670	0	1	10167	1	0	next	false_alarm	397
MAXED_2056_Day_A	131	Pulse	99	3540000	4331	NA
MAXED_2056_Day_A	131	Response	1	3545108	9438	1
MAXED_2056_Day_A	132	Picture	stage1	3545836	0	1	2000	1	0	next	false_alarm	399
MAXED_2056_Day_A	132	Response	2	3547667	1831	1
MAXED_2056_Day_A	133	Picture	stage1_box	3547836	0	1	7667	1	0	next	other	0
MAXED_2056_Day_A	134	Picture	stage1_outcome	3555503	0	1	167	1	0	next	other	0
MAXED_2056_Day_A	135	Picture	stage2B	3555670	0	1	6000	1	0	next	false_alarm	404
MAXED_2056_Day_A	135	Pulse	99	3560000	4330	NA
MAXED_2056_Day_A	135	Response	1	3561588	5918	1
MAXED_2056_Day_A	136	Picture	stage2_box	3561670	0	1	2000	1	0	next	false_alarm	406
MAXED_2056_Day_A	136	Response	2	3563507	1838	1
MAXED_2056_Day_A	137	Picture	stage2_up	3563670	0	1	7667	1	0	next	other	0
MAXED_2056_Day_A	138	Picture	stage2_win	3571336	0	1	10167	1	0	next	other	0
MAXED_2056_Day_A	138	Pulse	99	3580000	8664	NA
MAXED_2056_Day_A	139	Picture	stage1	3581503	0	1	4000	1	0	next	false_alarm	411
MAXED_2056_Day_A	139	Response	2	3585427	3925	1
MAXED_2056_Day_A	140	Picture	stage1_box	3585503	0	1	333	1	0	next	false_alarm	413
MAXED_2056_Day_A	140	Response	1	3585747	245	1
MAXED_2056_Day_A	141	Picture	stage1_outcome	3585836	0	1	167	1	0	next	other	0
MAXED_2056_Day_A	142	Picture	stage2B	3586003	0	1	9667	1	0	next	false_alarm	416
MAXED_2056_Day_A	142	Response	2	3595507	9505	1
MAXED_2056_Day_A	143	Response	1	3595667	159	1
MAXED_2056_Day_A	143	Picture	stage2_box	3595670	161	1	167	1	0	next	other	0
MAXED_2056_Day_A	144	Picture	stage2_up	3595836	0	1	7667	1	0	next	other	0
MAXED_2056_Day_A	144	Pulse	99	3600000	4164	NA
MAXED_2056_Day_A	145	Picture	stage2_lose	3603503	0	1	10167	1	0	next	other	0
MAXED_2056_Day_A	146	Picture	stage1	3613670	0	1	7000	1	0	next	false_alarm	424
MAXED_2056_Day_A	146	Pulse	99	3620000	6330	NA
MAXED_2056_Day_A	146	Response	2	3620467	6798	1
MAXED_2056_Day_A	147	Picture	stage1_box	3620670	0	1	7667	1	0	next	other	0
MAXED_2056_Day_A	148	Picture	stage1_outcome	3628336	0	1	167	1	0	next	other	0
MAXED_2056_Day_A	149	Picture	stage2B	3628503	0	1	2667	1	0	next	false_alarm	428
MAXED_2056_Day_A	149	Response	2	3631027	2524	1
MAXED_2056_Day_A	150	Picture	stage2_box	3631170	0	1	7667	1	0	next	other	0
MAXED_2056_Day_A	151	Picture	stage2_up	3638836	0	1	7667	1	0	next	other	0
MAXED_2056_Day_A	151	Pulse	99	3640000	1164	NA
MAXED_2056_Day_A	152	Picture	stage2_lose	3646503	0	1	10167	1	0	next	false_alarm	433
MAXED_2056_Day_A	152	Response	1	3646547	44	1
MAXED_2056_Day_A	152	Response	2	3648787	2284	1
MAXED_2056_Day_A	153	Picture	stage1	3656670	0	1	1167	1	0	next	false_alarm	436
MAXED_2056_Day_A	153	Response	2	3657747	1078	1
MAXED_2056_Day_A	154	Picture	stage1_box	3657836	0	1	3333	1	0	next	false_alarm	439
MAXED_2056_Day_A	154	Pulse	99	3660000	2164	NA
MAXED_2056_Day_A	154	Response	1	3661107	3271	1
MAXED_2056_Day_A	155	Picture	stage1_outcome	3661170	0	1	167	1	0	next	other	0
MAXED_2056_Day_A	156	Picture	stage2B	3661336	0	1	11000	1	0	next	false_alarm	442
MAXED_2056_Day_A	156	Response	1	3672147	10811	1
MAXED_2056_Day_A	157	Picture	stage2_box	3672336	0	1	3000	1	0	next	false_alarm	444
MAXED_2056_Day_A	157	Response	2	3675187	2851	1
MAXED_2056_Day_A	158	Picture	stage2_up	3675336	0	1	7667	1	0	next	other	0
MAXED_2056_Day_A	158	Pulse	99	3680000	4664	NA
MAXED_2056_Day_A	159	Picture	stage2_win	3683003	0	1	10167	1	0	next	other	0
MAXED_2056_Day_A	160	Picture	stage1	3693170	0	1	5500	1	0	next	false_alarm	449
MAXED_2056_Day_A	160	Response	2	3698547	5378	1
MAXED_2056_Day_A	161	Picture	stage1_box	3698670	0	1	7667	1	0	next	other	0
MAXED_2056_Day_A	161	Pulse	99	3700000	1330	NA
MAXED_2056_Day_A	162	Picture	stage1_outcome	3706336	0	1	167	1	0	next	other	0
MAXED_2056_Day_A	163	Picture	stage2B	3706503	0	1	13500	1	0	next	false_alarm	454
MAXED_2056_Day_A	163	Response	1	3719827	13324	1
MAXED_2056_Day_A	163	Pulse	99	3720000	13497	NA
MAXED_2056_Day_A	164	Picture	stage2_box	3720003	0	1	7667	1	0	next	other	0
MAXED_2056_Day_A	165	Picture	stage2_up	3727670	0	1	7667	1	0	next	other	0
MAXED_2056_Day_A	166	Picture	stage2_win	3735336	0	1	10167	1	0	next	other	0
MAXED_2056_Day_A	166	Pulse	99	3740000	4664	NA
MAXED_2056_Day_A	167	Picture	stage1	3745503	0	1	1167	1	0	next	false_alarm	461
MAXED_2056_Day_A	167	Response	2	3746547	1044	1
MAXED_2056_Day_A	168	Picture	stage1_box	3746670	0	1	7333	1	0	next	false_alarm	463
MAXED_2056_Day_A	168	Response	2	3753907	7238	1
MAXED_2056_Day_A	169	Picture	stage1_outcome	3754003	0	1	167	1	0	next	other	0
MAXED_2056_Day_A	170	Picture	stage2B	3754170	0	1	1667	1	0	next	false_alarm	466
MAXED_2056_Day_A	170	Response	1	3755667	1498	1
MAXED_2056_Day_A	171	Picture	stage2_box	3755836	0	1	7667	1	0	next	other	0
MAXED_2056_Day_A	171	Pulse	99	3760000	4164	NA
MAXED_2056_Day_A	172	Picture	stage2_up	3763503	0	1	7667	1	0	next	other	0
MAXED_2056_Day_A	173	Picture	stage2_win	3771170	0	1	10167	1	0	next	false_alarm	471
MAXED_2056_Day_A	173	Response	2	3778387	7217	1
MAXED_2056_Day_A	173	Pulse	99	3780000	8830	NA
MAXED_2056_Day_A	174	Picture	stage1	3781336	0	1	2833	1	0	next	false_alarm	474
MAXED_2056_Day_A	174	Response	1	3783986	2650	1
MAXED_2056_Day_A	175	Picture	stage1_box	3784170	0	1	7667	1	0	next	other	0
MAXED_2056_Day_A	176	Picture	stage1_outcome	3791836	0	1	167	1	0	next	other	0
MAXED_2056_Day_A	177	Picture	stage2A	3792003	0	1	4500	1	0	next	false_alarm	478
MAXED_2056_Day_A	177	Response	2	3796307	4304	1
MAXED_2056_Day_A	178	Picture	stage2_box	3796503	0	1	7667	1	0	next	other	0
MAXED_2056_Day_A	178	Pulse	99	3800000	3497	NA
MAXED_2056_Day_A	179	Picture	stage2_up	3804170	0	1	7667	1	0	next	other	0
MAXED_2056_Day_A	180	Picture	stage2_lose	3811836	0	1	10167	1	0	next	false_alarm	483
MAXED_2056_Day_A	180	Response	2	3818867	7031	1
MAXED_2056_Day_A	180	Pulse	99	3820000	8164	NA
MAXED_2056_Day_A	181	Picture	stage1	3822003	0	1	667	1	0	next	false_alarm	486
MAXED_2056_Day_A	181	Response	1	3822547	544	1
MAXED_2056_Day_A	182	Picture	stage1_box	3822670	0	1	7667	1	0	next	other	0
MAXED_2056_Day_A	183	Picture	stage1_outcome	3830336	0	1	167	1	0	next	other	0
MAXED_2056_Day_A	184	Picture	stage2B	3830503	0	1	2333	1	0	next	false_alarm	490
MAXED_2056_Day_A	184	Response	1	3832787	2284	1
MAXED_2056_Day_A	185	Picture	stage2_box	3832836	0	1	2333	1	0	next	false_alarm	492
MAXED_2056_Day_A	185	Response	2	3835027	2191	1
MAXED_2056_Day_A	186	Picture	stage2_up	3835170	0	1	7667	1	0	next	other	0
MAXED_2056_Day_A	186	Pulse	99	3840000	4830	NA
MAXED_2056_Day_A	187	Picture	stage2_win	3842836	0	1	10167	1	0	next	false_alarm	496
MAXED_2056_Day_A	187	Response	2	3851027	8191	1
MAXED_2056_Day_A	188	Picture	stage1	3853003	0	1	2167	1	0	next	false_alarm	498
MAXED_2056_Day_A	188	Response	1	3855027	2024	1
MAXED_2056_Day_A	189	Picture	stage1_box	3855170	0	1	7667	1	0	next	other	0
MAXED_2056_Day_A	189	Pulse	99	3860000	4830	NA
MAXED_2056_Day_A	190	Picture	stage1_outcome	3862836	0	1	167	1	0	next	other	0
MAXED_2056_Day_A	191	Picture	stage2A	3863003	0	1	9333	1	0	next	false_alarm	503
MAXED_2056_Day_A	191	Response	2	3872147	9144	1
MAXED_2056_Day_A	192	Picture	stage2_box	3872336	0	1	3333	1	0	next	false_alarm	505
MAXED_2056_Day_A	192	Response	1	3875507	3171	1
MAXED_2056_Day_A	193	Picture	stage2_up	3875670	0	1	7667	1	0	next	other	0
MAXED_2056_Day_A	193	Pulse	99	3880000	4330	NA
MAXED_2056_Day_A	194	Picture	stage2_lose	3883336	0	1	10167	1	0	next	false_alarm	509
MAXED_2056_Day_A	194	Response	1	3891027	7691	1
MAXED_2056_Day_A	194	Response	2	3891028	7692	1
MAXED_2056_Day_A	195	Picture	stage1	3893503	0	1	5667	1	0	next	false_alarm	512
MAXED_2056_Day_A	195	Response	1	3899027	5524	1
MAXED_2056_Day_A	196	Picture	stage1_box	3899170	0	1	1500	1	0	next	false_alarm	515
MAXED_2056_Day_A	196	Pulse	99	3900000	830	NA
MAXED_2056_Day_A	196	Response	2	3900627	1457	1
MAXED_2056_Day_A	197	Picture	stage1_outcome	3900670	0	1	167	1	0	next	other	0
MAXED_2056_Day_A	198	Picture	stage2A	3900836	0	1	12833	1	0	next	false_alarm	518
MAXED_2056_Day_A	198	Response	1	3913587	12751	1
MAXED_2056_Day_A	199	Picture	stage2_box	3913670	0	1	2500	1	0	next	false_alarm	520
MAXED_2056_Day_A	199	Response	2	3915987	2317	1
MAXED_2056_Day_A	200	Picture	stage2_up	3916170	0	1	7667	1	0	next	other	0
MAXED_2056_Day_A	200	Pulse	99	3920000	3830	NA
MAXED_2056_Day_A	201	Picture	stage2_lose	3923836	0	1	10167	1	0	next	false_alarm	524
MAXED_2056_Day_A	201	Response	2	3926067	2231	1
MAXED_2056_Day_A	201	Response	1	3928307	4470	1
MAXED_2056_Day_A	202	Picture	stage1	3934003	0	1	2000	1	0	next	false_alarm	527
MAXED_2056_Day_A	202	Response	1	3935827	1824	1
MAXED_2056_Day_A	203	Picture	stage1_box	3936003	0	1	2500	1	0	next	false_alarm	529
MAXED_2056_Day_A	203	Response	2	3938387	2384	1
MAXED_2056_Day_A	204	Picture	stage1_outcome	3938503	0	1	167	1	0	next	other	0
MAXED_2056_Day_A	205	Picture	stage2B	3938670	0	1	5833	1	0	next	false_alarm	533
MAXED_2056_Day_A	205	Pulse	99	3940000	1330	NA
MAXED_2056_Day_A	205	Response	2	3944307	5637	1
MAXED_2056_Day_A	206	Picture	stage2_box	3944503	0	1	3500	1	0	next	false_alarm	535
MAXED_2056_Day_A	206	Response	1	3947827	3324	1
MAXED_2056_Day_A	207	Picture	stage2_up	3948003	0	1	7667	1	0	next	other	0
MAXED_2056_Day_A	207	Response	2	3955507	7504	1
MAXED_2056_Day_A	208	Picture	stage2_lose	3955670	0	1	10167	1	0	next	other	0
MAXED_2056_Day_A	208	Pulse	99	3960000	4330	NA
MAXED_2056_Day_A	209	Picture	stage1	3965837	0	1	3500	1	0	next	false_alarm	541
MAXED_2056_Day_A	209	Response	1	3969267	3431	1
MAXED_2056_Day_A	210	Picture	stage1_box	3969337	0	1	3333	1	0	next	false_alarm	543
MAXED_2056_Day_A	210	Response	2	3972467	3130	1
MAXED_2056_Day_A	211	Picture	stage1_outcome	3972670	0	1	167	1	0	next	other	0
MAXED_2056_Day_A	212	Picture	stage2B	3972837	0	1	6333	1	0	next	false_alarm	546
MAXED_2056_Day_A	212	Response	2	3979027	6191	1
MAXED_2056_Day_A	213	Picture	stage2_box	3979170	0	1	167	1	0	next	false_alarm	548
MAXED_2056_Day_A	213	Response	1	3979187	17	1
MAXED_2056_Day_A	214	Picture	stage2_up	3979337	0	1	7667	1	0	next	other	0
MAXED_2056_Day_A	214	Pulse	99	3980000	663	NA
MAXED_2056_Day_A	215	Picture	stage2_lose	3987003	0	1	10167	1	0	next	false_alarm	552
MAXED_2056_Day_A	215	Response	1	3993747	6744	1
MAXED_2056_Day_A	216	Picture	stage1	3997170	0	1	8000	1	0	next	false_alarm	555
MAXED_2056_Day_A	216	Pulse	99	4000000	2830	NA
MAXED_2056_Day_A	216	Response	2	4005108	7938	1
MAXED_2056_Day_A	217	Picture	stage1_box	4005170	0	1	2000	1	0	next	false_alarm	557
MAXED_2056_Day_A	217	Response	1	4007027	1857	1
MAXED_2056_Day_A	218	Picture	stage1_outcome	4007170	0	1	167	1	0	next	other	0
MAXED_2056_Day_A	219	Picture	stage2B	4007337	0	1	4167	1	0	next	false_alarm	560
MAXED_2056_Day_A	219	Response	1	4011346	4010	1
MAXED_2056_Day_A	220	Picture	stage2_box	4011503	0	1	7667	1	0	next	other	0
MAXED_2056_Day_A	221	Picture	stage2_up	4019170	0	1	7667	1	0	next	false_alarm	563
MAXED_2056_Day_A	221	Response	1	4019187	17	1
MAXED_2056_Day_A	221	Pulse	99	4020000	830	NA
MAXED_2056_Day_A	222	Picture	stage2_win	4026837	0	1	10167	1	0	next	other	0
MAXED_2056_Day_A	223	Pulse	99	4040000	2997	NA
MAXED_2056_Day_A	223	Pulse	99	4060000	22997	NA
MAXED_2056_Day_A	223	Pulse	99	4080000	42997	NA
MAXED_2056_Day_A	223	Response	2	4098867	61864	1
MAXED_2056_Day_A	223	Pulse	99	4100000	62997	NA
MAXED_2056_Day_A	223	Pulse	99	4120000	82997	NA
MAXED_2056_Day_A	223	Response	2	4137267	100264	1
MAXED_2056_Day_A	223	Pulse	99	4140000	102997	NA
MAXED_2056_Day_A	223	Response	88	4153748	116744	1
