Scenario - 
Logfile written - 09/14/2023 17:21:02

Subject	Trial	Event Type	Code	Time	TTime	Uncertainty	Duration	Uncertainty	ReqTime	ReqDur	Stim Type	Pair Index

MAXED_1064_Day_A	0	Pulse	99	0	0	NA
MAXED_1064_Day_A	1	Picture	instructions_1	333	0	1	77833	1	0	next	false_alarm	6
MAXED_1064_Day_A	1	Pulse	99	20000	19667	NA
MAXED_1064_Day_A	1	Pulse	99	40000	39667	NA
MAXED_1064_Day_A	1	Pulse	99	60000	59667	NA
MAXED_1064_Day_A	1	Response	88	77974	77641	1
MAXED_1064_Day_A	2	Picture	instructions_2	78166	0	1	12996	1	0	next	false_alarm	9
MAXED_1064_Day_A	2	Pulse	99	80000	1834	NA
MAXED_1064_Day_A	2	Response	88	90934	12768	1
MAXED_1064_Day_A	3	Picture	instructions_3	91161	0	1	30321	1	0	next	false_alarm	13
MAXED_1064_Day_A	3	Pulse	99	100000	8839	NA
MAXED_1064_Day_A	3	Pulse	99	120000	28839	NA
MAXED_1064_Day_A	3	Response	88	121253	30092	1
MAXED_1064_Day_A	4	Picture	instructions_4	121482	0	1	22031	1	0	next	false_alarm	16
MAXED_1064_Day_A	4	Pulse	99	140000	18518	NA
MAXED_1064_Day_A	4	Response	88	143284	21802	1
MAXED_1064_Day_A	5	Picture	instructions_5	143513	0	1	29713	1	0	next	false_alarm	19
MAXED_1064_Day_A	5	Pulse	99	160000	16487	NA
MAXED_1064_Day_A	5	Response	88	173000	29487	1
MAXED_1064_Day_A	6	Picture	instructions_6	173226	0	1	59594	1	0	next	false_alarm	24
MAXED_1064_Day_A	6	Pulse	99	180000	6774	NA
MAXED_1064_Day_A	6	Pulse	99	200000	26774	NA
MAXED_1064_Day_A	6	Pulse	99	220000	46774	NA
MAXED_1064_Day_A	6	Response	88	232608	59382	1
MAXED_1064_Day_A	7	Picture	instructions_7	232820	0	1	68384	1	0	next	false_alarm	30
MAXED_1064_Day_A	7	Pulse	99	240000	7180	NA
MAXED_1064_Day_A	7	Pulse	99	260000	27180	NA
MAXED_1064_Day_A	7	Pulse	99	280000	47180	NA
MAXED_1064_Day_A	7	Pulse	99	300000	67180	NA
MAXED_1064_Day_A	7	Response	88	300979	68159	1
MAXED_1064_Day_A	8	Picture	instructions_8	301204	0	1	44028	1	0	next	false_alarm	34
MAXED_1064_Day_A	8	Pulse	99	320000	18796	NA
MAXED_1064_Day_A	8	Pulse	99	340000	38796	NA
MAXED_1064_Day_A	8	Response	88	345006	43801	1
MAXED_1064_Day_A	9	Picture	instructions_9	345232	0	1	44744	1	0	next	false_alarm	38
MAXED_1064_Day_A	9	Pulse	99	360000	14768	NA
MAXED_1064_Day_A	9	Pulse	99	380000	34768	NA
MAXED_1064_Day_A	9	Response	88	389748	44516	1
MAXED_1064_Day_A	10	Picture	instructions_10	389976	0	1	17073	1	0	next	false_alarm	41
MAXED_1064_Day_A	10	Pulse	99	400000	10024	NA
MAXED_1064_Day_A	10	Response	88	406818	16842	1
MAXED_1064_Day_A	11	Picture	instructions_11	407049	0	1	66248	1	0	next	false_alarm	46
MAXED_1064_Day_A	11	Pulse	99	420000	12951	NA
MAXED_1064_Day_A	11	Pulse	99	440000	32951	NA
MAXED_1064_Day_A	11	Pulse	99	460000	52951	NA
MAXED_1064_Day_A	11	Response	88	473217	66168	1
MAXED_1064_Day_A	12	Picture	instructions_12	473297	0	1	63091	1	0	next	false_alarm	51
MAXED_1064_Day_A	12	Pulse	99	480000	6703	NA
MAXED_1064_Day_A	12	Pulse	99	500000	26703	NA
MAXED_1064_Day_A	12	Pulse	99	520000	46703	NA
MAXED_1064_Day_A	12	Response	88	536161	62864	1
MAXED_1064_Day_A	13	Picture	instructions_13	536388	0	1	23937	1	0	next	false_alarm	55
MAXED_1064_Day_A	13	Pulse	99	540000	3612	NA
MAXED_1064_Day_A	13	Pulse	99	560000	23612	NA
MAXED_1064_Day_A	13	Response	88	560098	23709	1
MAXED_1064_Day_A	14	Picture	instructions_14	560325	0	1	45376	1	0	next	false_alarm	59
MAXED_1064_Day_A	14	Pulse	99	580000	19675	NA
MAXED_1064_Day_A	14	Pulse	99	600000	39675	NA
MAXED_1064_Day_A	14	Response	88	605622	45297	1
MAXED_1064_Day_A	15	Picture	instructions_15	605701	0	1	45051	1	0	next	false_alarm	63
MAXED_1064_Day_A	15	Pulse	99	620000	14299	NA
MAXED_1064_Day_A	15	Pulse	99	640000	34299	NA
MAXED_1064_Day_A	15	Response	88	650526	44825	1
MAXED_1064_Day_A	16	Picture	instructions_16	650752	0	1	26451	1	0	next	false_alarm	66
MAXED_1064_Day_A	16	Pulse	99	660000	9248	NA
MAXED_1064_Day_A	16	Response	88	676977	26225	1
MAXED_1064_Day_A	17	Picture	instructions_17	677204	0	1	17730	1	0	next	false_alarm	69
MAXED_1064_Day_A	17	Pulse	99	680000	2796	NA
MAXED_1064_Day_A	17	Response	88	694705	17501	1
MAXED_1064_Day_A	18	Picture	instructions_18	694933	0	1	18577	1	0	next	false_alarm	72
MAXED_1064_Day_A	18	Pulse	99	700000	5067	NA
MAXED_1064_Day_A	18	Response	88	713282	18348	1
MAXED_1064_Day_A	19	Picture	instructions_19	713510	0	1	11079	1	0	next	false_alarm	75
MAXED_1064_Day_A	19	Pulse	99	720000	6490	NA
MAXED_1064_Day_A	19	Response	88	724360	10849	1
MAXED_1064_Day_A	20	Picture	instructions_20	724589	0	1	36240	1	0	next	false_alarm	79
MAXED_1064_Day_A	20	Pulse	99	740000	15411	NA
MAXED_1064_Day_A	20	Pulse	99	760000	35411	NA
MAXED_1064_Day_A	20	Response	88	760601	36012	1
MAXED_1064_Day_A	21	Picture	instructions_21	760829	0	1	35703	1	0	next	false_alarm	82
MAXED_1064_Day_A	21	Pulse	99	780000	19171	NA
MAXED_1064_Day_A	21	Response	88	796306	35477	1
MAXED_1064_Day_A	22	Picture	instructions_22	796532	0	1	12737	1	0	next	false_alarm	85
MAXED_1064_Day_A	22	Pulse	99	800000	3468	NA
MAXED_1064_Day_A	22	Response	88	809042	12510	1
MAXED_1064_Day_A	23	Picture	instructions_23	809269	0	1	58799	1	0	next	false_alarm	90
MAXED_1064_Day_A	23	Pulse	99	820000	10731	NA
MAXED_1064_Day_A	23	Pulse	99	840000	30731	NA
MAXED_1064_Day_A	23	Pulse	99	860000	50731	NA
MAXED_1064_Day_A	23	Response	88	867840	58570	1
MAXED_1064_Day_A	24	Picture	instructions_24	868069	0	1	36325	1	0	next	false_alarm	94
MAXED_1064_Day_A	24	Pulse	99	880000	11931	NA
MAXED_1064_Day_A	24	Pulse	99	900000	31931	NA
MAXED_1064_Day_A	24	Response	88	904166	36097	1
MAXED_1064_Day_A	25	Picture	instructions_25	904394	0	1	27816	1	0	next	false_alarm	97
MAXED_1064_Day_A	25	Pulse	99	920000	15606	NA
MAXED_1064_Day_A	25	Response	88	931980	27586	1
MAXED_1064_Day_A	26	Picture	instructions_26	932210	0	1	42278	1	0	next	false_alarm	101
MAXED_1064_Day_A	26	Pulse	99	940000	7790	NA
MAXED_1064_Day_A	26	Pulse	99	960000	27790	NA
MAXED_1064_Day_A	26	Response	88	974260	42050	1
MAXED_1064_Day_A	27	Picture	instructions_27	974488	0	1	24255	1	0	next	false_alarm	104
MAXED_1064_Day_A	27	Pulse	99	980000	5512	NA
MAXED_1064_Day_A	27	Response	88	998658	24170	1
MAXED_1064_Day_A	28	Picture	instructions_28	998743	0	1	11591	1	0	next	false_alarm	107
MAXED_1064_Day_A	28	Pulse	99	1000000	1257	NA
MAXED_1064_Day_A	28	Response	88	1010106	11363	1
MAXED_1064_Day_A	29	Picture	instructions_29	1010334	0	1	10772	1	0	next	false_alarm	110
MAXED_1064_Day_A	29	Pulse	99	1020000	9666	NA
MAXED_1064_Day_A	29	Response	88	1020879	10544	1
MAXED_1064_Day_A	30	Picture	instructions_30	1021107	0	1	62879	1	0	next	false_alarm	115
MAXED_1064_Day_A	30	Pulse	99	1040000	18893	NA
MAXED_1064_Day_A	30	Pulse	99	1060000	38893	NA
MAXED_1064_Day_A	30	Pulse	99	1080000	58893	NA
MAXED_1064_Day_A	30	Response	88	1083756	62650	1
MAXED_1064_Day_A	31	Picture	instructions_31	1083985	0	1	52234	1	0	next	false_alarm	119
MAXED_1064_Day_A	31	Pulse	99	1100000	16015	NA
MAXED_1064_Day_A	31	Pulse	99	1120000	36015	NA
MAXED_1064_Day_A	31	Response	88	1135991	52006	1
MAXED_1064_Day_A	32	Picture	instructions_32	1136219	0	1	70397	1	0	next	false_alarm	125
MAXED_1064_Day_A	32	Pulse	99	1140000	3781	NA
MAXED_1064_Day_A	32	Pulse	99	1160000	23781	NA
MAXED_1064_Day_A	32	Pulse	99	1180000	43781	NA
MAXED_1064_Day_A	32	Pulse	99	1200000	63781	NA
MAXED_1064_Day_A	32	Response	88	1206380	70162	1
MAXED_1064_Day_A	33	Picture	instructions_33	1206615	0	1	43397	1	0	next	false_alarm	129
MAXED_1064_Day_A	33	Pulse	99	1220000	13385	NA
MAXED_1064_Day_A	33	Pulse	99	1240000	33385	NA
MAXED_1064_Day_A	33	Response	88	1249784	43169	1
MAXED_1064_Day_A	34	Picture	instructions_34	1250013	0	1	44510	1	0	next	false_alarm	133
MAXED_1064_Day_A	34	Pulse	99	1260000	9987	NA
MAXED_1064_Day_A	34	Pulse	99	1280000	29987	NA
MAXED_1064_Day_A	34	Response	88	1294282	44269	1
MAXED_1064_Day_A	35	Picture	instructions_35	1294523	0	1	61050	1	0	next	false_alarm	138
MAXED_1064_Day_A	35	Pulse	99	1300000	5477	NA
MAXED_1064_Day_A	35	Pulse	99	1320000	25477	NA
MAXED_1064_Day_A	35	Pulse	99	1340000	45477	NA
MAXED_1064_Day_A	35	Response	88	1355329	60806	1
MAXED_1064_Day_A	36	Picture	instructions_36	1355573	0	1	81297	1	0	next	false_alarm	144
MAXED_1064_Day_A	36	Pulse	99	1360000	4427	NA
MAXED_1064_Day_A	36	Pulse	99	1380000	24427	NA
MAXED_1064_Day_A	36	Pulse	99	1400000	44427	NA
MAXED_1064_Day_A	36	Pulse	99	1420000	64427	NA
MAXED_1064_Day_A	36	Response	88	1436630	81057	1
MAXED_1064_Day_A	37	Picture	instructions_37	1436870	0	1	26673	1	0	next	false_alarm	148
MAXED_1064_Day_A	37	Pulse	99	1440000	3130	NA
MAXED_1064_Day_A	37	Pulse	99	1460000	23130	NA
MAXED_1064_Day_A	37	Response	88	1463479	26609	1
MAXED_1064_Day_A	38	Picture	instructions_38	1463543	0	1	23673	1	0	next	false_alarm	151
MAXED_1064_Day_A	38	Pulse	99	1480000	16457	NA
MAXED_1064_Day_A	38	Response	88	1487152	23609	1
MAXED_1064_Day_A	39	Picture	instructions_39	1487217	0	1	79121	1	0	next	false_alarm	157
MAXED_1064_Day_A	39	Pulse	99	1500000	12783	NA
MAXED_1064_Day_A	39	Pulse	99	1520000	32783	NA
MAXED_1064_Day_A	39	Pulse	99	1540000	52783	NA
MAXED_1064_Day_A	39	Pulse	99	1560000	72783	NA
MAXED_1064_Day_A	39	Response	88	1566273	79056	1
MAXED_1064_Day_A	40	Picture	instructions_40	1566337	0	1	49850	1	0	next	false_alarm	161
MAXED_1064_Day_A	40	Pulse	99	1580000	13663	NA
MAXED_1064_Day_A	40	Pulse	99	1600000	33663	NA
MAXED_1064_Day_A	40	Response	88	1615994	49656	1
MAXED_1064_Day_A	41	Picture	instructions_41	1616187	0	1	6140	1	0	next	false_alarm	164
MAXED_1064_Day_A	41	Pulse	99	1620000	3813	NA
MAXED_1064_Day_A	41	Response	88	1622262	6075	1
MAXED_1064_Day_A	42	Picture	instructions_42	1622327	0	1	28635	1	0	next	false_alarm	167
MAXED_1064_Day_A	42	Pulse	99	1640000	17673	NA
MAXED_1064_Day_A	42	Response	88	1650898	28571	1
MAXED_1064_Day_A	43	Picture	instructions_43	1650962	0	1	38999	1	0	next	false_alarm	171
MAXED_1064_Day_A	43	Pulse	99	1660000	9038	NA
MAXED_1064_Day_A	43	Pulse	99	1680000	29038	NA
MAXED_1064_Day_A	43	Response	88	1689900	38937	1
MAXED_1064_Day_A	44	Picture	instructions_44	1689961	0	1	33864	1	0	next	false_alarm	175
MAXED_1064_Day_A	44	Pulse	99	1700000	10039	NA
MAXED_1064_Day_A	44	Pulse	99	1720000	30039	NA
MAXED_1064_Day_A	44	Response	88	1723762	33800	1
MAXED_1064_Day_A	45	Picture	instructions_45	1723826	0	1	17164	1	0	next	false_alarm	178
MAXED_1064_Day_A	45	Pulse	99	1740000	16174	NA
MAXED_1064_Day_A	45	Response	88	1740923	17097	1
MAXED_1064_Day_A	46	Picture	instructions_46	1740989	0	1	16219	1	0	next	false_alarm	180
MAXED_1064_Day_A	46	Response	88	1757154	16164	1
MAXED_1064_Day_A	47	Picture	fixation	1757208	0	1	5165	1	0	next	other	0
MAXED_1064_Day_A	47	Pulse	99	1760000	2792	NA
MAXED_1064_Day_A	48	Picture	stage1	1762373	0	1	22992	1	0	next	false_alarm	185
MAXED_1064_Day_A	48	Pulse	99	1780000	17627	NA
MAXED_1064_Day_A	48	Response	1	1785276	22903	1
MAXED_1064_Day_A	49	Picture	stage1_box	1785365	0	1	7664	1	0	next	other	0
MAXED_1064_Day_A	50	Picture	stage1_outcome	1793029	0	1	167	1	0	next	other	0
MAXED_1064_Day_A	51	Picture	stage2A	1793196	0	1	21493	1	0	next	false_alarm	190
MAXED_1064_Day_A	51	Pulse	99	1800000	6804	NA
MAXED_1064_Day_A	51	Response	1	1814549	21353	1
MAXED_1064_Day_A	52	Picture	stage2_box	1814689	0	1	7664	1	0	next	other	0
MAXED_1064_Day_A	52	Pulse	99	1820000	5311	NA
MAXED_1064_Day_A	53	Picture	stage2_up	1822353	0	1	7664	1	0	next	other	0
MAXED_1064_Day_A	54	Picture	stage2_lose	1830017	0	1	10163	1	0	next	other	0
MAXED_1064_Day_A	54	Pulse	99	1840000	9983	NA
MAXED_1064_Day_A	55	Picture	stage1	1840180	0	1	12713	1	0	next	false_alarm	197
MAXED_1064_Day_A	55	Response	1	1852842	12663	1
MAXED_1064_Day_A	56	Picture	stage1_box	1852893	0	1	7550	1	0	next	other	0
MAXED_1064_Day_A	56	Pulse	99	1860000	7107	NA
MAXED_1064_Day_A	57	Picture	stage1_outcome	1860443	0	1	167	1	0	next	other	0
MAXED_1064_Day_A	58	Picture	stage2A	1860609	0	1	15785	1	0	next	false_alarm	202
MAXED_1064_Day_A	58	Response	2	1876338	15729	1
MAXED_1064_Day_A	59	Picture	stage2_box	1876395	0	1	7550	1	0	next	other	0
MAXED_1064_Day_A	59	Pulse	99	1880000	3605	NA
MAXED_1064_Day_A	60	Picture	stage2_up	1883945	0	1	7556	1	0	next	other	0
MAXED_1064_Day_A	61	Picture	stage2_win	1891501	0	1	10170	1	0	next	other	0
MAXED_1064_Day_A	61	Pulse	99	1900000	8499	NA
MAXED_1064_Day_A	62	Picture	stage1	1901671	0	1	11591	1	0	next	false_alarm	209
MAXED_1064_Day_A	62	Response	1	1913200	11529	1
MAXED_1064_Day_A	63	Picture	stage1_box	1913262	0	1	7550	1	0	next	other	0
MAXED_1064_Day_A	63	Pulse	99	1920000	6738	NA
MAXED_1064_Day_A	64	Picture	stage1_outcome	1920812	0	1	167	1	0	next	other	0
MAXED_1064_Day_A	65	Picture	stage2A	1920978	0	1	25553	1	0	next	false_alarm	215
MAXED_1064_Day_A	65	Pulse	99	1940000	19022	NA
MAXED_1064_Day_A	65	Response	2	1946492	25514	1
MAXED_1064_Day_A	66	Picture	stage2_box	1946532	0	1	7550	1	0	next	other	0
MAXED_1064_Day_A	67	Picture	stage2_up	1954081	0	1	7550	1	0	next	other	0
MAXED_1064_Day_A	67	Pulse	99	1960000	5919	NA
MAXED_1064_Day_A	68	Picture	stage2_lose	1961631	0	1	10040	1	0	next	other	0
MAXED_1064_Day_A	69	Picture	stage1	1971671	0	1	17162	1	0	next	false_alarm	222
MAXED_1064_Day_A	69	Pulse	99	1980000	8329	NA
MAXED_1064_Day_A	69	Response	2	1988768	17097	1
MAXED_1064_Day_A	70	Picture	stage1_box	1988833	0	1	7550	1	0	next	other	0
MAXED_1064_Day_A	71	Picture	stage1_outcome	1996383	0	1	167	1	0	next	other	0
MAXED_1064_Day_A	72	Picture	stage2B	1996550	0	1	12162	1	0	next	false_alarm	227
MAXED_1064_Day_A	72	Pulse	99	2000000	3450	NA
MAXED_1064_Day_A	72	Response	1	2008648	12098	1
MAXED_1064_Day_A	73	Picture	stage2_box	2008712	0	1	7664	1	0	next	other	0
MAXED_1064_Day_A	74	Picture	stage2_up	2016376	0	1	7664	1	0	next	other	0
MAXED_1064_Day_A	74	Pulse	99	2020000	3624	NA
MAXED_1064_Day_A	75	Picture	stage2_lose	2024040	0	1	10050	1	0	next	other	0
MAXED_1064_Day_A	76	Picture	stage1	2034090	0	1	7730	1	0	next	false_alarm	234
MAXED_1064_Day_A	76	Pulse	99	2040000	5910	NA
MAXED_1064_Day_A	76	Response	2	2041771	7681	1
MAXED_1064_Day_A	77	Picture	stage1_box	2041821	0	1	7550	1	0	next	other	0
MAXED_1064_Day_A	78	Picture	stage1_outcome	2049370	0	1	167	1	0	next	other	0
MAXED_1064_Day_A	79	Picture	stage2B	2049537	0	1	8753	1	0	next	false_alarm	238
MAXED_1064_Day_A	79	Response	2	2058229	8692	1
MAXED_1064_Day_A	80	Picture	stage2_box	2058290	0	1	7664	1	0	next	other	0
MAXED_1064_Day_A	80	Pulse	99	2060000	1710	NA
MAXED_1064_Day_A	81	Picture	stage2_up	2065954	0	1	7664	1	0	next	other	0
MAXED_1064_Day_A	82	Picture	stage2_lose	2073618	0	1	10050	1	0	next	other	0
MAXED_1064_Day_A	82	Pulse	99	2080000	6382	NA
MAXED_1064_Day_A	83	Picture	stage1	2083668	0	1	6848	1	0	next	false_alarm	245
MAXED_1064_Day_A	83	Response	1	2090466	6798	1
MAXED_1064_Day_A	84	Picture	stage1_box	2090517	0	1	7539	1	0	next	other	0
MAXED_1064_Day_A	85	Picture	stage1_outcome	2098055	0	1	167	1	0	next	other	0
MAXED_1064_Day_A	86	Picture	stage2A	2098222	0	1	7976	1	0	next	false_alarm	250
MAXED_1064_Day_A	86	Pulse	99	2100000	1778	NA
MAXED_1064_Day_A	86	Response	2	2106148	7926	1
MAXED_1064_Day_A	87	Picture	stage2_box	2106198	0	1	7550	1	0	next	other	0
MAXED_1064_Day_A	88	Picture	stage2_up	2113748	0	1	7550	1	0	next	other	0
MAXED_1064_Day_A	88	Pulse	99	2120000	6252	NA
MAXED_1064_Day_A	89	Picture	stage2_lose	2121298	0	1	10050	1	0	next	other	0
MAXED_1064_Day_A	90	Picture	stage1	2131348	0	1	3671	1	0	next	false_alarm	256
MAXED_1064_Day_A	90	Response	1	2134980	3632	1
MAXED_1064_Day_A	91	Picture	stage1_box	2135019	0	1	7550	1	0	next	other	0
MAXED_1064_Day_A	91	Pulse	99	2140000	4981	NA
MAXED_1064_Day_A	92	Picture	stage1_outcome	2142570	0	1	167	1	0	next	other	0
MAXED_1064_Day_A	93	Picture	stage2B	2142736	0	1	35168	1	0	next	false_alarm	262
MAXED_1064_Day_A	93	Pulse	99	2160000	17264	NA
MAXED_1064_Day_A	93	Response	1	2177854	35118	1
MAXED_1064_Day_A	94	Picture	stage2_box	2177905	0	1	7664	1	0	next	other	0
MAXED_1064_Day_A	94	Pulse	99	2180000	2095	NA
MAXED_1064_Day_A	95	Picture	stage2_up	2185569	0	1	7664	1	0	next	other	0
MAXED_1064_Day_A	96	Picture	stage2_win	2193233	0	1	10163	1	0	next	other	0
MAXED_1064_Day_A	96	Pulse	99	2200000	6767	NA
MAXED_1064_Day_A	97	Picture	stage1	2203396	0	1	13184	1	0	next	false_alarm	269
MAXED_1064_Day_A	97	Response	2	2216528	13132	1
MAXED_1064_Day_A	98	Picture	stage1_box	2216580	0	1	7550	1	0	next	other	0
MAXED_1064_Day_A	98	Pulse	99	2220000	3420	NA
MAXED_1064_Day_A	99	Picture	stage1_outcome	2224129	0	1	167	1	0	next	other	0
MAXED_1064_Day_A	100	Picture	stage2B	2224296	0	1	6041	1	0	next	false_alarm	274
MAXED_1064_Day_A	100	Response	1	2230298	6002	1
MAXED_1064_Day_A	101	Picture	stage2_box	2230337	0	1	7664	1	0	next	other	0
MAXED_1064_Day_A	102	Picture	stage2_up	2238001	0	1	7664	1	0	next	other	0
MAXED_1064_Day_A	102	Pulse	99	2240000	1999	NA
MAXED_1064_Day_A	103	Picture	stage2_lose	2245665	0	1	10050	1	0	next	other	0
MAXED_1064_Day_A	104	Picture	stage1	2255715	0	1	10169	1	0	next	false_alarm	281
MAXED_1064_Day_A	104	Pulse	99	2260000	4285	NA
MAXED_1064_Day_A	104	Response	1	2265834	10118	1
MAXED_1064_Day_A	105	Picture	stage1_box	2265884	0	1	7550	1	0	next	other	0
MAXED_1064_Day_A	106	Picture	stage1_outcome	2273433	0	1	167	1	0	next	other	0
MAXED_1064_Day_A	107	Picture	stage2B	2273600	0	1	25025	1	0	next	false_alarm	286
MAXED_1064_Day_A	107	Pulse	99	2280000	6400	NA
MAXED_1064_Day_A	107	Response	2	2298585	24985	1
MAXED_1064_Day_A	108	Picture	stage2_box	2298624	0	1	7664	1	0	next	other	0
MAXED_1064_Day_A	108	Pulse	99	2300000	1376	NA
MAXED_1064_Day_A	109	Picture	stage2_up	2306288	0	1	7664	1	0	next	other	0
MAXED_1064_Day_A	110	Picture	stage2_lose	2313952	0	1	10050	1	0	next	other	0
MAXED_1064_Day_A	110	Pulse	99	2320000	6048	NA
MAXED_1064_Day_A	111	Picture	stage1	2324002	0	1	7100	1	0	next	false_alarm	293
MAXED_1064_Day_A	111	Response	1	2330982	6980	1
MAXED_1064_Day_A	112	Picture	stage1_box	2331102	0	1	7549	1	0	next	other	0
MAXED_1064_Day_A	113	Picture	stage1_outcome	2338651	0	1	167	1	0	next	other	0
MAXED_1064_Day_A	114	Picture	stage2B	2338818	0	1	17886	1	0	next	false_alarm	298
MAXED_1064_Day_A	114	Pulse	99	2340000	1182	NA
MAXED_1064_Day_A	114	Response	1	2356655	17837	1
MAXED_1064_Day_A	115	Picture	stage2_box	2356704	0	1	7664	1	0	next	other	0
MAXED_1064_Day_A	115	Pulse	99	2360000	3296	NA
MAXED_1064_Day_A	116	Picture	stage2_up	2364368	0	1	7664	1	0	next	other	0
MAXED_1064_Day_A	117	Picture	stage2_win	2372032	0	1	10163	1	0	next	other	0
MAXED_1064_Day_A	117	Pulse	99	2380000	7968	NA
MAXED_1064_Day_A	118	Picture	stage1	2382196	0	1	10496	1	0	next	false_alarm	305
MAXED_1064_Day_A	118	Response	2	2392586	10391	1
MAXED_1064_Day_A	119	Picture	stage1_box	2392692	0	1	7539	1	0	next	other	0
MAXED_1064_Day_A	119	Pulse	99	2400000	7308	NA
MAXED_1064_Day_A	120	Picture	stage1_outcome	2400231	0	1	167	1	0	next	other	0
MAXED_1064_Day_A	121	Picture	stage2B	2400397	0	1	6073	1	0	next	false_alarm	310
MAXED_1064_Day_A	121	Response	1	2406420	6023	1
MAXED_1064_Day_A	122	Picture	stage2_box	2406470	0	1	7664	1	0	next	other	0
MAXED_1064_Day_A	123	Picture	stage2_up	2414134	0	1	7664	1	0	next	other	0
MAXED_1064_Day_A	123	Pulse	99	2420000	5866	NA
MAXED_1064_Day_A	124	Picture	stage2_lose	2421798	0	1	10040	1	0	next	other	0
MAXED_1064_Day_A	125	Picture	stage1	2431838	0	1	15907	1	0	next	false_alarm	317
MAXED_1064_Day_A	125	Pulse	99	2440000	8162	NA
MAXED_1064_Day_A	125	Response	1	2447695	15857	1
MAXED_1064_Day_A	126	Picture	stage1_box	2447745	0	1	7549	1	0	next	other	0
MAXED_1064_Day_A	127	Picture	stage1_outcome	2455294	0	1	167	1	0	next	other	0
MAXED_1064_Day_A	128	Picture	stage2A	2455461	0	1	18971	1	0	next	false_alarm	322
MAXED_1064_Day_A	128	Pulse	99	2460000	4539	NA
MAXED_1064_Day_A	128	Response	2	2474381	18920	1
MAXED_1064_Day_A	129	Picture	stage2_box	2474431	0	1	7549	1	0	next	other	0
MAXED_1064_Day_A	129	Pulse	99	2480000	5569	NA
MAXED_1064_Day_A	130	Picture	stage2_up	2481981	0	1	7549	1	0	next	other	0
MAXED_1064_Day_A	131	Picture	stage2_lose	2489530	0	1	10050	1	0	next	other	0
MAXED_1064_Day_A	132	Picture	stage1	2499580	0	1	30810	1	0	next	false_alarm	330
MAXED_1064_Day_A	132	Pulse	99	2500000	420	NA
MAXED_1064_Day_A	132	Pulse	99	2520000	20420	NA
MAXED_1064_Day_A	132	Response	1	2530339	30759	1
MAXED_1064_Day_A	133	Picture	stage1_box	2530390	0	1	7549	1	0	next	other	0
MAXED_1064_Day_A	134	Picture	stage1_outcome	2537939	0	1	167	1	0	next	other	0
MAXED_1064_Day_A	135	Picture	stage2A	2538106	0	1	6673	1	0	next	false_alarm	335
MAXED_1064_Day_A	135	Pulse	99	2540000	1894	NA
MAXED_1064_Day_A	135	Response	1	2544729	6623	1
MAXED_1064_Day_A	136	Picture	stage2_box	2544779	0	1	7604	1	0	next	other	0
MAXED_1064_Day_A	137	Picture	stage2_up	2552383	0	1	7550	1	0	next	other	0
MAXED_1064_Day_A	138	Picture	stage2_win	2559933	0	1	10050	1	0	next	other	0
MAXED_1064_Day_A	138	Pulse	99	2560000	67	NA
MAXED_1064_Day_A	139	Picture	stage1	2569983	0	1	4247	1	0	next	false_alarm	341
MAXED_1064_Day_A	139	Response	1	2574180	4198	1
MAXED_1064_Day_A	140	Picture	stage1_box	2574230	0	1	7591	1	0	next	other	0
MAXED_1064_Day_A	140	Pulse	99	2580000	5770	NA
MAXED_1064_Day_A	141	Picture	stage1_outcome	2581821	0	1	167	1	0	next	other	0
MAXED_1064_Day_A	142	Picture	stage2A	2581988	0	1	5455	1	0	next	false_alarm	346
MAXED_1064_Day_A	142	Response	1	2587393	5405	1
MAXED_1064_Day_A	143	Picture	stage2_box	2587443	0	1	7550	1	0	next	other	0
MAXED_1064_Day_A	144	Picture	stage2_up	2594993	0	1	7550	1	0	next	other	0
MAXED_1064_Day_A	144	Pulse	99	2600000	5007	NA
MAXED_1064_Day_A	145	Picture	stage2_win	2602543	0	1	10051	1	0	next	other	0
MAXED_1064_Day_A	146	Picture	stage1	2612594	0	1	5178	1	0	next	false_alarm	352
MAXED_1064_Day_A	146	Response	1	2617733	5139	1
MAXED_1064_Day_A	147	Picture	stage1_box	2617772	0	1	7550	1	0	next	other	0
MAXED_1064_Day_A	147	Pulse	99	2620000	2228	NA
MAXED_1064_Day_A	148	Picture	stage1_outcome	2625322	0	1	167	1	0	next	other	0
MAXED_1064_Day_A	149	Picture	stage2A	2625488	0	1	4530	1	0	next	false_alarm	357
MAXED_1064_Day_A	149	Response	1	2629968	4480	1
MAXED_1064_Day_A	150	Picture	stage2_box	2630018	0	1	7551	1	0	next	other	0
MAXED_1064_Day_A	151	Picture	stage2_up	2637569	0	1	7551	1	0	next	other	0
MAXED_1064_Day_A	151	Pulse	99	2640000	2431	NA
MAXED_1064_Day_A	152	Picture	stage2_win	2645119	0	1	10051	1	0	next	other	0
MAXED_1064_Day_A	153	Picture	stage1	2655170	0	1	5420	1	0	next	false_alarm	364
MAXED_1064_Day_A	153	Pulse	99	2660000	4830	NA
MAXED_1064_Day_A	153	Response	1	2660540	5371	1
MAXED_1064_Day_A	154	Picture	stage1_box	2660590	0	1	7549	1	0	next	other	0
MAXED_1064_Day_A	155	Picture	stage1_outcome	2668139	0	1	167	1	0	next	other	0
MAXED_1064_Day_A	156	Picture	stage2A	2668306	0	1	7418	1	0	next	false_alarm	368
MAXED_1064_Day_A	156	Response	1	2675535	7229	1
MAXED_1064_Day_A	157	Picture	stage2_box	2675723	0	1	7549	1	0	next	other	0
MAXED_1064_Day_A	157	Pulse	99	2680000	4277	NA
MAXED_1064_Day_A	158	Picture	stage2_up	2683273	0	1	7550	1	0	next	other	0
MAXED_1064_Day_A	159	Picture	stage2_lose	2690822	0	1	10062	1	0	next	other	0
MAXED_1064_Day_A	159	Pulse	99	2700000	9178	NA
MAXED_1064_Day_A	160	Picture	stage1	2700884	0	1	6980	1	0	next	false_alarm	375
MAXED_1064_Day_A	160	Response	2	2707815	6930	1
MAXED_1064_Day_A	161	Picture	stage1_box	2707865	0	1	7550	1	0	next	other	0
MAXED_1064_Day_A	162	Picture	stage1_outcome	2715415	0	1	167	1	0	next	other	0
MAXED_1064_Day_A	163	Picture	stage2A	2715581	0	1	35671	1	0	next	false_alarm	381
MAXED_1064_Day_A	163	Pulse	99	2720000	4419	NA
MAXED_1064_Day_A	163	Pulse	99	2740000	24419	NA
MAXED_1064_Day_A	163	Response	2	2751201	35620	1
MAXED_1064_Day_A	164	Picture	stage2_box	2751252	0	1	7550	1	0	next	other	0
MAXED_1064_Day_A	165	Picture	stage2_up	2758801	0	1	7646	1	0	next	other	0
MAXED_1064_Day_A	165	Pulse	99	2760000	1199	NA
MAXED_1064_Day_A	166	Picture	stage2_lose	2766447	0	1	10050	1	0	next	other	0
MAXED_1064_Day_A	167	Picture	stage1	2776498	0	1	8547	1	0	next	false_alarm	388
MAXED_1064_Day_A	167	Pulse	99	2780000	3502	NA
MAXED_1064_Day_A	167	Response	2	2784995	8497	1
MAXED_1064_Day_A	168	Picture	stage1_box	2785045	0	1	7561	1	0	next	other	0
MAXED_1064_Day_A	169	Picture	stage1_outcome	2792605	0	1	167	1	0	next	other	0
MAXED_1064_Day_A	170	Picture	stage2A	2792772	0	1	26240	1	0	next	false_alarm	393
MAXED_1064_Day_A	170	Pulse	99	2800000	7228	NA
MAXED_1064_Day_A	170	Response	1	2818962	26190	1
MAXED_1064_Day_A	171	Picture	stage2_box	2819012	0	1	7550	1	0	next	other	0
MAXED_1064_Day_A	171	Pulse	99	2820000	988	NA
MAXED_1064_Day_A	172	Picture	stage2_up	2826561	0	1	7549	1	0	next	other	0
MAXED_1064_Day_A	173	Picture	stage2_lose	2834111	0	1	10050	1	0	next	other	0
MAXED_1064_Day_A	173	Pulse	99	2840000	5889	NA
MAXED_1064_Day_A	174	Picture	stage1	2844161	0	1	10010	1	0	next	false_alarm	400
MAXED_1064_Day_A	174	Response	1	2854121	9960	1
MAXED_1064_Day_A	175	Picture	stage1_box	2854171	0	1	7539	1	0	next	other	0
MAXED_1064_Day_A	175	Pulse	99	2860000	5829	NA
MAXED_1064_Day_A	176	Picture	stage1_outcome	2861710	0	1	167	1	0	next	other	0
MAXED_1064_Day_A	177	Picture	stage2A	2861876	0	1	17539	1	0	next	false_alarm	405
MAXED_1064_Day_A	177	Response	2	2879365	17489	1
MAXED_1064_Day_A	178	Picture	stage2_box	2879416	0	1	7538	1	0	next	other	0
MAXED_1064_Day_A	178	Pulse	99	2880000	585	NA
MAXED_1064_Day_A	179	Picture	stage2_up	2886954	0	1	7549	1	0	next	other	0
MAXED_1064_Day_A	180	Picture	stage2_win	2894503	0	1	10050	1	0	next	other	0
MAXED_1064_Day_A	180	Pulse	99	2900000	5497	NA
MAXED_1064_Day_A	181	Picture	stage1	2904553	0	1	6804	1	0	next	false_alarm	412
MAXED_1064_Day_A	181	Response	1	2911308	6754	1
MAXED_1064_Day_A	182	Picture	stage1_box	2911357	0	1	7549	1	0	next	other	0
MAXED_1064_Day_A	183	Picture	stage1_outcome	2918906	0	1	167	1	0	next	other	0
MAXED_1064_Day_A	184	Picture	stage2A	2919073	0	1	5915	1	0	next	false_alarm	417
MAXED_1064_Day_A	184	Pulse	99	2920000	927	NA
MAXED_1064_Day_A	184	Response	2	2924938	5865	1
MAXED_1064_Day_A	185	Picture	stage2_box	2924987	0	1	7549	1	0	next	other	0
MAXED_1064_Day_A	186	Picture	stage2_up	2932537	0	1	7549	1	0	next	other	0
MAXED_1064_Day_A	186	Pulse	99	2940000	7463	NA
MAXED_1064_Day_A	187	Picture	stage2_win	2940086	0	1	10049	1	0	next	other	0
MAXED_1064_Day_A	188	Picture	stage1	2950135	0	1	6158	1	0	next	false_alarm	423
MAXED_1064_Day_A	188	Response	1	2956244	6109	1
MAXED_1064_Day_A	189	Picture	stage1_box	2956293	0	1	7550	1	0	next	other	0
MAXED_1064_Day_A	189	Pulse	99	2960000	3707	NA
MAXED_1064_Day_A	190	Picture	stage1_outcome	2963843	0	1	167	1	0	next	other	0
MAXED_1064_Day_A	191	Picture	stage2B	2964009	0	1	16415	1	0	next	false_alarm	429
MAXED_1064_Day_A	191	Pulse	99	2980000	15991	NA
MAXED_1064_Day_A	191	Response	1	2980375	16365	1
MAXED_1064_Day_A	192	Picture	stage2_box	2980424	0	1	7664	1	0	next	other	0
MAXED_1064_Day_A	193	Picture	stage2_up	2988088	0	1	7664	1	0	next	other	0
MAXED_1064_Day_A	194	Picture	stage2_lose	2995752	0	1	10050	1	0	next	other	0
MAXED_1064_Day_A	194	Pulse	99	3000000	4248	NA
MAXED_1064_Day_A	195	Picture	stage1	3005802	0	1	8164	1	0	next	false_alarm	435
MAXED_1064_Day_A	195	Response	2	3013915	8113	1
MAXED_1064_Day_A	196	Picture	stage1_box	3013966	0	1	7549	1	0	next	other	0
MAXED_1064_Day_A	196	Pulse	99	3020000	6034	NA
MAXED_1064_Day_A	197	Picture	stage1_outcome	3021515	0	1	167	1	0	next	other	0
MAXED_1064_Day_A	198	Picture	stage2B	3021682	0	1	5556	1	0	next	false_alarm	440
MAXED_1064_Day_A	198	Response	2	3027188	5506	1
MAXED_1064_Day_A	199	Picture	stage2_box	3027238	0	1	7664	1	0	next	other	0
MAXED_1064_Day_A	200	Picture	stage2_up	3034902	0	1	7664	1	0	next	other	0
MAXED_1064_Day_A	200	Pulse	99	3040000	5098	NA
MAXED_1064_Day_A	201	Picture	stage2_win	3042566	0	1	10163	1	0	next	other	0
MAXED_1064_Day_A	202	Picture	stage1	3052729	0	1	6498	1	0	next	false_alarm	446
MAXED_1064_Day_A	202	Response	2	3059078	6349	1
MAXED_1064_Day_A	203	Picture	stage1_box	3059227	0	1	7550	1	0	next	other	0
MAXED_1064_Day_A	203	Pulse	99	3060000	773	NA
MAXED_1064_Day_A	204	Picture	stage1_outcome	3066777	0	1	167	1	0	next	other	0
MAXED_1064_Day_A	205	Picture	stage2A	3066943	0	1	29954	1	0	next	false_alarm	452
MAXED_1064_Day_A	205	Pulse	99	3080000	13057	NA
MAXED_1064_Day_A	205	Response	2	3096847	29904	1
MAXED_1064_Day_A	206	Picture	stage2_box	3096897	0	1	7550	1	0	next	other	0
MAXED_1064_Day_A	206	Pulse	99	3100000	3103	NA
MAXED_1064_Day_A	207	Picture	stage2_up	3104447	0	1	7550	1	0	next	other	0
MAXED_1064_Day_A	208	Picture	stage2_lose	3111997	0	1	10050	1	0	next	other	0
MAXED_1064_Day_A	208	Pulse	99	3120000	8003	NA
MAXED_1064_Day_A	209	Picture	stage1	3122047	0	1	7546	1	0	next	false_alarm	459
MAXED_1064_Day_A	209	Response	2	3129477	7430	1
MAXED_1064_Day_A	210	Picture	stage1_box	3129593	0	1	7550	1	0	next	other	0
MAXED_1064_Day_A	211	Picture	stage1_outcome	3137143	0	1	167	1	0	next	other	0
MAXED_1064_Day_A	212	Picture	stage2B	3137309	0	1	7789	1	0	next	false_alarm	464
MAXED_1064_Day_A	212	Pulse	99	3140000	2691	NA
MAXED_1064_Day_A	212	Response	2	3145048	7739	1
MAXED_1064_Day_A	213	Picture	stage2_box	3145098	0	1	7664	1	0	next	other	0
MAXED_1064_Day_A	214	Picture	stage2_up	3152762	0	1	7664	1	0	next	other	0
MAXED_1064_Day_A	214	Pulse	99	3160000	7238	NA
MAXED_1064_Day_A	215	Picture	stage2_lose	3160426	0	1	10050	1	0	next	other	0
MAXED_1064_Day_A	216	Picture	stage1	3170476	0	1	6946	1	0	next	false_alarm	470
MAXED_1064_Day_A	216	Response	2	3177372	6896	1
MAXED_1064_Day_A	217	Picture	stage1_box	3177422	0	1	7550	1	0	next	other	0
MAXED_1064_Day_A	217	Pulse	99	3180000	2578	NA
MAXED_1064_Day_A	218	Picture	stage1_outcome	3184972	0	1	167	1	0	next	other	0
MAXED_1064_Day_A	219	Picture	stage2B	3185138	0	1	3725	1	0	next	false_alarm	475
MAXED_1064_Day_A	219	Response	1	3188790	3652	1
MAXED_1064_Day_A	220	Picture	stage2_box	3188864	0	1	7550	1	0	next	other	0
MAXED_1064_Day_A	221	Picture	stage2_up	3196413	0	1	7549	1	0	next	other	0
MAXED_1064_Day_A	221	Pulse	99	3200000	3587	NA
MAXED_1064_Day_A	222	Picture	stage2_win	3203963	0	1	10163	1	0	next	other	0
MAXED_1064_Day_A	223	Pulse	99	3220000	5874	NA
MAXED_1064_Day_A	223	Pulse	99	3240000	25874	NA
MAXED_1064_Day_A	223	Pulse	99	3260000	45874	NA
MAXED_1064_Day_A	223	Pulse	99	3280000	65874	NA
MAXED_1064_Day_A	223	Pulse	99	3300000	85874	NA
MAXED_1064_Day_A	223	Pulse	99	3320000	105874	NA
MAXED_1064_Day_A	223	Response	88	3325704	111578	1
