Scenario - 
Logfile written - 11/05/2021 17:26:17

Subject	Trial	Event Type	Code	Time	TTime	Uncertainty	Duration	Uncertainty	ReqTime	ReqDur	Stim Type	Pair Index

MAXED_1012	0	Pulse	99	0	0	NA
MAXED_1012	1	Picture	instructions_1	333	0	1	44167	1	0	next	false_alarm	5
MAXED_1012	1	Pulse	99	20000	19667	NA
MAXED_1012	1	Pulse	99	40000	39667	NA
MAXED_1012	1	Response	88	44228	43895	1
MAXED_1012	2	Picture	instructions_2	44500	0	1	17333	1	0	next	false_alarm	8
MAXED_1012	2	Pulse	99	60000	15500	NA
MAXED_1012	2	Response	88	61668	17168	1
MAXED_1012	3	Picture	instructions_3	61833	0	1	16667	1	0	next	false_alarm	10
MAXED_1012	3	Response	88	78307	16474	1
MAXED_1012	4	Picture	instructions_4	78500	0	1	20500	1	0	next	false_alarm	13
MAXED_1012	4	Pulse	99	80000	1500	NA
MAXED_1012	4	Response	88	98787	20287	1
MAXED_1012	5	Picture	instructions_5	99000	0	1	27833	1	0	next	false_alarm	17
MAXED_1012	5	Pulse	99	100000	1000	NA
MAXED_1012	5	Pulse	99	120000	21000	NA
MAXED_1012	5	Response	88	126708	27708	1
MAXED_1012	6	Picture	instructions_6	126833	0	1	17167	1	0	next	false_alarm	20
MAXED_1012	6	Pulse	99	140000	13167	NA
MAXED_1012	6	Response	88	143828	16994	1
MAXED_1012	7	Picture	instructions_7	144000	0	1	26000	1	0	next	false_alarm	23
MAXED_1012	7	Pulse	99	160000	16000	NA
MAXED_1012	7	Response	88	169828	25828	1
MAXED_1012	8	Picture	instructions_8	170000	0	1	16500	1	0	next	false_alarm	26
MAXED_1012	8	Pulse	99	180000	10000	NA
MAXED_1012	8	Response	88	186227	16227	1
MAXED_1012	9	Picture	instructions_9	186500	0	1	41500	1	0	next	false_alarm	30
MAXED_1012	9	Pulse	99	200000	13500	NA
MAXED_1012	9	Pulse	99	220000	33500	NA
MAXED_1012	9	Response	88	227908	41408	1
MAXED_1012	10	Picture	instructions_10	228000	0	1	140667	1	0	next	false_alarm	39
MAXED_1012	10	Pulse	99	240000	12000	NA
MAXED_1012	10	Pulse	99	260000	32000	NA
MAXED_1012	10	Pulse	99	280000	52000	NA
MAXED_1012	10	Pulse	99	300000	72000	NA
MAXED_1012	10	Pulse	99	320000	92000	NA
MAXED_1012	10	Pulse	99	340000	112000	NA
MAXED_1012	10	Pulse	99	360000	132000	NA
MAXED_1012	10	Response	88	368548	140548	1
MAXED_1012	11	Picture	instructions_11	368667	0	1	26167	1	0	next	false_alarm	42
MAXED_1012	11	Pulse	99	380000	11333	NA
MAXED_1012	11	Response	88	394707	26040	1
MAXED_1012	12	Picture	instructions_12	394834	0	1	47833	1	0	next	false_alarm	47
MAXED_1012	12	Pulse	99	400000	5166	NA
MAXED_1012	12	Pulse	99	420000	25166	NA
MAXED_1012	12	Pulse	99	440000	45166	NA
MAXED_1012	12	Response	88	442548	47714	1
MAXED_1012	13	Picture	instructions_13	442667	0	1	15500	1	0	next	false_alarm	49
MAXED_1012	13	Response	88	457988	15321	1
MAXED_1012	14	Picture	instructions_14	458167	0	1	14500	1	0	next	false_alarm	52
MAXED_1012	14	Pulse	99	460000	1833	NA
MAXED_1012	14	Response	88	472468	14301	1
MAXED_1012	15	Picture	instructions_15	472667	0	1	98333	1	0	next	false_alarm	59
MAXED_1012	15	Pulse	99	480000	7333	NA
MAXED_1012	15	Pulse	99	500000	27333	NA
MAXED_1012	15	Pulse	99	520000	47333	NA
MAXED_1012	15	Pulse	99	540000	67333	NA
MAXED_1012	15	Pulse	99	560000	87333	NA
MAXED_1012	15	Response	88	570868	98201	1
MAXED_1012	16	Picture	instructions_16	571001	0	1	14833	1	0	next	false_alarm	62
MAXED_1012	16	Pulse	99	580000	8999	NA
MAXED_1012	16	Response	88	585588	14587	1
MAXED_1012	17	Picture	instructions_17	585834	0	1	21500	1	0	next	false_alarm	65
MAXED_1012	17	Pulse	99	600000	14166	NA
MAXED_1012	17	Response	88	607028	21194	1
MAXED_1012	18	Picture	instructions_18	607334	0	1	22333	1	0	next	false_alarm	68
MAXED_1012	18	Pulse	99	620000	12666	NA
MAXED_1012	18	Response	88	629428	22094	1
MAXED_1012	19	Picture	instructions_19	629667	0	1	10000	1	0	next	false_alarm	70
MAXED_1012	19	Response	88	639508	9841	1
MAXED_1012	20	Picture	instructions_20	639667	0	1	33333	1	0	next	false_alarm	74
MAXED_1012	20	Pulse	99	640000	333	NA
MAXED_1012	20	Pulse	99	660000	20333	NA
MAXED_1012	20	Response	88	672868	33201	1
MAXED_1012	21	Picture	instructions_21	673001	0	1	31333	1	0	next	false_alarm	78
MAXED_1012	21	Pulse	99	680000	6999	NA
MAXED_1012	21	Pulse	99	700000	26999	NA
MAXED_1012	21	Response	88	704148	31147	1
MAXED_1012	22	Picture	instructions_22	704334	0	1	15167	1	0	next	false_alarm	80
MAXED_1012	22	Response	88	719268	14934	1
MAXED_1012	23	Picture	instructions_23	719501	0	1	17833	1	0	next	false_alarm	83
MAXED_1012	23	Pulse	99	720000	499	NA
MAXED_1012	23	Response	88	737108	17607	1
MAXED_1012	24	Picture	instructions_24	737334	0	1	47833	1	0	next	false_alarm	88
MAXED_1012	24	Pulse	99	740000	2666	NA
MAXED_1012	24	Pulse	99	760000	22666	NA
MAXED_1012	24	Pulse	99	780000	42666	NA
MAXED_1012	24	Response	88	785108	47774	1
MAXED_1012	25	Picture	instructions_25	785168	0	1	29833	1	0	next	false_alarm	91
MAXED_1012	25	Pulse	99	800000	14832	NA
MAXED_1012	25	Response	88	814868	29701	1
MAXED_1012	26	Picture	instructions_26	815001	0	1	57167	1	0	next	false_alarm	96
MAXED_1012	26	Pulse	99	820000	4999	NA
MAXED_1012	26	Pulse	99	840000	24999	NA
MAXED_1012	26	Pulse	99	860000	44999	NA
MAXED_1012	26	Response	88	871988	56987	1
MAXED_1012	27	Picture	instructions_27	872168	0	1	11167	1	0	next	false_alarm	99
MAXED_1012	27	Pulse	99	880000	7832	NA
MAXED_1012	27	Response	88	883108	10940	1
MAXED_1012	28	Picture	instructions_28	883334	0	1	9000	1	0	next	false_alarm	101
MAXED_1012	28	Response	88	892068	8733	1
MAXED_1012	29	Picture	instructions_29	892334	0	1	57167	1	0	next	false_alarm	106
MAXED_1012	29	Pulse	99	900000	7666	NA
MAXED_1012	29	Pulse	99	920000	27666	NA
MAXED_1012	29	Pulse	99	940000	47666	NA
MAXED_1012	29	Response	88	949348	57014	1
MAXED_1012	30	Picture	instructions_30	949501	0	1	65500	1	0	next	false_alarm	111
MAXED_1012	30	Pulse	99	960000	10499	NA
MAXED_1012	30	Pulse	99	980000	30499	NA
MAXED_1012	30	Pulse	99	1000000	50499	NA
MAXED_1012	30	Response	88	1014868	65367	1
MAXED_1012	31	Picture	instructions_31	1015001	0	1	46000	1	0	next	false_alarm	116
MAXED_1012	31	Pulse	99	1020000	4999	NA
MAXED_1012	31	Pulse	99	1040000	24999	NA
MAXED_1012	31	Pulse	99	1060000	44999	NA
MAXED_1012	31	Response	88	1060868	45867	1
MAXED_1012	32	Picture	instructions_32	1061001	0	1	63833	1	0	next	false_alarm	121
MAXED_1012	32	Pulse	99	1080000	18999	NA
MAXED_1012	32	Pulse	99	1100000	38999	NA
MAXED_1012	32	Pulse	99	1120000	58999	NA
MAXED_1012	32	Response	88	1124708	63706	1
MAXED_1012	33	Picture	instructions_33	1124835	0	1	60833	1	0	next	false_alarm	126
MAXED_1012	33	Pulse	99	1140000	15165	NA
MAXED_1012	33	Pulse	99	1160000	35165	NA
MAXED_1012	33	Pulse	99	1180000	55165	NA
MAXED_1012	33	Response	88	1185428	60593	1
MAXED_1012	34	Picture	instructions_34	1185668	0	1	68167	1	0	next	false_alarm	131
MAXED_1012	34	Pulse	99	1200000	14332	NA
MAXED_1012	34	Pulse	99	1220000	34332	NA
MAXED_1012	34	Pulse	99	1240000	54332	NA
MAXED_1012	34	Response	88	1253668	68000	1
MAXED_1012	35	Picture	instructions_35	1253835	0	1	69167	1	0	next	false_alarm	137
MAXED_1012	35	Pulse	99	1260000	6165	NA
MAXED_1012	35	Pulse	99	1280000	26165	NA
MAXED_1012	35	Pulse	99	1300000	46165	NA
MAXED_1012	35	Pulse	99	1320000	66165	NA
MAXED_1012	35	Response	88	1322868	69033	1
MAXED_1012	36	Picture	instructions_36	1323002	0	1	91667	1	0	next	false_alarm	143
MAXED_1012	36	Pulse	99	1340000	16998	NA
MAXED_1012	36	Pulse	99	1360000	36998	NA
MAXED_1012	36	Pulse	99	1380000	56998	NA
MAXED_1012	36	Pulse	99	1400000	76998	NA
MAXED_1012	36	Response	88	1414548	91546	1
MAXED_1012	37	Picture	instructions_37	1414669	0	1	32000	1	0	next	false_alarm	147
MAXED_1012	37	Pulse	99	1420000	5331	NA
MAXED_1012	37	Pulse	99	1440000	25331	NA
MAXED_1012	37	Response	88	1446468	31799	1
MAXED_1012	38	Picture	instructions_38	1446669	0	1	25167	1	0	next	false_alarm	150
MAXED_1012	38	Pulse	99	1460000	13331	NA
MAXED_1012	38	Response	88	1471668	24999	1
MAXED_1012	39	Picture	instructions_39	1471835	0	1	26167	1	0	next	false_alarm	153
MAXED_1012	39	Pulse	99	1480000	8165	NA
MAXED_1012	39	Response	88	1497828	25993	1
MAXED_1012	40	Picture	instructions_40	1498002	0	1	33167	1	0	next	false_alarm	157
MAXED_1012	40	Pulse	99	1500000	1998	NA
MAXED_1012	40	Pulse	99	1520000	21998	NA
MAXED_1012	40	Response	88	1530948	32946	1
MAXED_1012	41	Picture	instructions_41	1531169	0	1	13833	1	0	next	false_alarm	160
MAXED_1012	41	Pulse	99	1540000	8831	NA
MAXED_1012	41	Response	88	1544868	13699	1
MAXED_1012	42	Picture	instructions_42	1545002	0	1	26333	1	0	next	false_alarm	163
MAXED_1012	42	Pulse	99	1560000	14998	NA
MAXED_1012	42	Response	88	1571268	26266	1
MAXED_1012	43	Picture	instructions_43	1571335	0	1	24167	1	0	next	false_alarm	166
MAXED_1012	43	Pulse	99	1580000	8665	NA
MAXED_1012	43	Response	88	1595428	24093	1
MAXED_1012	44	Picture	instructions_44	1595502	0	1	11667	1	0	next	false_alarm	169
MAXED_1012	44	Pulse	99	1600000	4498	NA
MAXED_1012	44	Response	88	1606948	11446	1
MAXED_1012	45	Picture	instructions_45	1607169	0	1	12833	1	0	next	false_alarm	171
MAXED_1012	45	Response	88	1619828	12659	1
MAXED_1012	45	Pulse	99	1620000	12831	NA
MAXED_1012	46	Picture	instructions_46	1620002	0	1	27167	1	0	next	false_alarm	175
MAXED_1012	46	Pulse	99	1640000	19998	NA
MAXED_1012	46	Response	88	1647028	27026	1
MAXED_1012	47	Picture	fixation	1647169	0	1	5167	1	0	next	other	0
MAXED_1012	48	Picture	stage1	1652336	0	1	15833	1	0	next	false_alarm	179
MAXED_1012	48	Pulse	99	1660000	7664	NA
MAXED_1012	48	Response	2	1668068	15732	1
MAXED_1012	49	Picture	stage1_box	1668169	0	1	7667	1	0	next	other	0
MAXED_1012	50	Picture	stage1_outcome	1675836	0	1	167	1	0	next	other	0
MAXED_1012	51	Picture	stage2B	1676002	0	1	9000	1	0	next	false_alarm	184
MAXED_1012	51	Pulse	99	1680000	3998	NA
MAXED_1012	51	Response	1	1684868	8866	1
MAXED_1012	52	Picture	stage2_box	1685002	0	1	7667	1	0	next	other	0
MAXED_1012	53	Picture	stage2_up	1692669	0	1	7667	1	0	next	other	0
MAXED_1012	53	Pulse	99	1700000	7331	NA
MAXED_1012	54	Picture	stage2_win	1700336	0	1	10167	1	0	next	other	0
MAXED_1012	55	Picture	stage1	1710502	0	1	5000	1	0	next	false_alarm	190
MAXED_1012	55	Response	2	1715428	4925	1
MAXED_1012	56	Picture	stage1_box	1715502	0	1	7667	1	0	next	other	0
MAXED_1012	56	Pulse	99	1720000	4498	NA
MAXED_1012	57	Picture	stage1_outcome	1723169	0	1	167	1	0	next	other	0
MAXED_1012	58	Picture	stage2B	1723336	0	1	6167	1	0	next	false_alarm	195
MAXED_1012	58	Response	1	1729348	6012	1
MAXED_1012	59	Picture	stage2_box	1729502	0	1	7667	1	0	next	other	0
MAXED_1012	60	Picture	stage2_up	1737169	0	1	7667	1	0	next	other	0
MAXED_1012	60	Pulse	99	1740000	2831	NA
MAXED_1012	61	Picture	stage2_win	1744836	0	1	10167	1	0	next	other	0
MAXED_1012	62	Picture	stage1	1755002	0	1	5167	1	0	next	false_alarm	202
MAXED_1012	62	Pulse	99	1760000	4998	NA
MAXED_1012	62	Response	2	1760068	5066	1
MAXED_1012	63	Picture	stage1_box	1760169	0	1	7667	1	0	next	other	0
MAXED_1012	64	Picture	stage1_outcome	1767836	0	1	167	1	0	next	other	0
MAXED_1012	65	Picture	stage2B	1768002	0	1	4833	1	0	next	false_alarm	206
MAXED_1012	65	Response	1	1772788	4786	1
MAXED_1012	66	Picture	stage2_box	1772836	0	1	7667	1	0	next	other	0
MAXED_1012	66	Pulse	99	1780000	7164	NA
MAXED_1012	67	Picture	stage2_up	1780502	0	1	7667	1	0	next	other	0
MAXED_1012	68	Picture	stage2_win	1788169	0	1	10167	1	0	next	other	0
MAXED_1012	69	Picture	stage1	1798336	0	1	5500	1	0	next	false_alarm	213
MAXED_1012	69	Pulse	99	1800000	1664	NA
MAXED_1012	69	Response	2	1803748	5412	1
MAXED_1012	70	Picture	stage1_box	1803836	0	1	7667	1	0	next	other	0
MAXED_1012	71	Picture	stage1_outcome	1811503	0	1	167	1	0	next	other	0
MAXED_1012	72	Picture	stage2A	1811669	0	1	4333	1	0	next	false_alarm	217
MAXED_1012	72	Response	1	1815828	4159	1
MAXED_1012	73	Picture	stage2_box	1816003	0	1	7667	1	0	next	other	0
MAXED_1012	73	Pulse	99	1820000	3998	NA
MAXED_1012	74	Picture	stage2_up	1823669	0	1	7667	1	0	next	other	0
MAXED_1012	75	Picture	stage2_lose	1831336	0	1	10167	1	0	next	other	0
MAXED_1012	75	Pulse	99	1840000	8664	NA
MAXED_1012	76	Picture	stage1	1841503	0	1	6000	1	0	next	false_alarm	224
MAXED_1012	76	Response	2	1847348	5846	1
MAXED_1012	77	Picture	stage1_box	1847503	0	1	7667	1	0	next	other	0
MAXED_1012	78	Picture	stage1_outcome	1855169	0	1	167	1	0	next	other	0
MAXED_1012	79	Picture	stage2B	1855336	0	1	5167	1	0	next	false_alarm	229
MAXED_1012	79	Pulse	99	1860000	4664	NA
MAXED_1012	79	Response	1	1860468	5132	1
MAXED_1012	80	Picture	stage2_box	1860503	0	1	7667	1	0	next	other	0
MAXED_1012	81	Picture	stage2_up	1868169	0	1	7667	1	0	next	other	0
MAXED_1012	82	Picture	stage2_lose	1875836	0	1	10167	1	0	next	other	0
MAXED_1012	82	Pulse	99	1880000	4164	NA
MAXED_1012	83	Picture	stage1	1886003	0	1	6000	1	0	next	false_alarm	235
MAXED_1012	83	Response	2	1891829	5826	1
MAXED_1012	84	Picture	stage1_box	1892003	0	1	7667	1	0	next	other	0
MAXED_1012	85	Picture	stage1_outcome	1899669	0	1	167	1	0	next	other	0
MAXED_1012	86	Picture	stage2B	1899836	0	1	6333	1	0	next	false_alarm	240
MAXED_1012	86	Pulse	99	1900000	164	NA
MAXED_1012	86	Response	2	1906068	6232	1
MAXED_1012	87	Picture	stage2_box	1906169	0	1	7667	1	0	next	other	0
MAXED_1012	88	Picture	stage2_up	1913836	0	1	7667	1	0	next	other	0
MAXED_1012	88	Pulse	99	1920000	6164	NA
MAXED_1012	89	Picture	stage2_lose	1921503	0	1	10167	1	0	next	other	0
MAXED_1012	90	Picture	stage1	1931669	0	1	4667	1	0	next	false_alarm	246
MAXED_1012	90	Response	1	1936228	4559	1
MAXED_1012	91	Picture	stage1_box	1936336	0	1	7667	1	0	next	other	0
MAXED_1012	91	Pulse	99	1940000	3664	NA
MAXED_1012	92	Picture	stage1_outcome	1944003	0	1	167	1	0	next	other	0
MAXED_1012	93	Picture	stage2A	1944169	0	1	6833	1	0	next	false_alarm	251
MAXED_1012	93	Response	2	1950948	6779	1
MAXED_1012	94	Picture	stage2_box	1951003	0	1	7667	1	0	next	other	0
MAXED_1012	95	Picture	stage2_up	1958669	0	1	7667	1	0	next	other	0
MAXED_1012	95	Pulse	99	1960000	1331	NA
MAXED_1012	96	Picture	stage2_lose	1966336	0	1	10167	1	0	next	other	0
MAXED_1012	97	Picture	stage1	1976503	0	1	4000	1	0	next	false_alarm	258
MAXED_1012	97	Pulse	99	1980000	3497	NA
MAXED_1012	97	Response	2	1980468	3966	1
MAXED_1012	98	Picture	stage1_box	1980503	0	1	7667	1	0	next	other	0
MAXED_1012	99	Picture	stage1_outcome	1988169	0	1	167	1	0	next	other	0
MAXED_1012	100	Picture	stage2B	1988336	0	1	4667	1	0	next	false_alarm	262
MAXED_1012	100	Response	1	1992948	4612	1
MAXED_1012	101	Picture	stage2_box	1993003	0	1	7667	1	0	next	other	0
MAXED_1012	101	Pulse	99	2000000	6997	NA
MAXED_1012	102	Picture	stage2_up	2000669	0	1	7667	1	0	next	other	0
MAXED_1012	103	Picture	stage2_win	2008336	0	1	10167	1	0	next	other	0
MAXED_1012	104	Picture	stage1	2018503	0	1	4667	1	0	next	false_alarm	269
MAXED_1012	104	Pulse	99	2020000	1497	NA
MAXED_1012	104	Response	2	2023108	4605	1
MAXED_1012	105	Picture	stage1_box	2023169	0	1	7667	1	0	next	other	0
MAXED_1012	106	Picture	stage1_outcome	2030836	0	1	167	1	0	next	other	0
MAXED_1012	107	Picture	stage2B	2031003	0	1	6500	1	0	next	false_alarm	273
MAXED_1012	107	Response	1	2037428	6425	1
MAXED_1012	108	Picture	stage2_box	2037503	0	1	7667	1	0	next	other	0
MAXED_1012	108	Pulse	99	2040000	2497	NA
MAXED_1012	109	Picture	stage2_up	2045170	0	1	7667	1	0	next	other	0
MAXED_1012	110	Picture	stage2_lose	2052836	0	1	10167	1	0	next	other	0
MAXED_1012	110	Pulse	99	2060000	7164	NA
MAXED_1012	111	Picture	stage1	2063003	0	1	6000	1	0	next	false_alarm	280
MAXED_1012	111	Response	2	2068948	5945	1
MAXED_1012	112	Picture	stage1_box	2069003	0	1	7667	1	0	next	other	0
MAXED_1012	113	Picture	stage1_outcome	2076670	0	1	167	1	0	next	other	0
MAXED_1012	114	Picture	stage2B	2076836	0	1	5667	1	0	next	false_alarm	285
MAXED_1012	114	Pulse	99	2080000	3164	NA
MAXED_1012	114	Response	2	2082468	5632	1
MAXED_1012	115	Picture	stage2_box	2082503	0	1	7667	1	0	next	other	0
MAXED_1012	116	Picture	stage2_up	2090170	0	1	7667	1	0	next	other	0
MAXED_1012	117	Picture	stage2_win	2097836	0	1	10167	1	0	next	other	0
MAXED_1012	117	Pulse	99	2100000	2164	NA
MAXED_1012	118	Picture	stage1	2108003	0	1	5000	1	0	next	false_alarm	291
MAXED_1012	118	Response	1	2112948	4945	1
MAXED_1012	119	Picture	stage1_box	2113003	0	1	7667	1	0	next	other	0
MAXED_1012	119	Pulse	99	2120000	6997	NA
MAXED_1012	120	Picture	stage1_outcome	2120670	0	1	167	1	0	next	other	0
MAXED_1012	121	Picture	stage2A	2120836	0	1	6333	1	0	next	false_alarm	296
MAXED_1012	121	Response	1	2127028	6192	1
MAXED_1012	122	Picture	stage2_box	2127170	0	1	7667	1	0	next	other	0
MAXED_1012	123	Picture	stage2_up	2134836	0	1	7667	1	0	next	other	0
MAXED_1012	123	Pulse	99	2140000	5164	NA
MAXED_1012	124	Picture	stage2_lose	2142503	0	1	10167	1	0	next	other	0
MAXED_1012	125	Picture	stage1	2152670	0	1	5333	1	0	next	false_alarm	302
MAXED_1012	125	Response	2	2157828	5159	1
MAXED_1012	126	Picture	stage1_box	2158003	0	1	7667	1	0	next	other	0
MAXED_1012	126	Pulse	99	2160000	1997	NA
MAXED_1012	127	Picture	stage1_outcome	2165670	0	1	167	1	0	next	other	0
MAXED_1012	128	Picture	stage2B	2165836	0	1	5000	1	0	next	false_alarm	307
MAXED_1012	128	Response	1	2170708	4872	1
MAXED_1012	129	Picture	stage2_box	2170836	0	1	7667	1	0	next	other	0
MAXED_1012	130	Picture	stage2_up	2178503	0	1	7667	1	0	next	other	0
MAXED_1012	130	Pulse	99	2180000	1497	NA
MAXED_1012	131	Picture	stage2_win	2186170	0	1	10167	1	0	next	other	0
MAXED_1012	132	Picture	stage1	2196336	0	1	5833	1	0	next	false_alarm	314
MAXED_1012	132	Pulse	99	2200000	3664	NA
MAXED_1012	132	Response	2	2202068	5732	1
MAXED_1012	133	Picture	stage1_box	2202170	0	1	7667	1	0	next	other	0
MAXED_1012	134	Picture	stage1_outcome	2209836	0	1	167	1	0	next	other	0
MAXED_1012	135	Picture	stage2A	2210003	0	1	4000	1	0	next	false_alarm	318
MAXED_1012	135	Response	1	2213908	3905	1
MAXED_1012	136	Picture	stage2_box	2214003	0	1	7667	1	0	next	other	0
MAXED_1012	136	Pulse	99	2220000	5997	NA
MAXED_1012	137	Picture	stage2_up	2221670	0	1	7667	1	0	next	other	0
MAXED_1012	138	Picture	stage2_win	2229336	0	1	10167	1	0	next	other	0
MAXED_1012	139	Picture	stage1	2239503	0	1	4667	1	0	next	false_alarm	325
MAXED_1012	139	Pulse	99	2240000	497	NA
MAXED_1012	139	Response	2	2244068	4565	1
MAXED_1012	140	Picture	stage1_box	2244170	0	1	7667	1	0	next	other	0
MAXED_1012	141	Picture	stage1_outcome	2251837	0	1	167	1	0	next	other	0
MAXED_1012	142	Picture	stage2B	2252003	0	1	6333	1	0	next	false_alarm	329
MAXED_1012	142	Response	1	2258148	6145	1
MAXED_1012	143	Picture	stage2_box	2258337	0	1	7667	1	0	next	other	0
MAXED_1012	143	Pulse	99	2260000	1663	NA
MAXED_1012	144	Picture	stage2_up	2266003	0	1	7667	1	0	next	other	0
MAXED_1012	145	Picture	stage2_win	2273670	0	1	10167	1	0	next	other	0
MAXED_1012	145	Pulse	99	2280000	6330	NA
MAXED_1012	146	Picture	stage1	2283837	0	1	7000	1	0	next	false_alarm	336
MAXED_1012	146	Response	2	2290708	6872	1
MAXED_1012	147	Picture	stage1_box	2290837	0	1	7667	1	0	next	other	0
MAXED_1012	148	Picture	stage1_outcome	2298503	0	1	167	1	0	next	other	0
MAXED_1012	149	Picture	stage2B	2298670	0	1	3333	1	0	next	false_alarm	341
MAXED_1012	149	Pulse	99	2300000	1330	NA
MAXED_1012	149	Response	1	2301828	3158	1
MAXED_1012	150	Picture	stage2_box	2302003	0	1	7667	1	0	next	other	0
MAXED_1012	151	Picture	stage2_up	2309670	0	1	7667	1	0	next	other	0
MAXED_1012	152	Picture	stage2_win	2317337	0	1	10167	1	0	next	other	0
MAXED_1012	152	Pulse	99	2320000	2663	NA
MAXED_1012	153	Picture	stage1	2327503	0	1	4833	1	0	next	false_alarm	347
MAXED_1012	153	Response	2	2332148	4645	1
MAXED_1012	154	Picture	stage1_box	2332337	0	1	7667	1	0	next	other	0
MAXED_1012	154	Pulse	99	2340000	7663	NA
MAXED_1012	155	Picture	stage1_outcome	2340003	0	1	167	1	0	next	other	0
MAXED_1012	156	Picture	stage2B	2340170	0	1	3500	1	0	next	false_alarm	352
MAXED_1012	156	Response	1	2343508	3338	1
MAXED_1012	157	Picture	stage2_box	2343670	0	1	7667	1	0	next	other	0
MAXED_1012	158	Picture	stage2_up	2351337	0	1	7667	1	0	next	other	0
MAXED_1012	159	Picture	stage2_win	2359003	0	1	10167	1	0	next	other	0
MAXED_1012	159	Pulse	99	2360000	997	NA
MAXED_1012	160	Picture	stage1	2369170	0	1	5500	1	0	next	false_alarm	358
MAXED_1012	160	Response	2	2374628	5458	1
MAXED_1012	161	Picture	stage1_box	2374670	0	1	7667	1	0	next	other	0
MAXED_1012	161	Pulse	99	2380000	5330	NA
MAXED_1012	162	Picture	stage1_outcome	2382337	0	1	167	1	0	next	other	0
MAXED_1012	163	Picture	stage2B	2382503	0	1	5833	1	0	next	false_alarm	363
MAXED_1012	163	Response	1	2388148	5645	1
MAXED_1012	164	Picture	stage2_box	2388337	0	1	7667	1	0	next	other	0
MAXED_1012	165	Picture	stage2_up	2396003	0	1	7667	1	0	next	other	0
MAXED_1012	165	Pulse	99	2400000	3997	NA
MAXED_1012	166	Picture	stage2_win	2403670	0	1	10167	1	0	next	other	0
MAXED_1012	167	Picture	stage1	2413837	0	1	4833	1	0	next	false_alarm	369
MAXED_1012	167	Response	2	2418629	4792	1
MAXED_1012	168	Picture	stage1_box	2418670	0	1	7667	1	0	next	other	0
MAXED_1012	168	Pulse	99	2420000	1330	NA
MAXED_1012	169	Picture	stage1_outcome	2426337	0	1	167	1	0	next	other	0
MAXED_1012	170	Picture	stage2A	2426503	0	1	8167	1	0	next	false_alarm	374
MAXED_1012	170	Response	2	2434548	8045	1
MAXED_1012	171	Picture	stage2_box	2434670	0	1	7667	1	0	next	other	0
MAXED_1012	171	Pulse	99	2440000	5330	NA
MAXED_1012	172	Picture	stage2_up	2442337	0	1	7667	1	0	next	other	0
MAXED_1012	173	Picture	stage2_win	2450003	0	1	10167	1	0	next	other	0
MAXED_1012	173	Pulse	99	2460000	9997	NA
MAXED_1012	174	Picture	stage1	2460170	0	1	4833	1	0	next	false_alarm	381
MAXED_1012	174	Response	2	2464869	4699	1
MAXED_1012	175	Picture	stage1_box	2465003	0	1	7667	1	0	next	other	0
MAXED_1012	176	Picture	stage1_outcome	2472670	0	1	167	1	0	next	other	0
MAXED_1012	177	Picture	stage2A	2472837	0	1	7500	1	0	next	false_alarm	386
MAXED_1012	177	Pulse	99	2480000	7163	NA
MAXED_1012	177	Response	2	2480148	7312	1
MAXED_1012	178	Picture	stage2_box	2480337	0	1	7667	1	0	next	other	0
MAXED_1012	179	Picture	stage2_up	2488004	0	1	7667	1	0	next	other	0
MAXED_1012	180	Picture	stage2_lose	2495670	0	1	10167	1	0	next	other	0
MAXED_1012	180	Pulse	99	2500000	4330	NA
MAXED_1012	181	Picture	stage1	2505837	0	1	4000	1	0	next	false_alarm	392
MAXED_1012	181	Response	2	2509748	3911	1
MAXED_1012	182	Picture	stage1_box	2509837	0	1	7667	1	0	next	other	0
MAXED_1012	183	Picture	stage1_outcome	2517504	0	1	167	1	0	next	other	0
MAXED_1012	184	Picture	stage2A	2517670	0	1	8000	1	0	next	false_alarm	397
MAXED_1012	184	Pulse	99	2520000	2330	NA
MAXED_1012	184	Response	1	2525588	7918	1
MAXED_1012	185	Picture	stage2_box	2525670	0	1	7667	1	0	next	other	0
MAXED_1012	186	Picture	stage2_up	2533337	0	1	7667	1	0	next	other	0
MAXED_1012	186	Pulse	99	2540000	6663	NA
MAXED_1012	187	Picture	stage2_lose	2541004	0	1	10167	1	0	next	other	0
MAXED_1012	188	Picture	stage1	2551170	0	1	4667	1	0	next	false_alarm	403
MAXED_1012	188	Response	2	2555748	4578	1
MAXED_1012	189	Picture	stage1_box	2555837	0	1	7667	1	0	next	other	0
MAXED_1012	189	Pulse	99	2560000	4163	NA
MAXED_1012	190	Picture	stage1_outcome	2563504	0	1	167	1	0	next	other	0
MAXED_1012	191	Picture	stage2B	2563670	0	1	5000	1	0	next	false_alarm	408
MAXED_1012	191	Response	1	2568628	4958	1
MAXED_1012	192	Picture	stage2_box	2568670	0	1	7667	1	0	next	other	0
MAXED_1012	193	Picture	stage2_up	2576337	0	1	7667	1	0	next	other	0
MAXED_1012	193	Pulse	99	2580000	3663	NA
MAXED_1012	194	Picture	stage2_win	2584004	0	1	10167	1	0	next	other	0
MAXED_1012	195	Picture	stage1	2594170	0	1	5167	1	0	next	false_alarm	414
MAXED_1012	195	Response	2	2599188	5018	1
MAXED_1012	196	Picture	stage1_box	2599337	0	1	7667	1	0	next	other	0
MAXED_1012	196	Pulse	99	2600000	663	NA
MAXED_1012	197	Picture	stage1_outcome	2607004	0	1	167	1	0	next	other	0
MAXED_1012	198	Picture	stage2A	2607170	0	1	4500	1	0	next	false_alarm	419
MAXED_1012	198	Response	1	2611508	4338	1
MAXED_1012	199	Picture	stage2_box	2611670	0	1	7667	1	0	next	other	0
MAXED_1012	200	Picture	stage2_up	2619337	0	1	7667	1	0	next	other	0
MAXED_1012	200	Pulse	99	2620000	663	NA
MAXED_1012	201	Picture	stage2_lose	2627004	0	1	10167	1	0	next	other	0
MAXED_1012	202	Picture	stage1	2637170	0	1	3333	1	0	next	false_alarm	426
MAXED_1012	202	Pulse	99	2640000	2830	NA
MAXED_1012	202	Response	2	2640469	3298	1
MAXED_1012	203	Picture	stage1_box	2640504	0	1	7667	1	0	next	other	0
MAXED_1012	204	Picture	stage1_outcome	2648170	0	1	167	1	0	next	other	0
MAXED_1012	205	Picture	stage2B	2648337	0	1	3667	1	0	next	false_alarm	430
MAXED_1012	205	Response	1	2651908	3571	1
MAXED_1012	206	Picture	stage2_box	2652004	0	1	7667	1	0	next	other	0
MAXED_1012	207	Picture	stage2_up	2659670	0	1	7667	1	0	next	other	0
MAXED_1012	207	Pulse	99	2660000	330	NA
MAXED_1012	208	Picture	stage2_win	2667337	0	1	10167	1	0	next	other	0
MAXED_1012	209	Picture	stage1	2677504	0	1	6167	1	0	next	false_alarm	437
MAXED_1012	209	Pulse	99	2680000	2496	NA
MAXED_1012	209	Response	2	2683509	6005	1
MAXED_1012	210	Picture	stage1_box	2683670	0	1	7667	1	0	next	other	0
MAXED_1012	211	Picture	stage1_outcome	2691337	0	1	167	1	0	next	other	0
MAXED_1012	212	Picture	stage2B	2691504	0	1	3833	1	0	next	false_alarm	441
MAXED_1012	212	Response	1	2695188	3684	1
MAXED_1012	213	Picture	stage2_box	2695337	0	1	7667	1	0	next	other	0
MAXED_1012	213	Pulse	99	2700000	4663	NA
MAXED_1012	214	Picture	stage2_up	2703004	0	1	7667	1	0	next	other	0
MAXED_1012	215	Picture	stage2_win	2710671	0	1	10167	1	0	next	other	0
MAXED_1012	215	Pulse	99	2720000	9329	NA
MAXED_1012	216	Picture	stage1	2720837	0	1	3833	1	0	next	false_alarm	448
MAXED_1012	216	Response	2	2724548	3711	1
MAXED_1012	217	Picture	stage1_box	2724671	0	1	7667	1	0	next	other	0
MAXED_1012	218	Picture	stage1_outcome	2732337	0	1	167	1	0	next	other	0
MAXED_1012	219	Picture	stage2B	2732504	0	1	4500	1	0	next	false_alarm	452
MAXED_1012	219	Response	1	2736868	4365	1
MAXED_1012	220	Picture	stage2_box	2737004	0	1	7667	1	0	next	other	0
MAXED_1012	220	Pulse	99	2740000	2996	NA
MAXED_1012	221	Picture	stage2_up	2744671	0	1	7667	1	0	next	other	0
MAXED_1012	222	Picture	stage2_win	2752337	0	1	10167	1	0	next	other	0
MAXED_1012	222	Pulse	99	2760000	7663	NA
MAXED_1012	223	Pulse	99	2780000	17496	NA
MAXED_1012	223	Pulse	99	2800000	37496	NA
MAXED_1012	223	Pulse	99	2820000	57496	NA
MAXED_1012	223	Pulse	99	2840000	77496	NA
MAXED_1012	223	Pulse	99	2860000	97496	NA
MAXED_1012	223	Pulse	99	2880000	117496	NA
MAXED_1012	223	Pulse	99	2900000	137496	NA
MAXED_1012	223	Pulse	99	2920000	157496	NA
MAXED_1012	223	Pulse	99	2940000	177496	NA
MAXED_1012	223	Pulse	99	2960000	197496	NA
MAXED_1012	223	Pulse	99	2980000	217496	NA
MAXED_1012	223	Pulse	99	3000000	237496	NA
MAXED_1012	223	Pulse	99	3020000	257496	NA
MAXED_1012	223	Pulse	99	3040000	277496	NA
MAXED_1012	223	Pulse	99	3060000	297496	NA
MAXED_1012	223	Pulse	99	3080000	317496	NA
MAXED_1012	223	Pulse	99	3100000	337496	NA
MAXED_1012	223	Pulse	99	3120000	357496	NA
MAXED_1012	223	Pulse	99	3140000	377496	NA
MAXED_1012	223	Pulse	99	3160000	397496	NA
MAXED_1012	223	Pulse	99	3180000	417496	NA
MAXED_1012	223	Pulse	99	3200000	437496	NA
MAXED_1012	223	Pulse	99	3220000	457496	NA
MAXED_1012	223	Pulse	99	3240000	477496	NA
MAXED_1012	223	Pulse	99	3260000	497496	NA
MAXED_1012	223	Pulse	99	3280000	517496	NA
MAXED_1012	223	Pulse	99	3300000	537496	NA
MAXED_1012	223	Pulse	99	3320000	557496	NA
MAXED_1012	223	Pulse	99	3340000	577496	NA
MAXED_1012	223	Pulse	99	3360000	597496	NA
MAXED_1012	223	Pulse	99	3380000	617496	NA
MAXED_1012	223	Pulse	99	3400000	637496	NA
MAXED_1012	223	Pulse	99	3420000	657496	NA
MAXED_1012	223	Pulse	99	3440000	677496	NA
MAXED_1012	223	Pulse	99	3460000	697496	NA
MAXED_1012	223	Pulse	99	3480000	717496	NA
MAXED_1012	223	Pulse	99	3500000	737496	NA
MAXED_1012	223	Pulse	99	3520000	757496	NA
MAXED_1012	223	Pulse	99	3540000	777496	NA
MAXED_1012	223	Pulse	99	3560000	797496	NA
MAXED_1012	223	Pulse	99	3580000	817496	NA
MAXED_1012	223	Pulse	99	3600000	837496	NA
MAXED_1012	223	Pulse	99	3620000	857496	NA
MAXED_1012	223	Pulse	99	3640000	877496	NA
MAXED_1012	223	Pulse	99	3660000	897496	NA
MAXED_1012	223	Pulse	99	3680000	917496	NA
MAXED_1012	223	Pulse	99	3700000	937496	NA
MAXED_1012	223	Pulse	99	3720000	957496	NA
MAXED_1012	223	Pulse	99	3740000	977496	NA
MAXED_1012	223	Pulse	99	3760000	997496	NA
MAXED_1012	223	Pulse	99	3780000	1017496	NA
MAXED_1012	223	Pulse	99	3800000	1037496	NA
MAXED_1012	223	Pulse	99	3820000	1057496	NA
MAXED_1012	223	Pulse	99	3840000	1077496	NA
MAXED_1012	223	Pulse	99	3860000	1097496	NA
MAXED_1012	223	Pulse	99	3880000	1117496	NA
MAXED_1012	223	Pulse	99	3900000	1137496	NA
MAXED_1012	223	Pulse	99	3920000	1157496	NA
MAXED_1012	223	Pulse	99	3940000	1177496	NA
MAXED_1012	223	Pulse	99	3960000	1197496	NA
MAXED_1012	223	Pulse	99	3980000	1217496	NA
MAXED_1012	223	Pulse	99	4000000	1237496	NA
MAXED_1012	223	Pulse	99	4020000	1257496	NA
MAXED_1012	223	Pulse	99	4040000	1277496	NA
MAXED_1012	223	Pulse	99	4060000	1297496	NA
MAXED_1012	223	Pulse	99	4080000	1317496	NA
MAXED_1012	223	Pulse	99	4100000	1337496	NA
MAXED_1012	223	Pulse	99	4120000	1357496	NA
MAXED_1012	223	Pulse	99	4140000	1377496	NA
MAXED_1012	223	Pulse	99	4160000	1397496	NA
MAXED_1012	223	Pulse	99	4180000	1417496	NA
MAXED_1012	223	Pulse	99	4200000	1437496	NA
MAXED_1012	223	Pulse	99	4220000	1457496	NA
MAXED_1012	223	Pulse	99	4240000	1477496	NA
MAXED_1012	223	Pulse	99	4260000	1497496	NA
MAXED_1012	223	Pulse	99	4280000	1517496	NA
MAXED_1012	223	Pulse	99	4300000	1537496	NA
MAXED_1012	223	Pulse	99	4320000	1557496	NA
MAXED_1012	223	Pulse	99	4340000	1577496	NA
MAXED_1012	223	Pulse	99	4360000	1597496	NA
MAXED_1012	223	Pulse	99	4380000	1617496	NA
MAXED_1012	223	Pulse	99	4400000	1637496	NA
MAXED_1012	223	Pulse	99	4420000	1657496	NA
MAXED_1012	223	Pulse	99	4440000	1677496	NA
MAXED_1012	223	Pulse	99	4460000	1697496	NA
MAXED_1012	223	Pulse	99	4480000	1717496	NA
MAXED_1012	223	Pulse	99	4500000	1737496	NA
MAXED_1012	223	Pulse	99	4520000	1757496	NA
MAXED_1012	223	Pulse	99	4540000	1777496	NA
MAXED_1012	223	Pulse	99	4560000	1797496	NA
MAXED_1012	223	Pulse	99	4580000	1817496	NA
MAXED_1012	223	Pulse	99	4600000	1837496	NA
MAXED_1012	223	Pulse	99	4620000	1857496	NA
MAXED_1012	223	Pulse	99	4640000	1877496	NA
MAXED_1012	223	Pulse	99	4660000	1897496	NA
MAXED_1012	223	Pulse	99	4680000	1917496	NA
MAXED_1012	223	Pulse	99	4700000	1937496	NA
MAXED_1012	223	Pulse	99	4720000	1957496	NA
MAXED_1012	223	Pulse	99	4740000	1977496	NA
MAXED_1012	223	Pulse	99	4760000	1997496	NA
MAXED_1012	223	Pulse	99	4780000	2017496	NA
MAXED_1012	223	Pulse	99	4800000	2037496	NA
MAXED_1012	223	Pulse	99	4820000	2057496	NA
MAXED_1012	223	Pulse	99	4840000	2077496	NA
MAXED_1012	223	Pulse	99	4860000	2097496	NA
MAXED_1012	223	Pulse	99	4880000	2117496	NA
MAXED_1012	223	Pulse	99	4900000	2137496	NA
MAXED_1012	223	Pulse	99	4920000	2157496	NA
MAXED_1012	223	Pulse	99	4940000	2177496	NA
MAXED_1012	223	Pulse	99	4960000	2197496	NA
MAXED_1012	223	Pulse	99	4980000	2217496	NA
MAXED_1012	223	Pulse	99	5000000	2237496	NA
MAXED_1012	223	Pulse	99	5020000	2257496	NA
MAXED_1012	223	Pulse	99	5040000	2277496	NA
MAXED_1012	223	Pulse	99	5060000	2297496	NA
MAXED_1012	223	Pulse	99	5080000	2317496	NA
MAXED_1012	223	Pulse	99	5100000	2337496	NA
MAXED_1012	223	Pulse	99	5120000	2357496	NA
MAXED_1012	223	Pulse	99	5140000	2377496	NA
MAXED_1012	223	Pulse	99	5160000	2397496	NA
MAXED_1012	223	Pulse	99	5180000	2417496	NA
MAXED_1012	223	Pulse	99	5200000	2437496	NA
MAXED_1012	223	Pulse	99	5220000	2457496	NA
MAXED_1012	223	Pulse	99	5240000	2477496	NA
MAXED_1012	223	Pulse	99	5260000	2497496	NA
MAXED_1012	223	Pulse	99	5280000	2517496	NA
MAXED_1012	223	Pulse	99	5300000	2537496	NA
MAXED_1012	223	Pulse	99	5320000	2557496	NA
MAXED_1012	223	Pulse	99	5340000	2577496	NA
MAXED_1012	223	Pulse	99	5360000	2597496	NA
MAXED_1012	223	Pulse	99	5380000	2617496	NA
MAXED_1012	223	Pulse	99	5400000	2637496	NA
MAXED_1012	223	Pulse	99	5420000	2657496	NA
MAXED_1012	223	Pulse	99	5440000	2677496	NA
MAXED_1012	223	Pulse	99	5460000	2697496	NA
MAXED_1012	223	Pulse	99	5480000	2717496	NA
MAXED_1012	223	Pulse	99	5500000	2737496	NA
MAXED_1012	223	Pulse	99	5520000	2757496	NA
MAXED_1012	223	Pulse	99	5540000	2777496	NA
MAXED_1012	223	Pulse	99	5560000	2797496	NA
MAXED_1012	223	Pulse	99	5580000	2817496	NA
MAXED_1012	223	Pulse	99	5600000	2837496	NA
MAXED_1012	223	Pulse	99	5620000	2857496	NA
MAXED_1012	223	Pulse	99	5640000	2877496	NA
MAXED_1012	223	Pulse	99	5660000	2897496	NA
MAXED_1012	223	Pulse	99	5680000	2917496	NA
MAXED_1012	223	Pulse	99	5700000	2937496	NA
MAXED_1012	223	Pulse	99	5720000	2957496	NA
MAXED_1012	223	Pulse	99	5740000	2977496	NA
MAXED_1012	223	Pulse	99	5760000	2997496	NA
MAXED_1012	223	Pulse	99	5780000	3017496	NA
MAXED_1012	223	Pulse	99	5800000	3037496	NA
MAXED_1012	223	Pulse	99	5820000	3057496	NA
MAXED_1012	223	Pulse	99	5840000	3077496	NA
MAXED_1012	223	Pulse	99	5860000	3097496	NA
MAXED_1012	223	Pulse	99	5880000	3117496	NA
MAXED_1012	223	Pulse	99	5900000	3137496	NA
MAXED_1012	223	Pulse	99	5920000	3157496	NA
MAXED_1012	223	Pulse	99	5940000	3177496	NA
MAXED_1012	223	Pulse	99	5960000	3197496	NA
MAXED_1012	223	Pulse	99	5980000	3217496	NA
MAXED_1012	223	Pulse	99	6000000	3237496	NA
MAXED_1012	223	Pulse	99	6020000	3257496	NA
MAXED_1012	223	Pulse	99	6040000	3277496	NA
MAXED_1012	223	Pulse	99	6060000	3297496	NA
MAXED_1012	223	Pulse	99	6080000	3317496	NA
MAXED_1012	223	Pulse	99	6100000	3337496	NA
MAXED_1012	223	Pulse	99	6120000	3357496	NA
MAXED_1012	223	Pulse	99	6140000	3377496	NA
MAXED_1012	223	Pulse	99	6160000	3397496	NA
MAXED_1012	223	Pulse	99	6180000	3417496	NA
MAXED_1012	223	Pulse	99	6200000	3437496	NA
MAXED_1012	223	Pulse	99	6220000	3457496	NA
MAXED_1012	223	Pulse	99	6240000	3477496	NA
MAXED_1012	223	Pulse	99	6260000	3497496	NA
MAXED_1012	223	Pulse	99	6280000	3517496	NA
MAXED_1012	223	Pulse	99	6300000	3537496	NA
MAXED_1012	223	Pulse	99	6320000	3557496	NA
MAXED_1012	223	Pulse	99	6340000	3577496	NA
MAXED_1012	223	Pulse	99	6360000	3597496	NA
MAXED_1012	223	Pulse	99	6380000	3617496	NA
MAXED_1012	223	Pulse	99	6400000	3637496	NA
MAXED_1012	223	Pulse	99	6420000	3657496	NA
MAXED_1012	223	Pulse	99	6440000	3677496	NA
MAXED_1012	223	Pulse	99	6460000	3697496	NA
MAXED_1012	223	Pulse	99	6480000	3717496	NA
MAXED_1012	223	Pulse	99	6500000	3737496	NA
MAXED_1012	223	Pulse	99	6520000	3757496	NA
MAXED_1012	223	Pulse	99	6540000	3777496	NA
MAXED_1012	223	Pulse	99	6560000	3797496	NA
MAXED_1012	223	Pulse	99	6580000	3817496	NA
MAXED_1012	223	Pulse	99	6600000	3837496	NA
MAXED_1012	223	Pulse	99	6620000	3857496	NA
MAXED_1012	223	Pulse	99	6640000	3877496	NA
MAXED_1012	223	Pulse	99	6660000	3897496	NA
MAXED_1012	223	Pulse	99	6680000	3917496	NA
MAXED_1012	223	Pulse	99	6700000	3937496	NA
MAXED_1012	223	Pulse	99	6720000	3957496	NA
MAXED_1012	223	Pulse	99	6740000	3977496	NA
MAXED_1012	223	Pulse	99	6760000	3997496	NA
MAXED_1012	223	Pulse	99	6780000	4017496	NA
MAXED_1012	223	Pulse	99	6800000	4037496	NA
MAXED_1012	223	Pulse	99	6820000	4057496	NA
MAXED_1012	223	Pulse	99	6840000	4077496	NA
MAXED_1012	223	Pulse	99	6860000	4097496	NA
MAXED_1012	223	Pulse	99	6880000	4117496	NA
MAXED_1012	223	Pulse	99	6900000	4137496	NA
MAXED_1012	223	Pulse	99	6920000	4157496	NA
MAXED_1012	223	Pulse	99	6940000	4177496	NA
MAXED_1012	223	Pulse	99	6960000	4197496	NA
MAXED_1012	223	Pulse	99	6980000	4217496	NA
MAXED_1012	223	Pulse	99	7000000	4237496	NA
MAXED_1012	223	Pulse	99	7020000	4257496	NA
MAXED_1012	223	Pulse	99	7040000	4277496	NA
MAXED_1012	223	Pulse	99	7060000	4297496	NA
MAXED_1012	223	Pulse	99	7080000	4317496	NA
MAXED_1012	223	Pulse	99	7100000	4337496	NA
MAXED_1012	223	Pulse	99	7120000	4357496	NA
MAXED_1012	223	Pulse	99	7140000	4377496	NA
MAXED_1012	223	Pulse	99	7160000	4397496	NA
MAXED_1012	223	Pulse	99	7180000	4417496	NA
MAXED_1012	223	Pulse	99	7200000	4437496	NA
MAXED_1012	223	Pulse	99	7220000	4457496	NA
MAXED_1012	223	Pulse	99	7240000	4477496	NA
MAXED_1012	223	Pulse	99	7260000	4497496	NA
MAXED_1012	223	Pulse	99	7280000	4517496	NA
MAXED_1012	223	Pulse	99	7300000	4537496	NA
MAXED_1012	223	Pulse	99	7320000	4557496	NA
MAXED_1012	223	Pulse	99	7340000	4577496	NA
MAXED_1012	223	Pulse	99	7360000	4597496	NA
MAXED_1012	223	Pulse	99	7380000	4617496	NA
MAXED_1012	223	Pulse	99	7400000	4637496	NA
MAXED_1012	223	Pulse	99	7420000	4657496	NA
MAXED_1012	223	Pulse	99	7440000	4677496	NA
MAXED_1012	223	Pulse	99	7460000	4697496	NA
MAXED_1012	223	Pulse	99	7480000	4717496	NA
MAXED_1012	223	Pulse	99	7500000	4737496	NA
MAXED_1012	223	Pulse	99	7520000	4757496	NA
MAXED_1012	223	Pulse	99	7540000	4777496	NA
MAXED_1012	223	Pulse	99	7560000	4797496	NA
MAXED_1012	223	Pulse	99	7580000	4817496	NA
MAXED_1012	223	Pulse	99	7600000	4837496	NA
MAXED_1012	223	Pulse	99	7620000	4857496	NA
MAXED_1012	223	Pulse	99	7640000	4877496	NA
MAXED_1012	223	Pulse	99	7660000	4897496	NA
MAXED_1012	223	Pulse	99	7680000	4917496	NA
MAXED_1012	223	Pulse	99	7700000	4937496	NA
MAXED_1012	223	Pulse	99	7720000	4957496	NA
MAXED_1012	223	Pulse	99	7740000	4977496	NA
MAXED_1012	223	Pulse	99	7760000	4997496	NA
MAXED_1012	223	Pulse	99	7780000	5017496	NA
MAXED_1012	223	Pulse	99	7800000	5037496	NA
MAXED_1012	223	Pulse	99	7820000	5057496	NA
MAXED_1012	223	Pulse	99	7840000	5077496	NA
MAXED_1012	223	Pulse	99	7860000	5097496	NA
MAXED_1012	223	Pulse	99	7880000	5117496	NA
MAXED_1012	223	Pulse	99	7900000	5137496	NA
MAXED_1012	223	Pulse	99	7920000	5157496	NA
MAXED_1012	223	Pulse	99	7940000	5177496	NA
MAXED_1012	223	Pulse	99	7960000	5197496	NA
MAXED_1012	223	Pulse	99	7980000	5217496	NA
MAXED_1012	223	Pulse	99	8000000	5237496	NA
MAXED_1012	223	Pulse	99	8020000	5257496	NA
MAXED_1012	223	Pulse	99	8040000	5277496	NA
MAXED_1012	223	Pulse	99	8060000	5297496	NA
MAXED_1012	223	Pulse	99	8080000	5317496	NA
MAXED_1012	223	Pulse	99	8100000	5337496	NA
MAXED_1012	223	Pulse	99	8120000	5357496	NA
MAXED_1012	223	Pulse	99	8140000	5377496	NA
MAXED_1012	223	Pulse	99	8160000	5397496	NA
MAXED_1012	223	Pulse	99	8180000	5417496	NA
MAXED_1012	223	Pulse	99	8200000	5437496	NA
MAXED_1012	223	Pulse	99	8220000	5457496	NA
MAXED_1012	223	Pulse	99	8240000	5477496	NA
MAXED_1012	223	Pulse	99	8260000	5497496	NA
MAXED_1012	223	Pulse	99	8280000	5517496	NA
MAXED_1012	223	Pulse	99	8300000	5537496	NA
MAXED_1012	223	Pulse	99	8320000	5557496	NA
MAXED_1012	223	Pulse	99	8340000	5577496	NA
MAXED_1012	223	Pulse	99	8360000	5597496	NA
MAXED_1012	223	Pulse	99	8380000	5617496	NA
MAXED_1012	223	Pulse	99	8400000	5637496	NA
MAXED_1012	223	Pulse	99	8420000	5657496	NA
MAXED_1012	223	Pulse	99	8440000	5677496	NA
MAXED_1012	223	Pulse	99	8460000	5697496	NA
MAXED_1012	223	Pulse	99	8480000	5717496	NA
MAXED_1012	223	Pulse	99	8500000	5737496	NA
MAXED_1012	223	Pulse	99	8520000	5757496	NA
MAXED_1012	223	Pulse	99	8540000	5777496	NA
MAXED_1012	223	Pulse	99	8560000	5797496	NA
MAXED_1012	223	Pulse	99	8580000	5817496	NA
MAXED_1012	223	Pulse	99	8600000	5837496	NA
MAXED_1012	223	Pulse	99	8620000	5857496	NA
MAXED_1012	223	Pulse	99	8640000	5877496	NA
MAXED_1012	223	Pulse	99	8660000	5897496	NA
MAXED_1012	223	Pulse	99	8680000	5917496	NA
MAXED_1012	223	Pulse	99	8700000	5937496	NA
MAXED_1012	223	Pulse	99	8720000	5957496	NA
MAXED_1012	223	Pulse	99	8740000	5977496	NA
MAXED_1012	223	Pulse	99	8760000	5997496	NA
MAXED_1012	223	Pulse	99	8780000	6017496	NA
MAXED_1012	223	Pulse	99	8800000	6037496	NA
MAXED_1012	223	Pulse	99	8820000	6057496	NA
MAXED_1012	223	Pulse	99	8840000	6077496	NA
MAXED_1012	223	Pulse	99	8860000	6097496	NA
MAXED_1012	223	Pulse	99	8880000	6117496	NA
MAXED_1012	223	Pulse	99	8900000	6137496	NA
MAXED_1012	223	Pulse	99	8920000	6157496	NA
MAXED_1012	223	Pulse	99	8940000	6177496	NA
MAXED_1012	223	Pulse	99	8960000	6197496	NA
MAXED_1012	223	Pulse	99	8980000	6217496	NA
MAXED_1012	223	Pulse	99	9000000	6237496	NA
MAXED_1012	223	Pulse	99	9020000	6257496	NA
MAXED_1012	223	Pulse	99	9040000	6277496	NA
MAXED_1012	223	Pulse	99	9060000	6297496	NA
MAXED_1012	223	Pulse	99	9080000	6317496	NA
MAXED_1012	223	Pulse	99	9100000	6337496	NA
MAXED_1012	223	Pulse	99	9120000	6357496	NA
MAXED_1012	223	Pulse	99	9140000	6377496	NA
MAXED_1012	223	Pulse	99	9160000	6397496	NA
MAXED_1012	223	Pulse	99	9180000	6417496	NA
MAXED_1012	223	Pulse	99	9200000	6437496	NA
MAXED_1012	223	Pulse	99	9220000	6457496	NA
MAXED_1012	223	Pulse	99	9240000	6477496	NA
MAXED_1012	223	Pulse	99	9260000	6497496	NA
MAXED_1012	223	Pulse	99	9280000	6517496	NA
MAXED_1012	223	Pulse	99	9300000	6537496	NA
MAXED_1012	223	Pulse	99	9320000	6557496	NA
MAXED_1012	223	Pulse	99	9340000	6577496	NA
MAXED_1012	223	Pulse	99	9360000	6597496	NA
MAXED_1012	223	Pulse	99	9380000	6617496	NA
MAXED_1012	223	Pulse	99	9400000	6637496	NA
MAXED_1012	223	Pulse	99	9420000	6657496	NA
MAXED_1012	223	Pulse	99	9440000	6677496	NA
MAXED_1012	223	Pulse	99	9460000	6697496	NA
MAXED_1012	223	Pulse	99	9480000	6717496	NA
MAXED_1012	223	Pulse	99	9500000	6737496	NA
MAXED_1012	223	Pulse	99	9520000	6757496	NA
MAXED_1012	223	Pulse	99	9540000	6777496	NA
MAXED_1012	223	Pulse	99	9560000	6797496	NA
MAXED_1012	223	Pulse	99	9580000	6817496	NA
MAXED_1012	223	Pulse	99	9600000	6837496	NA
MAXED_1012	223	Pulse	99	9620000	6857496	NA
MAXED_1012	223	Pulse	99	9640000	6877496	NA
MAXED_1012	223	Pulse	99	9660000	6897496	NA
MAXED_1012	223	Pulse	99	9680000	6917496	NA
MAXED_1012	223	Pulse	99	9700000	6937496	NA
MAXED_1012	223	Pulse	99	9720000	6957496	NA
MAXED_1012	223	Pulse	99	9740000	6977496	NA
MAXED_1012	223	Pulse	99	9760000	6997496	NA
MAXED_1012	223	Pulse	99	9780000	7017496	NA
MAXED_1012	223	Pulse	99	9800000	7037496	NA
MAXED_1012	223	Pulse	99	9820000	7057496	NA
MAXED_1012	223	Pulse	99	9840000	7077496	NA
MAXED_1012	223	Pulse	99	9860000	7097496	NA
MAXED_1012	223	Pulse	99	9880000	7117496	NA
MAXED_1012	223	Pulse	99	9900000	7137496	NA
MAXED_1012	223	Pulse	99	9920000	7157496	NA
MAXED_1012	223	Pulse	99	9940000	7177496	NA
MAXED_1012	223	Pulse	99	9960000	7197496	NA
MAXED_1012	223	Pulse	99	9980000	7217496	NA
MAXED_1012	223	Pulse	99	10000000	7237496	NA
MAXED_1012	223	Pulse	99	10020000	7257496	NA
MAXED_1012	223	Pulse	99	10040000	7277496	NA
MAXED_1012	223	Pulse	99	10060000	7297496	NA
MAXED_1012	223	Pulse	99	10080000	7317496	NA
MAXED_1012	223	Pulse	99	10100000	7337496	NA
MAXED_1012	223	Pulse	99	10120000	7357496	NA
MAXED_1012	223	Pulse	99	10140000	7377496	NA
MAXED_1012	223	Pulse	99	10160000	7397496	NA
MAXED_1012	223	Pulse	99	10180000	7417496	NA
MAXED_1012	223	Pulse	99	10200000	7437496	NA
MAXED_1012	223	Pulse	99	10220000	7457496	NA
MAXED_1012	223	Pulse	99	10240000	7477496	NA
MAXED_1012	223	Pulse	99	10260000	7497496	NA
MAXED_1012	223	Pulse	99	10280000	7517496	NA
MAXED_1012	223	Pulse	99	10300000	7537496	NA
MAXED_1012	223	Pulse	99	10320000	7557496	NA
MAXED_1012	223	Pulse	99	10340000	7577496	NA
MAXED_1012	223	Pulse	99	10360000	7597496	NA
MAXED_1012	223	Pulse	99	10380000	7617496	NA
MAXED_1012	223	Pulse	99	10400000	7637496	NA
MAXED_1012	223	Pulse	99	10420000	7657496	NA
MAXED_1012	223	Pulse	99	10440000	7677496	NA
MAXED_1012	223	Pulse	99	10460000	7697496	NA
MAXED_1012	223	Pulse	99	10480000	7717496	NA
MAXED_1012	223	Pulse	99	10500000	7737496	NA
MAXED_1012	223	Pulse	99	10520000	7757496	NA
MAXED_1012	223	Pulse	99	10540000	7777496	NA
MAXED_1012	223	Pulse	99	10560000	7797496	NA
MAXED_1012	223	Pulse	99	10580000	7817496	NA
MAXED_1012	223	Pulse	99	10600000	7837496	NA
MAXED_1012	223	Pulse	99	10620000	7857496	NA
MAXED_1012	223	Pulse	99	10640000	7877496	NA
MAXED_1012	223	Pulse	99	10660000	7897496	NA
MAXED_1012	223	Pulse	99	10680000	7917496	NA
MAXED_1012	223	Pulse	99	10700000	7937496	NA
MAXED_1012	223	Pulse	99	10720000	7957496	NA
MAXED_1012	223	Pulse	99	10740000	7977496	NA
MAXED_1012	223	Pulse	99	10760000	7997496	NA
MAXED_1012	223	Pulse	99	10780000	8017496	NA
MAXED_1012	223	Pulse	99	10800000	8037496	NA
MAXED_1012	223	Pulse	99	10820000	8057496	NA
MAXED_1012	223	Pulse	99	10840000	8077496	NA
MAXED_1012	223	Pulse	99	10860000	8097496	NA
MAXED_1012	223	Pulse	99	10880000	8117496	NA
MAXED_1012	223	Pulse	99	10900000	8137496	NA
MAXED_1012	223	Pulse	99	10920000	8157496	NA
MAXED_1012	223	Pulse	99	10940000	8177496	NA
MAXED_1012	223	Pulse	99	10960000	8197496	NA
MAXED_1012	223	Quit		10965033	8202529	NA
