Scenario - 
Logfile written - 07/28/2023 17:26:53

Subject	Trial	Event Type	Code	Time	TTime	Uncertainty	Duration	Uncertainty	ReqTime	ReqDur	Stim Type	Pair Index

MAXED_1058_Day_A	0	Pulse	99	0	0	NA
MAXED_1058_Day_A	1	Picture	instructions_1	332	0	2	238088	2	0	next	false_alarm	14
MAXED_1058_Day_A	1	Pulse	99	20000	19668	NA
MAXED_1058_Day_A	1	Pulse	99	40000	39668	NA
MAXED_1058_Day_A	1	Pulse	99	60000	59668	NA
MAXED_1058_Day_A	1	Pulse	99	80000	79668	NA
MAXED_1058_Day_A	1	Pulse	99	100000	99668	NA
MAXED_1058_Day_A	1	Pulse	99	120000	119668	NA
MAXED_1058_Day_A	1	Pulse	99	140000	139668	NA
MAXED_1058_Day_A	1	Pulse	99	160000	159668	NA
MAXED_1058_Day_A	1	Pulse	99	180000	179668	NA
MAXED_1058_Day_A	1	Pulse	99	200000	199668	NA
MAXED_1058_Day_A	1	Pulse	99	220000	219668	NA
MAXED_1058_Day_A	1	Response	88	238219	237887	1
MAXED_1058_Day_A	2	Picture	instructions_2	238420	0	1	55648	1	0	next	false_alarm	19
MAXED_1058_Day_A	2	Pulse	99	240000	1580	NA
MAXED_1058_Day_A	2	Pulse	99	260000	21580	NA
MAXED_1058_Day_A	2	Pulse	99	280000	41580	NA
MAXED_1058_Day_A	2	Response	88	293883	55464	1
MAXED_1058_Day_A	3	Picture	instructions_3	294068	0	1	52316	1	0	next	false_alarm	24
MAXED_1058_Day_A	3	Pulse	99	300000	5932	NA
MAXED_1058_Day_A	3	Pulse	99	320000	25932	NA
MAXED_1058_Day_A	3	Pulse	99	340000	45932	NA
MAXED_1058_Day_A	3	Response	88	346236	52169	1
MAXED_1058_Day_A	4	Picture	instructions_4	346383	0	1	44152	1	0	next	false_alarm	28
MAXED_1058_Day_A	4	Pulse	99	360000	13617	NA
MAXED_1058_Day_A	4	Pulse	99	380000	33617	NA
MAXED_1058_Day_A	4	Response	88	390412	44029	1
MAXED_1058_Day_A	5	Picture	instructions_5	390535	0	1	68644	1	0	next	false_alarm	33
MAXED_1058_Day_A	5	Pulse	99	400000	9465	NA
MAXED_1058_Day_A	5	Pulse	99	420000	29465	NA
MAXED_1058_Day_A	5	Pulse	99	440000	49465	NA
MAXED_1058_Day_A	5	Response	88	459111	68576	1
MAXED_1058_Day_A	6	Picture	instructions_6	459179	0	1	78640	1	0	next	false_alarm	39
MAXED_1058_Day_A	6	Pulse	99	460000	821	NA
MAXED_1058_Day_A	6	Pulse	99	480000	20821	NA
MAXED_1058_Day_A	6	Pulse	99	500000	40821	NA
MAXED_1058_Day_A	6	Pulse	99	520000	60821	NA
MAXED_1058_Day_A	6	Response	88	537707	78528	1
MAXED_1058_Day_A	7	Picture	instructions_7	537819	0	1	102799	1	0	next	false_alarm	47
MAXED_1058_Day_A	7	Pulse	99	540000	2181	NA
MAXED_1058_Day_A	7	Pulse	99	560000	22181	NA
MAXED_1058_Day_A	7	Pulse	99	580000	42181	NA
MAXED_1058_Day_A	7	Pulse	99	600000	62181	NA
MAXED_1058_Day_A	7	Pulse	99	620000	82181	NA
MAXED_1058_Day_A	7	Pulse	99	640000	102181	NA
MAXED_1058_Day_A	7	Response	88	640419	102600	1
MAXED_1058_Day_A	8	Picture	instructions_8	640618	0	1	67644	1	0	next	false_alarm	52
MAXED_1058_Day_A	8	Pulse	99	660000	19382	NA
MAXED_1058_Day_A	8	Pulse	99	680000	39382	NA
MAXED_1058_Day_A	8	Pulse	99	700000	59382	NA
MAXED_1058_Day_A	8	Response	88	708049	67431	1
MAXED_1058_Day_A	9	Picture	instructions_9	708262	0	1	32656	1	0	next	false_alarm	56
MAXED_1058_Day_A	9	Pulse	99	720000	11738	NA
MAXED_1058_Day_A	9	Pulse	99	740000	31738	NA
MAXED_1058_Day_A	9	Response	88	740733	32471	1
MAXED_1058_Day_A	10	Picture	instructions_10	740917	0	1	54815	1	0	next	false_alarm	60
MAXED_1058_Day_A	10	Pulse	99	760000	19083	NA
MAXED_1058_Day_A	10	Pulse	99	780000	39083	NA
MAXED_1058_Day_A	10	Response	88	795583	54666	1
MAXED_1058_Day_A	11	Picture	instructions_11	795732	0	1	47317	1	0	next	false_alarm	65
MAXED_1058_Day_A	11	Pulse	99	800000	4268	NA
MAXED_1058_Day_A	11	Pulse	99	820000	24268	NA
MAXED_1058_Day_A	11	Pulse	99	840000	44268	NA
MAXED_1058_Day_A	11	Response	88	842862	47129	1
MAXED_1058_Day_A	12	Picture	instructions_12	843050	0	1	29324	1	0	next	false_alarm	68
MAXED_1058_Day_A	12	Pulse	99	860000	16950	NA
MAXED_1058_Day_A	12	Response	88	872287	29237	1
MAXED_1058_Day_A	13	Picture	instructions_13	872373	0	1	36321	1	0	next	false_alarm	72
MAXED_1058_Day_A	13	Pulse	99	880000	7627	NA
MAXED_1058_Day_A	13	Pulse	99	900000	27627	NA
MAXED_1058_Day_A	13	Response	88	908584	36211	1
MAXED_1058_Day_A	14	Picture	instructions_14	908694	0	1	27158	1	0	next	false_alarm	75
MAXED_1058_Day_A	14	Pulse	99	920000	11306	NA
MAXED_1058_Day_A	14	Response	88	935634	26940	1
MAXED_1058_Day_A	15	Picture	instructions_15	935852	0	1	67477	1	0	next	false_alarm	81
MAXED_1058_Day_A	15	Pulse	99	940000	4148	NA
MAXED_1058_Day_A	15	Pulse	99	960000	24148	NA
MAXED_1058_Day_A	15	Pulse	99	980000	44148	NA
MAXED_1058_Day_A	15	Pulse	99	1000000	64148	NA
MAXED_1058_Day_A	15	Response	88	1003162	67310	1
MAXED_1058_Day_A	16	Picture	instructions_16	1003329	0	1	32322	1	0	next	false_alarm	84
MAXED_1058_Day_A	16	Pulse	99	1020000	16671	NA
MAXED_1058_Day_A	16	Response	88	1035474	32145	1
MAXED_1058_Day_A	17	Picture	instructions_17	1035652	0	1	14162	1	0	next	false_alarm	87
MAXED_1058_Day_A	17	Pulse	99	1040000	4348	NA
MAXED_1058_Day_A	17	Response	88	1049746	14094	1
MAXED_1058_Day_A	18	Picture	instructions_18	1049814	0	1	40986	1	0	next	false_alarm	91
MAXED_1058_Day_A	18	Pulse	99	1060000	10186	NA
MAXED_1058_Day_A	18	Pulse	99	1080000	30186	NA
MAXED_1058_Day_A	18	Response	88	1090617	40804	1
MAXED_1058_Day_A	19	Picture	instructions_19	1090800	0	1	39987	1	0	next	false_alarm	95
MAXED_1058_Day_A	19	Pulse	99	1100000	9200	NA
MAXED_1058_Day_A	19	Pulse	99	1120000	29200	NA
MAXED_1058_Day_A	19	Response	88	1130673	39874	1
MAXED_1058_Day_A	20	Picture	instructions_20	1130786	0	1	67642	2	0	next	false_alarm	100
MAXED_1058_Day_A	20	Pulse	99	1140000	9214	NA
MAXED_1058_Day_A	20	Pulse	99	1160000	29214	NA
MAXED_1058_Day_A	20	Pulse	99	1180000	49214	NA
MAXED_1058_Day_A	20	Response	88	1198342	67556	1
MAXED_1058_Day_A	21	Picture	instructions_21	1198429	0	2	44820	2	0	next	false_alarm	105
MAXED_1058_Day_A	21	Pulse	99	1200000	1571	NA
MAXED_1058_Day_A	21	Pulse	99	1220000	21571	NA
MAXED_1058_Day_A	21	Pulse	99	1240000	41571	NA
MAXED_1058_Day_A	21	Response	88	1243064	44635	1
MAXED_1058_Day_A	22	Picture	instructions_22	1243249	0	1	25658	1	0	next	false_alarm	108
MAXED_1058_Day_A	22	Pulse	99	1260000	16751	NA
MAXED_1058_Day_A	22	Response	88	1268743	25494	1
MAXED_1058_Day_A	23	Picture	instructions_23	1268907	0	1	40486	1	0	next	false_alarm	112
MAXED_1058_Day_A	23	Pulse	99	1280000	11093	NA
MAXED_1058_Day_A	23	Pulse	99	1300000	31093	NA
MAXED_1058_Day_A	23	Response	88	1309314	40407	1
MAXED_1058_Day_A	24	Picture	instructions_24	1309393	0	1	71143	1	0	next	false_alarm	118
MAXED_1058_Day_A	24	Pulse	99	1320000	10607	NA
MAXED_1058_Day_A	24	Pulse	99	1340000	30607	NA
MAXED_1058_Day_A	24	Pulse	99	1360000	50607	NA
MAXED_1058_Day_A	24	Pulse	99	1380000	70607	NA
MAXED_1058_Day_A	24	Response	88	1380375	70982	1
MAXED_1058_Day_A	25	Picture	instructions_25	1380536	0	1	59147	1	0	next	false_alarm	122
MAXED_1058_Day_A	25	Pulse	99	1400000	19464	NA
MAXED_1058_Day_A	25	Pulse	99	1420000	39464	NA
MAXED_1058_Day_A	25	Response	88	1439500	58965	1
MAXED_1058_Day_A	26	Picture	instructions_26	1439682	0	1	67810	1	0	next	false_alarm	128
MAXED_1058_Day_A	26	Pulse	99	1440000	318	NA
MAXED_1058_Day_A	26	Pulse	99	1460000	20318	NA
MAXED_1058_Day_A	26	Pulse	99	1480000	40318	NA
MAXED_1058_Day_A	26	Pulse	99	1500000	60318	NA
MAXED_1058_Day_A	26	Response	88	1507305	67622	1
MAXED_1058_Day_A	27	Picture	instructions_27	1507492	0	1	38154	1	0	next	false_alarm	132
MAXED_1058_Day_A	27	Pulse	99	1520000	12508	NA
MAXED_1058_Day_A	27	Pulse	99	1540000	32508	NA
MAXED_1058_Day_A	27	Response	88	1545544	38051	1
MAXED_1058_Day_A	28	Picture	instructions_28	1545647	0	1	14661	2	0	next	false_alarm	135
MAXED_1058_Day_A	28	Pulse	99	1560000	14353	NA
MAXED_1058_Day_A	28	Response	88	1560159	14513	1
MAXED_1058_Day_A	29	Picture	instructions_29	1560308	0	2	29157	3	0	next	false_alarm	138
MAXED_1058_Day_A	29	Pulse	99	1580000	19692	NA
MAXED_1058_Day_A	29	Response	88	1589350	29043	1
MAXED_1058_Day_A	30	Picture	instructions_30	1589465	0	1	67645	2	0	next	false_alarm	143
MAXED_1058_Day_A	30	Pulse	99	1600000	10535	NA
MAXED_1058_Day_A	30	Pulse	99	1620000	30535	NA
MAXED_1058_Day_A	30	Pulse	99	1640000	50535	NA
MAXED_1058_Day_A	30	Response	88	1656980	67515	1
MAXED_1058_Day_A	31	Picture	instructions_31	1657109	0	1	65978	1	0	next	false_alarm	149
MAXED_1058_Day_A	31	Pulse	99	1660000	2891	NA
MAXED_1058_Day_A	31	Pulse	99	1680000	22891	NA
MAXED_1058_Day_A	31	Pulse	99	1700000	42891	NA
MAXED_1058_Day_A	31	Pulse	99	1720000	62891	NA
MAXED_1058_Day_A	31	Response	88	1722988	65879	1
MAXED_1058_Day_A	32	Picture	instructions_32	1723087	0	1	69477	1	0	next	false_alarm	154
MAXED_1058_Day_A	32	Pulse	99	1740000	16913	NA
MAXED_1058_Day_A	32	Pulse	99	1760000	36913	NA
MAXED_1058_Day_A	32	Pulse	99	1780000	56913	NA
MAXED_1058_Day_A	32	Response	88	1792348	69261	1
MAXED_1058_Day_A	33	Picture	instructions_33	1792564	0	1	51983	1	0	next	false_alarm	159
MAXED_1058_Day_A	33	Pulse	99	1800000	7436	NA
MAXED_1058_Day_A	33	Pulse	99	1820000	27436	NA
MAXED_1058_Day_A	33	Pulse	99	1840000	47436	NA
MAXED_1058_Day_A	33	Response	88	1844421	51857	1
MAXED_1058_Day_A	34	Picture	instructions_34	1844546	0	1	91136	1	0	next	false_alarm	165
MAXED_1058_Day_A	34	Pulse	99	1860000	15454	NA
MAXED_1058_Day_A	34	Pulse	99	1880000	35454	NA
MAXED_1058_Day_A	34	Pulse	99	1900000	55454	NA
MAXED_1058_Day_A	34	Pulse	99	1920000	75454	NA
MAXED_1058_Day_A	34	Response	88	1935616	91070	1
MAXED_1058_Day_A	35	Picture	instructions_35	1935682	0	1	74975	1	0	next	false_alarm	171
MAXED_1058_Day_A	35	Pulse	99	1940000	4318	NA
MAXED_1058_Day_A	35	Pulse	99	1960000	24318	NA
MAXED_1058_Day_A	35	Pulse	99	1980000	44318	NA
MAXED_1058_Day_A	35	Pulse	99	2000000	64318	NA
MAXED_1058_Day_A	35	Response	88	2010478	74796	1
MAXED_1058_Day_A	36	Picture	instructions_36	2010657	0	1	74808	1	0	next	false_alarm	177
MAXED_1058_Day_A	36	Pulse	99	2020000	9343	NA
MAXED_1058_Day_A	36	Pulse	99	2040000	29343	NA
MAXED_1058_Day_A	36	Pulse	99	2060000	49343	NA
MAXED_1058_Day_A	36	Pulse	99	2080000	69343	NA
MAXED_1058_Day_A	36	Response	88	2085248	74591	1
MAXED_1058_Day_A	37	Picture	instructions_37	2085465	0	1	30490	1	0	next	false_alarm	180
MAXED_1058_Day_A	37	Pulse	99	2100000	14535	NA
MAXED_1058_Day_A	37	Response	88	2115909	30444	1
MAXED_1058_Day_A	38	Picture	instructions_38	2115955	0	1	35821	1	0	next	false_alarm	184
MAXED_1058_Day_A	38	Pulse	99	2120000	4045	NA
MAXED_1058_Day_A	38	Pulse	99	2140000	24045	NA
MAXED_1058_Day_A	38	Response	88	2151611	35656	1
MAXED_1058_Day_A	39	Picture	instructions_39	2151776	0	1	65645	1	0	next	false_alarm	189
MAXED_1058_Day_A	39	Pulse	99	2160000	8224	NA
MAXED_1058_Day_A	39	Pulse	99	2180000	28224	NA
MAXED_1058_Day_A	39	Pulse	99	2200000	48224	NA
MAXED_1058_Day_A	39	Response	88	2217289	65513	1
MAXED_1058_Day_A	40	Picture	instructions_40	2217421	0	1	40320	1	0	next	false_alarm	193
MAXED_1058_Day_A	40	Pulse	99	2220000	2579	NA
MAXED_1058_Day_A	40	Pulse	99	2240000	22579	NA
MAXED_1058_Day_A	40	Response	88	2257576	40155	1
MAXED_1058_Day_A	41	Picture	instructions_41	2257741	0	1	62646	1	0	next	false_alarm	199
MAXED_1058_Day_A	41	Pulse	99	2260000	2259	NA
MAXED_1058_Day_A	41	Pulse	99	2280000	22259	NA
MAXED_1058_Day_A	41	Pulse	99	2300000	42259	NA
MAXED_1058_Day_A	41	Pulse	99	2320000	62259	NA
MAXED_1058_Day_A	41	Response	88	2320169	62429	1
MAXED_1058_Day_A	42	Picture	instructions_42	2320386	0	1	83805	1	0	next	false_alarm	205
MAXED_1058_Day_A	42	Pulse	99	2340000	19614	NA
MAXED_1058_Day_A	42	Pulse	99	2360000	39614	NA
MAXED_1058_Day_A	42	Pulse	99	2380000	59614	NA
MAXED_1058_Day_A	42	Pulse	99	2400000	79614	NA
MAXED_1058_Day_A	42	Response	88	2403998	83611	1
MAXED_1058_Day_A	43	Picture	instructions_43	2404191	0	1	34655	1	0	next	false_alarm	208
MAXED_1058_Day_A	43	Pulse	99	2420000	15809	NA
MAXED_1058_Day_A	43	Response	88	2438710	34518	1
MAXED_1058_Day_A	44	Picture	instructions_44	2438846	0	1	60146	1	0	next	false_alarm	213
MAXED_1058_Day_A	44	Pulse	99	2440000	1154	NA
MAXED_1058_Day_A	44	Pulse	99	2460000	21154	NA
MAXED_1058_Day_A	44	Pulse	99	2480000	41154	NA
MAXED_1058_Day_A	44	Response	88	2498892	60046	1
MAXED_1058_Day_A	45	Picture	instructions_45	2498993	0	1	63312	1	0	next	false_alarm	219
MAXED_1058_Day_A	45	Pulse	99	2500000	1007	NA
MAXED_1058_Day_A	45	Pulse	99	2520000	21007	NA
MAXED_1058_Day_A	45	Pulse	99	2540000	41007	NA
MAXED_1058_Day_A	45	Pulse	99	2560000	61007	NA
MAXED_1058_Day_A	45	Response	88	2562141	63148	1
MAXED_1058_Day_A	46	Picture	instructions_46	2562305	0	1	36821	1	0	next	false_alarm	222
MAXED_1058_Day_A	46	Pulse	99	2580000	17695	NA
MAXED_1058_Day_A	46	Response	88	2599075	36770	1
MAXED_1058_Day_A	47	Picture	fixation	2599126	0	1	5165	1	0	next	other	0
MAXED_1058_Day_A	47	Pulse	99	2600000	874	NA
MAXED_1058_Day_A	48	Picture	stage1	2604291	0	1	14828	1	0	next	false_alarm	226
MAXED_1058_Day_A	48	Response	2	2618913	14622	1
MAXED_1058_Day_A	49	Picture	stage1_box	2619119	0	1	7664	1	0	next	other	0
MAXED_1058_Day_A	49	Pulse	99	2620000	881	NA
MAXED_1058_Day_A	50	Picture	stage1_outcome	2626783	0	1	167	1	0	next	other	0
MAXED_1058_Day_A	51	Picture	stage2B	2626950	0	1	9663	1	0	next	false_alarm	231
MAXED_1058_Day_A	51	Response	1	2636410	9460	1
MAXED_1058_Day_A	52	Picture	stage2_box	2636613	0	1	7664	1	0	next	other	0
MAXED_1058_Day_A	52	Pulse	99	2640000	3387	NA
MAXED_1058_Day_A	53	Picture	stage2_up	2644277	0	1	7664	1	0	next	other	0
MAXED_1058_Day_A	54	Picture	stage2_win	2651941	0	1	10163	1	0	next	other	0
MAXED_1058_Day_A	54	Pulse	99	2660000	8059	NA
MAXED_1058_Day_A	55	Picture	stage1	2662105	0	1	3999	1	0	next	false_alarm	238
MAXED_1058_Day_A	55	Response	2	2665932	3827	1
MAXED_1058_Day_A	56	Picture	stage1_box	2666103	0	1	7664	1	0	next	other	0
MAXED_1058_Day_A	57	Picture	stage1_outcome	2673767	0	1	167	1	0	next	other	0
MAXED_1058_Day_A	58	Picture	stage2A	2673934	0	1	9664	1	0	next	false_alarm	243
MAXED_1058_Day_A	58	Pulse	99	2680000	6066	NA
MAXED_1058_Day_A	58	Response	1	2683416	9482	1
MAXED_1058_Day_A	59	Picture	stage2_box	2683597	0	1	7664	1	0	next	other	0
MAXED_1058_Day_A	60	Picture	stage2_up	2691262	0	1	7664	1	0	next	other	0
MAXED_1058_Day_A	61	Picture	stage2_lose	2698926	0	1	10163	1	0	next	other	0
MAXED_1058_Day_A	61	Pulse	99	2700000	1074	NA
MAXED_1058_Day_A	62	Picture	stage1	2709089	0	1	4498	1	0	next	false_alarm	249
MAXED_1058_Day_A	62	Response	2	2713458	4369	1
MAXED_1058_Day_A	63	Picture	stage1_box	2713587	0	1	7664	1	0	next	other	0
MAXED_1058_Day_A	63	Pulse	99	2720000	6413	NA
MAXED_1058_Day_A	64	Picture	stage1_outcome	2721251	0	1	167	1	0	next	other	0
MAXED_1058_Day_A	65	Picture	stage2A	2721418	0	1	9830	1	0	next	false_alarm	254
MAXED_1058_Day_A	65	Response	2	2731143	9725	1
MAXED_1058_Day_A	66	Picture	stage2_box	2731248	0	1	7664	1	0	next	other	0
MAXED_1058_Day_A	67	Picture	stage2_up	2738912	0	1	7664	1	0	next	other	0
MAXED_1058_Day_A	67	Pulse	99	2740000	1088	NA
MAXED_1058_Day_A	68	Picture	stage2_lose	2746576	0	1	10163	1	0	next	other	0
MAXED_1058_Day_A	69	Picture	stage1	2756740	0	1	4998	1	0	next	false_alarm	261
MAXED_1058_Day_A	69	Pulse	99	2760000	3260	NA
MAXED_1058_Day_A	69	Response	2	2761613	4873	1
MAXED_1058_Day_A	70	Picture	stage1_box	2761738	0	1	7664	1	0	next	other	0
MAXED_1058_Day_A	71	Picture	stage1_outcome	2769402	0	1	167	1	0	next	other	0
MAXED_1058_Day_A	72	Picture	stage2B	2769569	0	1	11996	1	0	next	false_alarm	266
MAXED_1058_Day_A	72	Pulse	99	2780000	10431	NA
MAXED_1058_Day_A	72	Response	2	2781516	11948	1
MAXED_1058_Day_A	73	Picture	stage2_box	2781565	0	1	7664	1	0	next	other	0
MAXED_1058_Day_A	74	Picture	stage2_up	2789229	0	1	7664	1	0	next	other	0
MAXED_1058_Day_A	75	Picture	stage2_lose	2796893	0	1	10163	1	0	next	other	0
MAXED_1058_Day_A	75	Pulse	99	2800000	3107	NA
MAXED_1058_Day_A	76	Picture	stage1	2807056	0	1	2832	1	0	next	false_alarm	272
MAXED_1058_Day_A	76	Response	2	2809815	2759	1
MAXED_1058_Day_A	77	Picture	stage1_box	2809888	0	1	7664	1	0	next	other	0
MAXED_1058_Day_A	78	Picture	stage1_outcome	2817552	0	1	167	1	0	next	other	0
MAXED_1058_Day_A	79	Picture	stage2A	2817719	0	1	22492	1	0	next	false_alarm	278
MAXED_1058_Day_A	79	Pulse	99	2820000	2281	NA
MAXED_1058_Day_A	79	Pulse	99	2840000	22281	NA
MAXED_1058_Day_A	79	Response	1	2840027	22308	1
MAXED_1058_Day_A	80	Picture	stage2_box	2840211	0	1	7664	1	0	next	other	0
MAXED_1058_Day_A	81	Picture	stage2_up	2847876	0	1	7664	1	0	next	other	0
MAXED_1058_Day_A	82	Picture	stage2_win	2855540	0	1	10163	1	0	next	other	0
MAXED_1058_Day_A	82	Pulse	99	2860000	4460	NA
MAXED_1058_Day_A	83	Picture	stage1	2865703	0	1	4832	1	0	next	false_alarm	284
MAXED_1058_Day_A	83	Response	2	2870406	4703	1
MAXED_1058_Day_A	84	Picture	stage1_box	2870535	0	1	7664	1	0	next	other	0
MAXED_1058_Day_A	85	Picture	stage1_outcome	2878199	0	1	167	1	0	next	other	0
MAXED_1058_Day_A	86	Picture	stage2B	2878365	0	1	5998	1	0	next	false_alarm	289
MAXED_1058_Day_A	86	Pulse	99	2880000	1635	NA
MAXED_1058_Day_A	86	Response	1	2884218	5852	1
MAXED_1058_Day_A	87	Picture	stage2_box	2884363	0	1	7664	1	0	next	other	0
MAXED_1058_Day_A	88	Picture	stage2_up	2892027	0	1	7664	1	0	next	other	0
MAXED_1058_Day_A	89	Picture	stage2_win	2899691	0	1	10163	1	0	next	other	0
MAXED_1058_Day_A	89	Pulse	99	2900000	309	NA
MAXED_1058_Day_A	90	Picture	stage1	2909855	0	1	2999	1	0	next	false_alarm	295
MAXED_1058_Day_A	90	Response	2	2912741	2886	1
MAXED_1058_Day_A	91	Picture	stage1_box	2912854	0	1	7664	1	0	next	other	0
MAXED_1058_Day_A	91	Pulse	99	2920000	7146	NA
MAXED_1058_Day_A	92	Picture	stage1_outcome	2920518	0	1	167	1	0	next	other	0
MAXED_1058_Day_A	93	Picture	stage2B	2920684	0	1	6331	1	0	next	false_alarm	300
MAXED_1058_Day_A	93	Response	1	2926863	6179	1
MAXED_1058_Day_A	94	Picture	stage2_box	2927016	0	1	7664	1	0	next	other	0
MAXED_1058_Day_A	95	Picture	stage2_up	2934680	0	1	7664	1	0	next	other	0
MAXED_1058_Day_A	95	Pulse	99	2940000	5320	NA
MAXED_1058_Day_A	96	Picture	stage2_win	2942344	0	1	10163	1	0	next	other	0
MAXED_1058_Day_A	97	Picture	stage1	2952507	0	1	4164	2	0	next	false_alarm	306
MAXED_1058_Day_A	97	Response	2	2956574	4067	1
MAXED_1058_Day_A	98	Picture	stage1_box	2956671	0	2	7665	2	0	next	other	0
MAXED_1058_Day_A	98	Pulse	99	2960000	3329	NA
MAXED_1058_Day_A	99	Picture	stage1_outcome	2964336	0	1	167	1	0	next	other	0
MAXED_1058_Day_A	100	Picture	stage2B	2964503	0	1	4998	1	0	next	false_alarm	311
MAXED_1058_Day_A	100	Response	1	2969433	4930	1
MAXED_1058_Day_A	101	Picture	stage2_box	2969501	0	1	7664	1	0	next	other	0
MAXED_1058_Day_A	102	Picture	stage2_up	2977165	0	1	7664	1	0	next	other	0
MAXED_1058_Day_A	102	Pulse	99	2980000	2835	NA
MAXED_1058_Day_A	103	Picture	stage2_win	2984829	0	1	10163	1	0	next	other	0
MAXED_1058_Day_A	104	Picture	stage1	2994993	0	1	5665	1	0	next	false_alarm	318
MAXED_1058_Day_A	104	Pulse	99	3000000	5007	NA
MAXED_1058_Day_A	104	Response	2	3000485	5493	1
MAXED_1058_Day_A	105	Picture	stage1_box	3000657	0	1	7664	1	0	next	other	0
MAXED_1058_Day_A	106	Picture	stage1_outcome	3008322	0	1	167	1	0	next	other	0
MAXED_1058_Day_A	107	Picture	stage2B	3008488	0	1	5665	1	0	next	false_alarm	322
MAXED_1058_Day_A	107	Response	1	3014106	5618	1
MAXED_1058_Day_A	108	Picture	stage2_box	3014153	0	1	7664	1	0	next	other	0
MAXED_1058_Day_A	108	Pulse	99	3020000	5847	NA
MAXED_1058_Day_A	109	Picture	stage2_up	3021817	0	1	7664	1	0	next	other	0
MAXED_1058_Day_A	110	Picture	stage2_lose	3029481	0	1	10163	1	0	next	other	0
MAXED_1058_Day_A	111	Picture	stage1	3039644	0	1	5498	1	0	next	false_alarm	329
MAXED_1058_Day_A	111	Pulse	99	3040000	356	NA
MAXED_1058_Day_A	111	Response	2	3045049	5404	1
MAXED_1058_Day_A	112	Picture	stage1_box	3045142	0	1	7664	1	0	next	other	0
MAXED_1058_Day_A	113	Picture	stage1_outcome	3052807	0	1	167	1	0	next	other	0
MAXED_1058_Day_A	114	Picture	stage2B	3052973	0	1	6831	1	0	next	false_alarm	333
MAXED_1058_Day_A	114	Response	1	3059759	6786	1
MAXED_1058_Day_A	115	Picture	stage2_box	3059804	0	1	7664	1	0	next	other	0
MAXED_1058_Day_A	115	Pulse	99	3060000	196	NA
MAXED_1058_Day_A	116	Picture	stage2_up	3067468	0	1	7664	1	0	next	other	0
MAXED_1058_Day_A	117	Picture	stage2_win	3075132	0	1	10163	1	0	next	other	0
MAXED_1058_Day_A	117	Pulse	99	3080000	4868	NA
MAXED_1058_Day_A	118	Picture	stage1	3085296	0	1	3166	1	0	next	false_alarm	340
MAXED_1058_Day_A	118	Response	2	3088396	3100	1
MAXED_1058_Day_A	119	Picture	stage1_box	3088461	0	1	7664	1	0	next	other	0
MAXED_1058_Day_A	120	Picture	stage1_outcome	3096125	0	1	167	1	0	next	other	0
MAXED_1058_Day_A	121	Picture	stage2B	3096292	0	1	4498	1	0	next	false_alarm	345
MAXED_1058_Day_A	121	Pulse	99	3100000	3708	NA
MAXED_1058_Day_A	121	Response	1	3100720	4428	1
MAXED_1058_Day_A	122	Picture	stage2_box	3100791	0	1	7664	1	0	next	other	0
MAXED_1058_Day_A	123	Picture	stage2_up	3108455	0	1	7664	1	0	next	other	0
MAXED_1058_Day_A	124	Picture	stage2_win	3116119	0	1	10163	1	0	next	other	0
MAXED_1058_Day_A	124	Pulse	99	3120000	3881	NA
MAXED_1058_Day_A	125	Picture	stage1	3126282	0	1	2832	1	0	next	false_alarm	351
MAXED_1058_Day_A	125	Response	2	3128923	2641	1
MAXED_1058_Day_A	126	Picture	stage1_box	3129114	0	1	7664	1	0	next	other	0
MAXED_1058_Day_A	127	Picture	stage1_outcome	3136778	0	1	167	1	0	next	other	0
MAXED_1058_Day_A	128	Picture	stage2B	3136945	0	1	3999	1	0	next	false_alarm	356
MAXED_1058_Day_A	128	Pulse	99	3140000	3055	NA
MAXED_1058_Day_A	128	Response	1	3140819	3874	1
MAXED_1058_Day_A	129	Picture	stage2_box	3140944	0	1	7664	1	0	next	other	0
MAXED_1058_Day_A	130	Picture	stage2_up	3148608	0	1	7664	1	0	next	other	0
MAXED_1058_Day_A	131	Picture	stage2_lose	3156272	0	1	10163	1	0	next	other	0
MAXED_1058_Day_A	131	Pulse	99	3160000	3728	NA
MAXED_1058_Day_A	132	Picture	stage1	3166435	0	1	1833	1	0	next	false_alarm	362
MAXED_1058_Day_A	132	Response	2	3168203	1768	1
MAXED_1058_Day_A	133	Picture	stage1_box	3168268	0	1	7664	1	0	next	other	0
MAXED_1058_Day_A	134	Picture	stage1_outcome	3175932	0	1	167	1	0	next	other	0
MAXED_1058_Day_A	135	Picture	stage2B	3176099	0	1	3999	1	0	next	false_alarm	366
MAXED_1058_Day_A	135	Response	1	3179938	3840	1
MAXED_1058_Day_A	135	Pulse	99	3180000	3902	NA
MAXED_1058_Day_A	136	Picture	stage2_box	3180097	0	1	7664	1	0	next	other	0
MAXED_1058_Day_A	137	Picture	stage2_up	3187761	0	1	7664	1	0	next	other	0
MAXED_1058_Day_A	138	Picture	stage2_win	3195425	0	1	10163	1	0	next	other	0
MAXED_1058_Day_A	138	Pulse	99	3200000	4575	NA
MAXED_1058_Day_A	139	Picture	stage1	3205589	0	1	3499	1	0	next	false_alarm	373
MAXED_1058_Day_A	139	Response	2	3208980	3392	1
MAXED_1058_Day_A	140	Picture	stage1_box	3209087	0	1	7664	1	0	next	other	0
MAXED_1058_Day_A	141	Picture	stage1_outcome	3216752	0	1	167	1	0	next	other	0
MAXED_1058_Day_A	142	Picture	stage2B	3216918	0	1	5165	1	0	next	false_alarm	378
MAXED_1058_Day_A	142	Pulse	99	3220000	3082	NA
MAXED_1058_Day_A	142	Response	1	3221895	4976	1
MAXED_1058_Day_A	143	Picture	stage2_box	3222083	0	1	7664	1	0	next	other	0
MAXED_1058_Day_A	144	Picture	stage2_up	3229747	0	1	7664	1	0	next	other	0
MAXED_1058_Day_A	145	Picture	stage2_lose	3237411	0	1	10163	1	0	next	other	0
MAXED_1058_Day_A	145	Pulse	99	3240000	2589	NA
MAXED_1058_Day_A	146	Picture	stage1	3247574	0	1	2499	1	0	next	false_alarm	384
MAXED_1058_Day_A	146	Response	2	3250011	2437	1
MAXED_1058_Day_A	147	Picture	stage1_box	3250074	0	1	7664	1	0	next	other	0
MAXED_1058_Day_A	148	Picture	stage1_outcome	3257738	0	1	167	1	0	next	other	0
MAXED_1058_Day_A	149	Picture	stage2B	3257904	0	1	4498	1	0	next	false_alarm	389
MAXED_1058_Day_A	149	Pulse	99	3260000	2096	NA
MAXED_1058_Day_A	149	Response	1	3262342	4437	1
MAXED_1058_Day_A	150	Picture	stage2_box	3262403	0	1	7664	1	0	next	other	0
MAXED_1058_Day_A	151	Picture	stage2_up	3270067	0	1	7664	1	0	next	other	0
MAXED_1058_Day_A	152	Picture	stage2_lose	3277731	0	1	10163	1	0	next	other	0
MAXED_1058_Day_A	152	Pulse	99	3280000	2269	NA
MAXED_1058_Day_A	153	Picture	stage1	3287894	0	1	2832	1	0	next	false_alarm	395
MAXED_1058_Day_A	153	Response	1	3290634	2740	1
MAXED_1058_Day_A	154	Picture	stage1_box	3290727	0	1	7664	1	0	next	other	0
MAXED_1058_Day_A	155	Picture	stage1_outcome	3298391	0	1	167	1	0	next	other	0
MAXED_1058_Day_A	156	Picture	stage2A	3298557	0	1	4665	1	0	next	false_alarm	400
MAXED_1058_Day_A	156	Pulse	99	3300000	1443	NA
MAXED_1058_Day_A	156	Response	1	3303167	4610	1
MAXED_1058_Day_A	157	Picture	stage2_box	3303222	0	1	7664	1	0	next	other	0
MAXED_1058_Day_A	158	Picture	stage2_up	3310887	0	1	7664	1	0	next	other	0
MAXED_1058_Day_A	159	Picture	stage2_lose	3318551	0	1	10163	1	0	next	other	0
MAXED_1058_Day_A	159	Pulse	99	3320000	1449	NA
MAXED_1058_Day_A	160	Picture	stage1	3328714	0	1	4665	1	0	next	false_alarm	406
MAXED_1058_Day_A	160	Response	2	3333245	4531	1
MAXED_1058_Day_A	161	Picture	stage1_box	3333379	0	1	7664	1	0	next	other	0
MAXED_1058_Day_A	161	Pulse	99	3340000	6621	NA
MAXED_1058_Day_A	162	Picture	stage1_outcome	3341043	0	1	167	1	0	next	other	0
MAXED_1058_Day_A	163	Picture	stage2A	3341210	0	1	11496	1	0	next	false_alarm	411
MAXED_1058_Day_A	163	Response	1	3352580	11371	1
MAXED_1058_Day_A	164	Picture	stage2_box	3352706	0	1	7664	1	0	next	other	0
MAXED_1058_Day_A	164	Pulse	99	3360000	7294	NA
MAXED_1058_Day_A	165	Picture	stage2_up	3360370	0	1	7664	1	0	next	other	0
MAXED_1058_Day_A	166	Picture	stage2_lose	3368034	0	1	10163	1	0	next	other	0
MAXED_1058_Day_A	167	Picture	stage1	3378197	0	1	4165	1	0	next	false_alarm	418
MAXED_1058_Day_A	167	Pulse	99	3380000	1803	NA
MAXED_1058_Day_A	167	Response	2	3382313	4116	1
MAXED_1058_Day_A	168	Picture	stage1_box	3382362	0	1	7664	1	0	next	other	0
MAXED_1058_Day_A	169	Picture	stage1_outcome	3390027	0	1	167	1	0	next	other	0
MAXED_1058_Day_A	170	Picture	stage2B	3390193	0	1	4498	1	0	next	false_alarm	422
MAXED_1058_Day_A	170	Response	2	3394653	4460	1
MAXED_1058_Day_A	171	Picture	stage2_box	3394692	0	1	7664	1	0	next	other	0
MAXED_1058_Day_A	171	Pulse	99	3400000	5308	NA
MAXED_1058_Day_A	172	Picture	stage2_up	3402356	0	1	7664	1	0	next	other	0
MAXED_1058_Day_A	173	Picture	stage2_lose	3410020	0	1	10163	1	0	next	other	0
MAXED_1058_Day_A	173	Pulse	99	3420000	9980	NA
MAXED_1058_Day_A	174	Picture	stage1	3420183	0	1	2666	1	0	next	false_alarm	429
MAXED_1058_Day_A	174	Response	2	3422718	2535	1
MAXED_1058_Day_A	175	Picture	stage1_box	3422849	0	1	7664	1	0	next	other	0
MAXED_1058_Day_A	176	Picture	stage1_outcome	3430513	0	1	167	1	0	next	other	0
MAXED_1058_Day_A	177	Picture	stage2A	3430680	0	1	20993	1	0	next	false_alarm	434
MAXED_1058_Day_A	177	Pulse	99	3440000	9320	NA
MAXED_1058_Day_A	177	Response	2	3451511	20832	1
MAXED_1058_Day_A	178	Picture	stage2_box	3451672	0	1	7664	1	0	next	other	0
MAXED_1058_Day_A	179	Picture	stage2_up	3459337	0	1	7664	1	0	next	other	0
MAXED_1058_Day_A	179	Pulse	99	3460000	663	NA
MAXED_1058_Day_A	180	Picture	stage2_win	3467001	0	1	10163	1	0	next	other	0
MAXED_1058_Day_A	181	Picture	stage1	3477164	0	1	3332	1	0	next	false_alarm	441
MAXED_1058_Day_A	181	Pulse	99	3480000	2836	NA
MAXED_1058_Day_A	181	Response	1	3480369	3205	1
MAXED_1058_Day_A	182	Picture	stage1_box	3480496	0	1	7664	1	0	next	other	0
MAXED_1058_Day_A	183	Picture	stage1_outcome	3488160	0	1	167	1	0	next	other	0
MAXED_1058_Day_A	184	Picture	stage2A	3488327	0	1	3832	1	0	next	false_alarm	445
MAXED_1058_Day_A	184	Response	2	3492002	3675	1
MAXED_1058_Day_A	185	Picture	stage2_box	3492159	0	1	7664	1	0	next	other	0
MAXED_1058_Day_A	186	Picture	stage2_up	3499823	0	1	7664	1	0	next	other	0
MAXED_1058_Day_A	186	Pulse	99	3500000	177	NA
MAXED_1058_Day_A	187	Picture	stage2_win	3507487	0	1	10163	1	0	next	other	0
MAXED_1058_Day_A	188	Picture	stage1	3517650	0	1	2832	1	0	next	false_alarm	452
MAXED_1058_Day_A	188	Pulse	99	3520000	2350	NA
MAXED_1058_Day_A	188	Response	1	3520301	2651	1
MAXED_1058_Day_A	189	Picture	stage1_box	3520483	0	1	7664	1	0	next	other	0
MAXED_1058_Day_A	190	Picture	stage1_outcome	3528147	0	1	167	1	0	next	other	0
MAXED_1058_Day_A	191	Picture	stage2B	3528313	0	1	6331	1	0	next	false_alarm	456
MAXED_1058_Day_A	191	Response	1	3534472	6159	1
MAXED_1058_Day_A	192	Picture	stage2_box	3534645	0	1	7664	1	0	next	other	0
MAXED_1058_Day_A	192	Pulse	99	3540000	5355	NA
MAXED_1058_Day_A	193	Picture	stage2_up	3542309	0	1	7664	1	0	next	other	0
MAXED_1058_Day_A	194	Picture	stage2_win	3549973	0	1	10163	1	0	next	other	0
MAXED_1058_Day_A	194	Pulse	99	3560000	10027	NA
MAXED_1058_Day_A	195	Picture	stage1	3560136	0	1	2999	1	0	next	false_alarm	463
MAXED_1058_Day_A	195	Response	1	3563017	2881	1
MAXED_1058_Day_A	196	Picture	stage1_box	3563135	0	1	7664	1	0	next	other	0
MAXED_1058_Day_A	197	Picture	stage1_outcome	3570799	0	1	167	1	0	next	other	0
MAXED_1058_Day_A	198	Picture	stage2A	3570966	0	1	6331	1	0	next	false_alarm	467
MAXED_1058_Day_A	198	Response	2	3577120	6155	1
MAXED_1058_Day_A	199	Picture	stage2_box	3577297	0	1	7664	1	0	next	other	0
MAXED_1058_Day_A	199	Pulse	99	3580000	2703	NA
MAXED_1058_Day_A	200	Picture	stage2_up	3584961	0	1	7664	1	0	next	other	0
MAXED_1058_Day_A	201	Picture	stage2_lose	3592625	0	1	10163	1	0	next	other	0
MAXED_1058_Day_A	201	Pulse	99	3600000	7375	NA
MAXED_1058_Day_A	202	Picture	stage1	3602788	0	1	2832	1	0	next	false_alarm	474
MAXED_1058_Day_A	202	Response	1	3605572	2784	1
MAXED_1058_Day_A	203	Picture	stage1_box	3605621	0	1	7664	1	0	next	other	0
MAXED_1058_Day_A	204	Picture	stage1_outcome	3613285	0	1	167	1	0	next	other	0
MAXED_1058_Day_A	205	Picture	stage2B	3613451	0	1	9330	1	0	next	false_alarm	479
MAXED_1058_Day_A	205	Pulse	99	3620000	6549	NA
MAXED_1058_Day_A	205	Response	1	3622718	9267	1
MAXED_1058_Day_A	206	Picture	stage2_box	3622782	0	1	7664	1	0	next	other	0
MAXED_1058_Day_A	207	Picture	stage2_up	3630446	0	1	7664	1	0	next	other	0
MAXED_1058_Day_A	208	Picture	stage2_win	3638110	0	1	10163	1	0	next	other	0
MAXED_1058_Day_A	208	Pulse	99	3640000	1890	NA
MAXED_1058_Day_A	209	Picture	stage1	3648273	0	1	3332	1	0	next	false_alarm	485
MAXED_1058_Day_A	209	Response	2	3651439	3166	1
MAXED_1058_Day_A	210	Picture	stage1_box	3651605	0	1	7664	1	0	next	other	0
MAXED_1058_Day_A	211	Picture	stage1_outcome	3659269	0	1	167	1	0	next	other	0
MAXED_1058_Day_A	212	Picture	stage2A	3659436	0	1	8331	1	0	next	false_alarm	490
MAXED_1058_Day_A	212	Pulse	99	3660000	564	NA
MAXED_1058_Day_A	212	Response	2	3667590	8154	1
MAXED_1058_Day_A	213	Picture	stage2_box	3667767	0	1	7664	1	0	next	other	0
MAXED_1058_Day_A	214	Picture	stage2_up	3675431	0	1	7664	1	0	next	other	0
MAXED_1058_Day_A	214	Pulse	99	3680000	4569	NA
MAXED_1058_Day_A	215	Picture	stage2_win	3683095	0	1	10163	1	0	next	other	0
MAXED_1058_Day_A	216	Picture	stage1	3693258	0	1	2666	1	0	next	false_alarm	496
MAXED_1058_Day_A	216	Response	2	3695849	2591	1
MAXED_1058_Day_A	217	Picture	stage1_box	3695924	0	1	7664	1	0	next	other	0
MAXED_1058_Day_A	217	Pulse	99	3700000	4076	NA
MAXED_1058_Day_A	218	Picture	stage1_outcome	3703588	0	1	167	1	0	next	other	0
MAXED_1058_Day_A	219	Picture	stage2B	3703754	0	1	3999	1	0	next	false_alarm	501
MAXED_1058_Day_A	219	Response	1	3707648	3894	1
MAXED_1058_Day_A	220	Picture	stage2_box	3707753	0	1	7664	1	0	next	other	0
MAXED_1058_Day_A	221	Picture	stage2_up	3715417	0	1	7664	1	0	next	other	0
MAXED_1058_Day_A	221	Pulse	99	3720000	4583	NA
MAXED_1058_Day_A	222	Picture	stage2_win	3723081	0	1	10163	1	0	next	other	0
MAXED_1058_Day_A	223	Pulse	99	3740000	6756	NA
MAXED_1058_Day_A	223	Pulse	99	3760000	26756	NA
MAXED_1058_Day_A	223	Pulse	99	3780000	46756	NA
MAXED_1058_Day_A	223	Pulse	99	3800000	66756	NA
MAXED_1058_Day_A	223	Pulse	99	3820000	86756	NA
MAXED_1058_Day_A	223	Pulse	99	3840000	106756	NA
MAXED_1058_Day_A	223	Pulse	99	3860000	126756	NA
MAXED_1058_Day_A	223	Pulse	99	3880000	146756	NA
MAXED_1058_Day_A	223	Pulse	99	3900000	166756	NA
MAXED_1058_Day_A	223	Pulse	99	3920000	186756	NA
MAXED_1058_Day_A	223	Pulse	99	3940000	206756	NA
MAXED_1058_Day_A	223	Quit		3950290	217045	NA
