Scenario - 
Logfile written - 11/21/2023 18:05:50

Subject	Trial	Event Type	Code	Time	TTime	Uncertainty	Duration	Uncertainty	ReqTime	ReqDur	Stim Type	Pair Index

MAXED_1068	0	Pulse	99	0	0	NA
MAXED_1068	1	Picture	instructions_1	333	0	1	163278	1	0	next	false_alarm	11
MAXED_1068	1	Pulse	99	20000	19667	NA
MAXED_1068	1	Pulse	99	40000	39667	NA
MAXED_1068	1	Pulse	99	60000	59667	NA
MAXED_1068	1	Pulse	99	80000	79667	NA
MAXED_1068	1	Pulse	99	100000	99667	NA
MAXED_1068	1	Pulse	99	120000	119667	NA
MAXED_1068	1	Pulse	99	140000	139667	NA
MAXED_1068	1	Pulse	99	160000	159667	NA
MAXED_1068	1	Response	88	163386	163053	1
MAXED_1068	2	Picture	instructions_2	163611	0	1	41486	1	0	next	false_alarm	15
MAXED_1068	2	Pulse	99	180000	16389	NA
MAXED_1068	2	Pulse	99	200000	36389	NA
MAXED_1068	2	Response	88	204933	41322	1
MAXED_1068	3	Picture	instructions_3	205097	0	1	20993	1	0	next	false_alarm	18
MAXED_1068	3	Pulse	99	220000	14903	NA
MAXED_1068	3	Response	88	225902	20804	1
MAXED_1068	4	Picture	instructions_4	226090	0	1	43152	1	0	next	false_alarm	22
MAXED_1068	4	Pulse	99	240000	13910	NA
MAXED_1068	4	Pulse	99	260000	33910	NA
MAXED_1068	4	Response	88	269081	42991	1
MAXED_1068	5	Picture	instructions_5	269242	0	1	56814	1	0	next	false_alarm	27
MAXED_1068	5	Pulse	99	280000	10758	NA
MAXED_1068	5	Pulse	99	300000	30758	NA
MAXED_1068	5	Pulse	99	320000	50758	NA
MAXED_1068	5	Response	88	325939	56697	1
MAXED_1068	6	Picture	instructions_6	326056	0	1	17827	1	0	next	false_alarm	30
MAXED_1068	6	Pulse	99	340000	13944	NA
MAXED_1068	6	Response	88	343749	17693	1
MAXED_1068	7	Picture	instructions_7	343883	0	1	35155	1	0	next	false_alarm	33
MAXED_1068	7	Pulse	99	360000	16117	NA
MAXED_1068	7	Response	88	378833	34950	1
MAXED_1068	8	Picture	instructions_8	379038	0	1	26491	1	0	next	false_alarm	37
MAXED_1068	8	Pulse	99	380000	962	NA
MAXED_1068	8	Pulse	99	400000	20962	NA
MAXED_1068	8	Response	88	405385	26347	1
MAXED_1068	9	Picture	instructions_9	405529	0	1	20993	1	0	next	false_alarm	40
MAXED_1068	9	Pulse	99	420000	14471	NA
MAXED_1068	9	Response	88	426408	20879	1
MAXED_1068	10	Picture	instructions_10	426522	0	1	43485	1	0	next	false_alarm	44
MAXED_1068	10	Pulse	99	440000	13478	NA
MAXED_1068	10	Pulse	99	460000	33478	NA
MAXED_1068	10	Response	88	469929	43407	1
MAXED_1068	11	Picture	instructions_11	470007	0	1	64811	1	0	next	false_alarm	49
MAXED_1068	11	Pulse	99	480000	9993	NA
MAXED_1068	11	Pulse	99	500000	29993	NA
MAXED_1068	11	Pulse	99	520000	49993	NA
MAXED_1068	11	Response	88	534727	64720	1
MAXED_1068	12	Picture	instructions_12	534819	0	1	26491	1	0	next	false_alarm	53
MAXED_1068	12	Pulse	99	540000	5181	NA
MAXED_1068	12	Pulse	99	560000	25181	NA
MAXED_1068	12	Response	88	561105	26287	1
MAXED_1068	13	Picture	instructions_13	561310	0	1	61979	1	0	next	false_alarm	58
MAXED_1068	13	Pulse	99	580000	18690	NA
MAXED_1068	13	Pulse	99	600000	38690	NA
MAXED_1068	13	Pulse	99	620000	58690	NA
MAXED_1068	13	Response	88	623079	61769	1
MAXED_1068	14	Picture	instructions_14	623289	0	1	26824	1	0	next	false_alarm	61
MAXED_1068	14	Pulse	99	640000	16711	NA
MAXED_1068	14	Response	88	649984	26696	1
MAXED_1068	15	Picture	instructions_15	650113	0	1	88470	1	0	next	false_alarm	67
MAXED_1068	15	Pulse	99	660000	9887	NA
MAXED_1068	15	Pulse	99	680000	29887	NA
MAXED_1068	15	Pulse	99	700000	49887	NA
MAXED_1068	15	Pulse	99	720000	69887	NA
MAXED_1068	15	Response	88	738385	88272	1
MAXED_1068	16	Picture	instructions_16	738583	0	1	24492	1	0	next	false_alarm	71
MAXED_1068	16	Pulse	99	740000	1417	NA
MAXED_1068	16	Pulse	99	760000	21417	NA
MAXED_1068	16	Response	88	762931	24348	1
MAXED_1068	17	Picture	instructions_17	763075	0	1	9664	1	0	next	false_alarm	73
MAXED_1068	17	Response	88	772550	9475	1
MAXED_1068	18	Picture	instructions_18	772738	0	1	58147	1	0	next	false_alarm	78
MAXED_1068	18	Pulse	99	780000	7262	NA
MAXED_1068	18	Pulse	99	800000	27262	NA
MAXED_1068	18	Pulse	99	820000	47262	NA
MAXED_1068	18	Response	88	830766	58028	1
MAXED_1068	19	Picture	instructions_19	830885	0	1	87637	1	0	next	false_alarm	84
MAXED_1068	19	Pulse	99	840000	9115	NA
MAXED_1068	19	Pulse	99	860000	29115	NA
MAXED_1068	19	Pulse	99	880000	49115	NA
MAXED_1068	19	Pulse	99	900000	69115	NA
MAXED_1068	19	Response	88	918449	87564	1
MAXED_1068	20	Picture	instructions_20	918522	0	1	62312	1	0	next	false_alarm	89
MAXED_1068	20	Pulse	99	920000	1478	NA
MAXED_1068	20	Pulse	99	940000	21478	NA
MAXED_1068	20	Pulse	99	960000	41478	NA
MAXED_1068	20	Response	2	966067	47545	1
MAXED_1068	20	Pulse	99	980000	61478	NA
MAXED_1068	20	Response	88	980724	62202	1
MAXED_1068	21	Picture	instructions_21	980834	0	1	46651	1	0	next	false_alarm	95
MAXED_1068	21	Pulse	99	1000000	19166	NA
MAXED_1068	21	Pulse	99	1020000	39166	NA
MAXED_1068	21	Response	88	1027312	46478	1
MAXED_1068	22	Picture	instructions_22	1027485	0	1	12662	1	0	next	false_alarm	97
MAXED_1068	22	Response	88	1039954	12469	1
MAXED_1068	22	Pulse	99	1040000	12515	NA
MAXED_1068	23	Picture	instructions_23	1040147	0	1	35988	1	0	next	false_alarm	101
MAXED_1068	23	Pulse	99	1060000	19853	NA
MAXED_1068	23	Response	88	1076062	35915	1
MAXED_1068	24	Picture	instructions_24	1076135	0	1	42319	1	0	next	false_alarm	105
MAXED_1068	24	Pulse	99	1080000	3865	NA
MAXED_1068	24	Pulse	99	1100000	23865	NA
MAXED_1068	24	Response	88	1118226	42090	1
MAXED_1068	25	Picture	instructions_25	1118454	0	1	37154	1	0	next	false_alarm	109
MAXED_1068	25	Pulse	99	1120000	1546	NA
MAXED_1068	25	Pulse	99	1140000	21546	NA
MAXED_1068	25	Response	88	1155395	36940	1
MAXED_1068	26	Picture	instructions_26	1155608	0	1	62979	1	0	next	false_alarm	114
MAXED_1068	26	Pulse	99	1160000	4392	NA
MAXED_1068	26	Pulse	99	1180000	24392	NA
MAXED_1068	26	Pulse	99	1200000	44392	NA
MAXED_1068	26	Response	88	1218493	62884	1
MAXED_1068	27	Picture	instructions_27	1218587	0	1	26491	1	0	next	false_alarm	118
MAXED_1068	27	Pulse	99	1220000	1413	NA
MAXED_1068	27	Pulse	99	1240000	21413	NA
MAXED_1068	27	Response	88	1244871	26284	1
MAXED_1068	28	Picture	instructions_28	1245078	0	1	12829	1	0	next	false_alarm	120
MAXED_1068	28	Response	88	1257762	12684	1
MAXED_1068	29	Picture	instructions_29	1257907	0	1	23659	1	0	next	false_alarm	124
MAXED_1068	29	Pulse	99	1260000	2093	NA
MAXED_1068	29	Pulse	99	1280000	22093	NA
MAXED_1068	29	Response	88	1281435	23528	1
MAXED_1068	30	Picture	instructions_30	1281566	0	1	79306	1	0	next	false_alarm	130
MAXED_1068	30	Pulse	99	1300000	18434	NA
MAXED_1068	30	Pulse	99	1320000	38434	NA
MAXED_1068	30	Pulse	99	1340000	58434	NA
MAXED_1068	30	Pulse	99	1360000	78434	NA
MAXED_1068	30	Response	88	1360747	79182	1
MAXED_1068	31	Picture	instructions_31	1360872	0	1	46984	1	0	next	false_alarm	134
MAXED_1068	31	Pulse	99	1380000	19128	NA
MAXED_1068	31	Pulse	99	1400000	39128	NA
MAXED_1068	31	Response	88	1407640	46768	1
MAXED_1068	32	Picture	instructions_32	1407856	0	1	76974	1	0	next	false_alarm	140
MAXED_1068	32	Pulse	99	1420000	12144	NA
MAXED_1068	32	Pulse	99	1440000	32144	NA
MAXED_1068	32	Pulse	99	1460000	52144	NA
MAXED_1068	32	Pulse	99	1480000	72144	NA
MAXED_1068	32	Response	88	1484614	76758	1
MAXED_1068	33	Picture	instructions_33	1484830	0	1	52316	1	0	next	false_alarm	144
MAXED_1068	33	Pulse	99	1500000	15170	NA
MAXED_1068	33	Pulse	99	1520000	35170	NA
MAXED_1068	33	Response	88	1537055	52225	1
MAXED_1068	34	Picture	instructions_34	1537146	0	1	76474	1	0	next	false_alarm	150
MAXED_1068	34	Pulse	99	1540000	2854	NA
MAXED_1068	34	Pulse	99	1560000	22854	NA
MAXED_1068	34	Pulse	99	1580000	42854	NA
MAXED_1068	34	Pulse	99	1600000	62854	NA
MAXED_1068	34	Response	88	1613420	76274	1
MAXED_1068	35	Picture	instructions_35	1613620	0	1	90803	1	0	next	false_alarm	157
MAXED_1068	35	Pulse	99	1620000	6380	NA
MAXED_1068	35	Pulse	99	1640000	26380	NA
MAXED_1068	35	Pulse	99	1660000	46380	NA
MAXED_1068	35	Pulse	99	1680000	66380	NA
MAXED_1068	35	Pulse	99	1700000	86380	NA
MAXED_1068	35	Response	88	1704247	90628	1
MAXED_1068	36	Picture	instructions_36	1704422	0	1	78640	1	0	next	false_alarm	163
MAXED_1068	36	Pulse	99	1720000	15578	NA
MAXED_1068	36	Pulse	99	1740000	35578	NA
MAXED_1068	36	Pulse	99	1760000	55578	NA
MAXED_1068	36	Pulse	99	1780000	75578	NA
MAXED_1068	36	Response	88	1782842	78419	1
MAXED_1068	37	Picture	instructions_37	1783062	0	1	23159	1	0	next	false_alarm	166
MAXED_1068	37	Pulse	99	1800000	16938	NA
MAXED_1068	37	Response	88	1806148	23085	1
MAXED_1068	38	Picture	instructions_38	1806221	0	1	35821	1	0	next	false_alarm	170
MAXED_1068	38	Pulse	99	1820000	13779	NA
MAXED_1068	38	Pulse	99	1840000	33779	NA
MAXED_1068	38	Response	88	1841926	35704	1
MAXED_1068	39	Picture	instructions_39	1842042	0	1	39986	1	0	next	false_alarm	174
MAXED_1068	39	Pulse	99	1860000	17958	NA
MAXED_1068	39	Pulse	99	1880000	37958	NA
MAXED_1068	39	Response	88	1881886	39843	1
MAXED_1068	40	Picture	instructions_40	1882029	0	1	34155	1	0	next	false_alarm	177
MAXED_1068	40	Pulse	99	1900000	17971	NA
MAXED_1068	40	Response	88	1916062	34033	1
MAXED_1068	41	Picture	instructions_41	1916184	0	1	21326	1	0	next	false_alarm	180
MAXED_1068	41	Pulse	99	1920000	3816	NA
MAXED_1068	41	Response	88	1937381	21197	1
MAXED_1068	42	Picture	instructions_42	1937510	0	1	48817	1	0	next	false_alarm	185
MAXED_1068	42	Pulse	99	1940000	2490	NA
MAXED_1068	42	Pulse	99	1960000	22490	NA
MAXED_1068	42	Pulse	99	1980000	42490	NA
MAXED_1068	42	Response	88	1986150	48640	1
MAXED_1068	43	Picture	instructions_43	1986327	0	1	20826	1	0	next	false_alarm	188
MAXED_1068	43	Pulse	99	2000000	13673	NA
MAXED_1068	43	Response	88	2006950	20623	1
MAXED_1068	44	Picture	instructions_44	2007153	0	1	63312	1	0	next	false_alarm	193
MAXED_1068	44	Pulse	99	2020000	12847	NA
MAXED_1068	44	Pulse	99	2040000	32847	NA
MAXED_1068	44	Pulse	99	2060000	52847	NA
MAXED_1068	44	Response	88	2070377	63224	1
MAXED_1068	45	Picture	instructions_45	2070465	0	1	40653	1	0	next	false_alarm	197
MAXED_1068	45	Pulse	99	2080000	9535	NA
MAXED_1068	45	Pulse	99	2100000	29535	NA
MAXED_1068	45	Response	88	2111045	40580	1
MAXED_1068	46	Picture	instructions_46	2111118	0	1	18994	1	0	next	false_alarm	200
MAXED_1068	46	Pulse	99	2120000	8882	NA
MAXED_1068	46	Response	88	2129950	18832	1
MAXED_1068	47	Picture	fixation	2130111	0	1	5165	1	0	next	other	0
MAXED_1068	48	Picture	stage1	2135276	0	1	23159	1	0	next	false_alarm	204
MAXED_1068	48	Pulse	99	2140000	4724	NA
MAXED_1068	48	Response	1	2158352	23076	1
MAXED_1068	49	Picture	stage1_box	2158435	0	1	7664	1	0	next	other	0
MAXED_1068	49	Pulse	99	2160000	1565	NA
MAXED_1068	50	Picture	stage1_outcome	2166099	0	1	167	1	0	next	other	0
MAXED_1068	51	Picture	stage2A	2166266	0	1	12163	1	0	next	false_alarm	209
MAXED_1068	51	Response	2	2178320	12054	1
MAXED_1068	52	Picture	stage2_box	2178428	0	1	7664	1	0	next	other	0
MAXED_1068	52	Pulse	99	2180000	1572	NA
MAXED_1068	53	Picture	stage2_up	2186093	0	1	7664	1	0	next	other	0
MAXED_1068	54	Picture	stage2_lose	2193757	0	1	10163	1	0	next	other	0
MAXED_1068	54	Pulse	99	2200000	6243	NA
MAXED_1068	55	Picture	stage1	2203920	0	1	6498	1	0	next	false_alarm	216
MAXED_1068	55	Response	1	2210240	6320	1
MAXED_1068	56	Picture	stage1_box	2210418	0	1	7664	1	0	next	other	0
MAXED_1068	57	Picture	stage1_outcome	2218082	0	1	167	1	0	next	other	0
MAXED_1068	58	Picture	stage2B	2218248	0	1	13495	1	0	next	false_alarm	221
MAXED_1068	58	Pulse	99	2220000	1752	NA
MAXED_1068	58	Response	1	2231602	13354	1
MAXED_1068	59	Picture	stage2_box	2231744	0	1	7664	1	0	next	other	0
MAXED_1068	60	Picture	stage2_up	2239408	0	1	7664	1	0	next	other	0
MAXED_1068	60	Pulse	99	2240000	592	NA
MAXED_1068	61	Picture	stage2_win	2247072	0	1	10163	1	0	next	other	0
MAXED_1068	62	Picture	stage1	2257235	0	1	10163	1	0	next	false_alarm	228
MAXED_1068	62	Pulse	99	2260000	2765	NA
MAXED_1068	62	Response	2	2267220	9984	1
MAXED_1068	63	Picture	stage1_box	2267398	0	1	7664	1	0	next	other	0
MAXED_1068	64	Picture	stage1_outcome	2275062	0	1	167	1	0	next	other	0
MAXED_1068	65	Picture	stage2B	2275229	0	1	7331	1	0	next	false_alarm	233
MAXED_1068	65	Pulse	99	2280000	4771	NA
MAXED_1068	65	Response	1	2282393	7164	1
MAXED_1068	66	Picture	stage2_box	2282560	0	1	7664	1	0	next	other	0
MAXED_1068	67	Picture	stage2_up	2290224	0	1	7664	1	0	next	other	0
MAXED_1068	68	Picture	stage2_lose	2297888	0	1	10163	1	0	next	other	0
MAXED_1068	68	Pulse	99	2300000	2112	NA
MAXED_1068	69	Picture	stage1	2308051	0	1	5165	1	0	next	false_alarm	239
MAXED_1068	69	Response	1	2313109	5058	1
MAXED_1068	70	Picture	stage1_box	2313216	0	1	7664	1	0	next	other	0
MAXED_1068	70	Pulse	99	2320000	6784	NA
MAXED_1068	71	Picture	stage1_outcome	2320880	0	1	167	1	0	next	other	0
MAXED_1068	72	Picture	stage2B	2321047	0	1	9497	1	0	next	false_alarm	244
MAXED_1068	72	Response	2	2330413	9367	1
MAXED_1068	73	Picture	stage2_box	2330544	0	1	7664	1	0	next	other	0
MAXED_1068	74	Picture	stage2_up	2338208	0	1	7664	1	0	next	other	0
MAXED_1068	74	Pulse	99	2340000	1792	NA
MAXED_1068	75	Picture	stage2_lose	2345872	0	1	10163	1	0	next	other	0
MAXED_1068	76	Picture	stage1	2356035	0	1	12996	1	0	next	false_alarm	251
MAXED_1068	76	Pulse	99	2360000	3965	NA
MAXED_1068	76	Response	2	2368962	12927	1
MAXED_1068	77	Picture	stage1_box	2369031	0	1	7664	1	0	next	other	0
MAXED_1068	78	Picture	stage1_outcome	2376695	0	1	167	1	0	next	other	0
MAXED_1068	79	Picture	stage2B	2376861	0	1	8164	1	0	next	false_alarm	256
MAXED_1068	79	Pulse	99	2380000	3139	NA
MAXED_1068	79	Response	1	2384895	8033	1
MAXED_1068	80	Picture	stage2_box	2385025	0	1	7664	1	0	next	other	0
MAXED_1068	81	Picture	stage2_up	2392689	0	1	7664	1	0	next	other	0
MAXED_1068	81	Pulse	99	2400000	7311	NA
MAXED_1068	82	Picture	stage2_win	2400353	0	1	10163	1	0	next	other	0
MAXED_1068	83	Picture	stage1	2410516	0	1	5165	1	0	next	false_alarm	262
MAXED_1068	83	Response	2	2415499	4983	1
MAXED_1068	84	Picture	stage1_box	2415681	0	1	7664	1	0	next	other	0
MAXED_1068	84	Pulse	99	2420000	4319	NA
MAXED_1068	85	Picture	stage1_outcome	2423346	0	1	167	1	0	next	other	0
MAXED_1068	86	Picture	stage2B	2423512	0	1	4998	1	0	next	false_alarm	267
MAXED_1068	86	Response	1	2428457	4945	1
MAXED_1068	87	Picture	stage2_box	2428510	0	1	7664	1	0	next	other	0
MAXED_1068	88	Picture	stage2_up	2436174	0	1	7664	1	0	next	other	0
MAXED_1068	88	Pulse	99	2440000	3826	NA
MAXED_1068	89	Picture	stage2_lose	2443839	0	1	10163	1	0	next	other	0
MAXED_1068	90	Picture	stage1	2454002	0	1	3332	1	0	next	false_alarm	273
MAXED_1068	90	Response	1	2457268	3266	1
MAXED_1068	91	Picture	stage1_box	2457334	0	1	7664	1	0	next	other	0
MAXED_1068	91	Pulse	99	2460000	2666	NA
MAXED_1068	92	Picture	stage1_outcome	2464998	0	1	167	1	0	next	other	0
MAXED_1068	93	Picture	stage2A	2465165	0	1	4832	1	0	next	false_alarm	278
MAXED_1068	93	Response	2	2469832	4667	1
MAXED_1068	94	Picture	stage2_box	2469996	0	1	7664	1	0	next	other	0
MAXED_1068	95	Picture	stage2_up	2477660	0	1	7664	1	0	next	other	0
MAXED_1068	95	Pulse	99	2480000	2340	NA
MAXED_1068	96	Picture	stage2_lose	2485324	0	1	10163	1	0	next	other	0
MAXED_1068	97	Picture	stage1	2495488	0	1	2999	1	0	next	false_alarm	284
MAXED_1068	97	Response	1	2498331	2844	1
MAXED_1068	98	Picture	stage1_box	2498487	0	1	7664	1	0	next	other	0
MAXED_1068	98	Pulse	99	2500000	1513	NA
MAXED_1068	99	Picture	stage1_outcome	2506151	0	1	167	1	0	next	other	0
MAXED_1068	100	Picture	stage2A	2506317	0	1	4498	1	0	next	false_alarm	289
MAXED_1068	100	Response	1	2510750	4432	1
MAXED_1068	101	Picture	stage2_box	2510816	0	1	7664	1	0	next	other	0
MAXED_1068	102	Picture	stage2_up	2518480	0	1	7664	1	0	next	other	0
MAXED_1068	102	Pulse	99	2520000	1520	NA
MAXED_1068	103	Picture	stage2_lose	2526144	0	1	10163	1	0	next	other	0
MAXED_1068	104	Picture	stage1	2536307	0	1	2666	1	0	next	false_alarm	295
MAXED_1068	104	Response	2	2538814	2507	1
MAXED_1068	105	Picture	stage1_box	2538973	0	1	7664	1	0	next	other	0
MAXED_1068	105	Pulse	99	2540000	1027	NA
MAXED_1068	106	Picture	stage1_outcome	2546637	0	1	167	1	0	next	other	0
MAXED_1068	107	Picture	stage2B	2546804	0	1	7331	1	0	next	false_alarm	300
MAXED_1068	107	Response	2	2554083	7279	1
MAXED_1068	108	Picture	stage2_box	2554135	0	1	7664	1	0	next	other	0
MAXED_1068	108	Pulse	99	2560000	5866	NA
MAXED_1068	109	Picture	stage2_up	2561799	0	1	7664	1	0	next	other	0
MAXED_1068	110	Picture	stage2_lose	2569463	0	1	10163	1	0	next	other	0
MAXED_1068	111	Picture	stage1	2579626	0	1	2666	1	0	next	false_alarm	307
MAXED_1068	111	Pulse	99	2580000	374	NA
MAXED_1068	111	Response	2	2582171	2545	1
MAXED_1068	112	Picture	stage1_box	2582292	0	1	7664	1	0	next	other	0
MAXED_1068	113	Picture	stage1_outcome	2589956	0	1	167	1	0	next	other	0
MAXED_1068	114	Picture	stage2B	2590122	0	1	4165	1	0	next	false_alarm	311
MAXED_1068	114	Response	1	2594142	4020	1
MAXED_1068	115	Picture	stage2_box	2594288	0	1	7664	1	0	next	other	0
MAXED_1068	115	Pulse	99	2600000	5712	NA
MAXED_1068	116	Picture	stage2_up	2601952	0	1	7664	1	0	next	other	0
MAXED_1068	117	Picture	stage2_win	2609616	0	1	10163	1	0	next	other	0
MAXED_1068	118	Picture	stage1	2619779	0	1	3832	1	0	next	false_alarm	318
MAXED_1068	118	Pulse	99	2620000	221	NA
MAXED_1068	118	Response	2	2623420	3641	1
MAXED_1068	119	Picture	stage1_box	2623611	0	1	7664	1	0	next	other	0
MAXED_1068	120	Picture	stage1_outcome	2631275	0	1	167	1	0	next	other	0
MAXED_1068	121	Picture	stage2A	2631442	0	1	26158	1	0	next	false_alarm	323
MAXED_1068	121	Pulse	99	2640000	8558	NA
MAXED_1068	121	Response	1	2657489	26048	1
MAXED_1068	122	Picture	stage2_box	2657599	0	1	7664	1	0	next	other	0
MAXED_1068	122	Pulse	99	2660000	2401	NA
MAXED_1068	123	Picture	stage2_up	2665264	0	1	7664	1	0	next	other	0
MAXED_1068	124	Picture	stage2_win	2672928	0	1	10163	1	0	next	other	0
MAXED_1068	124	Pulse	99	2680000	7072	NA
MAXED_1068	125	Picture	stage1	2683091	0	1	8663	1	0	next	false_alarm	330
MAXED_1068	125	Response	2	2691608	8517	1
MAXED_1068	126	Picture	stage1_box	2691754	0	1	7664	1	0	next	other	0
MAXED_1068	127	Picture	stage1_outcome	2699419	0	1	167	1	0	next	other	0
MAXED_1068	128	Picture	stage2B	2699585	0	1	12829	1	0	next	false_alarm	335
MAXED_1068	128	Pulse	99	2700000	415	NA
MAXED_1068	128	Response	1	2712333	12748	1
MAXED_1068	129	Picture	stage2_box	2712414	0	1	7664	1	0	next	other	0
MAXED_1068	129	Pulse	99	2720000	7586	NA
MAXED_1068	130	Picture	stage2_up	2720078	0	1	7664	1	0	next	other	0
MAXED_1068	131	Picture	stage2_win	2727742	0	1	10163	1	0	next	other	0
MAXED_1068	132	Picture	stage1	2737906	0	1	6664	1	0	next	false_alarm	342
MAXED_1068	132	Pulse	99	2740000	2094	NA
MAXED_1068	132	Response	1	2744461	6555	1
MAXED_1068	133	Picture	stage1_box	2744570	0	1	7664	1	0	next	other	0
MAXED_1068	134	Picture	stage1_outcome	2752234	0	1	167	1	0	next	other	0
MAXED_1068	135	Picture	stage2A	2752401	0	1	4665	1	0	next	false_alarm	346
MAXED_1068	135	Response	1	2756908	4507	1
MAXED_1068	136	Picture	stage2_box	2757066	0	1	7664	1	0	next	other	0
MAXED_1068	136	Pulse	99	2760000	2934	NA
MAXED_1068	137	Picture	stage2_up	2764730	0	1	7664	1	0	next	other	0
MAXED_1068	138	Picture	stage2_win	2772394	0	1	10163	1	0	next	other	0
MAXED_1068	138	Pulse	99	2780000	7606	NA
MAXED_1068	139	Picture	stage1	2782557	0	1	2333	1	0	next	false_alarm	353
MAXED_1068	139	Response	2	2784859	2302	1
MAXED_1068	140	Picture	stage1_box	2784890	0	1	7664	1	0	next	other	0
MAXED_1068	141	Picture	stage1_outcome	2792554	0	1	167	1	0	next	other	0
MAXED_1068	142	Picture	stage2B	2792720	0	1	3332	1	0	next	false_alarm	357
MAXED_1068	142	Response	1	2795939	3219	1
MAXED_1068	143	Picture	stage2_box	2796053	0	1	7664	1	0	next	other	0
MAXED_1068	143	Pulse	99	2800000	3947	NA
MAXED_1068	144	Picture	stage2_up	2803717	0	1	7664	1	0	next	other	0
MAXED_1068	145	Picture	stage2_lose	2811381	0	1	10163	1	0	next	other	0
MAXED_1068	145	Pulse	99	2820000	8619	NA
MAXED_1068	146	Picture	stage1	2821544	0	1	3499	1	0	next	false_alarm	364
MAXED_1068	146	Response	1	2824972	3428	1
MAXED_1068	147	Picture	stage1_box	2825043	0	1	7664	1	0	next	other	0
MAXED_1068	148	Picture	stage1_outcome	2832707	0	1	167	1	0	next	other	0
MAXED_1068	149	Picture	stage2A	2832873	0	1	9164	1	0	next	false_alarm	369
MAXED_1068	149	Pulse	99	2840000	7127	NA
MAXED_1068	149	Response	1	2841914	9041	1
MAXED_1068	150	Picture	stage2_box	2842037	0	1	7664	1	0	next	other	0
MAXED_1068	151	Picture	stage2_up	2849701	0	1	7664	1	0	next	other	0
MAXED_1068	152	Picture	stage2_lose	2857365	0	1	10163	1	0	next	other	0
MAXED_1068	152	Pulse	99	2860000	2635	NA
MAXED_1068	153	Picture	stage1	2867528	0	1	7497	1	0	next	false_alarm	375
MAXED_1068	153	Response	1	2874866	7338	1
MAXED_1068	154	Picture	stage1_box	2875026	0	1	7664	1	0	next	other	0
MAXED_1068	154	Pulse	99	2880000	4974	NA
MAXED_1068	155	Picture	stage1_outcome	2882690	0	1	167	1	0	next	other	0
MAXED_1068	156	Picture	stage2A	2882856	0	1	6998	1	0	next	false_alarm	380
MAXED_1068	156	Response	2	2889818	6961	1
MAXED_1068	157	Picture	stage2_box	2889854	0	1	7664	1	0	next	other	0
MAXED_1068	158	Picture	stage2_up	2897518	0	1	7664	1	0	next	other	0
MAXED_1068	158	Pulse	99	2900000	2482	NA
MAXED_1068	159	Picture	stage2_win	2905182	0	1	10163	1	0	next	other	0
MAXED_1068	160	Picture	stage1	2915345	0	1	4332	1	0	next	false_alarm	386
MAXED_1068	160	Response	1	2919483	4138	1
MAXED_1068	161	Picture	stage1_box	2919677	0	1	7664	1	0	next	other	0
MAXED_1068	161	Pulse	99	2920000	323	NA
MAXED_1068	162	Picture	stage1_outcome	2927341	0	1	167	1	0	next	other	0
MAXED_1068	163	Picture	stage2A	2927508	0	1	10996	1	0	next	false_alarm	391
MAXED_1068	163	Response	2	2938383	10875	1
MAXED_1068	164	Picture	stage2_box	2938504	0	1	7664	1	0	next	other	0
MAXED_1068	164	Pulse	99	2940000	1496	NA
MAXED_1068	165	Picture	stage2_up	2946168	0	1	7664	1	0	next	other	0
MAXED_1068	166	Picture	stage2_lose	2953832	0	1	10163	1	0	next	other	0
MAXED_1068	166	Pulse	99	2960000	6168	NA
MAXED_1068	167	Picture	stage1	2963996	0	1	3999	1	0	next	false_alarm	398
MAXED_1068	167	Response	1	2967896	3900	1
MAXED_1068	168	Picture	stage1_box	2967994	0	1	7664	1	0	next	other	0
MAXED_1068	169	Picture	stage1_outcome	2975658	0	1	167	1	0	next	other	0
MAXED_1068	170	Picture	stage2A	2975825	0	1	3499	1	0	next	false_alarm	402
MAXED_1068	170	Response	1	2979229	3404	1
MAXED_1068	171	Picture	stage2_box	2979324	0	1	7664	1	0	next	other	0
MAXED_1068	171	Pulse	99	2980000	676	NA
MAXED_1068	172	Picture	stage2_up	2986988	0	1	7664	1	0	next	other	0
MAXED_1068	173	Picture	stage2_win	2994652	0	1	10163	1	0	next	other	0
MAXED_1068	173	Pulse	99	3000000	5348	NA
MAXED_1068	174	Picture	stage1	3004815	0	1	2999	1	0	next	false_alarm	409
MAXED_1068	174	Response	1	3007759	2944	1
MAXED_1068	175	Picture	stage1_box	3007814	0	1	7664	1	0	next	other	0
MAXED_1068	176	Picture	stage1_outcome	3015478	0	1	167	1	0	next	other	0
MAXED_1068	177	Picture	stage2A	3015645	0	1	3499	1	0	next	false_alarm	413
MAXED_1068	177	Response	1	3019037	3392	1
MAXED_1068	178	Picture	stage2_box	3019144	0	1	7664	1	0	next	other	0
MAXED_1068	178	Pulse	99	3020000	856	NA
MAXED_1068	179	Picture	stage2_up	3026808	0	1	7664	1	0	next	other	0
MAXED_1068	180	Picture	stage2_win	3034472	0	1	10163	1	0	next	other	0
MAXED_1068	180	Pulse	99	3040000	5528	NA
MAXED_1068	181	Picture	stage1	3044635	0	1	2666	1	0	next	false_alarm	420
MAXED_1068	181	Response	1	3047268	2633	1
MAXED_1068	182	Picture	stage1_box	3047301	0	1	7664	1	0	next	other	0
MAXED_1068	183	Picture	stage1_outcome	3054965	0	1	167	1	0	next	other	0
MAXED_1068	184	Picture	stage2A	3055131	0	1	4832	1	0	next	false_alarm	424
MAXED_1068	184	Response	1	3059867	4735	1
MAXED_1068	185	Picture	stage2_box	3059963	0	1	7664	1	0	next	other	0
MAXED_1068	185	Pulse	99	3060000	37	NA
MAXED_1068	186	Picture	stage2_up	3067627	0	1	7664	1	0	next	other	0
MAXED_1068	187	Picture	stage2_win	3075291	0	1	10163	1	0	next	other	0
MAXED_1068	187	Pulse	99	3080000	4709	NA
MAXED_1068	188	Picture	stage1	3085454	0	1	2333	1	0	next	false_alarm	431
MAXED_1068	188	Response	1	3087740	2286	1
MAXED_1068	189	Picture	stage1_box	3087787	0	1	7664	1	0	next	other	0
MAXED_1068	190	Picture	stage1_outcome	3095451	0	1	167	1	0	next	other	0
MAXED_1068	191	Picture	stage2B	3095618	0	1	2666	1	0	next	false_alarm	435
MAXED_1068	191	Response	1	3098246	2628	1
MAXED_1068	192	Picture	stage2_box	3098283	0	1	7664	1	0	next	other	0
MAXED_1068	192	Pulse	99	3100000	1717	NA
MAXED_1068	193	Picture	stage2_up	3105948	0	1	7664	1	0	next	other	0
MAXED_1068	194	Picture	stage2_win	3113612	0	1	10163	1	0	next	other	0
MAXED_1068	194	Pulse	99	3120000	6388	NA
MAXED_1068	195	Picture	stage1	3123775	0	1	2832	1	0	next	false_alarm	442
MAXED_1068	195	Response	1	3126425	2650	1
MAXED_1068	196	Picture	stage1_box	3126607	0	1	7664	1	0	next	other	0
MAXED_1068	197	Picture	stage1_outcome	3134271	0	1	167	1	0	next	other	0
MAXED_1068	198	Picture	stage2A	3134438	0	1	7831	1	0	next	false_alarm	447
MAXED_1068	198	Pulse	99	3140000	5562	NA
MAXED_1068	198	Response	1	3142157	7719	1
MAXED_1068	199	Picture	stage2_box	3142269	0	1	7664	1	0	next	other	0
MAXED_1068	200	Picture	stage2_up	3149933	0	1	7664	1	0	next	other	0
MAXED_1068	201	Picture	stage2_win	3157597	0	1	10163	1	0	next	other	0
MAXED_1068	201	Pulse	99	3160000	2403	NA
MAXED_1068	202	Picture	stage1	3167760	0	1	3832	1	0	next	false_alarm	453
MAXED_1068	202	Response	1	3171404	3644	1
MAXED_1068	203	Picture	stage1_box	3171592	0	1	7664	1	0	next	other	0
MAXED_1068	204	Picture	stage1_outcome	3179256	0	1	167	1	0	next	other	0
MAXED_1068	205	Picture	stage2B	3179423	0	1	14328	1	0	next	false_alarm	458
MAXED_1068	205	Pulse	99	3180000	577	NA
MAXED_1068	205	Response	1	3193665	14242	1
MAXED_1068	206	Picture	stage2_box	3193751	0	1	7664	1	0	next	other	0
MAXED_1068	206	Pulse	99	3200000	6249	NA
MAXED_1068	207	Picture	stage2_up	3201415	0	1	7664	1	0	next	other	0
MAXED_1068	208	Picture	stage2_win	3209079	0	1	10163	1	0	next	other	0
MAXED_1068	209	Picture	stage1	3219243	0	1	2499	1	0	next	false_alarm	465
MAXED_1068	209	Pulse	99	3220000	758	NA
MAXED_1068	209	Response	1	3221713	2471	1
MAXED_1068	210	Picture	stage1_box	3221742	0	1	5998	1	0	next	false_alarm	467
MAXED_1068	210	Response	1	3227610	5869	1
MAXED_1068	211	Picture	stage1_outcome	3227740	0	1	167	1	0	next	other	0
MAXED_1068	212	Picture	stage2A	3227906	0	1	11163	1	0	next	false_alarm	470
MAXED_1068	212	Response	1	3238920	11014	1
MAXED_1068	213	Picture	stage2_box	3239069	0	1	7664	1	0	next	other	0
MAXED_1068	213	Pulse	99	3240000	931	NA
MAXED_1068	214	Picture	stage2_up	3246733	0	1	7664	1	0	next	other	0
MAXED_1068	215	Picture	stage2_lose	3254397	0	1	10163	1	0	next	other	0
MAXED_1068	215	Pulse	99	3260000	5603	NA
MAXED_1068	216	Picture	stage1	3264560	0	1	3665	1	0	next	false_alarm	477
MAXED_1068	216	Response	2	3268065	3504	1
MAXED_1068	217	Picture	stage1_box	3268226	0	1	7664	1	0	next	other	0
MAXED_1068	218	Picture	stage1_outcome	3275890	0	1	167	1	0	next	other	0
MAXED_1068	219	Picture	stage2B	3276057	0	1	3499	1	0	next	false_alarm	481
MAXED_1068	219	Response	1	3279494	3437	1
MAXED_1068	220	Picture	stage2_box	3279555	0	1	7664	1	0	next	other	0
MAXED_1068	220	Pulse	99	3280000	445	NA
MAXED_1068	221	Picture	stage2_up	3287219	0	1	7664	1	0	next	other	0
MAXED_1068	222	Picture	stage2_win	3294884	0	1	10163	1	0	next	other	0
MAXED_1068	222	Pulse	99	3300000	5116	NA
MAXED_1068	223	Response	2	3307412	2365	1
MAXED_1068	223	Pulse	99	3320000	14953	NA
MAXED_1068	223	Pulse	99	3340000	34953	NA
MAXED_1068	223	Pulse	99	3360000	54953	NA
MAXED_1068	223	Pulse	99	3380000	74953	NA
MAXED_1068	223	Pulse	99	3400000	94953	NA
MAXED_1068	223	Pulse	99	3420000	114953	NA
MAXED_1068	223	Pulse	99	3440000	134953	NA
MAXED_1068	223	Pulse	99	3460000	154953	NA
MAXED_1068	223	Pulse	99	3480000	174953	NA
MAXED_1068	223	Pulse	99	3500000	194953	NA
MAXED_1068	223	Pulse	99	3520000	214953	NA
MAXED_1068	223	Pulse	99	3540000	234953	NA
MAXED_1068	223	Pulse	99	3560000	254953	NA
MAXED_1068	223	Pulse	99	3580000	274953	NA
MAXED_1068	223	Pulse	99	3600000	294953	NA
MAXED_1068	223	Pulse	99	3620000	314953	NA
MAXED_1068	223	Pulse	99	3640000	334953	NA
MAXED_1068	223	Pulse	99	3660000	354953	NA
MAXED_1068	223	Pulse	99	3680000	374953	NA
MAXED_1068	223	Quit		3696674	391628	NA
