Scenario - 
Logfile written - 11/29/2022 18:29:22

Subject	Trial	Event Type	Code	Time	TTime	Uncertainty	Duration	Uncertainty	ReqTime	ReqDur	Stim Type	Pair Index

MAXED_1046	0	Pulse	99	0	0	NA
MAXED_1046	1	Picture	instructions_1	500	0	1	99532	1	0	next	false_alarm	7
MAXED_1046	1	Pulse	99	20000	19500	NA
MAXED_1046	1	Pulse	99	40000	39500	NA
MAXED_1046	1	Pulse	99	60000	59500	NA
MAXED_1046	1	Pulse	99	80000	79500	NA
MAXED_1046	1	Response	88	99976	99476	1
MAXED_1046	1	Pulse	99	100000	99500	NA
MAXED_1046	2	Picture	instructions_2	100031	0	1	208122	1	0	next	false_alarm	20
MAXED_1046	2	Pulse	99	120000	19969	NA
MAXED_1046	2	Pulse	99	140000	39969	NA
MAXED_1046	2	Pulse	99	160000	59969	NA
MAXED_1046	2	Pulse	99	180000	79969	NA
MAXED_1046	2	Pulse	99	200000	99969	NA
MAXED_1046	2	Pulse	99	220000	119969	NA
MAXED_1046	2	Pulse	99	240000	139969	NA
MAXED_1046	2	Pulse	99	260000	159969	NA
MAXED_1046	2	Pulse	99	280000	179969	NA
MAXED_1046	2	Pulse	99	300000	199969	NA
MAXED_1046	2	Response	88	307930	207898	1
MAXED_1046	3	Picture	instructions_3	308154	0	1	130168	1	0	next	false_alarm	28
MAXED_1046	3	Pulse	99	320000	11846	NA
MAXED_1046	3	Pulse	99	340000	31846	NA
MAXED_1046	3	Pulse	99	360000	51846	NA
MAXED_1046	3	Pulse	99	380000	71846	NA
MAXED_1046	3	Pulse	99	400000	91846	NA
MAXED_1046	3	Pulse	99	420000	111846	NA
MAXED_1046	3	Response	88	438263	130110	1
MAXED_1046	4	Picture	instructions_4	438322	0	1	130223	1	0	next	false_alarm	37
MAXED_1046	4	Pulse	99	440000	1678	NA
MAXED_1046	4	Pulse	99	460000	21678	NA
MAXED_1046	4	Pulse	99	480000	41678	NA
MAXED_1046	4	Pulse	99	500000	61678	NA
MAXED_1046	4	Pulse	99	520000	81678	NA
MAXED_1046	4	Pulse	99	540000	101678	NA
MAXED_1046	4	Pulse	99	560000	121678	NA
MAXED_1046	4	Response	88	568322	130000	1
MAXED_1046	5	Picture	instructions_5	568545	0	1	89338	1	0	next	false_alarm	43
MAXED_1046	5	Pulse	99	580000	11455	NA
MAXED_1046	5	Pulse	99	600000	31455	NA
MAXED_1046	5	Pulse	99	620000	51455	NA
MAXED_1046	5	Pulse	99	640000	71455	NA
MAXED_1046	5	Response	88	657661	89116	1
MAXED_1046	6	Picture	instructions_6	657883	0	1	52450	1	0	next	false_alarm	48
MAXED_1046	6	Pulse	99	660000	2117	NA
MAXED_1046	6	Pulse	99	680000	22117	NA
MAXED_1046	6	Pulse	99	700000	42117	NA
MAXED_1046	6	Response	88	710277	52393	1
MAXED_1046	7	Picture	instructions_7	710334	0	1	176923	1	0	next	false_alarm	59
MAXED_1046	7	Pulse	99	720000	9666	NA
MAXED_1046	7	Pulse	99	740000	29666	NA
MAXED_1046	7	Pulse	99	760000	49666	NA
MAXED_1046	7	Pulse	99	780000	69666	NA
MAXED_1046	7	Pulse	99	800000	89666	NA
MAXED_1046	7	Pulse	99	820000	109666	NA
MAXED_1046	7	Pulse	99	840000	129666	NA
MAXED_1046	7	Pulse	99	860000	149666	NA
MAXED_1046	7	Pulse	99	880000	169666	NA
MAXED_1046	7	Response	88	887034	176700	1
MAXED_1046	8	Picture	instructions_8	887257	0	1	103334	1	0	next	false_alarm	66
MAXED_1046	8	Pulse	99	900000	12743	NA
MAXED_1046	8	Pulse	99	920000	32743	NA
MAXED_1046	8	Pulse	99	940000	52743	NA
MAXED_1046	8	Pulse	99	960000	72743	NA
MAXED_1046	8	Pulse	99	980000	92743	NA
MAXED_1046	8	Response	88	990534	103277	1
MAXED_1046	9	Picture	instructions_9	990591	0	1	169907	1	0	next	false_alarm	77
MAXED_1046	9	Pulse	99	1000000	9409	NA
MAXED_1046	9	Pulse	99	1020000	29409	NA
MAXED_1046	9	Pulse	99	1040000	49409	NA
MAXED_1046	9	Pulse	99	1060000	69409	NA
MAXED_1046	9	Pulse	99	1080000	89409	NA
MAXED_1046	9	Pulse	99	1100000	109409	NA
MAXED_1046	9	Pulse	99	1120000	129409	NA
MAXED_1046	9	Pulse	99	1140000	149409	NA
MAXED_1046	9	Pulse	99	1160000	169409	NA
MAXED_1046	9	Response	88	1160274	169683	1
MAXED_1046	10	Picture	instructions_10	1160498	0	1	137473	1	0	next	false_alarm	85
MAXED_1046	10	Pulse	99	1180000	19502	NA
MAXED_1046	10	Pulse	99	1200000	39502	NA
MAXED_1046	10	Pulse	99	1220000	59502	NA
MAXED_1046	10	Pulse	99	1240000	79502	NA
MAXED_1046	10	Pulse	99	1260000	99502	NA
MAXED_1046	10	Pulse	99	1280000	119502	NA
MAXED_1046	10	Response	88	1297745	137247	1
MAXED_1046	11	Picture	instructions_11	1297971	0	1	125629	1	0	next	false_alarm	94
MAXED_1046	11	Pulse	99	1300000	2029	NA
MAXED_1046	11	Pulse	99	1320000	22029	NA
MAXED_1046	11	Pulse	99	1340000	42029	NA
MAXED_1046	11	Pulse	99	1360000	62029	NA
MAXED_1046	11	Pulse	99	1380000	82029	NA
MAXED_1046	11	Pulse	99	1400000	102029	NA
MAXED_1046	11	Pulse	99	1420000	122029	NA
MAXED_1046	11	Response	88	1423543	125571	1
MAXED_1046	12	Picture	instructions_12	1423600	0	1	34555	1	0	next	false_alarm	97
MAXED_1046	12	Pulse	99	1440000	16400	NA
MAXED_1046	12	Response	88	1458097	34498	1
MAXED_1046	13	Picture	instructions_13	1458155	0	1	41720	1	0	next	false_alarm	101
MAXED_1046	13	Pulse	99	1460000	1845	NA
MAXED_1046	13	Pulse	99	1480000	21845	NA
MAXED_1046	13	Response	88	1499821	41667	1
MAXED_1046	14	Picture	fixation	1499875	0	1	5165	1	0	next	other	0
MAXED_1046	14	Pulse	99	1500000	125	NA
MAXED_1046	15	Picture	stage1	1505040	0	1	43152	1	0	next	false_alarm	107
MAXED_1046	15	Pulse	99	1520000	14961	NA
MAXED_1046	15	Pulse	99	1540000	34961	NA
MAXED_1046	15	Response	2	1547930	42891	1
MAXED_1046	16	Picture	stage1_box	1548192	0	1	7664	1	0	next	other	0
MAXED_1046	17	Picture	stage1_outcome	1555856	0	1	167	1	0	next	other	0
MAXED_1046	18	Picture	stage2B	1556022	0	1	32322	1	0	next	false_alarm	113
MAXED_1046	18	Pulse	99	1560000	3978	NA
MAXED_1046	18	Pulse	99	1580000	23978	NA
MAXED_1046	18	Response	1	1588193	32171	1
MAXED_1046	19	Picture	stage2_box	1588345	0	1	7664	1	0	next	other	0
MAXED_1046	20	Picture	stage2_up	1596009	0	1	7664	1	0	next	other	0
MAXED_1046	20	Pulse	99	1600000	3991	NA
MAXED_1046	21	Picture	stage2_lose	1603673	0	1	10052	1	0	next	other	0
MAXED_1046	22	Picture	stage1	1613724	0	1	32519	1	0	next	false_alarm	121
MAXED_1046	22	Pulse	99	1620000	6276	NA
MAXED_1046	22	Pulse	99	1640000	26276	NA
MAXED_1046	22	Response	1	1646190	32465	1
MAXED_1046	23	Picture	stage1_box	1646243	0	1	7550	1	0	next	other	0
MAXED_1046	24	Picture	stage1_outcome	1653793	0	1	167	1	0	next	other	0
MAXED_1046	25	Picture	stage2A	1653960	0	1	11045	1	0	next	false_alarm	126
MAXED_1046	25	Pulse	99	1660000	6040	NA
MAXED_1046	25	Response	2	1664952	10992	1
MAXED_1046	26	Picture	stage2_box	1665005	0	1	7664	1	0	next	other	0
MAXED_1046	27	Picture	stage2_up	1672669	0	1	7664	1	0	next	other	0
MAXED_1046	27	Pulse	99	1680000	7331	NA
MAXED_1046	28	Picture	stage2_win	1680333	0	1	10163	1	0	next	other	0
MAXED_1046	29	Picture	stage1	1690497	0	1	15606	1	0	next	false_alarm	133
MAXED_1046	29	Pulse	99	1700000	9503	NA
MAXED_1046	29	Response	1	1706052	15555	1
MAXED_1046	30	Picture	stage1_box	1706102	0	1	7550	1	0	next	other	0
MAXED_1046	31	Picture	stage1_outcome	1713652	0	1	167	1	0	next	other	0
MAXED_1046	32	Picture	stage2A	1713819	0	1	9024	1	0	next	false_alarm	138
MAXED_1046	32	Pulse	99	1720000	6181	NA
MAXED_1046	32	Response	2	1722793	8974	1
MAXED_1046	33	Picture	stage2_box	1722843	0	1	7664	1	0	next	other	0
MAXED_1046	34	Picture	stage2_up	1730507	0	1	7664	1	0	next	other	0
MAXED_1046	35	Picture	stage2_win	1738171	0	1	10163	1	0	next	other	0
MAXED_1046	35	Pulse	99	1740000	1829	NA
MAXED_1046	36	Picture	stage1	1748334	0	1	6831	1	0	next	false_alarm	144
MAXED_1046	36	Response	1	1755067	6733	1
MAXED_1046	37	Picture	stage1_box	1755165	0	1	7550	1	0	next	other	0
MAXED_1046	37	Pulse	99	1760000	4835	NA
MAXED_1046	38	Picture	stage1_outcome	1762715	0	1	167	1	0	next	other	0
MAXED_1046	39	Picture	stage2A	1762882	0	1	6519	1	0	next	false_alarm	149
MAXED_1046	39	Response	2	1769362	6480	1
MAXED_1046	40	Picture	stage2_box	1769401	0	1	7664	1	0	next	other	0
MAXED_1046	41	Picture	stage2_up	1777065	0	1	7664	1	0	next	other	0
MAXED_1046	41	Pulse	99	1780000	2935	NA
MAXED_1046	42	Picture	stage2_win	1784729	0	1	10163	1	0	next	other	0
MAXED_1046	43	Picture	stage1	1794892	0	1	6165	1	0	next	false_alarm	156
MAXED_1046	43	Pulse	99	1800000	5108	NA
MAXED_1046	43	Response	1	1800933	6040	1
MAXED_1046	44	Picture	stage1_box	1801057	0	1	7549	1	0	next	other	0
MAXED_1046	45	Picture	stage1_outcome	1808606	0	1	167	1	0	next	other	0
MAXED_1046	46	Picture	stage2B	1808772	0	1	23718	1	0	next	false_alarm	161
MAXED_1046	46	Pulse	99	1820000	11228	NA
MAXED_1046	46	Response	1	1832441	23668	1
MAXED_1046	47	Picture	stage2_box	1832491	0	1	7664	1	0	next	other	0
MAXED_1046	47	Pulse	99	1840000	7509	NA
MAXED_1046	48	Picture	stage2_up	1840155	0	1	7664	1	0	next	other	0
MAXED_1046	49	Picture	stage2_lose	1847819	0	1	10050	1	0	next	other	0
MAXED_1046	50	Picture	stage1	1857869	0	1	16713	1	0	next	false_alarm	168
MAXED_1046	50	Pulse	99	1860000	2131	NA
MAXED_1046	50	Response	1	1874512	16643	1
MAXED_1046	51	Picture	stage1_box	1874582	0	1	7550	1	0	next	other	0
MAXED_1046	51	Pulse	99	1880000	5418	NA
MAXED_1046	52	Picture	stage1_outcome	1882132	0	1	167	1	0	next	other	0
MAXED_1046	53	Picture	stage2A	1882299	0	1	11387	1	0	next	false_alarm	173
MAXED_1046	53	Response	2	1893636	11337	1
MAXED_1046	54	Picture	stage2_box	1893685	0	1	7664	1	0	next	other	0
MAXED_1046	54	Pulse	99	1900000	6315	NA
MAXED_1046	55	Picture	stage2_up	1901349	0	1	7664	1	0	next	other	0
MAXED_1046	56	Picture	stage2_win	1909013	0	1	10163	1	0	next	other	0
MAXED_1046	57	Picture	stage1	1919177	0	1	6331	1	0	next	false_alarm	180
MAXED_1046	57	Pulse	99	1920000	823	NA
MAXED_1046	57	Response	1	1925464	6288	1
MAXED_1046	58	Picture	stage1_box	1925508	0	1	7550	1	0	next	other	0
MAXED_1046	59	Picture	stage1_outcome	1933058	0	1	167	1	0	next	other	0
MAXED_1046	60	Picture	stage2A	1933225	0	1	12843	1	0	next	false_alarm	185
MAXED_1046	60	Pulse	99	1940000	6775	NA
MAXED_1046	60	Response	2	1946018	12793	1
MAXED_1046	61	Picture	stage2_box	1946068	0	1	7664	1	0	next	other	0
MAXED_1046	62	Picture	stage2_up	1953732	0	1	7664	1	0	next	other	0
MAXED_1046	62	Pulse	99	1960000	6268	NA
MAXED_1046	63	Picture	stage2_lose	1961396	0	1	10050	1	0	next	other	0
MAXED_1046	64	Picture	stage1	1971446	0	1	12514	1	0	next	false_alarm	192
MAXED_1046	64	Pulse	99	1980000	8554	NA
MAXED_1046	64	Response	1	1983778	12332	1
MAXED_1046	65	Picture	stage1_box	1983960	0	1	7550	1	0	next	other	0
MAXED_1046	66	Picture	stage1_outcome	1991510	0	1	167	1	0	next	other	0
MAXED_1046	67	Picture	stage2B	1991677	0	1	14819	1	0	next	false_alarm	197
MAXED_1046	67	Pulse	99	2000000	8323	NA
MAXED_1046	67	Response	1	2006446	14769	1
MAXED_1046	68	Picture	stage2_box	2006496	0	1	7664	1	0	next	other	0
MAXED_1046	69	Picture	stage2_up	2014160	0	1	7664	1	0	next	other	0
MAXED_1046	69	Pulse	99	2020000	5840	NA
MAXED_1046	70	Picture	stage2_win	2021824	0	1	10163	1	0	next	other	0
MAXED_1046	71	Picture	stage1	2031987	0	1	7997	1	0	next	false_alarm	203
MAXED_1046	71	Response	1	2039904	7917	1
MAXED_1046	72	Picture	stage1_box	2039985	0	1	7550	1	0	next	other	0
MAXED_1046	72	Pulse	99	2040000	15	NA
MAXED_1046	73	Picture	stage1_outcome	2047535	0	1	167	1	0	next	other	0
MAXED_1046	74	Picture	stage2A	2047701	0	1	9341	1	0	next	false_alarm	208
MAXED_1046	74	Response	2	2056901	9200	1
MAXED_1046	75	Picture	stage2_box	2057042	0	1	7549	1	0	next	other	0
MAXED_1046	75	Pulse	99	2060000	2958	NA
MAXED_1046	76	Picture	stage2_up	2064591	0	1	7550	1	0	next	other	0
MAXED_1046	77	Picture	stage2_win	2072141	0	1	10163	1	0	next	other	0
MAXED_1046	77	Pulse	99	2080000	7859	NA
MAXED_1046	78	Picture	stage1	2082304	0	1	7664	1	0	next	false_alarm	215
MAXED_1046	78	Response	2	2089792	7489	1
MAXED_1046	79	Picture	stage1_box	2089968	0	1	7550	1	0	next	other	0
MAXED_1046	80	Picture	stage1_outcome	2097518	0	1	167	1	0	next	other	0
MAXED_1046	81	Picture	stage2A	2097685	0	1	13733	1	0	next	false_alarm	220
MAXED_1046	81	Pulse	99	2100000	2315	NA
MAXED_1046	81	Response	1	2111365	13680	1
MAXED_1046	82	Picture	stage2_box	2111418	0	1	7664	1	0	next	other	0
MAXED_1046	83	Picture	stage2_up	2119082	0	1	7664	1	0	next	other	0
MAXED_1046	83	Pulse	99	2120000	918	NA
MAXED_1046	84	Picture	stage2_lose	2126747	0	1	10050	1	0	next	other	0
MAXED_1046	85	Picture	stage1	2136797	0	1	9992	1	0	next	false_alarm	227
MAXED_1046	85	Pulse	99	2140000	3203	NA
MAXED_1046	85	Response	2	2146599	9802	1
MAXED_1046	86	Picture	stage1_box	2146789	0	1	7550	1	0	next	other	0
MAXED_1046	87	Picture	stage1_outcome	2154339	0	1	167	1	0	next	other	0
MAXED_1046	88	Picture	stage2B	2154505	0	1	9506	1	0	next	false_alarm	232
MAXED_1046	88	Pulse	99	2160000	5495	NA
MAXED_1046	88	Response	2	2163958	9453	1
MAXED_1046	89	Picture	stage2_box	2164011	0	1	7664	1	0	next	other	0
MAXED_1046	90	Picture	stage2_up	2171675	0	1	7664	1	0	next	other	0
MAXED_1046	91	Picture	stage2_lose	2179339	0	1	10051	1	0	next	other	0
MAXED_1046	91	Pulse	99	2180000	661	NA
MAXED_1046	92	Picture	stage1	2189390	0	1	6309	1	0	next	false_alarm	238
MAXED_1046	92	Response	1	2195648	6258	1
MAXED_1046	93	Picture	stage1_box	2195699	0	1	7550	1	0	next	other	0
MAXED_1046	93	Pulse	99	2200000	4301	NA
MAXED_1046	94	Picture	stage1_outcome	2203248	0	1	167	1	0	next	other	0
MAXED_1046	95	Picture	stage2A	2203415	0	1	8936	1	0	next	false_alarm	243
MAXED_1046	95	Response	2	2212302	8886	1
MAXED_1046	96	Picture	stage2_box	2212351	0	1	7664	1	0	next	other	0
MAXED_1046	96	Pulse	99	2220000	7649	NA
MAXED_1046	97	Picture	stage2_up	2220016	0	1	7664	1	0	next	other	0
MAXED_1046	98	Picture	stage2_lose	2227680	0	1	10051	1	0	next	other	0
MAXED_1046	99	Picture	stage1	2237730	0	1	11296	1	0	next	false_alarm	250
MAXED_1046	99	Pulse	99	2240000	2270	NA
MAXED_1046	99	Response	1	2248976	11246	1
MAXED_1046	100	Picture	stage1_box	2249026	0	1	7550	1	0	next	other	0
MAXED_1046	101	Picture	stage1_outcome	2256576	0	1	167	1	0	next	other	0
MAXED_1046	102	Picture	stage2A	2256743	0	1	19333	1	0	next	false_alarm	255
MAXED_1046	102	Pulse	99	2260000	3257	NA
MAXED_1046	102	Response	1	2276026	19283	1
MAXED_1046	103	Picture	stage2_box	2276076	0	1	1166	1	0	next	false_alarm	257
MAXED_1046	103	Response	1	2277156	1079	1
MAXED_1046	104	Picture	stage2_up	2277242	0	1	7549	1	0	next	other	0
MAXED_1046	104	Pulse	99	2280000	2758	NA
MAXED_1046	105	Picture	stage2_win	2284792	0	1	10163	1	0	next	other	0
MAXED_1046	106	Picture	stage1	2294955	0	1	10163	1	0	next	false_alarm	263
MAXED_1046	106	Pulse	99	2300000	5045	NA
MAXED_1046	106	Response	1	2305056	10101	1
MAXED_1046	107	Picture	stage1_box	2305118	0	1	7549	1	0	next	other	0
MAXED_1046	108	Picture	stage1_outcome	2312668	0	1	167	1	0	next	other	0
MAXED_1046	109	Picture	stage2A	2312834	0	1	12268	1	0	next	false_alarm	268
MAXED_1046	109	Pulse	99	2320000	7166	NA
MAXED_1046	109	Response	2	2325052	12218	1
MAXED_1046	110	Picture	stage2_box	2325103	0	1	7664	1	0	next	other	0
MAXED_1046	111	Picture	stage2_up	2332767	0	1	7664	1	0	next	other	0
MAXED_1046	111	Pulse	99	2340000	7233	NA
MAXED_1046	112	Picture	stage2_win	2340431	0	1	10163	1	0	next	other	0
MAXED_1046	113	Picture	stage1	2350594	0	1	5831	1	0	next	false_alarm	274
MAXED_1046	113	Response	1	2356347	5752	1
MAXED_1046	114	Picture	stage1_box	2356425	0	1	7550	1	0	next	other	0
MAXED_1046	114	Pulse	99	2360000	3575	NA
MAXED_1046	115	Picture	stage1_outcome	2363976	0	1	167	1	0	next	other	0
MAXED_1046	116	Picture	stage2B	2364142	0	1	35470	1	0	next	false_alarm	280
MAXED_1046	116	Pulse	99	2380000	15858	NA
MAXED_1046	116	Response	2	2399561	35419	1
MAXED_1046	117	Picture	stage2_box	2399612	0	1	7664	1	0	next	other	0
MAXED_1046	117	Pulse	99	2400000	388	NA
MAXED_1046	118	Picture	stage2_up	2407276	0	1	7664	1	0	next	other	0
MAXED_1046	119	Picture	stage2_win	2414940	0	1	10163	1	0	next	other	0
MAXED_1046	119	Pulse	99	2420000	5060	NA
MAXED_1046	120	Picture	stage1	2425103	0	1	5665	1	0	next	false_alarm	287
MAXED_1046	120	Response	1	2430707	5603	1
MAXED_1046	121	Picture	stage1_box	2430768	0	1	7551	1	0	next	other	0
MAXED_1046	122	Picture	stage1_outcome	2438319	0	1	167	1	0	next	other	0
MAXED_1046	123	Picture	stage2A	2438486	0	1	7244	1	0	next	false_alarm	292
MAXED_1046	123	Pulse	99	2440000	1514	NA
MAXED_1046	123	Response	2	2445680	7194	1
MAXED_1046	124	Picture	stage2_box	2445730	0	1	7664	1	0	next	other	0
MAXED_1046	125	Picture	stage2_up	2453394	0	1	7664	1	0	next	other	0
MAXED_1046	125	Pulse	99	2460000	6606	NA
MAXED_1046	126	Picture	stage2_lose	2461058	0	1	10050	1	0	next	other	0
MAXED_1046	127	Picture	stage1	2471108	0	1	5163	1	0	next	false_alarm	298
MAXED_1046	127	Response	2	2476221	5113	1
MAXED_1046	128	Picture	stage1_box	2476271	0	1	7550	1	0	next	other	0
MAXED_1046	128	Pulse	99	2480000	3729	NA
MAXED_1046	129	Picture	stage1_outcome	2483821	0	1	167	1	0	next	other	0
MAXED_1046	130	Picture	stage2A	2483988	0	1	11592	1	0	next	false_alarm	303
MAXED_1046	130	Response	1	2495529	11542	1
MAXED_1046	131	Picture	stage2_box	2495580	0	1	7664	1	0	next	other	0
MAXED_1046	131	Pulse	99	2500000	4420	NA
MAXED_1046	132	Picture	stage2_up	2503244	0	1	7664	1	0	next	other	0
MAXED_1046	133	Picture	stage2_lose	2510908	0	1	10050	1	0	next	other	0
MAXED_1046	133	Pulse	99	2520000	9092	NA
MAXED_1046	134	Picture	stage1	2520958	0	1	5059	1	0	next	false_alarm	310
MAXED_1046	134	Response	1	2525967	5009	1
MAXED_1046	135	Picture	stage1_box	2526017	0	1	7550	1	0	next	other	0
MAXED_1046	136	Picture	stage1_outcome	2533567	0	1	167	1	0	next	other	0
MAXED_1046	137	Picture	stage2A	2533734	0	1	8791	1	0	next	false_alarm	315
MAXED_1046	137	Pulse	99	2540000	6266	NA
MAXED_1046	137	Response	2	2542473	8740	1
MAXED_1046	138	Picture	stage2_box	2542524	0	1	7664	1	0	next	other	0
MAXED_1046	139	Picture	stage2_up	2550188	0	1	7664	1	0	next	other	0
MAXED_1046	140	Picture	stage2_lose	2557852	0	1	10051	1	0	next	other	0
MAXED_1046	140	Pulse	99	2560000	2148	NA
MAXED_1046	141	Picture	stage1	2567903	0	1	8798	1	0	next	false_alarm	321
MAXED_1046	141	Response	2	2576650	8747	1
MAXED_1046	142	Picture	stage1_box	2576701	0	1	7582	1	0	next	other	0
MAXED_1046	142	Pulse	99	2580000	3299	NA
MAXED_1046	143	Picture	stage1_outcome	2584283	0	1	167	1	0	next	other	0
MAXED_1046	144	Picture	stage2B	2584450	0	1	16570	1	0	next	false_alarm	327
MAXED_1046	144	Pulse	99	2600000	15550	NA
MAXED_1046	144	Response	1	2600969	16520	1
MAXED_1046	145	Picture	stage2_box	2601020	0	1	7664	1	0	next	other	0
MAXED_1046	146	Picture	stage2_up	2608684	0	1	7664	1	0	next	other	0
MAXED_1046	147	Picture	stage2_win	2616348	0	1	10163	1	0	next	other	0
MAXED_1046	147	Pulse	99	2620000	3652	NA
MAXED_1046	148	Picture	stage1	2626511	0	1	7997	1	0	next	false_alarm	333
MAXED_1046	148	Response	1	2634321	7810	1
MAXED_1046	149	Picture	stage1_box	2634508	0	1	7551	1	0	next	other	0
MAXED_1046	149	Pulse	99	2640000	5492	NA
MAXED_1046	150	Picture	stage1_outcome	2642059	0	1	167	1	0	next	other	0
MAXED_1046	151	Picture	stage2A	2642225	0	1	6665	1	0	next	false_alarm	338
MAXED_1046	151	Response	2	2648840	6615	1
MAXED_1046	152	Picture	stage2_box	2648890	0	1	7664	1	0	next	other	0
MAXED_1046	153	Picture	stage2_up	2656554	0	1	7664	1	0	next	other	0
MAXED_1046	153	Pulse	99	2660000	3446	NA
MAXED_1046	154	Picture	stage2_lose	2664218	0	1	10051	1	0	next	other	0
MAXED_1046	155	Picture	stage1	2674270	0	1	8534	1	0	next	false_alarm	345
MAXED_1046	155	Pulse	99	2680000	5731	NA
MAXED_1046	155	Response	2	2682753	8483	1
MAXED_1046	156	Picture	stage1_box	2682803	0	1	7550	1	0	next	other	0
MAXED_1046	157	Picture	stage1_outcome	2690353	0	1	167	1	0	next	other	0
MAXED_1046	158	Picture	stage2B	2690520	0	1	10833	1	0	next	false_alarm	350
MAXED_1046	158	Pulse	99	2700000	9480	NA
MAXED_1046	158	Response	1	2701302	10782	1
MAXED_1046	159	Picture	stage2_box	2701352	0	1	7664	1	0	next	other	0
MAXED_1046	160	Picture	stage2_up	2709016	0	1	7664	1	0	next	other	0
MAXED_1046	161	Picture	stage2_win	2716680	0	1	10163	1	0	next	other	0
MAXED_1046	161	Pulse	99	2720000	3320	NA
MAXED_1046	162	Picture	stage1	2726843	0	1	4832	1	0	next	false_alarm	356
MAXED_1046	162	Response	2	2731624	4781	1
MAXED_1046	163	Picture	stage1_box	2731675	0	1	7550	1	0	next	other	0
MAXED_1046	164	Picture	stage1_outcome	2739225	0	1	167	1	0	next	other	0
MAXED_1046	165	Picture	stage2B	2739392	0	1	7474	1	0	next	false_alarm	361
MAXED_1046	165	Pulse	99	2740000	608	NA
MAXED_1046	165	Response	1	2746815	7424	1
MAXED_1046	166	Picture	stage2_box	2746866	0	1	7664	1	0	next	other	0
MAXED_1046	167	Picture	stage2_up	2754530	0	1	7664	1	0	next	other	0
MAXED_1046	167	Pulse	99	2760000	5470	NA
MAXED_1046	168	Picture	stage2_lose	2762194	0	1	10051	1	0	next	other	0
MAXED_1046	169	Picture	stage1	2772245	0	1	3020	1	0	next	false_alarm	367
MAXED_1046	169	Response	1	2775215	2970	1
MAXED_1046	170	Picture	stage1_box	2775265	0	1	7550	1	0	next	other	0
MAXED_1046	170	Pulse	99	2780000	4735	NA
MAXED_1046	171	Picture	stage1_outcome	2782815	0	1	167	1	0	next	other	0
MAXED_1046	172	Picture	stage2A	2782981	0	1	5782	1	0	next	false_alarm	372
MAXED_1046	172	Response	2	2788712	5731	1
MAXED_1046	173	Picture	stage2_box	2788763	0	1	7664	1	0	next	other	0
MAXED_1046	174	Picture	stage2_up	2796427	0	1	7664	1	0	next	other	0
MAXED_1046	174	Pulse	99	2800000	3573	NA
MAXED_1046	175	Picture	stage2_win	2804091	0	1	10163	1	0	next	other	0
MAXED_1046	176	Picture	stage1	2814254	0	1	6165	1	0	next	false_alarm	379
MAXED_1046	176	Pulse	99	2820000	5746	NA
MAXED_1046	176	Response	1	2820282	6028	1
MAXED_1046	177	Picture	stage1_box	2820419	0	1	7551	1	0	next	other	0
MAXED_1046	178	Picture	stage1_outcome	2827969	0	1	167	1	0	next	other	0
MAXED_1046	179	Picture	stage2A	2828136	0	1	9141	1	0	next	false_alarm	383
MAXED_1046	179	Response	2	2837227	9090	1
MAXED_1046	180	Picture	stage2_box	2837277	0	1	7664	1	0	next	other	0
MAXED_1046	180	Pulse	99	2840000	2723	NA
MAXED_1046	181	Picture	stage2_up	2844941	0	1	7664	1	0	next	other	0
MAXED_1046	182	Picture	stage2_win	2852605	0	1	10163	1	0	next	other	0
MAXED_1046	182	Pulse	99	2860000	7395	NA
MAXED_1046	183	Picture	stage1	2862769	0	1	7997	1	0	next	false_alarm	390
MAXED_1046	183	Response	1	2870681	7912	1
MAXED_1046	184	Picture	stage1_box	2870766	0	1	7550	1	0	next	other	0
MAXED_1046	185	Picture	stage1_outcome	2878316	0	1	167	1	0	next	other	0
MAXED_1046	186	Picture	stage2B	2878482	0	1	10763	1	0	next	false_alarm	395
MAXED_1046	186	Pulse	99	2880000	1518	NA
MAXED_1046	186	Response	1	2889196	10714	1
MAXED_1046	187	Picture	stage2_box	2889246	0	1	7664	1	0	next	other	0
MAXED_1046	188	Picture	stage2_up	2896910	0	1	7664	1	0	next	other	0
MAXED_1046	188	Pulse	99	2900000	3090	NA
MAXED_1046	189	Picture	stage2_win	2904574	0	1	10163	1	0	next	other	0
MAXED_1046	190	Picture	stage1	2914737	0	1	6998	1	0	next	false_alarm	402
MAXED_1046	190	Pulse	99	2920000	5263	NA
MAXED_1046	190	Response	1	2921562	6825	1
MAXED_1046	191	Picture	stage1_box	2921735	0	1	7550	1	0	next	other	0
MAXED_1046	192	Picture	stage1_outcome	2929284	0	1	167	1	0	next	other	0
MAXED_1046	193	Picture	stage2B	2929451	0	1	12459	1	0	next	false_alarm	407
MAXED_1046	193	Pulse	99	2940000	10549	NA
MAXED_1046	193	Response	2	2941860	12409	1
MAXED_1046	194	Picture	stage2_box	2941910	0	1	7664	1	0	next	other	0
MAXED_1046	195	Picture	stage2_up	2949574	0	1	7664	1	0	next	other	0
MAXED_1046	196	Picture	stage2_lose	2957239	0	1	10050	1	0	next	other	0
MAXED_1046	196	Pulse	99	2960000	2761	NA
MAXED_1046	197	Picture	stage1	2967289	0	1	4723	1	0	next	false_alarm	413
MAXED_1046	197	Response	1	2971868	4579	1
MAXED_1046	198	Picture	stage1_box	2972012	0	1	7550	1	0	next	other	0
MAXED_1046	199	Picture	stage1_outcome	2979562	0	1	167	1	0	next	other	0
MAXED_1046	200	Picture	stage2A	2979729	0	1	11388	1	0	next	false_alarm	418
MAXED_1046	200	Pulse	99	2980000	271	NA
MAXED_1046	200	Response	2	2991066	11338	1
MAXED_1046	201	Picture	stage2_box	2991116	0	1	7664	1	0	next	other	0
MAXED_1046	202	Picture	stage2_up	2998780	0	1	7664	1	0	next	other	0
MAXED_1046	202	Pulse	99	3000000	1220	NA
MAXED_1046	203	Picture	stage2_win	3006444	0	1	10163	1	0	next	other	0
MAXED_1046	204	Picture	stage1	3016608	0	1	4498	1	0	next	false_alarm	425
MAXED_1046	204	Pulse	99	3020000	3392	NA
MAXED_1046	204	Response	1	3021005	4397	1
MAXED_1046	205	Picture	stage1_box	3021106	0	1	7550	1	0	next	other	0
MAXED_1046	206	Picture	stage1_outcome	3028656	0	1	167	1	0	next	other	0
MAXED_1046	207	Picture	stage2A	3028823	0	1	6774	1	0	next	false_alarm	429
MAXED_1046	207	Response	2	3035547	6725	1
MAXED_1046	208	Picture	stage2_box	3035597	0	1	7664	1	0	next	other	0
MAXED_1046	208	Pulse	99	3040000	4403	NA
MAXED_1046	209	Picture	stage2_up	3043261	0	1	7664	1	0	next	other	0
MAXED_1046	210	Picture	stage2_win	3050925	0	1	10163	1	0	next	other	0
MAXED_1046	210	Pulse	99	3060000	9075	NA
MAXED_1046	211	Picture	stage1	3061088	0	1	4498	1	0	next	false_alarm	436
MAXED_1046	211	Response	1	3065418	4330	1
MAXED_1046	212	Picture	stage1_box	3065587	0	1	7549	1	0	next	other	0
MAXED_1046	213	Picture	stage1_outcome	3073136	0	1	167	1	0	next	other	0
MAXED_1046	214	Picture	stage2A	3073303	0	1	6052	1	0	next	false_alarm	440
MAXED_1046	214	Response	2	3079305	6002	1
MAXED_1046	215	Picture	stage2_box	3079355	0	1	7664	1	0	next	other	0
MAXED_1046	215	Pulse	99	3080000	645	NA
MAXED_1046	216	Picture	stage2_up	3087019	0	1	7664	1	0	next	other	0
MAXED_1046	217	Picture	stage2_lose	3094683	0	1	10050	1	0	next	other	0
MAXED_1046	217	Pulse	99	3100000	5317	NA
MAXED_1046	218	Picture	stage1	3104733	0	1	14529	1	0	next	false_alarm	447
MAXED_1046	218	Response	1	3119211	14478	1
MAXED_1046	219	Picture	stage1_box	3119262	0	1	7550	1	0	next	other	0
MAXED_1046	219	Pulse	99	3120000	738	NA
MAXED_1046	220	Picture	stage1_outcome	3126812	0	1	167	1	0	next	other	0
MAXED_1046	221	Picture	stage2B	3126978	0	1	13054	1	0	next	false_alarm	452
MAXED_1046	221	Response	2	3139982	13004	1
MAXED_1046	221	Pulse	99	3140000	13022	NA
MAXED_1046	222	Picture	stage2_box	3140033	0	1	7664	1	0	next	other	0
MAXED_1046	223	Picture	stage2_up	3147697	0	1	7664	1	0	next	other	0
MAXED_1046	224	Picture	stage2_lose	3155361	0	1	10050	1	0	next	other	0
MAXED_1046	224	Pulse	99	3160000	4639	NA
MAXED_1046	225	Picture	stage1	3165411	0	1	4673	1	0	next	false_alarm	459
MAXED_1046	225	Response	1	3170034	4623	1
MAXED_1046	226	Picture	stage1_box	3170084	0	1	7549	1	0	next	other	0
MAXED_1046	227	Picture	stage1_outcome	3177633	0	1	167	1	0	next	other	0
MAXED_1046	228	Picture	stage2A	3177800	0	1	11761	1	0	next	false_alarm	464
MAXED_1046	228	Pulse	99	3180000	2200	NA
MAXED_1046	228	Response	2	3189414	11614	1
MAXED_1046	229	Picture	stage2_box	3189561	0	1	7550	1	0	next	other	0
MAXED_1046	230	Picture	stage2_up	3197111	0	1	7550	1	0	next	other	0
MAXED_1046	230	Pulse	99	3200000	2889	NA
MAXED_1046	231	Picture	stage2_win	3204661	0	1	10163	1	0	next	other	0
MAXED_1046	232	Picture	stage1	3214824	0	1	4498	1	0	next	false_alarm	470
MAXED_1046	232	Response	1	3219246	4422	1
MAXED_1046	233	Picture	stage1_box	3219323	0	1	7549	1	0	next	other	0
MAXED_1046	233	Pulse	99	3220000	677	NA
MAXED_1046	234	Picture	stage1_outcome	3226872	0	1	167	1	0	next	other	0
MAXED_1046	235	Picture	stage2A	3227039	0	1	5121	1	0	next	false_alarm	475
MAXED_1046	235	Response	2	3232110	5071	1
MAXED_1046	236	Picture	stage2_box	3232159	0	1	7664	1	0	next	other	0
MAXED_1046	237	Picture	stage2_up	3239823	0	1	7664	1	0	next	other	0
MAXED_1046	237	Pulse	99	3240000	177	NA
MAXED_1046	238	Picture	stage2_win	3247487	0	1	10163	1	0	next	other	0
MAXED_1046	239	Picture	stage1	3257650	0	1	3832	1	0	next	false_alarm	482
MAXED_1046	239	Pulse	99	3260000	2350	NA
MAXED_1046	239	Response	1	3261314	3663	1
MAXED_1046	240	Picture	stage1_box	3261483	0	1	7664	1	0	next	other	0
MAXED_1046	241	Picture	stage1_outcome	3269147	0	1	167	1	0	next	other	0
MAXED_1046	242	Picture	stage2A	3269313	0	1	4656	1	0	next	false_alarm	486
MAXED_1046	242	Response	2	3273850	4537	1
MAXED_1046	243	Picture	stage2_box	3273969	0	1	7550	1	0	next	other	0
MAXED_1046	243	Pulse	99	3280000	6031	NA
MAXED_1046	244	Picture	stage2_up	3281519	0	1	7550	1	0	next	other	0
MAXED_1046	245	Picture	stage2_win	3289069	0	1	10163	1	0	next	other	0
MAXED_1046	246	Picture	stage1	3299232	0	1	6998	1	0	next	false_alarm	493
MAXED_1046	246	Pulse	99	3300000	768	NA
MAXED_1046	246	Response	1	3306103	6871	1
MAXED_1046	247	Picture	stage1_box	3306230	0	1	7550	1	0	next	other	0
MAXED_1046	248	Picture	stage1_outcome	3313780	0	1	167	1	0	next	other	0
MAXED_1046	249	Picture	stage2A	3313946	0	1	3410	1	0	next	false_alarm	497
MAXED_1046	249	Response	2	3317306	3360	1
MAXED_1046	250	Picture	stage2_box	3317356	0	1	7664	1	0	next	other	0
MAXED_1046	250	Pulse	99	3320000	2644	NA
MAXED_1046	251	Picture	stage2_up	3325020	0	1	7664	1	0	next	other	0
MAXED_1046	252	Picture	stage2_win	3332684	0	1	10163	1	0	next	other	0
MAXED_1046	252	Pulse	99	3340000	7316	NA
MAXED_1046	253	Picture	stage1	3342847	0	1	4332	1	0	next	false_alarm	504
MAXED_1046	253	Response	1	3347018	4171	1
MAXED_1046	254	Picture	stage1_box	3347179	0	1	7664	1	0	next	other	0
MAXED_1046	255	Picture	stage1_outcome	3354843	0	1	167	1	0	next	other	0
MAXED_1046	256	Picture	stage2B	3355010	0	1	12028	1	0	next	false_alarm	509
MAXED_1046	256	Pulse	99	3360000	4990	NA
MAXED_1046	256	Response	1	3366987	11977	1
MAXED_1046	257	Picture	stage2_box	3367038	0	1	7664	1	0	next	other	0
MAXED_1046	258	Picture	stage2_up	3374702	0	1	7664	1	0	next	other	0
MAXED_1046	258	Pulse	99	3380000	5298	NA
MAXED_1046	259	Picture	stage2_lose	3382366	0	1	10050	1	0	next	other	0
MAXED_1046	260	Picture	stage1	3392416	0	1	7054	1	0	next	false_alarm	515
MAXED_1046	260	Response	1	3399419	7003	1
MAXED_1046	261	Picture	stage1_box	3399470	0	1	7550	1	0	next	other	0
MAXED_1046	261	Pulse	99	3400000	530	NA
MAXED_1046	262	Picture	stage1_outcome	3407019	0	1	167	1	0	next	other	0
MAXED_1046	263	Picture	stage2A	3407186	0	1	6131	1	0	next	false_alarm	520
MAXED_1046	263	Response	2	3413267	6081	1
MAXED_1046	264	Picture	stage2_box	3413317	0	1	7664	1	0	next	other	0
MAXED_1046	264	Pulse	99	3420000	6683	NA
MAXED_1046	265	Picture	stage2_up	3420981	0	1	7664	1	0	next	other	0
MAXED_1046	266	Picture	stage2_win	3428645	0	1	10163	1	0	next	other	0
MAXED_1046	267	Picture	stage1	3438809	0	1	5665	1	0	next	false_alarm	527
MAXED_1046	267	Pulse	99	3440000	1191	NA
MAXED_1046	267	Response	1	3444422	5613	1
MAXED_1046	268	Picture	stage1_box	3444473	0	1	7550	1	0	next	other	0
MAXED_1046	269	Picture	stage1_outcome	3452023	0	1	167	1	0	next	other	0
MAXED_1046	270	Picture	stage2B	3452189	0	1	14173	1	0	next	false_alarm	532
MAXED_1046	270	Pulse	99	3460000	7811	NA
MAXED_1046	270	Response	2	3466312	14123	1
MAXED_1046	271	Picture	stage2_box	3466363	0	1	7664	1	0	next	other	0
MAXED_1046	272	Picture	stage2_up	3474027	0	1	7664	1	0	next	other	0
MAXED_1046	272	Pulse	99	3480000	5973	NA
MAXED_1046	273	Picture	stage2_lose	3481691	0	1	10153	1	0	next	other	0
MAXED_1046	274	Picture	stage1	3491844	0	1	5879	1	0	next	false_alarm	538
MAXED_1046	274	Response	1	3497673	5829	1
MAXED_1046	275	Picture	stage1_box	3497723	0	1	7578	1	0	next	other	0
MAXED_1046	275	Pulse	99	3500000	2277	NA
MAXED_1046	276	Picture	stage1_outcome	3505301	0	1	167	1	0	next	other	0
MAXED_1046	277	Picture	stage2A	3505468	0	1	17174	1	0	next	false_alarm	544
MAXED_1046	277	Pulse	99	3520000	14532	NA
MAXED_1046	277	Response	2	3522591	17123	1
MAXED_1046	278	Picture	stage2_box	3522642	0	1	7664	1	0	next	other	0
MAXED_1046	279	Picture	stage2_up	3530306	0	1	7664	1	0	next	other	0
MAXED_1046	280	Picture	stage2_win	3537970	0	1	10163	1	0	next	other	0
MAXED_1046	280	Pulse	99	3540000	2030	NA
MAXED_1046	281	Picture	stage1	3548133	0	1	5831	1	0	next	false_alarm	550
MAXED_1046	281	Response	1	3553915	5782	1
MAXED_1046	282	Picture	stage1_box	3553964	0	1	7549	1	0	next	other	0
MAXED_1046	282	Pulse	99	3560000	6036	NA
MAXED_1046	283	Picture	stage1_outcome	3561514	0	1	167	1	0	next	other	0
MAXED_1046	284	Picture	stage2A	3561680	0	1	7194	1	0	next	false_alarm	555
MAXED_1046	284	Response	2	3568824	7144	1
MAXED_1046	285	Picture	stage2_box	3568874	0	1	7664	1	0	next	other	0
MAXED_1046	286	Picture	stage2_up	3576538	0	1	7664	1	0	next	other	0
MAXED_1046	286	Pulse	99	3580000	3462	NA
MAXED_1046	287	Picture	stage2_win	3584202	0	1	10163	1	0	next	other	0
MAXED_1046	288	Picture	stage1	3594366	0	1	5665	1	0	next	false_alarm	561
MAXED_1046	288	Response	1	3599845	5479	1
MAXED_1046	288	Pulse	99	3600000	5634	NA
MAXED_1046	289	Picture	stage1_box	3600030	0	1	7549	1	0	next	other	0
MAXED_1046	290	Picture	stage1_outcome	3607580	0	1	167	1	0	next	other	0
MAXED_1046	291	Picture	stage2B	3607746	0	1	11364	1	0	next	false_alarm	566
MAXED_1046	291	Response	1	3619060	11314	1
MAXED_1046	292	Picture	stage2_box	3619110	0	1	7664	1	0	next	other	0
MAXED_1046	292	Pulse	99	3620000	890	NA
MAXED_1046	293	Picture	stage2_up	3626774	0	1	7664	1	0	next	other	0
MAXED_1046	294	Picture	stage2_win	3634439	0	1	10163	1	0	next	other	0
MAXED_1046	294	Pulse	99	3640000	5561	NA
MAXED_1046	295	Picture	stage1	3644602	0	1	5998	1	0	next	false_alarm	573
MAXED_1046	295	Response	1	3650485	5883	1
MAXED_1046	296	Picture	stage1_box	3650600	0	1	7550	1	0	next	other	0
MAXED_1046	297	Picture	stage1_outcome	3658150	0	1	167	1	0	next	other	0
MAXED_1046	298	Picture	stage2A	3658316	0	1	6226	1	0	next	false_alarm	578
MAXED_1046	298	Pulse	99	3660000	1684	NA
MAXED_1046	298	Response	2	3664492	6176	1
MAXED_1046	299	Picture	stage2_box	3664542	0	1	7664	1	0	next	other	0
MAXED_1046	300	Picture	stage2_up	3672206	0	1	7664	1	0	next	other	0
MAXED_1046	301	Picture	stage2_lose	3679870	0	1	10050	1	0	next	other	0
MAXED_1046	301	Pulse	99	3680000	130	NA
MAXED_1046	302	Picture	stage1	3689921	0	1	5358	1	0	next	false_alarm	584
MAXED_1046	302	Response	2	3695228	5308	1
MAXED_1046	303	Picture	stage1_box	3695279	0	1	7550	1	0	next	other	0
MAXED_1046	303	Pulse	99	3700000	4721	NA
MAXED_1046	304	Picture	stage1_outcome	3702829	0	1	167	1	0	next	other	0
MAXED_1046	305	Picture	stage2A	3702996	0	1	6844	1	0	next	false_alarm	589
MAXED_1046	305	Response	2	3709789	6793	1
MAXED_1046	306	Picture	stage2_box	3709840	0	1	7664	1	0	next	other	0
MAXED_1046	307	Picture	stage2_up	3717504	0	1	7664	1	0	next	other	0
MAXED_1046	307	Pulse	99	3720000	2496	NA
MAXED_1046	308	Picture	stage2_win	3725168	0	1	10163	1	0	next	other	0
MAXED_1046	309	Picture	stage1	3735331	0	1	14581	1	0	next	false_alarm	596
MAXED_1046	309	Pulse	99	3740000	4669	NA
MAXED_1046	309	Response	1	3749862	14531	1
MAXED_1046	310	Picture	stage1_box	3749912	0	1	7550	1	0	next	other	0
MAXED_1046	311	Picture	stage1_outcome	3757461	0	1	167	1	0	next	other	0
MAXED_1046	312	Picture	stage2B	3757628	0	1	10047	1	0	next	false_alarm	601
MAXED_1046	312	Pulse	99	3760000	2372	NA
MAXED_1046	312	Response	1	3767625	9997	1
MAXED_1046	313	Picture	stage2_box	3767675	0	1	7664	1	0	next	other	0
MAXED_1046	314	Picture	stage2_up	3775339	0	1	7664	1	0	next	other	0
MAXED_1046	314	Pulse	99	3780000	4661	NA
MAXED_1046	315	Picture	stage2_win	3783003	0	1	10163	1	0	next	other	0
MAXED_1046	316	Picture	stage1	3793166	0	1	6163	2	0	next	false_alarm	607
MAXED_1046	316	Response	1	3799141	5975	1
MAXED_1046	317	Picture	stage1_box	3799329	0	2	7550	2	0	next	other	0
MAXED_1046	317	Pulse	99	3800000	671	NA
MAXED_1046	318	Picture	stage1_outcome	3806879	0	1	167	1	0	next	other	0
MAXED_1046	319	Picture	stage2A	3807046	0	1	9068	1	0	next	false_alarm	612
MAXED_1046	319	Response	2	3816063	9017	1
MAXED_1046	320	Picture	stage2_box	3816114	0	1	7664	1	0	next	other	0
MAXED_1046	320	Pulse	99	3820000	3886	NA
MAXED_1046	321	Picture	stage2_up	3823778	0	1	7664	1	0	next	other	0
MAXED_1046	322	Picture	stage2_win	3831442	0	1	10163	1	0	next	other	0
MAXED_1046	322	Pulse	99	3840000	8558	NA
MAXED_1046	323	Picture	stage1	3841605	0	1	7831	1	0	next	false_alarm	619
MAXED_1046	323	Response	1	3849260	7655	1
MAXED_1046	324	Picture	stage1_box	3849436	0	1	7562	1	0	next	other	0
MAXED_1046	325	Picture	stage1_outcome	3856998	0	1	167	1	0	next	other	0
MAXED_1046	326	Picture	stage2B	3857164	0	1	24084	1	0	next	false_alarm	625
MAXED_1046	326	Pulse	99	3860000	2836	NA
MAXED_1046	326	Pulse	99	3880000	22836	NA
MAXED_1046	326	Response	2	3881197	24033	1
MAXED_1046	327	Picture	stage2_box	3881248	0	1	7664	1	0	next	other	0
MAXED_1046	328	Picture	stage2_up	3888912	0	1	7664	1	0	next	other	0
MAXED_1046	329	Picture	stage2_lose	3896576	0	1	10050	1	0	next	other	0
MAXED_1046	329	Pulse	99	3900000	3424	NA
MAXED_1046	330	Picture	stage1	3906626	0	1	5915	1	0	next	false_alarm	631
MAXED_1046	330	Response	1	3912491	5865	1
MAXED_1046	331	Picture	stage1_box	3912541	0	1	7550	1	0	next	other	0
MAXED_1046	331	Pulse	99	3920000	7459	NA
MAXED_1046	332	Picture	stage1_outcome	3920091	0	1	167	1	0	next	other	0
MAXED_1046	333	Picture	stage2B	3920258	0	1	9291	1	0	next	false_alarm	636
MAXED_1046	333	Response	1	3929499	9241	1
MAXED_1046	334	Picture	stage2_box	3929549	0	1	7664	1	0	next	other	0
MAXED_1046	335	Picture	stage2_up	3937213	0	1	7664	1	0	next	other	0
MAXED_1046	335	Pulse	99	3940000	2787	NA
MAXED_1046	336	Picture	stage2_lose	3944877	0	1	10050	1	0	next	other	0
MAXED_1046	337	Picture	stage1	3954927	0	1	4612	1	0	next	false_alarm	642
MAXED_1046	337	Response	1	3959489	4562	1
MAXED_1046	338	Picture	stage1_box	3959539	0	1	7550	1	0	next	other	0
MAXED_1046	338	Pulse	99	3960000	461	NA
MAXED_1046	339	Picture	stage1_outcome	3967089	0	1	167	1	0	next	other	0
MAXED_1046	340	Picture	stage2B	3967255	0	1	16149	1	0	next	false_alarm	648
MAXED_1046	340	Pulse	99	3980000	12745	NA
MAXED_1046	340	Response	2	3983353	16098	1
MAXED_1046	341	Picture	stage2_box	3983404	0	1	7664	1	0	next	other	0
MAXED_1046	342	Picture	stage2_up	3991068	0	1	7664	1	0	next	other	0
MAXED_1046	343	Picture	stage2_lose	3998732	0	1	10050	1	0	next	other	0
MAXED_1046	343	Pulse	99	4000000	1268	NA
MAXED_1046	344	Picture	stage1	4008783	0	1	5605	1	0	next	false_alarm	654
MAXED_1046	344	Response	1	4014337	5555	1
MAXED_1046	345	Picture	stage1_box	4014388	0	1	7550	1	0	next	other	0
MAXED_1046	345	Pulse	99	4020000	5612	NA
MAXED_1046	346	Picture	stage1_outcome	4021938	0	1	167	1	0	next	other	0
MAXED_1046	347	Picture	stage2A	4022105	0	1	5834	1	0	next	false_alarm	659
MAXED_1046	347	Response	2	4027889	5784	1
MAXED_1046	348	Picture	stage2_box	4027939	0	1	7664	1	0	next	other	0
MAXED_1046	349	Picture	stage2_up	4035603	0	1	7664	1	0	next	other	0
MAXED_1046	349	Pulse	99	4040000	4397	NA
MAXED_1046	350	Picture	stage2_lose	4043267	0	1	10051	1	0	next	other	0
MAXED_1046	351	Picture	stage1	4053318	0	1	4074	1	0	next	false_alarm	665
MAXED_1046	351	Response	2	4057341	4024	1
MAXED_1046	352	Picture	stage1_box	4057391	0	1	7549	1	0	next	other	0
MAXED_1046	352	Pulse	99	4060000	2609	NA
MAXED_1046	353	Picture	stage1_outcome	4064941	0	1	167	1	0	next	other	0
MAXED_1046	354	Picture	stage2B	4065107	0	1	9730	1	0	next	false_alarm	670
MAXED_1046	354	Response	1	4074787	9680	1
MAXED_1046	355	Picture	stage2_box	4074837	0	1	7664	1	0	next	other	0
MAXED_1046	355	Pulse	99	4080000	5163	NA
MAXED_1046	356	Picture	stage2_up	4082501	0	1	7664	1	0	next	other	0
MAXED_1046	357	Picture	stage2_lose	4090165	0	1	10050	1	0	next	other	0
MAXED_1046	357	Pulse	99	4100000	9835	NA
MAXED_1046	358	Picture	stage1	4100215	0	1	3133	1	0	next	false_alarm	677
MAXED_1046	358	Response	1	4103298	3083	1
MAXED_1046	359	Picture	stage1_box	4103348	0	1	7582	1	0	next	other	0
MAXED_1046	360	Picture	stage1_outcome	4110930	0	1	167	1	0	next	other	0
MAXED_1046	361	Picture	stage2B	4111097	0	1	17042	1	0	next	false_alarm	682
MAXED_1046	361	Pulse	99	4120000	8903	NA
MAXED_1046	361	Response	1	4128087	16990	1
MAXED_1046	362	Picture	stage2_box	4128139	0	1	7664	1	0	next	other	0
MAXED_1046	363	Picture	stage2_up	4135803	0	1	7664	1	0	next	other	0
MAXED_1046	363	Pulse	99	4140000	4197	NA
MAXED_1046	364	Picture	stage2_lose	4143467	0	1	10051	1	0	next	other	0
MAXED_1046	365	Picture	stage1	4153517	0	1	3471	1	0	next	false_alarm	688
MAXED_1046	365	Response	1	4156939	3422	1
MAXED_1046	366	Picture	stage1_box	4156988	0	1	7540	1	0	next	other	0
MAXED_1046	366	Pulse	99	4160000	3012	NA
MAXED_1046	367	Picture	stage1_outcome	4164528	0	1	167	1	0	next	other	0
MAXED_1046	368	Picture	stage2A	4164694	0	1	6366	1	0	next	false_alarm	693
MAXED_1046	368	Response	2	4171010	6316	1
MAXED_1046	369	Picture	stage2_box	4171060	0	1	7664	1	0	next	other	0
MAXED_1046	370	Picture	stage2_up	4178724	0	1	7664	1	0	next	other	0
MAXED_1046	370	Pulse	99	4180000	1276	NA
MAXED_1046	371	Picture	stage2_win	4186388	0	1	10163	1	0	next	other	0
MAXED_1046	372	Picture	stage1	4196551	0	1	3499	1	0	next	false_alarm	700
MAXED_1046	372	Pulse	99	4200000	3449	NA
MAXED_1046	372	Response	1	4200002	3451	1
MAXED_1046	373	Picture	stage1_box	4200050	0	1	7664	1	0	next	other	0
MAXED_1046	374	Picture	stage1_outcome	4207714	0	1	167	1	0	next	other	0
MAXED_1046	375	Picture	stage2A	4207881	0	1	5156	1	0	next	false_alarm	704
MAXED_1046	375	Response	2	4212987	5107	1
MAXED_1046	376	Picture	stage2_box	4213037	0	1	7664	1	0	next	other	0
MAXED_1046	376	Pulse	99	4220000	6963	NA
MAXED_1046	377	Picture	stage2_up	4220701	0	1	7664	1	0	next	other	0
MAXED_1046	378	Picture	stage2_win	4228365	0	1	10163	1	0	next	other	0
MAXED_1046	379	Picture	stage1	4238528	0	1	6831	1	0	next	false_alarm	711
MAXED_1046	379	Pulse	99	4240000	1472	NA
MAXED_1046	379	Response	1	4245276	6748	1
MAXED_1046	380	Picture	stage1_box	4245359	0	1	7550	1	0	next	other	0
MAXED_1046	381	Picture	stage1_outcome	4252909	0	1	167	1	0	next	other	0
MAXED_1046	382	Picture	stage2A	4253076	0	1	9213	1	0	next	false_alarm	716
MAXED_1046	382	Pulse	99	4260000	6924	NA
MAXED_1046	382	Response	2	4262239	9163	1
MAXED_1046	383	Picture	stage2_box	4262289	0	1	7664	1	0	next	other	0
MAXED_1046	384	Picture	stage2_up	4269953	0	1	7664	1	0	next	other	0
MAXED_1046	385	Picture	stage2_lose	4277617	0	1	10050	1	0	next	other	0
MAXED_1046	385	Pulse	99	4280000	2383	NA
MAXED_1046	386	Picture	stage1	4287667	0	1	3924	1	0	next	false_alarm	722
MAXED_1046	386	Response	2	4291542	3875	1
MAXED_1046	387	Picture	stage1_box	4291591	0	1	7550	1	0	next	other	0
MAXED_1046	388	Picture	stage1_outcome	4299141	0	1	167	1	0	next	other	0
MAXED_1046	389	Picture	stage2B	4299308	0	1	8793	1	0	next	false_alarm	727
MAXED_1046	389	Pulse	99	4300000	692	NA
MAXED_1046	389	Response	2	4308050	8742	1
MAXED_1046	390	Picture	stage2_box	4308101	0	1	7664	1	0	next	other	0
MAXED_1046	391	Picture	stage2_up	4315765	0	1	7664	1	0	next	other	0
MAXED_1046	391	Pulse	99	4320000	4235	NA
MAXED_1046	392	Picture	stage2_lose	4323429	0	1	10051	1	0	next	other	0
MAXED_1046	393	Picture	stage1	4333479	0	1	5992	1	0	next	false_alarm	733
MAXED_1046	393	Response	1	4339422	5943	1
MAXED_1046	394	Picture	stage1_box	4339472	0	1	7550	1	0	next	other	0
MAXED_1046	394	Pulse	99	4340000	528	NA
MAXED_1046	395	Picture	stage1_outcome	4347022	0	1	167	1	0	next	other	0
MAXED_1046	396	Picture	stage2B	4347188	0	1	9969	1	0	next	false_alarm	738
MAXED_1046	396	Response	1	4357107	9919	1
MAXED_1046	397	Picture	stage2_box	4357157	0	1	7664	1	0	next	other	0
MAXED_1046	397	Pulse	99	4360000	2843	NA
MAXED_1046	398	Picture	stage2_up	4364822	0	1	7664	1	0	next	other	0
MAXED_1046	399	Picture	stage2_win	4372486	0	1	10163	1	0	next	other	0
MAXED_1046	399	Pulse	99	4380000	7514	NA
MAXED_1046	400	Picture	stage1	4382649	0	1	6664	1	0	next	false_alarm	745
MAXED_1046	400	Response	1	4389162	6513	1
MAXED_1046	401	Picture	stage1_box	4389313	0	1	7550	1	0	next	other	0
MAXED_1046	402	Picture	stage1_outcome	4396864	0	1	167	1	0	next	other	0
MAXED_1046	403	Picture	stage2A	4397030	0	1	9639	1	0	next	false_alarm	750
MAXED_1046	403	Pulse	99	4400000	2970	NA
MAXED_1046	403	Response	2	4406619	9589	1
MAXED_1046	404	Picture	stage2_box	4406670	0	1	7664	1	0	next	other	0
MAXED_1046	405	Picture	stage2_up	4414334	0	1	7664	1	0	next	other	0
MAXED_1046	405	Pulse	99	4420000	5666	NA
MAXED_1046	406	Picture	stage2_win	4421998	0	1	10163	1	0	next	other	0
MAXED_1046	407	Picture	stage1	4432161	0	1	4165	1	0	next	false_alarm	756
MAXED_1046	407	Response	1	4436237	4076	1
MAXED_1046	408	Picture	stage1_box	4436326	0	1	7664	1	0	next	other	0
MAXED_1046	408	Pulse	99	4440000	3674	NA
MAXED_1046	409	Picture	stage1_outcome	4443990	0	1	167	1	0	next	other	0
MAXED_1046	410	Picture	stage2A	4444157	0	1	6176	1	0	next	false_alarm	761
MAXED_1046	410	Response	2	4450282	6125	1
MAXED_1046	411	Picture	stage2_box	4450333	0	1	7664	1	0	next	other	0
MAXED_1046	412	Picture	stage2_up	4457997	0	1	7664	1	0	next	other	0
MAXED_1046	412	Pulse	99	4460000	2003	NA
MAXED_1046	413	Picture	stage2_win	4465661	0	1	10163	1	0	next	other	0
MAXED_1046	414	Picture	stage1	4475824	0	1	5498	1	0	next	false_alarm	768
MAXED_1046	414	Pulse	99	4480000	4176	NA
MAXED_1046	414	Response	1	4481262	5438	1
MAXED_1046	415	Picture	stage1_box	4481322	0	1	7550	1	0	next	other	0
MAXED_1046	416	Picture	stage1_outcome	4488872	0	1	167	1	0	next	other	0
MAXED_1046	417	Picture	stage2A	4489039	0	1	6118	1	0	next	false_alarm	772
MAXED_1046	417	Response	2	4495083	6044	1
MAXED_1046	418	Picture	stage2_box	4495156	0	1	7550	1	0	next	other	0
MAXED_1046	418	Pulse	99	4500000	4844	NA
MAXED_1046	419	Picture	stage2_up	4502706	0	1	7550	1	0	next	other	0
MAXED_1046	420	Picture	stage2_win	4510256	0	1	10163	1	0	next	other	0
MAXED_1046	420	Pulse	99	4520000	9744	NA
MAXED_1046	421	Picture	stage1	4520419	0	1	2999	1	0	next	false_alarm	779
MAXED_1046	421	Response	1	4523232	2812	1
MAXED_1046	422	Picture	stage1_box	4523418	0	1	7664	1	0	next	other	0
MAXED_1046	423	Picture	stage1_outcome	4531082	0	1	167	1	0	next	other	0
MAXED_1046	424	Picture	stage2A	4531249	0	1	5638	1	0	next	false_alarm	783
MAXED_1046	424	Response	2	4536803	5554	1
MAXED_1046	425	Picture	stage2_box	4536887	0	1	7550	1	0	next	other	0
MAXED_1046	425	Pulse	99	4540000	3113	NA
MAXED_1046	426	Picture	stage2_up	4544437	0	1	7550	1	0	next	other	0
MAXED_1046	427	Picture	stage2_lose	4551987	0	1	10051	1	0	next	other	0
MAXED_1046	427	Pulse	99	4560000	8013	NA
MAXED_1046	428	Picture	stage1	4562038	0	1	3084	1	0	next	false_alarm	790
MAXED_1046	428	Response	2	4565072	3035	1
MAXED_1046	429	Picture	stage1_box	4565121	0	1	7551	1	0	next	other	0
MAXED_1046	430	Picture	stage1_outcome	4572673	0	1	167	1	0	next	other	0
MAXED_1046	431	Picture	stage2B	4572839	0	1	11222	1	0	next	false_alarm	795
MAXED_1046	431	Pulse	99	4580000	7161	NA
MAXED_1046	431	Response	2	4584010	11171	1
MAXED_1046	432	Picture	stage2_box	4584061	0	1	7664	1	0	next	other	0
MAXED_1046	433	Picture	stage2_up	4591725	0	1	7664	1	0	next	other	0
MAXED_1046	434	Picture	stage2_win	4599389	0	1	10163	1	0	next	other	0
MAXED_1046	434	Pulse	99	4600000	611	NA
MAXED_1046	435	Picture	stage1	4609552	0	1	5998	1	0	next	false_alarm	801
MAXED_1046	435	Response	1	4615462	5910	1
MAXED_1046	436	Picture	stage1_box	4615550	0	1	7550	1	0	next	other	0
MAXED_1046	436	Pulse	99	4620000	4450	NA
MAXED_1046	437	Picture	stage1_outcome	4623100	0	1	167	1	0	next	other	0
MAXED_1046	438	Picture	stage2B	4623267	0	1	11353	1	0	next	false_alarm	806
MAXED_1046	438	Response	2	4634569	11302	1
MAXED_1046	439	Picture	stage2_box	4634620	0	1	7664	1	0	next	other	0
MAXED_1046	439	Pulse	99	4640000	5380	NA
MAXED_1046	440	Picture	stage2_up	4642284	0	1	7664	1	0	next	other	0
MAXED_1046	441	Picture	stage2_win	4649948	0	1	10163	1	0	next	other	0
MAXED_1046	441	Pulse	99	4660000	10052	NA
MAXED_1046	442	Picture	stage1	4660111	0	1	5998	1	0	next	false_alarm	813
MAXED_1046	442	Response	1	4666066	5956	1
MAXED_1046	443	Picture	stage1_box	4666109	0	1	7642	1	0	next	other	0
MAXED_1046	444	Picture	stage1_outcome	4673751	0	1	167	1	0	next	other	0
MAXED_1046	445	Picture	stage2B	4673918	0	1	13136	1	0	next	false_alarm	818
MAXED_1046	445	Pulse	99	4680000	6082	NA
MAXED_1046	445	Response	1	4686917	12999	1
MAXED_1046	446	Picture	stage2_box	4687053	0	1	7550	1	0	next	other	0
MAXED_1046	447	Picture	stage2_up	4694603	0	1	7549	1	0	next	other	0
MAXED_1046	447	Pulse	99	4700000	5397	NA
MAXED_1046	448	Picture	stage2_lose	4702152	0	1	10120	1	0	next	other	0
MAXED_1046	449	Picture	stage1	4712272	0	1	6658	1	0	next	false_alarm	824
MAXED_1046	449	Response	1	4718880	6608	1
MAXED_1046	450	Picture	stage1_box	4718930	0	1	7550	1	0	next	other	0
MAXED_1046	450	Pulse	99	4720000	1070	NA
MAXED_1046	451	Picture	stage1_outcome	4726480	0	1	167	1	0	next	other	0
MAXED_1046	452	Picture	stage2B	4726647	0	1	8066	1	0	next	false_alarm	829
MAXED_1046	452	Response	2	4734663	8016	1
MAXED_1046	453	Picture	stage2_box	4734713	0	1	7664	1	0	next	other	0
MAXED_1046	453	Pulse	99	4740000	5287	NA
MAXED_1046	454	Picture	stage2_up	4742377	0	1	7664	1	0	next	other	0
MAXED_1046	455	Picture	stage2_lose	4750041	0	1	10051	1	0	next	other	0
MAXED_1046	455	Pulse	99	4760000	9959	NA
MAXED_1046	456	Picture	stage1	4760092	0	1	4051	1	0	next	false_alarm	836
MAXED_1046	456	Response	2	4764092	4000	1
MAXED_1046	457	Picture	stage1_box	4764143	0	1	7550	1	0	next	other	0
MAXED_1046	458	Picture	stage1_outcome	4771693	0	1	167	1	0	next	other	0
MAXED_1046	459	Picture	stage2B	4771859	0	1	10678	1	0	next	false_alarm	841
MAXED_1046	459	Pulse	99	4780000	8141	NA
MAXED_1046	459	Response	2	4782487	10627	1
MAXED_1046	460	Picture	stage2_box	4782537	0	1	7664	1	0	next	other	0
MAXED_1046	461	Picture	stage2_up	4790201	0	1	7664	1	0	next	other	0
MAXED_1046	462	Picture	stage2_lose	4797865	0	1	10050	1	0	next	other	0
MAXED_1046	462	Pulse	99	4800000	2135	NA
MAXED_1046	463	Picture	stage1	4807915	0	1	4327	1	0	next	false_alarm	847
MAXED_1046	463	Response	1	4812181	4266	1
MAXED_1046	464	Picture	stage1_box	4812242	0	1	7550	1	0	next	other	0
MAXED_1046	465	Picture	stage1_outcome	4819792	0	1	167	1	0	next	other	0
MAXED_1046	466	Picture	stage2A	4819959	0	1	9304	1	0	next	false_alarm	852
MAXED_1046	466	Pulse	99	4820000	41	NA
MAXED_1046	466	Response	2	4829212	9253	1
MAXED_1046	467	Picture	stage2_box	4829262	0	1	7664	1	0	next	other	0
MAXED_1046	468	Picture	stage2_up	4836926	0	1	7664	1	0	next	other	0
MAXED_1046	468	Pulse	99	4840000	3074	NA
MAXED_1046	469	Picture	stage2_win	4844590	0	1	10163	1	0	next	other	0
MAXED_1046	470	Picture	stage1	4854754	0	1	7664	1	0	next	false_alarm	859
MAXED_1046	470	Pulse	99	4860000	5246	NA
MAXED_1046	470	Response	1	4862363	7610	1
MAXED_1046	471	Picture	stage1_box	4862418	0	1	7550	1	0	next	other	0
MAXED_1046	472	Picture	stage1_outcome	4869967	0	1	167	1	0	next	other	0
MAXED_1046	473	Picture	stage2B	4870134	0	1	17195	1	0	next	false_alarm	864
MAXED_1046	473	Pulse	99	4880000	9866	NA
MAXED_1046	473	Response	1	4887279	17145	1
MAXED_1046	474	Picture	stage2_box	4887329	0	1	7664	1	0	next	other	0
MAXED_1046	475	Picture	stage2_up	4894993	0	1	7664	1	0	next	other	0
MAXED_1046	475	Pulse	99	4900000	5007	NA
MAXED_1046	476	Picture	stage2_lose	4902657	0	1	10051	1	0	next	other	0
MAXED_1046	477	Picture	stage1	4912708	0	1	4342	1	0	next	false_alarm	870
MAXED_1046	477	Response	1	4917001	4293	1
MAXED_1046	478	Picture	stage1_box	4917050	0	1	7550	1	0	next	other	0
MAXED_1046	478	Pulse	99	4920000	2950	NA
MAXED_1046	479	Picture	stage1_outcome	4924600	0	1	167	1	0	next	other	0
MAXED_1046	480	Picture	stage2A	4924767	0	1	7363	1	0	next	false_alarm	875
MAXED_1046	480	Response	2	4932079	7312	1
MAXED_1046	481	Picture	stage2_box	4932130	0	1	7664	1	0	next	other	0
MAXED_1046	482	Picture	stage2_up	4939794	0	1	7664	1	0	next	other	0
MAXED_1046	482	Pulse	99	4940000	206	NA
MAXED_1046	483	Picture	stage2_win	4947458	0	1	10163	1	0	next	other	0
MAXED_1046	484	Picture	stage1	4957621	0	1	4498	1	0	next	false_alarm	882
MAXED_1046	484	Pulse	99	4960000	2379	NA
MAXED_1046	484	Response	1	4961969	4348	1
MAXED_1046	485	Picture	stage1_box	4962120	0	1	7550	1	0	next	other	0
MAXED_1046	486	Picture	stage1_outcome	4969669	0	1	167	1	0	next	other	0
MAXED_1046	487	Picture	stage2A	4969836	0	1	4522	1	0	next	false_alarm	886
MAXED_1046	487	Response	2	4974308	4472	1
MAXED_1046	488	Picture	stage2_box	4974358	0	1	7664	1	0	next	other	0
MAXED_1046	488	Pulse	99	4980000	5642	NA
MAXED_1046	489	Picture	stage2_up	4982022	0	1	7664	1	0	next	other	0
MAXED_1046	490	Picture	stage2_lose	4989686	0	1	10051	1	0	next	other	0
MAXED_1046	491	Picture	stage1	4999737	0	1	11843	1	0	next	false_alarm	893
MAXED_1046	491	Pulse	99	5000000	263	NA
MAXED_1046	491	Response	2	5011530	11793	1
MAXED_1046	492	Picture	stage1_box	5011580	0	1	7550	1	0	next	other	0
MAXED_1046	493	Picture	stage1_outcome	5019130	0	1	167	1	0	next	other	0
MAXED_1046	494	Picture	stage2B	5019296	0	1	5837	1	0	next	false_alarm	898
MAXED_1046	494	Pulse	99	5020000	704	NA
MAXED_1046	494	Response	2	5025084	5787	1
MAXED_1046	495	Picture	stage2_box	5025134	0	1	7664	1	0	next	other	0
MAXED_1046	496	Picture	stage2_up	5032798	0	1	7664	1	0	next	other	0
MAXED_1046	496	Pulse	99	5040000	7202	NA
MAXED_1046	497	Picture	stage2_win	5040462	0	1	10163	1	0	next	other	0
MAXED_1046	498	Picture	stage1	5050625	0	1	5165	1	0	next	false_alarm	904
MAXED_1046	498	Response	1	5055606	4981	1
MAXED_1046	499	Picture	stage1_box	5055790	0	1	7539	1	0	next	other	0
MAXED_1046	499	Pulse	99	5060000	4210	NA
MAXED_1046	500	Picture	stage1_outcome	5063329	0	1	167	1	0	next	other	0
MAXED_1046	501	Picture	stage2B	5063495	0	1	12277	1	0	next	false_alarm	909
MAXED_1046	501	Response	2	5075723	12228	1
MAXED_1046	502	Picture	stage2_box	5075772	0	1	7664	1	0	next	other	0
MAXED_1046	502	Pulse	99	5080000	4228	NA
MAXED_1046	503	Picture	stage2_up	5083436	0	1	7664	1	0	next	other	0
MAXED_1046	504	Picture	stage2_lose	5091100	0	1	10136	1	0	next	other	0
MAXED_1046	504	Pulse	99	5100000	8900	NA
MAXED_1046	505	Picture	stage1	5101237	0	1	11741	1	0	next	false_alarm	916
MAXED_1046	505	Response	1	5112927	11691	1
MAXED_1046	506	Picture	stage1_box	5112977	0	1	7550	1	0	next	other	0
MAXED_1046	506	Pulse	99	5120000	7023	NA
MAXED_1046	507	Picture	stage1_outcome	5120527	0	1	167	1	0	next	other	0
MAXED_1046	508	Picture	stage2A	5120694	0	1	9994	1	0	next	false_alarm	921
MAXED_1046	508	Response	2	5130638	9944	1
MAXED_1046	509	Picture	stage2_box	5130688	0	1	7664	1	0	next	other	0
MAXED_1046	510	Picture	stage2_up	5138352	0	1	7664	1	0	next	other	0
MAXED_1046	510	Pulse	99	5140000	1648	NA
MAXED_1046	511	Picture	stage2_lose	5146016	0	1	10056	1	0	next	other	0
MAXED_1046	512	Picture	stage1	5156072	0	1	5737	1	0	next	false_alarm	928
MAXED_1046	512	Pulse	99	5160000	3928	NA
MAXED_1046	512	Response	1	5161759	5687	1
MAXED_1046	513	Picture	stage1_box	5161809	0	1	7576	1	0	next	other	0
MAXED_1046	514	Picture	stage1_outcome	5169385	0	1	167	1	0	next	other	0
MAXED_1046	515	Picture	stage2A	5169552	0	1	11819	1	0	next	false_alarm	933
MAXED_1046	515	Pulse	99	5180000	10448	NA
MAXED_1046	515	Response	1	5181320	11769	1
MAXED_1046	516	Picture	stage2_box	5181370	0	1	7664	1	0	next	other	0
MAXED_1046	517	Picture	stage2_up	5189034	0	1	7664	1	0	next	other	0
MAXED_1046	518	Picture	stage2_lose	5196699	0	1	10054	1	0	next	other	0
MAXED_1046	518	Pulse	99	5200000	3301	NA
MAXED_1046	519	Picture	stage1	5206753	0	1	4052	1	0	next	false_alarm	939
MAXED_1046	519	Response	2	5210755	4002	1
MAXED_1046	520	Picture	stage1_box	5210804	0	1	7550	1	0	next	other	0
MAXED_1046	521	Picture	stage1_outcome	5218354	0	1	167	1	0	next	other	0
MAXED_1046	522	Picture	stage2B	5218521	0	1	5800	1	0	next	false_alarm	944
MAXED_1046	522	Pulse	99	5220000	1479	NA
MAXED_1046	522	Response	2	5224271	5751	1
MAXED_1046	523	Picture	stage2_box	5224321	0	1	7664	1	0	next	other	0
MAXED_1046	524	Picture	stage2_up	5231985	0	1	7664	1	0	next	other	0
MAXED_1046	525	Picture	stage2_win	5239649	0	1	10163	1	0	next	other	0
MAXED_1046	525	Pulse	99	5240000	351	NA
MAXED_1046	526	Picture	stage1	5249812	0	1	419800	1	0	next	other	0
MAXED_1046	526	Pulse	99	5260000	10188	NA
MAXED_1046	526	Pulse	99	5280000	30188	NA
MAXED_1046	526	Pulse	99	5300000	50188	NA
MAXED_1046	526	Pulse	99	5320000	70188	NA
MAXED_1046	526	Pulse	99	5340000	90188	NA
MAXED_1046	526	Pulse	99	5360000	110188	NA
MAXED_1046	526	Pulse	99	5380000	130188	NA
MAXED_1046	526	Pulse	99	5400000	150188	NA
MAXED_1046	526	Pulse	99	5420000	170188	NA
MAXED_1046	526	Pulse	99	5440000	190188	NA
MAXED_1046	526	Pulse	99	5460000	210188	NA
MAXED_1046	526	Pulse	99	5480000	230188	NA
MAXED_1046	526	Pulse	99	5500000	250188	NA
MAXED_1046	526	Pulse	99	5520000	270188	NA
MAXED_1046	526	Pulse	99	5540000	290188	NA
MAXED_1046	526	Pulse	99	5560000	310188	NA
MAXED_1046	526	Pulse	99	5580000	330188	NA
MAXED_1046	526	Pulse	99	5600000	350188	NA
MAXED_1046	526	Pulse	99	5620000	370188	NA
MAXED_1046	526	Pulse	99	5640000	390188	NA
MAXED_1046	526	Pulse	99	5660000	410188	NA
MAXED_1046	526	Quit		5665212	415400	NA
