Scenario - 
Logfile written - 12/12/2022 17:44:11

Subject	Trial	Event Type	Code	Time	TTime	Uncertainty	Duration	Uncertainty	ReqTime	ReqDur	Stim Type	Pair Index

MAXED_1044_Day_A	0	Pulse	99	0	0	NA
MAXED_1044_Day_A	1	Picture	instructions_1	333	0	1	15533	1	0	next	false_alarm	3
MAXED_1044_Day_A	1	Response	88	15709	15376	1
MAXED_1044_Day_A	2	Picture	instructions_2	15866	0	1	32489	1	0	next	false_alarm	7
MAXED_1044_Day_A	2	Pulse	99	20000	4134	NA
MAXED_1044_Day_A	2	Pulse	99	40000	24134	NA
MAXED_1044_Day_A	2	Response	88	48259	32392	1
MAXED_1044_Day_A	3	Picture	instructions_3	48355	0	1	63618	1	0	next	false_alarm	12
MAXED_1044_Day_A	3	Pulse	99	60000	11645	NA
MAXED_1044_Day_A	3	Pulse	99	80000	31645	NA
MAXED_1044_Day_A	3	Pulse	99	100000	51645	NA
MAXED_1044_Day_A	3	Response	88	111746	63391	1
MAXED_1044_Day_A	4	Picture	instructions_4	111973	0	1	86927	1	0	next	false_alarm	18
MAXED_1044_Day_A	4	Pulse	99	120000	8027	NA
MAXED_1044_Day_A	4	Pulse	99	140000	28027	NA
MAXED_1044_Day_A	4	Pulse	99	160000	48027	NA
MAXED_1044_Day_A	4	Pulse	99	180000	68027	NA
MAXED_1044_Day_A	4	Response	88	198673	86700	1
MAXED_1044_Day_A	5	Picture	instructions_5	198900	0	1	66077	1	0	next	false_alarm	24
MAXED_1044_Day_A	5	Pulse	99	200000	1100	NA
MAXED_1044_Day_A	5	Pulse	99	220000	21100	NA
MAXED_1044_Day_A	5	Pulse	99	240000	41100	NA
MAXED_1044_Day_A	5	Pulse	99	260000	61100	NA
MAXED_1044_Day_A	5	Response	88	264749	65849	1
MAXED_1044_Day_A	6	Picture	instructions_6	264977	0	1	15200	1	0	next	false_alarm	27
MAXED_1044_Day_A	6	Pulse	99	280000	15023	NA
MAXED_1044_Day_A	6	Response	88	280021	15044	1
MAXED_1044_Day_A	7	Picture	instructions_7	280178	0	1	40727	1	0	next	false_alarm	31
MAXED_1044_Day_A	7	Pulse	99	300000	19822	NA
MAXED_1044_Day_A	7	Pulse	99	320000	39822	NA
MAXED_1044_Day_A	7	Response	88	320741	40564	1
MAXED_1044_Day_A	8	Picture	instructions_8	320905	0	1	33468	1	0	next	false_alarm	34
MAXED_1044_Day_A	8	Pulse	99	340000	19095	NA
MAXED_1044_Day_A	8	Response	88	354143	33238	1
MAXED_1044_Day_A	9	Picture	instructions_9	354373	0	1	20423	1	0	next	false_alarm	37
MAXED_1044_Day_A	9	Pulse	99	360000	5627	NA
MAXED_1044_Day_A	9	Response	88	374565	20192	1
MAXED_1044_Day_A	10	Picture	instructions_10	374796	0	1	36323	1	0	next	false_alarm	41
MAXED_1044_Day_A	10	Pulse	99	380000	5204	NA
MAXED_1044_Day_A	10	Pulse	99	400000	25204	NA
MAXED_1044_Day_A	10	Response	88	410891	36095	1
MAXED_1044_Day_A	11	Picture	instructions_11	411119	0	1	104494	1	0	next	false_alarm	48
MAXED_1044_Day_A	11	Pulse	99	420000	8881	NA
MAXED_1044_Day_A	11	Pulse	99	440000	28881	NA
MAXED_1044_Day_A	11	Pulse	99	460000	48881	NA
MAXED_1044_Day_A	11	Pulse	99	480000	68881	NA
MAXED_1044_Day_A	11	Pulse	99	500000	88881	NA
MAXED_1044_Day_A	11	Response	88	515535	104416	1
MAXED_1044_Day_A	12	Picture	instructions_12	515613	0	1	15861	1	0	next	false_alarm	51
MAXED_1044_Day_A	12	Pulse	99	520000	4387	NA
MAXED_1044_Day_A	12	Response	88	531304	15691	1
MAXED_1044_Day_A	13	Picture	instructions_13	531475	0	1	61075	1	0	next	false_alarm	56
MAXED_1044_Day_A	13	Pulse	99	540000	8525	NA
MAXED_1044_Day_A	13	Pulse	99	560000	28525	NA
MAXED_1044_Day_A	13	Pulse	99	580000	48525	NA
MAXED_1044_Day_A	13	Response	88	592317	60843	1
MAXED_1044_Day_A	14	Picture	instructions_14	592550	0	1	14756	1	0	next	false_alarm	59
MAXED_1044_Day_A	14	Pulse	99	600000	7450	NA
MAXED_1044_Day_A	14	Response	88	607078	14528	1
MAXED_1044_Day_A	15	Picture	instructions_15	607305	0	1	96653	1	0	next	false_alarm	66
MAXED_1044_Day_A	15	Pulse	99	620000	12695	NA
MAXED_1044_Day_A	15	Pulse	99	640000	32695	NA
MAXED_1044_Day_A	15	Pulse	99	660000	52695	NA
MAXED_1044_Day_A	15	Pulse	99	680000	72695	NA
MAXED_1044_Day_A	15	Pulse	99	700000	92695	NA
MAXED_1044_Day_A	15	Response	88	703732	96426	1
MAXED_1044_Day_A	16	Picture	instructions_16	703958	0	1	18832	1	0	next	false_alarm	69
MAXED_1044_Day_A	16	Pulse	99	720000	16042	NA
MAXED_1044_Day_A	16	Response	88	722561	18603	1
MAXED_1044_Day_A	17	Picture	instructions_17	722791	0	1	6190	1	0	next	false_alarm	71
MAXED_1044_Day_A	17	Response	88	728753	5963	1
MAXED_1044_Day_A	18	Picture	instructions_18	728981	0	1	52712	1	0	next	false_alarm	76
MAXED_1044_Day_A	18	Pulse	99	740000	11019	NA
MAXED_1044_Day_A	18	Pulse	99	760000	31019	NA
MAXED_1044_Day_A	18	Pulse	99	780000	51019	NA
MAXED_1044_Day_A	18	Response	88	781465	52484	1
MAXED_1044_Day_A	19	Picture	instructions_19	781693	0	1	63133	1	0	next	false_alarm	81
MAXED_1044_Day_A	19	Pulse	99	800000	18307	NA
MAXED_1044_Day_A	19	Pulse	99	820000	38307	NA
MAXED_1044_Day_A	19	Pulse	99	840000	58307	NA
MAXED_1044_Day_A	19	Response	88	844597	62904	1
MAXED_1044_Day_A	20	Picture	instructions_20	844826	0	1	61644	1	0	next	false_alarm	86
MAXED_1044_Day_A	20	Pulse	99	860000	15174	NA
MAXED_1044_Day_A	20	Pulse	99	880000	35174	NA
MAXED_1044_Day_A	20	Pulse	99	900000	55174	NA
MAXED_1044_Day_A	20	Response	88	906241	61415	1
MAXED_1044_Day_A	21	Picture	instructions_21	906469	0	1	43579	1	0	next	false_alarm	90
MAXED_1044_Day_A	21	Pulse	99	920000	13531	NA
MAXED_1044_Day_A	21	Pulse	99	940000	33531	NA
MAXED_1044_Day_A	21	Response	88	949820	43350	1
MAXED_1044_Day_A	22	Picture	instructions_22	950048	0	1	14051	1	0	next	false_alarm	93
MAXED_1044_Day_A	22	Pulse	99	960000	9952	NA
MAXED_1044_Day_A	22	Response	88	963871	13823	1
MAXED_1044_Day_A	23	Picture	instructions_23	964100	0	1	43307	1	0	next	false_alarm	97
MAXED_1044_Day_A	23	Pulse	99	980000	15900	NA
MAXED_1044_Day_A	23	Pulse	99	1000000	35900	NA
MAXED_1044_Day_A	23	Response	88	1007180	43080	1
MAXED_1044_Day_A	24	Picture	instructions_24	1007407	0	1	43127	1	0	next	false_alarm	101
MAXED_1044_Day_A	24	Pulse	99	1020000	12593	NA
MAXED_1044_Day_A	24	Pulse	99	1040000	32593	NA
MAXED_1044_Day_A	24	Response	88	1050308	42901	1
MAXED_1044_Day_A	25	Picture	instructions_25	1050534	0	1	35420	1	0	next	false_alarm	105
MAXED_1044_Day_A	25	Pulse	99	1060000	9466	NA
MAXED_1044_Day_A	25	Pulse	99	1080000	29466	NA
MAXED_1044_Day_A	25	Response	88	1085725	35191	1
MAXED_1044_Day_A	26	Picture	instructions_26	1085954	0	1	52088	1	0	next	false_alarm	109
MAXED_1044_Day_A	26	Pulse	99	1100000	14046	NA
MAXED_1044_Day_A	26	Pulse	99	1120000	34046	NA
MAXED_1044_Day_A	26	Response	88	1137814	51860	1
MAXED_1044_Day_A	27	Picture	instructions_27	1138042	0	1	12464	1	0	next	false_alarm	112
MAXED_1044_Day_A	27	Pulse	99	1140000	1958	NA
MAXED_1044_Day_A	27	Response	88	1150277	12236	1
MAXED_1044_Day_A	28	Picture	instructions_28	1150506	0	1	15581	1	0	next	false_alarm	115
MAXED_1044_Day_A	28	Pulse	99	1160000	9494	NA
MAXED_1044_Day_A	28	Response	88	1165852	15346	1
MAXED_1044_Day_A	29	Picture	instructions_29	1166087	0	1	10464	1	0	next	false_alarm	117
MAXED_1044_Day_A	29	Response	88	1176324	10237	1
MAXED_1044_Day_A	30	Picture	instructions_30	1176551	0	1	96269	1	0	next	false_alarm	124
MAXED_1044_Day_A	30	Pulse	99	1180000	3449	NA
MAXED_1044_Day_A	30	Pulse	99	1200000	23449	NA
MAXED_1044_Day_A	30	Pulse	99	1220000	43449	NA
MAXED_1044_Day_A	30	Pulse	99	1240000	63449	NA
MAXED_1044_Day_A	30	Pulse	99	1260000	83449	NA
MAXED_1044_Day_A	30	Response	88	1272593	96042	1
MAXED_1044_Day_A	31	Picture	instructions_31	1272820	0	1	79113	1	0	next	false_alarm	130
MAXED_1044_Day_A	31	Pulse	99	1280000	7180	NA
MAXED_1044_Day_A	31	Pulse	99	1300000	27180	NA
MAXED_1044_Day_A	31	Pulse	99	1320000	47180	NA
MAXED_1044_Day_A	31	Pulse	99	1340000	67180	NA
MAXED_1044_Day_A	31	Response	88	1351706	78886	1
MAXED_1044_Day_A	32	Picture	instructions_32	1351933	0	1	97220	1	0	next	false_alarm	137
MAXED_1044_Day_A	32	Pulse	99	1360000	8067	NA
MAXED_1044_Day_A	32	Pulse	99	1380000	28067	NA
MAXED_1044_Day_A	32	Pulse	99	1400000	48067	NA
MAXED_1044_Day_A	32	Pulse	99	1420000	68067	NA
MAXED_1044_Day_A	32	Pulse	99	1440000	88067	NA
MAXED_1044_Day_A	32	Response	88	1448926	96993	1
MAXED_1044_Day_A	33	Picture	instructions_33	1449153	0	1	46946	1	0	next	false_alarm	141
MAXED_1044_Day_A	33	Pulse	99	1460000	10847	NA
MAXED_1044_Day_A	33	Pulse	99	1480000	30847	NA
MAXED_1044_Day_A	33	Response	88	1495872	46719	1
MAXED_1044_Day_A	34	Picture	instructions_34	1496099	0	1	88464	1	0	next	false_alarm	148
MAXED_1044_Day_A	34	Pulse	99	1500000	3901	NA
MAXED_1044_Day_A	34	Pulse	99	1520000	23901	NA
MAXED_1044_Day_A	34	Pulse	99	1540000	43901	NA
MAXED_1044_Day_A	34	Pulse	99	1560000	63901	NA
MAXED_1044_Day_A	34	Pulse	99	1580000	83901	NA
MAXED_1044_Day_A	34	Response	88	1584333	88234	1
MAXED_1044_Day_A	35	Picture	instructions_35	1584563	0	1	63637	1	0	next	false_alarm	153
MAXED_1044_Day_A	35	Pulse	99	1600000	15437	NA
MAXED_1044_Day_A	35	Pulse	99	1620000	35437	NA
MAXED_1044_Day_A	35	Pulse	99	1640000	55437	NA
MAXED_1044_Day_A	35	Response	88	1647966	63403	1
MAXED_1044_Day_A	36	Picture	instructions_36	1648200	0	1	79540	1	0	next	false_alarm	159
MAXED_1044_Day_A	36	Pulse	99	1660000	11800	NA
MAXED_1044_Day_A	36	Pulse	99	1680000	31800	NA
MAXED_1044_Day_A	36	Pulse	99	1700000	51800	NA
MAXED_1044_Day_A	36	Pulse	99	1720000	71800	NA
MAXED_1044_Day_A	36	Response	88	1727508	79309	1
MAXED_1044_Day_A	37	Picture	instructions_37	1727740	0	1	13486	1	0	next	false_alarm	162
MAXED_1044_Day_A	37	Pulse	99	1740000	12260	NA
MAXED_1044_Day_A	37	Response	88	1741168	13429	1
MAXED_1044_Day_A	38	Picture	instructions_38	1741226	0	1	24311	1	0	next	false_alarm	165
MAXED_1044_Day_A	38	Pulse	99	1760000	18774	NA
MAXED_1044_Day_A	38	Response	88	1765312	24086	1
MAXED_1044_Day_A	39	Picture	instructions_39	1765537	0	1	47596	1	0	next	false_alarm	169
MAXED_1044_Day_A	39	Pulse	99	1780000	14463	NA
MAXED_1044_Day_A	39	Pulse	99	1800000	34463	NA
MAXED_1044_Day_A	39	Response	88	1812907	47371	1
MAXED_1044_Day_A	40	Picture	instructions_40	1813132	0	1	21447	1	0	next	false_alarm	172
MAXED_1044_Day_A	40	Pulse	99	1820000	6868	NA
MAXED_1044_Day_A	40	Response	88	1834520	21388	1
MAXED_1044_Day_A	41	Picture	instructions_41	1834579	0	1	19518	1	0	next	false_alarm	175
MAXED_1044_Day_A	41	Pulse	99	1840000	5421	NA
MAXED_1044_Day_A	41	Response	88	1854037	19458	1
MAXED_1044_Day_A	42	Picture	instructions_42	1854097	0	1	20640	1	0	next	false_alarm	178
MAXED_1044_Day_A	42	Pulse	99	1860000	5903	NA
MAXED_1044_Day_A	42	Response	88	1874679	20582	1
MAXED_1044_Day_A	43	Picture	instructions_43	1874737	0	1	27151	1	0	next	false_alarm	182
MAXED_1044_Day_A	43	Pulse	99	1880000	5263	NA
MAXED_1044_Day_A	43	Pulse	99	1900000	25263	NA
MAXED_1044_Day_A	43	Response	88	1901830	27094	1
MAXED_1044_Day_A	44	Picture	instructions_44	1901888	0	1	31039	1	0	next	false_alarm	185
MAXED_1044_Day_A	44	Pulse	99	1920000	18112	NA
MAXED_1044_Day_A	44	Response	88	1932871	30984	1
MAXED_1044_Day_A	45	Picture	instructions_45	1932927	0	1	44520	1	0	next	false_alarm	189
MAXED_1044_Day_A	45	Pulse	99	1940000	7073	NA
MAXED_1044_Day_A	45	Pulse	99	1960000	27073	NA
MAXED_1044_Day_A	45	Response	88	1977390	44463	1
MAXED_1044_Day_A	46	Picture	instructions_46	1977447	0	1	33365	1	0	next	false_alarm	193
MAXED_1044_Day_A	46	Pulse	99	1980000	2553	NA
MAXED_1044_Day_A	46	Pulse	99	2000000	22553	NA
MAXED_1044_Day_A	46	Response	88	2010748	33300	1
MAXED_1044_Day_A	47	Picture	fixation	2010813	0	1	5165	1	0	next	other	0
MAXED_1044_Day_A	48	Picture	stage1	2015977	0	1	18994	1	0	next	false_alarm	197
MAXED_1044_Day_A	48	Pulse	99	2020000	4023	NA
MAXED_1044_Day_A	48	Response	1	2034881	18903	1
MAXED_1044_Day_A	49	Picture	stage1_box	2034971	0	1	7664	1	0	next	other	0
MAXED_1044_Day_A	49	Pulse	99	2040000	5029	NA
MAXED_1044_Day_A	50	Picture	stage1_outcome	2042635	0	1	167	1	0	next	other	0
MAXED_1044_Day_A	51	Picture	stage2B	2042802	0	1	24825	1	0	next	false_alarm	203
MAXED_1044_Day_A	51	Pulse	99	2060000	17198	NA
MAXED_1044_Day_A	51	Response	2	2067461	24659	1
MAXED_1044_Day_A	52	Picture	stage2_box	2067627	0	1	7664	1	0	next	other	0
MAXED_1044_Day_A	53	Picture	stage2_up	2075291	0	1	7664	1	0	next	other	0
MAXED_1044_Day_A	53	Pulse	99	2080000	4709	NA
MAXED_1044_Day_A	54	Picture	stage2_lose	2082955	0	1	10163	1	0	next	other	0
MAXED_1044_Day_A	55	Picture	stage1	2093118	0	1	31254	1	0	next	false_alarm	211
MAXED_1044_Day_A	55	Pulse	99	2100000	6882	NA
MAXED_1044_Day_A	55	Pulse	99	2120000	26882	NA
MAXED_1044_Day_A	55	Response	2	2124316	31198	1
MAXED_1044_Day_A	56	Picture	stage1_box	2124372	0	1	7550	1	0	next	other	0
MAXED_1044_Day_A	57	Picture	stage1_outcome	2131922	0	1	167	1	0	next	other	0
MAXED_1044_Day_A	58	Picture	stage2B	2132088	0	1	10842	1	0	next	false_alarm	216
MAXED_1044_Day_A	58	Pulse	99	2140000	7912	NA
MAXED_1044_Day_A	58	Response	2	2142879	10790	1
MAXED_1044_Day_A	59	Picture	stage2_box	2142930	0	1	7664	1	0	next	other	0
MAXED_1044_Day_A	60	Picture	stage2_up	2150594	0	1	7664	1	0	next	other	0
MAXED_1044_Day_A	61	Picture	stage2_win	2158258	0	1	10163	1	0	next	other	0
MAXED_1044_Day_A	61	Pulse	99	2160000	1742	NA
MAXED_1044_Day_A	62	Picture	stage1	2168422	0	1	12680	1	0	next	false_alarm	223
MAXED_1044_Day_A	62	Pulse	99	2180000	11578	NA
MAXED_1044_Day_A	62	Response	2	2181052	12630	1
MAXED_1044_Day_A	63	Picture	stage1_box	2181102	0	1	7549	1	0	next	other	0
MAXED_1044_Day_A	64	Picture	stage1_outcome	2188651	0	1	167	1	0	next	other	0
MAXED_1044_Day_A	65	Picture	stage2B	2188818	0	1	6807	1	0	next	false_alarm	227
MAXED_1044_Day_A	65	Response	2	2195575	6758	1
MAXED_1044_Day_A	66	Picture	stage2_box	2195625	0	1	7664	1	0	next	other	0
MAXED_1044_Day_A	66	Pulse	99	2200000	4375	NA
MAXED_1044_Day_A	67	Picture	stage2_up	2203289	0	1	7664	1	0	next	other	0
MAXED_1044_Day_A	68	Picture	stage2_win	2210953	0	1	10163	1	0	next	other	0
MAXED_1044_Day_A	68	Pulse	99	2220000	9047	NA
MAXED_1044_Day_A	69	Picture	stage1	2221116	0	1	4998	1	0	next	false_alarm	234
MAXED_1044_Day_A	69	Response	2	2225943	4826	1
MAXED_1044_Day_A	70	Picture	stage1_box	2226115	0	1	7550	1	0	next	other	0
MAXED_1044_Day_A	71	Picture	stage1_outcome	2233664	0	1	167	1	0	next	other	0
MAXED_1044_Day_A	72	Picture	stage2B	2233831	0	1	6631	1	0	next	false_alarm	239
MAXED_1044_Day_A	72	Pulse	99	2240000	6169	NA
MAXED_1044_Day_A	72	Response	2	2240411	6581	1
MAXED_1044_Day_A	73	Picture	stage2_box	2240462	0	1	7664	1	0	next	other	0
MAXED_1044_Day_A	74	Picture	stage2_up	2248126	0	1	7664	1	0	next	other	0
MAXED_1044_Day_A	75	Picture	stage2_lose	2255790	0	1	10052	1	0	next	other	0
MAXED_1044_Day_A	75	Pulse	99	2260000	4210	NA
MAXED_1044_Day_A	76	Picture	stage1	2265842	0	1	9069	1	0	next	false_alarm	245
MAXED_1044_Day_A	76	Response	1	2274860	9019	1
MAXED_1044_Day_A	77	Picture	stage1_box	2274911	0	1	7550	1	0	next	other	0
MAXED_1044_Day_A	77	Pulse	99	2280000	5089	NA
MAXED_1044_Day_A	78	Picture	stage1_outcome	2282461	0	1	167	1	0	next	other	0
MAXED_1044_Day_A	79	Picture	stage2A	2282627	0	1	10840	1	0	next	false_alarm	250
MAXED_1044_Day_A	79	Response	1	2293297	10669	1
MAXED_1044_Day_A	80	Picture	stage2_box	2293467	0	1	7550	1	0	next	other	0
MAXED_1044_Day_A	80	Pulse	99	2300000	6533	NA
MAXED_1044_Day_A	81	Picture	stage2_up	2301017	0	1	7550	1	0	next	other	0
MAXED_1044_Day_A	82	Picture	stage2_lose	2308567	0	1	10050	1	0	next	other	0
MAXED_1044_Day_A	83	Picture	stage1	2318617	0	1	3750	1	0	next	false_alarm	257
MAXED_1044_Day_A	83	Pulse	99	2320000	1383	NA
MAXED_1044_Day_A	83	Response	1	2322317	3700	1
MAXED_1044_Day_A	84	Picture	stage1_box	2322368	0	1	7551	1	0	next	other	0
MAXED_1044_Day_A	85	Picture	stage1_outcome	2329918	0	1	167	1	0	next	other	0
MAXED_1044_Day_A	86	Picture	stage2B	2330085	0	1	12958	1	0	next	false_alarm	262
MAXED_1044_Day_A	86	Pulse	99	2340000	9915	NA
MAXED_1044_Day_A	86	Response	1	2342989	12904	1
MAXED_1044_Day_A	87	Picture	stage2_box	2343043	0	1	7664	1	0	next	other	0
MAXED_1044_Day_A	88	Picture	stage2_up	2350707	0	1	7664	1	0	next	other	0
MAXED_1044_Day_A	89	Picture	stage2_lose	2358371	0	1	10050	1	0	next	other	0
MAXED_1044_Day_A	89	Pulse	99	2360000	1629	NA
MAXED_1044_Day_A	90	Picture	stage1	2368422	0	1	5691	1	0	next	false_alarm	268
MAXED_1044_Day_A	90	Response	1	2374063	5641	1
MAXED_1044_Day_A	91	Picture	stage1_box	2374113	0	1	7550	1	0	next	other	0
MAXED_1044_Day_A	91	Pulse	99	2380000	5887	NA
MAXED_1044_Day_A	92	Picture	stage1_outcome	2381663	0	1	167	1	0	next	other	0
MAXED_1044_Day_A	93	Picture	stage2B	2381829	0	1	10590	1	0	next	false_alarm	273
MAXED_1044_Day_A	93	Response	2	2392370	10540	1
MAXED_1044_Day_A	94	Picture	stage2_box	2392420	0	1	7664	1	0	next	other	0
MAXED_1044_Day_A	94	Pulse	99	2400000	7580	NA
MAXED_1044_Day_A	95	Picture	stage2_up	2400084	0	1	7664	1	0	next	other	0
MAXED_1044_Day_A	96	Picture	stage2_lose	2407748	0	1	10051	1	0	next	other	0
MAXED_1044_Day_A	97	Picture	stage1	2417799	0	1	9968	1	0	next	false_alarm	280
MAXED_1044_Day_A	97	Pulse	99	2420000	2201	NA
MAXED_1044_Day_A	97	Response	2	2427716	9918	1
MAXED_1044_Day_A	98	Picture	stage1_box	2427767	0	1	7550	1	0	next	other	0
MAXED_1044_Day_A	99	Picture	stage1_outcome	2435317	0	1	167	1	0	next	other	0
MAXED_1044_Day_A	100	Picture	stage2A	2435483	0	1	8736	1	0	next	false_alarm	285
MAXED_1044_Day_A	100	Pulse	99	2440000	4517	NA
MAXED_1044_Day_A	100	Response	1	2444169	8685	1
MAXED_1044_Day_A	101	Picture	stage2_box	2444219	0	1	7550	1	0	next	other	0
MAXED_1044_Day_A	102	Picture	stage2_up	2451769	0	1	7550	1	0	next	other	0
MAXED_1044_Day_A	103	Picture	stage2_lose	2459320	0	1	10050	1	0	next	other	0
MAXED_1044_Day_A	103	Pulse	99	2460000	680	NA
MAXED_1044_Day_A	104	Picture	stage1	2469370	0	1	4238	1	0	next	false_alarm	291
MAXED_1044_Day_A	104	Response	2	2473558	4188	1
MAXED_1044_Day_A	105	Picture	stage1_box	2473608	0	1	7526	1	0	next	other	0
MAXED_1044_Day_A	105	Pulse	99	2480000	6392	NA
MAXED_1044_Day_A	106	Picture	stage1_outcome	2481134	0	1	167	1	0	next	other	0
MAXED_1044_Day_A	107	Picture	stage2A	2481301	0	1	5744	1	0	next	false_alarm	296
MAXED_1044_Day_A	107	Response	2	2486991	5691	1
MAXED_1044_Day_A	108	Picture	stage2_box	2487045	0	1	7560	1	0	next	other	0
MAXED_1044_Day_A	109	Picture	stage2_up	2494605	0	1	7552	1	0	next	other	0
MAXED_1044_Day_A	109	Pulse	99	2500000	5395	NA
MAXED_1044_Day_A	110	Picture	stage2_win	2502157	0	1	10051	1	0	next	other	0
MAXED_1044_Day_A	111	Picture	stage1	2512207	0	1	2791	1	0	next	false_alarm	302
MAXED_1044_Day_A	111	Response	2	2514948	2741	1
MAXED_1044_Day_A	112	Picture	stage1_box	2514998	0	1	7550	1	0	next	other	0
MAXED_1044_Day_A	112	Pulse	99	2520000	5002	NA
MAXED_1044_Day_A	113	Picture	stage1_outcome	2522548	0	1	167	1	0	next	other	0
MAXED_1044_Day_A	114	Picture	stage2A	2522715	0	1	4295	1	0	next	false_alarm	307
MAXED_1044_Day_A	114	Response	2	2526960	4245	1
MAXED_1044_Day_A	115	Picture	stage2_box	2527010	0	1	7550	1	0	next	other	0
MAXED_1044_Day_A	116	Picture	stage2_up	2534560	0	1	7549	1	0	next	other	0
MAXED_1044_Day_A	116	Pulse	99	2540000	5440	NA
MAXED_1044_Day_A	117	Picture	stage2_lose	2542110	0	1	10050	1	0	next	other	0
MAXED_1044_Day_A	118	Picture	stage1	2552160	0	1	5020	1	0	next	false_alarm	313
MAXED_1044_Day_A	118	Response	2	2557130	4969	1
MAXED_1044_Day_A	119	Picture	stage1_box	2557180	0	1	7550	1	0	next	other	0
MAXED_1044_Day_A	119	Pulse	99	2560000	2820	NA
MAXED_1044_Day_A	120	Picture	stage1_outcome	2564731	0	1	167	1	0	next	other	0
MAXED_1044_Day_A	121	Picture	stage2A	2564897	0	1	5471	1	0	next	false_alarm	318
MAXED_1044_Day_A	121	Response	1	2570318	5421	1
MAXED_1044_Day_A	122	Picture	stage2_box	2570368	0	1	7562	1	0	next	other	0
MAXED_1044_Day_A	123	Picture	stage2_up	2577930	0	1	7550	1	0	next	other	0
MAXED_1044_Day_A	123	Pulse	99	2580000	2070	NA
MAXED_1044_Day_A	124	Picture	stage2_lose	2585480	0	1	10051	1	0	next	other	0
MAXED_1044_Day_A	125	Picture	stage1	2595530	0	1	2409	1	0	next	false_alarm	324
MAXED_1044_Day_A	125	Response	1	2597890	2359	1
MAXED_1044_Day_A	126	Picture	stage1_box	2597939	0	1	7550	1	0	next	other	0
MAXED_1044_Day_A	126	Pulse	99	2600000	2061	NA
MAXED_1044_Day_A	127	Picture	stage1_outcome	2605490	0	1	167	1	0	next	other	0
MAXED_1044_Day_A	128	Picture	stage2A	2605656	0	1	19423	1	0	next	false_alarm	330
MAXED_1044_Day_A	128	Pulse	99	2620000	14344	NA
MAXED_1044_Day_A	128	Response	2	2624977	19321	1
MAXED_1044_Day_A	129	Picture	stage2_box	2625079	0	1	7551	1	0	next	other	0
MAXED_1044_Day_A	130	Picture	stage2_up	2632630	0	1	7594	1	0	next	other	0
MAXED_1044_Day_A	130	Pulse	99	2640000	7370	NA
MAXED_1044_Day_A	131	Picture	stage2_win	2640224	0	1	10051	1	0	next	other	0
MAXED_1044_Day_A	132	Picture	stage1	2650274	0	1	9148	1	0	next	false_alarm	336
MAXED_1044_Day_A	132	Response	2	2659361	9087	1
MAXED_1044_Day_A	133	Picture	stage1_box	2659423	0	1	7606	1	0	next	other	0
MAXED_1044_Day_A	133	Pulse	99	2660000	577	NA
MAXED_1044_Day_A	134	Picture	stage1_outcome	2667028	0	1	167	1	0	next	other	0
MAXED_1044_Day_A	135	Picture	stage2B	2667195	0	1	12697	1	0	next	false_alarm	341
MAXED_1044_Day_A	135	Response	2	2679842	12647	1
MAXED_1044_Day_A	136	Picture	stage2_box	2679892	0	1	7664	1	0	next	other	0
MAXED_1044_Day_A	136	Pulse	99	2680000	108	NA
MAXED_1044_Day_A	137	Picture	stage2_up	2687556	0	1	7664	1	0	next	other	0
MAXED_1044_Day_A	138	Picture	stage2_lose	2695220	0	1	10051	1	0	next	other	0
MAXED_1044_Day_A	138	Pulse	99	2700000	4780	NA
MAXED_1044_Day_A	139	Picture	stage1	2705271	0	1	4075	1	0	next	false_alarm	348
MAXED_1044_Day_A	139	Response	2	2709296	4025	1
MAXED_1044_Day_A	140	Picture	stage1_box	2709346	0	1	7550	1	0	next	other	0
MAXED_1044_Day_A	141	Picture	stage1_outcome	2716896	0	1	167	1	0	next	other	0
MAXED_1044_Day_A	142	Picture	stage2A	2717063	0	1	3929	1	0	next	false_alarm	353
MAXED_1044_Day_A	142	Pulse	99	2720000	2938	NA
MAXED_1044_Day_A	142	Response	2	2720942	3879	1
MAXED_1044_Day_A	143	Picture	stage2_box	2720992	0	1	7550	1	0	next	other	0
MAXED_1044_Day_A	144	Picture	stage2_up	2728542	0	1	7550	1	0	next	other	0
MAXED_1044_Day_A	145	Picture	stage2_win	2736092	0	1	10050	1	0	next	other	0
MAXED_1044_Day_A	145	Pulse	99	2740000	3908	NA
MAXED_1044_Day_A	146	Picture	stage1	2746142	0	1	4176	1	0	next	false_alarm	359
MAXED_1044_Day_A	146	Response	1	2750267	4126	1
MAXED_1044_Day_A	147	Picture	stage1_box	2750317	0	1	7550	1	0	next	other	0
MAXED_1044_Day_A	148	Picture	stage1_outcome	2757867	0	1	167	1	0	next	other	0
MAXED_1044_Day_A	149	Picture	stage2A	2758034	0	1	8143	1	0	next	false_alarm	364
MAXED_1044_Day_A	149	Pulse	99	2760000	1966	NA
MAXED_1044_Day_A	149	Response	2	2766125	8091	1
MAXED_1044_Day_A	150	Picture	stage2_box	2766177	0	1	7550	1	0	next	other	0
MAXED_1044_Day_A	151	Picture	stage2_up	2773726	0	1	7557	1	0	next	other	0
MAXED_1044_Day_A	151	Pulse	99	2780000	6274	NA
MAXED_1044_Day_A	152	Picture	stage2_win	2781283	0	1	10051	1	0	next	other	0
MAXED_1044_Day_A	153	Picture	stage1	2791334	0	1	2782	1	0	next	false_alarm	370
MAXED_1044_Day_A	153	Response	1	2794066	2732	1
MAXED_1044_Day_A	154	Picture	stage1_box	2794116	0	1	7551	1	0	next	other	0
MAXED_1044_Day_A	154	Pulse	99	2800000	5884	NA
MAXED_1044_Day_A	155	Picture	stage1_outcome	2801667	0	1	167	1	0	next	other	0
MAXED_1044_Day_A	156	Picture	stage2A	2801833	0	1	6145	1	0	next	false_alarm	375
MAXED_1044_Day_A	156	Response	2	2807927	6094	1
MAXED_1044_Day_A	157	Picture	stage2_box	2807978	0	1	7550	1	0	next	other	0
MAXED_1044_Day_A	158	Picture	stage2_up	2815528	0	1	7551	1	0	next	other	0
MAXED_1044_Day_A	158	Pulse	99	2820000	4472	NA
MAXED_1044_Day_A	159	Picture	stage2_win	2823079	0	1	10050	1	0	next	other	0
MAXED_1044_Day_A	160	Picture	stage1	2833129	0	1	2861	1	0	next	false_alarm	381
MAXED_1044_Day_A	160	Response	1	2835940	2811	1
MAXED_1044_Day_A	161	Picture	stage1_box	2835990	0	1	7550	1	0	next	other	0
MAXED_1044_Day_A	161	Pulse	99	2840000	4010	NA
MAXED_1044_Day_A	162	Picture	stage1_outcome	2843541	0	1	167	1	0	next	other	0
MAXED_1044_Day_A	163	Picture	stage2A	2843707	0	1	4072	1	0	next	false_alarm	386
MAXED_1044_Day_A	163	Response	2	2847729	4022	1
MAXED_1044_Day_A	164	Picture	stage2_box	2847779	0	1	7550	1	0	next	other	0
MAXED_1044_Day_A	165	Picture	stage2_up	2855329	0	1	7550	1	0	next	other	0
MAXED_1044_Day_A	165	Pulse	99	2860000	4671	NA
MAXED_1044_Day_A	166	Picture	stage2_win	2862879	0	1	10051	1	0	next	other	0
MAXED_1044_Day_A	167	Picture	stage1	2872930	0	1	2866	1	0	next	false_alarm	392
MAXED_1044_Day_A	167	Response	1	2875745	2815	1
MAXED_1044_Day_A	168	Picture	stage1_box	2875795	0	1	7550	1	0	next	other	0
MAXED_1044_Day_A	168	Pulse	99	2880000	4205	NA
MAXED_1044_Day_A	169	Picture	stage1_outcome	2883345	0	1	167	1	0	next	other	0
MAXED_1044_Day_A	170	Picture	stage2A	2883512	0	1	3083	1	0	next	false_alarm	397
MAXED_1044_Day_A	170	Response	2	2886545	3033	1
MAXED_1044_Day_A	171	Picture	stage2_box	2886595	0	1	7550	1	0	next	other	0
MAXED_1044_Day_A	172	Picture	stage2_up	2894145	0	1	7550	1	0	next	other	0
MAXED_1044_Day_A	172	Pulse	99	2900000	5855	NA
MAXED_1044_Day_A	173	Picture	stage2_win	2901695	0	1	10050	1	0	next	other	0
MAXED_1044_Day_A	174	Picture	stage1	2911745	0	1	2991	1	0	next	false_alarm	403
MAXED_1044_Day_A	174	Response	1	2914686	2941	1
MAXED_1044_Day_A	175	Picture	stage1_box	2914736	0	1	7550	1	0	next	other	0
MAXED_1044_Day_A	175	Pulse	99	2920000	5264	NA
MAXED_1044_Day_A	176	Picture	stage1_outcome	2922285	0	1	167	1	0	next	other	0
MAXED_1044_Day_A	177	Picture	stage2A	2922452	0	1	2529	1	0	next	false_alarm	408
MAXED_1044_Day_A	177	Response	2	2924931	2479	1
MAXED_1044_Day_A	178	Picture	stage2_box	2924981	0	1	7551	1	0	next	other	0
MAXED_1044_Day_A	179	Picture	stage2_up	2932531	0	1	7644	1	0	next	other	0
MAXED_1044_Day_A	179	Pulse	99	2940000	7469	NA
MAXED_1044_Day_A	180	Picture	stage2_win	2940175	0	1	10051	1	0	next	other	0
MAXED_1044_Day_A	181	Picture	stage1	2950225	0	1	2390	1	0	next	false_alarm	414
MAXED_1044_Day_A	181	Response	1	2952576	2351	1
MAXED_1044_Day_A	182	Picture	stage1_box	2952615	0	1	7550	1	0	next	other	0
MAXED_1044_Day_A	182	Pulse	99	2960000	7385	NA
MAXED_1044_Day_A	183	Picture	stage1_outcome	2960165	0	1	167	1	0	next	other	0
MAXED_1044_Day_A	184	Picture	stage2A	2960331	0	1	2193	1	0	next	false_alarm	419
MAXED_1044_Day_A	184	Response	2	2962474	2143	1
MAXED_1044_Day_A	185	Picture	stage2_box	2962524	0	1	7550	1	0	next	other	0
MAXED_1044_Day_A	186	Picture	stage2_up	2970074	0	1	7550	1	0	next	other	0
MAXED_1044_Day_A	187	Picture	stage2_win	2977624	0	1	10050	1	0	next	other	0
MAXED_1044_Day_A	187	Pulse	99	2980000	2376	NA
MAXED_1044_Day_A	188	Picture	stage1	2987675	0	1	2890	1	0	next	false_alarm	425
MAXED_1044_Day_A	188	Response	1	2990515	2840	1
MAXED_1044_Day_A	189	Picture	stage1_box	2990565	0	1	7550	1	0	next	other	0
MAXED_1044_Day_A	190	Picture	stage1_outcome	2998115	0	1	167	1	0	next	other	0
MAXED_1044_Day_A	191	Picture	stage2B	2998282	0	1	2795	1	0	next	false_alarm	430
MAXED_1044_Day_A	191	Pulse	99	3000000	1718	NA
MAXED_1044_Day_A	191	Response	2	3001025	2744	1
MAXED_1044_Day_A	192	Picture	stage2_box	3001077	0	1	7664	1	0	next	other	0
MAXED_1044_Day_A	193	Picture	stage2_up	3008741	0	1	7664	1	0	next	other	0
MAXED_1044_Day_A	194	Picture	stage2_win	3016405	0	1	10163	1	0	next	other	0
MAXED_1044_Day_A	194	Pulse	99	3020000	3595	NA
MAXED_1044_Day_A	195	Picture	stage1	3026568	0	1	15522	1	0	next	false_alarm	437
MAXED_1044_Day_A	195	Pulse	99	3040000	13432	NA
MAXED_1044_Day_A	195	Response	2	3042040	15471	1
MAXED_1044_Day_A	196	Picture	stage1_box	3042090	0	1	7632	1	0	next	other	0
MAXED_1044_Day_A	197	Picture	stage1_outcome	3049722	0	1	167	1	0	next	other	0
MAXED_1044_Day_A	198	Picture	stage2B	3049889	0	1	3785	1	0	next	false_alarm	441
MAXED_1044_Day_A	198	Response	2	3053624	3735	1
MAXED_1044_Day_A	199	Picture	stage2_box	3053674	0	1	7664	1	0	next	other	0
MAXED_1044_Day_A	199	Pulse	99	3060000	6326	NA
MAXED_1044_Day_A	200	Picture	stage2_up	3061338	0	1	7664	1	0	next	other	0
MAXED_1044_Day_A	201	Picture	stage2_win	3069002	0	1	10163	1	0	next	other	0
MAXED_1044_Day_A	202	Picture	stage1	3079166	0	1	5165	1	0	next	false_alarm	448
MAXED_1044_Day_A	202	Pulse	99	3080000	834	NA
MAXED_1044_Day_A	202	Response	2	3084272	5106	1
MAXED_1044_Day_A	203	Picture	stage1_box	3084331	0	1	7550	1	0	next	other	0
MAXED_1044_Day_A	204	Picture	stage1_outcome	3091880	0	1	167	1	0	next	other	0
MAXED_1044_Day_A	205	Picture	stage2B	3092047	0	1	5310	1	0	next	false_alarm	452
MAXED_1044_Day_A	205	Response	2	3097307	5260	1
MAXED_1044_Day_A	206	Picture	stage2_box	3097357	0	1	7664	1	0	next	other	0
MAXED_1044_Day_A	206	Pulse	99	3100000	2643	NA
MAXED_1044_Day_A	207	Picture	stage2_up	3105021	0	1	7664	1	0	next	other	0
MAXED_1044_Day_A	208	Picture	stage2_lose	3112685	0	1	10051	1	0	next	other	0
MAXED_1044_Day_A	208	Pulse	99	3120000	7315	NA
MAXED_1044_Day_A	209	Picture	stage1	3122736	0	1	5409	1	0	next	false_alarm	459
MAXED_1044_Day_A	209	Response	2	3128095	5359	1
MAXED_1044_Day_A	210	Picture	stage1_box	3128145	0	1	7552	1	0	next	other	0
MAXED_1044_Day_A	211	Picture	stage1_outcome	3135697	0	1	167	1	0	next	other	0
MAXED_1044_Day_A	212	Picture	stage2B	3135864	0	1	5130	1	0	next	false_alarm	464
MAXED_1044_Day_A	212	Pulse	99	3140000	4136	NA
MAXED_1044_Day_A	212	Response	1	3140943	5080	1
MAXED_1044_Day_A	213	Picture	stage2_box	3140994	0	1	7664	1	0	next	other	0
MAXED_1044_Day_A	214	Picture	stage2_up	3148658	0	1	7664	1	0	next	other	0
MAXED_1044_Day_A	215	Picture	stage2_win	3156322	0	1	10163	1	0	next	other	0
MAXED_1044_Day_A	215	Pulse	99	3160000	3678	NA
MAXED_1044_Day_A	216	Picture	stage1	3166485	0	1	2666	1	0	next	false_alarm	470
MAXED_1044_Day_A	216	Response	2	3169085	2600	1
MAXED_1044_Day_A	217	Picture	stage1_box	3169151	0	1	7664	1	0	next	other	0
MAXED_1044_Day_A	218	Picture	stage1_outcome	3176815	0	1	167	1	0	next	other	0
MAXED_1044_Day_A	219	Picture	stage2B	3176982	0	1	3424	1	0	next	false_alarm	475
MAXED_1044_Day_A	219	Pulse	99	3180000	3018	NA
MAXED_1044_Day_A	219	Response	1	3180355	3374	1
MAXED_1044_Day_A	220	Picture	stage2_box	3180405	0	1	7664	1	0	next	other	0
MAXED_1044_Day_A	221	Picture	stage2_up	3188070	0	1	7664	1	0	next	other	0
MAXED_1044_Day_A	222	Picture	stage2_win	3195734	0	1	10163	1	0	next	other	0
MAXED_1044_Day_A	222	Pulse	99	3200000	4266	NA
MAXED_1044_Day_A	223	Pulse	99	3220000	14103	NA
MAXED_1044_Day_A	223	Pulse	99	3240000	34103	NA
MAXED_1044_Day_A	223	Pulse	99	3260000	54103	NA
MAXED_1044_Day_A	223	Pulse	99	3280000	74103	NA
MAXED_1044_Day_A	223	Pulse	99	3300000	94103	NA
MAXED_1044_Day_A	223	Pulse	99	3320000	114103	NA
MAXED_1044_Day_A	223	Pulse	99	3340000	134103	NA
MAXED_1044_Day_A	223	Pulse	99	3360000	154103	NA
MAXED_1044_Day_A	223	Pulse	99	3380000	174103	NA
MAXED_1044_Day_A	223	Pulse	99	3400000	194103	NA
MAXED_1044_Day_A	223	Pulse	99	3420000	214103	NA
MAXED_1044_Day_A	223	Pulse	99	3440000	234103	NA
MAXED_1044_Day_A	223	Pulse	99	3460000	254103	NA
MAXED_1044_Day_A	223	Pulse	99	3480000	274103	NA
MAXED_1044_Day_A	223	Pulse	99	3500000	294103	NA
MAXED_1044_Day_A	223	Pulse	99	3520000	314103	NA
MAXED_1044_Day_A	223	Pulse	99	3540000	334103	NA
MAXED_1044_Day_A	223	Pulse	99	3560000	354103	NA
MAXED_1044_Day_A	223	Pulse	99	3580000	374103	NA
MAXED_1044_Day_A	223	Pulse	99	3600000	394103	NA
MAXED_1044_Day_A	223	Pulse	99	3620000	414103	NA
MAXED_1044_Day_A	223	Pulse	99	3640000	434103	NA
MAXED_1044_Day_A	223	Pulse	99	3660000	454103	NA
MAXED_1044_Day_A	223	Pulse	99	3680000	474103	NA
MAXED_1044_Day_A	223	Pulse	99	3700000	494103	NA
MAXED_1044_Day_A	223	Pulse	99	3720000	514103	NA
MAXED_1044_Day_A	223	Pulse	99	3740000	534103	NA
MAXED_1044_Day_A	223	Pulse	99	3760000	554103	NA
MAXED_1044_Day_A	223	Pulse	99	3780000	574103	NA
MAXED_1044_Day_A	223	Pulse	99	3800000	594103	NA
MAXED_1044_Day_A	223	Pulse	99	3820000	614103	NA
MAXED_1044_Day_A	223	Pulse	99	3840000	634103	NA
MAXED_1044_Day_A	223	Pulse	99	3860000	654103	NA
MAXED_1044_Day_A	223	Pulse	99	3880000	674103	NA
MAXED_1044_Day_A	223	Pulse	99	3900000	694103	NA
MAXED_1044_Day_A	223	Pulse	99	3920000	714103	NA
MAXED_1044_Day_A	223	Pulse	99	3940000	734103	NA
MAXED_1044_Day_A	223	Pulse	99	3960000	754103	NA
MAXED_1044_Day_A	223	Pulse	99	3980000	774103	NA
MAXED_1044_Day_A	223	Pulse	99	4000000	794103	NA
MAXED_1044_Day_A	223	Pulse	99	4020000	814103	NA
MAXED_1044_Day_A	223	Pulse	99	4040000	834103	NA
MAXED_1044_Day_A	223	Pulse	99	4060000	854103	NA
MAXED_1044_Day_A	223	Pulse	99	4080000	874103	NA
MAXED_1044_Day_A	223	Pulse	99	4100000	894103	NA
MAXED_1044_Day_A	223	Pulse	99	4120000	914103	NA
MAXED_1044_Day_A	223	Pulse	99	4140000	934103	NA
MAXED_1044_Day_A	223	Pulse	99	4160000	954103	NA
MAXED_1044_Day_A	223	Pulse	99	4180000	974103	NA
MAXED_1044_Day_A	223	Pulse	99	4200000	994103	NA
MAXED_1044_Day_A	223	Pulse	99	4220000	1014103	NA
MAXED_1044_Day_A	223	Pulse	99	4240000	1034103	NA
MAXED_1044_Day_A	223	Pulse	99	4260000	1054103	NA
MAXED_1044_Day_A	223	Pulse	99	4280000	1074103	NA
MAXED_1044_Day_A	223	Pulse	99	4300000	1094103	NA
MAXED_1044_Day_A	223	Pulse	99	4320000	1114103	NA
MAXED_1044_Day_A	223	Pulse	99	4340000	1134103	NA
MAXED_1044_Day_A	223	Pulse	99	4360000	1154103	NA
MAXED_1044_Day_A	223	Pulse	99	4380000	1174103	NA
MAXED_1044_Day_A	223	Pulse	99	4400000	1194103	NA
MAXED_1044_Day_A	223	Pulse	99	4420000	1214103	NA
MAXED_1044_Day_A	223	Pulse	99	4440000	1234103	NA
MAXED_1044_Day_A	223	Pulse	99	4460000	1254103	NA
MAXED_1044_Day_A	223	Pulse	99	4480000	1274103	NA
MAXED_1044_Day_A	223	Pulse	99	4500000	1294103	NA
MAXED_1044_Day_A	223	Pulse	99	4520000	1314103	NA
MAXED_1044_Day_A	223	Pulse	99	4540000	1334103	NA
MAXED_1044_Day_A	223	Pulse	99	4560000	1354103	NA
MAXED_1044_Day_A	223	Pulse	99	4580000	1374103	NA
MAXED_1044_Day_A	223	Pulse	99	4600000	1394103	NA
MAXED_1044_Day_A	223	Pulse	99	4620000	1414103	NA
MAXED_1044_Day_A	223	Pulse	99	4640000	1434103	NA
MAXED_1044_Day_A	223	Pulse	99	4660000	1454103	NA
MAXED_1044_Day_A	223	Pulse	99	4680000	1474103	NA
MAXED_1044_Day_A	223	Pulse	99	4700000	1494103	NA
MAXED_1044_Day_A	223	Pulse	99	4720000	1514103	NA
MAXED_1044_Day_A	223	Pulse	99	4740000	1534103	NA
MAXED_1044_Day_A	223	Pulse	99	4760000	1554103	NA
MAXED_1044_Day_A	223	Pulse	99	4780000	1574103	NA
MAXED_1044_Day_A	223	Pulse	99	4800000	1594103	NA
MAXED_1044_Day_A	223	Pulse	99	4820000	1614103	NA
MAXED_1044_Day_A	223	Pulse	99	4840000	1634103	NA
MAXED_1044_Day_A	223	Pulse	99	4860000	1654103	NA
MAXED_1044_Day_A	223	Pulse	99	4880000	1674103	NA
MAXED_1044_Day_A	223	Pulse	99	4900000	1694103	NA
MAXED_1044_Day_A	223	Pulse	99	4920000	1714103	NA
MAXED_1044_Day_A	223	Pulse	99	4940000	1734103	NA
MAXED_1044_Day_A	223	Pulse	99	4960000	1754103	NA
MAXED_1044_Day_A	223	Pulse	99	4980000	1774103	NA
MAXED_1044_Day_A	223	Pulse	99	5000000	1794103	NA
MAXED_1044_Day_A	223	Pulse	99	5020000	1814103	NA
MAXED_1044_Day_A	223	Pulse	99	5040000	1834103	NA
MAXED_1044_Day_A	223	Pulse	99	5060000	1854103	NA
MAXED_1044_Day_A	223	Pulse	99	5080000	1874103	NA
MAXED_1044_Day_A	223	Pulse	99	5100000	1894103	NA
MAXED_1044_Day_A	223	Pulse	99	5120000	1914103	NA
MAXED_1044_Day_A	223	Pulse	99	5140000	1934103	NA
MAXED_1044_Day_A	223	Pulse	99	5160000	1954103	NA
MAXED_1044_Day_A	223	Pulse	99	5180000	1974103	NA
MAXED_1044_Day_A	223	Pulse	99	5200000	1994103	NA
MAXED_1044_Day_A	223	Pulse	99	5220000	2014103	NA
MAXED_1044_Day_A	223	Pulse	99	5240000	2034103	NA
MAXED_1044_Day_A	223	Pulse	99	5260000	2054103	NA
MAXED_1044_Day_A	223	Pulse	99	5280000	2074103	NA
MAXED_1044_Day_A	223	Pulse	99	5300000	2094103	NA
MAXED_1044_Day_A	223	Pulse	99	5320000	2114103	NA
MAXED_1044_Day_A	223	Pulse	99	5340000	2134103	NA
MAXED_1044_Day_A	223	Pulse	99	5360000	2154103	NA
MAXED_1044_Day_A	223	Pulse	99	5380000	2174103	NA
MAXED_1044_Day_A	223	Pulse	99	5400000	2194103	NA
MAXED_1044_Day_A	223	Pulse	99	5420000	2214103	NA
MAXED_1044_Day_A	223	Pulse	99	5440000	2234103	NA
MAXED_1044_Day_A	223	Pulse	99	5460000	2254103	NA
MAXED_1044_Day_A	223	Pulse	99	5480000	2274103	NA
MAXED_1044_Day_A	223	Pulse	99	5500000	2294103	NA
MAXED_1044_Day_A	223	Pulse	99	5520000	2314103	NA
MAXED_1044_Day_A	223	Pulse	99	5540000	2334103	NA
MAXED_1044_Day_A	223	Pulse	99	5560000	2354103	NA
MAXED_1044_Day_A	223	Pulse	99	5580000	2374103	NA
MAXED_1044_Day_A	223	Pulse	99	5600000	2394103	NA
MAXED_1044_Day_A	223	Pulse	99	5620000	2414103	NA
MAXED_1044_Day_A	223	Pulse	99	5640000	2434103	NA
MAXED_1044_Day_A	223	Pulse	99	5660000	2454103	NA
MAXED_1044_Day_A	223	Pulse	99	5680000	2474103	NA
MAXED_1044_Day_A	223	Pulse	99	5700000	2494103	NA
MAXED_1044_Day_A	223	Pulse	99	5720000	2514103	NA
MAXED_1044_Day_A	223	Pulse	99	5740000	2534103	NA
MAXED_1044_Day_A	223	Pulse	99	5760000	2554103	NA
MAXED_1044_Day_A	223	Pulse	99	5780000	2574103	NA
MAXED_1044_Day_A	223	Pulse	99	5800000	2594103	NA
MAXED_1044_Day_A	223	Pulse	99	5820000	2614103	NA
MAXED_1044_Day_A	223	Pulse	99	5840000	2634103	NA
MAXED_1044_Day_A	223	Pulse	99	5860000	2654103	NA
MAXED_1044_Day_A	223	Pulse	99	5880000	2674103	NA
MAXED_1044_Day_A	223	Pulse	99	5900000	2694103	NA
MAXED_1044_Day_A	223	Pulse	99	5920000	2714103	NA
MAXED_1044_Day_A	223	Pulse	99	5940000	2734103	NA
MAXED_1044_Day_A	223	Pulse	99	5960000	2754103	NA
MAXED_1044_Day_A	223	Pulse	99	5980000	2774103	NA
MAXED_1044_Day_A	223	Pulse	99	6000000	2794103	NA
MAXED_1044_Day_A	223	Pulse	99	6020000	2814103	NA
MAXED_1044_Day_A	223	Pulse	99	6040000	2834103	NA
MAXED_1044_Day_A	223	Pulse	99	6060000	2854103	NA
MAXED_1044_Day_A	223	Pulse	99	6080000	2874103	NA
MAXED_1044_Day_A	223	Pulse	99	6100000	2894103	NA
MAXED_1044_Day_A	223	Pulse	99	6120000	2914103	NA
MAXED_1044_Day_A	223	Pulse	99	6140000	2934103	NA
MAXED_1044_Day_A	223	Pulse	99	6160000	2954103	NA
MAXED_1044_Day_A	223	Pulse	99	6180000	2974103	NA
MAXED_1044_Day_A	223	Pulse	99	6200000	2994103	NA
MAXED_1044_Day_A	223	Pulse	99	6220000	3014103	NA
MAXED_1044_Day_A	223	Pulse	99	6240000	3034103	NA
MAXED_1044_Day_A	223	Pulse	99	6260000	3054103	NA
MAXED_1044_Day_A	223	Pulse	99	6280000	3074103	NA
MAXED_1044_Day_A	223	Pulse	99	6300000	3094103	NA
MAXED_1044_Day_A	223	Quit		6312319	3106423	NA
