Scenario - 
Logfile written - 08/28/2023 17:59:30

Subject	Trial	Event Type	Code	Time	TTime	Uncertainty	Duration	Uncertainty	ReqTime	ReqDur	Stim Type	Pair Index

MAXED_1061_Day_A	0	Pulse	99	0	0	NA
MAXED_1061_Day_A	1	Picture	instructions_1	333	0	1	346061	1	0	next	false_alarm	20
MAXED_1061_Day_A	1	Pulse	99	20000	19667	NA
MAXED_1061_Day_A	1	Pulse	99	40000	39667	NA
MAXED_1061_Day_A	1	Pulse	99	60000	59667	NA
MAXED_1061_Day_A	1	Pulse	99	80000	79667	NA
MAXED_1061_Day_A	1	Pulse	99	100000	99667	NA
MAXED_1061_Day_A	1	Pulse	99	120000	119667	NA
MAXED_1061_Day_A	1	Pulse	99	140000	139667	NA
MAXED_1061_Day_A	1	Pulse	99	160000	159667	NA
MAXED_1061_Day_A	1	Pulse	99	180000	179667	NA
MAXED_1061_Day_A	1	Pulse	99	200000	199667	NA
MAXED_1061_Day_A	1	Pulse	99	220000	219667	NA
MAXED_1061_Day_A	1	Pulse	99	240000	239667	NA
MAXED_1061_Day_A	1	Pulse	99	260000	259667	NA
MAXED_1061_Day_A	1	Pulse	99	280000	279667	NA
MAXED_1061_Day_A	1	Pulse	99	300000	299667	NA
MAXED_1061_Day_A	1	Pulse	99	320000	319667	NA
MAXED_1061_Day_A	1	Pulse	99	340000	339667	NA
MAXED_1061_Day_A	1	Response	88	346094	345761	1
MAXED_1061_Day_A	2	Picture	instructions_2	346394	0	1	88837	1	0	next	false_alarm	26
MAXED_1061_Day_A	2	Pulse	99	360000	13606	NA
MAXED_1061_Day_A	2	Pulse	99	380000	33606	NA
MAXED_1061_Day_A	2	Pulse	99	400000	53606	NA
MAXED_1061_Day_A	2	Pulse	99	420000	73606	NA
MAXED_1061_Day_A	2	Response	88	435002	88607	1
MAXED_1061_Day_A	3	Picture	instructions_3	435232	0	1	99131	1	0	next	false_alarm	33
MAXED_1061_Day_A	3	Pulse	99	440000	4768	NA
MAXED_1061_Day_A	3	Pulse	99	460000	24768	NA
MAXED_1061_Day_A	3	Pulse	99	480000	44768	NA
MAXED_1061_Day_A	3	Pulse	99	500000	64768	NA
MAXED_1061_Day_A	3	Pulse	99	520000	84768	NA
MAXED_1061_Day_A	3	Response	88	534132	98900	1
MAXED_1061_Day_A	4	Picture	instructions_4	534362	0	1	99819	1	0	next	false_alarm	40
MAXED_1061_Day_A	4	Pulse	99	540000	5638	NA
MAXED_1061_Day_A	4	Pulse	99	560000	25638	NA
MAXED_1061_Day_A	4	Pulse	99	580000	45638	NA
MAXED_1061_Day_A	4	Pulse	99	600000	65638	NA
MAXED_1061_Day_A	4	Pulse	99	620000	85638	NA
MAXED_1061_Day_A	4	Response	88	633952	99589	1
MAXED_1061_Day_A	5	Picture	instructions_5	634181	0	1	135607	1	0	next	false_alarm	49
MAXED_1061_Day_A	5	Pulse	99	640000	5819	NA
MAXED_1061_Day_A	5	Pulse	99	660000	25819	NA
MAXED_1061_Day_A	5	Pulse	99	680000	45819	NA
MAXED_1061_Day_A	5	Pulse	99	700000	65819	NA
MAXED_1061_Day_A	5	Pulse	99	720000	85819	NA
MAXED_1061_Day_A	5	Pulse	99	740000	105819	NA
MAXED_1061_Day_A	5	Pulse	99	760000	125819	NA
MAXED_1061_Day_A	5	Response	88	769558	135377	1
MAXED_1061_Day_A	6	Picture	instructions_6	769788	0	1	48177	1	0	next	false_alarm	53
MAXED_1061_Day_A	6	Pulse	99	780000	10212	NA
MAXED_1061_Day_A	6	Pulse	99	800000	30212	NA
MAXED_1061_Day_A	6	Response	88	817736	47948	1
MAXED_1061_Day_A	7	Picture	instructions_7	817965	0	1	180200	1	0	next	false_alarm	64
MAXED_1061_Day_A	7	Pulse	99	820000	2035	NA
MAXED_1061_Day_A	7	Pulse	99	840000	22035	NA
MAXED_1061_Day_A	7	Pulse	99	860000	42035	NA
MAXED_1061_Day_A	7	Pulse	99	880000	62035	NA
MAXED_1061_Day_A	7	Pulse	99	900000	82035	NA
MAXED_1061_Day_A	7	Pulse	99	920000	102035	NA
MAXED_1061_Day_A	7	Pulse	99	940000	122035	NA
MAXED_1061_Day_A	7	Pulse	99	960000	142035	NA
MAXED_1061_Day_A	7	Pulse	99	980000	162035	NA
MAXED_1061_Day_A	7	Response	88	997936	179971	1
MAXED_1061_Day_A	8	Picture	instructions_8	998165	0	1	95101	1	0	next	false_alarm	71
MAXED_1061_Day_A	8	Pulse	99	1000000	1835	NA
MAXED_1061_Day_A	8	Pulse	99	1020000	21835	NA
MAXED_1061_Day_A	8	Pulse	99	1040000	41835	NA
MAXED_1061_Day_A	8	Pulse	99	1060000	61835	NA
MAXED_1061_Day_A	8	Pulse	99	1080000	81835	NA
MAXED_1061_Day_A	8	Response	88	1093036	94872	1
MAXED_1061_Day_A	9	Picture	instructions_9	1093265	0	1	47528	1	0	next	false_alarm	76
MAXED_1061_Day_A	9	Pulse	99	1100000	6735	NA
MAXED_1061_Day_A	9	Pulse	99	1120000	26735	NA
MAXED_1061_Day_A	9	Pulse	99	1140000	46735	NA
MAXED_1061_Day_A	9	Response	88	1140562	47297	1
MAXED_1061_Day_A	10	Picture	instructions_10	1140794	0	1	115982	1	0	next	false_alarm	83
MAXED_1061_Day_A	10	Pulse	99	1160000	19206	NA
MAXED_1061_Day_A	10	Pulse	99	1180000	39206	NA
MAXED_1061_Day_A	10	Pulse	99	1200000	59206	NA
MAXED_1061_Day_A	10	Pulse	99	1220000	79206	NA
MAXED_1061_Day_A	10	Pulse	99	1240000	99206	NA
MAXED_1061_Day_A	10	Response	88	1256547	115753	1
MAXED_1061_Day_A	11	Picture	instructions_11	1256776	0	1	85109	1	0	next	false_alarm	90
MAXED_1061_Day_A	11	Pulse	99	1260000	3224	NA
MAXED_1061_Day_A	11	Pulse	99	1280000	23224	NA
MAXED_1061_Day_A	11	Pulse	99	1300000	43224	NA
MAXED_1061_Day_A	11	Pulse	99	1320000	63224	NA
MAXED_1061_Day_A	11	Pulse	99	1340000	83224	NA
MAXED_1061_Day_A	11	Response	88	1341801	85025	1
MAXED_1061_Day_A	12	Picture	instructions_12	1341885	0	1	79357	1	0	next	false_alarm	96
MAXED_1061_Day_A	12	Pulse	99	1360000	18115	NA
MAXED_1061_Day_A	12	Pulse	99	1380000	38115	NA
MAXED_1061_Day_A	12	Pulse	99	1400000	58115	NA
MAXED_1061_Day_A	12	Pulse	99	1420000	78115	NA
MAXED_1061_Day_A	12	Response	88	1421014	79129	1
MAXED_1061_Day_A	13	Picture	instructions_13	1421242	0	1	102435	1	0	next	false_alarm	103
MAXED_1061_Day_A	13	Pulse	99	1440000	18758	NA
MAXED_1061_Day_A	13	Pulse	99	1460000	38758	NA
MAXED_1061_Day_A	13	Pulse	99	1480000	58758	NA
MAXED_1061_Day_A	13	Pulse	99	1500000	78758	NA
MAXED_1061_Day_A	13	Pulse	99	1520000	98758	NA
MAXED_1061_Day_A	13	Response	88	1523447	102205	1
MAXED_1061_Day_A	14	Picture	instructions_14	1523677	0	1	34548	1	0	next	false_alarm	106
MAXED_1061_Day_A	14	Pulse	99	1540000	16323	NA
MAXED_1061_Day_A	14	Response	88	1557995	34318	1
MAXED_1061_Day_A	15	Picture	instructions_15	1558226	0	1	132793	1	0	next	false_alarm	115
MAXED_1061_Day_A	15	Pulse	99	1560000	1774	NA
MAXED_1061_Day_A	15	Pulse	99	1580000	21774	NA
MAXED_1061_Day_A	15	Pulse	99	1600000	41774	NA
MAXED_1061_Day_A	15	Pulse	99	1620000	61774	NA
MAXED_1061_Day_A	15	Pulse	99	1640000	81774	NA
MAXED_1061_Day_A	15	Pulse	99	1660000	101774	NA
MAXED_1061_Day_A	15	Pulse	99	1680000	121774	NA
MAXED_1061_Day_A	15	Response	88	1690890	132665	1
MAXED_1061_Day_A	16	Picture	instructions_16	1691019	0	1	45879	1	0	next	false_alarm	119
MAXED_1061_Day_A	16	Pulse	99	1700000	8982	NA
MAXED_1061_Day_A	16	Pulse	99	1720000	28982	NA
MAXED_1061_Day_A	16	Response	88	1736669	45650	1
MAXED_1061_Day_A	17	Picture	instructions_17	1736898	0	1	34429	1	0	next	false_alarm	123
MAXED_1061_Day_A	17	Pulse	99	1740000	3102	NA
MAXED_1061_Day_A	17	Pulse	99	1760000	23102	NA
MAXED_1061_Day_A	17	Response	88	1771097	34200	1
MAXED_1061_Day_A	18	Picture	instructions_18	1771327	0	1	102477	1	0	next	false_alarm	130
MAXED_1061_Day_A	18	Pulse	99	1780000	8673	NA
MAXED_1061_Day_A	18	Pulse	99	1800000	28673	NA
MAXED_1061_Day_A	18	Pulse	99	1820000	48673	NA
MAXED_1061_Day_A	18	Pulse	99	1840000	68673	NA
MAXED_1061_Day_A	18	Pulse	99	1860000	88673	NA
MAXED_1061_Day_A	18	Response	88	1873574	102248	1
MAXED_1061_Day_A	19	Picture	instructions_19	1873803	0	1	123756	1	0	next	false_alarm	138
MAXED_1061_Day_A	19	Pulse	99	1880000	6197	NA
MAXED_1061_Day_A	19	Pulse	99	1900000	26197	NA
MAXED_1061_Day_A	19	Pulse	99	1920000	46197	NA
MAXED_1061_Day_A	19	Pulse	99	1940000	66197	NA
MAXED_1061_Day_A	19	Pulse	99	1960000	86197	NA
MAXED_1061_Day_A	19	Pulse	99	1980000	106197	NA
MAXED_1061_Day_A	19	Response	88	1997329	123525	1
MAXED_1061_Day_A	20	Picture	instructions_20	1997559	0	1	71761	1	0	next	false_alarm	144
MAXED_1061_Day_A	20	Pulse	99	2000000	2441	NA
MAXED_1061_Day_A	20	Pulse	99	2020000	22441	NA
MAXED_1061_Day_A	20	Pulse	99	2040000	42441	NA
MAXED_1061_Day_A	20	Pulse	99	2060000	62441	NA
MAXED_1061_Day_A	20	Response	88	2069091	71532	1
MAXED_1061_Day_A	21	Picture	instructions_21	2069319	0	1	89745	1	0	next	false_alarm	150
MAXED_1061_Day_A	21	Pulse	99	2080000	10681	NA
MAXED_1061_Day_A	21	Pulse	99	2100000	30681	NA
MAXED_1061_Day_A	21	Pulse	99	2120000	50681	NA
MAXED_1061_Day_A	21	Pulse	99	2140000	70681	NA
MAXED_1061_Day_A	21	Response	88	2158834	89515	1
MAXED_1061_Day_A	22	Picture	instructions_22	2159064	0	1	50148	1	0	next	false_alarm	155
MAXED_1061_Day_A	22	Pulse	99	2160000	936	NA
MAXED_1061_Day_A	22	Pulse	99	2180000	20936	NA
MAXED_1061_Day_A	22	Pulse	99	2200000	40936	NA
MAXED_1061_Day_A	22	Response	88	2208982	49918	1
MAXED_1061_Day_A	23	Picture	instructions_23	2209212	0	1	84284	1	0	next	false_alarm	161
MAXED_1061_Day_A	23	Pulse	99	2220000	10788	NA
MAXED_1061_Day_A	23	Pulse	99	2240000	30788	NA
MAXED_1061_Day_A	23	Pulse	99	2260000	50788	NA
MAXED_1061_Day_A	23	Pulse	99	2280000	70788	NA
MAXED_1061_Day_A	23	Response	88	2293266	84054	1
MAXED_1061_Day_A	24	Picture	instructions_24	2293496	0	1	25239	1	0	next	false_alarm	164
MAXED_1061_Day_A	24	Pulse	99	2300000	6504	NA
MAXED_1061_Day_A	24	Response	88	2318508	25011	1
MAXED_1061_Day_A	25	Picture	instructions_25	2318736	0	1	58464	1	0	next	false_alarm	169
MAXED_1061_Day_A	25	Pulse	99	2320000	1264	NA
MAXED_1061_Day_A	25	Pulse	99	2340000	21264	NA
MAXED_1061_Day_A	25	Pulse	99	2360000	41264	NA
MAXED_1061_Day_A	25	Response	88	2376971	58236	1
MAXED_1061_Day_A	26	Picture	instructions_26	2377200	0	1	115695	1	0	next	false_alarm	177
MAXED_1061_Day_A	26	Pulse	99	2380000	2800	NA
MAXED_1061_Day_A	26	Pulse	99	2400000	22800	NA
MAXED_1061_Day_A	26	Pulse	99	2420000	42800	NA
MAXED_1061_Day_A	26	Pulse	99	2440000	62800	NA
MAXED_1061_Day_A	26	Pulse	99	2460000	82800	NA
MAXED_1061_Day_A	26	Pulse	99	2480000	102800	NA
MAXED_1061_Day_A	26	Response	88	2492665	115465	1
MAXED_1061_Day_A	27	Picture	instructions_27	2492894	0	1	55025	1	0	next	false_alarm	182
MAXED_1061_Day_A	27	Pulse	99	2500000	7106	NA
MAXED_1061_Day_A	27	Pulse	99	2520000	27106	NA
MAXED_1061_Day_A	27	Pulse	99	2540000	47106	NA
MAXED_1061_Day_A	27	Response	88	2547689	54795	1
MAXED_1061_Day_A	28	Picture	instructions_28	2547919	0	1	23310	1	0	next	false_alarm	185
MAXED_1061_Day_A	28	Pulse	99	2560000	12081	NA
MAXED_1061_Day_A	28	Response	88	2570999	23080	1
MAXED_1061_Day_A	29	Picture	instructions_29	2571229	0	1	60489	1	0	next	false_alarm	190
MAXED_1061_Day_A	29	Pulse	99	2580000	8771	NA
MAXED_1061_Day_A	29	Pulse	99	2600000	28771	NA
MAXED_1061_Day_A	29	Pulse	99	2620000	48771	NA
MAXED_1061_Day_A	29	Response	88	2631547	60318	1
MAXED_1061_Day_A	30	Picture	instructions_30	2631718	0	1	134688	1	0	next	false_alarm	199
MAXED_1061_Day_A	30	Pulse	99	2640000	8282	NA
MAXED_1061_Day_A	30	Pulse	99	2660000	28282	NA
MAXED_1061_Day_A	30	Pulse	99	2680000	48282	NA
MAXED_1061_Day_A	30	Pulse	99	2700000	68282	NA
MAXED_1061_Day_A	30	Pulse	99	2720000	88282	NA
MAXED_1061_Day_A	30	Pulse	99	2740000	108282	NA
MAXED_1061_Day_A	30	Pulse	99	2760000	128282	NA
MAXED_1061_Day_A	30	Response	88	2766177	134459	1
MAXED_1061_Day_A	31	Picture	instructions_31	2766407	0	1	60127	1	0	next	false_alarm	204
MAXED_1061_Day_A	31	Pulse	99	2780000	13593	NA
MAXED_1061_Day_A	31	Pulse	99	2800000	33593	NA
MAXED_1061_Day_A	31	Pulse	99	2820000	53593	NA
MAXED_1061_Day_A	31	Response	88	2826467	60060	1
MAXED_1061_Day_A	32	Picture	instructions_32	2826534	0	1	71315	1	0	next	false_alarm	209
MAXED_1061_Day_A	32	Pulse	99	2840000	13467	NA
MAXED_1061_Day_A	32	Pulse	99	2860000	33467	NA
MAXED_1061_Day_A	32	Pulse	99	2880000	53467	NA
MAXED_1061_Day_A	32	Response	88	2897619	71085	1
MAXED_1061_Day_A	33	Picture	instructions_33	2897849	0	1	57399	1	0	next	false_alarm	214
MAXED_1061_Day_A	33	Pulse	99	2900000	2151	NA
MAXED_1061_Day_A	33	Pulse	99	2920000	22151	NA
MAXED_1061_Day_A	33	Pulse	99	2940000	42151	NA
MAXED_1061_Day_A	33	Response	88	2955019	57170	1
MAXED_1061_Day_A	34	Picture	instructions_34	2955248	0	1	93432	1	0	next	false_alarm	221
MAXED_1061_Day_A	34	Pulse	99	2960000	4752	NA
MAXED_1061_Day_A	34	Pulse	99	2980000	24752	NA
MAXED_1061_Day_A	34	Pulse	99	3000000	44752	NA
MAXED_1061_Day_A	34	Pulse	99	3020000	64752	NA
MAXED_1061_Day_A	34	Pulse	99	3040000	84752	NA
MAXED_1061_Day_A	34	Response	88	3048449	93202	1
MAXED_1061_Day_A	35	Picture	instructions_35	3048679	0	1	74158	1	0	next	false_alarm	227
MAXED_1061_Day_A	35	Pulse	99	3060000	11321	NA
MAXED_1061_Day_A	35	Pulse	99	3080000	31321	NA
MAXED_1061_Day_A	35	Pulse	99	3100000	51321	NA
MAXED_1061_Day_A	35	Pulse	99	3120000	71321	NA
MAXED_1061_Day_A	35	Response	88	3122608	73929	1
MAXED_1061_Day_A	36	Picture	instructions_36	3122837	0	1	106383	1	0	next	false_alarm	234
MAXED_1061_Day_A	36	Pulse	99	3140000	17163	NA
MAXED_1061_Day_A	36	Pulse	99	3160000	37163	NA
MAXED_1061_Day_A	36	Pulse	99	3180000	57163	NA
MAXED_1061_Day_A	36	Pulse	99	3200000	77163	NA
MAXED_1061_Day_A	36	Pulse	99	3220000	97163	NA
MAXED_1061_Day_A	36	Response	88	3228994	106157	1
MAXED_1061_Day_A	37	Picture	instructions_37	3229221	0	1	26736	1	0	next	false_alarm	237
MAXED_1061_Day_A	37	Pulse	99	3240000	10779	NA
MAXED_1061_Day_A	37	Response	88	3255734	26513	1
MAXED_1061_Day_A	38	Picture	instructions_38	3255957	0	1	115886	1	0	next	false_alarm	245
MAXED_1061_Day_A	38	Pulse	99	3260000	4043	NA
MAXED_1061_Day_A	38	Pulse	99	3280000	24043	NA
MAXED_1061_Day_A	38	Pulse	99	3300000	44043	NA
MAXED_1061_Day_A	38	Pulse	99	3320000	64043	NA
MAXED_1061_Day_A	38	Pulse	99	3340000	84043	NA
MAXED_1061_Day_A	38	Pulse	99	3360000	104043	NA
MAXED_1061_Day_A	38	Response	88	3371785	115827	1
MAXED_1061_Day_A	39	Picture	instructions_39	3371843	0	1	74595	1	0	next	false_alarm	251
MAXED_1061_Day_A	39	Pulse	99	3380000	8157	NA
MAXED_1061_Day_A	39	Pulse	99	3400000	28157	NA
MAXED_1061_Day_A	39	Pulse	99	3420000	48157	NA
MAXED_1061_Day_A	39	Pulse	99	3440000	68157	NA
MAXED_1061_Day_A	39	Response	88	3446212	74369	1
MAXED_1061_Day_A	40	Picture	instructions_40	3446438	0	1	63587	1	0	next	false_alarm	256
MAXED_1061_Day_A	40	Pulse	99	3460000	13562	NA
MAXED_1061_Day_A	40	Pulse	99	3480000	33562	NA
MAXED_1061_Day_A	40	Pulse	99	3500000	53562	NA
MAXED_1061_Day_A	40	Response	88	3509966	63528	1
MAXED_1061_Day_A	41	Picture	instructions_41	3510025	0	1	66695	1	0	next	false_alarm	261
MAXED_1061_Day_A	41	Pulse	99	3520000	9975	NA
MAXED_1061_Day_A	41	Pulse	99	3540000	29975	NA
MAXED_1061_Day_A	41	Pulse	99	3560000	49975	NA
MAXED_1061_Day_A	41	Response	88	3576661	66636	1
MAXED_1061_Day_A	42	Picture	instructions_42	3576720	0	1	94272	1	0	next	false_alarm	268
MAXED_1061_Day_A	42	Pulse	99	3580000	3280	NA
MAXED_1061_Day_A	42	Pulse	99	3600000	23280	NA
MAXED_1061_Day_A	42	Pulse	99	3620000	43280	NA
MAXED_1061_Day_A	42	Pulse	99	3640000	63280	NA
MAXED_1061_Day_A	42	Pulse	99	3660000	83280	NA
MAXED_1061_Day_A	42	Response	88	3670932	94213	1
MAXED_1061_Day_A	43	Picture	instructions_43	3670992	0	1	25970	1	0	next	false_alarm	271
MAXED_1061_Day_A	43	Pulse	99	3680000	9008	NA
MAXED_1061_Day_A	43	Response	88	3696856	25865	1
MAXED_1061_Day_A	44	Picture	instructions_44	3696961	0	1	142433	1	0	next	false_alarm	280
MAXED_1061_Day_A	44	Pulse	99	3700000	3039	NA
MAXED_1061_Day_A	44	Pulse	99	3720000	23039	NA
MAXED_1061_Day_A	44	Pulse	99	3740000	43039	NA
MAXED_1061_Day_A	44	Pulse	99	3760000	63039	NA
MAXED_1061_Day_A	44	Pulse	99	3780000	83039	NA
MAXED_1061_Day_A	44	Pulse	99	3800000	103039	NA
MAXED_1061_Day_A	44	Pulse	99	3820000	123039	NA
MAXED_1061_Day_A	44	Response	88	3839335	142374	1
MAXED_1061_Day_A	45	Picture	instructions_45	3839395	0	1	106498	1	0	next	false_alarm	288
MAXED_1061_Day_A	45	Pulse	99	3840000	605	NA
MAXED_1061_Day_A	45	Pulse	99	3860000	20605	NA
MAXED_1061_Day_A	45	Pulse	99	3880000	40605	NA
MAXED_1061_Day_A	45	Pulse	99	3900000	60605	NA
MAXED_1061_Day_A	45	Pulse	99	3920000	80605	NA
MAXED_1061_Day_A	45	Pulse	99	3940000	100605	NA
MAXED_1061_Day_A	45	Response	88	3945835	106440	1
MAXED_1061_Day_A	46	Picture	instructions_46	3945892	0	1	45648	1	0	next	false_alarm	292
MAXED_1061_Day_A	46	Pulse	99	3960000	14108	NA
MAXED_1061_Day_A	46	Pulse	99	3980000	34108	NA
MAXED_1061_Day_A	46	Response	88	3991350	45458	1
MAXED_1061_Day_A	47	Picture	fixation	3991540	0	1	5200	1	0	next	other	0
MAXED_1061_Day_A	48	Picture	stage1	3996740	0	1	14828	1	0	next	false_alarm	296
MAXED_1061_Day_A	48	Pulse	99	4000000	3260	NA
MAXED_1061_Day_A	48	Response	2	4011449	14709	1
MAXED_1061_Day_A	49	Picture	stage1_box	4011569	0	1	7664	1	0	next	other	0
MAXED_1061_Day_A	50	Picture	stage1_outcome	4019233	0	1	167	1	0	next	other	0
MAXED_1061_Day_A	51	Picture	stage2B	4019400	0	1	13329	1	0	next	false_alarm	301
MAXED_1061_Day_A	51	Pulse	99	4020000	600	NA
MAXED_1061_Day_A	51	Response	2	4032552	13153	1
MAXED_1061_Day_A	52	Picture	stage2_box	4032728	0	1	7664	1	0	next	other	0
MAXED_1061_Day_A	52	Pulse	99	4040000	7272	NA
MAXED_1061_Day_A	53	Picture	stage2_up	4040392	0	1	7664	1	0	next	other	0
MAXED_1061_Day_A	54	Picture	stage2_win	4048057	0	1	10163	1	0	next	other	0
MAXED_1061_Day_A	55	Picture	stage1	4058220	0	1	6831	1	0	next	false_alarm	308
MAXED_1061_Day_A	55	Pulse	99	4060000	1780	NA
MAXED_1061_Day_A	55	Response	2	4064971	6751	1
MAXED_1061_Day_A	56	Picture	stage1_box	4065051	0	1	7664	1	0	next	other	0
MAXED_1061_Day_A	57	Picture	stage1_outcome	4072715	0	1	167	1	0	next	other	0
MAXED_1061_Day_A	58	Picture	stage2A	4072882	0	1	20826	1	0	next	false_alarm	313
MAXED_1061_Day_A	58	Pulse	99	4080000	7118	NA
MAXED_1061_Day_A	58	Response	2	4093555	20674	1
MAXED_1061_Day_A	59	Picture	stage2_box	4093708	0	1	7664	1	0	next	other	0
MAXED_1061_Day_A	59	Pulse	99	4100000	6292	NA
MAXED_1061_Day_A	60	Picture	stage2_up	4101372	0	1	7550	1	0	next	other	0
MAXED_1061_Day_A	61	Picture	stage2_win	4108922	0	1	10051	1	0	next	other	0
MAXED_1061_Day_A	62	Picture	stage1	4118973	0	1	10090	1	0	next	false_alarm	320
MAXED_1061_Day_A	62	Pulse	99	4120000	1027	NA
MAXED_1061_Day_A	62	Response	2	4129013	10040	1
MAXED_1061_Day_A	63	Picture	stage1_box	4129063	0	1	7550	1	0	next	other	0
MAXED_1061_Day_A	64	Picture	stage1_outcome	4136613	0	1	167	1	0	next	other	0
MAXED_1061_Day_A	65	Picture	stage2B	4136779	0	1	40200	1	0	next	false_alarm	326
MAXED_1061_Day_A	65	Pulse	99	4140000	3221	NA
MAXED_1061_Day_A	65	Pulse	99	4160000	23221	NA
MAXED_1061_Day_A	65	Response	1	4176925	40145	1
MAXED_1061_Day_A	66	Picture	stage2_box	4176979	0	1	7664	1	0	next	other	0
MAXED_1061_Day_A	66	Pulse	99	4180000	3021	NA
MAXED_1061_Day_A	67	Picture	stage2_up	4184644	0	1	7664	1	0	next	other	0
MAXED_1061_Day_A	68	Picture	stage2_win	4192308	0	1	10163	1	0	next	other	0
MAXED_1061_Day_A	68	Pulse	99	4200000	7692	NA
MAXED_1061_Day_A	69	Picture	stage1	4202471	0	1	20521	1	0	next	false_alarm	334
MAXED_1061_Day_A	69	Pulse	99	4220000	17529	NA
MAXED_1061_Day_A	69	Response	2	4222943	20472	1
MAXED_1061_Day_A	70	Picture	stage1_box	4222992	0	1	7539	1	0	next	other	0
MAXED_1061_Day_A	71	Picture	stage1_outcome	4230531	0	1	167	1	0	next	other	0
MAXED_1061_Day_A	72	Picture	stage2B	4230698	0	1	9702	1	0	next	false_alarm	339
MAXED_1061_Day_A	72	Pulse	99	4240000	9302	NA
MAXED_1061_Day_A	72	Response	1	4240351	9653	1
MAXED_1061_Day_A	73	Picture	stage2_box	4240400	0	1	7664	1	0	next	other	0
MAXED_1061_Day_A	74	Picture	stage2_up	4248064	0	1	7664	1	0	next	other	0
MAXED_1061_Day_A	75	Picture	stage2_win	4255728	0	1	10163	1	0	next	other	0
MAXED_1061_Day_A	75	Pulse	99	4260000	4272	NA
MAXED_1061_Day_A	76	Picture	stage1	4265892	0	1	9497	1	0	next	false_alarm	345
MAXED_1061_Day_A	76	Response	2	4275229	9337	1
MAXED_1061_Day_A	77	Picture	stage1_box	4275389	0	1	7550	1	0	next	other	0
MAXED_1061_Day_A	77	Pulse	99	4280000	4611	NA
MAXED_1061_Day_A	78	Picture	stage1_outcome	4282938	0	1	167	1	0	next	other	0
MAXED_1061_Day_A	79	Picture	stage2B	4283105	0	1	6814	1	0	next	false_alarm	350
MAXED_1061_Day_A	79	Response	1	4289869	6764	1
MAXED_1061_Day_A	80	Picture	stage2_box	4289919	0	1	7664	1	0	next	other	0
MAXED_1061_Day_A	81	Picture	stage2_up	4297583	0	1	7664	1	0	next	other	0
MAXED_1061_Day_A	81	Pulse	99	4300000	2417	NA
MAXED_1061_Day_A	82	Picture	stage2_lose	4305247	0	1	10051	1	0	next	other	0
MAXED_1061_Day_A	83	Picture	stage1	4315298	0	1	7884	1	0	next	false_alarm	357
MAXED_1061_Day_A	83	Pulse	99	4320000	4702	NA
MAXED_1061_Day_A	83	Response	1	4323128	7830	1
MAXED_1061_Day_A	84	Picture	stage1_box	4323182	0	1	7549	1	0	next	other	0
MAXED_1061_Day_A	85	Picture	stage1_outcome	4330731	0	1	167	1	0	next	other	0
MAXED_1061_Day_A	86	Picture	stage2A	4330898	0	1	8006	1	0	next	false_alarm	361
MAXED_1061_Day_A	86	Response	2	4338854	7956	1
MAXED_1061_Day_A	87	Picture	stage2_box	4338904	0	1	7550	1	0	next	other	0
MAXED_1061_Day_A	87	Pulse	99	4340000	1096	NA
MAXED_1061_Day_A	88	Picture	stage2_up	4346454	0	1	7550	1	0	next	other	0
MAXED_1061_Day_A	89	Picture	stage2_win	4354004	0	1	10050	1	0	next	other	0
MAXED_1061_Day_A	89	Pulse	99	4360000	5996	NA
MAXED_1061_Day_A	90	Picture	stage1	4364054	0	1	8083	1	0	next	false_alarm	368
MAXED_1061_Day_A	90	Response	1	4372026	7972	1
MAXED_1061_Day_A	91	Picture	stage1_box	4372137	0	1	7549	1	0	next	other	0
MAXED_1061_Day_A	92	Picture	stage1_outcome	4379686	0	1	167	1	0	next	other	0
MAXED_1061_Day_A	93	Picture	stage2B	4379852	0	1	27187	1	0	next	false_alarm	374
MAXED_1061_Day_A	93	Pulse	99	4380000	148	NA
MAXED_1061_Day_A	93	Pulse	99	4400000	20148	NA
MAXED_1061_Day_A	93	Response	2	4406989	27137	1
MAXED_1061_Day_A	94	Picture	stage2_box	4407039	0	1	7664	1	0	next	other	0
MAXED_1061_Day_A	95	Picture	stage2_up	4414704	0	1	7664	1	0	next	other	0
MAXED_1061_Day_A	95	Pulse	99	4420000	5296	NA
MAXED_1061_Day_A	96	Picture	stage2_lose	4422368	0	1	10049	1	0	next	other	0
MAXED_1061_Day_A	97	Picture	stage1	4432417	0	1	14071	1	0	next	false_alarm	381
MAXED_1061_Day_A	97	Pulse	99	4440000	7583	NA
MAXED_1061_Day_A	97	Response	1	4446439	14022	1
MAXED_1061_Day_A	98	Picture	stage1_box	4446488	0	1	7567	1	0	next	other	0
MAXED_1061_Day_A	99	Picture	stage1_outcome	4454056	0	1	167	1	0	next	other	0
MAXED_1061_Day_A	100	Picture	stage2B	4454222	0	1	11503	1	0	next	false_alarm	386
MAXED_1061_Day_A	100	Pulse	99	4460000	5778	NA
MAXED_1061_Day_A	100	Response	1	4465676	11454	1
MAXED_1061_Day_A	101	Picture	stage2_box	4465725	0	1	7664	1	0	next	other	0
MAXED_1061_Day_A	102	Picture	stage2_up	4473389	0	1	7664	1	0	next	other	0
MAXED_1061_Day_A	102	Pulse	99	4480000	6611	NA
MAXED_1061_Day_A	103	Picture	stage2_win	4481053	0	1	10163	1	0	next	other	0
MAXED_1061_Day_A	104	Picture	stage1	4491217	0	1	6831	1	0	next	false_alarm	392
MAXED_1061_Day_A	104	Response	2	4497897	6680	1
MAXED_1061_Day_A	105	Picture	stage1_box	4498048	0	1	7550	1	0	next	other	0
MAXED_1061_Day_A	105	Pulse	99	4500000	1952	NA
MAXED_1061_Day_A	106	Picture	stage1_outcome	4505597	0	1	167	1	0	next	other	0
MAXED_1061_Day_A	107	Picture	stage2A	4505764	0	1	12890	1	0	next	false_alarm	397
MAXED_1061_Day_A	107	Response	2	4518604	12840	1
MAXED_1061_Day_A	108	Picture	stage2_box	4518654	0	1	7550	1	0	next	other	0
MAXED_1061_Day_A	108	Pulse	99	4520000	1346	NA
MAXED_1061_Day_A	109	Picture	stage2_up	4526203	0	1	7550	1	0	next	other	0
MAXED_1061_Day_A	110	Picture	stage2_win	4533753	0	1	10039	1	0	next	other	0
MAXED_1061_Day_A	110	Pulse	99	4540000	6247	NA
MAXED_1061_Day_A	111	Picture	stage1	4543792	0	1	12813	1	0	next	false_alarm	404
MAXED_1061_Day_A	111	Response	2	4556556	12763	1
MAXED_1061_Day_A	112	Picture	stage1_box	4556606	0	1	7550	1	0	next	other	0
MAXED_1061_Day_A	112	Pulse	99	4560000	3394	NA
MAXED_1061_Day_A	113	Picture	stage1_outcome	4564155	0	1	167	1	0	next	other	0
MAXED_1061_Day_A	114	Picture	stage2B	4564322	0	1	7033	1	0	next	false_alarm	409
MAXED_1061_Day_A	114	Response	1	4571305	6983	1
MAXED_1061_Day_A	115	Picture	stage2_box	4571355	0	1	7664	1	0	next	other	0
MAXED_1061_Day_A	116	Picture	stage2_up	4579019	0	1	7664	1	0	next	other	0
MAXED_1061_Day_A	116	Pulse	99	4580000	981	NA
MAXED_1061_Day_A	117	Picture	stage2_win	4586683	0	1	10163	1	0	next	other	0
MAXED_1061_Day_A	118	Picture	stage1	4596846	0	1	9164	1	0	next	false_alarm	416
MAXED_1061_Day_A	118	Pulse	99	4600000	3154	NA
MAXED_1061_Day_A	118	Response	1	4605874	9027	1
MAXED_1061_Day_A	119	Picture	stage1_box	4606010	0	1	7549	1	0	next	other	0
MAXED_1061_Day_A	120	Picture	stage1_outcome	4613559	0	1	167	1	0	next	other	0
MAXED_1061_Day_A	121	Picture	stage2A	4613726	0	1	9824	1	0	next	false_alarm	421
MAXED_1061_Day_A	121	Pulse	99	4620000	6274	NA
MAXED_1061_Day_A	121	Response	2	4623499	9773	1
MAXED_1061_Day_A	122	Picture	stage2_box	4623550	0	1	7538	1	0	next	other	0
MAXED_1061_Day_A	123	Picture	stage2_up	4631088	0	1	7549	1	0	next	other	0
MAXED_1061_Day_A	124	Picture	stage2_win	4638637	0	1	10050	1	0	next	other	0
MAXED_1061_Day_A	124	Pulse	99	4640000	1363	NA
MAXED_1061_Day_A	125	Picture	stage1	4648687	0	1	7644	1	0	next	false_alarm	427
MAXED_1061_Day_A	125	Response	1	4656282	7595	1
MAXED_1061_Day_A	126	Picture	stage1_box	4656331	0	1	7550	1	0	next	other	0
MAXED_1061_Day_A	126	Pulse	99	4660000	3669	NA
MAXED_1061_Day_A	127	Picture	stage1_outcome	4663881	0	1	167	1	0	next	other	0
MAXED_1061_Day_A	128	Picture	stage2B	4664048	0	1	13447	1	0	next	false_alarm	432
MAXED_1061_Day_A	128	Response	1	4677445	13397	1
MAXED_1061_Day_A	129	Picture	stage2_box	4677495	0	1	7664	1	0	next	other	0
MAXED_1061_Day_A	129	Pulse	99	4680000	2505	NA
MAXED_1061_Day_A	130	Picture	stage2_up	4685159	0	1	7664	1	0	next	other	0
MAXED_1061_Day_A	131	Picture	stage2_win	4692823	0	1	10163	1	0	next	other	0
MAXED_1061_Day_A	131	Pulse	99	4700000	7177	NA
MAXED_1061_Day_A	132	Picture	stage1	4702986	0	1	9663	1	0	next	false_alarm	439
MAXED_1061_Day_A	132	Response	1	4712517	9531	1
MAXED_1061_Day_A	133	Picture	stage1_box	4712650	0	1	7550	1	0	next	other	0
MAXED_1061_Day_A	133	Pulse	99	4720000	7350	NA
MAXED_1061_Day_A	134	Picture	stage1_outcome	4720200	0	1	167	1	0	next	other	0
MAXED_1061_Day_A	135	Picture	stage2A	4720366	0	1	10104	1	0	next	false_alarm	444
MAXED_1061_Day_A	135	Response	2	4730421	10054	1
MAXED_1061_Day_A	136	Picture	stage2_box	4730470	0	1	7549	1	0	next	other	0
MAXED_1061_Day_A	137	Picture	stage2_up	4738020	0	1	7539	1	0	next	other	0
MAXED_1061_Day_A	137	Pulse	99	4740000	1980	NA
MAXED_1061_Day_A	138	Picture	stage2_win	4745558	0	1	10144	1	0	next	other	0
MAXED_1061_Day_A	139	Picture	stage1	4755702	0	1	7421	1	0	next	false_alarm	451
MAXED_1061_Day_A	139	Pulse	99	4760000	4298	NA
MAXED_1061_Day_A	139	Response	2	4763074	7372	1
MAXED_1061_Day_A	140	Picture	stage1_box	4763123	0	1	7550	1	0	next	other	0
MAXED_1061_Day_A	141	Picture	stage1_outcome	4770673	0	1	167	1	0	next	other	0
MAXED_1061_Day_A	142	Picture	stage2B	4770839	0	1	7974	1	0	next	false_alarm	455
MAXED_1061_Day_A	142	Response	1	4778763	7924	1
MAXED_1061_Day_A	143	Picture	stage2_box	4778814	0	1	7664	1	0	next	other	0
MAXED_1061_Day_A	143	Pulse	99	4780000	1186	NA
MAXED_1061_Day_A	144	Picture	stage2_up	4786478	0	1	7664	1	0	next	other	0
MAXED_1061_Day_A	145	Picture	stage2_win	4794142	0	1	10163	1	0	next	other	0
MAXED_1061_Day_A	145	Pulse	99	4800000	5858	NA
MAXED_1061_Day_A	146	Picture	stage1	4804305	0	1	4832	1	0	next	false_alarm	462
MAXED_1061_Day_A	146	Response	2	4808990	4685	1
MAXED_1061_Day_A	147	Picture	stage1_box	4809137	0	1	7549	1	0	next	other	0
MAXED_1061_Day_A	148	Picture	stage1_outcome	4816686	0	1	167	1	0	next	other	0
MAXED_1061_Day_A	149	Picture	stage2B	4816853	0	1	5220	1	0	next	false_alarm	467
MAXED_1061_Day_A	149	Pulse	99	4820000	3147	NA
MAXED_1061_Day_A	149	Response	1	4822023	5171	1
MAXED_1061_Day_A	150	Picture	stage2_box	4822073	0	1	7664	1	0	next	other	0
MAXED_1061_Day_A	151	Picture	stage2_up	4829737	0	1	7664	1	0	next	other	0
MAXED_1061_Day_A	152	Picture	stage2_win	4837401	0	1	10163	1	0	next	other	0
MAXED_1061_Day_A	152	Pulse	99	4840000	2599	NA
MAXED_1061_Day_A	153	Picture	stage1	4847564	0	1	7497	1	0	next	false_alarm	473
MAXED_1061_Day_A	153	Response	2	4855006	7442	1
MAXED_1061_Day_A	154	Picture	stage1_box	4855062	0	1	7549	1	0	next	other	0
MAXED_1061_Day_A	154	Pulse	99	4860000	4938	NA
MAXED_1061_Day_A	155	Picture	stage1_outcome	4862611	0	1	167	1	0	next	other	0
MAXED_1061_Day_A	156	Picture	stage2B	4862778	0	1	3583	1	0	next	false_alarm	478
MAXED_1061_Day_A	156	Response	1	4866322	3544	1
MAXED_1061_Day_A	157	Picture	stage2_box	4866361	0	1	7664	1	0	next	other	0
MAXED_1061_Day_A	158	Picture	stage2_up	4874025	0	1	7664	1	0	next	other	0
MAXED_1061_Day_A	158	Pulse	99	4880000	5975	NA
MAXED_1061_Day_A	159	Picture	stage2_win	4881689	0	1	10163	1	0	next	other	0
MAXED_1061_Day_A	160	Picture	stage1	4891852	0	1	4165	1	0	next	false_alarm	484
MAXED_1061_Day_A	160	Response	2	4895826	3974	1
MAXED_1061_Day_A	161	Picture	stage1_box	4896018	0	1	7664	1	0	next	other	0
MAXED_1061_Day_A	161	Pulse	99	4900000	3982	NA
MAXED_1061_Day_A	162	Picture	stage1_outcome	4903682	0	1	167	1	0	next	other	0
MAXED_1061_Day_A	163	Picture	stage2A	4903848	0	1	9928	1	0	next	false_alarm	489
MAXED_1061_Day_A	163	Response	2	4913726	9878	1
MAXED_1061_Day_A	164	Picture	stage2_box	4913776	0	1	7549	1	0	next	other	0
MAXED_1061_Day_A	164	Pulse	99	4920000	6224	NA
MAXED_1061_Day_A	165	Picture	stage2_up	4921325	0	1	7668	1	0	next	other	0
MAXED_1061_Day_A	166	Picture	stage2_lose	4928993	0	1	10050	1	0	next	other	0
MAXED_1061_Day_A	167	Picture	stage1	4939043	0	1	6552	1	0	next	false_alarm	496
MAXED_1061_Day_A	167	Pulse	99	4940000	957	NA
MAXED_1061_Day_A	167	Response	2	4945545	6502	1
MAXED_1061_Day_A	168	Picture	stage1_box	4945595	0	1	7550	1	0	next	other	0
MAXED_1061_Day_A	169	Picture	stage1_outcome	4953145	0	1	167	1	0	next	other	0
MAXED_1061_Day_A	170	Picture	stage2A	4953311	0	1	12243	1	0	next	false_alarm	501
MAXED_1061_Day_A	170	Pulse	99	4960000	6689	NA
MAXED_1061_Day_A	170	Response	1	4965502	12191	1
MAXED_1061_Day_A	171	Picture	stage2_box	4965554	0	1	7550	1	0	next	other	0
MAXED_1061_Day_A	172	Picture	stage2_up	4973104	0	1	7549	1	0	next	other	0
MAXED_1061_Day_A	172	Pulse	99	4980000	6896	NA
MAXED_1061_Day_A	173	Picture	stage2_lose	4980654	0	1	10039	1	0	next	other	0
MAXED_1061_Day_A	174	Picture	stage1	4990693	0	1	9190	1	0	next	false_alarm	507
MAXED_1061_Day_A	174	Response	2	4999833	9140	1
MAXED_1061_Day_A	175	Picture	stage1_box	4999883	0	1	7550	1	0	next	other	0
MAXED_1061_Day_A	175	Pulse	99	5000000	117	NA
MAXED_1061_Day_A	176	Picture	stage1_outcome	5007433	0	1	167	1	0	next	other	0
MAXED_1061_Day_A	177	Picture	stage2B	5007599	0	1	12805	1	0	next	false_alarm	513
MAXED_1061_Day_A	177	Pulse	99	5020000	12401	NA
MAXED_1061_Day_A	177	Response	1	5020354	12755	1
MAXED_1061_Day_A	178	Picture	stage2_box	5020405	0	1	7664	1	0	next	other	0
MAXED_1061_Day_A	179	Picture	stage2_up	5028069	0	1	7664	1	0	next	other	0
MAXED_1061_Day_A	180	Picture	stage2_win	5035733	0	1	10163	1	0	next	other	0
MAXED_1061_Day_A	180	Pulse	99	5040000	4267	NA
MAXED_1061_Day_A	181	Picture	stage1	5045896	0	1	4998	1	0	next	false_alarm	519
MAXED_1061_Day_A	181	Response	2	5050742	4846	1
MAXED_1061_Day_A	182	Picture	stage1_box	5050894	0	1	7549	1	0	next	other	0
MAXED_1061_Day_A	183	Picture	stage1_outcome	5058443	0	1	167	1	0	next	other	0
MAXED_1061_Day_A	184	Picture	stage2B	5058610	0	1	4757	1	0	next	false_alarm	524
MAXED_1061_Day_A	184	Pulse	99	5060000	1390	NA
MAXED_1061_Day_A	184	Response	1	5063328	4718	1
MAXED_1061_Day_A	185	Picture	stage2_box	5063367	0	1	7664	1	0	next	other	0
MAXED_1061_Day_A	186	Picture	stage2_up	5071031	0	1	7664	1	0	next	other	0
MAXED_1061_Day_A	187	Picture	stage2_win	5078695	0	1	10163	1	0	next	other	0
MAXED_1061_Day_A	187	Pulse	99	5080000	1305	NA
MAXED_1061_Day_A	188	Picture	stage1	5088858	0	1	3832	1	0	next	false_alarm	530
MAXED_1061_Day_A	188	Response	2	5092528	3670	1
MAXED_1061_Day_A	189	Picture	stage1_box	5092690	0	1	7664	1	0	next	other	0
MAXED_1061_Day_A	189	Pulse	99	5100000	7310	NA
MAXED_1061_Day_A	190	Picture	stage1_outcome	5100354	0	1	167	1	0	next	other	0
MAXED_1061_Day_A	191	Picture	stage2B	5100521	0	1	4871	1	0	next	false_alarm	535
MAXED_1061_Day_A	191	Response	1	5105342	4821	1
MAXED_1061_Day_A	192	Picture	stage2_box	5105392	0	1	7664	1	0	next	other	0
MAXED_1061_Day_A	193	Picture	stage2_up	5113056	0	1	7664	1	0	next	other	0
MAXED_1061_Day_A	193	Pulse	99	5120000	6944	NA
MAXED_1061_Day_A	194	Picture	stage2_win	5120720	0	1	10163	1	0	next	other	0
MAXED_1061_Day_A	195	Picture	stage1	5130883	0	1	4665	1	0	next	false_alarm	541
MAXED_1061_Day_A	195	Response	2	5135404	4521	1
MAXED_1061_Day_A	196	Picture	stage1_box	5135548	0	1	7550	1	0	next	other	0
MAXED_1061_Day_A	196	Pulse	99	5140000	4452	NA
MAXED_1061_Day_A	197	Picture	stage1_outcome	5143098	0	1	167	1	0	next	other	0
MAXED_1061_Day_A	198	Picture	stage2B	5143265	0	1	4972	1	0	next	false_alarm	546
MAXED_1061_Day_A	198	Response	1	5148187	4923	1
MAXED_1061_Day_A	199	Picture	stage2_box	5148237	0	1	7664	1	0	next	other	0
MAXED_1061_Day_A	200	Picture	stage2_up	5155901	0	1	7664	1	0	next	other	0
MAXED_1061_Day_A	200	Pulse	99	5160000	4099	NA
MAXED_1061_Day_A	201	Picture	stage2_win	5163565	0	1	10163	1	0	next	other	0
MAXED_1061_Day_A	202	Picture	stage1	5173728	0	1	7997	1	0	next	false_alarm	553
MAXED_1061_Day_A	202	Pulse	99	5180000	6272	NA
MAXED_1061_Day_A	202	Response	2	5181632	7903	1
MAXED_1061_Day_A	203	Picture	stage1_box	5181726	0	1	7550	1	0	next	other	0
MAXED_1061_Day_A	204	Picture	stage1_outcome	5189276	0	1	167	1	0	next	other	0
MAXED_1061_Day_A	205	Picture	stage2A	5189442	0	1	12996	1	0	next	false_alarm	558
MAXED_1061_Day_A	205	Pulse	99	5200000	10558	NA
MAXED_1061_Day_A	205	Response	2	5202388	12946	1
MAXED_1061_Day_A	206	Picture	stage2_box	5202438	0	1	7550	1	0	next	other	0
MAXED_1061_Day_A	207	Picture	stage2_up	5209989	0	1	7539	1	0	next	other	0
MAXED_1061_Day_A	208	Picture	stage2_win	5217528	0	1	10170	1	0	next	other	0
MAXED_1061_Day_A	208	Pulse	99	5220000	2472	NA
MAXED_1061_Day_A	209	Picture	stage1	5227698	0	1	6278	1	0	next	false_alarm	564
MAXED_1061_Day_A	209	Response	2	5233925	6227	1
MAXED_1061_Day_A	210	Picture	stage1_box	5233975	0	1	7549	1	0	next	other	0
MAXED_1061_Day_A	210	Pulse	99	5240000	6025	NA
MAXED_1061_Day_A	211	Picture	stage1_outcome	5241524	0	1	167	1	0	next	other	0
MAXED_1061_Day_A	212	Picture	stage2B	5241691	0	1	6352	1	0	next	false_alarm	569
MAXED_1061_Day_A	212	Response	1	5247993	6302	1
MAXED_1061_Day_A	213	Picture	stage2_box	5248043	0	1	7664	1	0	next	other	0
MAXED_1061_Day_A	214	Picture	stage2_up	5255707	0	1	7664	1	0	next	other	0
MAXED_1061_Day_A	214	Pulse	99	5260000	4293	NA
MAXED_1061_Day_A	215	Picture	stage2_win	5263371	0	1	10163	1	0	next	other	0
MAXED_1061_Day_A	216	Picture	stage1	5273534	0	1	6831	1	0	next	false_alarm	576
MAXED_1061_Day_A	216	Pulse	99	5280000	6466	NA
MAXED_1061_Day_A	216	Response	2	5280188	6654	1
MAXED_1061_Day_A	217	Picture	stage1_box	5280365	0	1	7550	1	0	next	other	0
MAXED_1061_Day_A	218	Picture	stage1_outcome	5287915	0	1	167	1	0	next	other	0
MAXED_1061_Day_A	219	Picture	stage2B	5288082	0	1	3880	1	0	next	false_alarm	580
MAXED_1061_Day_A	219	Response	1	5291847	3765	1
MAXED_1061_Day_A	220	Picture	stage2_box	5291962	0	1	7539	1	0	next	other	0
MAXED_1061_Day_A	221	Picture	stage2_up	5299501	0	1	7549	1	0	next	other	0
MAXED_1061_Day_A	221	Pulse	99	5300000	499	NA
MAXED_1061_Day_A	222	Picture	stage2_win	5307050	0	1	10163	1	0	next	other	0
MAXED_1061_Day_A	223	Pulse	99	5320000	2787	NA
MAXED_1061_Day_A	223	Pulse	99	5340000	22787	NA
MAXED_1061_Day_A	223	Pulse	99	5360000	42787	NA
MAXED_1061_Day_A	223	Pulse	99	5380000	62787	NA
MAXED_1061_Day_A	223	Pulse	99	5400000	82787	NA
MAXED_1061_Day_A	223	Pulse	99	5420000	102787	NA
MAXED_1061_Day_A	223	Pulse	99	5440000	122787	NA
MAXED_1061_Day_A	223	Pulse	99	5460000	142787	NA
MAXED_1061_Day_A	223	Pulse	99	5480000	162787	NA
MAXED_1061_Day_A	223	Pulse	99	5500000	182787	NA
MAXED_1061_Day_A	223	Pulse	99	5520000	202787	NA
MAXED_1061_Day_A	223	Response	88	5530139	212926	1
