Scenario - 
Logfile written - 12/07/2022 18:02:18

Subject	Trial	Event Type	Code	Time	TTime	Uncertainty	Duration	Uncertainty	ReqTime	ReqDur	Stim Type	Pair Index

MAXED_1044	0	Pulse	99	0	0	NA
MAXED_1044	1	Picture	instructions_1	500	0	1	29860	1	0	next	false_alarm	4
MAXED_1044	1	Pulse	99	20000	19500	NA
MAXED_1044	1	Response	88	30155	29656	1
MAXED_1044	2	Picture	instructions_2	30360	0	1	62842	1	0	next	false_alarm	9
MAXED_1044	2	Pulse	99	40000	9640	NA
MAXED_1044	2	Pulse	99	60000	29640	NA
MAXED_1044	2	Pulse	99	80000	49640	NA
MAXED_1044	2	Response	88	92973	62614	1
MAXED_1044	3	Picture	instructions_3	93202	0	1	73846	1	0	next	false_alarm	15
MAXED_1044	3	Pulse	99	100000	6798	NA
MAXED_1044	3	Pulse	99	120000	26798	NA
MAXED_1044	3	Pulse	99	140000	46798	NA
MAXED_1044	3	Pulse	99	160000	66798	NA
MAXED_1044	3	Response	88	166819	73616	1
MAXED_1044	4	Picture	instructions_4	167048	0	1	102661	1	0	next	false_alarm	22
MAXED_1044	4	Pulse	99	180000	12952	NA
MAXED_1044	4	Pulse	99	200000	32952	NA
MAXED_1044	4	Pulse	99	220000	52952	NA
MAXED_1044	4	Pulse	99	240000	72952	NA
MAXED_1044	4	Pulse	99	260000	92952	NA
MAXED_1044	4	Response	88	269480	102432	1
MAXED_1044	5	Picture	instructions_5	269709	0	1	72482	1	0	next	false_alarm	28
MAXED_1044	5	Pulse	99	280000	10291	NA
MAXED_1044	5	Pulse	99	300000	30291	NA
MAXED_1044	5	Pulse	99	320000	50291	NA
MAXED_1044	5	Pulse	99	340000	70291	NA
MAXED_1044	5	Response	88	341963	72253	1
MAXED_1044	6	Picture	instructions_6	342192	0	1	39086	1	0	next	false_alarm	32
MAXED_1044	6	Pulse	99	360000	17808	NA
MAXED_1044	6	Pulse	99	380000	37808	NA
MAXED_1044	6	Response	88	381051	38859	1
MAXED_1044	7	Picture	instructions_7	381277	0	1	95362	1	0	next	false_alarm	38
MAXED_1044	7	Pulse	99	400000	18723	NA
MAXED_1044	7	Pulse	99	420000	38723	NA
MAXED_1044	7	Pulse	99	440000	58723	NA
MAXED_1044	7	Pulse	99	460000	78723	NA
MAXED_1044	7	Response	88	476409	95131	1
MAXED_1044	8	Picture	instructions_8	476639	0	1	97236	1	0	next	false_alarm	45
MAXED_1044	8	Pulse	99	480000	3361	NA
MAXED_1044	8	Pulse	99	500000	23361	NA
MAXED_1044	8	Pulse	99	520000	43361	NA
MAXED_1044	8	Pulse	99	540000	63361	NA
MAXED_1044	8	Pulse	99	560000	83361	NA
MAXED_1044	8	Response	88	573646	97007	1
MAXED_1044	9	Picture	instructions_9	573875	0	1	27644	1	0	next	false_alarm	49
MAXED_1044	9	Pulse	99	580000	6125	NA
MAXED_1044	9	Pulse	99	600000	26125	NA
MAXED_1044	9	Response	88	601292	27417	1
MAXED_1044	10	Picture	instructions_10	601519	0	1	59814	1	0	next	false_alarm	54
MAXED_1044	10	Pulse	99	620000	18481	NA
MAXED_1044	10	Pulse	99	640000	38481	NA
MAXED_1044	10	Pulse	99	660000	58481	NA
MAXED_1044	10	Response	88	661104	59585	1
MAXED_1044	11	Picture	instructions_11	661333	0	1	80771	1	0	next	false_alarm	60
MAXED_1044	11	Pulse	99	680000	18667	NA
MAXED_1044	11	Pulse	99	700000	38667	NA
MAXED_1044	11	Pulse	99	720000	58667	NA
MAXED_1044	11	Pulse	99	740000	78667	NA
MAXED_1044	11	Response	88	742027	80693	1
MAXED_1044	12	Picture	instructions_12	742105	0	1	29886	1	0	next	false_alarm	63
MAXED_1044	12	Pulse	99	760000	17895	NA
MAXED_1044	12	Response	88	771762	29657	1
MAXED_1044	13	Picture	instructions_13	771990	0	1	55388	1	0	next	false_alarm	68
MAXED_1044	13	Pulse	99	780000	8010	NA
MAXED_1044	13	Pulse	99	800000	28010	NA
MAXED_1044	13	Pulse	99	820000	48010	NA
MAXED_1044	13	Response	88	827149	55159	1
MAXED_1044	14	Picture	instructions_14	827378	0	1	23505	1	0	next	false_alarm	71
MAXED_1044	14	Pulse	99	840000	12622	NA
MAXED_1044	14	Response	88	850655	23277	1
MAXED_1044	15	Picture	instructions_15	850883	0	1	70588	1	0	next	false_alarm	77
MAXED_1044	15	Pulse	99	860000	9117	NA
MAXED_1044	15	Pulse	99	880000	29117	NA
MAXED_1044	15	Pulse	99	900000	49117	NA
MAXED_1044	15	Pulse	99	920000	69117	NA
MAXED_1044	15	Response	88	921241	70358	1
MAXED_1044	16	Picture	instructions_16	921471	0	1	29390	1	0	next	false_alarm	80
MAXED_1044	16	Pulse	99	940000	18529	NA
MAXED_1044	16	Response	88	950627	29156	1
MAXED_1044	17	Picture	instructions_17	950861	0	1	7664	1	0	next	false_alarm	82
MAXED_1044	17	Response	88	958297	7436	1
MAXED_1044	18	Picture	instructions_18	958526	0	1	46529	1	0	next	false_alarm	87
MAXED_1044	18	Pulse	99	960000	1474	NA
MAXED_1044	18	Pulse	99	980000	21474	NA
MAXED_1044	18	Pulse	99	1000000	41474	NA
MAXED_1044	18	Response	88	1004826	46300	1
MAXED_1044	19	Picture	instructions_19	1005055	0	1	68334	1	0	next	false_alarm	92
MAXED_1044	19	Pulse	99	1020000	14945	NA
MAXED_1044	19	Pulse	99	1040000	34945	NA
MAXED_1044	19	Pulse	99	1060000	54945	NA
MAXED_1044	19	Response	88	1073159	68105	1
MAXED_1044	20	Picture	instructions_20	1073389	0	1	61770	1	0	next	false_alarm	97
MAXED_1044	20	Pulse	99	1080000	6611	NA
MAXED_1044	20	Pulse	99	1100000	26611	NA
MAXED_1044	20	Pulse	99	1120000	46611	NA
MAXED_1044	20	Response	88	1134930	61541	1
MAXED_1044	21	Picture	instructions_21	1135158	0	1	66777	1	0	next	false_alarm	103
MAXED_1044	21	Pulse	99	1140000	4842	NA
MAXED_1044	21	Pulse	99	1160000	24842	NA
MAXED_1044	21	Pulse	99	1180000	44842	NA
MAXED_1044	21	Pulse	99	1200000	64842	NA
MAXED_1044	21	Response	88	1201707	66548	1
MAXED_1044	22	Picture	instructions_22	1201936	0	1	29250	1	0	next	false_alarm	106
MAXED_1044	22	Pulse	99	1220000	18064	NA
MAXED_1044	22	Response	88	1230956	29021	1
MAXED_1044	23	Picture	instructions_23	1231186	0	1	56822	1	0	next	false_alarm	111
MAXED_1044	23	Pulse	99	1240000	8814	NA
MAXED_1044	23	Pulse	99	1260000	28814	NA
MAXED_1044	23	Pulse	99	1280000	48814	NA
MAXED_1044	23	Response	88	1287778	56593	1
MAXED_1044	24	Picture	instructions_24	1288008	0	1	77900	1	0	next	false_alarm	117
MAXED_1044	24	Pulse	99	1300000	11992	NA
MAXED_1044	24	Pulse	99	1320000	31992	NA
MAXED_1044	24	Pulse	99	1340000	51992	NA
MAXED_1044	24	Pulse	99	1360000	71992	NA
MAXED_1044	24	Response	88	1365681	77673	1
MAXED_1044	25	Picture	instructions_25	1365908	0	1	25696	1	0	next	false_alarm	120
MAXED_1044	25	Pulse	99	1380000	14092	NA
MAXED_1044	25	Response	88	1391375	25466	1
MAXED_1044	26	Picture	instructions_26	1391604	0	1	50992	1	0	next	false_alarm	125
MAXED_1044	26	Pulse	99	1400000	8396	NA
MAXED_1044	26	Pulse	99	1420000	28396	NA
MAXED_1044	26	Pulse	99	1440000	48396	NA
MAXED_1044	26	Response	88	1442534	50930	1
MAXED_1044	27	Picture	instructions_27	1442596	0	1	20416	1	0	next	false_alarm	128
MAXED_1044	27	Pulse	99	1460000	17404	NA
MAXED_1044	27	Response	88	1462785	20190	1
MAXED_1044	28	Picture	instructions_28	1463012	0	1	14500	1	0	next	false_alarm	130
MAXED_1044	28	Response	88	1477282	14269	1
MAXED_1044	29	Picture	instructions_29	1477513	0	1	22385	1	0	next	false_alarm	133
MAXED_1044	29	Pulse	99	1480000	2487	NA
MAXED_1044	29	Response	88	1499669	22156	1
MAXED_1044	30	Picture	instructions_30	1499898	0	1	102908	1	0	next	false_alarm	141
MAXED_1044	30	Pulse	99	1500000	102	NA
MAXED_1044	30	Pulse	99	1520000	20102	NA
MAXED_1044	30	Pulse	99	1540000	40102	NA
MAXED_1044	30	Pulse	99	1560000	60102	NA
MAXED_1044	30	Pulse	99	1580000	80102	NA
MAXED_1044	30	Pulse	99	1600000	100102	NA
MAXED_1044	30	Response	88	1602579	102681	1
MAXED_1044	31	Picture	instructions_31	1602806	0	1	100176	1	0	next	false_alarm	148
MAXED_1044	31	Pulse	99	1620000	17194	NA
MAXED_1044	31	Pulse	99	1640000	37194	NA
MAXED_1044	31	Pulse	99	1660000	57194	NA
MAXED_1044	31	Pulse	99	1680000	77194	NA
MAXED_1044	31	Pulse	99	1700000	97194	NA
MAXED_1044	31	Response	88	1702752	99946	1
MAXED_1044	32	Picture	instructions_32	1702981	0	1	120227	1	0	next	false_alarm	156
MAXED_1044	32	Pulse	99	1720000	17019	NA
MAXED_1044	32	Pulse	99	1740000	37019	NA
MAXED_1044	32	Pulse	99	1760000	57019	NA
MAXED_1044	32	Pulse	99	1780000	77019	NA
MAXED_1044	32	Pulse	99	1800000	97019	NA
MAXED_1044	32	Pulse	99	1820000	117019	NA
MAXED_1044	32	Response	88	1822979	119998	1
MAXED_1044	33	Picture	instructions_33	1823208	0	1	73411	1	0	next	false_alarm	161
MAXED_1044	33	Pulse	99	1840000	16792	NA
MAXED_1044	33	Pulse	99	1860000	36792	NA
MAXED_1044	33	Pulse	99	1880000	56792	NA
MAXED_1044	33	Response	88	1896391	73183	1
MAXED_1044	34	Picture	instructions_34	1896620	0	1	85499	1	0	next	false_alarm	168
MAXED_1044	34	Pulse	99	1900000	3380	NA
MAXED_1044	34	Pulse	99	1920000	23380	NA
MAXED_1044	34	Pulse	99	1940000	43380	NA
MAXED_1044	34	Pulse	99	1960000	63380	NA
MAXED_1044	34	Pulse	99	1980000	83380	NA
MAXED_1044	34	Response	88	1981890	85270	1
MAXED_1044	35	Picture	instructions_35	1982119	0	1	74571	1	0	next	false_alarm	173
MAXED_1044	35	Pulse	99	2000000	17881	NA
MAXED_1044	35	Pulse	99	2020000	37881	NA
MAXED_1044	35	Pulse	99	2040000	57881	NA
MAXED_1044	35	Response	88	2056461	74341	1
MAXED_1044	36	Picture	instructions_36	2056691	0	1	90356	1	0	next	false_alarm	180
MAXED_1044	36	Pulse	99	2060000	3309	NA
MAXED_1044	36	Pulse	99	2080000	23309	NA
MAXED_1044	36	Pulse	99	2100000	43309	NA
MAXED_1044	36	Pulse	99	2120000	63309	NA
MAXED_1044	36	Pulse	99	2140000	83309	NA
MAXED_1044	36	Response	88	2146816	90126	1
MAXED_1044	37	Picture	instructions_37	2147046	0	1	35476	1	0	next	false_alarm	184
MAXED_1044	37	Pulse	99	2160000	12954	NA
MAXED_1044	37	Pulse	99	2180000	32954	NA
MAXED_1044	37	Response	88	2182463	35417	1
MAXED_1044	38	Picture	instructions_38	2182522	0	1	52202	1	0	next	false_alarm	188
MAXED_1044	38	Pulse	99	2200000	17478	NA
MAXED_1044	38	Pulse	99	2220000	37478	NA
MAXED_1044	38	Response	88	2234667	52145	1
MAXED_1044	39	Picture	instructions_39	2234724	0	1	132688	1	0	next	false_alarm	197
MAXED_1044	39	Pulse	99	2240000	5276	NA
MAXED_1044	39	Pulse	99	2260000	25276	NA
MAXED_1044	39	Pulse	99	2280000	45276	NA
MAXED_1044	39	Pulse	99	2300000	65276	NA
MAXED_1044	39	Pulse	99	2320000	85276	NA
MAXED_1044	39	Pulse	99	2340000	105276	NA
MAXED_1044	39	Pulse	99	2360000	125276	NA
MAXED_1044	39	Response	88	2367355	132630	1
MAXED_1044	40	Picture	instructions_40	2367413	0	1	43899	1	0	next	false_alarm	201
MAXED_1044	40	Pulse	99	2380000	12587	NA
MAXED_1044	40	Pulse	99	2400000	32587	NA
MAXED_1044	40	Response	88	2411253	43840	1
MAXED_1044	41	Picture	instructions_41	2411312	0	1	39938	1	0	next	false_alarm	205
MAXED_1044	41	Pulse	99	2420000	8688	NA
MAXED_1044	41	Pulse	99	2440000	28688	NA
MAXED_1044	41	Response	88	2451191	39879	1
MAXED_1044	42	Picture	instructions_42	2451250	0	1	61436	1	0	next	false_alarm	210
MAXED_1044	42	Pulse	99	2460000	8750	NA
MAXED_1044	42	Pulse	99	2480000	28750	NA
MAXED_1044	42	Pulse	99	2500000	48750	NA
MAXED_1044	42	Response	88	2512626	61376	1
MAXED_1044	43	Picture	instructions_43	2512686	0	1	52796	1	0	next	false_alarm	215
MAXED_1044	43	Pulse	99	2520000	7314	NA
MAXED_1044	43	Pulse	99	2540000	27314	NA
MAXED_1044	43	Pulse	99	2560000	47314	NA
MAXED_1044	43	Response	88	2565423	52737	1
MAXED_1044	44	Picture	instructions_44	2565482	0	1	59105	1	0	next	false_alarm	220
MAXED_1044	44	Pulse	99	2580000	14518	NA
MAXED_1044	44	Pulse	99	2600000	34518	NA
MAXED_1044	44	Pulse	99	2620000	54518	NA
MAXED_1044	44	Response	88	2624528	59046	1
MAXED_1044	45	Picture	instructions_45	2624587	0	1	62844	1	0	next	false_alarm	225
MAXED_1044	45	Pulse	99	2640000	15413	NA
MAXED_1044	45	Pulse	99	2660000	35413	NA
MAXED_1044	45	Pulse	99	2680000	55413	NA
MAXED_1044	45	Response	88	2687373	62786	1
MAXED_1044	46	Picture	instructions_46	2687431	0	1	31297	1	0	next	false_alarm	228
MAXED_1044	46	Pulse	99	2700000	12569	NA
MAXED_1044	46	Response	88	2718674	31243	1
MAXED_1044	47	Picture	fixation	2718728	0	1	5165	1	0	next	other	0
MAXED_1044	47	Pulse	99	2720000	1272	NA
MAXED_1044	48	Picture	stage1	2723893	0	1	49317	1	0	next	false_alarm	234
MAXED_1044	48	Pulse	99	2740000	16107	NA
MAXED_1044	48	Pulse	99	2760000	36107	NA
MAXED_1044	48	Response	1	2773092	49199	1
MAXED_1044	49	Picture	stage1_box	2773209	0	1	7664	1	0	next	other	0
MAXED_1044	49	Pulse	99	2780000	6791	NA
MAXED_1044	50	Picture	stage1_outcome	2780873	0	1	167	1	0	next	other	0
MAXED_1044	51	Picture	stage2B	2781040	0	1	28490	1	0	next	false_alarm	240
MAXED_1044	51	Pulse	99	2800000	18960	NA
MAXED_1044	51	Response	1	2809409	28369	1
MAXED_1044	52	Picture	stage2_box	2809530	0	1	7553	1	0	next	other	0
MAXED_1044	53	Picture	stage2_up	2817083	0	1	7553	1	0	next	other	0
MAXED_1044	53	Pulse	99	2820000	2917	NA
MAXED_1044	54	Picture	stage2_win	2824636	0	1	10163	1	0	next	other	0
MAXED_1044	55	Picture	stage1	2834799	0	1	16315	1	0	next	false_alarm	247
MAXED_1044	55	Pulse	99	2840000	5201	NA
MAXED_1044	55	Response	1	2851064	16264	1
MAXED_1044	56	Picture	stage1_box	2851114	0	1	7550	1	0	next	other	0
MAXED_1044	57	Picture	stage1_outcome	2858664	0	1	167	1	0	next	other	0
MAXED_1044	58	Picture	stage2B	2858830	0	1	6160	1	0	next	false_alarm	252
MAXED_1044	58	Pulse	99	2860000	1170	NA
MAXED_1044	58	Response	1	2864941	6110	1
MAXED_1044	59	Picture	stage2_box	2864990	0	1	7664	1	0	next	other	0
MAXED_1044	60	Picture	stage2_up	2872654	0	1	7664	1	0	next	other	0
MAXED_1044	60	Pulse	99	2880000	7346	NA
MAXED_1044	61	Picture	stage2_win	2880318	0	1	10163	1	0	next	other	0
MAXED_1044	62	Picture	stage1	2890481	0	1	3166	1	0	next	false_alarm	258
MAXED_1044	62	Response	1	2893563	3082	1
MAXED_1044	63	Picture	stage1_box	2893647	0	1	7664	1	0	next	other	0
MAXED_1044	63	Pulse	99	2900000	6353	NA
MAXED_1044	64	Picture	stage1_outcome	2901311	0	1	167	1	0	next	other	0
MAXED_1044	65	Picture	stage2A	2901478	0	1	2991	1	0	next	false_alarm	263
MAXED_1044	65	Response	1	2904390	2912	1
MAXED_1044	66	Picture	stage2_box	2904468	0	1	7550	1	0	next	other	0
MAXED_1044	67	Picture	stage2_up	2912018	0	1	7550	1	0	next	other	0
MAXED_1044	68	Picture	stage2_win	2919569	0	1	10050	1	0	next	other	0
MAXED_1044	68	Pulse	99	2920000	431	NA
MAXED_1044	69	Picture	stage1	2929619	0	1	13138	1	0	next	false_alarm	270
MAXED_1044	69	Pulse	99	2940000	10381	NA
MAXED_1044	69	Response	2	2942702	13083	1
MAXED_1044	70	Picture	stage1_box	2942757	0	1	7550	1	0	next	other	0
MAXED_1044	71	Picture	stage1_outcome	2950308	0	1	167	1	0	next	other	0
MAXED_1044	72	Picture	stage2B	2950474	0	1	44891	1	0	next	false_alarm	276
MAXED_1044	72	Pulse	99	2960000	9526	NA
MAXED_1044	72	Pulse	99	2980000	29526	NA
MAXED_1044	72	Response	1	2995315	44841	1
MAXED_1044	73	Picture	stage2_box	2995365	0	1	7664	1	0	next	other	0
MAXED_1044	73	Pulse	99	3000000	4635	NA
MAXED_1044	74	Picture	stage2_up	3003029	0	1	7664	1	0	next	other	0
MAXED_1044	75	Picture	stage2_win	3010694	0	1	10163	1	0	next	other	0
MAXED_1044	75	Pulse	99	3020000	9306	NA
MAXED_1044	76	Picture	stage1	3020857	0	1	19070	1	0	next	false_alarm	283
MAXED_1044	76	Response	1	3039877	19020	1
MAXED_1044	77	Picture	stage1_box	3039927	0	1	7552	1	0	next	other	0
MAXED_1044	77	Pulse	99	3040000	73	NA
MAXED_1044	78	Picture	stage1_outcome	3047480	0	1	167	1	0	next	other	0
MAXED_1044	79	Picture	stage2B	3047646	0	1	17918	1	0	next	false_alarm	289
MAXED_1044	79	Pulse	99	3060000	12354	NA
MAXED_1044	79	Response	1	3065513	17867	1
MAXED_1044	80	Picture	stage2_box	3065564	0	1	7664	1	0	next	other	0
MAXED_1044	81	Picture	stage2_up	3073228	0	1	7664	1	0	next	other	0
MAXED_1044	81	Pulse	99	3080000	6772	NA
MAXED_1044	82	Picture	stage2_lose	3080892	0	1	10050	1	0	next	other	0
MAXED_1044	83	Picture	stage1	3090942	0	1	9705	1	0	next	false_alarm	296
MAXED_1044	83	Pulse	99	3100000	9058	NA
MAXED_1044	83	Response	2	3100597	9655	1
MAXED_1044	84	Picture	stage1_box	3100647	0	1	7550	1	0	next	other	0
MAXED_1044	85	Picture	stage1_outcome	3108197	0	1	167	1	0	next	other	0
MAXED_1044	86	Picture	stage2B	3108364	0	1	36113	1	0	next	false_alarm	302
MAXED_1044	86	Pulse	99	3120000	11636	NA
MAXED_1044	86	Pulse	99	3140000	31636	NA
MAXED_1044	86	Response	2	3144422	36058	1
MAXED_1044	87	Picture	stage2_box	3144477	0	1	7664	1	0	next	other	0
MAXED_1044	88	Picture	stage2_up	3152141	0	1	7664	1	0	next	other	0
MAXED_1044	89	Picture	stage2_lose	3159805	0	1	10050	1	0	next	other	0
MAXED_1044	89	Pulse	99	3160000	195	NA
MAXED_1044	90	Picture	stage1	3169855	0	1	6836	1	0	next	false_alarm	308
MAXED_1044	90	Response	1	3176642	6786	1
MAXED_1044	91	Picture	stage1_box	3176692	0	1	7550	1	0	next	other	0
MAXED_1044	91	Pulse	99	3180000	3308	NA
MAXED_1044	92	Picture	stage1_outcome	3184241	0	1	167	1	0	next	other	0
MAXED_1044	93	Picture	stage2A	3184408	0	1	13303	1	0	next	false_alarm	313
MAXED_1044	93	Response	1	3197661	13253	1
MAXED_1044	94	Picture	stage2_box	3197711	0	1	7619	1	0	next	other	0
MAXED_1044	94	Pulse	99	3200000	2289	NA
MAXED_1044	95	Picture	stage2_up	3205330	0	1	7550	1	0	next	other	0
MAXED_1044	96	Picture	stage2_lose	3212880	0	1	10050	1	0	next	other	0
MAXED_1044	96	Pulse	99	3220000	7120	NA
MAXED_1044	97	Picture	stage1	3222930	0	1	6955	1	0	next	false_alarm	320
MAXED_1044	97	Response	1	3229835	6905	1
MAXED_1044	98	Picture	stage1_box	3229885	0	1	7550	1	0	next	other	0
MAXED_1044	99	Picture	stage1_outcome	3237435	0	1	167	1	0	next	other	0
MAXED_1044	100	Picture	stage2A	3237601	0	1	7722	1	0	next	false_alarm	325
MAXED_1044	100	Pulse	99	3240000	2399	NA
MAXED_1044	100	Response	2	3245269	7667	1
MAXED_1044	101	Picture	stage2_box	3245323	0	1	7550	1	0	next	other	0
MAXED_1044	102	Picture	stage2_up	3252873	0	1	7647	1	0	next	other	0
MAXED_1044	102	Pulse	99	3260000	7127	NA
MAXED_1044	103	Picture	stage2_win	3260520	0	1	10051	1	0	next	other	0
MAXED_1044	104	Picture	stage1	3270571	0	1	6270	1	0	next	false_alarm	331
MAXED_1044	104	Response	1	3276791	6220	1
MAXED_1044	105	Picture	stage1_box	3276841	0	1	7550	1	0	next	other	0
MAXED_1044	105	Pulse	99	3280000	3159	NA
MAXED_1044	106	Picture	stage1_outcome	3284391	0	1	167	1	0	next	other	0
MAXED_1044	107	Picture	stage2A	3284557	0	1	5322	1	0	next	false_alarm	336
MAXED_1044	107	Response	2	3289829	5272	1
MAXED_1044	108	Picture	stage2_box	3289879	0	1	7550	1	0	next	other	0
MAXED_1044	109	Picture	stage2_up	3297429	0	1	7550	1	0	next	other	0
MAXED_1044	109	Pulse	99	3300000	2571	NA
MAXED_1044	110	Picture	stage2_win	3304979	0	1	10054	1	0	next	other	0
MAXED_1044	111	Picture	stage1	3315033	0	1	6547	1	0	next	false_alarm	343
MAXED_1044	111	Pulse	99	3320000	4967	NA
MAXED_1044	111	Response	1	3321529	6497	1
MAXED_1044	112	Picture	stage1_box	3321579	0	1	7550	1	0	next	other	0
MAXED_1044	113	Picture	stage1_outcome	3329129	0	1	167	1	0	next	other	0
MAXED_1044	114	Picture	stage2A	3329296	0	1	4840	1	0	next	false_alarm	347
MAXED_1044	114	Response	2	3334086	4790	1
MAXED_1044	115	Picture	stage2_box	3334136	0	1	7664	1	0	next	other	0
MAXED_1044	115	Pulse	99	3340000	5864	NA
MAXED_1044	116	Picture	stage2_up	3341800	0	1	7550	1	0	next	other	0
MAXED_1044	117	Picture	stage2_win	3349350	0	1	10050	1	0	next	other	0
MAXED_1044	118	Picture	stage1	3359400	0	1	2976	1	0	next	false_alarm	354
MAXED_1044	118	Pulse	99	3360000	600	NA
MAXED_1044	118	Response	1	3362327	2927	1
MAXED_1044	119	Picture	stage1_box	3362377	0	1	7550	1	0	next	other	0
MAXED_1044	120	Picture	stage1_outcome	3369926	0	1	167	1	0	next	other	0
MAXED_1044	121	Picture	stage2A	3370093	0	1	4530	1	0	next	false_alarm	358
MAXED_1044	121	Response	2	3374573	4480	1
MAXED_1044	122	Picture	stage2_box	3374623	0	1	7550	1	0	next	other	0
MAXED_1044	122	Pulse	99	3380000	5377	NA
MAXED_1044	123	Picture	stage2_up	3382172	0	1	7550	1	0	next	other	0
MAXED_1044	124	Picture	stage2_win	3389722	0	1	10063	1	0	next	other	0
MAXED_1044	125	Picture	stage1	3399785	0	1	5383	1	0	next	false_alarm	365
MAXED_1044	125	Pulse	99	3400000	215	NA
MAXED_1044	125	Response	1	3405118	5333	1
MAXED_1044	126	Picture	stage1_box	3405168	0	1	7550	1	0	next	other	0
MAXED_1044	127	Picture	stage1_outcome	3412718	0	1	167	1	0	next	other	0
MAXED_1044	128	Picture	stage2A	3412885	0	1	2614	1	0	next	false_alarm	369
MAXED_1044	128	Response	2	3415449	2564	1
MAXED_1044	129	Picture	stage2_box	3415498	0	1	7549	1	0	next	other	0
MAXED_1044	129	Pulse	99	3420000	4502	NA
MAXED_1044	130	Picture	stage2_up	3423047	0	1	7550	1	0	next	other	0
MAXED_1044	131	Picture	stage2_win	3430597	0	1	10051	1	0	next	other	0
MAXED_1044	131	Pulse	99	3440000	9403	NA
MAXED_1044	132	Picture	stage1	3440648	0	1	4197	1	0	next	false_alarm	376
MAXED_1044	132	Response	1	3444795	4146	1
MAXED_1044	133	Picture	stage1_box	3444845	0	1	7550	1	0	next	other	0
MAXED_1044	134	Picture	stage1_outcome	3452395	0	1	167	1	0	next	other	0
MAXED_1044	135	Picture	stage2A	3452562	0	1	2191	1	0	next	false_alarm	380
MAXED_1044	135	Response	2	3454715	2153	1
MAXED_1044	136	Picture	stage2_box	3454753	0	1	7550	1	0	next	other	0
MAXED_1044	136	Pulse	99	3460000	5247	NA
MAXED_1044	137	Picture	stage2_up	3462304	0	1	7551	1	0	next	other	0
MAXED_1044	138	Picture	stage2_lose	3469854	0	1	10050	1	0	next	other	0
MAXED_1044	139	Picture	stage1	3479905	0	1	10606	1	0	next	false_alarm	387
MAXED_1044	139	Pulse	99	3480000	95	NA
MAXED_1044	139	Response	2	3490461	10556	1
MAXED_1044	140	Picture	stage1_box	3490511	0	1	7550	1	0	next	other	0
MAXED_1044	141	Picture	stage1_outcome	3498061	0	1	167	1	0	next	other	0
MAXED_1044	142	Picture	stage2A	3498227	0	1	11430	1	0	next	false_alarm	392
MAXED_1044	142	Pulse	99	3500000	1773	NA
MAXED_1044	142	Response	1	3509607	11380	1
MAXED_1044	143	Picture	stage2_box	3509657	0	1	7549	1	0	next	other	0
MAXED_1044	144	Picture	stage2_up	3517206	0	1	7550	1	0	next	other	0
MAXED_1044	144	Pulse	99	3520000	2794	NA
MAXED_1044	145	Picture	stage2_win	3524756	0	1	10050	1	0	next	other	0
MAXED_1044	146	Picture	stage1	3534806	0	1	5115	1	0	next	false_alarm	398
MAXED_1044	146	Response	2	3539871	5065	1
MAXED_1044	147	Picture	stage1_box	3539921	0	1	7532	1	0	next	other	0
MAXED_1044	147	Pulse	99	3540000	79	NA
MAXED_1044	148	Picture	stage1_outcome	3547454	0	1	167	1	0	next	other	0
MAXED_1044	149	Picture	stage2A	3547620	0	1	6783	1	0	next	false_alarm	403
MAXED_1044	149	Response	1	3554353	6733	1
MAXED_1044	150	Picture	stage2_box	3554403	0	1	7550	1	0	next	other	0
MAXED_1044	150	Pulse	99	3560000	5597	NA
MAXED_1044	151	Picture	stage2_up	3561953	0	1	7550	1	0	next	other	0
MAXED_1044	152	Picture	stage2_win	3569503	0	1	10050	1	0	next	other	0
MAXED_1044	153	Picture	stage1	3579553	0	1	3068	1	0	next	false_alarm	410
MAXED_1044	153	Pulse	99	3580000	447	NA
MAXED_1044	153	Response	2	3582582	3029	1
MAXED_1044	154	Picture	stage1_box	3582621	0	1	7550	1	0	next	other	0
MAXED_1044	155	Picture	stage1_outcome	3590170	0	1	167	1	0	next	other	0
MAXED_1044	156	Picture	stage2B	3590337	0	1	29137	1	0	next	false_alarm	415
MAXED_1044	156	Pulse	99	3600000	9663	NA
MAXED_1044	156	Response	2	3619411	29074	1
MAXED_1044	157	Picture	stage2_box	3619474	0	1	7664	1	0	next	other	0
MAXED_1044	157	Pulse	99	3620000	526	NA
MAXED_1044	158	Picture	stage2_up	3627138	0	1	7664	1	0	next	other	0
MAXED_1044	159	Picture	stage2_lose	3634803	0	1	10050	1	0	next	other	0
MAXED_1044	159	Pulse	99	3640000	5197	NA
MAXED_1044	160	Picture	stage1	3644853	0	1	6406	1	0	next	false_alarm	422
MAXED_1044	160	Response	1	3651208	6355	1
MAXED_1044	161	Picture	stage1_box	3651259	0	1	7550	1	0	next	other	0
MAXED_1044	162	Picture	stage1_outcome	3658809	0	1	167	1	0	next	other	0
MAXED_1044	163	Picture	stage2B	3658975	0	1	4160	1	0	next	false_alarm	427
MAXED_1044	163	Pulse	99	3660000	1025	NA
MAXED_1044	163	Response	1	3663086	4110	1
MAXED_1044	164	Picture	stage2_box	3663135	0	1	7664	1	0	next	other	0
MAXED_1044	165	Picture	stage2_up	3670799	0	1	7664	1	0	next	other	0
MAXED_1044	166	Picture	stage2_lose	3678463	0	1	10050	1	0	next	other	0
MAXED_1044	166	Pulse	99	3680000	1537	NA
MAXED_1044	167	Picture	stage1	3688513	0	1	6592	1	0	next	false_alarm	433
MAXED_1044	167	Response	1	3695054	6541	1
MAXED_1044	168	Picture	stage1_box	3695105	0	1	7551	1	0	next	other	0
MAXED_1044	168	Pulse	99	3700000	4895	NA
MAXED_1044	169	Picture	stage1_outcome	3702655	0	1	167	1	0	next	other	0
MAXED_1044	170	Picture	stage2B	3702822	0	1	7577	1	0	next	false_alarm	438
MAXED_1044	170	Response	2	3710349	7527	1
MAXED_1044	171	Picture	stage2_box	3710399	0	1	7664	1	0	next	other	0
MAXED_1044	172	Picture	stage2_up	3718063	0	1	7664	1	0	next	other	0
MAXED_1044	172	Pulse	99	3720000	1937	NA
MAXED_1044	173	Picture	stage2_lose	3725727	0	1	10050	1	0	next	other	0
MAXED_1044	174	Picture	stage1	3735777	0	1	2727	1	0	next	false_alarm	444
MAXED_1044	174	Response	2	3738454	2677	1
MAXED_1044	175	Picture	stage1_box	3738504	0	1	7550	1	0	next	other	0
MAXED_1044	175	Pulse	99	3740000	1496	NA
MAXED_1044	176	Picture	stage1_outcome	3746054	0	1	167	1	0	next	other	0
MAXED_1044	177	Picture	stage2B	3746221	0	1	6064	1	0	next	false_alarm	449
MAXED_1044	177	Response	1	3752234	6014	1
MAXED_1044	178	Picture	stage2_box	3752285	0	1	7664	1	0	next	other	0
MAXED_1044	179	Picture	stage2_up	3759949	0	1	7664	1	0	next	other	0
MAXED_1044	179	Pulse	99	3760000	51	NA
MAXED_1044	180	Picture	stage2_lose	3767613	0	1	10052	1	0	next	other	0
MAXED_1044	181	Picture	stage1	3777665	0	1	4124	1	0	next	false_alarm	456
MAXED_1044	181	Pulse	99	3780000	2335	NA
MAXED_1044	181	Response	1	3781738	4073	1
MAXED_1044	182	Picture	stage1_box	3781788	0	1	7550	1	0	next	other	0
MAXED_1044	183	Picture	stage1_outcome	3789338	0	1	167	1	0	next	other	0
MAXED_1044	184	Picture	stage2A	3789505	0	1	13661	1	0	next	false_alarm	461
MAXED_1044	184	Pulse	99	3800000	10495	NA
MAXED_1044	184	Response	1	3803116	13611	1
MAXED_1044	185	Picture	stage2_box	3803166	0	1	7603	1	0	next	other	0
MAXED_1044	186	Picture	stage2_up	3810769	0	1	7550	1	0	next	other	0
MAXED_1044	187	Picture	stage2_win	3818319	0	1	10051	1	0	next	other	0
MAXED_1044	187	Pulse	99	3820000	1681	NA
MAXED_1044	188	Picture	stage1	3828370	0	1	4208	1	0	next	false_alarm	467
MAXED_1044	188	Response	1	3832528	4158	1
MAXED_1044	189	Picture	stage1_box	3832578	0	1	7550	1	0	next	other	0
MAXED_1044	189	Pulse	99	3840000	7422	NA
MAXED_1044	190	Picture	stage1_outcome	3840128	0	1	167	1	0	next	other	0
MAXED_1044	191	Picture	stage2A	3840294	0	1	3788	1	0	next	false_alarm	472
MAXED_1044	191	Response	1	3844033	3739	1
MAXED_1044	192	Picture	stage2_box	3844082	0	1	7680	1	0	next	other	0
MAXED_1044	193	Picture	stage2_up	3851763	0	1	7550	1	0	next	other	0
MAXED_1044	194	Picture	stage2_lose	3859313	0	1	10050	1	0	next	other	0
MAXED_1044	194	Pulse	99	3860000	687	NA
MAXED_1044	195	Picture	stage1	3869363	0	1	3743	1	0	next	false_alarm	478
MAXED_1044	195	Response	1	3873056	3693	1
MAXED_1044	196	Picture	stage1_box	3873106	0	1	7550	1	0	next	other	0
MAXED_1044	196	Pulse	99	3880000	6894	NA
MAXED_1044	197	Picture	stage1_outcome	3880656	0	1	167	1	0	next	other	0
MAXED_1044	198	Picture	stage2B	3880823	0	1	21704	1	0	next	false_alarm	484
MAXED_1044	198	Pulse	99	3900000	19177	NA
MAXED_1044	198	Response	2	3902477	21654	1
MAXED_1044	199	Picture	stage2_box	3902527	0	1	7664	1	0	next	other	0
MAXED_1044	200	Picture	stage2_up	3910191	0	1	7664	1	0	next	other	0
MAXED_1044	201	Picture	stage2_lose	3917855	0	1	10051	1	0	next	other	0
MAXED_1044	201	Pulse	99	3920000	2145	NA
MAXED_1044	202	Picture	stage1	3927907	0	1	3733	1	0	next	false_alarm	490
MAXED_1044	202	Response	1	3931590	3683	1
MAXED_1044	203	Picture	stage1_box	3931640	0	1	7550	1	0	next	other	0
MAXED_1044	204	Picture	stage1_outcome	3939189	0	1	167	1	0	next	other	0
MAXED_1044	205	Picture	stage2A	3939356	0	1	16425	1	0	next	false_alarm	495
MAXED_1044	205	Pulse	99	3940000	644	NA
MAXED_1044	205	Response	1	3955731	16375	1
MAXED_1044	206	Picture	stage2_box	3955781	0	1	7550	1	0	next	other	0
MAXED_1044	206	Pulse	99	3960000	4219	NA
MAXED_1044	207	Picture	stage2_up	3963330	0	1	7550	1	0	next	other	0
MAXED_1044	208	Picture	stage2_win	3970880	0	1	10050	1	0	next	other	0
MAXED_1044	208	Pulse	99	3980000	9120	NA
MAXED_1044	209	Picture	stage1	3980930	0	1	3811	1	0	next	false_alarm	502
MAXED_1044	209	Response	1	3984691	3761	1
MAXED_1044	210	Picture	stage1_box	3984741	0	1	7550	1	0	next	other	0
MAXED_1044	211	Picture	stage1_outcome	3992291	0	1	167	1	0	next	other	0
MAXED_1044	212	Picture	stage2B	3992458	0	1	11721	1	0	next	false_alarm	507
MAXED_1044	212	Pulse	99	4000000	7542	NA
MAXED_1044	212	Response	1	4004129	11671	1
MAXED_1044	213	Picture	stage2_box	4004179	0	1	7664	1	0	next	other	0
MAXED_1044	214	Picture	stage2_up	4011843	0	1	7664	1	0	next	other	0
MAXED_1044	215	Picture	stage2_lose	4019507	0	1	10129	1	0	next	other	0
MAXED_1044	215	Pulse	99	4020000	493	NA
MAXED_1044	216	Picture	stage1	4029636	0	1	6558	1	0	next	false_alarm	513
MAXED_1044	216	Response	2	4036144	6509	1
MAXED_1044	217	Picture	stage1_box	4036194	0	1	7550	1	0	next	other	0
MAXED_1044	217	Pulse	99	4040000	3806	NA
MAXED_1044	218	Picture	stage1_outcome	4043744	0	1	167	1	0	next	other	0
MAXED_1044	219	Picture	stage2B	4043910	0	1	9360	1	0	next	false_alarm	518
MAXED_1044	219	Response	2	4053220	9309	1
MAXED_1044	220	Picture	stage2_box	4053270	0	1	7664	1	0	next	other	0
MAXED_1044	220	Pulse	99	4060000	6730	NA
MAXED_1044	221	Picture	stage2_up	4060934	0	1	7664	1	0	next	other	0
MAXED_1044	222	Picture	stage2_win	4068598	0	1	10163	1	0	next	other	0
MAXED_1044	223	Pulse	99	4080000	1238	NA
MAXED_1044	223	Pulse	99	4100000	21238	NA
MAXED_1044	223	Pulse	99	4120000	41238	NA
MAXED_1044	223	Pulse	99	4140000	61238	NA
MAXED_1044	223	Pulse	99	4160000	81238	NA
MAXED_1044	223	Pulse	99	4180000	101238	NA
MAXED_1044	223	Pulse	99	4200000	121238	NA
MAXED_1044	223	Pulse	99	4220000	141238	NA
MAXED_1044	223	Pulse	99	4240000	161238	NA
MAXED_1044	223	Pulse	99	4260000	181238	NA
MAXED_1044	223	Quit		4272351	193589	NA
