Scenario - 
Logfile written - 08/01/2023 17:38:37

Subject	Trial	Event Type	Code	Time	TTime	Uncertainty	Duration	Uncertainty	ReqTime	ReqDur	Stim Type	Pair Index

MAXED_1060_DAY_A	0	Pulse	99	0	0	NA
MAXED_1060_DAY_A	1	Picture	instructions_1	1166	0	1	157614	1	0	next	false_alarm	10
MAXED_1060_DAY_A	1	Pulse	99	20000	18834	NA
MAXED_1060_DAY_A	1	Pulse	99	40000	38834	NA
MAXED_1060_DAY_A	1	Pulse	99	60000	58834	NA
MAXED_1060_DAY_A	1	Pulse	99	80000	78834	NA
MAXED_1060_DAY_A	1	Pulse	99	100000	98834	NA
MAXED_1060_DAY_A	1	Pulse	99	120000	118834	NA
MAXED_1060_DAY_A	1	Pulse	99	140000	138834	NA
MAXED_1060_DAY_A	1	Response	88	158518	157352	1
MAXED_1060_DAY_A	2	Picture	instructions_2	158780	0	1	43152	1	0	next	false_alarm	15
MAXED_1060_DAY_A	2	Pulse	99	160000	1220	NA
MAXED_1060_DAY_A	2	Pulse	99	180000	21220	NA
MAXED_1060_DAY_A	2	Pulse	99	200000	41220	NA
MAXED_1060_DAY_A	2	Response	88	201577	42797	1
MAXED_1060_DAY_A	3	Picture	instructions_3	201932	0	1	59313	1	0	next	false_alarm	20
MAXED_1060_DAY_A	3	Pulse	99	220000	18068	NA
MAXED_1060_DAY_A	3	Pulse	99	240000	38068	NA
MAXED_1060_DAY_A	3	Pulse	99	260000	58068	NA
MAXED_1060_DAY_A	3	Response	88	261007	59075	1
MAXED_1060_DAY_A	4	Picture	instructions_4	261245	0	1	45818	1	0	next	false_alarm	24
MAXED_1060_DAY_A	4	Pulse	99	280000	18755	NA
MAXED_1060_DAY_A	4	Pulse	99	300000	38755	NA
MAXED_1060_DAY_A	4	Response	88	306839	45594	1
MAXED_1060_DAY_A	5	Picture	instructions_5	307063	0	1	92802	1	0	next	false_alarm	30
MAXED_1060_DAY_A	5	Pulse	99	320000	12937	NA
MAXED_1060_DAY_A	5	Pulse	99	340000	32937	NA
MAXED_1060_DAY_A	5	Pulse	99	360000	52937	NA
MAXED_1060_DAY_A	5	Pulse	99	380000	72937	NA
MAXED_1060_DAY_A	5	Response	88	399581	92518	1
MAXED_1060_DAY_A	6	Picture	instructions_6	399865	0	1	27657	1	0	next	false_alarm	34
MAXED_1060_DAY_A	6	Pulse	99	400000	135	NA
MAXED_1060_DAY_A	6	Pulse	99	420000	20135	NA
MAXED_1060_DAY_A	6	Response	88	427269	27404	1
MAXED_1060_DAY_A	7	Picture	instructions_7	427523	0	1	89293	11	0	next	false_alarm	40
MAXED_1060_DAY_A	7	Pulse	99	440000	12477	NA
MAXED_1060_DAY_A	7	Pulse	99	460000	32477	NA
MAXED_1060_DAY_A	7	Pulse	99	480000	52477	NA
MAXED_1060_DAY_A	7	Pulse	99	500000	72477	NA
MAXED_1060_DAY_A	7	Response	88	516572	89049	1
MAXED_1060_DAY_A	8	Picture	instructions_8	516816	0	11	60990	11	0	next	false_alarm	45
MAXED_1060_DAY_A	8	Pulse	99	520000	3184	NA
MAXED_1060_DAY_A	8	Pulse	99	540000	23184	NA
MAXED_1060_DAY_A	8	Pulse	99	560000	43184	NA
MAXED_1060_DAY_A	8	Response	88	577429	60614	1
MAXED_1060_DAY_A	9	Picture	instructions_9	577806	0	1	29157	1	0	next	false_alarm	49
MAXED_1060_DAY_A	9	Pulse	99	580000	2194	NA
MAXED_1060_DAY_A	9	Pulse	99	600000	22194	NA
MAXED_1060_DAY_A	9	Response	88	606608	28803	1
MAXED_1060_DAY_A	10	Picture	instructions_10	606962	0	1	79806	1	0	next	false_alarm	55
MAXED_1060_DAY_A	10	Pulse	99	620000	13038	NA
MAXED_1060_DAY_A	10	Pulse	99	640000	33038	NA
MAXED_1060_DAY_A	10	Pulse	99	660000	53038	NA
MAXED_1060_DAY_A	10	Pulse	99	680000	73038	NA
MAXED_1060_DAY_A	10	Response	88	686392	79429	1
MAXED_1060_DAY_A	11	Picture	instructions_11	686769	0	1	58647	1	0	next	false_alarm	60
MAXED_1060_DAY_A	11	Pulse	99	700000	13231	NA
MAXED_1060_DAY_A	11	Pulse	99	720000	33231	NA
MAXED_1060_DAY_A	11	Pulse	99	740000	53231	NA
MAXED_1060_DAY_A	11	Response	88	745163	58394	1
MAXED_1060_DAY_A	12	Picture	instructions_12	745416	0	1	42153	1	0	next	false_alarm	64
MAXED_1060_DAY_A	12	Pulse	99	760000	14584	NA
MAXED_1060_DAY_A	12	Pulse	99	780000	34584	NA
MAXED_1060_DAY_A	12	Response	88	787256	41840	1
MAXED_1060_DAY_A	13	Picture	instructions_13	787568	0	1	44985	1	0	next	false_alarm	68
MAXED_1060_DAY_A	13	Pulse	99	800000	12432	NA
MAXED_1060_DAY_A	13	Pulse	99	820000	32432	NA
MAXED_1060_DAY_A	13	Response	88	832233	44665	1
MAXED_1060_DAY_A	14	Picture	instructions_14	832553	0	1	19660	1	0	next	false_alarm	71
MAXED_1060_DAY_A	14	Pulse	99	840000	7447	NA
MAXED_1060_DAY_A	14	Response	88	851861	19308	1
MAXED_1060_DAY_A	15	Picture	instructions_15	852213	0	1	94968	1	0	next	false_alarm	78
MAXED_1060_DAY_A	15	Pulse	99	860000	7787	NA
MAXED_1060_DAY_A	15	Pulse	99	880000	27787	NA
MAXED_1060_DAY_A	15	Pulse	99	900000	47787	NA
MAXED_1060_DAY_A	15	Pulse	99	920000	67787	NA
MAXED_1060_DAY_A	15	Pulse	99	940000	87787	NA
MAXED_1060_DAY_A	15	Response	88	946932	94719	1
MAXED_1060_DAY_A	16	Picture	instructions_16	947181	0	1	67644	1	0	next	false_alarm	83
MAXED_1060_DAY_A	16	Pulse	99	960000	12819	NA
MAXED_1060_DAY_A	16	Pulse	99	980000	32819	NA
MAXED_1060_DAY_A	16	Pulse	99	1000000	52819	NA
MAXED_1060_DAY_A	16	Response	88	1014500	67319	1
MAXED_1060_DAY_A	17	Picture	instructions_17	1014825	0	1	12662	1	0	next	false_alarm	86
MAXED_1060_DAY_A	17	Pulse	99	1020000	5175	NA
MAXED_1060_DAY_A	17	Response	88	1027271	12446	1
MAXED_1060_DAY_A	18	Picture	instructions_18	1027488	0	1	37321	1	0	next	false_alarm	90
MAXED_1060_DAY_A	18	Pulse	99	1040000	12512	NA
MAXED_1060_DAY_A	18	Pulse	99	1060000	32512	NA
MAXED_1060_DAY_A	18	Response	88	1064514	37026	1
MAXED_1060_DAY_A	19	Picture	instructions_19	1064808	0	1	89803	1	0	next	false_alarm	96
MAXED_1060_DAY_A	19	Pulse	99	1080000	15192	NA
MAXED_1060_DAY_A	19	Pulse	99	1100000	35192	NA
MAXED_1060_DAY_A	19	Pulse	99	1120000	55192	NA
MAXED_1060_DAY_A	19	Pulse	99	1140000	75192	NA
MAXED_1060_DAY_A	19	Response	88	1154258	89450	1
MAXED_1060_DAY_A	20	Picture	instructions_20	1154612	0	1	43652	1	0	next	false_alarm	100
MAXED_1060_DAY_A	20	Pulse	99	1160000	5388	NA
MAXED_1060_DAY_A	20	Pulse	99	1180000	25388	NA
MAXED_1060_DAY_A	20	Response	88	1197962	43350	1
MAXED_1060_DAY_A	21	Picture	instructions_21	1198264	0	1	50150	1	0	next	false_alarm	105
MAXED_1060_DAY_A	21	Pulse	99	1200000	1736	NA
MAXED_1060_DAY_A	21	Pulse	99	1220000	21736	NA
MAXED_1060_DAY_A	21	Pulse	99	1240000	41736	NA
MAXED_1060_DAY_A	21	Response	88	1248061	49798	1
MAXED_1060_DAY_A	22	Picture	instructions_22	1248413	0	1	26158	1	0	next	false_alarm	108
MAXED_1060_DAY_A	22	Pulse	99	1260000	11587	NA
MAXED_1060_DAY_A	22	Response	88	1274256	25843	1
MAXED_1060_DAY_A	23	Picture	instructions_23	1274571	0	1	55148	1	0	next	false_alarm	113
MAXED_1060_DAY_A	23	Pulse	99	1280000	5429	NA
MAXED_1060_DAY_A	23	Pulse	99	1300000	25429	NA
MAXED_1060_DAY_A	23	Pulse	99	1320000	45429	NA
MAXED_1060_DAY_A	23	Response	88	1329456	54885	1
MAXED_1060_DAY_A	24	Picture	instructions_24	1329719	0	1	92636	1	0	next	false_alarm	120
MAXED_1060_DAY_A	24	Pulse	99	1340000	10281	NA
MAXED_1060_DAY_A	24	Pulse	99	1360000	30281	NA
MAXED_1060_DAY_A	24	Pulse	99	1380000	50281	NA
MAXED_1060_DAY_A	24	Pulse	99	1400000	70281	NA
MAXED_1060_DAY_A	24	Pulse	99	1420000	90281	NA
MAXED_1060_DAY_A	24	Response	88	1421981	92261	1
MAXED_1060_DAY_A	25	Picture	instructions_25	1422355	0	1	37154	1	0	next	false_alarm	123
MAXED_1060_DAY_A	25	Pulse	99	1440000	17645	NA
MAXED_1060_DAY_A	25	Response	88	1459274	36919	1
MAXED_1060_DAY_A	26	Picture	instructions_26	1459509	0	1	93302	1	0	next	false_alarm	130
MAXED_1060_DAY_A	26	Pulse	99	1460000	491	NA
MAXED_1060_DAY_A	26	Pulse	99	1480000	20491	NA
MAXED_1060_DAY_A	26	Pulse	99	1500000	40491	NA
MAXED_1060_DAY_A	26	Pulse	99	1520000	60491	NA
MAXED_1060_DAY_A	26	Pulse	99	1540000	80491	NA
MAXED_1060_DAY_A	26	Response	88	1552563	93054	1
MAXED_1060_DAY_A	27	Picture	instructions_27	1552811	0	1	36155	1	0	next	false_alarm	134
MAXED_1060_DAY_A	27	Pulse	99	1560000	7189	NA
MAXED_1060_DAY_A	27	Pulse	99	1580000	27189	NA
MAXED_1060_DAY_A	27	Response	88	1588706	35895	1
MAXED_1060_DAY_A	28	Picture	instructions_28	1588966	0	1	34822	1	0	next	false_alarm	138
MAXED_1060_DAY_A	28	Pulse	99	1600000	11034	NA
MAXED_1060_DAY_A	28	Pulse	99	1620000	31034	NA
MAXED_1060_DAY_A	28	Response	88	1623470	34504	14
MAXED_1060_DAY_A	29	Picture	instructions_29	1623787	0	1	18660	1	0	next	false_alarm	141
MAXED_1060_DAY_A	29	Pulse	99	1640000	16213	NA
MAXED_1060_DAY_A	29	Response	88	1642086	18299	1
MAXED_1060_DAY_A	30	Picture	instructions_30	1642448	0	1	96801	1	0	next	false_alarm	147
MAXED_1060_DAY_A	30	Pulse	99	1660000	17552	NA
MAXED_1060_DAY_A	30	Pulse	99	1680000	37552	NA
MAXED_1060_DAY_A	30	Pulse	99	1700000	57552	NA
MAXED_1060_DAY_A	30	Pulse	99	1720000	77552	NA
MAXED_1060_DAY_A	30	Response	88	1738890	96443	1
MAXED_1060_DAY_A	31	Picture	instructions_31	1739248	0	1	70976	1	0	next	false_alarm	153
MAXED_1060_DAY_A	31	Pulse	99	1740000	752	NA
MAXED_1060_DAY_A	31	Pulse	99	1760000	20752	NA
MAXED_1060_DAY_A	31	Pulse	99	1780000	40752	NA
MAXED_1060_DAY_A	31	Pulse	99	1800000	60752	NA
MAXED_1060_DAY_A	31	Response	88	1809852	70604	1
MAXED_1060_DAY_A	32	Picture	instructions_32	1810224	0	1	438852	1	0	next	false_alarm	177
MAXED_1060_DAY_A	32	Pulse	99	1820000	9776	NA
MAXED_1060_DAY_A	32	Pulse	99	1840000	29776	NA
MAXED_1060_DAY_A	32	Pulse	99	1860000	49776	NA
MAXED_1060_DAY_A	32	Pulse	99	1880000	69776	NA
MAXED_1060_DAY_A	32	Pulse	99	1900000	89776	NA
MAXED_1060_DAY_A	32	Pulse	99	1920000	109776	NA
MAXED_1060_DAY_A	32	Pulse	99	1940000	129776	NA
MAXED_1060_DAY_A	32	Pulse	99	1960000	149776	NA
MAXED_1060_DAY_A	32	Pulse	99	1980000	169776	NA
MAXED_1060_DAY_A	32	Pulse	99	2000000	189776	NA
MAXED_1060_DAY_A	32	Pulse	99	2020000	209776	NA
MAXED_1060_DAY_A	32	Pulse	99	2040000	229776	NA
MAXED_1060_DAY_A	32	Pulse	99	2060000	249776	NA
MAXED_1060_DAY_A	32	Pulse	99	2080000	269776	NA
MAXED_1060_DAY_A	32	Pulse	99	2100000	289776	NA
MAXED_1060_DAY_A	32	Pulse	99	2120000	309776	NA
MAXED_1060_DAY_A	32	Pulse	99	2140000	329776	NA
MAXED_1060_DAY_A	32	Pulse	99	2160000	349776	NA
MAXED_1060_DAY_A	32	Pulse	99	2180000	369776	NA
MAXED_1060_DAY_A	32	Pulse	99	2200000	389776	NA
MAXED_1060_DAY_A	32	Pulse	99	2220000	409776	NA
MAXED_1060_DAY_A	32	Pulse	99	2240000	429776	NA
MAXED_1060_DAY_A	32	Response	88	2248816	438591	1
MAXED_1060_DAY_A	33	Picture	instructions_33	2249077	0	1	62146	1	0	next	false_alarm	182
MAXED_1060_DAY_A	33	Pulse	99	2260000	10923	NA
MAXED_1060_DAY_A	33	Pulse	99	2280000	30923	NA
MAXED_1060_DAY_A	33	Pulse	99	2300000	50923	NA
MAXED_1060_DAY_A	33	Response	88	2310928	61851	1
MAXED_1060_DAY_A	34	Picture	instructions_34	2311223	0	1	64978	1	0	next	false_alarm	187
MAXED_1060_DAY_A	34	Pulse	99	2320000	8777	NA
MAXED_1060_DAY_A	34	Pulse	99	2340000	28777	NA
MAXED_1060_DAY_A	34	Pulse	99	2360000	48777	NA
MAXED_1060_DAY_A	34	Response	88	2375844	64622	1
MAXED_1060_DAY_A	35	Picture	instructions_35	2376201	0	1	100466	1	0	next	false_alarm	194
MAXED_1060_DAY_A	35	Pulse	99	2380000	3799	NA
MAXED_1060_DAY_A	35	Pulse	99	2400000	23799	NA
MAXED_1060_DAY_A	35	Pulse	99	2420000	43799	NA
MAXED_1060_DAY_A	35	Pulse	99	2440000	63799	NA
MAXED_1060_DAY_A	35	Pulse	99	2460000	83799	NA
MAXED_1060_DAY_A	35	Response	88	2476355	100154	1
MAXED_1060_DAY_A	36	Picture	instructions_36	2476667	0	1	88137	1	0	next	false_alarm	201
MAXED_1060_DAY_A	36	Pulse	99	2480000	3333	NA
MAXED_1060_DAY_A	36	Pulse	99	2500000	23333	NA
MAXED_1060_DAY_A	36	Pulse	99	2520000	43333	NA
MAXED_1060_DAY_A	36	Pulse	99	2540000	63333	NA
MAXED_1060_DAY_A	36	Pulse	99	2560000	83333	NA
MAXED_1060_DAY_A	36	Response	88	2564523	87856	2
MAXED_1060_DAY_A	37	Picture	instructions_37	2564804	0	1	51983	1	0	next	false_alarm	205
MAXED_1060_DAY_A	37	Pulse	99	2580000	15196	NA
MAXED_1060_DAY_A	37	Pulse	99	2600000	35196	NA
MAXED_1060_DAY_A	37	Response	88	2616567	51763	1
MAXED_1060_DAY_A	38	Picture	instructions_38	2616787	0	1	34322	1	0	next	false_alarm	209
MAXED_1060_DAY_A	38	Pulse	99	2620000	3213	NA
MAXED_1060_DAY_A	38	Pulse	99	2640000	23213	NA
MAXED_1060_DAY_A	38	Response	88	2650809	34022	1
MAXED_1060_DAY_A	39	Picture	instructions_39	2651108	0	1	173608	1	0	next	false_alarm	220
MAXED_1060_DAY_A	39	Pulse	99	2660000	8892	NA
MAXED_1060_DAY_A	39	Pulse	99	2680000	28892	NA
MAXED_1060_DAY_A	39	Pulse	99	2700000	48892	NA
MAXED_1060_DAY_A	39	Pulse	99	2720000	68892	NA
MAXED_1060_DAY_A	39	Pulse	99	2740000	88892	NA
MAXED_1060_DAY_A	39	Pulse	99	2760000	108892	NA
MAXED_1060_DAY_A	39	Pulse	99	2780000	128892	NA
MAXED_1060_DAY_A	39	Pulse	99	2800000	148892	NA
MAXED_1060_DAY_A	39	Pulse	99	2820000	168892	NA
MAXED_1060_DAY_A	39	Response	88	2824376	173268	1
MAXED_1060_DAY_A	40	Picture	instructions_40	2824717	0	1	53482	1	0	next	false_alarm	224
MAXED_1060_DAY_A	40	Pulse	99	2840000	15283	NA
MAXED_1060_DAY_A	40	Pulse	99	2860000	35283	NA
MAXED_1060_DAY_A	40	Response	88	2877925	53208	1
MAXED_1060_DAY_A	41	Picture	instructions_41	2878199	0	1	43985	1	0	next	false_alarm	229
MAXED_1060_DAY_A	41	Pulse	99	2880000	1801	NA
MAXED_1060_DAY_A	41	Pulse	99	2900000	21801	NA
MAXED_1060_DAY_A	41	Pulse	99	2920000	41801	NA
MAXED_1060_DAY_A	41	Response	88	2921926	43727	1
MAXED_1060_DAY_A	42	Picture	instructions_42	2922184	0	1	54148	1	0	next	false_alarm	233
MAXED_1060_DAY_A	42	Pulse	99	2940000	17816	NA
MAXED_1060_DAY_A	42	Pulse	99	2960000	37816	NA
MAXED_1060_DAY_A	42	Response	88	2976094	53911	1
MAXED_1060_DAY_A	43	Picture	instructions_43	2976332	0	1	81972	1	0	next	false_alarm	239
MAXED_1060_DAY_A	43	Pulse	99	2980000	3668	NA
MAXED_1060_DAY_A	43	Pulse	99	3000000	23668	NA
MAXED_1060_DAY_A	43	Pulse	99	3020000	43668	NA
MAXED_1060_DAY_A	43	Pulse	99	3040000	63668	NA
MAXED_1060_DAY_A	43	Response	88	3057998	81666	1
MAXED_1060_DAY_A	44	Picture	instructions_44	3058305	0	1	126791	1	0	next	false_alarm	248
MAXED_1060_DAY_A	44	Pulse	99	3060000	1695	NA
MAXED_1060_DAY_A	44	Pulse	99	3080000	21695	NA
MAXED_1060_DAY_A	44	Pulse	99	3100000	41695	NA
MAXED_1060_DAY_A	44	Pulse	99	3120000	61695	NA
MAXED_1060_DAY_A	44	Pulse	99	3140000	81695	NA
MAXED_1060_DAY_A	44	Pulse	99	3160000	101695	NA
MAXED_1060_DAY_A	44	Pulse	99	3180000	121695	NA
MAXED_1060_DAY_A	44	Response	88	3184775	126471	1
MAXED_1060_DAY_A	45	Picture	instructions_45	3185095	0	1	79140	1	0	next	false_alarm	254
MAXED_1060_DAY_A	45	Pulse	99	3200000	14905	NA
MAXED_1060_DAY_A	45	Pulse	99	3220000	34905	NA
MAXED_1060_DAY_A	45	Pulse	99	3240000	54905	NA
MAXED_1060_DAY_A	45	Pulse	99	3260000	74905	NA
MAXED_1060_DAY_A	45	Response	88	3263972	78876	1
MAXED_1060_DAY_A	46	Picture	instructions_46	3264235	0	1	32656	1	0	next	false_alarm	257
MAXED_1060_DAY_A	46	Pulse	99	3280000	15765	NA
MAXED_1060_DAY_A	46	Response	88	3296592	32357	1
MAXED_1060_DAY_A	47	Picture	fixation	3296891	0	1	5332	1	0	next	other	0
MAXED_1060_DAY_A	47	Pulse	99	3300000	3109	NA
MAXED_1060_DAY_A	48	Picture	stage1	3302223	0	1	20660	1	0	next	false_alarm	262
MAXED_1060_DAY_A	48	Pulse	99	3320000	17777	NA
MAXED_1060_DAY_A	48	Response	1	3322648	20425	1
MAXED_1060_DAY_A	49	Picture	stage1_box	3322882	0	1	7831	1	0	next	other	0
MAXED_1060_DAY_A	50	Picture	stage1_outcome	3330713	0	1	333	1	0	next	other	0
MAXED_1060_DAY_A	51	Picture	stage2A	3331046	0	1	14995	1	0	next	false_alarm	267
MAXED_1060_DAY_A	51	Pulse	99	3340000	8954	NA
MAXED_1060_DAY_A	51	Response	1	3345718	14672	1
MAXED_1060_DAY_A	52	Picture	stage2_box	3346041	0	1	7831	1	0	next	other	0
MAXED_1060_DAY_A	53	Picture	stage2_up	3353872	0	1	7831	1	0	next	other	0
MAXED_1060_DAY_A	53	Pulse	99	3360000	6128	NA
MAXED_1060_DAY_A	54	Picture	stage2_win	3361703	0	1	10330	1	0	next	other	0
MAXED_1060_DAY_A	55	Picture	stage1	3372033	0	1	8497	1	0	next	false_alarm	274
MAXED_1060_DAY_A	55	Pulse	99	3380000	7967	NA
MAXED_1060_DAY_A	55	Response	2	3380186	8153	1
MAXED_1060_DAY_A	56	Picture	stage1_box	3380530	0	1	7831	1	0	next	other	0
MAXED_1060_DAY_A	57	Picture	stage1_outcome	3388360	0	1	333	1	0	next	other	0
MAXED_1060_DAY_A	58	Picture	stage2B	3388694	0	1	11829	1	0	next	false_alarm	279
MAXED_1060_DAY_A	58	Pulse	99	3400000	11306	NA
MAXED_1060_DAY_A	58	Response	2	3400229	11535	1
MAXED_1060_DAY_A	59	Picture	stage2_box	3400523	0	1	7831	1	0	next	other	0
MAXED_1060_DAY_A	60	Picture	stage2_up	3408354	0	1	7831	1	0	next	other	0
MAXED_1060_DAY_A	61	Picture	stage2_lose	3416184	0	1	10330	1	0	next	other	0
MAXED_1060_DAY_A	61	Pulse	99	3420000	3816	NA
MAXED_1060_DAY_A	62	Picture	stage1	3426514	0	1	7331	1	0	next	false_alarm	285
MAXED_1060_DAY_A	62	Response	2	3433595	7081	1
MAXED_1060_DAY_A	63	Picture	stage1_box	3433845	0	1	7831	1	0	next	other	0
MAXED_1060_DAY_A	63	Pulse	99	3440000	6155	NA
MAXED_1060_DAY_A	64	Picture	stage1_outcome	3441676	0	1	333	1	0	next	other	0
MAXED_1060_DAY_A	65	Picture	stage2B	3442009	0	1	8663	1	0	next	false_alarm	290
MAXED_1060_DAY_A	65	Response	1	3450366	8357	1
MAXED_1060_DAY_A	66	Picture	stage2_box	3450672	0	1	7832	1	0	next	other	0
MAXED_1060_DAY_A	67	Picture	stage2_up	3458504	0	1	7831	1	0	next	other	0
MAXED_1060_DAY_A	67	Pulse	99	3460000	1497	NA
MAXED_1060_DAY_A	68	Picture	stage2_win	3466334	0	1	10330	1	0	next	other	0
MAXED_1060_DAY_A	69	Picture	stage1	3476664	0	1	7497	1	0	next	false_alarm	297
MAXED_1060_DAY_A	69	Pulse	99	3480000	3336	NA
MAXED_1060_DAY_A	69	Response	1	3483904	7240	1
MAXED_1060_DAY_A	70	Picture	stage1_box	3484161	0	1	7831	1	0	next	other	0
MAXED_1060_DAY_A	71	Picture	stage1_outcome	3491992	0	1	333	1	0	next	other	0
MAXED_1060_DAY_A	72	Picture	stage2A	3492325	0	1	10830	1	0	next	false_alarm	302
MAXED_1060_DAY_A	72	Pulse	99	3500000	7675	NA
MAXED_1060_DAY_A	72	Response	1	3502834	10509	1
MAXED_1060_DAY_A	73	Picture	stage2_box	3503155	0	1	7831	1	0	next	other	0
MAXED_1060_DAY_A	74	Picture	stage2_up	3510986	0	1	7831	1	0	next	other	0
MAXED_1060_DAY_A	75	Picture	stage2_win	3518817	0	1	10330	1	0	next	other	0
MAXED_1060_DAY_A	75	Pulse	99	3520000	1183	NA
MAXED_1060_DAY_A	76	Picture	stage1	3529146	0	1	7831	1	0	next	false_alarm	308
MAXED_1060_DAY_A	76	Response	1	3536706	7560	1
MAXED_1060_DAY_A	77	Picture	stage1_box	3536977	0	1	7831	1	0	next	other	0
MAXED_1060_DAY_A	77	Pulse	99	3540000	3023	NA
MAXED_1060_DAY_A	78	Picture	stage1_outcome	3544808	0	1	333	1	0	next	other	0
MAXED_1060_DAY_A	79	Picture	stage2B	3545141	0	1	11330	1	0	next	false_alarm	313
MAXED_1060_DAY_A	79	Response	2	3556132	10991	1
MAXED_1060_DAY_A	80	Picture	stage2_box	3556471	0	1	7831	1	0	next	other	0
MAXED_1060_DAY_A	80	Pulse	99	3560000	3529	NA
MAXED_1060_DAY_A	81	Picture	stage2_up	3564301	0	1	7831	1	0	next	other	0
MAXED_1060_DAY_A	82	Picture	stage2_lose	3572132	0	1	10330	1	0	next	other	0
MAXED_1060_DAY_A	82	Pulse	99	3580000	7868	NA
MAXED_1060_DAY_A	83	Picture	stage1	3582462	0	1	7497	1	0	next	false_alarm	320
MAXED_1060_DAY_A	83	Response	2	3589752	7290	1
MAXED_1060_DAY_A	84	Picture	stage1_box	3589959	0	1	7831	1	0	next	other	0
MAXED_1060_DAY_A	85	Picture	stage1_outcome	3597790	0	1	333	1	0	next	other	0
MAXED_1060_DAY_A	86	Picture	stage2A	3598123	0	1	18161	1	0	next	false_alarm	325
MAXED_1060_DAY_A	86	Pulse	99	3600000	1877	NA
MAXED_1060_DAY_A	86	Response	1	3615979	17855	1
MAXED_1060_DAY_A	87	Picture	stage2_box	3616284	0	1	7831	1	0	next	other	0
MAXED_1060_DAY_A	87	Pulse	99	3620000	3716	NA
MAXED_1060_DAY_A	88	Picture	stage2_up	3624114	0	1	7831	1	0	next	other	0
MAXED_1060_DAY_A	89	Picture	stage2_win	3631945	0	1	10330	1	0	next	other	0
MAXED_1060_DAY_A	89	Pulse	99	3640000	8055	NA
MAXED_1060_DAY_A	90	Picture	stage1	3642275	0	1	10330	1	0	next	false_alarm	332
MAXED_1060_DAY_A	90	Response	1	3652412	10137	1
MAXED_1060_DAY_A	91	Picture	stage1_box	3652605	0	1	7831	1	0	next	other	0
MAXED_1060_DAY_A	91	Pulse	99	3660000	7395	NA
MAXED_1060_DAY_A	92	Picture	stage1_outcome	3660436	0	1	333	1	0	next	other	0
MAXED_1060_DAY_A	93	Picture	stage2A	3660769	0	1	10163	1	0	next	false_alarm	337
MAXED_1060_DAY_A	93	Response	2	3670581	9812	1
MAXED_1060_DAY_A	94	Picture	stage2_box	3670932	0	1	7831	1	0	next	other	0
MAXED_1060_DAY_A	95	Picture	stage2_up	3678763	0	1	7831	1	0	next	other	0
MAXED_1060_DAY_A	95	Pulse	99	3680000	1237	NA
MAXED_1060_DAY_A	96	Picture	stage2_win	3686593	0	1	10330	1	0	next	other	0
MAXED_1060_DAY_A	97	Picture	stage1	3696923	0	1	5665	1	0	next	false_alarm	344
MAXED_1060_DAY_A	97	Pulse	99	3700000	3077	NA
MAXED_1060_DAY_A	97	Response	2	3702312	5389	1
MAXED_1060_DAY_A	98	Picture	stage1_box	3702588	0	1	7831	1	0	next	other	0
MAXED_1060_DAY_A	99	Picture	stage1_outcome	3710419	0	1	333	1	0	next	other	0
MAXED_1060_DAY_A	100	Picture	stage2B	3710752	0	1	9997	1	0	next	false_alarm	349
MAXED_1060_DAY_A	100	Pulse	99	3720000	9248	NA
MAXED_1060_DAY_A	100	Response	1	3720403	9651	1
MAXED_1060_DAY_A	101	Picture	stage2_box	3720749	0	1	7831	1	0	next	other	0
MAXED_1060_DAY_A	102	Picture	stage2_up	3728579	0	1	7831	1	0	next	other	0
MAXED_1060_DAY_A	103	Picture	stage2_win	3736410	0	1	10330	1	0	next	other	0
MAXED_1060_DAY_A	103	Pulse	99	3740000	3590	NA
MAXED_1060_DAY_A	104	Picture	stage1	3746740	0	1	7997	1	0	next	false_alarm	355
MAXED_1060_DAY_A	104	Response	1	3754507	7767	1
MAXED_1060_DAY_A	105	Picture	stage1_box	3754737	0	1	7831	1	0	next	other	0
MAXED_1060_DAY_A	105	Pulse	99	3760000	5263	NA
MAXED_1060_DAY_A	106	Picture	stage1_outcome	3762568	0	1	333	1	0	next	other	0
MAXED_1060_DAY_A	107	Picture	stage2A	3762901	0	1	7331	1	0	next	false_alarm	360
MAXED_1060_DAY_A	107	Response	1	3769879	6978	1
MAXED_1060_DAY_A	108	Picture	stage2_box	3770232	0	1	7831	1	0	next	other	0
MAXED_1060_DAY_A	109	Picture	stage2_up	3778063	0	1	7831	1	0	next	other	0
MAXED_1060_DAY_A	109	Pulse	99	3780000	1937	NA
MAXED_1060_DAY_A	110	Picture	stage2_win	3785893	0	1	10330	1	0	next	other	0
MAXED_1060_DAY_A	111	Picture	stage1	3796223	0	1	14329	1	0	next	false_alarm	367
MAXED_1060_DAY_A	111	Pulse	99	3800000	3777	NA
MAXED_1060_DAY_A	111	Response	1	3810278	14055	1
MAXED_1060_DAY_A	112	Picture	stage1_box	3810552	0	1	7831	1	0	next	other	0
MAXED_1060_DAY_A	113	Picture	stage1_outcome	3818382	0	1	329	4	0	next	other	0
MAXED_1060_DAY_A	114	Picture	stage2B	3818712	0	4	10500	4	0	next	false_alarm	372
MAXED_1060_DAY_A	114	Pulse	99	3820000	1288	NA
MAXED_1060_DAY_A	114	Response	2	3829009	10297	1
MAXED_1060_DAY_A	115	Picture	stage2_box	3829212	0	1	7831	1	0	next	other	0
MAXED_1060_DAY_A	116	Picture	stage2_up	3837043	0	1	7831	1	0	next	other	0
MAXED_1060_DAY_A	116	Pulse	99	3840000	2957	NA
MAXED_1060_DAY_A	117	Picture	stage2_lose	3844874	0	1	10330	1	0	next	other	0
MAXED_1060_DAY_A	118	Picture	stage1	3855203	0	1	7497	1	0	next	false_alarm	379
MAXED_1060_DAY_A	118	Pulse	99	3860000	4797	NA
MAXED_1060_DAY_A	118	Response	2	3862424	7220	1
MAXED_1060_DAY_A	119	Picture	stage1_box	3862701	0	1	7831	1	0	next	other	0
MAXED_1060_DAY_A	120	Picture	stage1_outcome	3870532	0	1	333	1	0	next	other	0
MAXED_1060_DAY_A	121	Picture	stage2A	3870865	0	1	6831	1	0	next	false_alarm	383
MAXED_1060_DAY_A	121	Response	1	3877404	6539	1
MAXED_1060_DAY_A	122	Picture	stage2_box	3877696	0	1	7831	1	0	next	other	0
MAXED_1060_DAY_A	122	Pulse	99	3880000	2304	NA
MAXED_1060_DAY_A	123	Picture	stage2_up	3885527	0	1	7831	1	0	next	other	0
MAXED_1060_DAY_A	124	Picture	stage2_lose	3893357	0	1	10330	1	0	next	other	0
MAXED_1060_DAY_A	124	Pulse	99	3900000	6643	NA
MAXED_1060_DAY_A	125	Picture	stage1	3903687	0	1	5665	1	0	next	false_alarm	390
MAXED_1060_DAY_A	125	Response	1	3909028	5341	1
MAXED_1060_DAY_A	126	Picture	stage1_box	3909352	0	1	7831	1	0	next	other	0
MAXED_1060_DAY_A	127	Picture	stage1_outcome	3917183	0	1	333	1	0	next	other	0
MAXED_1060_DAY_A	128	Picture	stage2A	3917516	0	1	10663	1	0	next	false_alarm	395
MAXED_1060_DAY_A	128	Pulse	99	3920000	2484	NA
MAXED_1060_DAY_A	128	Response	1	3927952	10436	1
MAXED_1060_DAY_A	129	Picture	stage2_box	3928179	0	1	7831	1	0	next	other	0
MAXED_1060_DAY_A	130	Picture	stage2_up	3936010	0	1	7831	1	0	next	other	0
MAXED_1060_DAY_A	130	Pulse	99	3940000	3990	NA
MAXED_1060_DAY_A	131	Picture	stage2_lose	3943840	0	1	10330	1	0	next	other	0
MAXED_1060_DAY_A	132	Picture	stage1	3954170	0	1	4498	1	0	next	false_alarm	401
MAXED_1060_DAY_A	132	Response	1	3958452	4282	1
MAXED_1060_DAY_A	133	Picture	stage1_box	3958669	0	1	7831	1	0	next	other	0
MAXED_1060_DAY_A	133	Pulse	99	3960000	1331	NA
MAXED_1060_DAY_A	134	Picture	stage1_outcome	3966499	0	1	333	1	0	next	other	0
MAXED_1060_DAY_A	135	Picture	stage2B	3966833	0	1	13162	1	0	next	false_alarm	406
MAXED_1060_DAY_A	135	Response	1	3979754	12922	1
MAXED_1060_DAY_A	136	Picture	stage2_box	3979995	0	1	7831	1	0	next	other	0
MAXED_1060_DAY_A	136	Pulse	99	3980000	5	NA
MAXED_1060_DAY_A	137	Picture	stage2_up	3987826	0	1	7831	1	0	next	other	0
MAXED_1060_DAY_A	138	Picture	stage2_lose	3995656	0	1	10330	1	0	next	other	0
MAXED_1060_DAY_A	138	Pulse	99	4000000	4344	NA
MAXED_1060_DAY_A	139	Picture	stage1	4005986	0	1	4832	1	0	next	false_alarm	413
MAXED_1060_DAY_A	139	Response	2	4010528	4542	1
MAXED_1060_DAY_A	140	Picture	stage1_box	4010818	0	1	7831	1	0	next	other	0
MAXED_1060_DAY_A	141	Picture	stage1_outcome	4018648	0	1	333	1	0	next	other	0
MAXED_1060_DAY_A	142	Picture	stage2A	4018982	0	1	9997	1	0	next	false_alarm	418
MAXED_1060_DAY_A	142	Pulse	99	4020000	1018	NA
MAXED_1060_DAY_A	142	Response	2	4028772	9791	1
MAXED_1060_DAY_A	143	Picture	stage2_box	4028978	0	1	7831	1	0	next	other	0
MAXED_1060_DAY_A	144	Picture	stage2_up	4036809	0	1	7831	1	0	next	other	0
MAXED_1060_DAY_A	144	Pulse	99	4040000	3191	NA
MAXED_1060_DAY_A	145	Picture	stage2_win	4044640	0	1	10330	1	0	next	other	0
MAXED_1060_DAY_A	146	Picture	stage1	4054970	0	1	9497	1	0	next	false_alarm	425
MAXED_1060_DAY_A	146	Pulse	99	4060000	5030	NA
MAXED_1060_DAY_A	146	Response	2	4064175	9205	1
MAXED_1060_DAY_A	147	Picture	stage1_box	4064466	0	1	7831	1	0	next	other	0
MAXED_1060_DAY_A	148	Picture	stage1_outcome	4072297	0	1	333	1	0	next	other	0
MAXED_1060_DAY_A	149	Picture	stage2B	4072630	0	1	11329	1	0	next	false_alarm	430
MAXED_1060_DAY_A	149	Pulse	99	4080000	7370	NA
MAXED_1060_DAY_A	149	Response	2	4083716	11086	2
MAXED_1060_DAY_A	150	Picture	stage2_box	4083960	0	1	7831	1	0	next	other	0
MAXED_1060_DAY_A	151	Picture	stage2_up	4091791	0	1	7831	1	0	next	other	0
MAXED_1060_DAY_A	152	Picture	stage2_lose	4099621	0	1	10330	1	0	next	other	0
MAXED_1060_DAY_A	152	Pulse	99	4100000	379	NA
MAXED_1060_DAY_A	153	Picture	stage1	4109951	0	1	8664	1	0	next	false_alarm	436
MAXED_1060_DAY_A	153	Response	1	4118253	8302	1
MAXED_1060_DAY_A	154	Picture	stage1_box	4118615	0	1	7831	1	0	next	other	0
MAXED_1060_DAY_A	154	Pulse	99	4120000	1385	NA
MAXED_1060_DAY_A	155	Picture	stage1_outcome	4126446	0	1	333	1	0	next	other	0
MAXED_1060_DAY_A	156	Picture	stage2A	4126779	0	1	7997	1	0	next	false_alarm	441
MAXED_1060_DAY_A	156	Response	2	4134435	7656	1
MAXED_1060_DAY_A	157	Picture	stage2_box	4134776	0	1	7831	1	0	next	other	0
MAXED_1060_DAY_A	157	Pulse	99	4140000	5224	NA
MAXED_1060_DAY_A	158	Picture	stage2_up	4142607	0	1	7831	1	0	next	other	0
MAXED_1060_DAY_A	159	Picture	stage2_win	4150437	0	1	10330	1	0	next	other	0
MAXED_1060_DAY_A	159	Pulse	99	4160000	9563	NA
MAXED_1060_DAY_A	160	Picture	stage1	4160767	0	1	5831	1	0	next	false_alarm	448
MAXED_1060_DAY_A	160	Response	1	4166270	5503	1
MAXED_1060_DAY_A	161	Picture	stage1_box	4166599	0	1	7831	1	0	next	other	0
MAXED_1060_DAY_A	162	Picture	stage1_outcome	4174429	0	1	333	1	0	next	other	0
MAXED_1060_DAY_A	163	Picture	stage2A	4174763	0	1	6331	1	0	next	false_alarm	453
MAXED_1060_DAY_A	163	Pulse	99	4180000	5237	NA
MAXED_1060_DAY_A	163	Response	1	4180784	6021	1
MAXED_1060_DAY_A	164	Picture	stage2_box	4181094	0	1	7831	1	0	next	other	0
MAXED_1060_DAY_A	165	Picture	stage2_up	4188925	0	1	7831	1	0	next	other	0
MAXED_1060_DAY_A	166	Picture	stage2_win	4196755	0	1	10330	1	0	next	other	0
MAXED_1060_DAY_A	166	Pulse	99	4200000	3245	NA
MAXED_1060_DAY_A	167	Picture	stage1	4207085	0	1	3832	1	0	next	false_alarm	459
MAXED_1060_DAY_A	167	Response	1	4210585	3500	1
MAXED_1060_DAY_A	168	Picture	stage1_box	4210917	0	1	7831	1	0	next	other	0
MAXED_1060_DAY_A	169	Picture	stage1_outcome	4218748	0	1	333	1	0	next	other	0
MAXED_1060_DAY_A	170	Picture	stage2A	4219081	0	1	4995	4	0	next	false_alarm	464
MAXED_1060_DAY_A	170	Pulse	99	4220000	919	NA
MAXED_1060_DAY_A	170	Response	2	4223750	4669	1
MAXED_1060_DAY_A	171	Picture	stage2_box	4224076	0	4	7834	4	0	next	other	0
MAXED_1060_DAY_A	172	Picture	stage2_up	4231910	0	1	7831	1	0	next	other	0
MAXED_1060_DAY_A	173	Picture	stage2_lose	4239741	0	1	10330	1	0	next	other	0
MAXED_1060_DAY_A	173	Pulse	99	4240000	259	NA
MAXED_1060_DAY_A	174	Picture	stage1	4250071	0	1	3332	1	0	next	false_alarm	470
MAXED_1060_DAY_A	174	Response	2	4253148	3077	1
MAXED_1060_DAY_A	175	Picture	stage1_box	4253403	0	1	7831	1	0	next	other	0
MAXED_1060_DAY_A	175	Pulse	99	4260000	6597	NA
MAXED_1060_DAY_A	176	Picture	stage1_outcome	4261234	0	1	333	1	0	next	other	0
MAXED_1060_DAY_A	177	Picture	stage2B	4261567	0	1	8497	1	0	next	false_alarm	475
MAXED_1060_DAY_A	177	Response	1	4269713	8147	1
MAXED_1060_DAY_A	178	Picture	stage2_box	4270064	0	1	7831	1	0	next	other	0
MAXED_1060_DAY_A	179	Picture	stage2_up	4277895	0	1	7831	1	0	next	other	0
MAXED_1060_DAY_A	179	Pulse	99	4280000	2105	NA
MAXED_1060_DAY_A	180	Picture	stage2_win	4285725	0	1	10330	1	0	next	other	0
MAXED_1060_DAY_A	181	Picture	stage1	4296055	0	1	5498	1	0	next	false_alarm	482
MAXED_1060_DAY_A	181	Pulse	99	4300000	3945	NA
MAXED_1060_DAY_A	181	Response	1	4301297	5242	1
MAXED_1060_DAY_A	182	Picture	stage1_box	4301553	0	1	7831	1	0	next	other	0
MAXED_1060_DAY_A	183	Picture	stage1_outcome	4309384	0	1	333	1	0	next	other	0
MAXED_1060_DAY_A	184	Picture	stage2A	4309717	0	1	8997	1	0	next	false_alarm	486
MAXED_1060_DAY_A	184	Response	2	4318451	8733	1
MAXED_1060_DAY_A	185	Picture	stage2_box	4318714	0	1	7823	8	0	next	other	0
MAXED_1060_DAY_A	185	Pulse	99	4320000	1286	NA
MAXED_1060_DAY_A	186	Picture	stage2_up	4326538	0	8	7838	8	0	next	other	0
MAXED_1060_DAY_A	187	Picture	stage2_win	4334376	0	1	10330	1	0	next	other	0
MAXED_1060_DAY_A	187	Pulse	99	4340000	5624	NA
MAXED_1060_DAY_A	188	Picture	stage1	4344705	0	1	5165	1	0	next	false_alarm	493
MAXED_1060_DAY_A	188	Response	2	4349671	4966	1
MAXED_1060_DAY_A	189	Picture	stage1_box	4349870	0	1	7831	1	0	next	other	0
MAXED_1060_DAY_A	190	Picture	stage1_outcome	4357701	0	1	333	1	0	next	other	0
MAXED_1060_DAY_A	191	Picture	stage2B	4358034	0	1	8164	1	0	next	false_alarm	498
MAXED_1060_DAY_A	191	Pulse	99	4360000	1966	NA
MAXED_1060_DAY_A	191	Response	2	4365934	7900	1
MAXED_1060_DAY_A	192	Picture	stage2_box	4366198	0	1	7831	1	0	next	other	0
MAXED_1060_DAY_A	193	Picture	stage2_up	4374029	0	1	7831	1	0	next	other	0
MAXED_1060_DAY_A	193	Pulse	99	4380000	5971	NA
MAXED_1060_DAY_A	194	Picture	stage2_win	4381860	0	1	10330	1	0	next	other	0
MAXED_1060_DAY_A	195	Picture	stage1	4392189	0	1	5831	1	0	next	false_alarm	504
MAXED_1060_DAY_A	195	Response	1	4397697	5507	1
MAXED_1060_DAY_A	196	Picture	stage1_box	4398021	0	1	7831	1	0	next	other	0
MAXED_1060_DAY_A	196	Pulse	99	4400000	1979	NA
MAXED_1060_DAY_A	197	Picture	stage1_outcome	4405852	0	1	333	1	0	next	other	0
MAXED_1060_DAY_A	198	Picture	stage2A	4406185	0	1	7497	1	0	next	false_alarm	509
MAXED_1060_DAY_A	198	Response	1	4413365	7180	1
MAXED_1060_DAY_A	199	Picture	stage2_box	4413682	0	1	7831	1	0	next	other	0
MAXED_1060_DAY_A	199	Pulse	99	4420000	6318	NA
MAXED_1060_DAY_A	200	Picture	stage2_up	4421513	0	1	7831	1	0	next	other	0
MAXED_1060_DAY_A	201	Picture	stage2_win	4429344	0	1	10330	1	0	next	other	0
MAXED_1060_DAY_A	202	Picture	stage1	4439674	0	1	3499	1	0	next	false_alarm	516
MAXED_1060_DAY_A	202	Pulse	99	4440000	326	NA
MAXED_1060_DAY_A	202	Response	2	4442928	3254	1
MAXED_1060_DAY_A	203	Picture	stage1_box	4443172	0	1	7831	1	0	next	other	0
MAXED_1060_DAY_A	204	Picture	stage1_outcome	4451003	0	1	333	1	0	next	other	0
MAXED_1060_DAY_A	205	Picture	stage2B	4451336	0	1	7664	1	0	next	false_alarm	520
MAXED_1060_DAY_A	205	Response	2	4458726	7389	1
MAXED_1060_DAY_A	206	Picture	stage2_box	4459000	0	1	7831	1	0	next	other	0
MAXED_1060_DAY_A	206	Pulse	99	4460000	1000	NA
MAXED_1060_DAY_A	207	Picture	stage2_up	4466831	0	1	7831	1	0	next	other	0
MAXED_1060_DAY_A	208	Picture	stage2_lose	4474662	0	1	10330	1	0	next	other	0
MAXED_1060_DAY_A	208	Pulse	99	4480000	5338	NA
MAXED_1060_DAY_A	209	Picture	stage1	4484992	0	1	3499	29	0	next	false_alarm	527
MAXED_1060_DAY_A	209	Response	1	4488355	3363	1
MAXED_1060_DAY_A	210	Picture	stage1_box	4488490	0	29	7831	30	0	next	other	0
MAXED_1060_DAY_A	211	Picture	stage1_outcome	4496321	0	1	333	1	0	next	other	0
MAXED_1060_DAY_A	212	Picture	stage2A	4496654	0	1	4165	1	0	next	false_alarm	532
MAXED_1060_DAY_A	212	Pulse	99	4500000	3346	NA
MAXED_1060_DAY_A	212	Response	1	4500504	3849	1
MAXED_1060_DAY_A	213	Picture	stage2_box	4500820	0	1	7831	1	0	next	other	0
MAXED_1060_DAY_A	214	Picture	stage2_up	4508650	0	1	7831	1	0	next	other	0
MAXED_1060_DAY_A	215	Picture	stage2_lose	4516481	0	1	10330	1	0	next	other	0
MAXED_1060_DAY_A	215	Pulse	99	4520000	3519	NA
MAXED_1060_DAY_A	216	Picture	stage1	4526811	0	1	2832	1	0	next	false_alarm	538
MAXED_1060_DAY_A	216	Response	1	4529403	2592	1
MAXED_1060_DAY_A	217	Picture	stage1_box	4529643	0	1	7831	1	0	next	other	0
MAXED_1060_DAY_A	218	Picture	stage1_outcome	4537474	0	1	333	1	0	next	other	0
MAXED_1060_DAY_A	219	Picture	stage2A	4537807	0	1	5332	1	0	next	false_alarm	543
MAXED_1060_DAY_A	219	Pulse	99	4540000	2193	NA
MAXED_1060_DAY_A	219	Response	2	4542796	4989	1
MAXED_1060_DAY_A	220	Picture	stage2_box	4543139	0	1	7831	1	0	next	other	0
MAXED_1060_DAY_A	221	Picture	stage2_up	4550969	0	1	7831	1	0	next	other	0
MAXED_1060_DAY_A	222	Picture	stage2_win	4558800	0	1	10330	1	0	next	other	0
MAXED_1060_DAY_A	222	Pulse	99	4560000	1200	NA
MAXED_1060_DAY_A	223	Pulse	99	4580000	10870	NA
MAXED_1060_DAY_A	223	Pulse	99	4600000	30870	NA
MAXED_1060_DAY_A	223	Pulse	99	4620000	50870	NA
MAXED_1060_DAY_A	223	Pulse	99	4640000	70870	NA
MAXED_1060_DAY_A	223	Pulse	99	4660000	90870	NA
MAXED_1060_DAY_A	223	Response	88	4679256	110126	1
