Scenario - 
Logfile written - 03/03/2023 18:03:34

Subject	Trial	Event Type	Code	Time	TTime	Uncertainty	Duration	Uncertainty	ReqTime	ReqDur	Stim Type	Pair Index

MAXED_1050_DayB	0	Pulse	99	0	0	NA
MAXED_1050_DayB	1	Picture	instructions_1	333	0	1	268747	1	0	next	false_alarm	16
MAXED_1050_DayB	1	Pulse	99	20000	19667	NA
MAXED_1050_DayB	1	Pulse	99	40000	39667	NA
MAXED_1050_DayB	1	Pulse	99	60000	59667	NA
MAXED_1050_DayB	1	Pulse	99	80000	79667	NA
MAXED_1050_DayB	1	Pulse	99	100000	99667	NA
MAXED_1050_DayB	1	Pulse	99	120000	119667	NA
MAXED_1050_DayB	1	Pulse	99	140000	139667	NA
MAXED_1050_DayB	1	Pulse	99	160000	159667	NA
MAXED_1050_DayB	1	Pulse	99	180000	179667	NA
MAXED_1050_DayB	1	Pulse	99	200000	199667	NA
MAXED_1050_DayB	1	Pulse	99	220000	219667	NA
MAXED_1050_DayB	1	Pulse	99	240000	239667	NA
MAXED_1050_DayB	1	Pulse	99	260000	259667	NA
MAXED_1050_DayB	1	Response	88	268930	268597	1
MAXED_1050_DayB	2	Picture	instructions_2	269080	0	1	45099	1	0	next	false_alarm	20
MAXED_1050_DayB	2	Pulse	99	280000	10920	NA
MAXED_1050_DayB	2	Pulse	99	300000	30920	NA
MAXED_1050_DayB	2	Response	88	313950	44870	1
MAXED_1050_DayB	3	Picture	instructions_3	314179	0	1	43604	1	0	next	false_alarm	24
MAXED_1050_DayB	3	Pulse	99	320000	5821	NA
MAXED_1050_DayB	3	Pulse	99	340000	25821	NA
MAXED_1050_DayB	3	Response	88	357554	43375	1
MAXED_1050_DayB	4	Picture	instructions_4	357783	0	1	44915	1	0	next	false_alarm	29
MAXED_1050_DayB	4	Pulse	99	360000	2217	NA
MAXED_1050_DayB	4	Pulse	99	380000	22217	NA
MAXED_1050_DayB	4	Pulse	99	400000	42217	NA
MAXED_1050_DayB	4	Response	88	402467	44684	1
MAXED_1050_DayB	5	Picture	instructions_5	402698	0	1	77308	1	0	next	false_alarm	34
MAXED_1050_DayB	5	Pulse	99	420000	17302	NA
MAXED_1050_DayB	5	Pulse	99	440000	37302	NA
MAXED_1050_DayB	5	Pulse	99	460000	57302	NA
MAXED_1050_DayB	5	Response	88	479776	77078	1
MAXED_1050_DayB	5	Pulse	99	480000	77302	NA
MAXED_1050_DayB	6	Picture	instructions_6	480006	0	1	39020	1	0	next	false_alarm	38
MAXED_1050_DayB	6	Pulse	99	500000	19994	NA
MAXED_1050_DayB	6	Response	88	518797	38791	1
MAXED_1050_DayB	7	Picture	instructions_7	519026	0	1	115099	1	0	next	false_alarm	46
MAXED_1050_DayB	7	Pulse	99	520000	974	NA
MAXED_1050_DayB	7	Pulse	99	540000	20974	NA
MAXED_1050_DayB	7	Pulse	99	560000	40974	NA
MAXED_1050_DayB	7	Pulse	99	580000	60974	NA
MAXED_1050_DayB	7	Pulse	99	600000	80974	NA
MAXED_1050_DayB	7	Pulse	99	620000	100974	NA
MAXED_1050_DayB	7	Response	88	633897	114871	1
MAXED_1050_DayB	8	Picture	instructions_8	634125	0	1	68154	1	0	next	false_alarm	52
MAXED_1050_DayB	8	Pulse	99	640000	5875	NA
MAXED_1050_DayB	8	Pulse	99	660000	25875	NA
MAXED_1050_DayB	8	Pulse	99	680000	45875	NA
MAXED_1050_DayB	8	Pulse	99	700000	65875	NA
MAXED_1050_DayB	8	Response	88	702064	67939	1
MAXED_1050_DayB	9	Picture	instructions_9	702279	0	1	31368	1	0	next	false_alarm	55
MAXED_1050_DayB	9	Pulse	99	720000	17721	NA
MAXED_1050_DayB	9	Response	88	733417	31138	1
MAXED_1050_DayB	10	Picture	instructions_10	733647	0	1	110292	1	0	next	false_alarm	63
MAXED_1050_DayB	10	Pulse	99	740000	6353	NA
MAXED_1050_DayB	10	Pulse	99	760000	26353	NA
MAXED_1050_DayB	10	Pulse	99	780000	46353	NA
MAXED_1050_DayB	10	Pulse	99	800000	66353	NA
MAXED_1050_DayB	10	Pulse	99	820000	86353	NA
MAXED_1050_DayB	10	Pulse	99	840000	106353	NA
MAXED_1050_DayB	10	Response	88	843712	110064	1
MAXED_1050_DayB	11	Picture	instructions_11	843940	0	1	69631	1	0	next	false_alarm	68
MAXED_1050_DayB	11	Pulse	99	860000	16060	NA
MAXED_1050_DayB	11	Pulse	99	880000	36060	NA
MAXED_1050_DayB	11	Pulse	99	900000	56060	NA
MAXED_1050_DayB	11	Response	88	913476	69537	1
MAXED_1050_DayB	12	Picture	instructions_12	913571	0	1	22843	1	0	next	false_alarm	71
MAXED_1050_DayB	12	Pulse	99	920000	6429	NA
MAXED_1050_DayB	12	Response	88	936186	22615	1
MAXED_1050_DayB	13	Picture	instructions_13	936414	0	1	79256	1	0	next	false_alarm	77
MAXED_1050_DayB	13	Pulse	99	940000	3586	NA
MAXED_1050_DayB	13	Pulse	99	960000	23586	NA
MAXED_1050_DayB	13	Pulse	99	980000	43586	NA
MAXED_1050_DayB	13	Pulse	99	1000000	63586	NA
MAXED_1050_DayB	13	Response	88	1015440	79027	1
MAXED_1050_DayB	14	Picture	instructions_14	1015669	0	1	27147	1	0	next	false_alarm	81
MAXED_1050_DayB	14	Pulse	99	1020000	4331	NA
MAXED_1050_DayB	14	Pulse	99	1040000	24331	NA
MAXED_1050_DayB	14	Response	88	1042586	26917	1
MAXED_1050_DayB	15	Picture	instructions_15	1042816	0	1	65829	1	0	next	false_alarm	86
MAXED_1050_DayB	15	Pulse	99	1060000	17184	NA
MAXED_1050_DayB	15	Pulse	99	1080000	37184	NA
MAXED_1050_DayB	15	Pulse	99	1100000	57184	NA
MAXED_1050_DayB	15	Response	88	1108416	65600	1
MAXED_1050_DayB	16	Picture	instructions_16	1108645	0	1	55996	1	0	next	false_alarm	90
MAXED_1050_DayB	16	Pulse	99	1120000	11355	NA
MAXED_1050_DayB	16	Pulse	99	1140000	31355	NA
MAXED_1050_DayB	16	Response	1	1156844	48199	1
MAXED_1050_DayB	16	Pulse	99	1160000	51355	NA
MAXED_1050_DayB	16	Response	88	1164411	55766	1
MAXED_1050_DayB	17	Picture	instructions_17	1164641	0	1	8514	1	0	next	false_alarm	94
MAXED_1050_DayB	17	Response	88	1172926	8285	1
MAXED_1050_DayB	18	Picture	instructions_18	1173155	0	1	56568	1	0	next	false_alarm	99
MAXED_1050_DayB	18	Pulse	99	1180000	6845	NA
MAXED_1050_DayB	18	Pulse	99	1200000	26845	NA
MAXED_1050_DayB	18	Pulse	99	1220000	46845	NA
MAXED_1050_DayB	18	Response	88	1229495	56340	1
MAXED_1050_DayB	19	Picture	instructions_19	1229723	0	1	53231	1	0	next	false_alarm	104
MAXED_1050_DayB	19	Pulse	99	1240000	10277	NA
MAXED_1050_DayB	19	Pulse	99	1260000	30277	NA
MAXED_1050_DayB	19	Pulse	99	1280000	50277	NA
MAXED_1050_DayB	19	Response	88	1282726	53003	1
MAXED_1050_DayB	20	Picture	instructions_20	1282954	0	1	52777	1	0	next	false_alarm	108
MAXED_1050_DayB	20	Pulse	99	1300000	17046	NA
MAXED_1050_DayB	20	Pulse	99	1320000	37046	NA
MAXED_1050_DayB	20	Response	88	1335504	52550	1
MAXED_1050_DayB	21	Picture	instructions_21	1335731	0	1	66562	1	0	next	false_alarm	114
MAXED_1050_DayB	21	Pulse	99	1340000	4269	NA
MAXED_1050_DayB	21	Pulse	99	1360000	24269	NA
MAXED_1050_DayB	21	Pulse	99	1380000	44269	NA
MAXED_1050_DayB	21	Pulse	99	1400000	64269	NA
MAXED_1050_DayB	21	Response	88	1402067	66336	1
MAXED_1050_DayB	22	Picture	instructions_22	1402293	0	1	25360	1	0	next	false_alarm	117
MAXED_1050_DayB	22	Pulse	99	1420000	17707	NA
MAXED_1050_DayB	22	Response	88	1427424	25131	1
MAXED_1050_DayB	23	Picture	instructions_23	1427653	0	1	42812	1	0	next	false_alarm	121
MAXED_1050_DayB	23	Pulse	99	1440000	12347	NA
MAXED_1050_DayB	23	Pulse	99	1460000	32347	NA
MAXED_1050_DayB	23	Response	88	1470238	42585	1
MAXED_1050_DayB	24	Picture	instructions_24	1470465	0	1	65292	1	0	next	false_alarm	126
MAXED_1050_DayB	24	Pulse	99	1480000	9535	NA
MAXED_1050_DayB	24	Pulse	99	1500000	29535	NA
MAXED_1050_DayB	24	Pulse	99	1520000	49535	NA
MAXED_1050_DayB	24	Response	88	1535678	65213	1
MAXED_1050_DayB	25	Picture	instructions_25	1535756	0	1	31121	1	0	next	false_alarm	130
MAXED_1050_DayB	25	Pulse	99	1540000	4244	NA
MAXED_1050_DayB	25	Pulse	99	1560000	24244	NA
MAXED_1050_DayB	25	Response	88	1566652	30895	1
MAXED_1050_DayB	26	Picture	instructions_26	1566878	0	1	52455	1	0	next	false_alarm	134
MAXED_1050_DayB	26	Pulse	99	1580000	13122	NA
MAXED_1050_DayB	26	Pulse	99	1600000	33122	NA
MAXED_1050_DayB	26	Response	88	1619107	52229	1
MAXED_1050_DayB	27	Picture	instructions_27	1619333	0	1	23852	1	0	next	false_alarm	138
MAXED_1050_DayB	27	Pulse	99	1620000	667	NA
MAXED_1050_DayB	27	Pulse	99	1640000	20667	NA
MAXED_1050_DayB	27	Response	88	1642957	23623	1
MAXED_1050_DayB	28	Picture	instructions_28	1643185	0	1	19335	1	0	next	false_alarm	141
MAXED_1050_DayB	28	Pulse	99	1660000	16815	NA
MAXED_1050_DayB	28	Response	88	1662290	19105	1
MAXED_1050_DayB	29	Picture	instructions_29	1662520	0	1	35445	1	0	next	false_alarm	144
MAXED_1050_DayB	29	Pulse	99	1680000	17480	NA
MAXED_1050_DayB	29	Response	88	1697738	35218	1
MAXED_1050_DayB	30	Picture	instructions_30	1697966	0	1	79146	1	0	next	false_alarm	150
MAXED_1050_DayB	30	Pulse	99	1700000	2035	NA
MAXED_1050_DayB	30	Pulse	99	1720000	22035	NA
MAXED_1050_DayB	30	Pulse	99	1740000	42035	NA
MAXED_1050_DayB	30	Pulse	99	1760000	62035	NA
MAXED_1050_DayB	30	Response	88	1776884	78918	1
MAXED_1050_DayB	31	Picture	instructions_31	1777112	0	1	89877	1	0	next	false_alarm	157
MAXED_1050_DayB	31	Pulse	99	1780000	2888	NA
MAXED_1050_DayB	31	Pulse	99	1800000	22888	NA
MAXED_1050_DayB	31	Pulse	99	1820000	42888	NA
MAXED_1050_DayB	31	Pulse	99	1840000	62888	NA
MAXED_1050_DayB	31	Pulse	99	1860000	82888	NA
MAXED_1050_DayB	31	Response	88	1866839	89728	1
MAXED_1050_DayB	32	Picture	instructions_32	1866988	0	1	47937	1	0	next	false_alarm	161
MAXED_1050_DayB	32	Pulse	99	1880000	13012	NA
MAXED_1050_DayB	32	Pulse	99	1900000	33012	NA
MAXED_1050_DayB	32	Response	88	1914696	47708	1
MAXED_1050_DayB	33	Picture	instructions_33	1914925	0	1	44085	1	0	next	false_alarm	165
MAXED_1050_DayB	33	Pulse	99	1920000	5075	NA
MAXED_1050_DayB	33	Pulse	99	1940000	25075	NA
MAXED_1050_DayB	33	Response	88	1958782	43857	1
MAXED_1050_DayB	34	Picture	instructions_34	1959010	0	1	64559	1	0	next	false_alarm	171
MAXED_1050_DayB	34	Pulse	99	1960000	990	NA
MAXED_1050_DayB	34	Pulse	99	1980000	20990	NA
MAXED_1050_DayB	34	Pulse	99	2000000	40990	NA
MAXED_1050_DayB	34	Pulse	99	2020000	60990	NA
MAXED_1050_DayB	34	Response	88	2023340	64331	1
MAXED_1050_DayB	35	Picture	instructions_35	2023569	0	1	52450	1	0	next	false_alarm	175
MAXED_1050_DayB	35	Pulse	99	2040000	16431	NA
MAXED_1050_DayB	35	Pulse	99	2060000	36431	NA
MAXED_1050_DayB	35	Response	88	2075792	52223	1
MAXED_1050_DayB	36	Picture	instructions_36	2076019	0	1	88926	1	0	next	false_alarm	182
MAXED_1050_DayB	36	Pulse	99	2080000	3981	NA
MAXED_1050_DayB	36	Pulse	99	2100000	23981	NA
MAXED_1050_DayB	36	Pulse	99	2120000	43981	NA
MAXED_1050_DayB	36	Pulse	99	2140000	63981	NA
MAXED_1050_DayB	36	Pulse	99	2160000	83981	NA
MAXED_1050_DayB	36	Response	88	2164719	88700	1
MAXED_1050_DayB	37	Picture	instructions_37	2164945	0	1	32324	1	0	next	false_alarm	185
MAXED_1050_DayB	37	Pulse	99	2180000	15055	NA
MAXED_1050_DayB	37	Response	88	2197213	32268	1
MAXED_1050_DayB	38	Picture	instructions_38	2197269	0	1	31565	1	0	next	false_alarm	189
MAXED_1050_DayB	38	Pulse	99	2200000	2731	NA
MAXED_1050_DayB	38	Pulse	99	2220000	22731	NA
MAXED_1050_DayB	38	Response	88	2228778	31509	1
MAXED_1050_DayB	39	Picture	instructions_39	2228834	0	1	77820	1	0	next	false_alarm	195
MAXED_1050_DayB	39	Pulse	99	2240000	11166	NA
MAXED_1050_DayB	39	Pulse	99	2260000	31166	NA
MAXED_1050_DayB	39	Pulse	99	2280000	51166	NA
MAXED_1050_DayB	39	Pulse	99	2300000	71166	NA
MAXED_1050_DayB	39	Response	88	2306597	77762	1
MAXED_1050_DayB	40	Picture	instructions_40	2306654	0	1	43890	1	0	next	false_alarm	199
MAXED_1050_DayB	40	Pulse	99	2320000	13346	NA
MAXED_1050_DayB	40	Pulse	99	2340000	33346	NA
MAXED_1050_DayB	40	Response	88	2350487	43833	1
MAXED_1050_DayB	41	Picture	instructions_41	2350544	0	1	22251	1	0	next	false_alarm	202
MAXED_1050_DayB	41	Pulse	99	2360000	9456	NA
MAXED_1050_DayB	41	Response	88	2372737	22192	1
MAXED_1050_DayB	42	Picture	instructions_42	2372795	0	1	45339	1	0	next	false_alarm	206
MAXED_1050_DayB	42	Pulse	99	2380000	7205	NA
MAXED_1050_DayB	42	Pulse	99	2400000	27205	NA
MAXED_1050_DayB	42	Response	88	2418076	45281	1
MAXED_1050_DayB	43	Picture	instructions_43	2418134	0	1	22168	1	0	next	false_alarm	210
MAXED_1050_DayB	43	Pulse	99	2420000	1866	NA
MAXED_1050_DayB	43	Pulse	99	2440000	21866	NA
MAXED_1050_DayB	43	Response	88	2440245	22111	1
MAXED_1050_DayB	44	Picture	instructions_44	2440302	0	1	85642	1	0	next	false_alarm	216
MAXED_1050_DayB	44	Pulse	99	2460000	19698	NA
MAXED_1050_DayB	44	Pulse	99	2480000	39698	NA
MAXED_1050_DayB	44	Pulse	99	2500000	59698	NA
MAXED_1050_DayB	44	Pulse	99	2520000	79698	NA
MAXED_1050_DayB	44	Response	88	2525887	85585	1
MAXED_1050_DayB	45	Picture	instructions_45	2525944	0	1	20359	1	0	next	false_alarm	219
MAXED_1050_DayB	45	Pulse	99	2540000	14056	NA
MAXED_1050_DayB	45	Response	88	2546244	20300	1
MAXED_1050_DayB	46	Picture	instructions_46	2546303	0	1	24494	1	0	next	false_alarm	222
MAXED_1050_DayB	46	Pulse	99	2560000	13697	NA
MAXED_1050_DayB	46	Response	88	2570743	24440	1
MAXED_1050_DayB	47	Picture	fixation	2570797	0	1	5165	1	0	next	other	0
MAXED_1050_DayB	48	Picture	stage1	2575962	0	1	36154	1	0	next	false_alarm	227
MAXED_1050_DayB	48	Pulse	99	2580000	4038	NA
MAXED_1050_DayB	48	Pulse	99	2600000	24038	NA
MAXED_1050_DayB	48	Response	2	2611977	36015	1
MAXED_1050_DayB	49	Picture	stage1_box	2612116	0	1	7664	1	0	next	other	0
MAXED_1050_DayB	50	Picture	stage1_outcome	2619780	0	1	167	1	0	next	other	0
MAXED_1050_DayB	51	Picture	stage2B	2619947	0	1	22992	1	0	next	false_alarm	233
MAXED_1050_DayB	51	Pulse	99	2620000	53	NA
MAXED_1050_DayB	51	Pulse	99	2640000	20053	NA
MAXED_1050_DayB	51	Response	1	2642791	22844	1
MAXED_1050_DayB	52	Picture	stage2_box	2642939	0	1	7664	1	0	next	other	0
MAXED_1050_DayB	53	Picture	stage2_up	2650603	0	1	7664	1	0	next	other	0
MAXED_1050_DayB	54	Picture	stage2_lose	2658267	0	1	10051	1	0	next	other	0
MAXED_1050_DayB	54	Pulse	99	2660000	1733	NA
MAXED_1050_DayB	55	Picture	stage1	2668319	0	1	9128	1	0	next	false_alarm	239
MAXED_1050_DayB	55	Response	1	2677391	9072	1
MAXED_1050_DayB	56	Picture	stage1_box	2677447	0	1	7550	1	0	next	other	0
MAXED_1050_DayB	56	Pulse	99	2680000	2553	NA
MAXED_1050_DayB	57	Picture	stage1_outcome	2684997	0	1	167	1	0	next	other	0
MAXED_1050_DayB	58	Picture	stage2A	2685164	0	1	6301	1	0	next	false_alarm	244
MAXED_1050_DayB	58	Response	1	2691413	6249	1
MAXED_1050_DayB	59	Picture	stage2_box	2691465	0	1	7562	1	0	next	other	0
MAXED_1050_DayB	60	Picture	stage2_up	2699027	0	1	7556	1	0	next	other	0
MAXED_1050_DayB	60	Pulse	99	2700000	973	NA
MAXED_1050_DayB	61	Picture	stage2_win	2706582	0	1	10053	1	0	next	other	0
MAXED_1050_DayB	62	Picture	stage1	2716635	0	1	8602	1	0	next	false_alarm	251
MAXED_1050_DayB	62	Pulse	99	2720000	3365	NA
MAXED_1050_DayB	62	Response	1	2725186	8551	1
MAXED_1050_DayB	63	Picture	stage1_box	2725236	0	1	7562	1	0	next	other	0
MAXED_1050_DayB	64	Picture	stage1_outcome	2732798	0	1	167	1	0	next	other	0
MAXED_1050_DayB	65	Picture	stage2A	2732965	0	1	8057	1	0	next	false_alarm	256
MAXED_1050_DayB	65	Pulse	99	2740000	7035	NA
MAXED_1050_DayB	65	Response	1	2740971	8006	1
MAXED_1050_DayB	66	Picture	stage2_box	2741022	0	1	7550	1	0	next	other	0
MAXED_1050_DayB	67	Picture	stage2_up	2748572	0	1	7567	1	0	next	other	0
MAXED_1050_DayB	68	Picture	stage2_lose	2756139	0	1	10050	1	0	next	other	0
MAXED_1050_DayB	68	Pulse	99	2760000	3861	NA
MAXED_1050_DayB	69	Picture	stage1	2766189	0	1	7789	1	0	next	false_alarm	262
MAXED_1050_DayB	69	Response	2	2773928	7739	1
MAXED_1050_DayB	70	Picture	stage1_box	2773978	0	1	7558	1	0	next	other	0
MAXED_1050_DayB	70	Pulse	99	2780000	6022	NA
MAXED_1050_DayB	71	Picture	stage1_outcome	2781536	0	1	167	1	0	next	other	0
MAXED_1050_DayB	72	Picture	stage2A	2781703	0	1	11314	1	0	next	false_alarm	267
MAXED_1050_DayB	72	Response	2	2792962	11259	1
MAXED_1050_DayB	73	Picture	stage2_box	2793017	0	1	7550	1	0	next	other	0
MAXED_1050_DayB	73	Pulse	99	2800000	6983	NA
MAXED_1050_DayB	74	Picture	stage2_up	2800567	0	1	7562	1	0	next	other	0
MAXED_1050_DayB	75	Picture	stage2_lose	2808129	0	1	10062	1	0	next	other	0
MAXED_1050_DayB	76	Picture	stage1	2818191	0	1	6513	1	0	next	false_alarm	274
MAXED_1050_DayB	76	Pulse	99	2820000	1809	NA
MAXED_1050_DayB	76	Response	2	2824654	6463	1
MAXED_1050_DayB	77	Picture	stage1_box	2824704	0	1	7550	1	0	next	other	0
MAXED_1050_DayB	78	Picture	stage1_outcome	2832254	0	1	167	1	0	next	other	0
MAXED_1050_DayB	79	Picture	stage2B	2832420	0	1	9866	1	0	next	false_alarm	279
MAXED_1050_DayB	79	Pulse	99	2840000	7580	NA
MAXED_1050_DayB	79	Response	2	2842232	9812	1
MAXED_1050_DayB	80	Picture	stage2_box	2842286	0	1	7664	1	0	next	other	0
MAXED_1050_DayB	81	Picture	stage2_up	2849950	0	1	7664	1	0	next	other	0
MAXED_1050_DayB	82	Picture	stage2_lose	2857614	0	1	10051	1	0	next	other	0
MAXED_1050_DayB	82	Pulse	99	2860000	2386	NA
MAXED_1050_DayB	83	Picture	stage1	2867665	0	1	7231	1	0	next	false_alarm	285
MAXED_1050_DayB	83	Response	2	2874846	7181	1
MAXED_1050_DayB	84	Picture	stage1_box	2874896	0	1	7550	1	0	next	other	0
MAXED_1050_DayB	84	Pulse	99	2880000	5104	NA
MAXED_1050_DayB	85	Picture	stage1_outcome	2882446	0	1	167	1	0	next	other	0
MAXED_1050_DayB	86	Picture	stage2B	2882613	0	1	10622	1	0	next	false_alarm	290
MAXED_1050_DayB	86	Response	1	2893185	10572	1
MAXED_1050_DayB	87	Picture	stage2_box	2893235	0	1	7664	1	0	next	other	0
MAXED_1050_DayB	87	Pulse	99	2900000	6765	NA
MAXED_1050_DayB	88	Picture	stage2_up	2900899	0	1	7664	1	0	next	other	0
MAXED_1050_DayB	89	Picture	stage2_win	2908563	0	1	10163	1	0	next	other	0
MAXED_1050_DayB	90	Picture	stage1	2918726	0	1	7664	1	0	next	false_alarm	297
MAXED_1050_DayB	90	Pulse	99	2920000	1274	NA
MAXED_1050_DayB	90	Response	1	2926250	7524	1
MAXED_1050_DayB	91	Picture	stage1_box	2926390	0	1	7550	1	0	next	other	0
MAXED_1050_DayB	92	Picture	stage1_outcome	2933941	0	1	167	1	0	next	other	0
MAXED_1050_DayB	93	Picture	stage2A	2934107	0	1	8204	1	0	next	false_alarm	302
MAXED_1050_DayB	93	Pulse	99	2940000	5893	NA
MAXED_1050_DayB	93	Response	2	2942261	8154	1
MAXED_1050_DayB	94	Picture	stage2_box	2942311	0	1	7550	1	0	next	other	0
MAXED_1050_DayB	95	Picture	stage2_up	2949861	0	1	7572	1	0	next	other	0
MAXED_1050_DayB	96	Picture	stage2_lose	2957433	0	1	10050	1	0	next	other	0
MAXED_1050_DayB	96	Pulse	99	2960000	2567	NA
MAXED_1050_DayB	97	Picture	stage1	2967483	0	1	4522	1	0	next	false_alarm	308
MAXED_1050_DayB	97	Response	2	2971955	4472	1
MAXED_1050_DayB	98	Picture	stage1_box	2972005	0	1	7550	1	0	next	other	0
MAXED_1050_DayB	99	Picture	stage1_outcome	2979555	0	1	167	1	0	next	other	0
MAXED_1050_DayB	100	Picture	stage2B	2979722	0	1	6623	1	0	next	false_alarm	313
MAXED_1050_DayB	100	Pulse	99	2980000	278	NA
MAXED_1050_DayB	100	Response	1	2986294	6573	1
MAXED_1050_DayB	101	Picture	stage2_box	2986345	0	1	7664	1	0	next	other	0
MAXED_1050_DayB	102	Picture	stage2_up	2994009	0	1	7664	1	0	next	other	0
MAXED_1050_DayB	102	Pulse	99	3000000	5991	NA
MAXED_1050_DayB	103	Picture	stage2_win	3001673	0	1	10163	1	0	next	other	0
MAXED_1050_DayB	104	Picture	stage1	3011836	0	1	8330	1	0	next	false_alarm	320
MAXED_1050_DayB	104	Pulse	99	3020000	8164	NA
MAXED_1050_DayB	104	Response	2	3020069	8233	1
MAXED_1050_DayB	105	Picture	stage1_box	3020167	0	1	7550	1	0	next	other	0
MAXED_1050_DayB	106	Picture	stage1_outcome	3027717	0	1	167	1	0	next	other	0
MAXED_1050_DayB	107	Picture	stage2B	3027884	0	1	8442	1	0	next	false_alarm	324
MAXED_1050_DayB	107	Response	1	3036276	8393	1
MAXED_1050_DayB	108	Picture	stage2_box	3036326	0	1	7664	1	0	next	other	0
MAXED_1050_DayB	108	Pulse	99	3040000	3674	NA
MAXED_1050_DayB	109	Picture	stage2_up	3043990	0	1	7664	1	0	next	other	0
MAXED_1050_DayB	110	Picture	stage2_win	3051654	0	1	10163	1	0	next	other	0
MAXED_1050_DayB	110	Pulse	99	3060000	8346	NA
MAXED_1050_DayB	111	Picture	stage1	3061817	0	1	4998	1	0	next	false_alarm	331
MAXED_1050_DayB	111	Response	2	3066688	4871	1
MAXED_1050_DayB	112	Picture	stage1_box	3066815	0	1	7550	1	0	next	other	0
MAXED_1050_DayB	113	Picture	stage1_outcome	3074365	0	1	167	1	0	next	other	0
MAXED_1050_DayB	114	Picture	stage2B	3074532	0	1	4023	1	0	next	false_alarm	335
MAXED_1050_DayB	114	Response	1	3078516	3984	1
MAXED_1050_DayB	115	Picture	stage2_box	3078555	0	1	7664	1	0	next	other	0
MAXED_1050_DayB	115	Pulse	99	3080000	1445	NA
MAXED_1050_DayB	116	Picture	stage2_up	3086219	0	1	7664	1	0	next	other	0
MAXED_1050_DayB	117	Picture	stage2_win	3093883	0	1	10163	1	0	next	other	0
MAXED_1050_DayB	117	Pulse	99	3100000	6117	NA
MAXED_1050_DayB	118	Picture	stage1	3104046	0	1	5665	1	0	next	false_alarm	342
MAXED_1050_DayB	118	Response	2	3109646	5600	1
MAXED_1050_DayB	119	Picture	stage1_box	3109711	0	1	7550	1	0	next	other	0
MAXED_1050_DayB	120	Picture	stage1_outcome	3117261	0	1	167	1	0	next	other	0
MAXED_1050_DayB	121	Picture	stage2B	3117428	0	1	11271	1	0	next	false_alarm	347
MAXED_1050_DayB	121	Pulse	99	3120000	2572	NA
MAXED_1050_DayB	121	Response	1	3128648	11221	1
MAXED_1050_DayB	122	Picture	stage2_box	3128699	0	1	7664	1	0	next	other	0
MAXED_1050_DayB	123	Picture	stage2_up	3136363	0	1	7664	1	0	next	other	0
MAXED_1050_DayB	123	Pulse	99	3140000	3637	NA
MAXED_1050_DayB	124	Picture	stage2_win	3144027	0	1	10163	1	0	next	other	0
MAXED_1050_DayB	125	Picture	stage1	3154190	0	1	5165	1	0	next	false_alarm	353
MAXED_1050_DayB	125	Response	2	3159217	5026	1
MAXED_1050_DayB	126	Picture	stage1_box	3159355	0	1	7550	1	0	next	other	0
MAXED_1050_DayB	126	Pulse	99	3160000	645	NA
MAXED_1050_DayB	127	Picture	stage1_outcome	3166905	0	1	167	1	0	next	other	0
MAXED_1050_DayB	128	Picture	stage2B	3167071	0	1	3819	1	0	next	false_alarm	358
MAXED_1050_DayB	128	Response	1	3170784	3713	1
MAXED_1050_DayB	129	Picture	stage2_box	3170890	0	1	7550	1	0	next	other	0
MAXED_1050_DayB	130	Picture	stage2_up	3178440	0	1	7550	1	0	next	other	0
MAXED_1050_DayB	130	Pulse	99	3180000	1560	NA
MAXED_1050_DayB	131	Picture	stage2_win	3185990	0	1	10163	1	0	next	other	0
MAXED_1050_DayB	132	Picture	stage1	3196153	0	1	3499	1	0	next	false_alarm	364
MAXED_1050_DayB	132	Response	2	3199469	3316	1
MAXED_1050_DayB	133	Picture	stage1_box	3199652	0	1	7664	1	0	next	other	0
MAXED_1050_DayB	133	Pulse	99	3200000	348	NA
MAXED_1050_DayB	134	Picture	stage1_outcome	3207316	0	1	167	1	0	next	other	0
MAXED_1050_DayB	135	Picture	stage2A	3207482	0	1	3986	1	0	next	false_alarm	369
MAXED_1050_DayB	135	Response	1	3211307	3825	1
MAXED_1050_DayB	136	Picture	stage2_box	3211468	0	1	7550	1	0	next	other	0
MAXED_1050_DayB	137	Picture	stage2_up	3219017	0	1	7550	1	0	next	other	0
MAXED_1050_DayB	137	Pulse	99	3220000	983	NA
MAXED_1050_DayB	138	Picture	stage2_win	3226567	0	1	10050	1	0	next	other	0
MAXED_1050_DayB	139	Picture	stage1	3236617	0	1	17902	1	0	next	false_alarm	376
MAXED_1050_DayB	139	Pulse	99	3240000	3383	NA
MAXED_1050_DayB	139	Response	1	3254469	17852	1
MAXED_1050_DayB	140	Picture	stage1_box	3254520	0	1	7550	1	0	next	other	0
MAXED_1050_DayB	140	Pulse	99	3260000	5480	NA
MAXED_1050_DayB	141	Picture	stage1_outcome	3262070	0	1	167	1	0	next	other	0
MAXED_1050_DayB	142	Picture	stage2B	3262236	0	1	14694	1	0	next	false_alarm	381
MAXED_1050_DayB	142	Response	1	3276880	14644	1
MAXED_1050_DayB	143	Picture	stage2_box	3276930	0	1	7664	1	0	next	other	0
MAXED_1050_DayB	143	Pulse	99	3280000	3070	NA
MAXED_1050_DayB	144	Picture	stage2_up	3284594	0	1	7664	1	0	next	other	0
MAXED_1050_DayB	145	Picture	stage2_lose	3292258	0	1	10051	1	0	next	other	0
MAXED_1050_DayB	145	Pulse	99	3300000	7742	NA
MAXED_1050_DayB	146	Picture	stage1	3302309	0	1	6397	1	0	next	false_alarm	388
MAXED_1050_DayB	146	Response	1	3308656	6347	1
MAXED_1050_DayB	147	Picture	stage1_box	3308706	0	1	7550	1	0	next	other	0
MAXED_1050_DayB	148	Picture	stage1_outcome	3316256	0	1	167	1	0	next	other	0
MAXED_1050_DayB	149	Picture	stage2A	3316422	0	1	6271	1	0	next	false_alarm	393
MAXED_1050_DayB	149	Pulse	99	3320000	3578	NA
MAXED_1050_DayB	149	Response	1	3322642	6220	1
MAXED_1050_DayB	150	Picture	stage2_box	3322693	0	1	7550	1	0	next	other	0
MAXED_1050_DayB	151	Picture	stage2_up	3330243	0	1	7550	1	0	next	other	0
MAXED_1050_DayB	152	Picture	stage2_lose	3337793	0	1	10050	1	0	next	other	0
MAXED_1050_DayB	152	Pulse	99	3340000	2207	NA
MAXED_1050_DayB	153	Picture	stage1	3347843	0	1	7789	1	0	next	false_alarm	399
MAXED_1050_DayB	153	Response	1	3355582	7739	1
MAXED_1050_DayB	154	Picture	stage1_box	3355632	0	1	7550	1	0	next	other	0
MAXED_1050_DayB	154	Pulse	99	3360000	4368	NA
MAXED_1050_DayB	155	Picture	stage1_outcome	3363182	0	1	167	1	0	next	other	0
MAXED_1050_DayB	156	Picture	stage2B	3363348	0	1	3394	1	0	next	false_alarm	404
MAXED_1050_DayB	156	Response	2	3366693	3345	1
MAXED_1050_DayB	157	Picture	stage2_box	3366743	0	1	7664	1	0	next	other	0
MAXED_1050_DayB	158	Picture	stage2_up	3374407	0	1	7664	1	0	next	other	0
MAXED_1050_DayB	158	Pulse	99	3380000	5593	NA
MAXED_1050_DayB	159	Picture	stage2_win	3382071	0	1	10163	1	0	next	other	0
MAXED_1050_DayB	160	Picture	stage1	3392234	0	1	5665	1	0	next	false_alarm	410
MAXED_1050_DayB	160	Response	2	3397824	5590	1
MAXED_1050_DayB	161	Picture	stage1_box	3397899	0	1	7550	1	0	next	other	0
MAXED_1050_DayB	161	Pulse	99	3400000	2101	NA
MAXED_1050_DayB	162	Picture	stage1_outcome	3405449	0	1	167	1	0	next	other	0
MAXED_1050_DayB	163	Picture	stage2A	3405615	0	1	17950	1	0	next	false_alarm	416
MAXED_1050_DayB	163	Pulse	99	3420000	14385	NA
MAXED_1050_DayB	163	Response	2	3423515	17900	1
MAXED_1050_DayB	164	Picture	stage2_box	3423565	0	1	7550	1	0	next	other	0
MAXED_1050_DayB	165	Picture	stage2_up	3431115	0	1	7550	1	0	next	other	0
MAXED_1050_DayB	166	Picture	stage2_lose	3438665	0	1	10050	1	0	next	other	0
MAXED_1050_DayB	166	Pulse	99	3440000	1335	NA
MAXED_1050_DayB	167	Picture	stage1	3448715	0	1	13065	1	0	next	false_alarm	423
MAXED_1050_DayB	167	Pulse	99	3460000	11285	NA
MAXED_1050_DayB	167	Response	2	3461731	13015	1
MAXED_1050_DayB	168	Picture	stage1_box	3461780	0	1	7549	1	0	next	other	0
MAXED_1050_DayB	169	Picture	stage1_outcome	3469330	0	1	167	1	0	next	other	0
MAXED_1050_DayB	170	Picture	stage2B	3469496	0	1	6148	1	0	next	false_alarm	427
MAXED_1050_DayB	170	Response	2	3475605	6108	1
MAXED_1050_DayB	171	Picture	stage2_box	3475644	0	1	7664	1	0	next	other	0
MAXED_1050_DayB	171	Pulse	99	3480000	4356	NA
MAXED_1050_DayB	172	Picture	stage2_up	3483308	0	1	7664	1	0	next	other	0
MAXED_1050_DayB	173	Picture	stage2_lose	3490972	0	1	10051	1	0	next	other	0
MAXED_1050_DayB	173	Pulse	99	3500000	9028	NA
MAXED_1050_DayB	174	Picture	stage1	3501023	0	1	3705	1	0	next	false_alarm	434
MAXED_1050_DayB	174	Response	2	3504678	3655	1
MAXED_1050_DayB	175	Picture	stage1_box	3504728	0	1	7550	1	0	next	other	0
MAXED_1050_DayB	176	Picture	stage1_outcome	3512278	0	1	167	1	0	next	other	0
MAXED_1050_DayB	177	Picture	stage2A	3512445	0	1	4832	1	0	next	false_alarm	438
MAXED_1050_DayB	177	Response	1	3517227	4783	1
MAXED_1050_DayB	178	Picture	stage2_box	3517277	0	1	7550	1	0	next	other	0
MAXED_1050_DayB	178	Pulse	99	3520000	2723	NA
MAXED_1050_DayB	179	Picture	stage2_up	3524827	0	1	7550	1	0	next	other	0
MAXED_1050_DayB	180	Picture	stage2_lose	3532377	0	1	10050	1	0	next	other	0
MAXED_1050_DayB	180	Pulse	99	3540000	7624	NA
MAXED_1050_DayB	181	Picture	stage1	3542427	0	1	5024	1	0	next	false_alarm	445
MAXED_1050_DayB	181	Response	1	3547401	4974	1
MAXED_1050_DayB	182	Picture	stage1_box	3547450	0	1	7550	1	0	next	other	0
MAXED_1050_DayB	183	Picture	stage1_outcome	3555001	0	1	167	1	0	next	other	0
MAXED_1050_DayB	184	Picture	stage2A	3555167	0	1	9522	1	0	next	false_alarm	450
MAXED_1050_DayB	184	Pulse	99	3560000	4833	NA
MAXED_1050_DayB	184	Response	2	3564640	9472	1
MAXED_1050_DayB	185	Picture	stage2_box	3564690	0	1	7539	1	0	next	other	0
MAXED_1050_DayB	186	Picture	stage2_up	3572229	0	1	7550	1	0	next	other	0
MAXED_1050_DayB	187	Picture	stage2_win	3579779	0	1	10050	1	0	next	other	0
MAXED_1050_DayB	187	Pulse	99	3580000	221	NA
MAXED_1050_DayB	188	Picture	stage1	3589829	0	1	3978	1	0	next	false_alarm	456
MAXED_1050_DayB	188	Response	1	3593756	3928	1
MAXED_1050_DayB	189	Picture	stage1_box	3593806	0	1	7550	1	0	next	other	0
MAXED_1050_DayB	189	Pulse	99	3600000	6194	NA
MAXED_1050_DayB	190	Picture	stage1_outcome	3601356	0	1	167	1	0	next	other	0
MAXED_1050_DayB	191	Picture	stage2A	3601523	0	1	3465	1	0	next	false_alarm	461
MAXED_1050_DayB	191	Response	2	3604937	3414	1
MAXED_1050_DayB	192	Picture	stage2_box	3604988	0	1	7629	1	0	next	other	0
MAXED_1050_DayB	193	Picture	stage2_up	3612616	0	1	7550	1	0	next	other	0
MAXED_1050_DayB	193	Pulse	99	3620000	7384	NA
MAXED_1050_DayB	194	Picture	stage2_lose	3620166	0	1	10050	1	0	next	other	0
MAXED_1050_DayB	195	Picture	stage1	3630216	0	1	3201	1	0	next	false_alarm	467
MAXED_1050_DayB	195	Response	2	3633367	3151	1
MAXED_1050_DayB	196	Picture	stage1_box	3633417	0	1	7550	1	0	next	other	0
MAXED_1050_DayB	196	Pulse	99	3640000	6583	NA
MAXED_1050_DayB	197	Picture	stage1_outcome	3640967	0	1	167	1	0	next	other	0
MAXED_1050_DayB	198	Picture	stage2B	3641133	0	1	16233	1	0	next	false_alarm	472
MAXED_1050_DayB	198	Response	1	3657316	16183	1
MAXED_1050_DayB	199	Picture	stage2_box	3657366	0	1	7664	1	0	next	other	0
MAXED_1050_DayB	199	Pulse	99	3660000	2634	NA
MAXED_1050_DayB	200	Picture	stage2_up	3665030	0	1	7664	1	0	next	other	0
MAXED_1050_DayB	201	Picture	stage2_win	3672694	0	1	10163	1	0	next	other	0
MAXED_1050_DayB	201	Pulse	99	3680000	7306	NA
MAXED_1050_DayB	202	Picture	stage1	3682857	0	1	3665	1	0	next	false_alarm	479
MAXED_1050_DayB	202	Response	2	3686401	3543	1
MAXED_1050_DayB	203	Picture	stage1_box	3686523	0	1	7664	1	0	next	other	0
MAXED_1050_DayB	204	Picture	stage1_outcome	3694187	0	1	167	1	0	next	other	0
MAXED_1050_DayB	205	Picture	stage2B	3694353	0	1	4952	1	0	next	false_alarm	483
MAXED_1050_DayB	205	Response	1	3699255	4901	1
MAXED_1050_DayB	206	Picture	stage2_box	3699305	0	1	7664	1	0	next	other	0
MAXED_1050_DayB	206	Pulse	99	3700000	695	NA
MAXED_1050_DayB	207	Picture	stage2_up	3706969	0	1	7664	1	0	next	other	0
MAXED_1050_DayB	208	Picture	stage2_lose	3714633	0	1	10051	1	0	next	other	0
MAXED_1050_DayB	208	Pulse	99	3720000	5367	NA
MAXED_1050_DayB	209	Picture	stage1	3724684	0	1	3303	1	0	next	false_alarm	490
MAXED_1050_DayB	209	Response	2	3727937	3253	1
MAXED_1050_DayB	210	Picture	stage1_box	3727987	0	1	7549	1	0	next	other	0
MAXED_1050_DayB	211	Picture	stage1_outcome	3735536	0	1	167	1	0	next	other	0
MAXED_1050_DayB	212	Picture	stage2B	3735703	0	1	5427	1	0	next	false_alarm	495
MAXED_1050_DayB	212	Pulse	99	3740000	4297	NA
MAXED_1050_DayB	212	Response	2	3741080	5377	1
MAXED_1050_DayB	213	Picture	stage2_box	3741130	0	1	7664	1	0	next	other	0
MAXED_1050_DayB	214	Picture	stage2_up	3748794	0	1	7664	1	0	next	other	0
MAXED_1050_DayB	215	Picture	stage2_lose	3756458	0	1	10051	1	0	next	other	0
MAXED_1050_DayB	215	Pulse	99	3760000	3542	NA
MAXED_1050_DayB	216	Picture	stage1	3766509	0	1	6114	1	0	next	false_alarm	501
MAXED_1050_DayB	216	Response	1	3772572	6064	1
MAXED_1050_DayB	217	Picture	stage1_box	3772623	0	1	7550	1	0	next	other	0
MAXED_1050_DayB	217	Pulse	99	3780000	7377	NA
MAXED_1050_DayB	218	Picture	stage1_outcome	3780173	0	1	167	1	0	next	other	0
MAXED_1050_DayB	219	Picture	stage2A	3780339	0	1	4294	1	0	next	false_alarm	506
MAXED_1050_DayB	219	Response	2	3784584	4244	1
MAXED_1050_DayB	220	Picture	stage2_box	3784634	0	1	7550	1	0	next	other	0
MAXED_1050_DayB	221	Picture	stage2_up	3792183	0	1	7550	1	0	next	other	0
MAXED_1050_DayB	222	Picture	stage2_win	3799733	0	1	10053	1	0	next	other	0
MAXED_1050_DayB	222	Pulse	99	3800000	267	NA
MAXED_1050_DayB	223	Pulse	99	3820000	10214	NA
MAXED_1050_DayB	223	Pulse	99	3840000	30214	NA
MAXED_1050_DayB	223	Pulse	99	3860000	50214	NA
MAXED_1050_DayB	223	Pulse	99	3880000	70214	NA
MAXED_1050_DayB	223	Response	88	3890962	81175	1
