Scenario - 
Logfile written - 06/30/2021 18:27:30

Subject	Trial	Event Type	Code	Time	TTime	Uncertainty	Duration	Uncertainty	ReqTime	ReqDur	Stim Type	Pair Index

MAXED_1003 B	0	Pulse	99	0	0	NA
MAXED_1003 B	1	Picture	instructions_1	166	0	1	43833	1	0	next	false_alarm	5
MAXED_1003 B	1	Pulse	99	20000	19834	NA
MAXED_1003 B	1	Pulse	99	40000	39834	NA
MAXED_1003 B	1	Response	88	43786	43619	1
MAXED_1003 B	2	Picture	instructions_2	44000	0	1	11167	1	0	next	false_alarm	7
MAXED_1003 B	2	Response	88	54826	10826	1
MAXED_1003 B	3	Picture	instructions_3	55166	0	1	17000	1	0	next	false_alarm	10
MAXED_1003 B	3	Pulse	99	60000	4834	NA
MAXED_1003 B	3	Response	88	71946	16779	1
MAXED_1003 B	4	Picture	instructions_4	72166	0	1	10833	1	0	next	false_alarm	13
MAXED_1003 B	4	Pulse	99	80000	7834	NA
MAXED_1003 B	4	Response	88	82666	10499	1
MAXED_1003 B	5	Picture	instructions_5	83000	0	1	32833	1	0	next	false_alarm	16
MAXED_1003 B	5	Pulse	99	100000	17000	NA
MAXED_1003 B	5	Response	88	115706	32706	1
MAXED_1003 B	6	Picture	instructions_6	115833	0	1	22333	1	0	next	false_alarm	19
MAXED_1003 B	6	Pulse	99	120000	4167	NA
MAXED_1003 B	6	Response	88	137946	22113	1
MAXED_1003 B	7	Picture	instructions_7	138166	0	1	59500	1	0	next	false_alarm	24
MAXED_1003 B	7	Pulse	99	140000	1834	NA
MAXED_1003 B	7	Pulse	99	160000	21834	NA
MAXED_1003 B	7	Pulse	99	180000	41834	NA
MAXED_1003 B	7	Response	88	197546	59379	1
MAXED_1003 B	8	Picture	instructions_8	197667	0	1	63333	1	0	next	false_alarm	30
MAXED_1003 B	8	Pulse	99	200000	2334	NA
MAXED_1003 B	8	Pulse	99	220000	22334	NA
MAXED_1003 B	8	Pulse	99	240000	42334	NA
MAXED_1003 B	8	Pulse	99	260000	62334	NA
MAXED_1003 B	8	Response	88	260825	63159	1
MAXED_1003 B	9	Picture	instructions_9	261000	0	1	28333	1	0	next	false_alarm	33
MAXED_1003 B	9	Pulse	99	280000	19000	NA
MAXED_1003 B	9	Response	88	289066	28066	1
MAXED_1003 B	10	Picture	instructions_10	289333	0	1	66000	1	0	next	false_alarm	38
MAXED_1003 B	10	Pulse	99	300000	10667	NA
MAXED_1003 B	10	Pulse	99	320000	30667	NA
MAXED_1003 B	10	Pulse	99	340000	50667	NA
MAXED_1003 B	10	Response	88	355225	65892	1
MAXED_1003 B	11	Picture	instructions_11	355333	0	1	30833	1	0	next	false_alarm	42
MAXED_1003 B	11	Pulse	99	360000	4667	NA
MAXED_1003 B	11	Pulse	99	380000	24667	NA
MAXED_1003 B	11	Response	88	385945	30612	1
MAXED_1003 B	12	Picture	instructions_12	386167	0	1	19333	1	0	next	false_alarm	45
MAXED_1003 B	12	Pulse	99	400000	13833	NA
MAXED_1003 B	12	Response	88	405305	19139	1
MAXED_1003 B	13	Picture	instructions_13	405500	0	1	27667	1	0	next	false_alarm	48
MAXED_1003 B	13	Pulse	99	420000	14500	NA
MAXED_1003 B	13	Response	88	432905	27405	1
MAXED_1003 B	14	Picture	instructions_14	433167	0	1	18500	1	0	next	false_alarm	51
MAXED_1003 B	14	Pulse	99	440000	6833	NA
MAXED_1003 B	14	Response	88	451385	18219	1
MAXED_1003 B	15	Picture	instructions_15	451667	0	1	69667	1	0	next	false_alarm	57
MAXED_1003 B	15	Pulse	99	460000	8333	NA
MAXED_1003 B	15	Pulse	99	480000	28333	NA
MAXED_1003 B	15	Pulse	99	500000	48333	NA
MAXED_1003 B	15	Pulse	99	520000	68333	NA
MAXED_1003 B	15	Response	88	521225	69559	1
MAXED_1003 B	16	Picture	instructions_16	521333	0	1	29667	1	0	next	false_alarm	60
MAXED_1003 B	16	Pulse	99	540000	18667	NA
MAXED_1003 B	16	Response	88	550745	29412	1
MAXED_1003 B	17	Picture	instructions_17	551000	0	1	5500	1	0	next	false_alarm	62
MAXED_1003 B	17	Response	88	556185	5185	1
MAXED_1003 B	18	Picture	instructions_18	556500	0	1	25833	1	0	next	false_alarm	66
MAXED_1003 B	18	Pulse	99	560000	3500	NA
MAXED_1003 B	18	Pulse	99	580000	23500	NA
MAXED_1003 B	18	Response	88	582025	25525	1
MAXED_1003 B	19	Picture	instructions_19	582333	0	1	17333	1	0	next	false_alarm	68
MAXED_1003 B	19	Response	88	599385	17052	1
MAXED_1003 B	20	Picture	instructions_20	599667	0	1	16167	1	0	next	false_alarm	71
MAXED_1003 B	20	Pulse	99	600000	333	NA
MAXED_1003 B	20	Response	88	615625	15959	1
MAXED_1003 B	21	Picture	instructions_21	615833	0	1	24833	1	0	next	false_alarm	75
MAXED_1003 B	21	Pulse	99	620000	4167	NA
MAXED_1003 B	21	Pulse	99	640000	24167	NA
MAXED_1003 B	21	Response	88	640505	24672	1
MAXED_1003 B	22	Picture	instructions_22	640667	0	1	12500	1	0	next	false_alarm	77
MAXED_1003 B	22	Response	88	652905	12239	1
MAXED_1003 B	23	Picture	instructions_23	653167	0	1	16833	1	0	next	false_alarm	80
MAXED_1003 B	23	Pulse	99	660000	6833	NA
MAXED_1003 B	23	Response	88	669785	16618	1
MAXED_1003 B	24	Picture	instructions_24	670000	0	1	50167	1	0	next	false_alarm	85
MAXED_1003 B	24	Pulse	99	680000	10000	NA
MAXED_1003 B	24	Pulse	99	700000	30000	NA
MAXED_1003 B	24	Pulse	99	720000	50000	NA
MAXED_1003 B	24	Response	88	720105	50105	1
MAXED_1003 B	25	Picture	instructions_25	720167	0	1	22667	1	0	next	false_alarm	88
MAXED_1003 B	25	Pulse	99	740000	19833	NA
MAXED_1003 B	25	Response	88	742665	22498	1
MAXED_1003 B	26	Picture	instructions_26	742833	0	1	25000	1	0	next	false_alarm	91
MAXED_1003 B	26	Pulse	99	760000	17167	NA
MAXED_1003 B	26	Response	88	767625	24792	1
MAXED_1003 B	27	Picture	instructions_27	767833	0	1	13167	1	0	next	false_alarm	94
MAXED_1003 B	27	Pulse	99	780000	12167	NA
MAXED_1003 B	27	Response	88	780825	12992	1
MAXED_1003 B	28	Picture	instructions_28	781000	0	1	11833	1	0	next	false_alarm	96
MAXED_1003 B	28	Response	88	792585	11585	1
MAXED_1003 B	29	Picture	instructions_29	792833	0	1	19167	1	0	next	false_alarm	99
MAXED_1003 B	29	Pulse	99	800000	7167	NA
MAXED_1003 B	29	Response	88	811865	19032	1
MAXED_1003 B	30	Picture	instructions_30	812000	0	1	100167	1	0	next	false_alarm	106
MAXED_1003 B	30	Pulse	99	820000	8000	NA
MAXED_1003 B	30	Pulse	99	840000	28000	NA
MAXED_1003 B	30	Pulse	99	860000	48000	NA
MAXED_1003 B	30	Pulse	99	880000	68000	NA
MAXED_1003 B	30	Pulse	99	900000	88000	NA
MAXED_1003 B	30	Response	88	912025	100025	1
MAXED_1003 B	31	Picture	instructions_31	912167	0	1	42833	1	0	next	false_alarm	110
MAXED_1003 B	31	Pulse	99	920000	7833	NA
MAXED_1003 B	31	Pulse	99	940000	27833	NA
MAXED_1003 B	31	Response	88	954745	42578	1
MAXED_1003 B	32	Picture	instructions_32	955000	0	1	57500	1	0	next	false_alarm	115
MAXED_1003 B	32	Pulse	99	960000	5000	NA
MAXED_1003 B	32	Pulse	99	980000	25000	NA
MAXED_1003 B	32	Pulse	99	1000000	45000	NA
MAXED_1003 B	32	Response	88	1012345	57345	1
MAXED_1003 B	33	Picture	instructions_33	1012500	0	1	38667	1	0	next	false_alarm	119
MAXED_1003 B	33	Pulse	99	1020000	7500	NA
MAXED_1003 B	33	Pulse	99	1040000	27500	NA
MAXED_1003 B	33	Response	88	1050905	38405	1
MAXED_1003 B	34	Picture	instructions_34	1051167	0	1	61333	1	0	next	false_alarm	124
MAXED_1003 B	34	Pulse	99	1060000	8833	NA
MAXED_1003 B	34	Pulse	99	1080000	28833	NA
MAXED_1003 B	34	Pulse	99	1100000	48833	NA
MAXED_1003 B	34	Response	88	1112264	61098	1
MAXED_1003 B	35	Picture	instructions_35	1112500	0	1	72000	1	0	next	false_alarm	130
MAXED_1003 B	35	Pulse	99	1120000	7500	NA
MAXED_1003 B	35	Pulse	99	1140000	27500	NA
MAXED_1003 B	35	Pulse	99	1160000	47500	NA
MAXED_1003 B	35	Pulse	99	1180000	67500	NA
MAXED_1003 B	35	Response	88	1184345	71845	1
MAXED_1003 B	36	Picture	instructions_36	1184500	0	1	47833	1	0	next	false_alarm	134
MAXED_1003 B	36	Pulse	99	1200000	15500	NA
MAXED_1003 B	36	Pulse	99	1220000	35500	NA
MAXED_1003 B	36	Response	88	1232105	47604	1
MAXED_1003 B	37	Picture	instructions_37	1232333	0	1	18000	1	0	next	false_alarm	137
MAXED_1003 B	37	Pulse	99	1240000	7667	NA
MAXED_1003 B	37	Response	88	1250185	17851	1
MAXED_1003 B	38	Picture	instructions_38	1250333	0	1	89833	1	0	next	false_alarm	144
MAXED_1003 B	38	Pulse	99	1260000	9667	NA
MAXED_1003 B	38	Pulse	99	1280000	29667	NA
MAXED_1003 B	38	Pulse	99	1300000	49667	NA
MAXED_1003 B	38	Pulse	99	1320000	69667	NA
MAXED_1003 B	38	Pulse	99	1340000	89667	NA
MAXED_1003 B	38	Response	88	1340025	89691	1
MAXED_1003 B	39	Picture	instructions_39	1340167	0	1	55167	1	0	next	false_alarm	148
MAXED_1003 B	39	Pulse	99	1360000	19833	NA
MAXED_1003 B	39	Pulse	99	1380000	39833	NA
MAXED_1003 B	39	Response	88	1395144	54978	1
MAXED_1003 B	40	Picture	instructions_40	1395334	0	1	33000	1	0	next	false_alarm	152
MAXED_1003 B	40	Pulse	99	1400000	4666	NA
MAXED_1003 B	40	Pulse	99	1420000	24666	NA
MAXED_1003 B	40	Response	88	1428265	32931	1
MAXED_1003 B	41	Picture	instructions_41	1428334	0	1	10000	1	0	next	false_alarm	154
MAXED_1003 B	41	Response	88	1438104	9771	1
MAXED_1003 B	42	Picture	instructions_42	1438334	0	1	12833	1	0	next	false_alarm	157
MAXED_1003 B	42	Pulse	99	1440000	1666	NA
MAXED_1003 B	42	Response	88	1450984	12651	1
MAXED_1003 B	43	Picture	instructions_43	1451167	0	1	28000	1	0	next	false_alarm	160
MAXED_1003 B	43	Pulse	99	1460000	8833	NA
MAXED_1003 B	43	Response	88	1478984	27817	1
MAXED_1003 B	44	Picture	instructions_44	1479167	0	1	13667	1	0	next	false_alarm	163
MAXED_1003 B	44	Pulse	99	1480000	833	NA
MAXED_1003 B	44	Response	88	1492665	13498	1
MAXED_1003 B	45	Picture	instructions_45	1492834	0	1	6167	1	0	next	false_alarm	165
MAXED_1003 B	45	Response	88	1498824	5991	1
MAXED_1003 B	46	Picture	instructions_46	1499000	0	1	21500	1	0	next	false_alarm	169
MAXED_1003 B	46	Pulse	99	1500000	1000	NA
MAXED_1003 B	46	Pulse	99	1520000	21000	NA
MAXED_1003 B	46	Response	88	1520344	21344	1
MAXED_1003 B	47	Picture	fixation	1520500	0	1	5167	1	0	next	other	0
MAXED_1003 B	48	Picture	stage1	1525667	0	1	21833	1	0	next	false_alarm	173
MAXED_1003 B	48	Pulse	99	1540000	14333	NA
MAXED_1003 B	48	Response	1	1547305	21638	1
MAXED_1003 B	49	Picture	stage1_box	1547500	0	1	7667	1	0	next	other	0
MAXED_1003 B	50	Picture	stage1_outcome	1555167	0	1	167	1	0	next	other	0
MAXED_1003 B	51	Picture	stage2B	1555334	0	1	11667	1	0	next	false_alarm	178
MAXED_1003 B	51	Pulse	99	1560000	4666	NA
MAXED_1003 B	51	Response	1	1566825	11491	1
MAXED_1003 B	52	Picture	stage2_box	1567000	0	1	7667	1	0	next	other	0
MAXED_1003 B	53	Picture	stage2_up	1574667	0	1	7667	1	0	next	other	0
MAXED_1003 B	53	Pulse	99	1580000	5333	NA
MAXED_1003 B	54	Picture	stage2_lose	1582334	0	1	10167	1	0	next	other	0
MAXED_1003 B	55	Picture	stage1	1592500	0	1	4500	1	0	next	false_alarm	184
MAXED_1003 B	55	Response	1	1596825	4325	1
MAXED_1003 B	56	Picture	stage1_box	1597000	0	1	7667	1	0	next	other	0
MAXED_1003 B	56	Pulse	99	1600000	3000	NA
MAXED_1003 B	57	Picture	stage1_outcome	1604667	0	1	167	1	0	next	other	0
MAXED_1003 B	58	Picture	stage2A	1604834	0	1	6833	1	0	next	false_alarm	189
MAXED_1003 B	58	Response	2	1611625	6791	1
MAXED_1003 B	59	Picture	stage2_box	1611667	0	1	7667	1	0	next	other	0
MAXED_1003 B	60	Picture	stage2_up	1619334	0	1	7667	1	0	next	other	0
MAXED_1003 B	60	Pulse	99	1620000	666	NA
MAXED_1003 B	61	Picture	stage2_win	1627000	0	1	10167	1	0	next	other	0
MAXED_1003 B	62	Picture	stage1	1637167	0	1	9333	1	0	next	false_alarm	196
MAXED_1003 B	62	Pulse	99	1640000	2833	NA
MAXED_1003 B	62	Response	1	1646425	9258	1
MAXED_1003 B	63	Picture	stage1_box	1646500	0	1	7667	1	0	next	other	0
MAXED_1003 B	64	Picture	stage1_outcome	1654167	0	1	167	1	0	next	other	0
MAXED_1003 B	65	Picture	stage2A	1654334	0	1	7000	1	0	next	false_alarm	201
MAXED_1003 B	65	Pulse	99	1660000	5666	NA
MAXED_1003 B	65	Response	2	1661145	6811	1
MAXED_1003 B	66	Picture	stage2_box	1661334	0	1	7667	1	0	next	other	0
MAXED_1003 B	67	Picture	stage2_up	1669000	0	1	7667	1	0	next	other	0
MAXED_1003 B	68	Picture	stage2_win	1676667	0	1	10167	1	0	next	other	0
MAXED_1003 B	68	Pulse	99	1680000	3333	NA
MAXED_1003 B	69	Picture	stage1	1686834	0	1	5500	1	0	next	false_alarm	207
MAXED_1003 B	69	Response	1	1692185	5351	1
MAXED_1003 B	70	Picture	stage1_box	1692334	0	1	7667	1	0	next	other	0
MAXED_1003 B	70	Pulse	99	1700000	7666	NA
MAXED_1003 B	71	Picture	stage1_outcome	1700000	0	1	167	1	0	next	other	0
MAXED_1003 B	72	Picture	stage2A	1700167	0	1	5333	1	0	next	false_alarm	212
MAXED_1003 B	72	Response	2	1705385	5218	1
MAXED_1003 B	73	Picture	stage2_box	1705500	0	1	7667	1	0	next	other	0
MAXED_1003 B	74	Picture	stage2_up	1713167	0	1	7667	1	0	next	other	0
MAXED_1003 B	74	Pulse	99	1720000	6833	NA
MAXED_1003 B	75	Picture	stage2_win	1720834	0	1	10167	1	0	next	other	0
MAXED_1003 B	76	Picture	stage1	1731000	0	1	7000	1	0	next	false_alarm	218
MAXED_1003 B	76	Response	1	1737865	6864	1
MAXED_1003 B	77	Picture	stage1_box	1738000	0	1	7667	1	0	next	other	0
MAXED_1003 B	77	Pulse	99	1740000	2000	NA
MAXED_1003 B	78	Picture	stage1_outcome	1745667	0	1	167	1	0	next	other	0
MAXED_1003 B	79	Picture	stage2A	1745834	0	1	6833	1	0	next	false_alarm	223
MAXED_1003 B	79	Response	2	1752585	6752	1
MAXED_1003 B	80	Picture	stage2_box	1752667	0	1	7667	1	0	next	other	0
MAXED_1003 B	80	Pulse	99	1760000	7333	NA
MAXED_1003 B	81	Picture	stage2_up	1760334	0	1	7667	1	0	next	other	0
MAXED_1003 B	82	Picture	stage2_win	1768000	0	1	10167	1	0	next	other	0
MAXED_1003 B	83	Picture	stage1	1778167	0	1	5167	1	0	next	false_alarm	230
MAXED_1003 B	83	Pulse	99	1780000	1833	NA
MAXED_1003 B	83	Response	1	1783145	4978	1
MAXED_1003 B	84	Picture	stage1_box	1783334	0	1	7667	1	0	next	other	0
MAXED_1003 B	85	Picture	stage1_outcome	1791000	0	1	167	1	0	next	other	0
MAXED_1003 B	86	Picture	stage2A	1791167	0	1	7167	1	0	next	false_alarm	234
MAXED_1003 B	86	Response	2	1798184	7017	1
MAXED_1003 B	87	Picture	stage2_box	1798334	0	1	7667	1	0	next	other	0
MAXED_1003 B	87	Pulse	99	1800000	1666	NA
MAXED_1003 B	88	Picture	stage2_up	1806000	0	1	7667	1	0	next	other	0
MAXED_1003 B	89	Picture	stage2_win	1813667	0	1	10167	1	0	next	other	0
MAXED_1003 B	89	Pulse	99	1820000	6333	NA
MAXED_1003 B	90	Picture	stage1	1823834	0	1	6500	1	0	next	false_alarm	241
MAXED_1003 B	90	Response	1	1830264	6431	1
MAXED_1003 B	91	Picture	stage1_box	1830334	0	1	7667	1	0	next	other	0
MAXED_1003 B	92	Picture	stage1_outcome	1838000	0	1	167	1	0	next	other	0
MAXED_1003 B	93	Picture	stage2B	1838167	0	1	16167	1	0	next	false_alarm	246
MAXED_1003 B	93	Pulse	99	1840000	1833	NA
MAXED_1003 B	93	Response	1	1854265	16098	1
MAXED_1003 B	94	Picture	stage2_box	1854334	0	1	7667	1	0	next	other	0
MAXED_1003 B	94	Pulse	99	1860000	5666	NA
MAXED_1003 B	95	Picture	stage2_up	1862000	0	1	7667	1	0	next	other	0
MAXED_1003 B	96	Picture	stage2_win	1869667	0	1	10167	1	0	next	other	0
MAXED_1003 B	97	Picture	stage1	1879834	0	1	5833	1	0	next	false_alarm	253
MAXED_1003 B	97	Pulse	99	1880000	166	NA
MAXED_1003 B	97	Response	2	1885545	5711	1
MAXED_1003 B	98	Picture	stage1_box	1885667	0	1	7667	1	0	next	other	0
MAXED_1003 B	99	Picture	stage1_outcome	1893334	0	1	167	1	0	next	other	0
MAXED_1003 B	100	Picture	stage2B	1893500	0	1	7833	1	0	next	false_alarm	258
MAXED_1003 B	100	Pulse	99	1900000	6500	NA
MAXED_1003 B	100	Response	1	1901225	7724	1
MAXED_1003 B	101	Picture	stage2_box	1901334	0	1	7667	1	0	next	other	0
MAXED_1003 B	102	Picture	stage2_up	1909000	0	1	7667	1	0	next	other	0
MAXED_1003 B	103	Picture	stage2_lose	1916667	0	1	10167	1	0	next	other	0
MAXED_1003 B	103	Pulse	99	1920000	3333	NA
MAXED_1003 B	104	Picture	stage1	1926834	0	1	6000	1	0	next	false_alarm	264
MAXED_1003 B	104	Response	2	1932664	5831	1
MAXED_1003 B	105	Picture	stage1_box	1932834	0	1	7667	1	0	next	other	0
MAXED_1003 B	105	Pulse	99	1940000	7166	NA
MAXED_1003 B	106	Picture	stage1_outcome	1940500	0	1	167	1	0	next	other	0
MAXED_1003 B	107	Picture	stage2B	1940667	0	1	9000	1	0	next	false_alarm	269
MAXED_1003 B	107	Response	2	1949465	8798	1
MAXED_1003 B	108	Picture	stage2_box	1949667	0	1	7667	1	0	next	other	0
MAXED_1003 B	109	Picture	stage2_up	1957334	0	1	7667	1	0	next	other	0
MAXED_1003 B	109	Pulse	99	1960000	2666	NA
MAXED_1003 B	110	Picture	stage2_lose	1965000	0	1	10167	1	0	next	other	0
MAXED_1003 B	111	Picture	stage1	1975167	0	1	5833	1	0	next	false_alarm	276
MAXED_1003 B	111	Pulse	99	1980000	4833	NA
MAXED_1003 B	111	Response	1	1980824	5657	1
MAXED_1003 B	112	Picture	stage1_box	1981000	0	1	7667	1	0	next	other	0
MAXED_1003 B	113	Picture	stage1_outcome	1988667	0	1	167	1	0	next	other	0
MAXED_1003 B	114	Picture	stage2A	1988834	0	1	4167	1	0	next	false_alarm	280
MAXED_1003 B	114	Response	2	1992904	4070	1
MAXED_1003 B	115	Picture	stage2_box	1993000	0	1	7667	1	0	next	other	0
MAXED_1003 B	115	Pulse	99	2000000	7000	NA
MAXED_1003 B	116	Picture	stage2_up	2000667	0	1	7667	1	0	next	other	0
MAXED_1003 B	117	Picture	stage2_win	2008334	0	1	10167	1	0	next	other	0
MAXED_1003 B	118	Picture	stage1	2018500	0	1	5667	1	0	next	false_alarm	287
MAXED_1003 B	118	Pulse	99	2020000	1500	NA
MAXED_1003 B	118	Response	1	2024104	5604	1
MAXED_1003 B	119	Picture	stage1_box	2024167	0	1	7667	1	0	next	other	0
MAXED_1003 B	120	Picture	stage1_outcome	2031834	0	1	167	1	0	next	other	0
MAXED_1003 B	121	Picture	stage2A	2032000	0	1	5000	1	0	next	false_alarm	291
MAXED_1003 B	121	Response	2	2036824	4824	1
MAXED_1003 B	122	Picture	stage2_box	2037000	0	1	7667	1	0	next	other	0
MAXED_1003 B	122	Pulse	99	2040000	3000	NA
MAXED_1003 B	123	Picture	stage2_up	2044667	0	1	7667	1	0	next	other	0
MAXED_1003 B	124	Picture	stage2_win	2052334	0	1	10167	1	0	next	other	0
MAXED_1003 B	124	Pulse	99	2060000	7666	NA
MAXED_1003 B	125	Picture	stage1	2062500	0	1	14833	1	0	next	false_alarm	298
MAXED_1003 B	125	Response	1	2077224	14724	1
MAXED_1003 B	126	Picture	stage1_box	2077334	0	1	7667	1	0	next	other	0
MAXED_1003 B	126	Pulse	99	2080000	2666	NA
MAXED_1003 B	127	Picture	stage1_outcome	2085000	0	1	167	1	0	next	other	0
MAXED_1003 B	128	Picture	stage2A	2085167	0	1	13000	1	0	next	false_alarm	303
MAXED_1003 B	128	Response	2	2098024	12857	1
MAXED_1003 B	129	Picture	stage2_box	2098167	0	1	7667	1	0	next	other	0
MAXED_1003 B	129	Pulse	99	2100000	1833	NA
MAXED_1003 B	130	Picture	stage2_up	2105834	0	1	7667	1	0	next	other	0
MAXED_1003 B	131	Picture	stage2_win	2113500	0	1	10167	1	0	next	other	0
MAXED_1003 B	131	Pulse	99	2120000	6500	NA
MAXED_1003 B	132	Picture	stage1	2123667	0	1	4333	1	0	next	false_alarm	310
MAXED_1003 B	132	Response	1	2127864	4197	1
MAXED_1003 B	133	Picture	stage1_box	2128000	0	1	7667	1	0	next	other	0
MAXED_1003 B	134	Picture	stage1_outcome	2135667	0	1	167	1	0	next	other	0
MAXED_1003 B	135	Picture	stage2B	2135834	0	1	14500	1	0	next	false_alarm	315
MAXED_1003 B	135	Pulse	99	2140000	4166	NA
MAXED_1003 B	135	Response	1	2150264	14431	1
MAXED_1003 B	136	Picture	stage2_box	2150334	0	1	7667	1	0	next	other	0
MAXED_1003 B	137	Picture	stage2_up	2158000	0	1	7667	1	0	next	other	0
MAXED_1003 B	137	Pulse	99	2160000	2000	NA
MAXED_1003 B	138	Picture	stage2_win	2165667	0	1	10167	1	0	next	other	0
MAXED_1003 B	139	Picture	stage1	2175834	0	1	4500	1	0	next	false_alarm	322
MAXED_1003 B	139	Pulse	99	2180000	4166	NA
MAXED_1003 B	139	Response	1	2180264	4431	1
MAXED_1003 B	140	Picture	stage1_box	2180334	0	1	7667	1	0	next	other	0
MAXED_1003 B	141	Picture	stage1_outcome	2188000	0	1	167	1	0	next	other	0
MAXED_1003 B	142	Picture	stage2A	2188167	0	1	3833	1	0	next	false_alarm	326
MAXED_1003 B	142	Response	2	2191945	3778	1
MAXED_1003 B	143	Picture	stage2_box	2192000	0	1	7667	1	0	next	other	0
MAXED_1003 B	144	Picture	stage2_up	2199667	0	1	7667	1	0	next	other	0
MAXED_1003 B	144	Pulse	99	2200000	333	NA
MAXED_1003 B	145	Picture	stage2_lose	2207334	0	1	10167	1	0	next	other	0
MAXED_1003 B	146	Picture	stage1	2217500	0	1	5833	1	0	next	false_alarm	333
MAXED_1003 B	146	Pulse	99	2220000	2500	NA
MAXED_1003 B	146	Response	1	2223144	5644	1
MAXED_1003 B	147	Picture	stage1_box	2223334	0	1	7667	1	0	next	other	0
MAXED_1003 B	148	Picture	stage1_outcome	2231000	0	1	167	1	0	next	other	0
MAXED_1003 B	149	Picture	stage2A	2231167	0	1	6333	1	0	next	false_alarm	337
MAXED_1003 B	149	Response	1	2237304	6137	1
MAXED_1003 B	150	Picture	stage2_box	2237500	0	1	7667	1	0	next	other	0
MAXED_1003 B	150	Pulse	99	2240000	2500	NA
MAXED_1003 B	151	Picture	stage2_up	2245167	0	1	7667	1	0	next	other	0
MAXED_1003 B	152	Picture	stage2_lose	2252834	0	1	10167	1	0	next	other	0
MAXED_1003 B	152	Pulse	99	2260000	7166	NA
MAXED_1003 B	153	Picture	stage1	2263000	0	1	12000	1	0	next	false_alarm	344
MAXED_1003 B	153	Response	2	2274825	11824	1
MAXED_1003 B	154	Picture	stage1_box	2275000	0	1	7667	1	0	next	other	0
MAXED_1003 B	154	Pulse	99	2280000	5000	NA
MAXED_1003 B	155	Picture	stage1_outcome	2282667	0	1	167	1	0	next	other	0
MAXED_1003 B	156	Picture	stage2B	2282834	0	1	17000	1	0	next	false_alarm	349
MAXED_1003 B	156	Response	2	2299704	16870	1
MAXED_1003 B	157	Picture	stage2_box	2299834	0	1	7667	1	0	next	other	0
MAXED_1003 B	157	Pulse	99	2300000	166	NA
MAXED_1003 B	158	Picture	stage2_up	2307500	0	1	7667	1	0	next	other	0
MAXED_1003 B	159	Picture	stage2_lose	2315167	0	1	10167	1	0	next	other	0
MAXED_1003 B	159	Pulse	99	2320000	4833	NA
MAXED_1003 B	160	Picture	stage1	2325334	0	1	10833	1	0	next	false_alarm	356
MAXED_1003 B	160	Response	1	2336104	10770	1
MAXED_1003 B	161	Picture	stage1_box	2336167	0	1	7667	1	0	next	other	0
MAXED_1003 B	161	Pulse	99	2340000	3833	NA
MAXED_1003 B	162	Picture	stage1_outcome	2343834	0	1	167	1	0	next	other	0
MAXED_1003 B	163	Picture	stage2A	2344000	0	1	20500	1	0	next	false_alarm	362
MAXED_1003 B	163	Pulse	99	2360000	16000	NA
MAXED_1003 B	163	Response	1	2364425	20425	1
MAXED_1003 B	164	Picture	stage2_box	2364500	0	1	7667	1	0	next	other	0
MAXED_1003 B	165	Picture	stage2_up	2372167	0	1	7667	1	0	next	other	0
MAXED_1003 B	166	Picture	stage2_lose	2379834	0	1	10167	1	0	next	other	0
MAXED_1003 B	166	Pulse	99	2380000	166	NA
MAXED_1003 B	167	Picture	stage1	2390000	0	1	13167	1	0	next	false_alarm	369
MAXED_1003 B	167	Pulse	99	2400000	10000	NA
MAXED_1003 B	167	Response	1	2402984	12984	1
MAXED_1003 B	168	Picture	stage1_box	2403167	0	1	7667	1	0	next	other	0
MAXED_1003 B	169	Picture	stage1_outcome	2410834	0	1	167	1	0	next	other	0
MAXED_1003 B	170	Picture	stage2A	2411000	0	1	13500	1	0	next	false_alarm	374
MAXED_1003 B	170	Pulse	99	2420000	9000	NA
MAXED_1003 B	170	Response	2	2424344	13344	1
MAXED_1003 B	171	Picture	stage2_box	2424501	0	1	7667	1	0	next	other	0
MAXED_1003 B	172	Picture	stage2_up	2432167	0	1	7667	1	0	next	other	0
MAXED_1003 B	173	Picture	stage2_lose	2439834	0	1	10167	1	0	next	other	0
MAXED_1003 B	173	Pulse	99	2440000	166	NA
MAXED_1003 B	174	Picture	stage1	2450000	0	1	6167	1	0	next	false_alarm	380
MAXED_1003 B	174	Response	1	2456025	6024	1
MAXED_1003 B	175	Picture	stage1_box	2456167	0	1	7667	1	0	next	other	0
MAXED_1003 B	175	Pulse	99	2460000	3833	NA
MAXED_1003 B	176	Picture	stage1_outcome	2463834	0	1	167	1	0	next	other	0
MAXED_1003 B	177	Picture	stage2B	2464001	0	1	11333	1	0	next	false_alarm	385
MAXED_1003 B	177	Response	2	2475224	11223	1
MAXED_1003 B	178	Picture	stage2_box	2475334	0	1	7667	1	0	next	other	0
MAXED_1003 B	178	Pulse	99	2480000	4666	NA
MAXED_1003 B	179	Picture	stage2_up	2483001	0	1	7667	1	0	next	other	0
MAXED_1003 B	180	Picture	stage2_win	2490667	0	1	10167	1	0	next	other	0
MAXED_1003 B	180	Pulse	99	2500000	9333	NA
MAXED_1003 B	181	Picture	stage1	2500834	0	1	11500	1	0	next	false_alarm	392
MAXED_1003 B	181	Response	2	2512183	11350	1
MAXED_1003 B	182	Picture	stage1_box	2512334	0	1	7667	1	0	next	other	0
MAXED_1003 B	182	Pulse	99	2520000	7666	NA
MAXED_1003 B	183	Picture	stage1_outcome	2520001	0	1	167	1	0	next	other	0
MAXED_1003 B	184	Picture	stage2B	2520167	0	1	4833	1	0	next	false_alarm	397
MAXED_1003 B	184	Response	2	2524824	4657	1
MAXED_1003 B	185	Picture	stage2_box	2525001	0	1	7667	1	0	next	other	0
MAXED_1003 B	186	Picture	stage2_up	2532667	0	1	7667	1	0	next	other	0
MAXED_1003 B	186	Pulse	99	2540000	7333	NA
MAXED_1003 B	187	Picture	stage2_lose	2540334	0	1	10167	1	0	next	other	0
MAXED_1003 B	188	Picture	stage1	2550501	0	1	8833	1	0	next	false_alarm	403
MAXED_1003 B	188	Response	2	2559144	8643	1
MAXED_1003 B	189	Picture	stage1_box	2559334	0	1	7667	1	0	next	other	0
MAXED_1003 B	189	Pulse	99	2560000	666	NA
MAXED_1003 B	190	Picture	stage1_outcome	2567001	0	1	167	1	0	next	other	0
MAXED_1003 B	191	Picture	stage2B	2567167	0	1	8667	1	0	next	false_alarm	408
MAXED_1003 B	191	Response	1	2575784	8617	1
MAXED_1003 B	192	Picture	stage2_box	2575834	0	1	7667	1	0	next	other	0
MAXED_1003 B	192	Pulse	99	2580000	4166	NA
MAXED_1003 B	193	Picture	stage2_up	2583501	0	1	7667	1	0	next	other	0
MAXED_1003 B	194	Picture	stage2_win	2591167	0	1	10167	1	0	next	other	0
MAXED_1003 B	194	Pulse	99	2600000	8833	NA
MAXED_1003 B	195	Picture	stage1	2601334	0	1	4500	1	0	next	false_alarm	415
MAXED_1003 B	195	Response	2	2605784	4450	1
MAXED_1003 B	196	Picture	stage1_box	2605834	0	1	7667	1	0	next	other	0
MAXED_1003 B	197	Picture	stage1_outcome	2613501	0	1	167	1	0	next	other	0
MAXED_1003 B	198	Picture	stage2B	2613667	0	1	3667	1	0	next	false_alarm	419
MAXED_1003 B	198	Response	1	2617144	3477	1
MAXED_1003 B	199	Picture	stage2_box	2617334	0	1	7667	1	0	next	other	0
MAXED_1003 B	199	Pulse	99	2620000	2666	NA
MAXED_1003 B	200	Picture	stage2_up	2625001	0	1	7667	1	0	next	other	0
MAXED_1003 B	201	Picture	stage2_win	2632667	0	1	10167	1	0	next	other	0
MAXED_1003 B	201	Pulse	99	2640000	7333	NA
MAXED_1003 B	202	Picture	stage1	2642834	0	1	9833	1	0	next	false_alarm	426
MAXED_1003 B	202	Response	2	2652584	9750	1
MAXED_1003 B	203	Picture	stage1_box	2652667	0	1	7667	1	0	next	other	0
MAXED_1003 B	203	Pulse	99	2660000	7333	NA
MAXED_1003 B	204	Picture	stage1_outcome	2660334	0	1	167	1	0	next	other	0
MAXED_1003 B	205	Picture	stage2B	2660501	0	1	4000	1	0	next	false_alarm	431
MAXED_1003 B	205	Response	1	2664423	3923	1
MAXED_1003 B	206	Picture	stage2_box	2664501	0	1	7667	1	0	next	other	0
MAXED_1003 B	207	Picture	stage2_up	2672167	0	1	7667	1	0	next	other	0
MAXED_1003 B	208	Picture	stage2_win	2679834	0	1	10167	1	0	next	other	0
MAXED_1003 B	208	Pulse	99	2680000	166	NA
MAXED_1003 B	209	Picture	stage1	2690001	0	1	4167	1	0	next	false_alarm	437
MAXED_1003 B	209	Response	2	2694024	4023	1
MAXED_1003 B	210	Picture	stage1_box	2694167	0	1	7667	1	0	next	other	0
MAXED_1003 B	210	Pulse	99	2700000	5833	NA
MAXED_1003 B	211	Picture	stage1_outcome	2701834	0	1	167	1	0	next	other	0
MAXED_1003 B	212	Picture	stage2B	2702001	0	1	4167	1	0	next	false_alarm	442
MAXED_1003 B	212	Response	1	2706104	4103	1
MAXED_1003 B	213	Picture	stage2_box	2706167	0	1	7667	1	0	next	other	0
MAXED_1003 B	214	Picture	stage2_up	2713834	0	1	7667	1	0	next	other	0
MAXED_1003 B	214	Pulse	99	2720000	6166	NA
MAXED_1003 B	215	Picture	stage2_win	2721501	0	1	10167	1	0	next	other	0
MAXED_1003 B	216	Picture	stage1	2731667	0	1	5167	1	0	next	false_alarm	448
MAXED_1003 B	216	Response	2	2736744	5076	1
MAXED_1003 B	217	Picture	stage1_box	2736834	0	1	7667	1	0	next	other	0
MAXED_1003 B	217	Pulse	99	2740000	3166	NA
MAXED_1003 B	218	Picture	stage1_outcome	2744501	0	1	167	1	0	next	other	0
MAXED_1003 B	219	Picture	stage2B	2744667	0	1	4000	1	0	next	false_alarm	453
MAXED_1003 B	219	Response	1	2748504	3836	1
MAXED_1003 B	220	Picture	stage2_box	2748667	0	1	7667	1	0	next	other	0
MAXED_1003 B	221	Picture	stage2_up	2756334	0	1	7667	1	0	next	other	0
MAXED_1003 B	221	Pulse	99	2760000	3666	NA
MAXED_1003 B	222	Picture	stage2_win	2764001	0	1	10167	1	0	next	other	0
MAXED_1003 B	223	Pulse	99	2780000	5833	NA
MAXED_1003 B	223	Pulse	99	2800000	25833	NA
MAXED_1003 B	223	Response	1	2818424	44256	1
MAXED_1003 B	223	Pulse	99	2820000	45833	NA
MAXED_1003 B	223	Response	88	2826423	52256	1
