Scenario - 
Logfile written - 06/16/2021 17:17:59

Subject	Trial	Event Type	Code	Time	TTime	Uncertainty	Duration	Uncertainty	ReqTime	ReqDur	Stim Type	Pair Index

MAXED_1003	0	Pulse	99	0	0	NA
MAXED_1003	1	Picture	instructions_1	333	0	1	243333	1	0	next	false_alarm	15
MAXED_1003	1	Pulse	99	20000	19667	NA
MAXED_1003	1	Pulse	99	40000	39667	NA
MAXED_1003	1	Pulse	99	60000	59667	NA
MAXED_1003	1	Pulse	99	80000	79667	NA
MAXED_1003	1	Pulse	99	100000	99667	NA
MAXED_1003	1	Pulse	99	120000	119667	NA
MAXED_1003	1	Pulse	99	140000	139667	NA
MAXED_1003	1	Pulse	99	160000	159667	NA
MAXED_1003	1	Pulse	99	180000	179667	NA
MAXED_1003	1	Pulse	99	200000	199667	NA
MAXED_1003	1	Pulse	99	220000	219667	NA
MAXED_1003	1	Pulse	99	240000	239667	NA
MAXED_1003	1	Response	88	243487	243154	1
MAXED_1003	2	Picture	instructions_2	243667	0	1	49667	1	0	next	false_alarm	19
MAXED_1003	2	Pulse	99	260000	16333	NA
MAXED_1003	2	Pulse	99	280000	36333	NA
MAXED_1003	2	Response	88	293087	49421	1
MAXED_1003	3	Picture	instructions_3	293333	0	1	70167	1	0	next	false_alarm	25
MAXED_1003	3	Pulse	99	300000	6667	NA
MAXED_1003	3	Pulse	99	320000	26667	NA
MAXED_1003	3	Pulse	99	340000	46667	NA
MAXED_1003	3	Pulse	99	360000	66667	NA
MAXED_1003	3	Response	88	363407	70074	1
MAXED_1003	4	Picture	instructions_4	363500	0	1	64167	1	0	next	false_alarm	30
MAXED_1003	4	Pulse	99	380000	16500	NA
MAXED_1003	4	Pulse	99	400000	36500	NA
MAXED_1003	4	Pulse	99	420000	56500	NA
MAXED_1003	4	Response	88	427487	63987	1
MAXED_1003	5	Picture	instructions_5	427667	0	1	163500	1	0	next	false_alarm	40
MAXED_1003	5	Pulse	99	440000	12333	NA
MAXED_1003	5	Pulse	99	460000	32333	NA
MAXED_1003	5	Pulse	99	480000	52333	NA
MAXED_1003	5	Pulse	99	500000	72333	NA
MAXED_1003	5	Pulse	99	520000	92333	NA
MAXED_1003	5	Pulse	99	540000	112333	NA
MAXED_1003	5	Pulse	99	560000	132333	NA
MAXED_1003	5	Pulse	99	580000	152333	NA
MAXED_1003	5	Response	88	590927	163260	1
MAXED_1003	6	Picture	instructions_6	591167	0	1	31000	1	0	next	false_alarm	44
MAXED_1003	6	Pulse	99	600000	8833	NA
MAXED_1003	6	Pulse	99	620000	28833	NA
MAXED_1003	6	Response	88	621887	30720	1
MAXED_1003	7	Picture	instructions_7	622167	0	1	117167	1	0	next	false_alarm	51
MAXED_1003	7	Pulse	99	640000	17833	NA
MAXED_1003	7	Pulse	99	660000	37833	NA
MAXED_1003	7	Pulse	99	680000	57833	NA
MAXED_1003	7	Pulse	99	700000	77833	NA
MAXED_1003	7	Pulse	99	720000	97833	NA
MAXED_1003	7	Response	88	739167	117000	1
MAXED_1003	8	Picture	instructions_8	739333	0	1	51500	1	0	next	false_alarm	56
MAXED_1003	8	Pulse	99	740000	667	NA
MAXED_1003	8	Pulse	99	760000	20667	NA
MAXED_1003	8	Pulse	99	780000	40667	NA
MAXED_1003	8	Response	88	790606	51273	1
MAXED_1003	9	Picture	instructions_9	790833	0	1	37667	1	0	next	false_alarm	60
MAXED_1003	9	Pulse	99	800000	9167	NA
MAXED_1003	9	Pulse	99	820000	29167	NA
MAXED_1003	9	Response	88	828287	37453	1
MAXED_1003	10	Picture	instructions_10	828500	0	1	68667	1	0	next	false_alarm	65
MAXED_1003	10	Pulse	99	840000	11500	NA
MAXED_1003	10	Pulse	99	860000	31500	NA
MAXED_1003	10	Pulse	99	880000	51500	NA
MAXED_1003	10	Response	88	897007	68507	1
MAXED_1003	11	Picture	instructions_11	897167	0	1	69833	1	0	next	false_alarm	71
MAXED_1003	11	Pulse	99	900000	2833	NA
MAXED_1003	11	Pulse	99	920000	22833	NA
MAXED_1003	11	Pulse	99	940000	42833	NA
MAXED_1003	11	Pulse	99	960000	62833	NA
MAXED_1003	11	Response	88	966927	69760	1
MAXED_1003	12	Picture	instructions_12	967000	0	1	39333	1	0	next	false_alarm	75
MAXED_1003	12	Pulse	99	980000	13000	NA
MAXED_1003	12	Pulse	99	1000000	33000	NA
MAXED_1003	12	Response	88	1005966	38966	1
MAXED_1003	13	Picture	instructions_13	1006333	0	1	61000	1	0	next	false_alarm	80
MAXED_1003	13	Pulse	99	1020000	13667	NA
MAXED_1003	13	Pulse	99	1040000	33667	NA
MAXED_1003	13	Pulse	99	1060000	53667	NA
MAXED_1003	13	Response	88	1067166	60833	1
MAXED_1003	14	Picture	instructions_14	1067333	0	1	19167	1	0	next	false_alarm	83
MAXED_1003	14	Pulse	99	1080000	12667	NA
MAXED_1003	14	Response	88	1086206	18873	1
MAXED_1003	15	Picture	instructions_15	1086500	0	1	87167	1	0	next	false_alarm	89
MAXED_1003	15	Pulse	99	1100000	13500	NA
MAXED_1003	15	Pulse	99	1120000	33500	NA
MAXED_1003	15	Pulse	99	1140000	53500	NA
MAXED_1003	15	Pulse	99	1160000	73500	NA
MAXED_1003	15	Response	88	1173486	86986	1
MAXED_1003	16	Picture	instructions_16	1173667	0	1	37500	1	0	next	false_alarm	93
MAXED_1003	16	Pulse	99	1180000	6333	NA
MAXED_1003	16	Pulse	99	1200000	26333	NA
MAXED_1003	16	Response	88	1210846	37180	1
MAXED_1003	17	Picture	instructions_17	1211167	0	1	13500	1	0	next	false_alarm	96
MAXED_1003	17	Pulse	99	1220000	8833	NA
MAXED_1003	17	Response	88	1224366	13199	1
MAXED_1003	18	Picture	instructions_18	1224667	0	1	58000	1	0	next	false_alarm	101
MAXED_1003	18	Pulse	99	1240000	15333	NA
MAXED_1003	18	Pulse	99	1260000	35333	NA
MAXED_1003	18	Pulse	99	1280000	55333	NA
MAXED_1003	18	Response	88	1282446	57779	1
MAXED_1003	19	Picture	instructions_19	1282667	0	1	80167	1	0	next	false_alarm	107
MAXED_1003	19	Pulse	99	1300000	17333	NA
MAXED_1003	19	Pulse	99	1320000	37333	NA
MAXED_1003	19	Pulse	99	1340000	57333	NA
MAXED_1003	19	Pulse	99	1360000	77333	NA
MAXED_1003	19	Response	88	1362766	80099	1
MAXED_1003	20	Picture	instructions_20	1362834	0	1	74500	1	0	next	false_alarm	112
MAXED_1003	20	Pulse	99	1380000	17166	NA
MAXED_1003	20	Pulse	99	1400000	37166	NA
MAXED_1003	20	Pulse	99	1420000	57166	NA
MAXED_1003	20	Response	88	1437166	74333	1
MAXED_1003	21	Picture	instructions_21	1437334	0	1	42500	1	0	next	false_alarm	116
MAXED_1003	21	Pulse	99	1440000	2666	NA
MAXED_1003	21	Pulse	99	1460000	22666	NA
MAXED_1003	21	Response	88	1479486	42152	1
MAXED_1003	22	Picture	instructions_22	1479834	0	1	22500	1	0	next	false_alarm	120
MAXED_1003	22	Pulse	99	1480000	166	NA
MAXED_1003	22	Pulse	99	1500000	20166	NA
MAXED_1003	22	Response	88	1502126	22293	1
MAXED_1003	23	Picture	instructions_23	1502334	0	1	65833	1	0	next	false_alarm	125
MAXED_1003	23	Pulse	99	1520000	17666	NA
MAXED_1003	23	Pulse	99	1540000	37666	NA
MAXED_1003	23	Pulse	99	1560000	57666	NA
MAXED_1003	23	Response	88	1568046	65713	1
MAXED_1003	24	Picture	instructions_24	1568167	0	1	66000	1	0	next	false_alarm	130
MAXED_1003	24	Pulse	99	1580000	11833	NA
MAXED_1003	24	Pulse	99	1600000	31833	NA
MAXED_1003	24	Pulse	99	1620000	51833	NA
MAXED_1003	24	Response	88	1633966	65799	1
MAXED_1003	25	Picture	instructions_25	1634167	0	1	43667	1	0	next	false_alarm	134
MAXED_1003	25	Pulse	99	1640000	5833	NA
MAXED_1003	25	Pulse	99	1660000	25833	NA
MAXED_1003	25	Response	88	1677566	43399	1
MAXED_1003	26	Picture	instructions_26	1677834	0	1	101667	1	0	next	false_alarm	141
MAXED_1003	26	Pulse	99	1680000	2166	NA
MAXED_1003	26	Pulse	99	1700000	22166	NA
MAXED_1003	26	Pulse	99	1720000	42166	NA
MAXED_1003	26	Pulse	99	1740000	62166	NA
MAXED_1003	26	Pulse	99	1760000	82166	NA
MAXED_1003	26	Response	88	1779326	101492	1
MAXED_1003	27	Picture	instructions_27	1779500	0	1	40667	1	0	next	false_alarm	145
MAXED_1003	27	Pulse	99	1780000	500	NA
MAXED_1003	27	Pulse	99	1800000	20500	NA
MAXED_1003	27	Response	88	1819805	40305	1
MAXED_1003	27	Pulse	99	1820000	40500	NA
MAXED_1003	28	Picture	instructions_28	1820167	0	1	16167	1	0	next	false_alarm	148
MAXED_1003	28	Response	88	1836045	15878	1
MAXED_1003	29	Picture	instructions_29	1836334	0	1	33000	1	0	next	false_alarm	152
MAXED_1003	29	Pulse	99	1840000	3666	NA
MAXED_1003	29	Pulse	99	1860000	23666	NA
MAXED_1003	29	Response	88	1869246	32912	1
MAXED_1003	30	Picture	instructions_30	1869334	0	1	150667	1	0	next	false_alarm	161
MAXED_1003	30	Pulse	99	1880000	10666	NA
MAXED_1003	30	Pulse	99	1900000	30666	NA
MAXED_1003	30	Pulse	99	1920000	50666	NA
MAXED_1003	30	Pulse	99	1940000	70666	NA
MAXED_1003	30	Pulse	99	1960000	90666	NA
MAXED_1003	30	Pulse	99	1980000	110666	NA
MAXED_1003	30	Pulse	99	2000000	130666	NA
MAXED_1003	30	Response	88	2019886	150552	1
MAXED_1003	30	Pulse	99	2020000	150666	NA
MAXED_1003	31	Picture	instructions_31	2020000	0	1	46833	1	0	next	false_alarm	166
MAXED_1003	31	Pulse	99	2040000	20000	NA
MAXED_1003	31	Pulse	99	2060000	40000	NA
MAXED_1003	31	Response	88	2066606	46605	1
MAXED_1003	32	Picture	instructions_32	2066834	0	1	64167	1	0	next	false_alarm	171
MAXED_1003	32	Pulse	99	2080000	13166	NA
MAXED_1003	32	Pulse	99	2100000	33166	NA
MAXED_1003	32	Pulse	99	2120000	53166	NA
MAXED_1003	32	Response	88	2130926	64092	1
MAXED_1003	33	Picture	instructions_33	2131000	0	1	43667	1	0	next	false_alarm	175
MAXED_1003	33	Pulse	99	2140000	9000	NA
MAXED_1003	33	Pulse	99	2160000	29000	NA
MAXED_1003	33	Response	88	2174365	43365	1
MAXED_1003	34	Picture	instructions_34	2174667	0	1	60167	1	0	next	false_alarm	180
MAXED_1003	34	Pulse	99	2180000	5333	NA
MAXED_1003	34	Pulse	99	2200000	25333	NA
MAXED_1003	34	Pulse	99	2220000	45333	NA
MAXED_1003	34	Response	88	2234685	60018	1
MAXED_1003	35	Picture	instructions_35	2234834	0	1	81000	1	0	next	false_alarm	186
MAXED_1003	35	Pulse	99	2240000	5166	NA
MAXED_1003	35	Pulse	99	2260000	25166	NA
MAXED_1003	35	Pulse	99	2280000	45166	NA
MAXED_1003	35	Pulse	99	2300000	65166	NA
MAXED_1003	35	Response	88	2315645	80811	1
MAXED_1003	36	Picture	instructions_36	2315834	0	1	90500	1	0	next	false_alarm	193
MAXED_1003	36	Pulse	99	2320000	4166	NA
MAXED_1003	36	Pulse	99	2340000	24166	NA
MAXED_1003	36	Pulse	99	2360000	44166	NA
MAXED_1003	36	Pulse	99	2380000	64166	NA
MAXED_1003	36	Pulse	99	2400000	84166	NA
MAXED_1003	36	Response	88	2406125	90291	1
MAXED_1003	37	Picture	instructions_37	2406334	0	1	20000	1	0	next	false_alarm	196
MAXED_1003	37	Pulse	99	2420000	13666	NA
MAXED_1003	37	Response	88	2426125	19791	1
MAXED_1003	38	Picture	instructions_38	2426334	0	1	26667	1	0	next	false_alarm	199
MAXED_1003	38	Pulse	99	2440000	13666	NA
MAXED_1003	38	Response	88	2452765	26431	1
MAXED_1003	39	Picture	instructions_39	2453001	0	1	162500	1	0	next	false_alarm	209
MAXED_1003	39	Pulse	99	2460000	6999	NA
MAXED_1003	39	Pulse	99	2480000	26999	NA
MAXED_1003	39	Pulse	99	2500000	46999	NA
MAXED_1003	39	Pulse	99	2520000	66999	NA
MAXED_1003	39	Pulse	99	2540000	86999	NA
MAXED_1003	39	Pulse	99	2560000	106999	NA
MAXED_1003	39	Pulse	99	2580000	126999	NA
MAXED_1003	39	Pulse	99	2600000	146999	NA
MAXED_1003	39	Response	88	2615405	162405	1
MAXED_1003	40	Picture	instructions_40	2615501	0	1	46000	1	0	next	false_alarm	214
MAXED_1003	40	Pulse	99	2620000	4499	NA
MAXED_1003	40	Pulse	99	2640000	24499	NA
MAXED_1003	40	Pulse	99	2660000	44499	NA
MAXED_1003	40	Response	88	2661325	45825	1
MAXED_1003	41	Picture	instructions_41	2661501	0	1	37167	1	0	next	false_alarm	217
MAXED_1003	41	Pulse	99	2680000	18499	NA
MAXED_1003	41	Response	88	2698525	37024	1
MAXED_1003	42	Picture	instructions_42	2698667	0	1	56000	1	0	next	false_alarm	222
MAXED_1003	42	Pulse	99	2700000	1333	NA
MAXED_1003	42	Pulse	99	2720000	21333	NA
MAXED_1003	42	Pulse	99	2740000	41333	NA
MAXED_1003	42	Response	88	2754445	55778	1
MAXED_1003	43	Picture	instructions_43	2754667	0	1	42500	1	0	next	false_alarm	226
MAXED_1003	43	Pulse	99	2760000	5333	NA
MAXED_1003	43	Pulse	99	2780000	25333	NA
MAXED_1003	43	Response	88	2797085	42418	1
MAXED_1003	44	Picture	instructions_44	2797167	0	1	77667	1	0	next	false_alarm	232
MAXED_1003	44	Pulse	99	2800000	2833	NA
MAXED_1003	44	Pulse	99	2820000	22833	NA
MAXED_1003	44	Pulse	99	2840000	42833	NA
MAXED_1003	44	Pulse	99	2860000	62833	NA
MAXED_1003	44	Response	88	2874765	77598	1
MAXED_1003	45	Picture	instructions_45	2874834	0	1	67500	1	0	next	false_alarm	238
MAXED_1003	45	Pulse	99	2880000	5166	NA
MAXED_1003	45	Pulse	99	2900000	25166	NA
MAXED_1003	45	Pulse	99	2920000	45166	NA
MAXED_1003	45	Pulse	99	2940000	65166	NA
MAXED_1003	45	Response	88	2942205	67371	1
MAXED_1003	46	Picture	instructions_46	2942334	0	1	24833	1	0	next	false_alarm	241
MAXED_1003	46	Pulse	99	2960000	17666	NA
MAXED_1003	46	Response	88	2967005	24671	1
MAXED_1003	47	Picture	fixation	2967167	0	1	5333	1	0	next	other	0
MAXED_1003	48	Picture	stage1	2972501	0	1	17167	1	0	next	false_alarm	245
MAXED_1003	48	Pulse	99	2980000	7499	NA
MAXED_1003	48	Response	1	2989485	16984	1
MAXED_1003	49	Picture	stage1_box	2989667	0	1	7667	1	0	next	other	0
MAXED_1003	50	Picture	stage1_outcome	2997334	0	1	333	1	0	next	other	0
MAXED_1003	51	Picture	stage2B	2997667	0	1	15333	1	0	next	false_alarm	250
MAXED_1003	51	Pulse	99	3000000	2333	NA
MAXED_1003	51	Response	1	3012844	15177	1
MAXED_1003	52	Picture	stage2_box	3013001	0	1	7667	1	0	next	other	0
MAXED_1003	52	Pulse	99	3020000	6999	NA
MAXED_1003	53	Picture	stage2_up	3020667	0	1	7667	1	0	next	other	0
MAXED_1003	54	Picture	stage2_win	3028334	0	1	10167	1	0	next	other	0
MAXED_1003	55	Picture	stage1	3038501	0	1	16833	1	0	next	false_alarm	257
MAXED_1003	55	Pulse	99	3040000	1499	NA
MAXED_1003	55	Response	1	3055245	16744	1
MAXED_1003	56	Picture	stage1_box	3055334	0	1	7667	1	0	next	other	0
MAXED_1003	56	Pulse	99	3060000	4666	NA
MAXED_1003	57	Picture	stage1_outcome	3063001	0	1	167	1	0	next	other	0
MAXED_1003	58	Picture	stage2A	3063167	0	1	13167	1	0	next	false_alarm	262
MAXED_1003	58	Response	2	3076204	13037	1
MAXED_1003	59	Picture	stage2_box	3076334	0	1	7667	1	0	next	other	0
MAXED_1003	59	Pulse	99	3080000	3666	NA
MAXED_1003	60	Picture	stage2_up	3084001	0	1	7667	1	0	next	other	0
MAXED_1003	61	Picture	stage2_win	3091667	0	1	10167	1	0	next	other	0
MAXED_1003	61	Pulse	99	3100000	8333	NA
MAXED_1003	62	Picture	stage1	3101834	0	1	7667	1	0	next	false_alarm	269
MAXED_1003	62	Response	2	3109404	7570	1
MAXED_1003	63	Picture	stage1_box	3109501	0	1	7667	1	0	next	other	0
MAXED_1003	64	Picture	stage1_outcome	3117167	0	1	167	1	0	next	other	0
MAXED_1003	65	Picture	stage2B	3117334	0	1	10167	1	0	next	false_alarm	274
MAXED_1003	65	Pulse	99	3120000	2666	NA
MAXED_1003	65	Response	1	3127324	9990	1
MAXED_1003	66	Picture	stage2_box	3127501	0	1	7667	1	0	next	other	0
MAXED_1003	67	Picture	stage2_up	3135167	0	1	7667	1	0	next	other	0
MAXED_1003	67	Pulse	99	3140000	4833	NA
MAXED_1003	68	Picture	stage2_win	3142834	0	1	10167	1	0	next	other	0
MAXED_1003	69	Picture	stage1	3153001	0	1	8833	1	0	next	false_alarm	281
MAXED_1003	69	Pulse	99	3160000	6999	NA
MAXED_1003	69	Response	2	3161724	8724	1
MAXED_1003	70	Picture	stage1_box	3161834	0	1	7667	1	0	next	other	0
MAXED_1003	71	Picture	stage1_outcome	3169501	0	1	167	1	0	next	other	0
MAXED_1003	72	Picture	stage2B	3169667	0	1	5667	1	0	next	false_alarm	285
MAXED_1003	72	Response	1	3175244	5577	1
MAXED_1003	73	Picture	stage2_box	3175334	0	1	7667	1	0	next	other	0
MAXED_1003	73	Pulse	99	3180000	4666	NA
MAXED_1003	74	Picture	stage2_up	3183001	0	1	7667	1	0	next	other	0
MAXED_1003	75	Picture	stage2_win	3190667	0	1	10167	1	0	next	other	0
MAXED_1003	75	Pulse	99	3200000	9333	NA
MAXED_1003	76	Picture	stage1	3200834	0	1	3333	1	0	next	false_alarm	292
MAXED_1003	76	Response	1	3204044	3210	1
MAXED_1003	77	Picture	stage1_box	3204167	0	1	7667	1	0	next	other	0
MAXED_1003	78	Picture	stage1_outcome	3211834	0	1	167	1	0	next	other	0
MAXED_1003	79	Picture	stage2A	3212001	0	1	11333	1	0	next	false_alarm	297
MAXED_1003	79	Pulse	99	3220000	7999	NA
MAXED_1003	79	Response	2	3223244	11244	1
MAXED_1003	80	Picture	stage2_box	3223334	0	1	7667	1	0	next	other	0
MAXED_1003	81	Picture	stage2_up	3231001	0	1	7667	1	0	next	other	0
MAXED_1003	82	Picture	stage2_lose	3238667	0	1	10167	1	0	next	other	0
MAXED_1003	82	Pulse	99	3240000	1333	NA
MAXED_1003	83	Picture	stage1	3248834	0	1	5333	1	0	next	false_alarm	303
MAXED_1003	83	Response	1	3254124	5290	1
MAXED_1003	84	Picture	stage1_box	3254167	0	1	7667	1	0	next	other	0
MAXED_1003	84	Pulse	99	3260000	5833	NA
MAXED_1003	85	Picture	stage1_outcome	3261834	0	1	167	1	0	next	other	0
MAXED_1003	86	Picture	stage2A	3262001	0	1	10000	1	0	next	false_alarm	308
MAXED_1003	86	Response	1	3271804	9804	1
MAXED_1003	87	Picture	stage2_box	3272001	0	1	7667	1	0	next	other	0
MAXED_1003	88	Picture	stage2_up	3279667	0	1	7667	1	0	next	other	0
MAXED_1003	88	Pulse	99	3280000	333	NA
MAXED_1003	89	Picture	stage2_lose	3287334	0	1	10167	1	0	next	other	0
MAXED_1003	90	Picture	stage1	3297501	0	1	6000	1	0	next	false_alarm	315
MAXED_1003	90	Pulse	99	3300000	2499	NA
MAXED_1003	90	Response	2	3303324	5824	1
MAXED_1003	91	Picture	stage1_box	3303501	0	1	7667	1	0	next	other	0
MAXED_1003	92	Picture	stage1_outcome	3311167	0	1	167	1	0	next	other	0
MAXED_1003	93	Picture	stage2B	3311334	0	1	8667	1	0	next	false_alarm	319
MAXED_1003	93	Response	1	3319964	8630	1
MAXED_1003	93	Pulse	99	3320000	8666	NA
MAXED_1003	94	Picture	stage2_box	3320001	0	1	7667	1	0	next	other	0
MAXED_1003	95	Picture	stage2_up	3327667	0	1	7667	1	0	next	other	0
MAXED_1003	96	Picture	stage2_lose	3335334	0	1	10167	1	0	next	other	0
MAXED_1003	96	Pulse	99	3340000	4666	NA
MAXED_1003	97	Picture	stage1	3345501	0	1	5000	1	0	next	false_alarm	326
MAXED_1003	97	Response	2	3350365	4864	1
MAXED_1003	98	Picture	stage1_box	3350501	0	1	7667	1	0	next	other	0
MAXED_1003	99	Picture	stage1_outcome	3358167	0	1	167	1	0	next	other	0
MAXED_1003	100	Picture	stage2B	3358334	0	1	14167	1	0	next	false_alarm	331
MAXED_1003	100	Pulse	99	3360000	1666	NA
MAXED_1003	100	Response	2	3372364	14030	1
MAXED_1003	101	Picture	stage2_box	3372501	0	1	7667	1	0	next	other	0
MAXED_1003	101	Pulse	99	3380000	7499	NA
MAXED_1003	102	Picture	stage2_up	3380167	0	1	7667	1	0	next	other	0
MAXED_1003	103	Picture	stage2_lose	3387834	0	1	10167	1	0	next	other	0
MAXED_1003	104	Picture	stage1	3398001	0	1	6333	1	0	next	false_alarm	338
MAXED_1003	104	Pulse	99	3400000	1999	NA
MAXED_1003	104	Response	1	3404204	6203	1
MAXED_1003	105	Picture	stage1_box	3404334	0	1	7667	1	0	next	other	0
MAXED_1003	106	Picture	stage1_outcome	3412001	0	1	167	1	0	next	other	0
MAXED_1003	107	Picture	stage2A	3412167	0	1	11667	1	0	next	false_alarm	343
MAXED_1003	107	Pulse	99	3420000	7833	NA
MAXED_1003	107	Response	1	3423644	11476	1
MAXED_1003	108	Picture	stage2_box	3423834	0	1	7667	1	0	next	other	0
MAXED_1003	109	Picture	stage2_up	3431501	0	1	7667	1	0	next	other	0
MAXED_1003	110	Picture	stage2_win	3439167	0	1	10167	1	0	next	other	0
MAXED_1003	110	Pulse	99	3440000	833	NA
MAXED_1003	111	Picture	stage1	3449334	0	1	6167	1	0	next	false_alarm	349
MAXED_1003	111	Response	1	3455324	5990	1
MAXED_1003	112	Picture	stage1_box	3455501	0	1	7667	1	0	next	other	0
MAXED_1003	112	Pulse	99	3460000	4499	NA
MAXED_1003	113	Picture	stage1_outcome	3463167	0	1	167	1	0	next	other	0
MAXED_1003	114	Picture	stage2B	3463334	0	1	9167	1	0	next	false_alarm	354
MAXED_1003	114	Response	1	3472443	9109	1
MAXED_1003	115	Picture	stage2_box	3472501	0	1	7667	1	0	next	other	0
MAXED_1003	115	Pulse	99	3480000	7499	NA
MAXED_1003	116	Picture	stage2_up	3480168	0	1	7667	1	0	next	other	0
MAXED_1003	117	Picture	stage2_lose	3487834	0	1	10167	1	0	next	other	0
MAXED_1003	118	Picture	stage1	3498001	0	1	5000	1	0	next	false_alarm	361
MAXED_1003	118	Pulse	99	3500000	1999	NA
MAXED_1003	118	Response	2	3502844	4843	1
MAXED_1003	119	Picture	stage1_box	3503001	0	1	7667	1	0	next	other	0
MAXED_1003	120	Picture	stage1_outcome	3510667	0	1	167	1	0	next	other	0
MAXED_1003	121	Picture	stage2B	3510834	0	1	8000	1	0	next	false_alarm	365
MAXED_1003	121	Response	2	3518763	7929	1
MAXED_1003	122	Picture	stage2_box	3518834	0	1	7667	1	0	next	other	0
MAXED_1003	122	Pulse	99	3520000	1166	NA
MAXED_1003	123	Picture	stage2_up	3526501	0	1	7667	1	0	next	other	0
MAXED_1003	124	Picture	stage2_win	3534168	0	1	10167	1	0	next	other	0
MAXED_1003	124	Pulse	99	3540000	5832	NA
MAXED_1003	125	Picture	stage1	3544334	0	1	3333	1	0	next	false_alarm	372
MAXED_1003	125	Response	1	3547564	3230	1
MAXED_1003	126	Picture	stage1_box	3547668	0	1	7667	1	0	next	other	0
MAXED_1003	127	Picture	stage1_outcome	3555334	0	1	167	1	0	next	other	0
MAXED_1003	128	Picture	stage2A	3555501	0	1	5667	1	0	next	false_alarm	377
MAXED_1003	128	Pulse	99	3560000	4499	NA
MAXED_1003	128	Response	2	3561084	5583	1
MAXED_1003	129	Picture	stage2_box	3561168	0	1	7667	1	0	next	other	0
MAXED_1003	130	Picture	stage2_up	3568834	0	1	7667	1	0	next	other	0
MAXED_1003	131	Picture	stage2_win	3576501	0	1	10167	1	0	next	other	0
MAXED_1003	131	Pulse	99	3580000	3499	NA
MAXED_1003	132	Picture	stage1	3586668	0	1	6333	1	0	next	false_alarm	383
MAXED_1003	132	Response	2	3592924	6257	1
MAXED_1003	133	Picture	stage1_box	3593001	0	1	7667	1	0	next	other	0
MAXED_1003	133	Pulse	99	3600000	6999	NA
MAXED_1003	134	Picture	stage1_outcome	3600668	0	1	167	1	0	next	other	0
MAXED_1003	135	Picture	stage2B	3600834	0	1	5167	1	0	next	false_alarm	388
MAXED_1003	135	Response	2	3605964	5130	1
MAXED_1003	136	Picture	stage2_box	3606001	0	1	7667	1	0	next	other	0
MAXED_1003	137	Picture	stage2_up	3613668	0	1	7667	1	0	next	other	0
MAXED_1003	137	Pulse	99	3620000	6332	NA
MAXED_1003	138	Picture	stage2_lose	3621334	0	1	10167	1	0	next	other	0
MAXED_1003	139	Picture	stage1	3631501	0	1	3167	1	0	next	false_alarm	394
MAXED_1003	139	Response	2	3634523	3022	1
MAXED_1003	140	Picture	stage1_box	3634668	0	1	7667	1	0	next	other	0
MAXED_1003	140	Pulse	99	3640000	5332	NA
MAXED_1003	141	Picture	stage1_outcome	3642334	0	1	167	1	0	next	other	0
MAXED_1003	142	Picture	stage2B	3642501	0	1	4667	1	0	next	false_alarm	399
MAXED_1003	142	Response	1	3647004	4503	1
MAXED_1003	143	Picture	stage2_box	3647168	0	1	7667	1	0	next	other	0
MAXED_1003	144	Picture	stage2_up	3654834	0	1	7667	1	0	next	other	0
MAXED_1003	144	Pulse	99	3660000	5166	NA
MAXED_1003	145	Picture	stage2_win	3662501	0	1	10167	1	0	next	other	0
MAXED_1003	146	Picture	stage1	3672668	0	1	4833	1	0	next	false_alarm	405
MAXED_1003	146	Response	1	3677324	4656	1
MAXED_1003	147	Picture	stage1_box	3677501	0	1	7667	1	0	next	other	0
MAXED_1003	147	Pulse	99	3680000	2499	NA
MAXED_1003	148	Picture	stage1_outcome	3685168	0	1	167	1	0	next	other	0
MAXED_1003	149	Picture	stage2A	3685334	0	1	6333	1	0	next	false_alarm	410
MAXED_1003	149	Response	1	3691564	6230	1
MAXED_1003	150	Picture	stage2_box	3691668	0	1	7667	1	0	next	other	0
MAXED_1003	151	Picture	stage2_up	3699334	0	1	7667	1	0	next	other	0
MAXED_1003	151	Pulse	99	3700000	666	NA
MAXED_1003	152	Picture	stage2_lose	3707001	0	1	10167	1	0	next	other	0
MAXED_1003	153	Picture	stage1	3717168	0	1	5500	1	0	next	false_alarm	417
MAXED_1003	153	Pulse	99	3720000	2832	NA
MAXED_1003	153	Response	1	3722524	5356	1
MAXED_1003	154	Picture	stage1_box	3722668	0	1	7667	1	0	next	other	0
MAXED_1003	155	Picture	stage1_outcome	3730334	0	1	167	1	0	next	other	0
MAXED_1003	156	Picture	stage2B	3730501	0	1	6333	1	0	next	false_alarm	421
MAXED_1003	156	Response	2	3736684	6183	1
MAXED_1003	157	Picture	stage2_box	3736834	0	1	7667	1	0	next	other	0
MAXED_1003	157	Pulse	99	3740000	3166	NA
MAXED_1003	158	Picture	stage2_up	3744501	0	1	7667	1	0	next	other	0
MAXED_1003	159	Picture	stage2_lose	3752168	0	1	10167	1	0	next	other	0
MAXED_1003	159	Pulse	99	3760000	7832	NA
MAXED_1003	160	Picture	stage1	3762334	0	1	3000	1	0	next	false_alarm	428
MAXED_1003	160	Response	1	3765244	2910	1
MAXED_1003	161	Picture	stage1_box	3765334	0	1	7667	1	0	next	other	0
MAXED_1003	162	Picture	stage1_outcome	3773001	0	1	167	1	0	next	other	0
MAXED_1003	163	Picture	stage2A	3773168	0	1	3833	1	0	next	false_alarm	432
MAXED_1003	163	Response	1	3776844	3676	1
MAXED_1003	164	Picture	stage2_box	3777001	0	1	7667	1	0	next	other	0
MAXED_1003	164	Pulse	99	3780000	2999	NA
MAXED_1003	165	Picture	stage2_up	3784668	0	1	7667	1	0	next	other	0
MAXED_1003	166	Picture	stage2_lose	3792334	0	1	10167	1	0	next	other	0
MAXED_1003	166	Pulse	99	3800000	7666	NA
MAXED_1003	167	Picture	stage1	3802501	0	1	3000	1	0	next	false_alarm	439
MAXED_1003	167	Response	1	3805324	2823	1
MAXED_1003	168	Picture	stage1_box	3805501	0	1	7667	1	0	next	other	0
MAXED_1003	169	Picture	stage1_outcome	3813168	0	1	167	1	0	next	other	0
MAXED_1003	170	Picture	stage2B	3813334	0	1	2500	1	0	next	false_alarm	443
MAXED_1003	170	Response	2	3815724	2390	1
MAXED_1003	171	Picture	stage2_box	3815834	0	1	7667	1	0	next	other	0
MAXED_1003	171	Pulse	99	3820000	4166	NA
MAXED_1003	172	Picture	stage2_up	3823501	0	1	7667	1	0	next	other	0
MAXED_1003	173	Picture	stage2_win	3831168	0	1	10167	1	0	next	other	0
MAXED_1003	173	Pulse	99	3840000	8832	NA
MAXED_1003	174	Picture	stage1	3841334	0	1	6500	1	0	next	false_alarm	450
MAXED_1003	174	Response	2	3847724	6390	1
MAXED_1003	175	Picture	stage1_box	3847834	0	1	7667	1	0	next	other	0
MAXED_1003	176	Picture	stage1_outcome	3855501	0	1	167	1	0	next	other	0
MAXED_1003	177	Picture	stage2A	3855668	0	1	10667	1	0	next	false_alarm	455
MAXED_1003	177	Pulse	99	3860000	4332	NA
MAXED_1003	177	Response	2	3866204	10536	1
MAXED_1003	178	Picture	stage2_box	3866334	0	1	7667	1	0	next	other	0
MAXED_1003	179	Picture	stage2_up	3874001	0	1	7667	1	0	next	other	0
MAXED_1003	179	Pulse	99	3880000	5999	NA
MAXED_1003	180	Picture	stage2_win	3881668	0	1	10167	1	0	next	other	0
MAXED_1003	181	Picture	stage1	3891834	0	1	4167	1	0	next	false_alarm	461
MAXED_1003	181	Response	1	3895963	4129	1
MAXED_1003	182	Picture	stage1_box	3896001	0	1	7667	1	0	next	other	0
MAXED_1003	182	Pulse	99	3900000	3999	NA
MAXED_1003	183	Picture	stage1_outcome	3903668	0	1	167	1	0	next	other	0
MAXED_1003	184	Picture	stage2B	3903834	0	1	8333	1	0	next	false_alarm	466
MAXED_1003	184	Response	2	3912044	8209	1
MAXED_1003	185	Picture	stage2_box	3912168	0	1	7667	1	0	next	other	0
MAXED_1003	186	Picture	stage2_up	3919834	0	1	7667	1	0	next	other	0
MAXED_1003	186	Pulse	99	3920000	166	NA
MAXED_1003	187	Picture	stage2_lose	3927501	0	1	10167	1	0	next	other	0
MAXED_1003	188	Picture	stage1	3937668	0	1	2667	1	0	next	false_alarm	473
MAXED_1003	188	Pulse	99	3940000	2332	NA
MAXED_1003	188	Response	1	3940204	2536	1
MAXED_1003	189	Picture	stage1_box	3940334	0	1	7667	1	0	next	other	0
MAXED_1003	190	Picture	stage1_outcome	3948001	0	1	167	1	0	next	other	0
MAXED_1003	191	Picture	stage2A	3948168	0	1	7667	1	0	next	false_alarm	477
MAXED_1003	191	Response	2	3955724	7556	1
MAXED_1003	192	Picture	stage2_box	3955834	0	1	7667	1	0	next	other	0
MAXED_1003	192	Pulse	99	3960000	4166	NA
MAXED_1003	193	Picture	stage2_up	3963501	0	1	7667	1	0	next	other	0
MAXED_1003	194	Picture	stage2_win	3971168	0	1	10167	1	0	next	other	0
MAXED_1003	194	Pulse	99	3980000	8832	NA
MAXED_1003	195	Picture	stage1	3981334	0	1	2833	1	0	next	false_alarm	484
MAXED_1003	195	Response	2	3984124	2789	1
MAXED_1003	196	Picture	stage1_box	3984168	0	1	7667	1	0	next	other	0
MAXED_1003	197	Picture	stage1_outcome	3991834	0	1	167	1	0	next	other	0
MAXED_1003	198	Picture	stage2A	3992001	0	1	11833	1	0	next	false_alarm	489
MAXED_1003	198	Pulse	99	4000000	7999	NA
MAXED_1003	198	Response	2	4003724	11723	1
MAXED_1003	199	Picture	stage2_box	4003834	0	1	7667	1	0	next	other	0
MAXED_1003	200	Picture	stage2_up	4011501	0	1	7667	1	0	next	other	0
MAXED_1003	201	Picture	stage2_lose	4019168	0	1	10167	1	0	next	other	0
MAXED_1003	201	Pulse	99	4020000	832	NA
MAXED_1003	202	Picture	stage1	4029334	0	1	3500	1	0	next	false_alarm	495
MAXED_1003	202	Response	1	4032683	3349	1
MAXED_1003	203	Picture	stage1_box	4032834	0	1	7667	1	0	next	other	0
MAXED_1003	203	Pulse	99	4040000	7166	NA
MAXED_1003	204	Picture	stage1_outcome	4040501	0	1	167	1	0	next	other	0
MAXED_1003	205	Picture	stage2A	4040668	0	1	5833	1	0	next	false_alarm	500
MAXED_1003	205	Response	1	4046364	5696	1
MAXED_1003	206	Picture	stage2_box	4046501	0	1	7667	1	0	next	other	0
MAXED_1003	207	Picture	stage2_up	4054168	0	1	7667	1	0	next	other	0
MAXED_1003	207	Pulse	99	4060000	5832	NA
MAXED_1003	208	Picture	stage2_lose	4061834	0	1	10167	1	0	next	other	0
MAXED_1003	209	Picture	stage1	4072001	0	1	3500	1	0	next	false_alarm	506
MAXED_1003	209	Response	2	4075324	3323	1
MAXED_1003	210	Picture	stage1_box	4075501	0	1	7667	1	0	next	other	0
MAXED_1003	210	Pulse	99	4080000	4499	NA
MAXED_1003	211	Picture	stage1_outcome	4083168	0	1	167	1	0	next	other	0
MAXED_1003	212	Picture	stage2B	4083334	0	1	3667	1	0	next	false_alarm	511
MAXED_1003	212	Response	1	4086844	3509	1
MAXED_1003	213	Picture	stage2_box	4087001	0	1	7667	1	0	next	other	0
MAXED_1003	214	Picture	stage2_up	4094668	0	1	7667	1	0	next	other	0
MAXED_1003	214	Pulse	99	4100000	5332	NA
MAXED_1003	215	Picture	stage2_win	4102334	0	1	10167	1	0	next	other	0
MAXED_1003	216	Picture	stage1	4112501	0	1	3500	1	0	next	false_alarm	517
MAXED_1003	216	Response	2	4115883	3382	1
MAXED_1003	217	Picture	stage1_box	4116001	0	1	7667	1	0	next	other	0
MAXED_1003	217	Pulse	99	4120000	3999	NA
MAXED_1003	218	Picture	stage1_outcome	4123668	0	1	167	1	0	next	other	0
MAXED_1003	219	Picture	stage2A	4123834	0	1	8500	1	0	next	false_alarm	522
MAXED_1003	219	Response	1	4132204	8369	1
MAXED_1003	220	Picture	stage2_box	4132334	0	1	7667	1	0	next	other	0
MAXED_1003	220	Pulse	99	4140000	7666	NA
MAXED_1003	221	Picture	stage2_up	4140001	0	1	7667	1	0	next	other	0
MAXED_1003	222	Picture	stage2_win	4147668	0	1	10167	1	0	next	other	0
MAXED_1003	223	Pulse	99	4160000	2166	NA
MAXED_1003	223	Pulse	99	4180000	22166	NA
MAXED_1003	223	Response	88	4191803	33969	1
