Scenario - 
Logfile written - 10/03/2022 17:52:30

Subject	Trial	Event Type	Code	Time	TTime	Uncertainty	Duration	Uncertainty	ReqTime	ReqDur	Stim Type	Pair Index

MAXED_1038_Day_B	0	Pulse	99	0	0	NA
MAXED_1038_Day_B	1	Picture	instructions_1	333	0	1	359275	1	0	next	false_alarm	20
MAXED_1038_Day_B	1	Pulse	99	20000	19667	NA
MAXED_1038_Day_B	1	Pulse	99	40000	39667	NA
MAXED_1038_Day_B	1	Pulse	99	60000	59667	NA
MAXED_1038_Day_B	1	Pulse	99	80000	79667	NA
MAXED_1038_Day_B	1	Pulse	99	100000	99667	NA
MAXED_1038_Day_B	1	Pulse	99	120000	119667	NA
MAXED_1038_Day_B	1	Pulse	99	140000	139667	NA
MAXED_1038_Day_B	1	Pulse	99	160000	159667	NA
MAXED_1038_Day_B	1	Pulse	99	180000	179667	NA
MAXED_1038_Day_B	1	Pulse	99	200000	199667	NA
MAXED_1038_Day_B	1	Pulse	99	220000	219667	NA
MAXED_1038_Day_B	1	Pulse	99	240000	239667	NA
MAXED_1038_Day_B	1	Pulse	99	260000	259667	NA
MAXED_1038_Day_B	1	Pulse	99	280000	279667	NA
MAXED_1038_Day_B	1	Pulse	99	300000	299667	NA
MAXED_1038_Day_B	1	Pulse	99	320000	319667	NA
MAXED_1038_Day_B	1	Pulse	99	340000	339667	NA
MAXED_1038_Day_B	1	Response	88	359379	359045	1
MAXED_1038_Day_B	2	Picture	instructions_2	359608	0	1	29596	1	0	next	false_alarm	24
MAXED_1038_Day_B	2	Pulse	99	360000	392	NA
MAXED_1038_Day_B	2	Pulse	99	380000	20392	NA
MAXED_1038_Day_B	2	Response	88	388975	29366	1
MAXED_1038_Day_B	3	Picture	instructions_3	389204	0	1	38456	1	0	next	false_alarm	28
MAXED_1038_Day_B	3	Pulse	99	400000	10796	NA
MAXED_1038_Day_B	3	Pulse	99	420000	30796	NA
MAXED_1038_Day_B	3	Response	88	427430	38226	1
MAXED_1038_Day_B	4	Picture	instructions_4	427659	0	1	27377	1	0	next	false_alarm	31
MAXED_1038_Day_B	4	Pulse	99	440000	12341	NA
MAXED_1038_Day_B	4	Response	88	454809	27150	1
MAXED_1038_Day_B	5	Picture	instructions_5	455036	0	1	41578	1	0	next	false_alarm	35
MAXED_1038_Day_B	5	Pulse	99	460000	4964	NA
MAXED_1038_Day_B	5	Pulse	99	480000	24964	NA
MAXED_1038_Day_B	5	Response	88	496398	41362	1
MAXED_1038_Day_B	6	Picture	instructions_6	496615	0	1	24527	1	0	next	false_alarm	39
MAXED_1038_Day_B	6	Pulse	99	500000	3385	NA
MAXED_1038_Day_B	6	Pulse	99	520000	23385	NA
MAXED_1038_Day_B	6	Response	88	520916	24301	1
MAXED_1038_Day_B	7	Picture	instructions_7	521142	0	1	73645	1	0	next	false_alarm	44
MAXED_1038_Day_B	7	Pulse	99	540000	18858	NA
MAXED_1038_Day_B	7	Pulse	99	560000	38858	NA
MAXED_1038_Day_B	7	Pulse	99	580000	58858	NA
MAXED_1038_Day_B	7	Response	88	594557	73415	1
MAXED_1038_Day_B	8	Picture	instructions_8	594787	0	1	57961	1	0	next	false_alarm	49
MAXED_1038_Day_B	8	Pulse	99	600000	5213	NA
MAXED_1038_Day_B	8	Pulse	99	620000	25213	NA
MAXED_1038_Day_B	8	Pulse	99	640000	45213	NA
MAXED_1038_Day_B	8	Response	88	652521	57734	1
MAXED_1038_Day_B	9	Picture	instructions_9	652748	0	1	37020	1	0	next	false_alarm	53
MAXED_1038_Day_B	9	Pulse	99	660000	7252	NA
MAXED_1038_Day_B	9	Pulse	99	680000	27252	NA
MAXED_1038_Day_B	9	Response	88	689538	36790	1
MAXED_1038_Day_B	10	Picture	instructions_10	689768	0	1	46662	1	0	next	false_alarm	57
MAXED_1038_Day_B	10	Pulse	99	700000	10232	NA
MAXED_1038_Day_B	10	Pulse	99	720000	30232	NA
MAXED_1038_Day_B	10	Response	88	736202	46434	1
MAXED_1038_Day_B	11	Picture	instructions_11	736430	0	1	103314	1	0	next	false_alarm	64
MAXED_1038_Day_B	11	Pulse	99	740000	3570	NA
MAXED_1038_Day_B	11	Pulse	99	760000	23570	NA
MAXED_1038_Day_B	11	Pulse	99	780000	43570	NA
MAXED_1038_Day_B	11	Pulse	99	800000	63570	NA
MAXED_1038_Day_B	11	Pulse	99	820000	83570	NA
MAXED_1038_Day_B	11	Response	88	839518	103087	1
MAXED_1038_Day_B	12	Picture	instructions_12	839745	0	1	33597	1	0	next	false_alarm	68
MAXED_1038_Day_B	12	Pulse	99	840000	255	NA
MAXED_1038_Day_B	12	Pulse	99	860000	20255	NA
MAXED_1038_Day_B	12	Response	88	873112	33367	1
MAXED_1038_Day_B	13	Picture	instructions_13	873342	0	1	76910	1	0	next	false_alarm	74
MAXED_1038_Day_B	13	Pulse	99	880000	6658	NA
MAXED_1038_Day_B	13	Pulse	99	900000	26658	NA
MAXED_1038_Day_B	13	Pulse	99	920000	46658	NA
MAXED_1038_Day_B	13	Pulse	99	940000	66658	NA
MAXED_1038_Day_B	13	Response	88	950023	76681	1
MAXED_1038_Day_B	14	Picture	instructions_14	950252	0	1	14521	1	0	next	false_alarm	77
MAXED_1038_Day_B	14	Pulse	99	960000	9748	NA
MAXED_1038_Day_B	14	Response	88	964545	14293	1
MAXED_1038_Day_B	15	Picture	instructions_15	964773	0	1	82937	1	0	next	false_alarm	83
MAXED_1038_Day_B	15	Pulse	99	980000	15227	NA
MAXED_1038_Day_B	15	Pulse	99	1000000	35227	NA
MAXED_1038_Day_B	15	Pulse	99	1020000	55227	NA
MAXED_1038_Day_B	15	Pulse	99	1040000	75227	NA
MAXED_1038_Day_B	15	Response	88	1047481	82709	1
MAXED_1038_Day_B	16	Picture	instructions_16	1047709	0	1	87385	1	0	next	false_alarm	88
MAXED_1038_Day_B	16	Pulse	99	1060000	12291	NA
MAXED_1038_Day_B	16	Pulse	99	1080000	32291	NA
MAXED_1038_Day_B	16	Pulse	99	1100000	52291	NA
MAXED_1038_Day_B	16	Response	1	1100851	53142	1
MAXED_1038_Day_B	16	Response	2	1108444	60734	1
MAXED_1038_Day_B	16	Pulse	99	1120000	72291	NA
MAXED_1038_Day_B	16	Response	88	1134866	87157	1
MAXED_1038_Day_B	17	Picture	instructions_17	1135095	0	1	8671	1	0	next	false_alarm	94
MAXED_1038_Day_B	17	Pulse	99	1140000	4905	NA
MAXED_1038_Day_B	17	Response	88	1143537	8443	1
MAXED_1038_Day_B	18	Picture	instructions_18	1143766	0	1	212125	1	0	next	false_alarm	106
MAXED_1038_Day_B	18	Pulse	99	1160000	16234	NA
MAXED_1038_Day_B	18	Pulse	99	1180000	36234	NA
MAXED_1038_Day_B	18	Pulse	99	1200000	56234	NA
MAXED_1038_Day_B	18	Pulse	99	1220000	76234	NA
MAXED_1038_Day_B	18	Pulse	99	1240000	96234	NA
MAXED_1038_Day_B	18	Pulse	99	1260000	116234	NA
MAXED_1038_Day_B	18	Pulse	99	1280000	136234	NA
MAXED_1038_Day_B	18	Pulse	99	1300000	156234	NA
MAXED_1038_Day_B	18	Pulse	99	1320000	176234	NA
MAXED_1038_Day_B	18	Pulse	99	1340000	196234	NA
MAXED_1038_Day_B	18	Response	88	1355661	211895	1
MAXED_1038_Day_B	19	Picture	instructions_19	1355890	0	1	51445	1	0	next	false_alarm	111
MAXED_1038_Day_B	19	Pulse	99	1360000	4110	NA
MAXED_1038_Day_B	19	Pulse	99	1380000	24110	NA
MAXED_1038_Day_B	19	Pulse	99	1400000	44110	NA
MAXED_1038_Day_B	19	Response	88	1407106	51216	1
MAXED_1038_Day_B	20	Picture	instructions_20	1407336	0	1	42031	1	0	next	false_alarm	115
MAXED_1038_Day_B	20	Pulse	99	1420000	12664	NA
MAXED_1038_Day_B	20	Pulse	99	1440000	32664	NA
MAXED_1038_Day_B	20	Response	88	1449297	41961	1
MAXED_1038_Day_B	21	Picture	instructions_21	1449366	0	1	54687	1	0	next	false_alarm	120
MAXED_1038_Day_B	21	Pulse	99	1460000	10634	NA
MAXED_1038_Day_B	21	Pulse	99	1480000	30634	NA
MAXED_1038_Day_B	21	Pulse	99	1500000	50634	NA
MAXED_1038_Day_B	21	Response	88	1503908	54542	1
MAXED_1038_Day_B	22	Picture	instructions_22	1504053	0	1	16168	1	0	next	false_alarm	122
MAXED_1038_Day_B	22	Response	88	1519993	15940	1
MAXED_1038_Day_B	22	Pulse	99	1520000	15947	NA
MAXED_1038_Day_B	23	Picture	instructions_23	1520221	0	1	34861	1	0	next	false_alarm	126
MAXED_1038_Day_B	23	Pulse	99	1540000	19779	NA
MAXED_1038_Day_B	23	Response	88	1554854	34633	1
MAXED_1038_Day_B	24	Picture	instructions_24	1555082	0	1	36141	1	0	next	false_alarm	130
MAXED_1038_Day_B	24	Pulse	99	1560000	4918	NA
MAXED_1038_Day_B	24	Pulse	99	1580000	24918	NA
MAXED_1038_Day_B	24	Response	88	1590996	35914	1
MAXED_1038_Day_B	25	Picture	instructions_25	1591223	0	1	23335	1	0	next	false_alarm	133
MAXED_1038_Day_B	25	Pulse	99	1600000	8777	NA
MAXED_1038_Day_B	25	Response	88	1614323	23099	1
MAXED_1038_Day_B	26	Picture	instructions_26	1614558	0	1	65920	1	0	next	false_alarm	139
MAXED_1038_Day_B	26	Pulse	99	1620000	5442	NA
MAXED_1038_Day_B	26	Pulse	99	1640000	25442	NA
MAXED_1038_Day_B	26	Pulse	99	1660000	45442	NA
MAXED_1038_Day_B	26	Pulse	99	1680000	65442	NA
MAXED_1038_Day_B	26	Response	88	1680250	65692	1
MAXED_1038_Day_B	27	Picture	instructions_27	1680478	0	1	38651	1	0	next	false_alarm	142
MAXED_1038_Day_B	27	Pulse	99	1700000	19522	NA
MAXED_1038_Day_B	27	Response	88	1718899	38421	1
MAXED_1038_Day_B	28	Picture	instructions_28	1719129	0	1	12500	1	0	next	false_alarm	145
MAXED_1038_Day_B	28	Pulse	99	1720000	871	NA
MAXED_1038_Day_B	28	Response	88	1731399	12270	1
MAXED_1038_Day_B	29	Picture	instructions_29	1731629	0	1	24854	1	0	next	false_alarm	148
MAXED_1038_Day_B	29	Pulse	99	1740000	8371	NA
MAXED_1038_Day_B	29	Response	88	1756254	24625	1
MAXED_1038_Day_B	30	Picture	instructions_30	1756483	0	1	120160	1	0	next	false_alarm	156
MAXED_1038_Day_B	30	Pulse	99	1760000	3517	NA
MAXED_1038_Day_B	30	Pulse	99	1780000	23517	NA
MAXED_1038_Day_B	30	Pulse	99	1800000	43517	NA
MAXED_1038_Day_B	30	Pulse	99	1820000	63517	NA
MAXED_1038_Day_B	30	Pulse	99	1840000	83517	NA
MAXED_1038_Day_B	30	Pulse	99	1860000	103517	NA
MAXED_1038_Day_B	30	Response	2	1864852	108369	1
MAXED_1038_Day_B	30	Response	88	1876414	119931	1
MAXED_1038_Day_B	31	Picture	instructions_31	1876643	0	1	67583	1	0	next	false_alarm	163
MAXED_1038_Day_B	31	Pulse	99	1880000	3357	NA
MAXED_1038_Day_B	31	Pulse	99	1900000	23357	NA
MAXED_1038_Day_B	31	Pulse	99	1920000	43357	NA
MAXED_1038_Day_B	31	Pulse	99	1940000	63357	NA
MAXED_1038_Day_B	31	Response	88	1943999	67356	1
MAXED_1038_Day_B	32	Picture	instructions_32	1944226	0	1	54560	1	0	next	false_alarm	167
MAXED_1038_Day_B	32	Pulse	99	1960000	15774	NA
MAXED_1038_Day_B	32	Pulse	99	1980000	35774	NA
MAXED_1038_Day_B	32	Response	88	1998558	54331	1
MAXED_1038_Day_B	33	Picture	instructions_33	1998786	0	1	41086	1	0	next	false_alarm	171
MAXED_1038_Day_B	33	Pulse	99	2000000	1214	NA
MAXED_1038_Day_B	33	Pulse	99	2020000	21214	NA
MAXED_1038_Day_B	33	Response	88	2039645	40859	1
MAXED_1038_Day_B	34	Picture	instructions_34	2039873	0	1	60297	1	0	next	false_alarm	176
MAXED_1038_Day_B	34	Pulse	99	2040000	128	NA
MAXED_1038_Day_B	34	Pulse	99	2060000	20128	NA
MAXED_1038_Day_B	34	Pulse	99	2080000	40128	NA
MAXED_1038_Day_B	34	Response	88	2099941	60068	1
MAXED_1038_Day_B	34	Pulse	99	2100000	60128	NA
MAXED_1038_Day_B	35	Picture	instructions_35	2100170	0	1	55025	1	0	next	false_alarm	181
MAXED_1038_Day_B	35	Pulse	99	2120000	19830	NA
MAXED_1038_Day_B	35	Pulse	99	2140000	39830	NA
MAXED_1038_Day_B	35	Response	88	2154962	54792	1
MAXED_1038_Day_B	36	Picture	instructions_36	2155195	0	1	54283	1	0	next	false_alarm	186
MAXED_1038_Day_B	36	Pulse	99	2160000	4805	NA
MAXED_1038_Day_B	36	Pulse	99	2180000	24805	NA
MAXED_1038_Day_B	36	Pulse	99	2200000	44805	NA
MAXED_1038_Day_B	36	Response	88	2209246	54051	1
MAXED_1038_Day_B	37	Picture	instructions_37	2209478	0	1	15767	1	0	next	false_alarm	189
MAXED_1038_Day_B	37	Pulse	99	2220000	10522	NA
MAXED_1038_Day_B	37	Response	88	2225187	15709	1
MAXED_1038_Day_B	38	Picture	instructions_38	2225245	0	1	63430	1	0	next	false_alarm	194
MAXED_1038_Day_B	38	Pulse	99	2240000	14755	NA
MAXED_1038_Day_B	38	Pulse	99	2260000	34755	NA
MAXED_1038_Day_B	38	Pulse	99	2280000	54755	NA
MAXED_1038_Day_B	38	Response	88	2288451	63205	1
MAXED_1038_Day_B	39	Picture	instructions_39	2288675	0	1	49194	1	0	next	false_alarm	198
MAXED_1038_Day_B	39	Pulse	99	2300000	11325	NA
MAXED_1038_Day_B	39	Pulse	99	2320000	31325	NA
MAXED_1038_Day_B	39	Response	88	2337810	49136	1
MAXED_1038_Day_B	40	Picture	instructions_40	2337868	0	1	32132	1	0	next	false_alarm	202
MAXED_1038_Day_B	40	Pulse	99	2340000	2132	NA
MAXED_1038_Day_B	40	Pulse	99	2360000	22132	NA
MAXED_1038_Day_B	40	Response	88	2369942	32074	1
MAXED_1038_Day_B	41	Picture	instructions_41	2370001	0	1	49578	1	0	next	false_alarm	206
MAXED_1038_Day_B	41	Pulse	99	2380000	9999	NA
MAXED_1038_Day_B	41	Pulse	99	2400000	29999	NA
MAXED_1038_Day_B	41	Response	88	2419521	49521	1
MAXED_1038_Day_B	42	Picture	instructions_42	2419579	0	1	44829	1	0	next	false_alarm	211
MAXED_1038_Day_B	42	Pulse	99	2420000	421	NA
MAXED_1038_Day_B	42	Pulse	99	2440000	20421	NA
MAXED_1038_Day_B	42	Pulse	99	2460000	40421	NA
MAXED_1038_Day_B	42	Response	88	2464351	44773	1
MAXED_1038_Day_B	43	Picture	instructions_43	2464408	0	1	18739	1	0	next	false_alarm	214
MAXED_1038_Day_B	43	Pulse	99	2480000	15592	NA
MAXED_1038_Day_B	43	Response	88	2483090	18682	1
MAXED_1038_Day_B	44	Picture	instructions_44	2483146	0	1	47411	1	0	next	false_alarm	218
MAXED_1038_Day_B	44	Pulse	99	2500000	16854	NA
MAXED_1038_Day_B	44	Pulse	99	2520000	36854	NA
MAXED_1038_Day_B	44	Response	88	2530333	47187	1
MAXED_1038_Day_B	45	Picture	instructions_45	2530557	0	1	25890	1	0	next	false_alarm	221
MAXED_1038_Day_B	45	Pulse	99	2540000	9443	NA
MAXED_1038_Day_B	45	Response	88	2556225	25667	1
MAXED_1038_Day_B	46	Picture	instructions_46	2556447	0	1	25027	1	0	next	false_alarm	225
MAXED_1038_Day_B	46	Pulse	99	2560000	3553	NA
MAXED_1038_Day_B	46	Pulse	99	2580000	23553	NA
MAXED_1038_Day_B	46	Response	88	2581298	24851	1
MAXED_1038_Day_B	47	Picture	fixation	2581474	0	1	5207	1	0	next	other	0
MAXED_1038_Day_B	48	Picture	stage1	2586681	0	1	9164	1	0	next	false_alarm	228
MAXED_1038_Day_B	48	Response	1	2595646	8965	1
MAXED_1038_Day_B	49	Picture	stage1_box	2595845	0	1	7664	1	0	next	other	0
MAXED_1038_Day_B	49	Pulse	99	2600000	4155	NA
MAXED_1038_Day_B	50	Picture	stage1_outcome	2603509	0	1	167	1	0	next	other	0
MAXED_1038_Day_B	51	Picture	stage2A	2603675	0	1	15661	1	0	next	false_alarm	233
MAXED_1038_Day_B	51	Response	2	2619153	15478	1
MAXED_1038_Day_B	52	Picture	stage2_box	2619337	0	1	7664	1	0	next	other	0
MAXED_1038_Day_B	52	Pulse	99	2620000	663	NA
MAXED_1038_Day_B	53	Picture	stage2_up	2627001	0	1	7664	1	0	next	other	0
MAXED_1038_Day_B	54	Picture	stage2_win	2634665	0	1	10163	1	0	next	other	0
MAXED_1038_Day_B	54	Pulse	99	2640000	5335	NA
MAXED_1038_Day_B	55	Picture	stage1	2644828	0	1	11329	1	0	next	false_alarm	240
MAXED_1038_Day_B	55	Response	1	2656052	11224	1
MAXED_1038_Day_B	56	Picture	stage1_box	2656157	0	1	7664	1	0	next	other	0
MAXED_1038_Day_B	56	Pulse	99	2660000	3843	NA
MAXED_1038_Day_B	57	Picture	stage1_outcome	2663821	0	1	167	1	0	next	other	0
MAXED_1038_Day_B	58	Picture	stage2A	2663988	0	1	12553	1	0	next	false_alarm	245
MAXED_1038_Day_B	58	Response	2	2676491	12503	1
MAXED_1038_Day_B	59	Picture	stage2_box	2676541	0	1	7550	1	0	next	other	0
MAXED_1038_Day_B	59	Pulse	99	2680000	3459	NA
MAXED_1038_Day_B	60	Picture	stage2_up	2684091	0	1	7549	1	0	next	other	0
MAXED_1038_Day_B	61	Picture	stage2_win	2691641	0	1	10067	1	0	next	other	0
MAXED_1038_Day_B	61	Pulse	99	2700000	8359	NA
MAXED_1038_Day_B	62	Picture	stage1	2701708	0	1	4918	1	0	next	false_alarm	252
MAXED_1038_Day_B	62	Response	1	2706575	4867	1
MAXED_1038_Day_B	63	Picture	stage1_box	2706626	0	1	7550	1	0	next	other	0
MAXED_1038_Day_B	64	Picture	stage1_outcome	2714175	0	1	167	1	0	next	other	0
MAXED_1038_Day_B	65	Picture	stage2A	2714342	0	1	6133	1	0	next	false_alarm	257
MAXED_1038_Day_B	65	Pulse	99	2720000	5658	NA
MAXED_1038_Day_B	65	Response	2	2720425	6084	1
MAXED_1038_Day_B	66	Picture	stage2_box	2720475	0	1	7562	1	0	next	other	0
MAXED_1038_Day_B	67	Picture	stage2_up	2728037	0	1	7554	1	0	next	other	0
MAXED_1038_Day_B	68	Picture	stage2_lose	2735592	0	1	10051	1	0	next	other	0
MAXED_1038_Day_B	68	Pulse	99	2740000	4408	NA
MAXED_1038_Day_B	69	Picture	stage1	2745642	0	1	8827	1	0	next	false_alarm	263
MAXED_1038_Day_B	69	Response	2	2754413	8771	1
MAXED_1038_Day_B	70	Picture	stage1_box	2754469	0	1	7693	1	0	next	other	0
MAXED_1038_Day_B	70	Pulse	99	2760000	5531	NA
MAXED_1038_Day_B	71	Picture	stage1_outcome	2762162	0	1	167	1	0	next	other	0
MAXED_1038_Day_B	72	Picture	stage2B	2762329	0	1	6704	1	0	next	false_alarm	268
MAXED_1038_Day_B	72	Response	1	2768979	6650	1
MAXED_1038_Day_B	73	Picture	stage2_box	2769033	0	1	7664	1	0	next	other	0
MAXED_1038_Day_B	74	Picture	stage2_up	2776697	0	1	7664	1	0	next	other	0
MAXED_1038_Day_B	74	Pulse	99	2780000	3303	NA
MAXED_1038_Day_B	75	Picture	stage2_lose	2784361	0	1	10050	1	0	next	other	0
MAXED_1038_Day_B	76	Picture	stage1	2794411	0	1	2879	1	0	next	false_alarm	274
MAXED_1038_Day_B	76	Response	2	2797240	2829	1
MAXED_1038_Day_B	77	Picture	stage1_box	2797290	0	1	7550	1	0	next	other	0
MAXED_1038_Day_B	77	Pulse	99	2800000	2710	NA
MAXED_1038_Day_B	78	Picture	stage1_outcome	2804840	0	1	167	1	0	next	other	0
MAXED_1038_Day_B	79	Picture	stage2B	2805006	0	1	12934	1	0	next	false_alarm	279
MAXED_1038_Day_B	79	Response	2	2817881	12874	1
MAXED_1038_Day_B	80	Picture	stage2_box	2817940	0	1	7664	1	0	next	other	0
MAXED_1038_Day_B	80	Pulse	99	2820000	2060	NA
MAXED_1038_Day_B	81	Picture	stage2_up	2825604	0	1	7664	1	0	next	other	0
MAXED_1038_Day_B	82	Picture	stage2_lose	2833268	0	1	10169	1	0	next	other	0
MAXED_1038_Day_B	82	Pulse	99	2840000	6732	NA
MAXED_1038_Day_B	83	Picture	stage1	2843437	0	1	2839	1	0	next	false_alarm	286
MAXED_1038_Day_B	83	Response	2	2846225	2788	1
MAXED_1038_Day_B	84	Picture	stage1_box	2846276	0	1	7550	1	0	next	other	0
MAXED_1038_Day_B	85	Picture	stage1_outcome	2853827	0	1	167	1	0	next	other	0
MAXED_1038_Day_B	86	Picture	stage2A	2853993	0	1	13869	1	0	next	false_alarm	291
MAXED_1038_Day_B	86	Pulse	99	2860000	6007	NA
MAXED_1038_Day_B	86	Response	2	2867811	13818	1
MAXED_1038_Day_B	87	Picture	stage2_box	2867862	0	1	7550	1	0	next	other	0
MAXED_1038_Day_B	88	Picture	stage2_up	2875412	0	1	7550	1	0	next	other	0
MAXED_1038_Day_B	88	Pulse	99	2880000	4588	NA
MAXED_1038_Day_B	89	Picture	stage2_win	2882962	0	1	10050	1	0	next	other	0
MAXED_1038_Day_B	90	Picture	stage1	2893012	0	1	6813	1	0	next	false_alarm	297
MAXED_1038_Day_B	90	Response	1	2899774	6762	1
MAXED_1038_Day_B	91	Picture	stage1_box	2899825	0	1	7550	1	0	next	other	0
MAXED_1038_Day_B	91	Pulse	99	2900000	175	NA
MAXED_1038_Day_B	92	Picture	stage1_outcome	2907374	0	1	167	1	0	next	other	0
MAXED_1038_Day_B	93	Picture	stage2A	2907541	0	1	3521	1	0	next	false_alarm	302
MAXED_1038_Day_B	93	Response	1	2910961	3420	1
MAXED_1038_Day_B	94	Picture	stage2_box	2911062	0	1	7550	1	0	next	other	0
MAXED_1038_Day_B	95	Picture	stage2_up	2918612	0	1	7550	1	0	next	other	0
MAXED_1038_Day_B	95	Pulse	99	2920000	1388	NA
MAXED_1038_Day_B	96	Picture	stage2_win	2926162	0	1	10051	1	0	next	other	0
MAXED_1038_Day_B	97	Picture	stage1	2936213	0	1	7284	1	0	next	false_alarm	309
MAXED_1038_Day_B	97	Pulse	99	2940000	3787	NA
MAXED_1038_Day_B	97	Response	1	2943446	7234	1
MAXED_1038_Day_B	98	Picture	stage1_box	2943496	0	1	7550	1	0	next	other	0
MAXED_1038_Day_B	99	Picture	stage1_outcome	2951046	0	1	167	1	0	next	other	0
MAXED_1038_Day_B	100	Picture	stage2A	2951213	0	1	6749	1	0	next	false_alarm	313
MAXED_1038_Day_B	100	Response	1	2957911	6699	1
MAXED_1038_Day_B	101	Picture	stage2_box	2957961	0	1	7619	1	0	next	other	0
MAXED_1038_Day_B	101	Pulse	99	2960000	2039	NA
MAXED_1038_Day_B	102	Picture	stage2_up	2965581	0	1	7550	1	0	next	other	0
MAXED_1038_Day_B	103	Picture	stage2_win	2973131	0	1	10050	1	0	next	other	0
MAXED_1038_Day_B	103	Pulse	99	2980000	6869	NA
MAXED_1038_Day_B	104	Picture	stage1	2983181	0	1	3342	1	0	next	false_alarm	320
MAXED_1038_Day_B	104	Response	2	2986473	3292	1
MAXED_1038_Day_B	105	Picture	stage1_box	2986523	0	1	7550	1	0	next	other	0
MAXED_1038_Day_B	106	Picture	stage1_outcome	2994073	0	1	167	1	0	next	other	0
MAXED_1038_Day_B	107	Picture	stage2B	2994240	0	1	2633	1	0	next	false_alarm	324
MAXED_1038_Day_B	107	Response	2	2996821	2582	1
MAXED_1038_Day_B	108	Picture	stage2_box	2996873	0	1	7664	1	0	next	other	0
MAXED_1038_Day_B	108	Pulse	99	3000000	3127	NA
MAXED_1038_Day_B	109	Picture	stage2_up	3004537	0	1	7664	1	0	next	other	0
MAXED_1038_Day_B	110	Picture	stage2_lose	3012201	0	1	10051	1	0	next	other	0
MAXED_1038_Day_B	110	Pulse	99	3020000	7799	NA
MAXED_1038_Day_B	111	Picture	stage1	3022252	0	1	3551	1	0	next	false_alarm	331
MAXED_1038_Day_B	111	Response	1	3025753	3501	1
MAXED_1038_Day_B	112	Picture	stage1_box	3025803	0	1	7550	1	0	next	other	0
MAXED_1038_Day_B	113	Picture	stage1_outcome	3033353	0	1	167	1	0	next	other	0
MAXED_1038_Day_B	114	Picture	stage2B	3033520	0	1	2708	1	0	next	false_alarm	335
MAXED_1038_Day_B	114	Response	1	3036178	2658	1
MAXED_1038_Day_B	115	Picture	stage2_box	3036228	0	1	7664	1	0	next	other	0
MAXED_1038_Day_B	115	Pulse	99	3040000	3772	NA
MAXED_1038_Day_B	116	Picture	stage2_up	3043892	0	1	7664	1	0	next	other	0
MAXED_1038_Day_B	117	Picture	stage2_lose	3051556	0	1	10050	1	0	next	other	0
MAXED_1038_Day_B	117	Pulse	99	3060000	8444	NA
MAXED_1038_Day_B	118	Picture	stage1	3061607	0	1	2591	1	0	next	false_alarm	342
MAXED_1038_Day_B	118	Response	1	3064147	2540	1
MAXED_1038_Day_B	119	Picture	stage1_box	3064197	0	1	7550	1	0	next	other	0
MAXED_1038_Day_B	120	Picture	stage1_outcome	3071747	0	1	167	1	0	next	other	0
MAXED_1038_Day_B	121	Picture	stage2A	3071914	0	1	2131	1	0	next	false_alarm	346
MAXED_1038_Day_B	121	Response	2	3073996	2082	1
MAXED_1038_Day_B	122	Picture	stage2_box	3074045	0	1	7550	1	0	next	other	0
MAXED_1038_Day_B	122	Pulse	99	3080000	5955	NA
MAXED_1038_Day_B	123	Picture	stage2_up	3081595	0	1	7550	1	0	next	other	0
MAXED_1038_Day_B	124	Picture	stage2_win	3089145	0	1	10051	1	0	next	other	0
MAXED_1038_Day_B	125	Picture	stage1	3099196	0	1	8285	1	0	next	false_alarm	353
MAXED_1038_Day_B	125	Pulse	99	3100000	804	NA
MAXED_1038_Day_B	125	Response	2	3107431	8235	1
MAXED_1038_Day_B	126	Picture	stage1_box	3107481	0	1	7550	1	0	next	other	0
MAXED_1038_Day_B	127	Picture	stage1_outcome	3115031	0	1	167	1	0	next	other	0
MAXED_1038_Day_B	128	Picture	stage2B	3115198	0	1	9422	1	0	next	false_alarm	358
MAXED_1038_Day_B	128	Pulse	99	3120000	4802	NA
MAXED_1038_Day_B	128	Response	2	3124569	9372	1
MAXED_1038_Day_B	129	Picture	stage2_box	3124619	0	1	7664	1	0	next	other	0
MAXED_1038_Day_B	130	Picture	stage2_up	3132283	0	1	7664	1	0	next	other	0
MAXED_1038_Day_B	131	Picture	stage2_lose	3139947	0	1	10051	1	0	next	other	0
MAXED_1038_Day_B	131	Pulse	99	3140000	53	NA
MAXED_1038_Day_B	132	Picture	stage1	3149998	0	1	2828	1	0	next	false_alarm	364
MAXED_1038_Day_B	132	Response	2	3152777	2778	1
MAXED_1038_Day_B	133	Picture	stage1_box	3152826	0	1	7550	1	0	next	other	0
MAXED_1038_Day_B	133	Pulse	99	3160000	7174	NA
MAXED_1038_Day_B	134	Picture	stage1_outcome	3160376	0	1	167	1	0	next	other	0
MAXED_1038_Day_B	135	Picture	stage2B	3160543	0	1	3319	1	0	next	false_alarm	369
MAXED_1038_Day_B	135	Response	1	3163812	3269	1
MAXED_1038_Day_B	136	Picture	stage2_box	3163862	0	1	7664	1	0	next	other	0
MAXED_1038_Day_B	137	Picture	stage2_up	3171526	0	1	7664	1	0	next	other	0
MAXED_1038_Day_B	138	Picture	stage2_win	3179190	0	1	10163	1	0	next	other	0
MAXED_1038_Day_B	138	Pulse	99	3180000	810	NA
MAXED_1038_Day_B	139	Picture	stage1	3189353	0	1	4498	1	0	next	false_alarm	375
MAXED_1038_Day_B	139	Response	2	3193771	4418	1
MAXED_1038_Day_B	140	Picture	stage1_box	3193851	0	1	7550	1	0	next	other	0
MAXED_1038_Day_B	140	Pulse	99	3200000	6149	NA
MAXED_1038_Day_B	141	Picture	stage1_outcome	3201401	0	1	167	1	0	next	other	0
MAXED_1038_Day_B	142	Picture	stage2B	3201568	0	1	3273	1	0	next	false_alarm	380
MAXED_1038_Day_B	142	Response	1	3204791	3223	1
MAXED_1038_Day_B	143	Picture	stage2_box	3204840	0	1	7664	1	0	next	other	0
MAXED_1038_Day_B	144	Picture	stage2_up	3212505	0	1	7664	1	0	next	other	0
MAXED_1038_Day_B	144	Pulse	99	3220000	7495	NA
MAXED_1038_Day_B	145	Picture	stage2_win	3220169	0	1	10163	1	0	next	other	0
MAXED_1038_Day_B	146	Picture	stage1	3230332	0	1	3665	1	0	next	false_alarm	386
MAXED_1038_Day_B	146	Response	2	3233915	3583	1
MAXED_1038_Day_B	147	Picture	stage1_box	3233997	0	1	7664	1	0	next	other	0
MAXED_1038_Day_B	147	Pulse	99	3240000	6003	NA
MAXED_1038_Day_B	148	Picture	stage1_outcome	3241661	0	1	167	1	0	next	other	0
MAXED_1038_Day_B	149	Picture	stage2B	3241828	0	1	2685	1	0	next	false_alarm	391
MAXED_1038_Day_B	149	Response	1	3244463	2635	1
MAXED_1038_Day_B	150	Picture	stage2_box	3244513	0	1	7664	1	0	next	other	0
MAXED_1038_Day_B	151	Picture	stage2_up	3252177	0	1	7664	1	0	next	other	0
MAXED_1038_Day_B	152	Picture	stage2_lose	3259841	0	1	10050	1	0	next	other	0
MAXED_1038_Day_B	152	Pulse	99	3260000	159	NA
MAXED_1038_Day_B	153	Picture	stage1	3269892	0	1	2785	1	0	next	false_alarm	397
MAXED_1038_Day_B	153	Response	1	3272627	2736	1
MAXED_1038_Day_B	154	Picture	stage1_box	3272677	0	1	7550	1	0	next	other	0
MAXED_1038_Day_B	154	Pulse	99	3280000	7323	NA
MAXED_1038_Day_B	155	Picture	stage1_outcome	3280227	0	1	167	1	0	next	other	0
MAXED_1038_Day_B	156	Picture	stage2A	3280393	0	1	1965	1	0	next	false_alarm	402
MAXED_1038_Day_B	156	Response	2	3282319	1926	1
MAXED_1038_Day_B	157	Picture	stage2_box	3282358	0	1	7550	1	0	next	other	0
MAXED_1038_Day_B	158	Picture	stage2_up	3289908	0	1	7550	1	0	next	other	0
MAXED_1038_Day_B	159	Picture	stage2_lose	3297458	0	1	10050	1	0	next	other	0
MAXED_1038_Day_B	159	Pulse	99	3300000	2542	NA
MAXED_1038_Day_B	160	Picture	stage1	3307508	0	1	2901	1	0	next	false_alarm	408
MAXED_1038_Day_B	160	Response	1	3310359	2851	1
MAXED_1038_Day_B	161	Picture	stage1_box	3310409	0	1	7551	1	0	next	other	0
MAXED_1038_Day_B	162	Picture	stage1_outcome	3317960	0	1	167	1	0	next	other	0
MAXED_1038_Day_B	163	Picture	stage2B	3318126	0	1	2864	1	0	next	false_alarm	413
MAXED_1038_Day_B	163	Pulse	99	3320000	1874	NA
MAXED_1038_Day_B	163	Response	2	3320940	2814	1
MAXED_1038_Day_B	164	Picture	stage2_box	3320990	0	1	7664	1	0	next	other	0
MAXED_1038_Day_B	165	Picture	stage2_up	3328654	0	1	7664	1	0	next	other	0
MAXED_1038_Day_B	166	Picture	stage2_lose	3336318	0	1	10051	1	0	next	other	0
MAXED_1038_Day_B	166	Pulse	99	3340000	3682	NA
MAXED_1038_Day_B	167	Picture	stage1	3346369	0	1	2383	1	0	next	false_alarm	419
MAXED_1038_Day_B	167	Response	1	3348702	2333	1
MAXED_1038_Day_B	168	Picture	stage1_box	3348752	0	1	7559	1	0	next	other	0
MAXED_1038_Day_B	169	Picture	stage1_outcome	3356311	0	1	167	1	0	next	other	0
MAXED_1038_Day_B	170	Picture	stage2A	3356478	0	1	4100	1	0	next	false_alarm	424
MAXED_1038_Day_B	170	Pulse	99	3360000	3522	NA
MAXED_1038_Day_B	170	Response	2	3360528	4050	1
MAXED_1038_Day_B	171	Picture	stage2_box	3360578	0	1	7550	1	0	next	other	0
MAXED_1038_Day_B	172	Picture	stage2_up	3368128	0	1	7550	1	0	next	other	0
MAXED_1038_Day_B	173	Picture	stage2_win	3375678	0	1	10050	1	0	next	other	0
MAXED_1038_Day_B	173	Pulse	99	3380000	4322	NA
MAXED_1038_Day_B	174	Picture	stage1	3385728	0	1	2600	1	0	next	false_alarm	430
MAXED_1038_Day_B	174	Response	2	3388278	2550	1
MAXED_1038_Day_B	175	Picture	stage1_box	3388328	0	1	7550	1	0	next	other	0
MAXED_1038_Day_B	176	Picture	stage1_outcome	3395878	0	1	167	1	0	next	other	0
MAXED_1038_Day_B	177	Picture	stage2B	3396044	0	1	4349	1	0	next	false_alarm	435
MAXED_1038_Day_B	177	Pulse	99	3400000	3956	NA
MAXED_1038_Day_B	177	Response	1	3400343	4298	1
MAXED_1038_Day_B	178	Picture	stage2_box	3400393	0	1	7664	1	0	next	other	0
MAXED_1038_Day_B	179	Picture	stage2_up	3408057	0	1	7664	1	0	next	other	0
MAXED_1038_Day_B	180	Picture	stage2_win	3415721	0	1	10163	1	0	next	other	0
MAXED_1038_Day_B	180	Pulse	99	3420000	4279	NA
MAXED_1038_Day_B	181	Picture	stage1	3425884	0	1	4332	1	0	next	false_alarm	441
MAXED_1038_Day_B	181	Response	2	3430107	4223	1
MAXED_1038_Day_B	182	Picture	stage1_box	3430216	0	1	7550	1	0	next	other	0
MAXED_1038_Day_B	183	Picture	stage1_outcome	3437766	0	1	167	1	0	next	other	0
MAXED_1038_Day_B	184	Picture	stage2B	3437933	0	1	7370	1	0	next	false_alarm	446
MAXED_1038_Day_B	184	Pulse	99	3440000	2067	NA
MAXED_1038_Day_B	184	Response	1	3445246	7314	1
MAXED_1038_Day_B	185	Picture	stage2_box	3445303	0	1	7562	1	0	next	other	0
MAXED_1038_Day_B	186	Picture	stage2_up	3452864	0	1	7550	1	0	next	other	0
MAXED_1038_Day_B	186	Pulse	99	3460000	7136	NA
MAXED_1038_Day_B	187	Picture	stage2_lose	3460415	0	1	10051	1	0	next	other	0
MAXED_1038_Day_B	188	Picture	stage1	3470465	0	1	2445	1	0	next	false_alarm	452
MAXED_1038_Day_B	188	Response	2	3472840	2375	1
MAXED_1038_Day_B	189	Picture	stage1_box	3472910	0	1	7547	1	0	next	other	0
MAXED_1038_Day_B	189	Pulse	99	3480000	7090	NA
MAXED_1038_Day_B	190	Picture	stage1_outcome	3480457	0	1	167	1	0	next	other	0
MAXED_1038_Day_B	191	Picture	stage2B	3480624	0	1	2334	1	0	next	false_alarm	457
MAXED_1038_Day_B	191	Response	2	3482907	2283	1
MAXED_1038_Day_B	192	Picture	stage2_box	3482958	0	1	7664	1	0	next	other	0
MAXED_1038_Day_B	193	Picture	stage2_up	3490622	0	1	7664	1	0	next	other	0
MAXED_1038_Day_B	194	Picture	stage2_lose	3498286	0	1	10051	1	0	next	other	0
MAXED_1038_Day_B	194	Pulse	99	3500000	1714	NA
MAXED_1038_Day_B	195	Picture	stage1	3508336	0	1	3549	1	0	next	false_alarm	463
MAXED_1038_Day_B	195	Response	2	3511707	3370	1
MAXED_1038_Day_B	196	Picture	stage1_box	3511886	0	1	7550	1	0	next	other	0
MAXED_1038_Day_B	197	Picture	stage1_outcome	3519436	0	1	167	1	0	next	other	0
MAXED_1038_Day_B	198	Picture	stage2B	3519602	0	1	4745	1	0	next	false_alarm	468
MAXED_1038_Day_B	198	Pulse	99	3520000	398	NA
MAXED_1038_Day_B	198	Response	2	3524297	4695	1
MAXED_1038_Day_B	199	Picture	stage2_box	3524348	0	1	7664	1	0	next	other	0
MAXED_1038_Day_B	200	Picture	stage2_up	3532012	0	1	7664	1	0	next	other	0
MAXED_1038_Day_B	201	Picture	stage2_win	3539676	0	1	10163	1	0	next	other	0
MAXED_1038_Day_B	201	Pulse	99	3540000	324	NA
MAXED_1038_Day_B	202	Picture	stage1	3549839	0	1	3832	1	0	next	false_alarm	474
MAXED_1038_Day_B	202	Response	2	3553500	3661	1
MAXED_1038_Day_B	203	Picture	stage1_box	3553671	0	1	7664	1	0	next	other	0
MAXED_1038_Day_B	203	Pulse	99	3560000	6329	NA
MAXED_1038_Day_B	204	Picture	stage1_outcome	3561335	0	1	167	1	0	next	other	0
MAXED_1038_Day_B	205	Picture	stage2B	3561502	0	1	3486	1	0	next	false_alarm	479
MAXED_1038_Day_B	205	Response	2	3564937	3435	1
MAXED_1038_Day_B	206	Picture	stage2_box	3564987	0	1	7664	1	0	next	other	0
MAXED_1038_Day_B	207	Picture	stage2_up	3572651	0	1	7664	1	0	next	false_alarm	482
MAXED_1038_Day_B	207	Response	2	3578487	5836	1
MAXED_1038_Day_B	207	Pulse	99	3580000	7349	NA
MAXED_1038_Day_B	208	Picture	stage2_win	3580315	0	1	10163	1	0	next	other	0
MAXED_1038_Day_B	209	Picture	stage1	3590479	0	1	8664	1	0	next	false_alarm	486
MAXED_1038_Day_B	209	Response	2	3598981	8502	1
MAXED_1038_Day_B	210	Picture	stage1_box	3599142	0	1	7550	1	0	next	other	0
MAXED_1038_Day_B	210	Pulse	99	3600000	858	NA
MAXED_1038_Day_B	211	Picture	stage1_outcome	3606692	0	1	167	1	0	next	other	0
MAXED_1038_Day_B	212	Picture	stage2B	3606859	0	1	7605	1	0	next	false_alarm	491
MAXED_1038_Day_B	212	Response	2	3614414	7555	1
MAXED_1038_Day_B	213	Picture	stage2_box	3614464	0	1	7664	1	0	next	other	0
MAXED_1038_Day_B	213	Pulse	99	3620000	5536	NA
MAXED_1038_Day_B	214	Picture	stage2_up	3622128	0	1	7664	1	0	next	false_alarm	495
MAXED_1038_Day_B	214	Response	2	3624669	2540	1
MAXED_1038_Day_B	215	Picture	stage2_lose	3629792	0	1	10050	1	0	next	other	0
MAXED_1038_Day_B	216	Picture	stage1	3639842	0	1	3443	1	0	next	false_alarm	499
MAXED_1038_Day_B	216	Pulse	99	3640000	158	NA
MAXED_1038_Day_B	216	Response	2	3643235	3393	1
MAXED_1038_Day_B	217	Picture	stage1_box	3643285	0	1	7550	1	0	next	other	0
MAXED_1038_Day_B	218	Picture	stage1_outcome	3650835	0	1	167	1	0	next	other	0
MAXED_1038_Day_B	219	Picture	stage2A	3651002	0	1	8728	1	0	next	false_alarm	503
MAXED_1038_Day_B	219	Response	1	3659678	8677	1
MAXED_1038_Day_B	220	Picture	stage2_box	3659729	0	1	7550	1	0	next	other	0
MAXED_1038_Day_B	220	Pulse	99	3660000	271	NA
MAXED_1038_Day_B	221	Picture	stage2_up	3667279	0	1	7550	1	0	next	other	0
MAXED_1038_Day_B	222	Picture	stage2_lose	3674829	0	1	10054	1	0	next	other	0
MAXED_1038_Day_B	222	Pulse	99	3680000	5171	NA
MAXED_1038_Day_B	223	Pulse	99	3700000	15117	NA
MAXED_1038_Day_B	223	Pulse	99	3720000	35117	NA
MAXED_1038_Day_B	223	Pulse	99	3740000	55117	NA
MAXED_1038_Day_B	223	Pulse	99	3760000	75117	NA
MAXED_1038_Day_B	223	Pulse	99	3780000	95117	NA
MAXED_1038_Day_B	223	Pulse	99	3800000	115117	NA
MAXED_1038_Day_B	223	Response	88	3810692	125809	1
