Scenario - 
Logfile written - 03/31/2023 16:51:52

Subject	Trial	Event Type	Code	Time	TTime	Uncertainty	Duration	Uncertainty	ReqTime	ReqDur	Stim Type	Pair Index

MAXED_1051_A	0	Pulse	99	0	0	NA
MAXED_1051_A	1	Picture	instructions_1	333	0	1	115187	1	0	next	false_alarm	8
MAXED_1051_A	1	Pulse	99	20000	19667	NA
MAXED_1051_A	1	Pulse	99	40000	39667	NA
MAXED_1051_A	1	Pulse	99	60000	59667	NA
MAXED_1051_A	1	Pulse	99	80000	79667	NA
MAXED_1051_A	1	Pulse	99	100000	99667	NA
MAXED_1051_A	1	Response	88	115291	114958	1
MAXED_1051_A	2	Picture	instructions_2	115520	0	1	26123	1	0	next	false_alarm	12
MAXED_1051_A	2	Pulse	99	120000	4480	NA
MAXED_1051_A	2	Pulse	99	140000	24480	NA
MAXED_1051_A	2	Response	88	141417	25897	1
MAXED_1051_A	3	Picture	instructions_3	141643	0	1	34897	1	0	next	false_alarm	15
MAXED_1051_A	3	Pulse	99	160000	18357	NA
MAXED_1051_A	3	Response	88	176314	34671	1
MAXED_1051_A	4	Picture	instructions_4	176540	0	1	47692	1	0	next	false_alarm	20
MAXED_1051_A	4	Pulse	99	180000	3460	NA
MAXED_1051_A	4	Pulse	99	200000	23460	NA
MAXED_1051_A	4	Pulse	99	220000	43460	NA
MAXED_1051_A	4	Response	88	224007	47466	1
MAXED_1051_A	5	Picture	instructions_5	224232	0	1	36825	1	0	next	false_alarm	24
MAXED_1051_A	5	Pulse	99	240000	15768	NA
MAXED_1051_A	5	Pulse	99	260000	35768	NA
MAXED_1051_A	5	Response	88	260832	36600	1
MAXED_1051_A	6	Picture	instructions_6	261058	0	1	32178	1	0	next	false_alarm	27
MAXED_1051_A	6	Pulse	99	280000	18942	NA
MAXED_1051_A	6	Response	88	293010	31952	1
MAXED_1051_A	7	Picture	instructions_7	293236	0	1	99269	1	0	next	false_alarm	34
MAXED_1051_A	7	Pulse	99	300000	6764	NA
MAXED_1051_A	7	Pulse	99	320000	26764	NA
MAXED_1051_A	7	Pulse	99	340000	46764	NA
MAXED_1051_A	7	Pulse	99	360000	66764	NA
MAXED_1051_A	7	Pulse	99	380000	86764	NA
MAXED_1051_A	7	Response	88	392279	99042	1
MAXED_1051_A	8	Picture	instructions_8	392505	0	1	52947	1	0	next	false_alarm	39
MAXED_1051_A	8	Pulse	99	400000	7495	NA
MAXED_1051_A	8	Pulse	99	420000	27495	NA
MAXED_1051_A	8	Pulse	99	440000	47495	NA
MAXED_1051_A	8	Response	88	445227	52722	1
MAXED_1051_A	9	Picture	instructions_9	445452	0	1	37382	1	0	next	false_alarm	43
MAXED_1051_A	9	Pulse	99	460000	14548	NA
MAXED_1051_A	9	Pulse	99	480000	34548	NA
MAXED_1051_A	9	Response	88	482607	37155	1
MAXED_1051_A	10	Picture	instructions_10	482835	0	1	70857	1	0	next	false_alarm	48
MAXED_1051_A	10	Pulse	99	500000	17165	NA
MAXED_1051_A	10	Pulse	99	520000	37165	NA
MAXED_1051_A	10	Pulse	99	540000	57165	NA
MAXED_1051_A	10	Response	88	553465	70630	1
MAXED_1051_A	11	Picture	instructions_11	553692	0	1	50583	1	0	next	false_alarm	53
MAXED_1051_A	11	Pulse	99	560000	6308	NA
MAXED_1051_A	11	Pulse	99	580000	26308	NA
MAXED_1051_A	11	Pulse	99	600000	46308	NA
MAXED_1051_A	11	Response	88	604049	50357	1
MAXED_1051_A	12	Picture	instructions_12	604275	0	1	28293	1	0	next	false_alarm	56
MAXED_1051_A	12	Pulse	99	620000	15725	NA
MAXED_1051_A	12	Response	88	632343	28068	1
MAXED_1051_A	13	Picture	instructions_13	632568	0	1	36147	1	0	next	false_alarm	60
MAXED_1051_A	13	Pulse	99	640000	7432	NA
MAXED_1051_A	13	Pulse	99	660000	27432	NA
MAXED_1051_A	13	Response	88	668489	35921	1
MAXED_1051_A	14	Picture	instructions_14	668715	0	1	53202	1	0	next	false_alarm	65
MAXED_1051_A	14	Pulse	99	680000	11285	NA
MAXED_1051_A	14	Pulse	99	700000	31285	NA
MAXED_1051_A	14	Pulse	99	720000	51285	NA
MAXED_1051_A	14	Response	88	721690	52975	1
MAXED_1051_A	15	Picture	instructions_15	721917	0	1	44659	1	0	next	false_alarm	69
MAXED_1051_A	15	Pulse	99	740000	18083	NA
MAXED_1051_A	15	Pulse	99	760000	38083	NA
MAXED_1051_A	15	Response	88	766349	44433	1
MAXED_1051_A	16	Picture	instructions_16	766576	0	1	27618	1	0	next	false_alarm	72
MAXED_1051_A	16	Pulse	99	780000	13424	NA
MAXED_1051_A	16	Response	88	793969	27393	1
MAXED_1051_A	17	Picture	instructions_17	794194	0	1	11007	1	0	next	false_alarm	75
MAXED_1051_A	17	Pulse	99	800000	5806	NA
MAXED_1051_A	17	Response	88	804973	10780	1
MAXED_1051_A	18	Picture	instructions_18	805200	0	1	28501	1	0	next	false_alarm	78
MAXED_1051_A	18	Pulse	99	820000	14800	NA
MAXED_1051_A	18	Response	88	833475	28274	1
MAXED_1051_A	19	Picture	instructions_19	833701	0	1	57539	1	0	next	false_alarm	83
MAXED_1051_A	19	Pulse	99	840000	6299	NA
MAXED_1051_A	19	Pulse	99	860000	26299	NA
MAXED_1051_A	19	Pulse	99	880000	46299	NA
MAXED_1051_A	19	Response	88	891014	57313	1
MAXED_1051_A	20	Picture	instructions_20	891240	0	1	40614	1	0	next	false_alarm	87
MAXED_1051_A	20	Pulse	99	900000	8760	NA
MAXED_1051_A	20	Pulse	99	920000	28760	NA
MAXED_1051_A	20	Response	88	931624	40383	1
MAXED_1051_A	21	Picture	instructions_21	931855	0	1	46481	1	0	next	false_alarm	91
MAXED_1051_A	21	Pulse	99	940000	8145	NA
MAXED_1051_A	21	Pulse	99	960000	28145	NA
MAXED_1051_A	21	Response	88	978109	46255	1
MAXED_1051_A	22	Picture	instructions_22	978336	0	1	24469	1	0	next	false_alarm	95
MAXED_1051_A	22	Pulse	99	980000	1664	NA
MAXED_1051_A	22	Pulse	99	1000000	21664	NA
MAXED_1051_A	22	Response	88	1002580	24244	1
MAXED_1051_A	23	Picture	instructions_23	1002805	0	1	30097	1	0	next	false_alarm	98
MAXED_1051_A	23	Pulse	99	1020000	17195	NA
MAXED_1051_A	23	Response	88	1032677	29872	1
MAXED_1051_A	24	Picture	instructions_24	1032902	0	1	27786	1	0	next	false_alarm	102
MAXED_1051_A	24	Pulse	99	1040000	7098	NA
MAXED_1051_A	24	Pulse	99	1060000	27098	NA
MAXED_1051_A	24	Response	88	1060462	27559	1
MAXED_1051_A	25	Picture	instructions_25	1060688	0	1	23386	1	0	next	false_alarm	105
MAXED_1051_A	25	Pulse	99	1080000	19312	NA
MAXED_1051_A	25	Response	88	1083848	23160	1
MAXED_1051_A	26	Picture	instructions_26	1084074	0	1	54770	1	0	next	false_alarm	109
MAXED_1051_A	26	Pulse	99	1100000	15926	NA
MAXED_1051_A	26	Pulse	99	1120000	35926	NA
MAXED_1051_A	26	Response	88	1138618	54544	1
MAXED_1051_A	27	Picture	instructions_27	1138844	0	1	49471	1	0	next	false_alarm	114
MAXED_1051_A	27	Pulse	99	1140000	1156	NA
MAXED_1051_A	27	Pulse	99	1160000	21156	NA
MAXED_1051_A	27	Pulse	99	1180000	41156	NA
MAXED_1051_A	27	Response	88	1188256	49413	1
MAXED_1051_A	28	Picture	instructions_28	1188315	0	1	14399	1	0	next	false_alarm	117
MAXED_1051_A	28	Pulse	99	1200000	11685	NA
MAXED_1051_A	28	Response	88	1202530	14215	1
MAXED_1051_A	29	Picture	instructions_29	1202714	0	1	18479	1	0	next	false_alarm	120
MAXED_1051_A	29	Pulse	99	1220000	17286	NA
MAXED_1051_A	29	Response	88	1220966	18253	1
MAXED_1051_A	30	Picture	instructions_30	1221193	0	1	103745	1	0	next	false_alarm	127
MAXED_1051_A	30	Pulse	99	1240000	18807	NA
MAXED_1051_A	30	Pulse	99	1260000	38807	NA
MAXED_1051_A	30	Pulse	99	1280000	58807	NA
MAXED_1051_A	30	Pulse	99	1300000	78807	NA
MAXED_1051_A	30	Pulse	99	1320000	98807	NA
MAXED_1051_A	30	Response	88	1324713	103520	1
MAXED_1051_A	31	Picture	instructions_31	1324938	0	1	78651	1	0	next	false_alarm	133
MAXED_1051_A	31	Pulse	99	1340000	15062	NA
MAXED_1051_A	31	Pulse	99	1360000	35062	NA
MAXED_1051_A	31	Pulse	99	1380000	55062	NA
MAXED_1051_A	31	Pulse	99	1400000	75062	NA
MAXED_1051_A	31	Response	88	1403359	78422	1
MAXED_1051_A	32	Picture	instructions_32	1403588	0	1	76132	1	0	next	false_alarm	138
MAXED_1051_A	32	Pulse	99	1420000	16412	NA
MAXED_1051_A	32	Pulse	99	1440000	36412	NA
MAXED_1051_A	32	Pulse	99	1460000	56412	NA
MAXED_1051_A	32	Response	88	1479496	75907	1
MAXED_1051_A	33	Picture	instructions_33	1479721	0	1	72854	1	0	next	false_alarm	144
MAXED_1051_A	33	Pulse	99	1480000	279	NA
MAXED_1051_A	33	Pulse	99	1500000	20279	NA
MAXED_1051_A	33	Pulse	99	1520000	40279	NA
MAXED_1051_A	33	Pulse	99	1540000	60279	NA
MAXED_1051_A	33	Response	88	1552514	72794	1
MAXED_1051_A	34	Picture	instructions_34	1552574	0	1	65931	1	0	next	false_alarm	149
MAXED_1051_A	34	Pulse	99	1560000	7426	NA
MAXED_1051_A	34	Pulse	99	1580000	27426	NA
MAXED_1051_A	34	Pulse	99	1600000	47426	NA
MAXED_1051_A	34	Response	88	1618281	65707	1
MAXED_1051_A	35	Picture	instructions_35	1618505	0	1	74342	1	0	next	false_alarm	155
MAXED_1051_A	35	Pulse	99	1620000	1495	NA
MAXED_1051_A	35	Pulse	99	1640000	21495	NA
MAXED_1051_A	35	Pulse	99	1660000	41495	NA
MAXED_1051_A	35	Pulse	99	1680000	61495	NA
MAXED_1051_A	35	Response	88	1692621	74116	1
MAXED_1051_A	36	Picture	instructions_36	1692848	0	1	88368	1	0	next	false_alarm	162
MAXED_1051_A	36	Pulse	99	1700000	7152	NA
MAXED_1051_A	36	Pulse	99	1720000	27152	NA
MAXED_1051_A	36	Pulse	99	1740000	47152	NA
MAXED_1051_A	36	Pulse	99	1760000	67152	NA
MAXED_1051_A	36	Pulse	99	1780000	87152	NA
MAXED_1051_A	36	Response	88	1781129	88281	1
MAXED_1051_A	37	Picture	instructions_37	1781215	0	1	32172	1	0	next	false_alarm	165
MAXED_1051_A	37	Pulse	99	1800000	18785	NA
MAXED_1051_A	37	Response	88	1813332	32117	1
MAXED_1051_A	38	Picture	instructions_38	1813387	0	1	105480	1	0	next	false_alarm	172
MAXED_1051_A	38	Pulse	99	1820000	6613	NA
MAXED_1051_A	38	Pulse	99	1840000	26613	NA
MAXED_1051_A	38	Pulse	99	1860000	46613	NA
MAXED_1051_A	38	Pulse	99	1880000	66613	NA
MAXED_1051_A	38	Pulse	99	1900000	86613	NA
MAXED_1051_A	38	Response	88	1918808	105420	1
MAXED_1051_A	39	Picture	instructions_39	1918868	0	1	25160	1	0	next	false_alarm	176
MAXED_1051_A	39	Pulse	99	1920000	1132	NA
MAXED_1051_A	39	Pulse	99	1940000	21132	NA
MAXED_1051_A	39	Response	88	1943970	25102	1
MAXED_1051_A	40	Picture	instructions_40	1944027	0	1	44646	1	0	next	false_alarm	180
MAXED_1051_A	40	Pulse	99	1960000	15973	NA
MAXED_1051_A	40	Pulse	99	1980000	35973	NA
MAXED_1051_A	40	Response	88	1988617	44590	1
MAXED_1051_A	41	Picture	instructions_41	1988673	0	1	15600	1	0	next	false_alarm	183
MAXED_1051_A	41	Pulse	99	2000000	11327	NA
MAXED_1051_A	41	Response	88	2004217	15544	1
MAXED_1051_A	42	Picture	instructions_42	2004274	0	1	17301	1	0	next	false_alarm	186
MAXED_1051_A	42	Pulse	99	2020000	15726	NA
MAXED_1051_A	42	Response	88	2021519	17245	1
MAXED_1051_A	43	Picture	instructions_43	2021575	0	1	18737	1	0	next	false_alarm	189
MAXED_1051_A	43	Pulse	99	2040000	18425	NA
MAXED_1051_A	43	Response	88	2040252	18677	1
MAXED_1051_A	44	Picture	instructions_44	2040311	0	1	24426	1	0	next	false_alarm	192
MAXED_1051_A	44	Pulse	99	2060000	19689	NA
MAXED_1051_A	44	Response	88	2064510	24199	1
MAXED_1051_A	45	Picture	instructions_45	2064737	0	1	17461	1	0	next	false_alarm	195
MAXED_1051_A	45	Pulse	99	2080000	15263	NA
MAXED_1051_A	45	Response	88	2082143	17406	1
MAXED_1051_A	46	Picture	instructions_46	2082198	0	1	51982	1	0	next	false_alarm	199
MAXED_1051_A	46	Pulse	99	2100000	17802	NA
MAXED_1051_A	46	Pulse	99	2120000	37802	NA
MAXED_1051_A	46	Response	88	2134122	51924	1
MAXED_1051_A	47	Picture	fixation	2134180	0	1	5165	1	0	next	other	0
MAXED_1051_A	48	Picture	stage1	2139345	0	1	11330	1	0	next	false_alarm	203
MAXED_1051_A	48	Pulse	99	2140000	655	NA
MAXED_1051_A	48	Response	2	2150561	11217	1
MAXED_1051_A	49	Picture	stage1_box	2150674	0	1	7664	1	0	next	other	0
MAXED_1051_A	50	Picture	stage1_outcome	2158338	0	1	167	1	0	next	other	0
MAXED_1051_A	51	Picture	stage2B	2158505	0	1	12662	1	0	next	false_alarm	208
MAXED_1051_A	51	Pulse	99	2160000	1495	NA
MAXED_1051_A	51	Response	1	2170965	12460	1
MAXED_1051_A	52	Picture	stage2_box	2171167	0	1	7664	1	0	next	other	0
MAXED_1051_A	53	Picture	stage2_up	2178831	0	1	7664	1	0	next	other	0
MAXED_1051_A	53	Pulse	99	2180000	1169	NA
MAXED_1051_A	54	Picture	stage2_lose	2186495	0	1	10163	1	0	next	other	0
MAXED_1051_A	55	Picture	stage1	2196659	0	1	9663	1	0	next	false_alarm	215
MAXED_1051_A	55	Pulse	99	2200000	3341	NA
MAXED_1051_A	55	Response	1	2206260	9602	1
MAXED_1051_A	56	Picture	stage1_box	2206322	0	1	7664	1	0	next	other	0
MAXED_1051_A	57	Picture	stage1_outcome	2213986	0	1	167	1	0	next	other	0
MAXED_1051_A	58	Picture	stage2B	2214153	0	1	8664	1	0	next	false_alarm	220
MAXED_1051_A	58	Pulse	99	2220000	5847	NA
MAXED_1051_A	58	Response	2	2222698	8545	1
MAXED_1051_A	59	Picture	stage2_box	2222816	0	1	7550	1	0	next	other	0
MAXED_1051_A	60	Picture	stage2_up	2230367	0	1	7551	1	0	next	other	0
MAXED_1051_A	61	Picture	stage2_lose	2237918	0	1	10133	1	0	next	other	0
MAXED_1051_A	61	Pulse	99	2240000	2083	NA
MAXED_1051_A	62	Picture	stage1	2248051	0	1	4043	1	0	next	false_alarm	226
MAXED_1051_A	62	Response	1	2252044	3993	1
MAXED_1051_A	63	Picture	stage1_box	2252094	0	1	7550	1	0	next	other	0
MAXED_1051_A	64	Picture	stage1_outcome	2259644	0	1	167	1	0	next	other	0
MAXED_1051_A	65	Picture	stage2A	2259811	0	1	4880	1	0	next	false_alarm	231
MAXED_1051_A	65	Pulse	99	2260000	189	NA
MAXED_1051_A	65	Response	1	2264637	4827	1
MAXED_1051_A	66	Picture	stage2_box	2264690	0	1	7551	1	0	next	other	0
MAXED_1051_A	67	Picture	stage2_up	2272241	0	1	7550	1	0	next	other	0
MAXED_1051_A	68	Picture	stage2_lose	2279791	0	1	10062	1	0	next	other	0
MAXED_1051_A	68	Pulse	99	2280000	209	NA
MAXED_1051_A	69	Picture	stage1	2289853	0	1	5823	1	0	next	false_alarm	237
MAXED_1051_A	69	Response	1	2295624	5772	1
MAXED_1051_A	70	Picture	stage1_box	2295675	0	1	7550	1	0	next	other	0
MAXED_1051_A	70	Pulse	99	2300000	4325	NA
MAXED_1051_A	71	Picture	stage1_outcome	2303226	0	1	167	1	0	next	other	0
MAXED_1051_A	72	Picture	stage2A	2303392	0	1	4456	1	0	next	false_alarm	242
MAXED_1051_A	72	Response	2	2307795	4403	1
MAXED_1051_A	73	Picture	stage2_box	2307848	0	1	7550	1	0	next	other	0
MAXED_1051_A	74	Picture	stage2_up	2315398	0	1	7551	1	0	next	other	0
MAXED_1051_A	74	Pulse	99	2320000	4602	NA
MAXED_1051_A	75	Picture	stage2_lose	2322949	0	1	10051	1	0	next	other	0
MAXED_1051_A	76	Picture	stage1	2332999	0	1	4457	1	0	next	false_alarm	248
MAXED_1051_A	76	Response	2	2337407	4407	1
MAXED_1051_A	77	Picture	stage1_box	2337457	0	1	7551	1	0	next	other	0
MAXED_1051_A	77	Pulse	99	2340000	2543	NA
MAXED_1051_A	78	Picture	stage1_outcome	2345007	0	1	167	1	0	next	other	0
MAXED_1051_A	79	Picture	stage2B	2345174	0	1	3101	1	0	next	false_alarm	253
MAXED_1051_A	79	Response	1	2348224	3050	1
MAXED_1051_A	80	Picture	stage2_box	2348274	0	1	7664	1	0	next	other	0
MAXED_1051_A	81	Picture	stage2_up	2355939	0	1	7664	1	0	next	other	0
MAXED_1051_A	81	Pulse	99	2360000	4061	NA
MAXED_1051_A	82	Picture	stage2_win	2363603	0	1	10163	1	0	next	other	0
MAXED_1051_A	83	Picture	stage1	2373766	0	1	4998	1	0	next	false_alarm	259
MAXED_1051_A	83	Response	2	2378708	4942	1
MAXED_1051_A	84	Picture	stage1_box	2378764	0	1	7550	1	0	next	other	0
MAXED_1051_A	84	Pulse	99	2380000	1236	NA
MAXED_1051_A	85	Picture	stage1_outcome	2386314	0	1	167	1	0	next	other	0
MAXED_1051_A	86	Picture	stage2B	2386480	0	1	3744	1	0	next	false_alarm	264
MAXED_1051_A	86	Response	1	2390174	3693	1
MAXED_1051_A	87	Picture	stage2_box	2390224	0	1	7664	1	0	next	other	0
MAXED_1051_A	88	Picture	stage2_up	2397888	0	1	7664	1	0	next	other	0
MAXED_1051_A	88	Pulse	99	2400000	2112	NA
MAXED_1051_A	89	Picture	stage2_win	2405552	0	1	10162	2	0	next	other	0
MAXED_1051_A	90	Picture	stage1	2415714	0	2	3666	2	0	next	false_alarm	270
MAXED_1051_A	90	Response	2	2419201	3486	1
MAXED_1051_A	91	Picture	stage1_box	2419381	0	1	7664	1	0	next	other	0
MAXED_1051_A	91	Pulse	99	2420000	619	NA
MAXED_1051_A	92	Picture	stage1_outcome	2427045	0	1	167	1	0	next	other	0
MAXED_1051_A	93	Picture	stage2A	2427212	0	1	3830	1	0	next	false_alarm	275
MAXED_1051_A	93	Response	1	2431003	3792	1
MAXED_1051_A	94	Picture	stage2_box	2431042	0	1	7550	1	0	next	other	0
MAXED_1051_A	95	Picture	stage2_up	2438592	0	1	7551	1	0	next	other	0
MAXED_1051_A	95	Pulse	99	2440000	1408	NA
MAXED_1051_A	96	Picture	stage2_lose	2446143	0	1	10050	1	0	next	other	0
MAXED_1051_A	97	Picture	stage1	2456193	0	1	5097	1	0	next	false_alarm	282
MAXED_1051_A	97	Pulse	99	2460000	3807	NA
MAXED_1051_A	97	Response	2	2461240	5046	1
MAXED_1051_A	98	Picture	stage1_box	2461290	0	1	7550	1	0	next	other	0
MAXED_1051_A	99	Picture	stage1_outcome	2468840	0	1	167	1	0	next	other	0
MAXED_1051_A	100	Picture	stage2B	2469007	0	1	3728	1	0	next	false_alarm	286
MAXED_1051_A	100	Response	1	2472684	3678	1
MAXED_1051_A	101	Picture	stage2_box	2472734	0	1	7664	1	0	next	other	0
MAXED_1051_A	101	Pulse	99	2480000	7266	NA
MAXED_1051_A	102	Picture	stage2_up	2480399	0	1	7664	1	0	next	other	0
MAXED_1051_A	103	Picture	stage2_win	2488063	0	1	10163	1	0	next	other	0
MAXED_1051_A	104	Picture	stage1	2498226	0	1	4998	1	0	next	false_alarm	293
MAXED_1051_A	104	Pulse	99	2500000	1774	NA
MAXED_1051_A	104	Response	2	2503190	4964	1
MAXED_1051_A	105	Picture	stage1_box	2503224	0	1	7550	1	0	next	other	0
MAXED_1051_A	106	Picture	stage1_outcome	2510774	0	1	167	1	0	next	other	0
MAXED_1051_A	107	Picture	stage2A	2510941	0	1	9564	1	0	next	false_alarm	298
MAXED_1051_A	107	Pulse	99	2520000	9059	NA
MAXED_1051_A	107	Response	2	2520454	9513	1
MAXED_1051_A	108	Picture	stage2_box	2520505	0	1	7550	1	0	next	other	0
MAXED_1051_A	109	Picture	stage2_up	2528055	0	1	7551	1	0	next	other	0
MAXED_1051_A	110	Picture	stage2_win	2535605	0	1	10051	1	0	next	other	0
MAXED_1051_A	110	Pulse	99	2540000	4395	NA
MAXED_1051_A	111	Picture	stage1	2545657	0	1	4611	1	0	next	false_alarm	304
MAXED_1051_A	111	Response	1	2550218	4561	1
MAXED_1051_A	112	Picture	stage1_box	2550268	0	1	7606	1	0	next	other	0
MAXED_1051_A	113	Picture	stage1_outcome	2557874	0	1	167	1	0	next	other	0
MAXED_1051_A	114	Picture	stage2B	2558040	0	1	12171	1	0	next	false_alarm	309
MAXED_1051_A	114	Pulse	99	2560000	1960	NA
MAXED_1051_A	114	Response	1	2570161	12121	1
MAXED_1051_A	115	Picture	stage2_box	2570211	0	1	7664	1	0	next	other	0
MAXED_1051_A	116	Picture	stage2_up	2577875	0	1	7664	1	0	next	other	0
MAXED_1051_A	116	Pulse	99	2580000	2125	NA
MAXED_1051_A	117	Picture	stage2_win	2585539	0	1	10163	1	0	next	other	0
MAXED_1051_A	118	Picture	stage1	2595703	0	1	4998	1	0	next	false_alarm	316
MAXED_1051_A	118	Pulse	99	2600000	4297	NA
MAXED_1051_A	118	Response	1	2600562	4860	1
MAXED_1051_A	119	Picture	stage1_box	2600701	0	1	7550	1	0	next	other	0
MAXED_1051_A	120	Picture	stage1_outcome	2608251	0	1	167	1	0	next	other	0
MAXED_1051_A	121	Picture	stage2A	2608418	0	1	4368	1	0	next	false_alarm	320
MAXED_1051_A	121	Response	2	2612735	4317	1
MAXED_1051_A	122	Picture	stage2_box	2612786	0	1	7552	1	0	next	other	0
MAXED_1051_A	122	Pulse	99	2620000	7214	NA
MAXED_1051_A	123	Picture	stage2_up	2620337	0	1	7550	1	0	next	other	0
MAXED_1051_A	124	Picture	stage2_win	2627887	0	1	10051	1	0	next	other	0
MAXED_1051_A	125	Picture	stage1	2637938	0	1	7497	1	0	next	false_alarm	327
MAXED_1051_A	125	Pulse	99	2640000	2062	NA
MAXED_1051_A	125	Response	1	2645385	7447	1
MAXED_1051_A	126	Picture	stage1_box	2645435	0	1	7529	1	0	next	other	0
MAXED_1051_A	127	Picture	stage1_outcome	2652965	0	1	167	1	0	next	other	0
MAXED_1051_A	128	Picture	stage2A	2653131	0	1	4270	1	0	next	false_alarm	331
MAXED_1051_A	128	Response	2	2657350	4219	1
MAXED_1051_A	129	Picture	stage2_box	2657401	0	1	7562	1	0	next	other	0
MAXED_1051_A	129	Pulse	99	2660000	2599	NA
MAXED_1051_A	130	Picture	stage2_up	2664963	0	1	7550	1	0	next	other	0
MAXED_1051_A	131	Picture	stage2_win	2672513	0	1	10051	1	0	next	other	0
MAXED_1051_A	131	Pulse	99	2680000	7487	NA
MAXED_1051_A	132	Picture	stage1	2682563	0	1	3909	1	0	next	false_alarm	338
MAXED_1051_A	132	Response	1	2686421	3858	1
MAXED_1051_A	133	Picture	stage1_box	2686472	0	1	7553	1	0	next	other	0
MAXED_1051_A	134	Picture	stage1_outcome	2694025	0	1	167	1	0	next	other	0
MAXED_1051_A	135	Picture	stage2A	2694191	0	1	4975	1	0	next	false_alarm	342
MAXED_1051_A	135	Response	2	2699116	4925	1
MAXED_1051_A	136	Picture	stage2_box	2699166	0	1	7561	1	0	next	other	0
MAXED_1051_A	136	Pulse	99	2700000	834	NA
MAXED_1051_A	137	Picture	stage2_up	2706728	0	1	7550	1	0	next	other	0
MAXED_1051_A	138	Picture	stage2_lose	2714278	0	1	10050	1	0	next	other	0
MAXED_1051_A	138	Pulse	99	2720000	5722	NA
MAXED_1051_A	139	Picture	stage1	2724328	0	1	3066	1	0	next	false_alarm	349
MAXED_1051_A	139	Response	2	2727344	3017	1
MAXED_1051_A	140	Picture	stage1_box	2727393	0	1	7550	1	0	next	other	0
MAXED_1051_A	141	Picture	stage1_outcome	2734944	0	1	167	1	0	next	other	0
MAXED_1051_A	142	Picture	stage2B	2735110	0	1	2795	1	0	next	false_alarm	353
MAXED_1051_A	142	Response	1	2737856	2746	1
MAXED_1051_A	143	Picture	stage2_box	2737905	0	1	7664	1	0	next	other	0
MAXED_1051_A	143	Pulse	99	2740000	2095	NA
MAXED_1051_A	144	Picture	stage2_up	2745569	0	1	7664	1	0	next	other	0
MAXED_1051_A	145	Picture	stage2_win	2753234	0	1	10163	1	0	next	other	0
MAXED_1051_A	145	Pulse	99	2760000	6766	NA
MAXED_1051_A	146	Picture	stage1	2763397	0	1	3665	1	0	next	false_alarm	360
MAXED_1051_A	146	Response	2	2766904	3507	1
MAXED_1051_A	147	Picture	stage1_box	2767062	0	1	7664	1	0	next	other	0
MAXED_1051_A	148	Picture	stage1_outcome	2774726	0	1	167	1	0	next	other	0
MAXED_1051_A	149	Picture	stage2A	2774893	0	1	11755	1	0	next	false_alarm	365
MAXED_1051_A	149	Pulse	99	2780000	5107	NA
MAXED_1051_A	149	Response	1	2786609	11716	1
MAXED_1051_A	150	Picture	stage2_box	2786648	0	1	7538	1	0	next	other	0
MAXED_1051_A	151	Picture	stage2_up	2794186	0	1	7549	1	0	next	other	0
MAXED_1051_A	151	Pulse	99	2800000	5814	NA
MAXED_1051_A	152	Picture	stage2_win	2801735	0	1	10050	1	0	next	other	0
MAXED_1051_A	153	Picture	stage1	2811785	0	1	5005	1	0	next	false_alarm	371
MAXED_1051_A	153	Response	1	2816740	4956	1
MAXED_1051_A	154	Picture	stage1_box	2816790	0	1	7649	1	0	next	other	0
MAXED_1051_A	154	Pulse	99	2820000	3210	NA
MAXED_1051_A	155	Picture	stage1_outcome	2824439	0	1	167	1	0	next	other	0
MAXED_1051_A	156	Picture	stage2A	2824605	0	1	3630	1	0	next	false_alarm	376
MAXED_1051_A	156	Response	1	2828197	3592	1
MAXED_1051_A	157	Picture	stage2_box	2828236	0	1	7539	1	0	next	other	0
MAXED_1051_A	158	Picture	stage2_up	2835775	0	1	7549	1	0	next	other	0
MAXED_1051_A	158	Pulse	99	2840000	4225	NA
MAXED_1051_A	159	Picture	stage2_win	2843324	0	1	10051	1	0	next	other	0
MAXED_1051_A	160	Picture	stage1	2853374	0	1	4080	1	0	next	false_alarm	382
MAXED_1051_A	160	Response	1	2857405	4030	1
MAXED_1051_A	161	Picture	stage1_box	2857454	0	1	7550	1	0	next	other	0
MAXED_1051_A	161	Pulse	99	2860000	2546	NA
MAXED_1051_A	162	Picture	stage1_outcome	2865004	0	1	167	1	0	next	other	0
MAXED_1051_A	163	Picture	stage2A	2865171	0	1	5661	1	0	next	false_alarm	387
MAXED_1051_A	163	Response	1	2870781	5611	1
MAXED_1051_A	164	Picture	stage2_box	2870831	0	1	7549	1	0	next	other	0
MAXED_1051_A	165	Picture	stage2_up	2878381	0	1	7550	1	0	next	other	0
MAXED_1051_A	165	Pulse	99	2880000	1619	NA
MAXED_1051_A	166	Picture	stage2_win	2885930	0	1	10050	1	0	next	other	0
MAXED_1051_A	167	Picture	stage1	2895981	0	1	5244	1	0	next	false_alarm	394
MAXED_1051_A	167	Pulse	99	2900000	4020	NA
MAXED_1051_A	167	Response	1	2901175	5195	1
MAXED_1051_A	168	Picture	stage1_box	2901225	0	1	7550	1	0	next	other	0
MAXED_1051_A	169	Picture	stage1_outcome	2908774	0	1	167	1	0	next	other	0
MAXED_1051_A	170	Picture	stage2B	2908941	0	1	6832	1	0	next	false_alarm	398
MAXED_1051_A	170	Response	1	2915723	6782	1
MAXED_1051_A	171	Picture	stage2_box	2915773	0	1	7664	1	0	next	other	0
MAXED_1051_A	171	Pulse	99	2920000	4227	NA
MAXED_1051_A	172	Picture	stage2_up	2923437	0	1	7664	1	0	next	other	0
MAXED_1051_A	173	Picture	stage2_win	2931101	0	1	10163	1	0	next	other	0
MAXED_1051_A	173	Pulse	99	2940000	8899	NA
MAXED_1051_A	174	Picture	stage1	2941264	0	1	3665	1	0	next	false_alarm	405
MAXED_1051_A	174	Response	2	2944900	3636	1
MAXED_1051_A	175	Picture	stage1_box	2944930	0	1	7664	1	0	next	other	0
MAXED_1051_A	176	Picture	stage1_outcome	2952594	0	1	167	1	0	next	other	0
MAXED_1051_A	177	Picture	stage2B	2952760	0	1	5189	1	0	next	false_alarm	409
MAXED_1051_A	177	Response	1	2957900	5139	1
MAXED_1051_A	178	Picture	stage2_box	2957949	0	1	7664	1	0	next	other	0
MAXED_1051_A	178	Pulse	99	2960000	2051	NA
MAXED_1051_A	179	Picture	stage2_up	2965613	0	1	7664	1	0	next	other	0
MAXED_1051_A	180	Picture	stage2_lose	2973277	0	1	10050	1	0	next	other	0
MAXED_1051_A	180	Pulse	99	2980000	6723	NA
MAXED_1051_A	181	Picture	stage1	2983328	0	1	3830	1	0	next	false_alarm	416
MAXED_1051_A	181	Response	1	2987108	3780	1
MAXED_1051_A	182	Picture	stage1_box	2987157	0	1	7550	1	0	next	other	0
MAXED_1051_A	183	Picture	stage1_outcome	2994707	0	1	167	1	0	next	other	0
MAXED_1051_A	184	Picture	stage2B	2994873	0	1	9143	1	0	next	false_alarm	421
MAXED_1051_A	184	Pulse	99	3000000	5127	NA
MAXED_1051_A	184	Response	2	3003962	9089	3
MAXED_1051_A	185	Picture	stage2_box	3004016	0	1	7664	1	0	next	other	0
MAXED_1051_A	186	Picture	stage2_up	3011680	0	1	7664	1	0	next	other	0
MAXED_1051_A	187	Picture	stage2_lose	3019344	0	1	10051	1	0	next	other	0
MAXED_1051_A	187	Pulse	99	3020000	656	NA
MAXED_1051_A	188	Picture	stage1	3029395	0	1	10937	1	0	next	false_alarm	428
MAXED_1051_A	188	Pulse	99	3040000	10605	NA
MAXED_1051_A	188	Response	1	3040282	10887	1
MAXED_1051_A	189	Picture	stage1_box	3040332	0	1	7564	1	0	next	other	0
MAXED_1051_A	190	Picture	stage1_outcome	3047896	0	1	167	1	0	next	other	0
MAXED_1051_A	191	Picture	stage2B	3048063	0	1	13514	1	0	next	false_alarm	433
MAXED_1051_A	191	Pulse	99	3060000	11937	NA
MAXED_1051_A	191	Response	1	3061526	13464	1
MAXED_1051_A	192	Picture	stage2_box	3061576	0	1	7664	1	0	next	other	0
MAXED_1051_A	193	Picture	stage2_up	3069240	0	1	7664	1	0	next	other	0
MAXED_1051_A	194	Picture	stage2_win	3076905	0	1	10163	1	0	next	other	0
MAXED_1051_A	194	Pulse	99	3080000	3095	NA
MAXED_1051_A	195	Picture	stage1	3087068	0	1	5332	1	0	next	false_alarm	439
MAXED_1051_A	195	Response	2	3092315	5247	1
MAXED_1051_A	196	Picture	stage1_box	3092399	0	1	7540	1	0	next	other	0
MAXED_1051_A	197	Picture	stage1_outcome	3099939	0	1	167	1	0	next	other	0
MAXED_1051_A	197	Pulse	99	3100000	61	NA
MAXED_1051_A	198	Picture	stage2B	3100106	0	1	4561	1	0	next	false_alarm	444
MAXED_1051_A	198	Response	1	3104617	4511	1
MAXED_1051_A	199	Picture	stage2_box	3104666	0	1	7664	1	0	next	other	0
MAXED_1051_A	200	Picture	stage2_up	3112330	0	1	7664	1	0	next	other	0
MAXED_1051_A	201	Picture	stage2_lose	3119994	0	1	10050	1	0	next	other	0
MAXED_1051_A	201	Pulse	99	3120000	6	NA
MAXED_1051_A	202	Picture	stage1	3130044	0	1	2855	1	0	next	false_alarm	450
MAXED_1051_A	202	Response	1	3132860	2816	1
MAXED_1051_A	203	Picture	stage1_box	3132899	0	1	7539	1	0	next	other	0
MAXED_1051_A	203	Pulse	99	3140000	7101	NA
MAXED_1051_A	204	Picture	stage1_outcome	3140437	0	1	167	1	0	next	other	0
MAXED_1051_A	205	Picture	stage2A	3140604	0	1	3054	1	0	next	false_alarm	455
MAXED_1051_A	205	Response	1	3143608	3004	1
MAXED_1051_A	206	Picture	stage2_box	3143658	0	1	7549	1	0	next	other	0
MAXED_1051_A	207	Picture	stage2_up	3151207	0	1	7550	1	0	next	other	0
MAXED_1051_A	208	Picture	stage2_lose	3158757	0	1	10039	1	0	next	other	0
MAXED_1051_A	208	Pulse	99	3160000	1243	NA
MAXED_1051_A	209	Picture	stage1	3168796	0	1	4565	1	0	next	false_alarm	461
MAXED_1051_A	209	Response	1	3173312	4515	1
MAXED_1051_A	210	Picture	stage1_box	3173361	0	1	7628	1	0	next	other	0
MAXED_1051_A	210	Pulse	99	3180000	6639	NA
MAXED_1051_A	211	Picture	stage1_outcome	3180989	0	1	167	1	0	next	other	0
MAXED_1051_A	212	Picture	stage2A	3181156	0	1	4733	1	0	next	false_alarm	466
MAXED_1051_A	212	Response	2	3185850	4694	1
MAXED_1051_A	213	Picture	stage2_box	3185889	0	1	7539	1	0	next	other	0
MAXED_1051_A	214	Picture	stage2_up	3193428	0	1	7549	1	0	next	other	0
MAXED_1051_A	214	Pulse	99	3200000	6572	NA
MAXED_1051_A	215	Picture	stage2_win	3200977	0	1	10050	1	0	next	other	0
MAXED_1051_A	216	Picture	stage1	3211027	0	1	3574	1	0	next	false_alarm	472
MAXED_1051_A	216	Response	1	3214562	3535	1
MAXED_1051_A	217	Picture	stage1_box	3214601	0	1	7538	1	0	next	other	0
MAXED_1051_A	217	Pulse	99	3220000	5399	NA
MAXED_1051_A	218	Picture	stage1_outcome	3222140	0	1	167	1	0	next	other	0
MAXED_1051_A	219	Picture	stage2A	3222306	0	1	5102	1	0	next	false_alarm	477
MAXED_1051_A	219	Response	2	3227358	5052	1
MAXED_1051_A	220	Picture	stage2_box	3227408	0	1	7610	1	0	next	other	0
MAXED_1051_A	221	Picture	stage2_up	3235018	0	1	7549	1	0	next	other	0
MAXED_1051_A	221	Pulse	99	3240000	4982	NA
MAXED_1051_A	222	Picture	stage2_lose	3242568	0	1	10053	1	0	next	other	0
MAXED_1051_A	223	Pulse	99	3260000	7380	NA
MAXED_1051_A	223	Pulse	99	3280000	27380	NA
MAXED_1051_A	223	Pulse	99	3300000	47380	NA
MAXED_1051_A	223	Pulse	99	3320000	67380	NA
MAXED_1051_A	223	Pulse	99	3340000	87380	NA
MAXED_1051_A	223	Pulse	99	3360000	107380	NA
MAXED_1051_A	223	Pulse	99	3380000	127380	NA
MAXED_1051_A	223	Pulse	99	3400000	147380	NA
MAXED_1051_A	223	Pulse	99	3420000	167380	NA
MAXED_1051_A	223	Pulse	99	3440000	187380	NA
MAXED_1051_A	223	Pulse	99	3460000	207380	NA
MAXED_1051_A	223	Pulse	99	3480000	227380	NA
MAXED_1051_A	223	Pulse	99	3500000	247380	NA
MAXED_1051_A	223	Pulse	99	3520000	267380	NA
MAXED_1051_A	223	Pulse	99	3540000	287380	NA
MAXED_1051_A	223	Quit		3558692	306072	NA
