Scenario - 
Logfile written - 01/10/2022 18:15:53

Subject	Trial	Event Type	Code	Time	TTime	Uncertainty	Duration	Uncertainty	ReqTime	ReqDur	Stim Type	Pair Index

MAXED_1015_Day_A	0	Pulse	99	0	0	NA
MAXED_1015_Day_A	1	Picture	instructions_1	166	0	1	131000	1	0	next	false_alarm	9
MAXED_1015_Day_A	1	Pulse	99	20000	19834	NA
MAXED_1015_Day_A	1	Pulse	99	40000	39834	NA
MAXED_1015_Day_A	1	Pulse	99	60000	59834	NA
MAXED_1015_Day_A	1	Pulse	99	80000	79834	NA
MAXED_1015_Day_A	1	Pulse	99	100000	99834	NA
MAXED_1015_Day_A	1	Pulse	99	120000	119834	NA
MAXED_1015_Day_A	1	Response	88	130934	130767	1
MAXED_1015_Day_A	2	Picture	instructions_2	131167	0	1	49667	1	0	next	false_alarm	14
MAXED_1015_Day_A	2	Pulse	99	140000	8833	NA
MAXED_1015_Day_A	2	Pulse	99	160000	28833	NA
MAXED_1015_Day_A	2	Pulse	99	180000	48833	NA
MAXED_1015_Day_A	2	Response	88	180774	49607	1
MAXED_1015_Day_A	3	Picture	instructions_3	180834	0	1	80334	1	0	next	false_alarm	20
MAXED_1015_Day_A	3	Pulse	99	200000	19166	NA
MAXED_1015_Day_A	3	Pulse	99	220000	39166	NA
MAXED_1015_Day_A	3	Pulse	99	240000	59166	NA
MAXED_1015_Day_A	3	Pulse	99	260000	79166	NA
MAXED_1015_Day_A	3	Response	88	261014	80181	1
MAXED_1015_Day_A	4	Picture	instructions_4	261167	0	1	70833	1	0	next	false_alarm	25
MAXED_1015_Day_A	4	Pulse	99	280000	18833	NA
MAXED_1015_Day_A	4	Pulse	99	300000	38833	NA
MAXED_1015_Day_A	4	Pulse	99	320000	58833	NA
MAXED_1015_Day_A	4	Response	88	331895	70728	1
MAXED_1015_Day_A	5	Picture	instructions_5	332001	0	1	69500	1	0	next	false_alarm	31
MAXED_1015_Day_A	5	Pulse	99	340000	7999	NA
MAXED_1015_Day_A	5	Pulse	99	360000	27999	NA
MAXED_1015_Day_A	5	Pulse	99	380000	47999	NA
MAXED_1015_Day_A	5	Pulse	99	400000	67999	NA
MAXED_1015_Day_A	5	Response	88	401334	69334	1
MAXED_1015_Day_A	6	Picture	instructions_6	401501	0	1	30000	1	0	next	false_alarm	34
MAXED_1015_Day_A	6	Pulse	99	420000	18499	NA
MAXED_1015_Day_A	6	Response	88	431414	29914	1
MAXED_1015_Day_A	7	Picture	instructions_7	431501	0	1	116167	1	0	next	false_alarm	42
MAXED_1015_Day_A	7	Pulse	99	440000	8499	NA
MAXED_1015_Day_A	7	Pulse	99	460000	28499	NA
MAXED_1015_Day_A	7	Pulse	99	480000	48499	NA
MAXED_1015_Day_A	7	Pulse	99	500000	68499	NA
MAXED_1015_Day_A	7	Pulse	99	520000	88499	NA
MAXED_1015_Day_A	7	Pulse	99	540000	108499	NA
MAXED_1015_Day_A	7	Response	88	547494	115994	1
MAXED_1015_Day_A	8	Picture	instructions_8	547668	0	1	52000	1	0	next	false_alarm	46
MAXED_1015_Day_A	8	Pulse	99	560000	12332	NA
MAXED_1015_Day_A	8	Pulse	99	580000	32332	NA
MAXED_1015_Day_A	8	Response	88	599574	51907	1
MAXED_1015_Day_A	9	Picture	instructions_9	599668	0	1	24000	1	0	next	false_alarm	50
MAXED_1015_Day_A	9	Pulse	99	600000	332	NA
MAXED_1015_Day_A	9	Pulse	99	620000	20332	NA
MAXED_1015_Day_A	9	Response	88	623575	23907	1
MAXED_1015_Day_A	10	Picture	instructions_10	623668	0	1	86500	1	0	next	false_alarm	56
MAXED_1015_Day_A	10	Pulse	99	640000	16332	NA
MAXED_1015_Day_A	10	Pulse	99	660000	36332	NA
MAXED_1015_Day_A	10	Pulse	99	680000	56332	NA
MAXED_1015_Day_A	10	Pulse	99	700000	76332	NA
MAXED_1015_Day_A	10	Response	88	709975	86307	1
MAXED_1015_Day_A	11	Picture	instructions_11	710168	0	1	48667	1	0	next	false_alarm	60
MAXED_1015_Day_A	11	Pulse	99	720000	9832	NA
MAXED_1015_Day_A	11	Pulse	99	740000	29832	NA
MAXED_1015_Day_A	11	Response	88	758615	48447	1
MAXED_1015_Day_A	12	Picture	instructions_12	758835	0	1	80167	1	0	next	false_alarm	66
MAXED_1015_Day_A	12	Pulse	99	760000	1165	NA
MAXED_1015_Day_A	12	Pulse	99	780000	21165	NA
MAXED_1015_Day_A	12	Pulse	99	800000	41165	NA
MAXED_1015_Day_A	12	Pulse	99	820000	61165	NA
MAXED_1015_Day_A	12	Response	88	838775	79940	1
MAXED_1015_Day_A	13	Picture	instructions_13	839002	0	1	80000	1	0	next	false_alarm	72
MAXED_1015_Day_A	13	Pulse	99	840000	998	NA
MAXED_1015_Day_A	13	Pulse	99	860000	20998	NA
MAXED_1015_Day_A	13	Pulse	99	880000	40998	NA
MAXED_1015_Day_A	13	Pulse	99	900000	60998	NA
MAXED_1015_Day_A	13	Response	88	918775	79773	1
MAXED_1015_Day_A	14	Picture	instructions_14	919002	0	1	28000	1	0	next	false_alarm	76
MAXED_1015_Day_A	14	Pulse	99	920000	998	NA
MAXED_1015_Day_A	14	Pulse	99	940000	20998	NA
MAXED_1015_Day_A	14	Response	88	946935	27933	1
MAXED_1015_Day_A	15	Picture	instructions_15	947002	0	1	84334	1	0	next	false_alarm	82
MAXED_1015_Day_A	15	Pulse	99	960000	12998	NA
MAXED_1015_Day_A	15	Pulse	99	980000	32998	NA
MAXED_1015_Day_A	15	Pulse	99	1000000	52998	NA
MAXED_1015_Day_A	15	Pulse	99	1020000	72998	NA
MAXED_1015_Day_A	15	Response	88	1031175	84173	1
MAXED_1015_Day_A	16	Picture	instructions_16	1031336	0	1	39167	1	0	next	false_alarm	86
MAXED_1015_Day_A	16	Pulse	99	1040000	8664	NA
MAXED_1015_Day_A	16	Pulse	99	1060000	28664	NA
MAXED_1015_Day_A	16	Response	88	1070375	39039	1
MAXED_1015_Day_A	17	Picture	instructions_17	1070502	0	1	16500	1	0	next	false_alarm	89
MAXED_1015_Day_A	17	Pulse	99	1080000	9498	NA
MAXED_1015_Day_A	17	Response	88	1086935	16432	1
MAXED_1015_Day_A	18	Picture	instructions_18	1087002	0	1	46333	1	0	next	false_alarm	93
MAXED_1015_Day_A	18	Pulse	99	1100000	12998	NA
MAXED_1015_Day_A	18	Pulse	99	1120000	32998	NA
MAXED_1015_Day_A	18	Response	88	1133256	46253	1
MAXED_1015_Day_A	19	Picture	instructions_19	1133336	0	1	47500	1	0	next	false_alarm	98
MAXED_1015_Day_A	19	Pulse	99	1140000	6664	NA
MAXED_1015_Day_A	19	Pulse	99	1160000	26664	NA
MAXED_1015_Day_A	19	Pulse	99	1180000	46664	NA
MAXED_1015_Day_A	19	Response	88	1180615	47279	1
MAXED_1015_Day_A	20	Picture	instructions_20	1180836	0	1	51833	1	0	next	false_alarm	102
MAXED_1015_Day_A	20	Pulse	99	1200000	19164	NA
MAXED_1015_Day_A	20	Pulse	99	1220000	39164	NA
MAXED_1015_Day_A	20	Response	88	1232535	51699	1
MAXED_1015_Day_A	21	Picture	instructions_21	1232669	0	1	49500	1	0	next	false_alarm	107
MAXED_1015_Day_A	21	Pulse	99	1240000	7331	NA
MAXED_1015_Day_A	21	Pulse	99	1260000	27331	NA
MAXED_1015_Day_A	21	Pulse	99	1280000	47331	NA
MAXED_1015_Day_A	21	Response	88	1282055	49386	1
MAXED_1015_Day_A	22	Picture	instructions_22	1282170	0	1	27167	1	0	next	false_alarm	110
MAXED_1015_Day_A	22	Pulse	99	1300000	17830	NA
MAXED_1015_Day_A	22	Response	88	1309255	27086	1
MAXED_1015_Day_A	23	Picture	instructions_23	1309336	0	1	47333	1	0	next	false_alarm	114
MAXED_1015_Day_A	23	Pulse	99	1320000	10664	NA
MAXED_1015_Day_A	23	Pulse	99	1340000	30664	NA
MAXED_1015_Day_A	23	Response	88	1356455	47119	1
MAXED_1015_Day_A	24	Picture	instructions_24	1356670	0	1	66833	1	0	next	false_alarm	120
MAXED_1015_Day_A	24	Pulse	99	1360000	3330	NA
MAXED_1015_Day_A	24	Pulse	99	1380000	23330	NA
MAXED_1015_Day_A	24	Pulse	99	1400000	43330	NA
MAXED_1015_Day_A	24	Pulse	99	1420000	63330	NA
MAXED_1015_Day_A	24	Response	88	1423415	66746	1
MAXED_1015_Day_A	25	Picture	instructions_25	1423503	0	1	35500	1	0	next	false_alarm	123
MAXED_1015_Day_A	25	Pulse	99	1440000	16497	NA
MAXED_1015_Day_A	25	Response	88	1458776	35273	1
MAXED_1015_Day_A	26	Picture	instructions_26	1459003	0	1	34333	1	0	next	false_alarm	127
MAXED_1015_Day_A	26	Pulse	99	1460000	997	NA
MAXED_1015_Day_A	26	Pulse	99	1480000	20997	NA
MAXED_1015_Day_A	26	Response	88	1493256	34252	1
MAXED_1015_Day_A	27	Picture	instructions_27	1493337	0	1	19667	1	0	next	false_alarm	130
MAXED_1015_Day_A	27	Pulse	99	1500000	6663	NA
MAXED_1015_Day_A	27	Response	88	1512776	19439	1
MAXED_1015_Day_A	28	Picture	instructions_28	1513003	0	1	15333	1	0	next	false_alarm	133
MAXED_1015_Day_A	28	Pulse	99	1520000	6997	NA
MAXED_1015_Day_A	28	Response	88	1528216	15212	1
MAXED_1015_Day_A	29	Picture	instructions_29	1528337	0	1	83167	1	0	next	false_alarm	139
MAXED_1015_Day_A	29	Pulse	99	1540000	11663	NA
MAXED_1015_Day_A	29	Pulse	99	1560000	31663	NA
MAXED_1015_Day_A	29	Pulse	99	1580000	51663	NA
MAXED_1015_Day_A	29	Pulse	99	1600000	71663	NA
MAXED_1015_Day_A	29	Response	88	1611335	82999	1
MAXED_1015_Day_A	30	Picture	instructions_30	1611504	0	1	52833	1	0	next	false_alarm	144
MAXED_1015_Day_A	30	Pulse	99	1620000	8496	NA
MAXED_1015_Day_A	30	Pulse	99	1640000	28496	NA
MAXED_1015_Day_A	30	Pulse	99	1660000	48496	NA
MAXED_1015_Day_A	30	Response	88	1664216	52712	1
MAXED_1015_Day_A	31	Picture	instructions_31	1664337	0	1	51500	1	0	next	false_alarm	148
MAXED_1015_Day_A	31	Pulse	99	1680000	15663	NA
MAXED_1015_Day_A	31	Pulse	99	1700000	35663	NA
MAXED_1015_Day_A	31	Response	88	1715656	51319	1
MAXED_1015_Day_A	32	Picture	instructions_32	1715837	0	1	57500	1	0	next	false_alarm	153
MAXED_1015_Day_A	32	Pulse	99	1720000	4163	NA
MAXED_1015_Day_A	32	Pulse	99	1740000	24163	NA
MAXED_1015_Day_A	32	Pulse	99	1760000	44163	NA
MAXED_1015_Day_A	32	Response	88	1773256	57418	1
MAXED_1015_Day_A	33	Picture	instructions_33	1773337	0	1	46167	1	0	next	false_alarm	157
MAXED_1015_Day_A	33	Pulse	99	1780000	6663	NA
MAXED_1015_Day_A	33	Pulse	99	1800000	26663	NA
MAXED_1015_Day_A	33	Response	88	1819336	45999	1
MAXED_1015_Day_A	34	Picture	instructions_34	1819504	0	1	48167	1	0	next	false_alarm	162
MAXED_1015_Day_A	34	Pulse	99	1820000	496	NA
MAXED_1015_Day_A	34	Pulse	99	1840000	20496	NA
MAXED_1015_Day_A	34	Pulse	99	1860000	40496	NA
MAXED_1015_Day_A	34	Response	88	1867496	47992	1
MAXED_1015_Day_A	35	Picture	instructions_35	1867671	0	1	85667	1	0	next	false_alarm	168
MAXED_1015_Day_A	35	Pulse	99	1880000	12329	NA
MAXED_1015_Day_A	35	Pulse	99	1900000	32329	NA
MAXED_1015_Day_A	35	Pulse	99	1920000	52329	NA
MAXED_1015_Day_A	35	Pulse	99	1940000	72329	NA
MAXED_1015_Day_A	35	Response	88	1953176	85505	1
MAXED_1015_Day_A	36	Picture	instructions_36	1953338	0	1	74834	1	0	next	false_alarm	174
MAXED_1015_Day_A	36	Pulse	99	1960000	6662	NA
MAXED_1015_Day_A	36	Pulse	99	1980000	26662	NA
MAXED_1015_Day_A	36	Pulse	99	2000000	46662	NA
MAXED_1015_Day_A	36	Pulse	99	2020000	66662	NA
MAXED_1015_Day_A	36	Response	88	2028056	74718	1
MAXED_1015_Day_A	37	Picture	instructions_37	2028171	0	1	26000	1	0	next	false_alarm	177
MAXED_1015_Day_A	37	Pulse	99	2040000	11829	NA
MAXED_1015_Day_A	37	Response	88	2053976	25805	1
MAXED_1015_Day_A	38	Picture	instructions_38	2054171	0	1	43333	1	0	next	false_alarm	181
MAXED_1015_Day_A	38	Pulse	99	2060000	5829	NA
MAXED_1015_Day_A	38	Pulse	99	2080000	25829	NA
MAXED_1015_Day_A	38	Response	88	2097416	43245	1
MAXED_1015_Day_A	39	Picture	instructions_39	2097505	0	1	217334	1	0	next	false_alarm	194
MAXED_1015_Day_A	39	Pulse	99	2100000	2495	NA
MAXED_1015_Day_A	39	Pulse	99	2120000	22495	NA
MAXED_1015_Day_A	39	Pulse	99	2140000	42495	NA
MAXED_1015_Day_A	39	Pulse	99	2160000	62495	NA
MAXED_1015_Day_A	39	Pulse	99	2180000	82495	NA
MAXED_1015_Day_A	39	Pulse	99	2200000	102495	NA
MAXED_1015_Day_A	39	Pulse	99	2220000	122495	NA
MAXED_1015_Day_A	39	Pulse	99	2240000	142495	NA
MAXED_1015_Day_A	39	Pulse	99	2260000	162495	NA
MAXED_1015_Day_A	39	Pulse	99	2280000	182495	NA
MAXED_1015_Day_A	39	Pulse	99	2300000	202495	NA
MAXED_1015_Day_A	39	Response	88	2314776	217271	1
MAXED_1015_Day_A	40	Picture	instructions_40	2314839	0	1	43000	1	0	next	false_alarm	198
MAXED_1015_Day_A	40	Pulse	99	2320000	5161	NA
MAXED_1015_Day_A	40	Pulse	99	2340000	25161	NA
MAXED_1015_Day_A	40	Response	88	2357657	42818	1
MAXED_1015_Day_A	41	Picture	instructions_41	2357839	0	1	50167	1	0	next	false_alarm	203
MAXED_1015_Day_A	41	Pulse	99	2360000	2161	NA
MAXED_1015_Day_A	41	Pulse	99	2380000	22161	NA
MAXED_1015_Day_A	41	Pulse	99	2400000	42161	NA
MAXED_1015_Day_A	41	Response	88	2407896	50058	1
MAXED_1015_Day_A	42	Picture	instructions_42	2408006	0	1	61667	1	0	next	false_alarm	208
MAXED_1015_Day_A	42	Pulse	99	2420000	11994	NA
MAXED_1015_Day_A	42	Pulse	99	2440000	31994	NA
MAXED_1015_Day_A	42	Pulse	99	2460000	51994	NA
MAXED_1015_Day_A	42	Response	88	2469497	61491	1
MAXED_1015_Day_A	43	Picture	instructions_43	2469672	0	1	20167	1	0	next	false_alarm	211
MAXED_1015_Day_A	43	Pulse	99	2480000	10328	NA
MAXED_1015_Day_A	43	Response	88	2489737	20064	1
MAXED_1015_Day_A	44	Picture	instructions_44	2489839	0	1	50500	1	0	next	false_alarm	216
MAXED_1015_Day_A	44	Pulse	99	2500000	10161	NA
MAXED_1015_Day_A	44	Pulse	99	2520000	30161	NA
MAXED_1015_Day_A	44	Pulse	99	2540000	50161	NA
MAXED_1015_Day_A	44	Response	88	2540137	50298	1
MAXED_1015_Day_A	45	Picture	instructions_45	2540339	0	1	145667	1	0	next	false_alarm	225
MAXED_1015_Day_A	45	Pulse	99	2560000	19661	NA
MAXED_1015_Day_A	45	Pulse	99	2580000	39661	NA
MAXED_1015_Day_A	45	Pulse	99	2600000	59661	NA
MAXED_1015_Day_A	45	Pulse	99	2620000	79661	NA
MAXED_1015_Day_A	45	Pulse	99	2640000	99661	NA
MAXED_1015_Day_A	45	Pulse	99	2660000	119661	NA
MAXED_1015_Day_A	45	Pulse	99	2680000	139661	NA
MAXED_1015_Day_A	45	Response	88	2685817	145478	1
MAXED_1015_Day_A	46	Picture	instructions_46	2686006	0	1	39500	1	0	next	false_alarm	229
MAXED_1015_Day_A	46	Pulse	99	2700000	13994	NA
MAXED_1015_Day_A	46	Pulse	99	2720000	33994	NA
MAXED_1015_Day_A	46	Response	88	2725337	39331	1
MAXED_1015_Day_A	47	Picture	fixation	2725506	0	1	5167	1	0	next	other	0
MAXED_1015_Day_A	48	Picture	stage1	2730673	0	1	39667	1	0	next	false_alarm	234
MAXED_1015_Day_A	48	Pulse	99	2740000	9327	NA
MAXED_1015_Day_A	48	Pulse	99	2760000	29327	NA
MAXED_1015_Day_A	48	Response	1	2770137	39464	1
MAXED_1015_Day_A	49	Picture	stage1_box	2770340	0	1	7667	1	0	next	other	0
MAXED_1015_Day_A	50	Picture	stage1_outcome	2778006	0	1	167	1	0	next	other	0
MAXED_1015_Day_A	51	Picture	stage2B	2778173	0	1	32000	1	0	next	false_alarm	240
MAXED_1015_Day_A	51	Pulse	99	2780000	1827	NA
MAXED_1015_Day_A	51	Pulse	99	2800000	21827	NA
MAXED_1015_Day_A	51	Response	1	2809977	31804	1
MAXED_1015_Day_A	52	Picture	stage2_box	2810173	0	1	7667	1	0	next	other	0
MAXED_1015_Day_A	53	Picture	stage2_up	2817840	0	1	7667	1	0	next	other	0
MAXED_1015_Day_A	53	Pulse	99	2820000	2160	NA
MAXED_1015_Day_A	54	Picture	stage2_win	2825507	0	1	10167	1	0	next	other	0
MAXED_1015_Day_A	55	Picture	stage1	2835673	0	1	17333	1	0	next	false_alarm	247
MAXED_1015_Day_A	55	Pulse	99	2840000	4327	NA
MAXED_1015_Day_A	55	Response	1	2852937	17264	1
MAXED_1015_Day_A	56	Picture	stage1_box	2853007	0	1	7667	1	0	next	other	0
MAXED_1015_Day_A	56	Pulse	99	2860000	6993	NA
MAXED_1015_Day_A	57	Picture	stage1_outcome	2860673	0	1	167	1	0	next	other	0
MAXED_1015_Day_A	58	Picture	stage2A	2860840	0	1	30667	1	0	next	false_alarm	253
MAXED_1015_Day_A	58	Pulse	99	2880000	19160	NA
MAXED_1015_Day_A	58	Response	1	2891417	30577	1
MAXED_1015_Day_A	59	Picture	stage2_box	2891507	0	1	7667	1	0	next	other	0
MAXED_1015_Day_A	60	Picture	stage2_up	2899173	0	1	7667	1	0	next	other	0
MAXED_1015_Day_A	60	Pulse	99	2900000	827	NA
MAXED_1015_Day_A	61	Picture	stage2_lose	2906840	0	1	10167	1	0	next	other	0
MAXED_1015_Day_A	62	Picture	stage1	2917007	0	1	17000	1	0	next	false_alarm	260
MAXED_1015_Day_A	62	Pulse	99	2920000	2993	NA
MAXED_1015_Day_A	62	Response	1	2933977	16970	1
MAXED_1015_Day_A	63	Picture	stage1_box	2934007	0	1	7667	1	0	next	other	0
MAXED_1015_Day_A	63	Pulse	99	2940000	5993	NA
MAXED_1015_Day_A	64	Picture	stage1_outcome	2941674	0	1	167	1	0	next	other	0
MAXED_1015_Day_A	65	Picture	stage2A	2941840	0	1	12833	1	0	next	false_alarm	265
MAXED_1015_Day_A	65	Response	2	2954617	12777	1
MAXED_1015_Day_A	66	Picture	stage2_box	2954674	0	1	7667	1	0	next	other	0
MAXED_1015_Day_A	66	Pulse	99	2960000	5326	NA
MAXED_1015_Day_A	67	Picture	stage2_up	2962340	0	1	7667	1	0	next	other	0
MAXED_1015_Day_A	68	Picture	stage2_lose	2970007	0	1	10167	1	0	next	other	0
MAXED_1015_Day_A	68	Pulse	99	2980000	9993	NA
MAXED_1015_Day_A	69	Picture	stage1	2980174	0	1	7000	1	0	next	false_alarm	272
MAXED_1015_Day_A	69	Response	1	2987017	6843	1
MAXED_1015_Day_A	70	Picture	stage1_box	2987174	0	1	7667	1	0	next	other	0
MAXED_1015_Day_A	71	Picture	stage1_outcome	2994840	0	1	167	1	0	next	other	0
MAXED_1015_Day_A	72	Picture	stage2B	2995007	0	1	7833	1	0	next	false_alarm	277
MAXED_1015_Day_A	72	Pulse	99	3000000	4993	NA
MAXED_1015_Day_A	72	Response	1	3002777	7770	1
MAXED_1015_Day_A	73	Picture	stage2_box	3002840	0	1	7667	1	0	next	other	0
MAXED_1015_Day_A	74	Picture	stage2_up	3010507	0	1	7667	1	0	next	other	0
MAXED_1015_Day_A	75	Picture	stage2_win	3018174	0	1	10167	1	0	next	other	0
MAXED_1015_Day_A	75	Pulse	99	3020000	1826	NA
MAXED_1015_Day_A	76	Picture	stage1	3028340	0	1	6833	1	0	next	false_alarm	283
MAXED_1015_Day_A	76	Response	1	3035017	6677	1
MAXED_1015_Day_A	77	Picture	stage1_box	3035174	0	1	7667	1	0	next	other	0
MAXED_1015_Day_A	77	Pulse	99	3040000	4826	NA
MAXED_1015_Day_A	78	Picture	stage1_outcome	3042840	0	1	167	1	0	next	other	0
MAXED_1015_Day_A	79	Picture	stage2A	3043007	0	1	13000	1	0	next	false_alarm	288
MAXED_1015_Day_A	79	Response	1	3055817	12810	1
MAXED_1015_Day_A	80	Picture	stage2_box	3056007	0	1	7667	1	0	next	other	0
MAXED_1015_Day_A	80	Pulse	99	3060000	3993	NA
MAXED_1015_Day_A	81	Picture	stage2_up	3063674	0	1	7667	1	0	next	other	0
MAXED_1015_Day_A	82	Picture	stage2_win	3071340	0	1	10167	1	0	next	other	0
MAXED_1015_Day_A	82	Pulse	99	3080000	8660	NA
MAXED_1015_Day_A	83	Picture	stage1	3081507	0	1	5667	1	0	next	false_alarm	295
MAXED_1015_Day_A	83	Response	1	3087017	5510	1
MAXED_1015_Day_A	84	Picture	stage1_box	3087174	0	1	7667	1	0	next	other	0
MAXED_1015_Day_A	85	Picture	stage1_outcome	3094841	0	1	167	1	0	next	other	0
MAXED_1015_Day_A	86	Picture	stage2B	3095007	0	1	8500	1	0	next	false_alarm	300
MAXED_1015_Day_A	86	Pulse	99	3100000	4993	NA
MAXED_1015_Day_A	86	Response	1	3103417	8410	1
MAXED_1015_Day_A	87	Picture	stage2_box	3103507	0	1	7667	1	0	next	other	0
MAXED_1015_Day_A	88	Picture	stage2_up	3111174	0	1	7667	1	0	next	other	0
MAXED_1015_Day_A	89	Picture	stage2_lose	3118841	0	1	10167	1	0	next	other	0
MAXED_1015_Day_A	89	Pulse	99	3120000	1159	NA
MAXED_1015_Day_A	90	Picture	stage1	3129007	0	1	4667	1	0	next	false_alarm	306
MAXED_1015_Day_A	90	Response	1	3133577	4570	1
MAXED_1015_Day_A	91	Picture	stage1_box	3133674	0	1	7667	1	0	next	other	0
MAXED_1015_Day_A	91	Pulse	99	3140000	6326	NA
MAXED_1015_Day_A	92	Picture	stage1_outcome	3141341	0	1	167	1	0	next	other	0
MAXED_1015_Day_A	93	Picture	stage2B	3141507	0	1	13000	1	0	next	false_alarm	311
MAXED_1015_Day_A	93	Response	1	3154377	12870	1
MAXED_1015_Day_A	94	Picture	stage2_box	3154507	0	1	7667	1	0	next	other	0
MAXED_1015_Day_A	94	Pulse	99	3160000	5493	NA
MAXED_1015_Day_A	95	Picture	stage2_up	3162174	0	1	7667	1	0	next	other	0
MAXED_1015_Day_A	96	Picture	stage2_win	3169841	0	1	10167	1	0	next	other	0
MAXED_1015_Day_A	96	Pulse	99	3180000	10159	NA
MAXED_1015_Day_A	97	Picture	stage1	3180007	0	1	4667	1	0	next	false_alarm	318
MAXED_1015_Day_A	97	Response	1	3184617	4610	1
MAXED_1015_Day_A	98	Picture	stage1_box	3184674	0	1	7667	1	0	next	other	0
MAXED_1015_Day_A	99	Picture	stage1_outcome	3192341	0	1	167	1	0	next	other	0
MAXED_1015_Day_A	100	Picture	stage2B	3192507	0	1	5833	1	0	next	false_alarm	322
MAXED_1015_Day_A	100	Response	1	3198298	5790	1
MAXED_1015_Day_A	101	Picture	stage2_box	3198341	0	1	7667	1	0	next	other	0
MAXED_1015_Day_A	101	Pulse	99	3200000	1659	NA
MAXED_1015_Day_A	102	Picture	stage2_up	3206008	0	1	7667	1	0	next	other	0
MAXED_1015_Day_A	103	Picture	stage2_win	3213674	0	1	10167	1	0	next	other	0
MAXED_1015_Day_A	103	Pulse	99	3220000	6326	NA
MAXED_1015_Day_A	104	Picture	stage1	3223841	0	1	6000	1	0	next	false_alarm	329
MAXED_1015_Day_A	104	Response	1	3229737	5897	1
MAXED_1015_Day_A	105	Picture	stage1_box	3229841	0	1	7667	1	0	next	other	0
MAXED_1015_Day_A	106	Picture	stage1_outcome	3237508	0	1	167	1	0	next	other	0
MAXED_1015_Day_A	107	Picture	stage2B	3237674	0	1	7333	1	0	next	false_alarm	334
MAXED_1015_Day_A	107	Pulse	99	3240000	2326	NA
MAXED_1015_Day_A	107	Response	1	3244858	7183	1
MAXED_1015_Day_A	108	Picture	stage2_box	3245008	0	1	7667	1	0	next	other	0
MAXED_1015_Day_A	109	Picture	stage2_up	3252674	0	1	7667	1	0	next	other	0
MAXED_1015_Day_A	109	Pulse	99	3260000	7326	NA
MAXED_1015_Day_A	110	Picture	stage2_win	3260341	0	1	10167	1	0	next	other	0
MAXED_1015_Day_A	111	Picture	stage1	3270508	0	1	15333	1	0	next	false_alarm	341
MAXED_1015_Day_A	111	Pulse	99	3280000	9492	NA
MAXED_1015_Day_A	111	Response	1	3285658	15150	1
MAXED_1015_Day_A	112	Picture	stage1_box	3285841	0	1	7667	1	0	next	other	0
MAXED_1015_Day_A	113	Picture	stage1_outcome	3293508	0	1	167	1	0	next	other	0
MAXED_1015_Day_A	114	Picture	stage2A	3293674	0	1	12833	1	0	next	false_alarm	346
MAXED_1015_Day_A	114	Pulse	99	3300000	6326	NA
MAXED_1015_Day_A	114	Response	1	3306458	12783	1
MAXED_1015_Day_A	115	Picture	stage2_box	3306508	0	1	7667	1	0	next	other	0
MAXED_1015_Day_A	116	Picture	stage2_up	3314174	0	1	7667	1	0	next	other	0
MAXED_1015_Day_A	116	Pulse	99	3320000	5826	NA
MAXED_1015_Day_A	117	Picture	stage2_win	3321841	0	1	10167	1	0	next	other	0
MAXED_1015_Day_A	118	Picture	stage1	3332008	0	1	18167	1	0	next	false_alarm	353
MAXED_1015_Day_A	118	Pulse	99	3340000	7992	NA
MAXED_1015_Day_A	118	Response	1	3350058	18050	1
MAXED_1015_Day_A	119	Picture	stage1_box	3350175	0	1	7667	1	0	next	other	0
MAXED_1015_Day_A	120	Picture	stage1_outcome	3357841	0	1	167	1	0	next	other	0
MAXED_1015_Day_A	121	Picture	stage2A	3358008	0	1	15667	1	0	next	false_alarm	358
MAXED_1015_Day_A	121	Pulse	99	3360000	1992	NA
MAXED_1015_Day_A	121	Response	1	3373577	15570	1
MAXED_1015_Day_A	122	Picture	stage2_box	3373675	0	1	7667	1	0	next	other	0
MAXED_1015_Day_A	122	Pulse	99	3380000	6325	NA
MAXED_1015_Day_A	123	Picture	stage2_up	3381341	0	1	7667	1	0	next	other	0
MAXED_1015_Day_A	124	Picture	stage2_win	3389008	0	1	10167	1	0	next	other	0
MAXED_1015_Day_A	125	Picture	stage1	3399175	0	1	5333	1	0	next	false_alarm	365
MAXED_1015_Day_A	125	Pulse	99	3400000	825	NA
MAXED_1015_Day_A	125	Response	1	3404378	5203	1
MAXED_1015_Day_A	126	Picture	stage1_box	3404508	0	1	7667	1	0	next	other	0
MAXED_1015_Day_A	127	Picture	stage1_outcome	3412175	0	1	167	1	0	next	other	0
MAXED_1015_Day_A	128	Picture	stage2A	3412341	0	1	7667	1	0	next	false_alarm	369
MAXED_1015_Day_A	128	Response	1	3419898	7556	1
MAXED_1015_Day_A	128	Pulse	99	3420000	7659	NA
MAXED_1015_Day_A	129	Picture	stage2_box	3420008	0	1	7667	1	0	next	other	0
MAXED_1015_Day_A	130	Picture	stage2_up	3427675	0	1	7667	1	0	next	other	0
MAXED_1015_Day_A	131	Picture	stage2_lose	3435341	0	1	10167	1	0	next	other	0
MAXED_1015_Day_A	131	Pulse	99	3440000	4659	NA
MAXED_1015_Day_A	132	Picture	stage1	3445508	0	1	4667	1	0	next	false_alarm	376
MAXED_1015_Day_A	132	Response	1	3450058	4550	1
MAXED_1015_Day_A	133	Picture	stage1_box	3450175	0	1	7667	1	0	next	other	0
MAXED_1015_Day_A	134	Picture	stage1_outcome	3457841	0	1	167	1	0	next	other	0
MAXED_1015_Day_A	135	Picture	stage2A	3458008	0	1	11167	1	0	next	false_alarm	381
MAXED_1015_Day_A	135	Pulse	99	3460000	1992	NA
MAXED_1015_Day_A	135	Response	1	3469098	11090	1
MAXED_1015_Day_A	136	Picture	stage2_box	3469175	0	1	7667	1	0	next	other	0
MAXED_1015_Day_A	137	Picture	stage2_up	3476841	0	1	7667	1	0	next	other	0
MAXED_1015_Day_A	137	Pulse	99	3480000	3159	NA
MAXED_1015_Day_A	138	Picture	stage2_lose	3484508	0	1	10167	1	0	next	other	0
MAXED_1015_Day_A	139	Picture	stage1	3494675	0	1	5333	1	0	next	false_alarm	387
MAXED_1015_Day_A	139	Response	2	3499898	5223	1
MAXED_1015_Day_A	139	Pulse	99	3500000	5325	NA
MAXED_1015_Day_A	140	Picture	stage1_box	3500008	0	1	7667	1	0	next	other	0
MAXED_1015_Day_A	141	Picture	stage1_outcome	3507675	0	1	167	1	0	next	other	0
MAXED_1015_Day_A	142	Picture	stage2A	3507842	0	1	15167	1	0	next	false_alarm	393
MAXED_1015_Day_A	142	Pulse	99	3520000	12158	NA
MAXED_1015_Day_A	142	Response	1	3522938	15096	1
MAXED_1015_Day_A	143	Picture	stage2_box	3523008	0	1	7667	1	0	next	other	0
MAXED_1015_Day_A	144	Picture	stage2_up	3530675	0	1	7667	1	0	next	other	0
MAXED_1015_Day_A	145	Picture	stage2_lose	3538342	0	1	10167	1	0	next	other	0
MAXED_1015_Day_A	145	Pulse	99	3540000	1658	NA
MAXED_1015_Day_A	146	Picture	stage1	3548508	0	1	3500	1	0	next	false_alarm	399
MAXED_1015_Day_A	146	Response	2	3551898	3390	1
MAXED_1015_Day_A	147	Picture	stage1_box	3552008	0	1	7667	1	0	next	other	0
MAXED_1015_Day_A	148	Picture	stage1_outcome	3559675	0	1	167	1	0	next	other	0
MAXED_1015_Day_A	149	Picture	stage2B	3559842	0	1	4167	1	0	next	false_alarm	404
MAXED_1015_Day_A	149	Pulse	99	3560000	158	NA
MAXED_1015_Day_A	149	Response	2	3563898	4056	1
MAXED_1015_Day_A	150	Picture	stage2_box	3564008	0	1	7667	1	0	next	other	0
MAXED_1015_Day_A	151	Picture	stage2_up	3571675	0	1	7667	1	0	next	other	0
MAXED_1015_Day_A	152	Picture	stage2_lose	3579342	0	1	10167	1	0	next	other	0
MAXED_1015_Day_A	152	Pulse	99	3580000	658	NA
MAXED_1015_Day_A	153	Picture	stage1	3589508	0	1	3833	1	0	next	false_alarm	410
MAXED_1015_Day_A	153	Response	2	3593258	3749	1
MAXED_1015_Day_A	154	Picture	stage1_box	3593342	0	1	7667	1	0	next	other	0
MAXED_1015_Day_A	154	Pulse	99	3600000	6658	NA
MAXED_1015_Day_A	155	Picture	stage1_outcome	3601008	0	1	167	1	0	next	other	0
MAXED_1015_Day_A	156	Picture	stage2B	3601175	0	1	4333	1	0	next	false_alarm	415
MAXED_1015_Day_A	156	Response	1	3605338	4163	1
MAXED_1015_Day_A	157	Picture	stage2_box	3605508	0	1	7667	1	0	next	other	0
MAXED_1015_Day_A	158	Picture	stage2_up	3613175	0	1	7667	1	0	next	other	0
MAXED_1015_Day_A	158	Pulse	99	3620000	6825	NA
MAXED_1015_Day_A	159	Picture	stage2_win	3620842	0	1	10167	1	0	next	other	0
MAXED_1015_Day_A	160	Picture	stage1	3631009	0	1	4667	1	0	next	false_alarm	421
MAXED_1015_Day_A	160	Response	2	3635578	4569	1
MAXED_1015_Day_A	161	Picture	stage1_box	3635675	0	1	7667	1	0	next	other	0
MAXED_1015_Day_A	161	Pulse	99	3640000	4325	NA
MAXED_1015_Day_A	162	Picture	stage1_outcome	3643342	0	1	167	1	0	next	other	0
MAXED_1015_Day_A	163	Picture	stage2A	3643509	0	1	11167	1	0	next	false_alarm	426
MAXED_1015_Day_A	163	Response	1	3654618	11109	1
MAXED_1015_Day_A	164	Picture	stage2_box	3654675	0	1	7667	1	0	next	other	0
MAXED_1015_Day_A	164	Pulse	99	3660000	5325	NA
MAXED_1015_Day_A	165	Picture	stage2_up	3662342	0	1	7667	1	0	next	other	0
MAXED_1015_Day_A	166	Picture	stage2_lose	3670009	0	1	10167	1	0	next	other	0
MAXED_1015_Day_A	166	Pulse	99	3680000	9991	NA
MAXED_1015_Day_A	167	Picture	stage1	3680175	0	1	4167	1	0	next	false_alarm	433
MAXED_1015_Day_A	167	Response	2	3684298	4123	1
MAXED_1015_Day_A	168	Picture	stage1_box	3684342	0	1	7667	1	0	next	other	0
MAXED_1015_Day_A	169	Picture	stage1_outcome	3692009	0	1	167	1	0	next	other	0
MAXED_1015_Day_A	170	Picture	stage2A	3692175	0	1	8667	1	0	next	false_alarm	438
MAXED_1015_Day_A	170	Pulse	99	3700000	7825	NA
MAXED_1015_Day_A	170	Response	2	3700698	8523	1
MAXED_1015_Day_A	171	Picture	stage2_box	3700842	0	1	7667	1	0	next	other	0
MAXED_1015_Day_A	172	Picture	stage2_up	3708509	0	1	7667	1	0	next	other	0
MAXED_1015_Day_A	173	Picture	stage2_lose	3716175	0	1	10167	1	0	next	other	0
MAXED_1015_Day_A	173	Pulse	99	3720000	3825	NA
MAXED_1015_Day_A	174	Picture	stage1	3726342	0	1	3333	1	0	next	false_alarm	444
MAXED_1015_Day_A	174	Response	2	3729578	3236	1
MAXED_1015_Day_A	175	Picture	stage1_box	3729675	0	1	7667	1	0	next	other	0
MAXED_1015_Day_A	176	Picture	stage1_outcome	3737342	0	1	167	1	0	next	other	0
MAXED_1015_Day_A	177	Picture	stage2B	3737509	0	1	4500	1	0	next	false_alarm	449
MAXED_1015_Day_A	177	Pulse	99	3740000	2491	NA
MAXED_1015_Day_A	177	Response	1	3741978	4469	1
MAXED_1015_Day_A	178	Picture	stage2_box	3742009	0	1	7667	1	0	next	other	0
MAXED_1015_Day_A	179	Picture	stage2_up	3749675	0	1	7667	1	0	next	other	0
MAXED_1015_Day_A	180	Picture	stage2_win	3757342	0	1	10167	1	0	next	other	0
MAXED_1015_Day_A	180	Pulse	99	3760000	2658	NA
MAXED_1015_Day_A	181	Picture	stage1	3767509	0	1	3833	1	0	next	false_alarm	455
MAXED_1015_Day_A	181	Response	2	3771258	3749	1
MAXED_1015_Day_A	182	Picture	stage1_box	3771342	0	1	7667	1	0	next	other	0
MAXED_1015_Day_A	183	Picture	stage1_outcome	3779009	0	1	167	1	0	next	other	0
MAXED_1015_Day_A	184	Picture	stage2B	3779176	0	1	5333	1	0	next	false_alarm	460
MAXED_1015_Day_A	184	Pulse	99	3780000	824	NA
MAXED_1015_Day_A	184	Response	1	3784458	5283	1
MAXED_1015_Day_A	185	Picture	stage2_box	3784509	0	1	7667	1	0	next	other	0
MAXED_1015_Day_A	186	Picture	stage2_up	3792176	0	1	7667	1	0	next	other	0
MAXED_1015_Day_A	187	Picture	stage2_win	3799842	0	1	10167	1	0	next	other	0
MAXED_1015_Day_A	187	Pulse	99	3800000	158	NA
MAXED_1015_Day_A	188	Picture	stage1	3810009	0	1	4667	1	0	next	false_alarm	466
MAXED_1015_Day_A	188	Response	2	3814618	4609	1
MAXED_1015_Day_A	189	Picture	stage1_box	3814676	0	1	7667	1	0	next	other	0
MAXED_1015_Day_A	189	Pulse	99	3820000	5324	NA
MAXED_1015_Day_A	190	Picture	stage1_outcome	3822342	0	1	167	1	0	next	other	0
MAXED_1015_Day_A	191	Picture	stage2A	3822509	0	1	6167	1	0	next	false_alarm	471
MAXED_1015_Day_A	191	Response	1	3828618	6109	1
MAXED_1015_Day_A	192	Picture	stage2_box	3828676	0	1	7667	1	0	next	other	0
MAXED_1015_Day_A	193	Picture	stage2_up	3836342	0	1	7667	1	0	next	other	0
MAXED_1015_Day_A	193	Pulse	99	3840000	3658	NA
MAXED_1015_Day_A	194	Picture	stage2_win	3844009	0	1	10167	1	0	next	other	0
MAXED_1015_Day_A	195	Picture	stage1	3854176	0	1	5333	1	0	next	false_alarm	477
MAXED_1015_Day_A	195	Response	2	3859418	5242	1
MAXED_1015_Day_A	196	Picture	stage1_box	3859509	0	1	7667	1	0	next	other	0
MAXED_1015_Day_A	196	Pulse	99	3860000	491	NA
MAXED_1015_Day_A	197	Picture	stage1_outcome	3867176	0	1	167	1	0	next	other	0
MAXED_1015_Day_A	198	Picture	stage2A	3867342	0	1	6500	1	0	next	false_alarm	482
MAXED_1015_Day_A	198	Response	1	3873738	6396	1
MAXED_1015_Day_A	199	Picture	stage2_box	3873842	0	1	7667	1	0	next	other	0
MAXED_1015_Day_A	199	Pulse	99	3880000	6158	NA
MAXED_1015_Day_A	200	Picture	stage2_up	3881509	0	1	7667	1	0	next	other	0
MAXED_1015_Day_A	201	Picture	stage2_win	3889176	0	1	10167	1	0	next	other	0
MAXED_1015_Day_A	202	Picture	stage1	3899343	0	1	5833	1	0	next	false_alarm	489
MAXED_1015_Day_A	202	Pulse	99	3900000	657	NA
MAXED_1015_Day_A	202	Response	2	3905098	5756	1
MAXED_1015_Day_A	203	Picture	stage1_box	3905176	0	1	7667	1	0	next	other	0
MAXED_1015_Day_A	204	Picture	stage1_outcome	3912843	0	1	167	1	0	next	other	0
MAXED_1015_Day_A	205	Picture	stage2A	3913009	0	1	5500	1	0	next	false_alarm	493
MAXED_1015_Day_A	205	Response	1	3918458	5449	1
MAXED_1015_Day_A	206	Picture	stage2_box	3918509	0	1	7667	1	0	next	other	0
MAXED_1015_Day_A	206	Pulse	99	3920000	1491	NA
MAXED_1015_Day_A	207	Picture	stage2_up	3926176	0	1	7667	1	0	next	other	0
MAXED_1015_Day_A	208	Picture	stage2_win	3933843	0	1	10167	1	0	next	other	0
MAXED_1015_Day_A	208	Pulse	99	3940000	6157	NA
MAXED_1015_Day_A	209	Picture	stage1	3944009	0	1	4000	1	0	next	false_alarm	500
MAXED_1015_Day_A	209	Response	2	3947898	3889	1
MAXED_1015_Day_A	210	Picture	stage1_box	3948009	0	1	7667	1	0	next	other	0
MAXED_1015_Day_A	211	Picture	stage1_outcome	3955676	0	1	167	1	0	next	other	0
MAXED_1015_Day_A	212	Picture	stage2B	3955843	0	1	4167	1	0	next	false_alarm	504
MAXED_1015_Day_A	212	Response	1	3959978	4136	1
MAXED_1015_Day_A	212	Pulse	99	3960000	4157	NA
MAXED_1015_Day_A	213	Picture	stage2_box	3960009	0	1	7667	1	0	next	other	0
MAXED_1015_Day_A	214	Picture	stage2_up	3967676	0	1	7667	1	0	next	other	0
MAXED_1015_Day_A	215	Picture	stage2_lose	3975343	0	1	10167	1	0	next	other	0
MAXED_1015_Day_A	215	Pulse	99	3980000	4657	NA
MAXED_1015_Day_A	216	Picture	stage1	3985509	0	1	3500	1	0	next	false_alarm	511
MAXED_1015_Day_A	216	Response	2	3988858	3349	1
MAXED_1015_Day_A	217	Picture	stage1_box	3989009	0	1	7667	1	0	next	other	0
MAXED_1015_Day_A	218	Picture	stage1_outcome	3996676	0	1	167	1	0	next	other	0
MAXED_1015_Day_A	219	Picture	stage2B	3996843	0	1	3333	1	0	next	false_alarm	516
MAXED_1015_Day_A	219	Pulse	99	4000000	3157	NA
MAXED_1015_Day_A	219	Response	2	4000058	3216	1
MAXED_1015_Day_A	220	Picture	stage2_box	4000176	0	1	7667	1	0	next	other	0
MAXED_1015_Day_A	221	Picture	stage2_up	4007843	0	1	7667	1	0	next	other	0
MAXED_1015_Day_A	222	Picture	stage2_lose	4015509	0	1	10167	1	0	next	other	0
MAXED_1015_Day_A	222	Pulse	99	4020000	4491	NA
MAXED_1015_Day_A	223	Pulse	99	4040000	14324	NA
MAXED_1015_Day_A	223	Pulse	99	4060000	34324	NA
MAXED_1015_Day_A	223	Response	88	4076939	51262	1
