Scenario - 
Logfile written - 12/13/2022 18:40:44

Subject	Trial	Event Type	Code	Time	TTime	Uncertainty	Duration	Uncertainty	ReqTime	ReqDur	Stim Type	Pair Index

MAXED_1046_b	0	Pulse	99	0	0	NA
MAXED_1046_b	1	Picture	instructions_1	166	0	1	267499	1	0	next	false_alarm	16
MAXED_1046_b	1	Pulse	99	20000	19834	NA
MAXED_1046_b	1	Pulse	99	40000	39834	NA
MAXED_1046_b	1	Pulse	99	60000	59834	NA
MAXED_1046_b	1	Pulse	99	80000	79834	NA
MAXED_1046_b	1	Pulse	99	100000	99834	NA
MAXED_1046_b	1	Pulse	99	120000	119834	NA
MAXED_1046_b	1	Pulse	99	140000	139834	NA
MAXED_1046_b	1	Pulse	99	160000	159834	NA
MAXED_1046_b	1	Pulse	99	180000	179834	NA
MAXED_1046_b	1	Pulse	99	200000	199834	NA
MAXED_1046_b	1	Pulse	99	220000	219834	NA
MAXED_1046_b	1	Pulse	99	240000	239834	NA
MAXED_1046_b	1	Pulse	99	260000	259834	NA
MAXED_1046_b	1	Response	88	267454	267288	1
MAXED_1046_b	2	Picture	instructions_2	267665	0	1	40333	1	0	next	false_alarm	20
MAXED_1046_b	2	Pulse	99	280000	12335	NA
MAXED_1046_b	2	Pulse	99	300000	32335	NA
MAXED_1046_b	2	Response	88	307773	40108	1
MAXED_1046_b	3	Picture	instructions_3	307999	0	1	67666	1	0	next	false_alarm	25
MAXED_1046_b	3	Pulse	99	320000	12001	NA
MAXED_1046_b	3	Pulse	99	340000	32001	NA
MAXED_1046_b	3	Pulse	99	360000	52001	NA
MAXED_1046_b	3	Response	88	375453	67455	1
MAXED_1046_b	4	Picture	instructions_4	375665	0	1	68500	1	0	next	false_alarm	31
MAXED_1046_b	4	Pulse	99	380000	4335	NA
MAXED_1046_b	4	Pulse	99	400000	24335	NA
MAXED_1046_b	4	Pulse	99	420000	44335	NA
MAXED_1046_b	4	Pulse	99	440000	64335	NA
MAXED_1046_b	4	Response	88	443933	68268	1
MAXED_1046_b	5	Picture	instructions_5	444165	0	1	96333	1	0	next	false_alarm	38
MAXED_1046_b	5	Pulse	99	460000	15835	NA
MAXED_1046_b	5	Pulse	99	480000	35835	NA
MAXED_1046_b	5	Pulse	99	500000	55835	NA
MAXED_1046_b	5	Pulse	99	520000	75835	NA
MAXED_1046_b	5	Pulse	99	540000	95835	NA
MAXED_1046_b	5	Response	88	540413	96248	1
MAXED_1046_b	6	Picture	instructions_6	540498	0	1	26000	1	0	next	false_alarm	41
MAXED_1046_b	6	Pulse	99	560000	19502	NA
MAXED_1046_b	6	Response	88	566332	25834	1
MAXED_1046_b	7	Picture	instructions_7	566498	0	1	99166	1	0	next	false_alarm	48
MAXED_1046_b	7	Pulse	99	580000	13502	NA
MAXED_1046_b	7	Pulse	99	600000	33502	NA
MAXED_1046_b	7	Pulse	99	620000	53502	NA
MAXED_1046_b	7	Pulse	99	640000	73502	NA
MAXED_1046_b	7	Pulse	99	660000	93502	NA
MAXED_1046_b	7	Response	88	665532	99034	1
MAXED_1046_b	8	Picture	instructions_8	665664	0	1	79166	1	0	next	false_alarm	54
MAXED_1046_b	8	Pulse	99	680000	14336	NA
MAXED_1046_b	8	Pulse	99	700000	34336	NA
MAXED_1046_b	8	Pulse	99	720000	54336	NA
MAXED_1046_b	8	Pulse	99	740000	74336	NA
MAXED_1046_b	8	Response	88	744732	79068	1
MAXED_1046_b	9	Picture	instructions_9	744830	0	1	32667	1	0	next	false_alarm	57
MAXED_1046_b	9	Pulse	99	760000	15170	NA
MAXED_1046_b	9	Response	88	777371	32541	1
MAXED_1046_b	10	Picture	instructions_10	777497	0	1	98333	1	0	next	false_alarm	64
MAXED_1046_b	10	Pulse	99	780000	2503	NA
MAXED_1046_b	10	Pulse	99	800000	22503	NA
MAXED_1046_b	10	Pulse	99	820000	42503	NA
MAXED_1046_b	10	Pulse	99	840000	62503	NA
MAXED_1046_b	10	Pulse	99	860000	82503	NA
MAXED_1046_b	10	Response	88	875611	98114	1
MAXED_1046_b	11	Picture	instructions_11	875830	0	1	45167	1	0	next	false_alarm	69
MAXED_1046_b	11	Pulse	99	880000	4170	NA
MAXED_1046_b	11	Pulse	99	900000	24170	NA
MAXED_1046_b	11	Pulse	99	920000	44170	NA
MAXED_1046_b	11	Response	88	920891	45061	1
MAXED_1046_b	12	Picture	instructions_12	920997	0	1	24000	1	0	next	false_alarm	72
MAXED_1046_b	12	Pulse	99	940000	19003	NA
MAXED_1046_b	12	Response	88	944891	23894	1
MAXED_1046_b	13	Picture	instructions_13	944996	0	1	40000	1	0	next	false_alarm	76
MAXED_1046_b	13	Pulse	99	960000	15004	NA
MAXED_1046_b	13	Pulse	99	980000	35004	NA
MAXED_1046_b	13	Response	88	984890	39894	1
MAXED_1046_b	14	Picture	instructions_14	984996	0	1	15833	1	0	next	false_alarm	79
MAXED_1046_b	14	Pulse	99	1000000	15004	NA
MAXED_1046_b	14	Response	88	1000730	15734	1
MAXED_1046_b	15	Picture	instructions_15	1000830	0	1	39667	1	0	next	false_alarm	83
MAXED_1046_b	15	Pulse	99	1020000	19170	NA
MAXED_1046_b	15	Pulse	99	1040000	39170	NA
MAXED_1046_b	15	Response	88	1040410	39580	1
MAXED_1046_b	16	Picture	instructions_16	1040496	0	1	42667	1	0	next	false_alarm	87
MAXED_1046_b	16	Pulse	99	1060000	19504	NA
MAXED_1046_b	16	Pulse	99	1080000	39504	NA
MAXED_1046_b	16	Response	88	1082970	42474	1
MAXED_1046_b	17	Picture	instructions_17	1083163	0	1	39500	1	0	next	false_alarm	91
MAXED_1046_b	17	Pulse	99	1100000	16837	NA
MAXED_1046_b	17	Pulse	99	1120000	36837	NA
MAXED_1046_b	17	Response	88	1122490	39327	1
MAXED_1046_b	18	Picture	instructions_18	1122662	0	1	38333	1	0	next	false_alarm	95
MAXED_1046_b	18	Pulse	99	1140000	17338	NA
MAXED_1046_b	18	Pulse	99	1160000	37338	NA
MAXED_1046_b	18	Response	88	1160890	38227	1
MAXED_1046_b	19	Picture	instructions_19	1160996	0	1	75166	1	0	next	false_alarm	100
MAXED_1046_b	19	Pulse	99	1180000	19004	NA
MAXED_1046_b	19	Pulse	99	1200000	39004	NA
MAXED_1046_b	19	Pulse	99	1220000	59004	NA
MAXED_1046_b	19	Response	88	1235929	74933	1
MAXED_1046_b	20	Picture	instructions_20	1236162	0	1	122500	1	0	next	false_alarm	108
MAXED_1046_b	20	Pulse	99	1240000	3838	NA
MAXED_1046_b	20	Pulse	99	1260000	23838	NA
MAXED_1046_b	20	Pulse	99	1280000	43838	NA
MAXED_1046_b	20	Pulse	99	1300000	63838	NA
MAXED_1046_b	20	Pulse	99	1320000	83838	NA
MAXED_1046_b	20	Pulse	99	1340000	103838	NA
MAXED_1046_b	20	Response	88	1358488	122326	1
MAXED_1046_b	21	Picture	instructions_21	1358662	0	1	60833	1	0	next	false_alarm	113
MAXED_1046_b	21	Pulse	99	1360000	1338	NA
MAXED_1046_b	21	Pulse	99	1380000	21338	NA
MAXED_1046_b	21	Pulse	99	1400000	41338	NA
MAXED_1046_b	21	Response	88	1419288	60627	1
MAXED_1046_b	22	Picture	instructions_22	1419495	0	1	23833	1	0	next	false_alarm	117
MAXED_1046_b	22	Pulse	99	1420000	505	NA
MAXED_1046_b	22	Pulse	99	1440000	20505	NA
MAXED_1046_b	22	Response	88	1443128	23633	1
MAXED_1046_b	23	Picture	instructions_23	1443328	0	1	33667	1	0	next	false_alarm	120
MAXED_1046_b	23	Pulse	99	1460000	16672	NA
MAXED_1046_b	23	Response	88	1476888	33560	1
MAXED_1046_b	24	Picture	instructions_24	1476995	0	1	35667	1	0	next	false_alarm	124
MAXED_1046_b	24	Pulse	99	1480000	3005	NA
MAXED_1046_b	24	Pulse	99	1500000	23005	NA
MAXED_1046_b	24	Response	88	1512568	35573	1
MAXED_1046_b	25	Picture	instructions_25	1512661	0	1	29167	1	0	next	false_alarm	128
MAXED_1046_b	25	Pulse	99	1520000	7339	NA
MAXED_1046_b	25	Pulse	99	1540000	27339	NA
MAXED_1046_b	25	Response	88	1541687	29026	1
MAXED_1046_b	26	Picture	instructions_26	1541828	0	1	103666	1	0	next	false_alarm	135
MAXED_1046_b	26	Pulse	99	1560000	18172	NA
MAXED_1046_b	26	Pulse	99	1580000	38172	NA
MAXED_1046_b	26	Pulse	99	1600000	58172	NA
MAXED_1046_b	26	Pulse	99	1620000	78172	NA
MAXED_1046_b	26	Pulse	99	1640000	98172	NA
MAXED_1046_b	26	Response	88	1645367	103539	1
MAXED_1046_b	27	Picture	instructions_27	1645494	0	1	91166	1	0	next	false_alarm	141
MAXED_1046_b	27	Pulse	99	1660000	14506	NA
MAXED_1046_b	27	Pulse	99	1680000	34506	NA
MAXED_1046_b	27	Pulse	99	1700000	54506	NA
MAXED_1046_b	27	Pulse	99	1720000	74506	NA
MAXED_1046_b	27	Response	88	1736567	91073	1
MAXED_1046_b	28	Picture	instructions_28	1736660	0	1	19667	1	0	next	false_alarm	144
MAXED_1046_b	28	Pulse	99	1740000	3340	NA
MAXED_1046_b	28	Response	88	1756246	19586	1
MAXED_1046_b	29	Picture	instructions_29	1756327	0	1	21667	1	0	next	false_alarm	147
MAXED_1046_b	29	Pulse	99	1760000	3673	NA
MAXED_1046_b	29	Response	88	1777847	21520	1
MAXED_1046_b	30	Picture	instructions_30	1777994	0	1	64500	1	0	next	false_alarm	153
MAXED_1046_b	30	Pulse	99	1780000	2006	NA
MAXED_1046_b	30	Pulse	99	1800000	22006	NA
MAXED_1046_b	30	Pulse	99	1820000	42006	NA
MAXED_1046_b	30	Pulse	99	1840000	62006	NA
MAXED_1046_b	30	Response	88	1842326	64332	1
MAXED_1046_b	31	Picture	instructions_31	1842493	0	1	46500	1	0	next	false_alarm	157
MAXED_1046_b	31	Pulse	99	1860000	17507	NA
MAXED_1046_b	31	Pulse	99	1880000	37507	NA
MAXED_1046_b	31	Response	88	1888886	46392	1
MAXED_1046_b	32	Picture	instructions_32	1888993	0	1	61833	1	0	next	false_alarm	162
MAXED_1046_b	32	Pulse	99	1900000	11007	NA
MAXED_1046_b	32	Pulse	99	1920000	31007	NA
MAXED_1046_b	32	Pulse	99	1940000	51007	NA
MAXED_1046_b	32	Response	88	1950646	61653	1
MAXED_1046_b	33	Picture	instructions_33	1950826	0	1	43833	1	0	next	false_alarm	166
MAXED_1046_b	33	Pulse	99	1960000	9174	NA
MAXED_1046_b	33	Pulse	99	1980000	29174	NA
MAXED_1046_b	33	Response	88	1994485	43659	1
MAXED_1046_b	34	Picture	instructions_34	1994659	0	1	77833	1	0	next	false_alarm	172
MAXED_1046_b	34	Pulse	99	2000000	5341	NA
MAXED_1046_b	34	Pulse	99	2020000	25341	NA
MAXED_1046_b	34	Pulse	99	2040000	45341	NA
MAXED_1046_b	34	Pulse	99	2060000	65341	NA
MAXED_1046_b	34	Response	88	2072405	77745	1
MAXED_1046_b	35	Picture	instructions_35	2072493	0	1	77666	1	0	next	false_alarm	178
MAXED_1046_b	35	Pulse	99	2080000	7508	NA
MAXED_1046_b	35	Pulse	99	2100000	27508	NA
MAXED_1046_b	35	Pulse	99	2120000	47508	NA
MAXED_1046_b	35	Pulse	99	2140000	67508	NA
MAXED_1046_b	35	Response	88	2150004	77512	1
MAXED_1046_b	36	Picture	instructions_36	2150159	0	1	96000	1	0	next	false_alarm	185
MAXED_1046_b	36	Pulse	99	2160000	9841	NA
MAXED_1046_b	36	Pulse	99	2180000	29841	NA
MAXED_1046_b	36	Pulse	99	2200000	49841	NA
MAXED_1046_b	36	Pulse	99	2220000	69841	NA
MAXED_1046_b	36	Pulse	99	2240000	89841	NA
MAXED_1046_b	36	Response	88	2246004	95845	1
MAXED_1046_b	37	Picture	instructions_37	2246159	0	1	30500	1	0	next	false_alarm	188
MAXED_1046_b	37	Pulse	99	2260000	13841	NA
MAXED_1046_b	37	Response	88	2276563	30405	1
MAXED_1046_b	38	Picture	instructions_38	2276658	0	1	71333	1	0	next	false_alarm	194
MAXED_1046_b	38	Pulse	99	2280000	3342	NA
MAXED_1046_b	38	Pulse	99	2300000	23342	NA
MAXED_1046_b	38	Pulse	99	2320000	43342	NA
MAXED_1046_b	38	Pulse	99	2340000	63342	NA
MAXED_1046_b	38	Response	88	2347923	71265	1
MAXED_1046_b	39	Picture	instructions_39	2347992	0	1	55000	1	0	next	false_alarm	199
MAXED_1046_b	39	Pulse	99	2360000	12008	NA
MAXED_1046_b	39	Pulse	99	2380000	32008	NA
MAXED_1046_b	39	Pulse	99	2400000	52008	NA
MAXED_1046_b	39	Response	88	2402803	54812	1
MAXED_1046_b	40	Picture	instructions_40	2402991	0	1	28167	1	0	next	false_alarm	202
MAXED_1046_b	40	Pulse	99	2420000	17009	NA
MAXED_1046_b	40	Response	88	2430963	27971	1
MAXED_1046_b	41	Picture	instructions_41	2431158	0	1	25667	1	0	next	false_alarm	205
MAXED_1046_b	41	Pulse	99	2440000	8842	NA
MAXED_1046_b	41	Response	88	2456723	25565	1
MAXED_1046_b	42	Picture	instructions_42	2456824	0	1	55833	1	0	next	false_alarm	210
MAXED_1046_b	42	Pulse	99	2460000	3176	NA
MAXED_1046_b	42	Pulse	99	2480000	23176	NA
MAXED_1046_b	42	Pulse	99	2500000	43176	NA
MAXED_1046_b	42	Response	88	2512563	55738	1
MAXED_1046_b	43	Picture	instructions_43	2512658	0	1	24000	1	0	next	false_alarm	213
MAXED_1046_b	43	Pulse	99	2520000	7342	NA
MAXED_1046_b	43	Response	88	2536563	23906	1
MAXED_1046_b	44	Picture	instructions_44	2536658	0	1	55666	1	0	next	false_alarm	218
MAXED_1046_b	44	Pulse	99	2540000	3342	NA
MAXED_1046_b	44	Pulse	99	2560000	23342	NA
MAXED_1046_b	44	Pulse	99	2580000	43342	NA
MAXED_1046_b	44	Response	88	2592242	55585	1
MAXED_1046_b	45	Picture	instructions_45	2592324	0	1	122666	1	0	next	false_alarm	226
MAXED_1046_b	45	Pulse	99	2600000	7676	NA
MAXED_1046_b	45	Pulse	99	2620000	27676	NA
MAXED_1046_b	45	Pulse	99	2640000	47676	NA
MAXED_1046_b	45	Pulse	99	2660000	67676	NA
MAXED_1046_b	45	Pulse	99	2680000	87676	NA
MAXED_1046_b	45	Pulse	99	2700000	107676	NA
MAXED_1046_b	45	Response	88	2714802	122478	1
MAXED_1046_b	46	Picture	instructions_46	2714990	0	1	39000	1	0	next	false_alarm	230
MAXED_1046_b	46	Pulse	99	2720000	5010	NA
MAXED_1046_b	46	Pulse	99	2740000	25010	NA
MAXED_1046_b	46	Response	88	2753842	38852	1
MAXED_1046_b	47	Picture	fixation	2753990	0	1	5167	1	0	next	other	0
MAXED_1046_b	48	Picture	stage1	2759157	0	1	25167	1	0	next	false_alarm	235
MAXED_1046_b	48	Pulse	99	2760000	843	NA
MAXED_1046_b	48	Pulse	99	2780000	20843	NA
MAXED_1046_b	48	Response	2	2784241	25085	1
MAXED_1046_b	49	Picture	stage1_box	2784323	0	1	7667	1	0	next	other	0
MAXED_1046_b	50	Picture	stage1_outcome	2791990	0	1	167	1	0	next	other	0
MAXED_1046_b	51	Picture	stage2B	2792157	0	1	12500	1	0	next	false_alarm	240
MAXED_1046_b	51	Pulse	99	2800000	7843	NA
MAXED_1046_b	51	Response	2	2804561	12404	1
MAXED_1046_b	52	Picture	stage2_box	2804657	0	1	7667	1	0	next	other	0
MAXED_1046_b	53	Picture	stage2_up	2812323	0	1	7667	1	0	next	other	0
MAXED_1046_b	54	Picture	stage2_lose	2819990	0	1	10167	1	0	next	other	0
MAXED_1046_b	54	Pulse	99	2820000	10	NA
MAXED_1046_b	55	Picture	stage1	2830157	0	1	8500	1	0	next	false_alarm	246
MAXED_1046_b	55	Response	1	2838481	8324	1
MAXED_1046_b	56	Picture	stage1_box	2838656	0	1	7667	1	0	next	other	0
MAXED_1046_b	56	Pulse	99	2840000	1344	NA
MAXED_1046_b	57	Picture	stage1_outcome	2846323	0	1	167	1	0	next	other	0
MAXED_1046_b	58	Picture	stage2A	2846490	0	1	9000	1	0	next	false_alarm	251
MAXED_1046_b	58	Response	2	2855441	8951	1
MAXED_1046_b	59	Picture	stage2_box	2855490	0	1	7667	1	0	next	other	0
MAXED_1046_b	59	Pulse	99	2860000	4510	NA
MAXED_1046_b	60	Picture	stage2_up	2863156	0	1	7667	1	0	next	other	0
MAXED_1046_b	61	Picture	stage2_win	2870823	0	1	10167	1	0	next	other	0
MAXED_1046_b	61	Pulse	99	2880000	9177	NA
MAXED_1046_b	62	Picture	stage1	2880990	0	1	5833	1	0	next	false_alarm	258
MAXED_1046_b	62	Response	2	2886641	5651	1
MAXED_1046_b	63	Picture	stage1_box	2886823	0	1	7667	1	0	next	other	0
MAXED_1046_b	64	Picture	stage1_outcome	2894490	0	1	167	1	0	next	other	0
MAXED_1046_b	65	Picture	stage2B	2894656	0	1	12500	1	0	next	false_alarm	263
MAXED_1046_b	65	Pulse	99	2900000	5344	NA
MAXED_1046_b	65	Response	1	2906961	12304	1
MAXED_1046_b	66	Picture	stage2_box	2907156	0	1	7667	1	0	next	other	0
MAXED_1046_b	67	Picture	stage2_up	2914823	0	1	7667	1	0	next	other	0
MAXED_1046_b	67	Pulse	99	2920000	5177	NA
MAXED_1046_b	68	Picture	stage2_win	2922490	0	1	10167	1	0	next	other	0
MAXED_1046_b	69	Picture	stage1	2932656	0	1	10667	1	0	next	false_alarm	270
MAXED_1046_b	69	Pulse	99	2940000	7344	NA
MAXED_1046_b	69	Response	1	2943280	10624	1
MAXED_1046_b	70	Picture	stage1_box	2943323	0	1	7667	1	0	next	other	0
MAXED_1046_b	71	Picture	stage1_outcome	2950989	0	1	167	1	0	next	other	0
MAXED_1046_b	72	Picture	stage2A	2951156	0	1	10667	1	0	next	false_alarm	275
MAXED_1046_b	72	Pulse	99	2960000	8844	NA
MAXED_1046_b	72	Response	1	2961680	10524	1
MAXED_1046_b	73	Picture	stage2_box	2961823	0	1	7667	1	0	next	other	0
MAXED_1046_b	74	Picture	stage2_up	2969489	0	1	7667	1	0	next	other	0
MAXED_1046_b	75	Picture	stage2_lose	2977156	0	1	10167	1	0	next	other	0
MAXED_1046_b	75	Pulse	99	2980000	2844	NA
MAXED_1046_b	76	Picture	stage1	2987323	0	1	14333	1	0	next	false_alarm	282
MAXED_1046_b	76	Pulse	99	3000000	12677	NA
MAXED_1046_b	76	Response	2	3001520	14197	1
MAXED_1046_b	77	Picture	stage1_box	3001656	0	1	7667	1	0	next	other	0
MAXED_1046_b	78	Picture	stage1_outcome	3009323	0	1	167	1	0	next	other	0
MAXED_1046_b	79	Picture	stage2A	3009489	0	1	8167	1	0	next	false_alarm	286
MAXED_1046_b	79	Response	1	3017520	8031	1
MAXED_1046_b	80	Picture	stage2_box	3017656	0	1	7667	1	0	next	other	0
MAXED_1046_b	80	Pulse	99	3020000	2344	NA
MAXED_1046_b	81	Picture	stage2_up	3025323	0	1	7667	1	0	next	other	0
MAXED_1046_b	82	Picture	stage2_lose	3032989	0	1	10167	1	0	next	other	0
MAXED_1046_b	82	Pulse	99	3040000	7011	NA
MAXED_1046_b	83	Picture	stage1	3043156	0	1	9333	1	0	next	false_alarm	293
MAXED_1046_b	83	Response	2	3052400	9244	1
MAXED_1046_b	84	Picture	stage1_box	3052489	0	1	7667	1	0	next	other	0
MAXED_1046_b	84	Pulse	99	3060000	7511	NA
MAXED_1046_b	85	Picture	stage1_outcome	3060156	0	1	167	1	0	next	other	0
MAXED_1046_b	86	Picture	stage2A	3060322	0	1	28833	1	0	next	false_alarm	299
MAXED_1046_b	86	Pulse	99	3080000	19678	NA
MAXED_1046_b	86	Response	2	3089040	28717	1
MAXED_1046_b	87	Picture	stage2_box	3089156	0	1	7667	1	0	next	other	0
MAXED_1046_b	88	Picture	stage2_up	3096822	0	1	7667	1	0	next	other	0
MAXED_1046_b	88	Pulse	99	3100000	3178	NA
MAXED_1046_b	89	Picture	stage2_lose	3104489	0	1	10167	1	0	next	other	0
MAXED_1046_b	90	Picture	stage1	3114656	0	1	11667	1	0	next	false_alarm	306
MAXED_1046_b	90	Pulse	99	3120000	5344	NA
MAXED_1046_b	90	Response	1	3126159	11504	1
MAXED_1046_b	91	Picture	stage1_box	3126322	0	1	7667	1	0	next	other	0
MAXED_1046_b	92	Picture	stage1_outcome	3133989	0	1	167	1	0	next	other	0
MAXED_1046_b	93	Picture	stage2A	3134155	0	1	12333	1	0	next	false_alarm	311
MAXED_1046_b	93	Pulse	99	3140000	5845	NA
MAXED_1046_b	93	Response	1	3146319	12164	1
MAXED_1046_b	94	Picture	stage2_box	3146489	0	1	7667	1	0	next	other	0
MAXED_1046_b	95	Picture	stage2_up	3154155	0	1	7667	1	0	next	other	0
MAXED_1046_b	95	Pulse	99	3160000	5845	NA
MAXED_1046_b	96	Picture	stage2_lose	3161822	0	1	10167	1	0	next	other	0
MAXED_1046_b	97	Picture	stage1	3171989	0	1	9167	1	0	next	false_alarm	318
MAXED_1046_b	97	Pulse	99	3180000	8011	NA
MAXED_1046_b	97	Response	2	3181039	9050	1
MAXED_1046_b	98	Picture	stage1_box	3181155	0	1	7667	1	0	next	other	0
MAXED_1046_b	99	Picture	stage1_outcome	3188822	0	1	167	1	0	next	other	0
MAXED_1046_b	100	Picture	stage2B	3188989	0	1	18333	1	0	next	false_alarm	323
MAXED_1046_b	100	Pulse	99	3200000	11011	NA
MAXED_1046_b	100	Response	1	3207119	18131	1
MAXED_1046_b	101	Picture	stage2_box	3207322	0	1	7667	1	0	next	other	0
MAXED_1046_b	102	Picture	stage2_up	3214989	0	1	7667	1	0	next	other	0
MAXED_1046_b	102	Pulse	99	3220000	5011	NA
MAXED_1046_b	103	Picture	stage2_win	3222655	0	1	10167	1	0	next	other	0
MAXED_1046_b	104	Picture	stage1	3232822	0	1	6167	1	0	next	false_alarm	329
MAXED_1046_b	104	Response	2	3238799	5977	1
MAXED_1046_b	105	Picture	stage1_box	3238988	0	1	7667	1	0	next	other	0
MAXED_1046_b	105	Pulse	99	3240000	1012	NA
MAXED_1046_b	106	Picture	stage1_outcome	3246655	0	1	167	1	0	next	other	0
MAXED_1046_b	107	Picture	stage2A	3246822	0	1	21000	1	0	next	false_alarm	335
MAXED_1046_b	107	Pulse	99	3260000	13178	NA
MAXED_1046_b	107	Response	2	3267758	20937	1
MAXED_1046_b	108	Picture	stage2_box	3267822	0	1	7667	1	0	next	other	0
MAXED_1046_b	109	Picture	stage2_up	3275488	0	1	7667	1	0	next	other	0
MAXED_1046_b	109	Pulse	99	3280000	4512	NA
MAXED_1046_b	110	Picture	stage2_lose	3283155	0	1	10167	1	0	next	other	0
MAXED_1046_b	111	Picture	stage1	3293322	0	1	6000	1	0	next	false_alarm	341
MAXED_1046_b	111	Response	1	3299119	5797	1
MAXED_1046_b	112	Picture	stage1_box	3299322	0	1	7667	1	0	next	other	0
MAXED_1046_b	112	Pulse	99	3300000	678	NA
MAXED_1046_b	113	Picture	stage1_outcome	3306988	0	1	167	1	0	next	other	0
MAXED_1046_b	114	Picture	stage2A	3307155	0	1	22833	1	0	next	false_alarm	347
MAXED_1046_b	114	Pulse	99	3320000	12845	NA
MAXED_1046_b	114	Response	1	3329839	22684	1
MAXED_1046_b	115	Picture	stage2_box	3329988	0	1	7667	1	0	next	other	0
MAXED_1046_b	116	Picture	stage2_up	3337655	0	1	7667	1	0	next	other	0
MAXED_1046_b	116	Pulse	99	3340000	2345	NA
MAXED_1046_b	117	Picture	stage2_lose	3345321	0	1	10167	1	0	next	other	0
MAXED_1046_b	118	Picture	stage1	3355488	0	1	4667	1	0	next	false_alarm	354
MAXED_1046_b	118	Pulse	99	3360000	4512	NA
MAXED_1046_b	118	Response	2	3360078	4590	1
MAXED_1046_b	119	Picture	stage1_box	3360155	0	1	7667	1	0	next	other	0
MAXED_1046_b	120	Picture	stage1_outcome	3367821	0	1	167	1	0	next	other	0
MAXED_1046_b	121	Picture	stage2A	3367988	0	1	12833	1	0	next	false_alarm	359
MAXED_1046_b	121	Pulse	99	3380000	12012	NA
MAXED_1046_b	121	Response	2	3380718	12730	1
MAXED_1046_b	122	Picture	stage2_box	3380821	0	1	7667	1	0	next	other	0
MAXED_1046_b	123	Picture	stage2_up	3388488	0	1	7667	1	0	next	other	0
MAXED_1046_b	124	Picture	stage2_win	3396155	0	1	10167	1	0	next	other	0
MAXED_1046_b	124	Pulse	99	3400000	3845	NA
MAXED_1046_b	125	Picture	stage1	3406321	0	1	5000	1	0	next	false_alarm	365
MAXED_1046_b	125	Response	2	3411278	4957	1
MAXED_1046_b	126	Picture	stage1_box	3411321	0	1	7667	1	0	next	other	0
MAXED_1046_b	127	Picture	stage1_outcome	3418988	0	1	167	1	0	next	other	0
MAXED_1046_b	128	Picture	stage2B	3419154	0	1	8167	1	0	next	false_alarm	370
MAXED_1046_b	128	Pulse	99	3420000	846	NA
MAXED_1046_b	128	Response	1	3427278	8123	1
MAXED_1046_b	129	Picture	stage2_box	3427321	0	1	7667	1	0	next	other	0
MAXED_1046_b	130	Picture	stage2_up	3434988	0	1	7667	1	0	next	other	0
MAXED_1046_b	130	Pulse	99	3440000	5012	NA
MAXED_1046_b	131	Picture	stage2_win	3442654	0	1	10167	1	0	next	other	0
MAXED_1046_b	132	Picture	stage1	3452821	0	1	4000	1	0	next	false_alarm	376
MAXED_1046_b	132	Response	2	3456718	3897	1
MAXED_1046_b	133	Picture	stage1_box	3456821	0	1	7667	1	0	next	other	0
MAXED_1046_b	133	Pulse	99	3460000	3179	NA
MAXED_1046_b	134	Picture	stage1_outcome	3464488	0	1	167	1	0	next	other	0
MAXED_1046_b	135	Picture	stage2B	3464654	0	1	5667	1	0	next	false_alarm	381
MAXED_1046_b	135	Response	1	3470158	5504	1
MAXED_1046_b	136	Picture	stage2_box	3470321	0	1	7667	1	0	next	other	0
MAXED_1046_b	137	Picture	stage2_up	3477988	0	1	7667	1	0	next	other	0
MAXED_1046_b	137	Pulse	99	3480000	2012	NA
MAXED_1046_b	138	Picture	stage2_win	3485654	0	1	10167	1	0	next	other	0
MAXED_1046_b	139	Picture	stage1	3495821	0	1	4333	1	0	next	false_alarm	388
MAXED_1046_b	139	Pulse	99	3500000	4179	NA
MAXED_1046_b	139	Response	2	3500078	4257	1
MAXED_1046_b	140	Picture	stage1_box	3500154	0	1	7667	1	0	next	other	0
MAXED_1046_b	141	Picture	stage1_outcome	3507821	0	1	167	1	0	next	other	0
MAXED_1046_b	142	Picture	stage2B	3507987	0	1	5500	1	0	next	false_alarm	392
MAXED_1046_b	142	Response	1	3513358	5370	1
MAXED_1046_b	143	Picture	stage2_box	3513487	0	1	7667	1	0	next	other	0
MAXED_1046_b	143	Pulse	99	3520000	6513	NA
MAXED_1046_b	144	Picture	stage2_up	3521154	0	1	7667	1	0	next	other	0
MAXED_1046_b	145	Picture	stage2_win	3528821	0	1	10167	1	0	next	other	0
MAXED_1046_b	146	Picture	stage1	3538987	0	1	7500	1	0	next	false_alarm	399
MAXED_1046_b	146	Pulse	99	3540000	1013	NA
MAXED_1046_b	146	Response	2	3546317	7330	1
MAXED_1046_b	147	Picture	stage1_box	3546487	0	1	7667	1	0	next	other	0
MAXED_1046_b	148	Picture	stage1_outcome	3554154	0	1	167	1	0	next	other	0
MAXED_1046_b	149	Picture	stage2B	3554321	0	1	7333	1	0	next	false_alarm	404
MAXED_1046_b	149	Pulse	99	3560000	5679	NA
MAXED_1046_b	149	Response	1	3561517	7197	1
MAXED_1046_b	150	Picture	stage2_box	3561654	0	1	7667	1	0	next	other	0
MAXED_1046_b	151	Picture	stage2_up	3569321	0	1	7667	1	0	next	other	0
MAXED_1046_b	152	Picture	stage2_win	3576987	0	1	10167	1	0	next	other	0
MAXED_1046_b	152	Pulse	99	3580000	3013	NA
MAXED_1046_b	153	Picture	stage1	3587154	0	1	5000	1	0	next	false_alarm	410
MAXED_1046_b	153	Response	2	3592077	4923	1
MAXED_1046_b	154	Picture	stage1_box	3592154	0	1	7667	1	0	next	other	0
MAXED_1046_b	155	Picture	stage1_outcome	3599821	0	1	167	1	0	next	other	0
MAXED_1046_b	156	Picture	stage2B	3599987	0	1	4333	1	0	next	false_alarm	415
MAXED_1046_b	156	Pulse	99	3600000	13	NA
MAXED_1046_b	156	Response	1	3604237	4250	1
MAXED_1046_b	157	Picture	stage2_box	3604321	0	1	7667	1	0	next	other	0
MAXED_1046_b	158	Picture	stage2_up	3611987	0	1	7667	1	0	next	other	0
MAXED_1046_b	159	Picture	stage2_win	3619654	0	1	10167	1	0	next	other	0
MAXED_1046_b	159	Pulse	99	3620000	346	NA
MAXED_1046_b	160	Picture	stage1	3629820	0	1	4167	1	0	next	false_alarm	421
MAXED_1046_b	160	Response	2	3633837	4017	1
MAXED_1046_b	161	Picture	stage1_box	3633987	0	1	7667	1	0	next	other	0
MAXED_1046_b	161	Pulse	99	3640000	6013	NA
MAXED_1046_b	162	Picture	stage1_outcome	3641654	0	1	167	1	0	next	other	0
MAXED_1046_b	163	Picture	stage2A	3641820	0	1	25333	1	0	next	false_alarm	427
MAXED_1046_b	163	Pulse	99	3660000	18180	NA
MAXED_1046_b	163	Response	1	3666957	25137	1
MAXED_1046_b	164	Picture	stage2_box	3667154	0	1	7667	1	0	next	other	0
MAXED_1046_b	165	Picture	stage2_up	3674820	0	1	7667	1	0	next	other	0
MAXED_1046_b	165	Pulse	99	3680000	5180	NA
MAXED_1046_b	166	Picture	stage2_lose	3682487	0	1	10167	1	0	next	other	0
MAXED_1046_b	167	Picture	stage1	3692654	0	1	4333	1	0	next	false_alarm	433
MAXED_1046_b	167	Response	2	3696876	4223	1
MAXED_1046_b	168	Picture	stage1_box	3696987	0	1	7667	1	0	next	other	0
MAXED_1046_b	168	Pulse	99	3700000	3013	NA
MAXED_1046_b	169	Picture	stage1_outcome	3704654	0	1	167	1	0	next	other	0
MAXED_1046_b	170	Picture	stage2B	3704820	0	1	5500	1	0	next	false_alarm	438
MAXED_1046_b	170	Response	1	3710157	5336	1
MAXED_1046_b	171	Picture	stage2_box	3710320	0	1	7667	1	0	next	other	0
MAXED_1046_b	172	Picture	stage2_up	3717987	0	1	7667	1	0	next	other	0
MAXED_1046_b	172	Pulse	99	3720000	2013	NA
MAXED_1046_b	173	Picture	stage2_win	3725653	0	1	10167	1	0	next	other	0
MAXED_1046_b	174	Picture	stage1	3735820	0	1	5000	1	0	next	false_alarm	445
MAXED_1046_b	174	Pulse	99	3740000	4180	NA
MAXED_1046_b	174	Response	2	3740716	4896	1
MAXED_1046_b	175	Picture	stage1_box	3740820	0	1	7667	1	0	next	other	0
MAXED_1046_b	176	Picture	stage1_outcome	3748487	0	1	167	1	0	next	other	0
MAXED_1046_b	177	Picture	stage2B	3748653	0	1	3167	1	0	next	false_alarm	449
MAXED_1046_b	177	Response	1	3751757	3103	1
MAXED_1046_b	178	Picture	stage2_box	3751820	0	1	7667	1	0	next	other	0
MAXED_1046_b	179	Picture	stage2_up	3759487	0	1	7667	1	0	next	other	0
MAXED_1046_b	179	Pulse	99	3760000	513	NA
MAXED_1046_b	180	Picture	stage2_win	3767153	0	1	10167	1	0	next	other	0
MAXED_1046_b	181	Picture	stage1	3777320	0	1	3167	1	0	next	false_alarm	456
MAXED_1046_b	181	Pulse	99	3780000	2680	NA
MAXED_1046_b	181	Response	2	3780396	3076	1
MAXED_1046_b	182	Picture	stage1_box	3780487	0	1	7667	1	0	next	other	0
MAXED_1046_b	183	Picture	stage1_outcome	3788153	0	1	167	1	0	next	other	0
MAXED_1046_b	184	Picture	stage2B	3788320	0	1	4333	1	0	next	false_alarm	460
MAXED_1046_b	184	Response	1	3792556	4236	1
MAXED_1046_b	185	Picture	stage2_box	3792653	0	1	7667	1	0	next	other	0
MAXED_1046_b	185	Pulse	99	3800000	7347	NA
MAXED_1046_b	186	Picture	stage2_up	3800320	0	1	7667	1	0	next	other	0
MAXED_1046_b	187	Picture	stage2_lose	3807986	0	1	10167	1	0	next	other	0
MAXED_1046_b	188	Picture	stage1	3818153	0	1	5833	1	0	next	false_alarm	467
MAXED_1046_b	188	Pulse	99	3820000	1847	NA
MAXED_1046_b	188	Response	2	3823916	5763	1
MAXED_1046_b	189	Picture	stage1_box	3823986	0	1	7667	1	0	next	other	0
MAXED_1046_b	190	Picture	stage1_outcome	3831653	0	1	167	1	0	next	other	0
MAXED_1046_b	191	Picture	stage2A	3831820	0	1	11833	1	0	next	false_alarm	472
MAXED_1046_b	191	Pulse	99	3840000	8180	NA
MAXED_1046_b	191	Response	2	3843596	11776	1
MAXED_1046_b	192	Picture	stage2_box	3843653	0	1	7667	1	0	next	other	0
MAXED_1046_b	193	Picture	stage2_up	3851320	0	1	7667	1	0	next	other	0
MAXED_1046_b	194	Picture	stage2_win	3858986	0	1	10167	1	0	next	other	0
MAXED_1046_b	194	Pulse	99	3860000	1014	NA
MAXED_1046_b	195	Picture	stage1	3869153	0	1	4000	1	0	next	false_alarm	478
MAXED_1046_b	195	Response	2	3873036	3883	1
MAXED_1046_b	196	Picture	stage1_box	3873153	0	1	7667	1	0	next	other	0
MAXED_1046_b	196	Pulse	99	3880000	6847	NA
MAXED_1046_b	197	Picture	stage1_outcome	3880820	0	1	167	1	0	next	other	0
MAXED_1046_b	198	Picture	stage2B	3880986	0	1	4000	1	0	next	false_alarm	483
MAXED_1046_b	198	Response	1	3884876	3890	1
MAXED_1046_b	199	Picture	stage2_box	3884986	0	1	7667	1	0	next	other	0
MAXED_1046_b	200	Picture	stage2_up	3892653	0	1	7667	1	0	next	other	0
MAXED_1046_b	200	Pulse	99	3900000	7347	NA
MAXED_1046_b	201	Picture	stage2_win	3900319	0	1	10167	1	0	next	other	0
MAXED_1046_b	202	Picture	stage1	3910486	0	1	4500	1	0	next	false_alarm	489
MAXED_1046_b	202	Response	2	3914796	4310	1
MAXED_1046_b	203	Picture	stage1_box	3914986	0	1	7667	1	0	next	other	0
MAXED_1046_b	203	Pulse	99	3920000	5014	NA
MAXED_1046_b	204	Picture	stage1_outcome	3922653	0	1	167	1	0	next	other	0
MAXED_1046_b	205	Picture	stage2B	3922819	0	1	7333	1	0	next	false_alarm	494
MAXED_1046_b	205	Response	1	3929996	7176	1
MAXED_1046_b	206	Picture	stage2_box	3930153	0	1	7667	1	0	next	other	0
MAXED_1046_b	207	Picture	stage2_up	3937819	0	1	7667	1	0	next	other	0
MAXED_1046_b	207	Pulse	99	3940000	2181	NA
MAXED_1046_b	208	Picture	stage2_win	3945486	0	1	10167	1	0	next	other	0
MAXED_1046_b	209	Picture	stage1	3955653	0	1	6833	1	0	next	false_alarm	501
MAXED_1046_b	209	Pulse	99	3960000	4347	NA
MAXED_1046_b	209	Response	2	3962316	6663	1
MAXED_1046_b	210	Picture	stage1_box	3962486	0	1	7667	1	0	next	other	0
MAXED_1046_b	211	Picture	stage1_outcome	3970153	0	1	167	1	0	next	other	0
MAXED_1046_b	212	Picture	stage2A	3970319	0	1	12667	1	0	next	false_alarm	506
MAXED_1046_b	212	Pulse	99	3980000	9681	NA
MAXED_1046_b	212	Response	2	3982795	12476	1
MAXED_1046_b	213	Picture	stage2_box	3982986	0	1	7667	1	0	next	other	0
MAXED_1046_b	214	Picture	stage2_up	3990652	0	1	7667	1	0	next	other	0
MAXED_1046_b	215	Picture	stage2_lose	3998319	0	1	10167	1	0	next	other	0
MAXED_1046_b	215	Pulse	99	4000000	1681	NA
MAXED_1046_b	216	Picture	stage1	4008486	0	1	5833	1	0	next	false_alarm	512
MAXED_1046_b	216	Response	2	4014155	5669	1
MAXED_1046_b	217	Picture	stage1_box	4014319	0	1	7667	1	0	next	other	0
MAXED_1046_b	217	Pulse	99	4020000	5681	NA
MAXED_1046_b	218	Picture	stage1_outcome	4021986	0	1	167	1	0	next	other	0
MAXED_1046_b	219	Picture	stage2B	4022152	0	1	6333	1	0	next	false_alarm	517
MAXED_1046_b	219	Response	1	4028395	6243	1
MAXED_1046_b	220	Picture	stage2_box	4028486	0	1	7667	1	0	next	other	0
MAXED_1046_b	221	Picture	stage2_up	4036152	0	1	7667	1	0	next	other	0
MAXED_1046_b	221	Pulse	99	4040000	3848	NA
MAXED_1046_b	222	Picture	stage2_win	4043819	0	1	10167	1	0	next	other	0
MAXED_1046_b	223	Pulse	99	4060000	6014	NA
MAXED_1046_b	223	Pulse	99	4080000	26014	NA
MAXED_1046_b	223	Pulse	99	4100000	46014	NA
MAXED_1046_b	223	Response	88	4105195	51209	1
