Scenario - 
Logfile written - 03/01/2023 18:16:00

Subject	Trial	Event Type	Code	Time	TTime	Uncertainty	Duration	Uncertainty	ReqTime	ReqDur	Stim Type	Pair Index

MAXED_1049_Day_A	0	Pulse	99	0	0	NA
MAXED_1049_Day_A	1	Picture	instructions_1	333	0	1	119760	1	0	next	false_alarm	8
MAXED_1049_Day_A	1	Pulse	99	20000	19667	NA
MAXED_1049_Day_A	1	Pulse	99	40000	39667	NA
MAXED_1049_Day_A	1	Pulse	99	60000	59667	NA
MAXED_1049_Day_A	1	Pulse	99	80000	79667	NA
MAXED_1049_Day_A	1	Pulse	99	100000	99667	NA
MAXED_1049_Day_A	1	Response	88	119862	119529	1
MAXED_1049_Day_A	1	Pulse	99	120000	119667	NA
MAXED_1049_Day_A	2	Picture	instructions_2	120093	0	1	55725	1	0	next	false_alarm	13
MAXED_1049_Day_A	2	Pulse	99	140000	19907	NA
MAXED_1049_Day_A	2	Pulse	99	160000	39907	NA
MAXED_1049_Day_A	2	Response	88	175587	55494	1
MAXED_1049_Day_A	3	Picture	instructions_3	175818	0	1	47382	1	0	next	false_alarm	18
MAXED_1049_Day_A	3	Pulse	99	180000	4182	NA
MAXED_1049_Day_A	3	Pulse	99	200000	24182	NA
MAXED_1049_Day_A	3	Pulse	99	220000	44182	NA
MAXED_1049_Day_A	3	Response	88	222972	47154	1
MAXED_1049_Day_A	4	Picture	instructions_4	223200	0	1	62371	1	0	next	false_alarm	23
MAXED_1049_Day_A	4	Pulse	99	240000	16800	NA
MAXED_1049_Day_A	4	Pulse	99	260000	36800	NA
MAXED_1049_Day_A	4	Pulse	99	280000	56800	NA
MAXED_1049_Day_A	4	Response	88	285340	62140	1
MAXED_1049_Day_A	5	Picture	instructions_5	285572	0	1	81063	1	0	next	false_alarm	29
MAXED_1049_Day_A	5	Pulse	99	300000	14428	NA
MAXED_1049_Day_A	5	Pulse	99	320000	34428	NA
MAXED_1049_Day_A	5	Pulse	99	340000	54428	NA
MAXED_1049_Day_A	5	Pulse	99	360000	74428	NA
MAXED_1049_Day_A	5	Response	88	366404	80833	1
MAXED_1049_Day_A	6	Picture	instructions_6	366635	0	1	43979	1	0	next	false_alarm	33
MAXED_1049_Day_A	6	Pulse	99	380000	13365	NA
MAXED_1049_Day_A	6	Pulse	99	400000	33365	NA
MAXED_1049_Day_A	6	Response	88	410385	43749	1
MAXED_1049_Day_A	7	Picture	instructions_7	410614	0	1	108777	1	0	next	false_alarm	40
MAXED_1049_Day_A	7	Pulse	99	420000	9386	NA
MAXED_1049_Day_A	7	Pulse	99	440000	29386	NA
MAXED_1049_Day_A	7	Pulse	99	460000	49386	NA
MAXED_1049_Day_A	7	Pulse	99	480000	69386	NA
MAXED_1049_Day_A	7	Pulse	99	500000	89386	NA
MAXED_1049_Day_A	7	Response	88	519162	108548	1
MAXED_1049_Day_A	8	Picture	instructions_8	519391	0	1	62405	1	0	next	false_alarm	46
MAXED_1049_Day_A	8	Pulse	99	520000	609	NA
MAXED_1049_Day_A	8	Pulse	99	540000	20609	NA
MAXED_1049_Day_A	8	Pulse	99	560000	40609	NA
MAXED_1049_Day_A	8	Pulse	99	580000	60609	NA
MAXED_1049_Day_A	8	Response	88	581567	62176	1
MAXED_1049_Day_A	9	Picture	instructions_9	581796	0	1	48724	1	0	next	false_alarm	50
MAXED_1049_Day_A	9	Pulse	99	600000	18204	NA
MAXED_1049_Day_A	9	Pulse	99	620000	38204	NA
MAXED_1049_Day_A	9	Response	88	630289	48493	1
MAXED_1049_Day_A	10	Picture	instructions_10	630520	0	1	85029	1	0	next	false_alarm	56
MAXED_1049_Day_A	10	Pulse	99	640000	9480	NA
MAXED_1049_Day_A	10	Pulse	99	660000	29480	NA
MAXED_1049_Day_A	10	Pulse	99	680000	49480	NA
MAXED_1049_Day_A	10	Pulse	99	700000	69480	NA
MAXED_1049_Day_A	10	Response	88	715319	84799	1
MAXED_1049_Day_A	11	Picture	instructions_11	715549	0	1	54560	1	0	next	false_alarm	61
MAXED_1049_Day_A	11	Pulse	99	720000	4451	NA
MAXED_1049_Day_A	11	Pulse	99	740000	24451	NA
MAXED_1049_Day_A	11	Pulse	99	760000	44451	NA
MAXED_1049_Day_A	11	Response	88	770016	54467	1
MAXED_1049_Day_A	12	Picture	instructions_12	770109	0	1	40537	1	0	next	false_alarm	65
MAXED_1049_Day_A	12	Pulse	99	780000	9891	NA
MAXED_1049_Day_A	12	Pulse	99	800000	29891	NA
MAXED_1049_Day_A	12	Response	88	810416	40307	1
MAXED_1049_Day_A	13	Picture	instructions_13	810646	0	1	44938	1	0	next	false_alarm	69
MAXED_1049_Day_A	13	Pulse	99	820000	9354	NA
MAXED_1049_Day_A	13	Pulse	99	840000	29354	NA
MAXED_1049_Day_A	13	Response	88	855353	44707	1
MAXED_1049_Day_A	14	Picture	instructions_14	855584	0	1	26814	1	0	next	false_alarm	73
MAXED_1049_Day_A	14	Pulse	99	860000	4417	NA
MAXED_1049_Day_A	14	Pulse	99	880000	24417	NA
MAXED_1049_Day_A	14	Response	88	882166	26583	1
MAXED_1049_Day_A	15	Picture	instructions_15	882397	0	1	65524	1	0	next	false_alarm	78
MAXED_1049_Day_A	15	Pulse	99	900000	17603	NA
MAXED_1049_Day_A	15	Pulse	99	920000	37603	NA
MAXED_1049_Day_A	15	Pulse	99	940000	57603	NA
MAXED_1049_Day_A	15	Response	88	947691	65293	1
MAXED_1049_Day_A	16	Picture	instructions_16	947921	0	1	60398	1	0	next	false_alarm	83
MAXED_1049_Day_A	16	Pulse	99	960000	12079	NA
MAXED_1049_Day_A	16	Pulse	99	980000	32079	NA
MAXED_1049_Day_A	16	Pulse	99	1000000	52079	NA
MAXED_1049_Day_A	16	Response	88	1008089	60168	1
MAXED_1049_Day_A	17	Picture	instructions_17	1008319	0	1	15191	1	0	next	false_alarm	86
MAXED_1049_Day_A	17	Pulse	99	1020000	11681	NA
MAXED_1049_Day_A	17	Response	88	1023281	14962	1
MAXED_1049_Day_A	18	Picture	instructions_18	1023510	0	1	30629	1	0	next	false_alarm	89
MAXED_1049_Day_A	18	Pulse	99	1040000	16490	NA
MAXED_1049_Day_A	18	Response	88	1053908	30398	1
MAXED_1049_Day_A	19	Picture	instructions_19	1054139	0	1	44575	1	0	next	false_alarm	93
MAXED_1049_Day_A	19	Pulse	99	1060000	5861	NA
MAXED_1049_Day_A	19	Pulse	99	1080000	25861	NA
MAXED_1049_Day_A	19	Response	88	1098485	44346	1
MAXED_1049_Day_A	20	Picture	instructions_20	1098713	0	1	52013	1	0	next	false_alarm	98
MAXED_1049_Day_A	20	Pulse	99	1100000	1287	NA
MAXED_1049_Day_A	20	Pulse	99	1120000	21287	NA
MAXED_1049_Day_A	20	Pulse	99	1140000	41287	NA
MAXED_1049_Day_A	20	Response	88	1150498	51784	1
MAXED_1049_Day_A	21	Picture	instructions_21	1150726	0	1	41746	1	0	next	false_alarm	102
MAXED_1049_Day_A	21	Pulse	99	1160000	9274	NA
MAXED_1049_Day_A	21	Pulse	99	1180000	29274	NA
MAXED_1049_Day_A	21	Response	88	1192244	41518	1
MAXED_1049_Day_A	22	Picture	instructions_22	1192472	0	1	39469	1	0	next	false_alarm	106
MAXED_1049_Day_A	22	Pulse	99	1200000	7528	NA
MAXED_1049_Day_A	22	Pulse	99	1220000	27528	NA
MAXED_1049_Day_A	22	Response	88	1231711	39239	1
MAXED_1049_Day_A	23	Picture	instructions_23	1231941	0	1	72621	1	0	next	false_alarm	112
MAXED_1049_Day_A	23	Pulse	99	1240000	8059	NA
MAXED_1049_Day_A	23	Pulse	99	1260000	28059	NA
MAXED_1049_Day_A	23	Pulse	99	1280000	48059	NA
MAXED_1049_Day_A	23	Pulse	99	1300000	68059	NA
MAXED_1049_Day_A	23	Response	88	1304322	72381	1
MAXED_1049_Day_A	24	Picture	instructions_24	1304562	0	1	50447	1	0	next	false_alarm	116
MAXED_1049_Day_A	24	Pulse	99	1320000	15438	NA
MAXED_1049_Day_A	24	Pulse	99	1340000	35438	NA
MAXED_1049_Day_A	24	Response	88	1354780	50218	1
MAXED_1049_Day_A	25	Picture	instructions_25	1355009	0	1	41828	1	0	next	false_alarm	120
MAXED_1049_Day_A	25	Pulse	99	1360000	4991	NA
MAXED_1049_Day_A	25	Pulse	99	1380000	24991	NA
MAXED_1049_Day_A	25	Response	88	1396606	41597	1
MAXED_1049_Day_A	26	Picture	instructions_26	1396837	0	1	61697	1	0	next	false_alarm	125
MAXED_1049_Day_A	26	Pulse	99	1400000	3163	NA
MAXED_1049_Day_A	26	Pulse	99	1420000	23163	NA
MAXED_1049_Day_A	26	Pulse	99	1440000	43163	NA
MAXED_1049_Day_A	26	Response	88	1458305	61468	1
MAXED_1049_Day_A	27	Picture	instructions_27	1458534	0	1	27773	1	0	next	false_alarm	129
MAXED_1049_Day_A	27	Pulse	99	1460000	1466	NA
MAXED_1049_Day_A	27	Pulse	99	1480000	21466	NA
MAXED_1049_Day_A	27	Response	88	1486078	27544	1
MAXED_1049_Day_A	28	Picture	instructions_28	1486307	0	1	22827	1	0	next	false_alarm	132
MAXED_1049_Day_A	28	Pulse	99	1500000	13693	NA
MAXED_1049_Day_A	28	Response	88	1508904	22597	1
MAXED_1049_Day_A	29	Picture	instructions_29	1509135	0	1	46840	1	0	next	false_alarm	136
MAXED_1049_Day_A	29	Pulse	99	1520000	10865	NA
MAXED_1049_Day_A	29	Pulse	99	1540000	30865	NA
MAXED_1049_Day_A	29	Response	88	1555746	46611	1
MAXED_1049_Day_A	30	Picture	instructions_30	1555975	0	1	84990	1	0	next	false_alarm	143
MAXED_1049_Day_A	30	Pulse	99	1560000	4025	NA
MAXED_1049_Day_A	30	Pulse	99	1580000	24025	NA
MAXED_1049_Day_A	30	Pulse	99	1600000	44025	NA
MAXED_1049_Day_A	30	Pulse	99	1620000	64025	NA
MAXED_1049_Day_A	30	Pulse	99	1640000	84025	NA
MAXED_1049_Day_A	30	Response	88	1640734	84759	1
MAXED_1049_Day_A	31	Picture	instructions_31	1640965	0	1	50186	1	0	next	false_alarm	147
MAXED_1049_Day_A	31	Pulse	99	1660000	19035	NA
MAXED_1049_Day_A	31	Pulse	99	1680000	39035	NA
MAXED_1049_Day_A	31	Response	88	1690923	49958	1
MAXED_1049_Day_A	32	Picture	instructions_32	1691151	0	1	92733	1	0	next	false_alarm	154
MAXED_1049_Day_A	32	Pulse	99	1700000	8849	NA
MAXED_1049_Day_A	32	Pulse	99	1720000	28849	NA
MAXED_1049_Day_A	32	Pulse	99	1740000	48849	NA
MAXED_1049_Day_A	32	Pulse	99	1760000	68849	NA
MAXED_1049_Day_A	32	Pulse	99	1780000	88849	NA
MAXED_1049_Day_A	32	Response	88	1783655	92504	1
MAXED_1049_Day_A	33	Picture	instructions_33	1783884	0	1	48437	1	0	next	false_alarm	158
MAXED_1049_Day_A	33	Pulse	99	1800000	16116	NA
MAXED_1049_Day_A	33	Pulse	99	1820000	36116	NA
MAXED_1049_Day_A	33	Response	88	1832093	48209	1
MAXED_1049_Day_A	34	Picture	instructions_34	1832321	0	1	72626	1	0	next	false_alarm	164
MAXED_1049_Day_A	34	Pulse	99	1840000	7679	NA
MAXED_1049_Day_A	34	Pulse	99	1860000	27679	NA
MAXED_1049_Day_A	34	Pulse	99	1880000	47679	NA
MAXED_1049_Day_A	34	Pulse	99	1900000	67679	NA
MAXED_1049_Day_A	34	Response	88	1904719	72397	1
MAXED_1049_Day_A	35	Picture	instructions_35	1904947	0	1	88982	1	0	next	false_alarm	170
MAXED_1049_Day_A	35	Pulse	99	1920000	15053	NA
MAXED_1049_Day_A	35	Pulse	99	1940000	35053	NA
MAXED_1049_Day_A	35	Pulse	99	1960000	55053	NA
MAXED_1049_Day_A	35	Pulse	99	1980000	75053	NA
MAXED_1049_Day_A	35	Response	88	1993700	88753	1
MAXED_1049_Day_A	36	Picture	instructions_36	1993929	0	1	65436	1	0	next	false_alarm	175
MAXED_1049_Day_A	36	Pulse	99	2000000	6071	NA
MAXED_1049_Day_A	36	Pulse	99	2020000	26071	NA
MAXED_1049_Day_A	36	Pulse	99	2040000	46071	NA
MAXED_1049_Day_A	36	Response	88	2059135	65206	1
MAXED_1049_Day_A	37	Picture	instructions_37	2059365	0	1	48663	1	0	next	false_alarm	180
MAXED_1049_Day_A	37	Pulse	99	2060000	635	NA
MAXED_1049_Day_A	37	Pulse	99	2080000	20635	NA
MAXED_1049_Day_A	37	Pulse	99	2100000	40635	NA
MAXED_1049_Day_A	37	Response	88	2107971	48606	1
MAXED_1049_Day_A	38	Picture	instructions_38	2108028	0	1	37663	1	0	next	false_alarm	184
MAXED_1049_Day_A	38	Pulse	99	2120000	11972	NA
MAXED_1049_Day_A	38	Pulse	99	2140000	31972	NA
MAXED_1049_Day_A	38	Response	88	2145631	37604	1
MAXED_1049_Day_A	39	Picture	instructions_39	2145691	0	1	43854	1	0	next	false_alarm	188
MAXED_1049_Day_A	39	Pulse	99	2160000	14309	NA
MAXED_1049_Day_A	39	Pulse	99	2180000	34309	NA
MAXED_1049_Day_A	39	Response	88	2189484	43793	1
MAXED_1049_Day_A	40	Picture	instructions_40	2189544	0	1	29783	1	0	next	false_alarm	191
MAXED_1049_Day_A	40	Pulse	99	2200000	10456	NA
MAXED_1049_Day_A	40	Response	88	2219270	29726	1
MAXED_1049_Day_A	41	Picture	instructions_41	2219327	0	1	33099	1	0	next	false_alarm	195
MAXED_1049_Day_A	41	Pulse	99	2220000	673	NA
MAXED_1049_Day_A	41	Pulse	99	2240000	20673	NA
MAXED_1049_Day_A	41	Response	88	2252203	32875	1
MAXED_1049_Day_A	42	Picture	instructions_42	2252426	0	1	44520	1	0	next	false_alarm	199
MAXED_1049_Day_A	42	Pulse	99	2260000	7574	NA
MAXED_1049_Day_A	42	Pulse	99	2280000	27574	NA
MAXED_1049_Day_A	42	Response	88	2296889	44463	1
MAXED_1049_Day_A	43	Picture	instructions_43	2296946	0	1	29519	1	0	next	false_alarm	203
MAXED_1049_Day_A	43	Pulse	99	2300000	3054	NA
MAXED_1049_Day_A	43	Pulse	99	2320000	23054	NA
MAXED_1049_Day_A	43	Response	88	2326406	29460	1
MAXED_1049_Day_A	44	Picture	instructions_44	2326465	0	1	43407	1	0	next	false_alarm	207
MAXED_1049_Day_A	44	Pulse	99	2340000	13535	NA
MAXED_1049_Day_A	44	Pulse	99	2360000	33535	NA
MAXED_1049_Day_A	44	Response	88	2369655	43190	1
MAXED_1049_Day_A	45	Picture	instructions_45	2369872	0	1	63213	1	0	next	false_alarm	212
MAXED_1049_Day_A	45	Pulse	99	2380000	10128	NA
MAXED_1049_Day_A	45	Pulse	99	2400000	30128	NA
MAXED_1049_Day_A	45	Pulse	99	2420000	50128	NA
MAXED_1049_Day_A	45	Response	88	2433029	63156	1
MAXED_1049_Day_A	46	Picture	instructions_46	2433085	0	1	20372	1	0	next	false_alarm	215
MAXED_1049_Day_A	46	Pulse	99	2440000	6915	NA
MAXED_1049_Day_A	46	Response	88	2453405	20319	1
MAXED_1049_Day_A	47	Picture	fixation	2453458	0	1	5165	1	0	next	other	0
MAXED_1049_Day_A	48	Picture	stage1	2458623	0	1	17827	1	0	next	false_alarm	219
MAXED_1049_Day_A	48	Pulse	99	2460000	1377	NA
MAXED_1049_Day_A	48	Response	1	2476348	17726	1
MAXED_1049_Day_A	49	Picture	stage1_box	2476450	0	1	7664	1	0	next	other	0
MAXED_1049_Day_A	49	Pulse	99	2480000	3550	NA
MAXED_1049_Day_A	50	Picture	stage1_outcome	2484114	0	1	167	1	0	next	other	0
MAXED_1049_Day_A	51	Picture	stage2A	2484281	0	1	14662	1	0	next	false_alarm	224
MAXED_1049_Day_A	51	Response	1	2498883	14602	1
MAXED_1049_Day_A	52	Picture	stage2_box	2498942	0	1	7664	1	0	next	other	0
MAXED_1049_Day_A	52	Pulse	99	2500000	1058	NA
MAXED_1049_Day_A	53	Picture	stage2_up	2506606	0	1	7664	1	0	next	other	0
MAXED_1049_Day_A	54	Picture	stage2_lose	2514270	0	1	10163	1	0	next	other	0
MAXED_1049_Day_A	54	Pulse	99	2520000	5730	NA
MAXED_1049_Day_A	55	Picture	stage1	2524433	0	1	5165	1	0	next	false_alarm	231
MAXED_1049_Day_A	55	Response	2	2529539	5105	1
MAXED_1049_Day_A	56	Picture	stage1_box	2529598	0	1	7664	1	0	next	other	0
MAXED_1049_Day_A	57	Picture	stage1_outcome	2537262	0	1	167	1	0	next	other	0
MAXED_1049_Day_A	58	Picture	stage2B	2537429	0	1	3832	1	0	next	false_alarm	236
MAXED_1049_Day_A	58	Pulse	99	2540000	2571	NA
MAXED_1049_Day_A	58	Response	2	2541181	3752	1
MAXED_1049_Day_A	59	Picture	stage2_box	2541261	0	1	7550	1	0	next	other	0
MAXED_1049_Day_A	60	Picture	stage2_up	2548811	0	1	7550	1	0	next	other	0
MAXED_1049_Day_A	61	Picture	stage2_lose	2556361	0	1	10053	1	0	next	other	0
MAXED_1049_Day_A	61	Pulse	99	2560000	3639	NA
MAXED_1049_Day_A	62	Picture	stage1	2566414	0	1	3574	1	0	next	false_alarm	242
MAXED_1049_Day_A	62	Response	1	2569937	3523	1
MAXED_1049_Day_A	63	Picture	stage1_box	2569987	0	1	7550	1	0	next	other	0
MAXED_1049_Day_A	64	Picture	stage1_outcome	2577537	0	1	167	1	0	next	other	0
MAXED_1049_Day_A	65	Picture	stage2A	2577704	0	1	7839	1	0	next	false_alarm	247
MAXED_1049_Day_A	65	Pulse	99	2580000	2296	NA
MAXED_1049_Day_A	65	Response	2	2585489	7786	1
MAXED_1049_Day_A	66	Picture	stage2_box	2585543	0	1	7550	1	0	next	other	0
MAXED_1049_Day_A	67	Picture	stage2_up	2593093	0	1	7553	1	0	next	other	0
MAXED_1049_Day_A	67	Pulse	99	2600000	6907	NA
MAXED_1049_Day_A	68	Picture	stage2_win	2600646	0	1	10050	1	0	next	other	0
MAXED_1049_Day_A	69	Picture	stage1	2610696	0	1	5016	1	0	next	false_alarm	253
MAXED_1049_Day_A	69	Response	2	2615661	4965	1
MAXED_1049_Day_A	70	Picture	stage1_box	2615712	0	1	7550	1	0	next	other	0
MAXED_1049_Day_A	70	Pulse	99	2620000	4288	NA
MAXED_1049_Day_A	71	Picture	stage1_outcome	2623262	0	1	167	1	0	next	other	0
MAXED_1049_Day_A	72	Picture	stage2A	2623429	0	1	6849	1	0	next	false_alarm	258
MAXED_1049_Day_A	72	Response	1	2630228	6799	1
MAXED_1049_Day_A	73	Picture	stage2_box	2630278	0	1	7550	1	0	next	other	0
MAXED_1049_Day_A	74	Picture	stage2_up	2637828	0	1	7550	1	0	next	other	0
MAXED_1049_Day_A	74	Pulse	99	2640000	2172	NA
MAXED_1049_Day_A	75	Picture	stage2_lose	2645378	0	1	10050	1	0	next	other	0
MAXED_1049_Day_A	76	Picture	stage1	2655428	0	1	3304	1	0	next	false_alarm	264
MAXED_1049_Day_A	76	Response	1	2658682	3255	1
MAXED_1049_Day_A	77	Picture	stage1_box	2658732	0	1	7550	1	0	next	other	0
MAXED_1049_Day_A	77	Pulse	99	2660000	1268	NA
MAXED_1049_Day_A	78	Picture	stage1_outcome	2666281	0	1	167	1	0	next	other	0
MAXED_1049_Day_A	79	Picture	stage2B	2666448	0	1	3546	1	0	next	false_alarm	269
MAXED_1049_Day_A	79	Response	1	2669771	3323	1
MAXED_1049_Day_A	80	Picture	stage2_box	2669994	0	1	7541	1	0	next	other	0
MAXED_1049_Day_A	81	Picture	stage2_up	2677535	0	1	7550	1	0	next	other	0
MAXED_1049_Day_A	81	Pulse	99	2680000	2465	NA
MAXED_1049_Day_A	82	Picture	stage2_win	2685085	0	1	10163	1	0	next	other	0
MAXED_1049_Day_A	83	Picture	stage1	2695248	0	1	3332	1	0	next	false_alarm	275
MAXED_1049_Day_A	83	Response	1	2698406	3158	10
MAXED_1049_Day_A	84	Picture	stage1_box	2698580	0	1	7664	1	0	next	other	0
MAXED_1049_Day_A	84	Pulse	99	2700000	1420	NA
MAXED_1049_Day_A	85	Picture	stage1_outcome	2706244	0	1	167	1	0	next	other	0
MAXED_1049_Day_A	86	Picture	stage2A	2706411	0	1	4715	1	0	next	false_alarm	280
MAXED_1049_Day_A	86	Response	2	2711087	4676	1
MAXED_1049_Day_A	87	Picture	stage2_box	2711126	0	1	7551	1	0	next	other	0
MAXED_1049_Day_A	88	Picture	stage2_up	2718677	0	1	7550	1	0	next	other	0
MAXED_1049_Day_A	88	Pulse	99	2720000	1323	NA
MAXED_1049_Day_A	89	Picture	stage2_win	2726227	0	1	10050	1	0	next	other	0
MAXED_1049_Day_A	90	Picture	stage1	2736277	0	1	3297	1	0	next	false_alarm	286
MAXED_1049_Day_A	90	Response	2	2739524	3246	1
MAXED_1049_Day_A	91	Picture	stage1_box	2739574	0	1	7550	1	0	next	other	0
MAXED_1049_Day_A	91	Pulse	99	2740000	426	NA
MAXED_1049_Day_A	92	Picture	stage1_outcome	2747124	0	1	167	1	0	next	other	0
MAXED_1049_Day_A	93	Picture	stage2B	2747290	0	1	3505	1	0	next	false_alarm	291
MAXED_1049_Day_A	93	Response	2	2750744	3454	1
MAXED_1049_Day_A	94	Picture	stage2_box	2750796	0	1	7664	1	0	next	other	0
MAXED_1049_Day_A	95	Picture	stage2_up	2758460	0	1	7664	1	0	next	other	0
MAXED_1049_Day_A	95	Pulse	99	2760000	1540	NA
MAXED_1049_Day_A	96	Picture	stage2_win	2766124	0	1	10163	1	0	next	other	0
MAXED_1049_Day_A	97	Picture	stage1	2776287	0	1	3499	1	0	next	false_alarm	297
MAXED_1049_Day_A	97	Response	2	2779693	3406	1
MAXED_1049_Day_A	98	Picture	stage1_box	2779786	0	1	7664	1	0	next	other	0
MAXED_1049_Day_A	98	Pulse	99	2780000	214	NA
MAXED_1049_Day_A	99	Picture	stage1_outcome	2787450	0	1	167	1	0	next	other	0
MAXED_1049_Day_A	100	Picture	stage2B	2787617	0	1	3628	1	0	next	false_alarm	302
MAXED_1049_Day_A	100	Response	1	2791206	3589	1
MAXED_1049_Day_A	101	Picture	stage2_box	2791245	0	1	7664	1	0	next	other	0
MAXED_1049_Day_A	102	Picture	stage2_up	2798909	0	1	7664	1	0	next	other	0
MAXED_1049_Day_A	102	Pulse	99	2800000	1091	NA
MAXED_1049_Day_A	103	Picture	stage2_lose	2806573	0	1	10050	1	0	next	other	0
MAXED_1049_Day_A	104	Picture	stage1	2816623	0	1	3274	1	0	next	false_alarm	308
MAXED_1049_Day_A	104	Response	1	2819848	3224	1
MAXED_1049_Day_A	105	Picture	stage1_box	2819897	0	1	7549	1	0	next	other	0
MAXED_1049_Day_A	105	Pulse	99	2820000	103	NA
MAXED_1049_Day_A	106	Picture	stage1_outcome	2827446	0	1	167	1	0	next	other	0
MAXED_1049_Day_A	107	Picture	stage2A	2827613	0	1	2647	1	0	next	false_alarm	313
MAXED_1049_Day_A	107	Response	1	2830211	2598	1
MAXED_1049_Day_A	108	Picture	stage2_box	2830260	0	1	7539	1	0	next	other	0
MAXED_1049_Day_A	109	Picture	stage2_up	2837799	0	1	7549	1	0	next	other	0
MAXED_1049_Day_A	109	Pulse	99	2840000	2201	NA
MAXED_1049_Day_A	110	Picture	stage2_win	2845349	0	1	10050	1	0	next	other	0
MAXED_1049_Day_A	111	Picture	stage1	2855399	0	1	3179	1	0	next	false_alarm	319
MAXED_1049_Day_A	111	Response	1	2858539	3140	1
MAXED_1049_Day_A	112	Picture	stage1_box	2858577	0	1	7550	1	0	next	other	0
MAXED_1049_Day_A	112	Pulse	99	2860000	1423	NA
MAXED_1049_Day_A	113	Picture	stage1_outcome	2866127	0	1	167	1	0	next	other	0
MAXED_1049_Day_A	114	Picture	stage2A	2866294	0	1	2818	1	0	next	false_alarm	324
MAXED_1049_Day_A	114	Response	2	2869062	2769	1
MAXED_1049_Day_A	115	Picture	stage2_box	2869112	0	1	7659	1	0	next	other	0
MAXED_1049_Day_A	116	Picture	stage2_up	2876771	0	1	7550	1	0	next	other	0
MAXED_1049_Day_A	116	Pulse	99	2880000	3229	NA
MAXED_1049_Day_A	117	Picture	stage2_win	2884320	0	1	10050	1	0	next	other	0
MAXED_1049_Day_A	118	Picture	stage1	2894371	0	1	6391	1	0	next	false_alarm	331
MAXED_1049_Day_A	118	Pulse	99	2900000	5629	NA
MAXED_1049_Day_A	118	Response	1	2900713	6342	1
MAXED_1049_Day_A	119	Picture	stage1_box	2900762	0	1	7550	1	0	next	other	0
MAXED_1049_Day_A	120	Picture	stage1_outcome	2908312	0	1	167	1	0	next	other	0
MAXED_1049_Day_A	121	Picture	stage2A	2908478	0	1	3264	1	0	next	false_alarm	335
MAXED_1049_Day_A	121	Response	2	2911703	3225	1
MAXED_1049_Day_A	122	Picture	stage2_box	2911742	0	1	7550	1	0	next	other	0
MAXED_1049_Day_A	123	Picture	stage2_up	2919292	0	1	7550	1	0	next	other	0
MAXED_1049_Day_A	123	Pulse	99	2920000	708	NA
MAXED_1049_Day_A	124	Picture	stage2_win	2926842	0	1	10050	1	0	next	other	0
MAXED_1049_Day_A	125	Picture	stage1	2936892	0	1	3473	1	0	next	false_alarm	342
MAXED_1049_Day_A	125	Pulse	99	2940000	3108	NA
MAXED_1049_Day_A	125	Response	1	2940315	3424	1
MAXED_1049_Day_A	126	Picture	stage1_box	2940365	0	1	7703	1	0	next	other	0
MAXED_1049_Day_A	127	Picture	stage1_outcome	2948068	0	1	167	1	0	next	other	0
MAXED_1049_Day_A	128	Picture	stage2A	2948235	0	1	2101	1	0	next	false_alarm	346
MAXED_1049_Day_A	128	Response	1	2950285	2050	1
MAXED_1049_Day_A	129	Picture	stage2_box	2950335	0	1	7550	1	0	next	other	0
MAXED_1049_Day_A	130	Picture	stage2_up	2957885	0	1	7550	1	0	next	other	0
MAXED_1049_Day_A	130	Pulse	99	2960000	2115	NA
MAXED_1049_Day_A	131	Picture	stage2_lose	2965436	0	1	10039	1	0	next	other	0
MAXED_1049_Day_A	132	Picture	stage1	2975475	0	1	833	1	0	next	false_alarm	352
MAXED_1049_Day_A	132	Response	2	2976184	710	1
MAXED_1049_Day_A	133	Picture	stage1_box	2976308	0	1	7549	1	0	next	other	0
MAXED_1049_Day_A	133	Pulse	99	2980000	3692	NA
MAXED_1049_Day_A	134	Picture	stage1_outcome	2983857	0	1	167	1	0	next	other	0
MAXED_1049_Day_A	135	Picture	stage2A	2984024	0	1	1992	1	0	next	false_alarm	357
MAXED_1049_Day_A	135	Response	1	2985965	1942	1
MAXED_1049_Day_A	136	Picture	stage2_box	2986016	0	1	7550	1	0	next	other	0
MAXED_1049_Day_A	137	Picture	stage2_up	2993565	0	1	7550	1	0	next	other	0
MAXED_1049_Day_A	137	Pulse	99	3000000	6435	NA
MAXED_1049_Day_A	138	Picture	stage2_lose	3001115	0	1	10050	1	0	next	other	0
MAXED_1049_Day_A	139	Picture	stage1	3011165	0	1	2444	1	0	next	false_alarm	363
MAXED_1049_Day_A	139	Response	2	3013570	2405	1
MAXED_1049_Day_A	140	Picture	stage1_box	3013609	0	1	7550	1	0	next	other	0
MAXED_1049_Day_A	140	Pulse	99	3020000	6391	NA
MAXED_1049_Day_A	141	Picture	stage1_outcome	3021159	0	1	167	1	0	next	other	0
MAXED_1049_Day_A	142	Picture	stage2B	3021325	0	1	2677	1	0	next	false_alarm	368
MAXED_1049_Day_A	142	Response	2	3023962	2637	1
MAXED_1049_Day_A	143	Picture	stage2_box	3024002	0	1	7664	1	0	next	other	0
MAXED_1049_Day_A	144	Picture	stage2_up	3031666	0	1	7664	1	0	next	other	0
MAXED_1049_Day_A	145	Picture	stage2_lose	3039330	0	1	10053	1	0	next	other	0
MAXED_1049_Day_A	145	Pulse	99	3040000	670	NA
MAXED_1049_Day_A	146	Picture	stage1	3049383	0	1	2458	1	0	next	false_alarm	374
MAXED_1049_Day_A	146	Response	2	3051791	2409	1
MAXED_1049_Day_A	147	Picture	stage1_box	3051841	0	1	7556	1	0	next	other	0
MAXED_1049_Day_A	148	Picture	stage1_outcome	3059397	0	1	167	1	0	next	other	0
MAXED_1049_Day_A	149	Picture	stage2B	3059564	0	1	2470	1	0	next	false_alarm	379
MAXED_1049_Day_A	149	Pulse	99	3060000	436	NA
MAXED_1049_Day_A	149	Response	2	3061996	2431	1
MAXED_1049_Day_A	150	Picture	stage2_box	3062034	0	1	7664	1	0	next	other	0
MAXED_1049_Day_A	151	Picture	stage2_up	3069698	0	1	7664	1	0	next	other	0
MAXED_1049_Day_A	152	Picture	stage2_lose	3077363	0	1	10040	1	0	next	false_alarm	384
MAXED_1049_Day_A	152	Pulse	99	3080000	2637	NA
MAXED_1049_Day_A	152	Response	1	3085335	7973	1
MAXED_1049_Day_A	153	Picture	stage1	3087402	0	1	2469	1	0	next	false_alarm	386
MAXED_1049_Day_A	153	Response	1	3089821	2419	1
MAXED_1049_Day_A	154	Picture	stage1_box	3089871	0	1	7641	1	0	next	other	0
MAXED_1049_Day_A	155	Picture	stage1_outcome	3097512	0	1	167	1	0	next	other	0
MAXED_1049_Day_A	156	Picture	stage2A	3097679	0	1	1904	1	0	next	false_alarm	390
MAXED_1049_Day_A	156	Response	2	3099544	1865	1
MAXED_1049_Day_A	157	Picture	stage2_box	3099583	0	1	7549	1	0	next	other	0
MAXED_1049_Day_A	157	Pulse	99	3100000	417	NA
MAXED_1049_Day_A	158	Picture	stage2_up	3107132	0	1	7550	1	0	next	other	0
MAXED_1049_Day_A	159	Picture	stage2_win	3114681	0	1	10103	1	0	next	other	0
MAXED_1049_Day_A	159	Pulse	99	3120000	5319	NA
MAXED_1049_Day_A	160	Picture	stage1	3124785	0	1	3151	1	0	next	false_alarm	397
MAXED_1049_Day_A	160	Response	1	3127886	3101	1
MAXED_1049_Day_A	161	Picture	stage1_box	3127935	0	1	7550	1	0	next	other	0
MAXED_1049_Day_A	162	Picture	stage1_outcome	3135485	0	1	167	1	0	next	other	0
MAXED_1049_Day_A	163	Picture	stage2B	3135652	0	1	2113	1	0	next	false_alarm	401
MAXED_1049_Day_A	163	Response	2	3137715	2063	1
MAXED_1049_Day_A	164	Picture	stage2_box	3137765	0	1	7664	1	0	next	other	0
MAXED_1049_Day_A	164	Pulse	99	3140000	2235	NA
MAXED_1049_Day_A	165	Picture	stage2_up	3145429	0	1	7664	1	0	next	other	0
MAXED_1049_Day_A	166	Picture	stage2_lose	3153093	0	1	10050	1	0	next	false_alarm	406
MAXED_1049_Day_A	166	Response	1	3156330	3237	1
MAXED_1049_Day_A	166	Pulse	99	3160000	6907	NA
MAXED_1049_Day_A	166	Response	1	3160073	6980	1
MAXED_1049_Day_A	166	Response	1	3162451	9358	1
MAXED_1049_Day_A	167	Picture	stage1	3163143	0	1	1943	1	0	next	false_alarm	411
MAXED_1049_Day_A	167	Response	1	3165036	1893	1
MAXED_1049_Day_A	168	Picture	stage1_box	3165086	0	1	7550	1	0	next	other	0
MAXED_1049_Day_A	169	Picture	stage1_outcome	3172636	0	1	167	1	0	next	other	0
MAXED_1049_Day_A	170	Picture	stage2A	3172802	0	1	2242	1	0	next	false_alarm	415
MAXED_1049_Day_A	170	Response	1	3175005	2203	1
MAXED_1049_Day_A	171	Picture	stage2_box	3175044	0	1	7549	1	0	next	other	0
MAXED_1049_Day_A	171	Pulse	99	3180000	4956	NA
MAXED_1049_Day_A	172	Picture	stage2_up	3182593	0	1	7549	1	0	next	other	0
MAXED_1049_Day_A	173	Picture	stage2_win	3190143	0	1	10051	1	0	next	other	0
MAXED_1049_Day_A	173	Pulse	99	3200000	9857	NA
MAXED_1049_Day_A	174	Picture	stage1	3200194	0	1	3303	1	0	next	false_alarm	422
MAXED_1049_Day_A	174	Response	2	3203447	3254	1
MAXED_1049_Day_A	175	Picture	stage1_box	3203497	0	1	7550	1	0	next	other	0
MAXED_1049_Day_A	176	Picture	stage1_outcome	3211047	0	1	167	1	0	next	other	0
MAXED_1049_Day_A	177	Picture	stage2B	3211214	0	1	1831	1	0	next	false_alarm	426
MAXED_1049_Day_A	177	Response	2	3212996	1782	1
MAXED_1049_Day_A	178	Picture	stage2_box	3213045	0	1	7664	1	0	next	other	0
MAXED_1049_Day_A	178	Pulse	99	3220000	6955	NA
MAXED_1049_Day_A	179	Picture	stage2_up	3220709	0	1	7664	1	0	next	other	0
MAXED_1049_Day_A	180	Picture	stage2_lose	3228373	0	1	10050	1	0	next	other	0
MAXED_1049_Day_A	181	Picture	stage1	3238423	0	1	2470	1	0	next	false_alarm	433
MAXED_1049_Day_A	181	Pulse	99	3240000	1577	NA
MAXED_1049_Day_A	181	Response	2	3240843	2420	1
MAXED_1049_Day_A	182	Picture	stage1_box	3240892	0	1	7550	1	0	next	other	0
MAXED_1049_Day_A	183	Picture	stage1_outcome	3248442	0	1	167	1	0	next	other	0
MAXED_1049_Day_A	184	Picture	stage2B	3248609	0	1	2941	1	0	next	false_alarm	437
MAXED_1049_Day_A	184	Response	1	3251511	2902	1
MAXED_1049_Day_A	185	Picture	stage2_box	3251549	0	1	7664	1	0	next	other	0
MAXED_1049_Day_A	186	Picture	stage2_up	3259214	0	1	7664	1	0	next	other	0
MAXED_1049_Day_A	186	Pulse	99	3260000	786	NA
MAXED_1049_Day_A	187	Picture	stage2_win	3266878	0	1	10163	1	0	next	other	0
MAXED_1049_Day_A	188	Picture	stage1	3277041	0	1	3166	1	0	next	false_alarm	444
MAXED_1049_Day_A	188	Pulse	99	3280000	2959	NA
MAXED_1049_Day_A	188	Response	1	3280142	3101	1
MAXED_1049_Day_A	189	Picture	stage1_box	3280206	0	1	7664	1	0	next	other	0
MAXED_1049_Day_A	190	Picture	stage1_outcome	3287870	0	1	167	1	0	next	other	0
MAXED_1049_Day_A	191	Picture	stage2B	3288037	0	1	3227	1	0	next	false_alarm	448
MAXED_1049_Day_A	191	Response	2	3291214	3177	1
MAXED_1049_Day_A	192	Picture	stage2_box	3291264	0	1	7664	1	0	next	other	0
MAXED_1049_Day_A	193	Picture	stage2_up	3298928	0	1	7664	1	0	next	other	0
MAXED_1049_Day_A	193	Pulse	99	3300000	1072	NA
MAXED_1049_Day_A	194	Picture	stage2_lose	3306592	0	1	10050	1	0	next	other	0
MAXED_1049_Day_A	195	Picture	stage1	3316643	0	1	3408	8	0	next	false_alarm	455
MAXED_1049_Day_A	195	Pulse	99	3320000	3357	NA
MAXED_1049_Day_A	195	Response	2	3320008	3365	1
MAXED_1049_Day_A	196	Picture	stage1_box	3320050	0	8	7550	8	0	next	other	0
MAXED_1049_Day_A	197	Picture	stage1_outcome	3327600	0	1	167	1	0	next	other	0
MAXED_1049_Day_A	198	Picture	stage2B	3327767	0	1	2921	1	0	next	false_alarm	459
MAXED_1049_Day_A	198	Response	1	3330637	2870	1
MAXED_1049_Day_A	199	Picture	stage2_box	3330688	0	1	7664	1	0	next	other	0
MAXED_1049_Day_A	200	Picture	stage2_up	3338352	0	1	7664	1	0	next	other	0
MAXED_1049_Day_A	200	Pulse	99	3340000	1648	NA
MAXED_1049_Day_A	201	Picture	stage2_win	3346016	0	1	10163	1	0	next	other	0
MAXED_1049_Day_A	202	Picture	stage1	3356179	0	1	3499	1	0	next	false_alarm	465
MAXED_1049_Day_A	202	Response	2	3359505	3326	1
MAXED_1049_Day_A	203	Picture	stage1_box	3359678	0	1	7664	1	0	next	other	0
MAXED_1049_Day_A	203	Pulse	99	3360000	322	NA
MAXED_1049_Day_A	204	Picture	stage1_outcome	3367342	0	1	167	1	0	next	other	0
MAXED_1049_Day_A	205	Picture	stage2A	3367509	0	1	11908	1	0	next	false_alarm	470
MAXED_1049_Day_A	205	Response	1	3379245	11737	1
MAXED_1049_Day_A	206	Picture	stage2_box	3379416	0	1	7549	1	0	next	other	0
MAXED_1049_Day_A	206	Pulse	99	3380000	584	NA
MAXED_1049_Day_A	207	Picture	stage2_up	3386965	0	1	7540	1	0	next	other	0
MAXED_1049_Day_A	208	Picture	stage2_lose	3394505	0	1	10050	1	0	next	other	0
MAXED_1049_Day_A	208	Pulse	99	3400000	5495	NA
MAXED_1049_Day_A	209	Picture	stage1	3404555	0	1	2624	1	0	next	false_alarm	477
MAXED_1049_Day_A	209	Response	2	3407100	2545	1
MAXED_1049_Day_A	210	Picture	stage1_box	3407179	0	1	7550	1	0	next	other	0
MAXED_1049_Day_A	211	Picture	stage1_outcome	3414730	0	1	167	1	0	next	other	0
MAXED_1049_Day_A	212	Picture	stage2B	3414896	0	1	3683	1	0	next	false_alarm	481
MAXED_1049_Day_A	212	Response	2	3418530	3634	1
MAXED_1049_Day_A	213	Picture	stage2_box	3418579	0	1	7664	1	0	next	other	0
MAXED_1049_Day_A	213	Pulse	99	3420000	1421	NA
MAXED_1049_Day_A	214	Picture	stage2_up	3426243	0	1	7664	1	0	next	other	0
MAXED_1049_Day_A	215	Picture	stage2_lose	3433908	0	1	10050	1	0	next	other	0
MAXED_1049_Day_A	215	Pulse	99	3440000	6092	NA
MAXED_1049_Day_A	216	Picture	stage1	3443958	0	1	3310	1	0	next	false_alarm	488
MAXED_1049_Day_A	216	Response	2	3447228	3271	1
MAXED_1049_Day_A	217	Picture	stage1_box	3447267	0	1	7550	1	0	next	other	0
MAXED_1049_Day_A	218	Picture	stage1_outcome	3454817	0	1	167	1	0	next	other	0
MAXED_1049_Day_A	219	Picture	stage2B	3454983	0	1	4937	1	0	next	false_alarm	492
MAXED_1049_Day_A	219	Response	1	3459882	4898	1
MAXED_1049_Day_A	220	Picture	stage2_box	3459921	0	1	7664	1	0	next	other	0
MAXED_1049_Day_A	220	Pulse	99	3460000	79	NA
MAXED_1049_Day_A	221	Picture	stage2_up	3467585	0	1	7664	1	0	next	other	0
MAXED_1049_Day_A	222	Picture	stage2_win	3475249	0	1	10163	1	0	next	other	0
MAXED_1049_Day_A	222	Pulse	99	3480000	4751	NA
MAXED_1049_Day_A	223	Pulse	99	3500000	14588	NA
MAXED_1049_Day_A	223	Pulse	99	3520000	34588	NA
MAXED_1049_Day_A	223	Pulse	99	3540000	54588	NA
MAXED_1049_Day_A	223	Pulse	99	3560000	74588	NA
MAXED_1049_Day_A	223	Pulse	99	3580000	94588	NA
MAXED_1049_Day_A	223	Pulse	99	3600000	114588	NA
MAXED_1049_Day_A	223	Pulse	99	3620000	134588	NA
MAXED_1049_Day_A	223	Pulse	99	3640000	154588	NA
MAXED_1049_Day_A	223	Pulse	99	3660000	174588	NA
MAXED_1049_Day_A	223	Pulse	99	3680000	194588	NA
MAXED_1049_Day_A	223	Pulse	99	3700000	214588	NA
MAXED_1049_Day_A	223	Pulse	99	3720000	234588	NA
MAXED_1049_Day_A	223	Pulse	99	3740000	254588	NA
MAXED_1049_Day_A	223	Pulse	99	3760000	274588	NA
MAXED_1049_Day_A	223	Pulse	99	3780000	294588	NA
MAXED_1049_Day_A	223	Pulse	99	3800000	314588	NA
MAXED_1049_Day_A	223	Pulse	99	3820000	334588	NA
MAXED_1049_Day_A	223	Pulse	99	3840000	354588	NA
MAXED_1049_Day_A	223	Pulse	99	3860000	374588	NA
MAXED_1049_Day_A	223	Pulse	99	3880000	394588	NA
MAXED_1049_Day_A	223	Pulse	99	3900000	414588	NA
MAXED_1049_Day_A	223	Pulse	99	3920000	434588	NA
MAXED_1049_Day_A	223	Pulse	99	3940000	454588	NA
MAXED_1049_Day_A	223	Pulse	99	3960000	474588	NA
MAXED_1049_Day_A	223	Pulse	99	3980000	494588	NA
MAXED_1049_Day_A	223	Pulse	99	4000000	514588	NA
MAXED_1049_Day_A	223	Pulse	99	4020000	534588	NA
MAXED_1049_Day_A	223	Pulse	99	4040000	554588	NA
MAXED_1049_Day_A	223	Pulse	99	4060000	574588	NA
MAXED_1049_Day_A	223	Pulse	99	4080000	594588	NA
MAXED_1049_Day_A	223	Pulse	99	4100000	614588	NA
MAXED_1049_Day_A	223	Pulse	99	4120000	634588	NA
MAXED_1049_Day_A	223	Pulse	99	4140000	654588	NA
MAXED_1049_Day_A	223	Pulse	99	4160000	674588	NA
MAXED_1049_Day_A	223	Pulse	99	4180000	694588	NA
MAXED_1049_Day_A	223	Pulse	99	4200000	714588	NA
MAXED_1049_Day_A	223	Pulse	99	4220000	734588	NA
MAXED_1049_Day_A	223	Pulse	99	4240000	754588	NA
MAXED_1049_Day_A	223	Pulse	99	4260000	774588	NA
MAXED_1049_Day_A	223	Pulse	99	4280000	794588	NA
MAXED_1049_Day_A	223	Pulse	99	4300000	814588	NA
MAXED_1049_Day_A	223	Pulse	99	4320000	834588	NA
MAXED_1049_Day_A	223	Pulse	99	4340000	854588	NA
MAXED_1049_Day_A	223	Pulse	99	4360000	874588	NA
MAXED_1049_Day_A	223	Pulse	99	4380000	894588	NA
MAXED_1049_Day_A	223	Pulse	99	4400000	914588	NA
MAXED_1049_Day_A	223	Pulse	99	4420000	934588	NA
MAXED_1049_Day_A	223	Pulse	99	4440000	954588	NA
MAXED_1049_Day_A	223	Pulse	99	4460000	974588	NA
MAXED_1049_Day_A	223	Pulse	99	4480000	994588	NA
MAXED_1049_Day_A	223	Pulse	99	4500000	1014588	NA
MAXED_1049_Day_A	223	Pulse	99	4520000	1034588	NA
MAXED_1049_Day_A	223	Pulse	99	4540000	1054588	NA
MAXED_1049_Day_A	223	Pulse	99	4560000	1074588	NA
MAXED_1049_Day_A	223	Pulse	99	4580000	1094588	NA
MAXED_1049_Day_A	223	Pulse	99	4600000	1114588	NA
MAXED_1049_Day_A	223	Pulse	99	4620000	1134588	NA
MAXED_1049_Day_A	223	Pulse	99	4640000	1154588	NA
MAXED_1049_Day_A	223	Pulse	99	4660000	1174588	NA
MAXED_1049_Day_A	223	Pulse	99	4680000	1194588	NA
MAXED_1049_Day_A	223	Pulse	99	4700000	1214588	NA
MAXED_1049_Day_A	223	Pulse	99	4720000	1234588	NA
MAXED_1049_Day_A	223	Pulse	99	4740000	1254588	NA
MAXED_1049_Day_A	223	Pulse	99	4760000	1274588	NA
MAXED_1049_Day_A	223	Pulse	99	4780000	1294588	NA
MAXED_1049_Day_A	223	Pulse	99	4800000	1314588	NA
MAXED_1049_Day_A	223	Pulse	99	4820000	1334588	NA
MAXED_1049_Day_A	223	Pulse	99	4840000	1354588	NA
MAXED_1049_Day_A	223	Pulse	99	4860000	1374588	NA
MAXED_1049_Day_A	223	Pulse	99	4880000	1394588	NA
MAXED_1049_Day_A	223	Pulse	99	4900000	1414588	NA
MAXED_1049_Day_A	223	Pulse	99	4920000	1434588	NA
MAXED_1049_Day_A	223	Pulse	99	4940000	1454588	NA
MAXED_1049_Day_A	223	Pulse	99	4960000	1474588	NA
MAXED_1049_Day_A	223	Pulse	99	4980000	1494588	NA
MAXED_1049_Day_A	223	Pulse	99	5000000	1514588	NA
MAXED_1049_Day_A	223	Pulse	99	5020000	1534588	NA
MAXED_1049_Day_A	223	Pulse	99	5040000	1554588	NA
MAXED_1049_Day_A	223	Pulse	99	5060000	1574588	NA
MAXED_1049_Day_A	223	Pulse	99	5080000	1594588	NA
MAXED_1049_Day_A	223	Pulse	99	5100000	1614588	NA
MAXED_1049_Day_A	223	Pulse	99	5120000	1634588	NA
MAXED_1049_Day_A	223	Pulse	99	5140000	1654588	NA
MAXED_1049_Day_A	223	Pulse	99	5160000	1674588	NA
MAXED_1049_Day_A	223	Pulse	99	5180000	1694588	NA
MAXED_1049_Day_A	223	Pulse	99	5200000	1714588	NA
MAXED_1049_Day_A	223	Pulse	99	5220000	1734588	NA
MAXED_1049_Day_A	223	Pulse	99	5240000	1754588	NA
MAXED_1049_Day_A	223	Pulse	99	5260000	1774588	NA
MAXED_1049_Day_A	223	Pulse	99	5280000	1794588	NA
MAXED_1049_Day_A	223	Pulse	99	5300000	1814588	NA
MAXED_1049_Day_A	223	Pulse	99	5320000	1834588	NA
MAXED_1049_Day_A	223	Pulse	99	5340000	1854588	NA
MAXED_1049_Day_A	223	Pulse	99	5360000	1874588	NA
MAXED_1049_Day_A	223	Pulse	99	5380000	1894588	NA
MAXED_1049_Day_A	223	Pulse	99	5400000	1914588	NA
MAXED_1049_Day_A	223	Pulse	99	5420000	1934588	NA
MAXED_1049_Day_A	223	Pulse	99	5440000	1954588	NA
MAXED_1049_Day_A	223	Pulse	99	5460000	1974588	NA
MAXED_1049_Day_A	223	Pulse	99	5480000	1994588	NA
MAXED_1049_Day_A	223	Pulse	99	5500000	2014588	NA
MAXED_1049_Day_A	223	Pulse	99	5520000	2034588	NA
MAXED_1049_Day_A	223	Pulse	99	5540000	2054588	NA
MAXED_1049_Day_A	223	Pulse	99	5560000	2074588	NA
MAXED_1049_Day_A	223	Pulse	99	5580000	2094588	NA
MAXED_1049_Day_A	223	Pulse	99	5600000	2114588	NA
MAXED_1049_Day_A	223	Pulse	99	5620000	2134588	NA
MAXED_1049_Day_A	223	Pulse	99	5640000	2154588	NA
MAXED_1049_Day_A	223	Pulse	99	5660000	2174588	NA
MAXED_1049_Day_A	223	Pulse	99	5680000	2194588	NA
MAXED_1049_Day_A	223	Pulse	99	5700000	2214588	NA
MAXED_1049_Day_A	223	Pulse	99	5720000	2234588	NA
MAXED_1049_Day_A	223	Pulse	99	5740000	2254588	NA
MAXED_1049_Day_A	223	Pulse	99	5760000	2274588	NA
MAXED_1049_Day_A	223	Pulse	99	5780000	2294588	NA
MAXED_1049_Day_A	223	Pulse	99	5800000	2314588	NA
MAXED_1049_Day_A	223	Pulse	99	5820000	2334588	NA
MAXED_1049_Day_A	223	Pulse	99	5840000	2354588	NA
MAXED_1049_Day_A	223	Pulse	99	5860000	2374588	NA
MAXED_1049_Day_A	223	Pulse	99	5880000	2394588	NA
MAXED_1049_Day_A	223	Pulse	99	5900000	2414588	NA
MAXED_1049_Day_A	223	Pulse	99	5920000	2434588	NA
MAXED_1049_Day_A	223	Pulse	99	5940000	2454588	NA
MAXED_1049_Day_A	223	Pulse	99	5960000	2474588	NA
MAXED_1049_Day_A	223	Pulse	99	5980000	2494588	NA
MAXED_1049_Day_A	223	Pulse	99	6000000	2514588	NA
MAXED_1049_Day_A	223	Pulse	99	6020000	2534588	NA
MAXED_1049_Day_A	223	Pulse	99	6040000	2554588	NA
MAXED_1049_Day_A	223	Pulse	99	6060000	2574588	NA
MAXED_1049_Day_A	223	Pulse	99	6080000	2594588	NA
MAXED_1049_Day_A	223	Pulse	99	6100000	2614588	NA
MAXED_1049_Day_A	223	Pulse	99	6120000	2634588	NA
MAXED_1049_Day_A	223	Pulse	99	6140000	2654588	NA
MAXED_1049_Day_A	223	Pulse	99	6160000	2674588	NA
MAXED_1049_Day_A	223	Pulse	99	6180000	2694588	NA
MAXED_1049_Day_A	223	Pulse	99	6200000	2714588	NA
MAXED_1049_Day_A	223	Pulse	99	6220000	2734588	NA
MAXED_1049_Day_A	223	Pulse	99	6240000	2754588	NA
MAXED_1049_Day_A	223	Pulse	99	6260000	2774588	NA
MAXED_1049_Day_A	223	Pulse	99	6280000	2794588	NA
MAXED_1049_Day_A	223	Pulse	99	6300000	2814588	NA
MAXED_1049_Day_A	223	Pulse	99	6320000	2834588	NA
MAXED_1049_Day_A	223	Pulse	99	6340000	2854588	NA
MAXED_1049_Day_A	223	Pulse	99	6360000	2874588	NA
MAXED_1049_Day_A	223	Pulse	99	6380000	2894588	NA
MAXED_1049_Day_A	223	Pulse	99	6400000	2914588	NA
MAXED_1049_Day_A	223	Pulse	99	6420000	2934588	NA
MAXED_1049_Day_A	223	Pulse	99	6440000	2954588	NA
MAXED_1049_Day_A	223	Pulse	99	6460000	2974588	NA
MAXED_1049_Day_A	223	Pulse	99	6480000	2994588	NA
MAXED_1049_Day_A	223	Pulse	99	6500000	3014588	NA
MAXED_1049_Day_A	223	Pulse	99	6520000	3034588	NA
MAXED_1049_Day_A	223	Pulse	99	6540000	3054588	NA
MAXED_1049_Day_A	223	Pulse	99	6560000	3074588	NA
MAXED_1049_Day_A	223	Pulse	99	6580000	3094588	NA
MAXED_1049_Day_A	223	Pulse	99	6600000	3114588	NA
MAXED_1049_Day_A	223	Pulse	99	6620000	3134588	NA
MAXED_1049_Day_A	223	Pulse	99	6640000	3154588	NA
MAXED_1049_Day_A	223	Pulse	99	6660000	3174588	NA
MAXED_1049_Day_A	223	Pulse	99	6680000	3194588	NA
MAXED_1049_Day_A	223	Pulse	99	6700000	3214588	NA
MAXED_1049_Day_A	223	Pulse	99	6720000	3234588	NA
MAXED_1049_Day_A	223	Pulse	99	6740000	3254588	NA
MAXED_1049_Day_A	223	Pulse	99	6760000	3274588	NA
MAXED_1049_Day_A	223	Pulse	99	6780000	3294588	NA
MAXED_1049_Day_A	223	Pulse	99	6800000	3314588	NA
MAXED_1049_Day_A	223	Pulse	99	6820000	3334588	NA
MAXED_1049_Day_A	223	Pulse	99	6840000	3354588	NA
MAXED_1049_Day_A	223	Pulse	99	6860000	3374588	NA
MAXED_1049_Day_A	223	Pulse	99	6880000	3394588	NA
MAXED_1049_Day_A	223	Pulse	99	6900000	3414588	NA
MAXED_1049_Day_A	223	Pulse	99	6920000	3434588	NA
MAXED_1049_Day_A	223	Pulse	99	6940000	3454588	NA
MAXED_1049_Day_A	223	Pulse	99	6960000	3474588	NA
MAXED_1049_Day_A	223	Pulse	99	6980000	3494588	NA
MAXED_1049_Day_A	223	Pulse	99	7000000	3514588	NA
MAXED_1049_Day_A	223	Pulse	99	7020000	3534588	NA
MAXED_1049_Day_A	223	Pulse	99	7040000	3554588	NA
MAXED_1049_Day_A	223	Pulse	99	7060000	3574588	NA
MAXED_1049_Day_A	223	Pulse	99	7080000	3594588	NA
MAXED_1049_Day_A	223	Pulse	99	7100000	3614588	NA
MAXED_1049_Day_A	223	Pulse	99	7120000	3634588	NA
MAXED_1049_Day_A	223	Pulse	99	7140000	3654588	NA
MAXED_1049_Day_A	223	Pulse	99	7160000	3674588	NA
MAXED_1049_Day_A	223	Pulse	99	7180000	3694588	NA
MAXED_1049_Day_A	223	Pulse	99	7200000	3714588	NA
MAXED_1049_Day_A	223	Pulse	99	7220000	3734588	NA
MAXED_1049_Day_A	223	Pulse	99	7240000	3754588	NA
MAXED_1049_Day_A	223	Pulse	99	7260000	3774588	NA
MAXED_1049_Day_A	223	Pulse	99	7280000	3794588	NA
MAXED_1049_Day_A	223	Pulse	99	7300000	3814588	NA
MAXED_1049_Day_A	223	Pulse	99	7320000	3834588	NA
MAXED_1049_Day_A	223	Pulse	99	7340000	3854588	NA
MAXED_1049_Day_A	223	Pulse	99	7360000	3874588	NA
MAXED_1049_Day_A	223	Pulse	99	7380000	3894588	NA
MAXED_1049_Day_A	223	Pulse	99	7400000	3914588	NA
MAXED_1049_Day_A	223	Pulse	99	7420000	3934588	NA
MAXED_1049_Day_A	223	Pulse	99	7440000	3954588	NA
MAXED_1049_Day_A	223	Pulse	99	7460000	3974588	NA
MAXED_1049_Day_A	223	Pulse	99	7480000	3994588	NA
MAXED_1049_Day_A	223	Pulse	99	7500000	4014588	NA
MAXED_1049_Day_A	223	Pulse	99	7520000	4034588	NA
MAXED_1049_Day_A	223	Pulse	99	7540000	4054588	NA
MAXED_1049_Day_A	223	Pulse	99	7560000	4074588	NA
MAXED_1049_Day_A	223	Pulse	99	7580000	4094588	NA
MAXED_1049_Day_A	223	Pulse	99	7600000	4114588	NA
MAXED_1049_Day_A	223	Pulse	99	7620000	4134588	NA
MAXED_1049_Day_A	223	Pulse	99	7640000	4154588	NA
MAXED_1049_Day_A	223	Pulse	99	7660000	4174588	NA
MAXED_1049_Day_A	223	Pulse	99	7680000	4194588	NA
MAXED_1049_Day_A	223	Pulse	99	7700000	4214588	NA
MAXED_1049_Day_A	223	Pulse	99	7720000	4234588	NA
MAXED_1049_Day_A	223	Pulse	99	7740000	4254588	NA
MAXED_1049_Day_A	223	Pulse	99	7760000	4274588	NA
MAXED_1049_Day_A	223	Pulse	99	7780000	4294588	NA
MAXED_1049_Day_A	223	Pulse	99	7800000	4314588	NA
MAXED_1049_Day_A	223	Pulse	99	7820000	4334588	NA
MAXED_1049_Day_A	223	Pulse	99	7840000	4354588	NA
MAXED_1049_Day_A	223	Pulse	99	7860000	4374588	NA
MAXED_1049_Day_A	223	Pulse	99	7880000	4394588	NA
MAXED_1049_Day_A	223	Pulse	99	7900000	4414588	NA
MAXED_1049_Day_A	223	Pulse	99	7920000	4434588	NA
MAXED_1049_Day_A	223	Pulse	99	7940000	4454588	NA
MAXED_1049_Day_A	223	Pulse	99	7960000	4474588	NA
MAXED_1049_Day_A	223	Pulse	99	7980000	4494588	NA
MAXED_1049_Day_A	223	Pulse	99	8000000	4514588	NA
MAXED_1049_Day_A	223	Pulse	99	8020000	4534588	NA
MAXED_1049_Day_A	223	Pulse	99	8040000	4554588	NA
MAXED_1049_Day_A	223	Pulse	99	8060000	4574588	NA
MAXED_1049_Day_A	223	Pulse	99	8080000	4594588	NA
MAXED_1049_Day_A	223	Pulse	99	8100000	4614588	NA
MAXED_1049_Day_A	223	Pulse	99	8120000	4634588	NA
MAXED_1049_Day_A	223	Pulse	99	8140000	4654588	NA
MAXED_1049_Day_A	223	Pulse	99	8160000	4674588	NA
MAXED_1049_Day_A	223	Pulse	99	8180000	4694588	NA
MAXED_1049_Day_A	223	Pulse	99	8200000	4714588	NA
MAXED_1049_Day_A	223	Pulse	99	8220000	4734588	NA
MAXED_1049_Day_A	223	Pulse	99	8240000	4754588	NA
MAXED_1049_Day_A	223	Pulse	99	8260000	4774588	NA
MAXED_1049_Day_A	223	Pulse	99	8280000	4794588	NA
MAXED_1049_Day_A	223	Pulse	99	8300000	4814588	NA
MAXED_1049_Day_A	223	Pulse	99	8320000	4834588	NA
MAXED_1049_Day_A	223	Pulse	99	8340000	4854588	NA
MAXED_1049_Day_A	223	Pulse	99	8360000	4874588	NA
MAXED_1049_Day_A	223	Pulse	99	8380000	4894588	NA
MAXED_1049_Day_A	223	Pulse	99	8400000	4914588	NA
MAXED_1049_Day_A	223	Pulse	99	8420000	4934588	NA
MAXED_1049_Day_A	223	Pulse	99	8440000	4954588	NA
MAXED_1049_Day_A	223	Pulse	99	8460000	4974588	NA
MAXED_1049_Day_A	223	Pulse	99	8480000	4994588	NA
MAXED_1049_Day_A	223	Pulse	99	8500000	5014588	NA
MAXED_1049_Day_A	223	Pulse	99	8520000	5034588	NA
MAXED_1049_Day_A	223	Pulse	99	8540000	5054588	NA
MAXED_1049_Day_A	223	Pulse	99	8560000	5074588	NA
MAXED_1049_Day_A	223	Pulse	99	8580000	5094588	NA
MAXED_1049_Day_A	223	Pulse	99	8600000	5114588	NA
MAXED_1049_Day_A	223	Pulse	99	8620000	5134588	NA
MAXED_1049_Day_A	223	Pulse	99	8640000	5154588	NA
MAXED_1049_Day_A	223	Pulse	99	8660000	5174588	NA
MAXED_1049_Day_A	223	Pulse	99	8680000	5194588	NA
MAXED_1049_Day_A	223	Pulse	99	8700000	5214588	NA
MAXED_1049_Day_A	223	Pulse	99	8720000	5234588	NA
MAXED_1049_Day_A	223	Pulse	99	8740000	5254588	NA
MAXED_1049_Day_A	223	Pulse	99	8760000	5274588	NA
MAXED_1049_Day_A	223	Pulse	99	8780000	5294588	NA
MAXED_1049_Day_A	223	Pulse	99	8800000	5314588	NA
MAXED_1049_Day_A	223	Pulse	99	8820000	5334588	NA
MAXED_1049_Day_A	223	Pulse	99	8840000	5354588	NA
MAXED_1049_Day_A	223	Pulse	99	8860000	5374588	NA
MAXED_1049_Day_A	223	Pulse	99	8880000	5394588	NA
MAXED_1049_Day_A	223	Pulse	99	8900000	5414588	NA
MAXED_1049_Day_A	223	Pulse	99	8920000	5434588	NA
MAXED_1049_Day_A	223	Pulse	99	8940000	5454588	NA
MAXED_1049_Day_A	223	Pulse	99	8960000	5474588	NA
MAXED_1049_Day_A	223	Pulse	99	8980000	5494588	NA
MAXED_1049_Day_A	223	Pulse	99	9000000	5514588	NA
MAXED_1049_Day_A	223	Pulse	99	9020000	5534588	NA
MAXED_1049_Day_A	223	Pulse	99	9040000	5554588	NA
MAXED_1049_Day_A	223	Pulse	99	9060000	5574588	NA
MAXED_1049_Day_A	223	Pulse	99	9080000	5594588	NA
MAXED_1049_Day_A	223	Pulse	99	9100000	5614588	NA
MAXED_1049_Day_A	223	Pulse	99	9120000	5634588	NA
MAXED_1049_Day_A	223	Pulse	99	9140000	5654588	NA
MAXED_1049_Day_A	223	Pulse	99	9160000	5674588	NA
MAXED_1049_Day_A	223	Pulse	99	9180000	5694588	NA
MAXED_1049_Day_A	223	Pulse	99	9200000	5714588	NA
MAXED_1049_Day_A	223	Pulse	99	9220000	5734588	NA
MAXED_1049_Day_A	223	Pulse	99	9240000	5754588	NA
MAXED_1049_Day_A	223	Pulse	99	9260000	5774588	NA
MAXED_1049_Day_A	223	Pulse	99	9280000	5794588	NA
MAXED_1049_Day_A	223	Pulse	99	9300000	5814588	NA
MAXED_1049_Day_A	223	Pulse	99	9320000	5834588	NA
MAXED_1049_Day_A	223	Pulse	99	9340000	5854588	NA
MAXED_1049_Day_A	223	Pulse	99	9360000	5874588	NA
MAXED_1049_Day_A	223	Pulse	99	9380000	5894588	NA
MAXED_1049_Day_A	223	Pulse	99	9400000	5914588	NA
MAXED_1049_Day_A	223	Pulse	99	9420000	5934588	NA
MAXED_1049_Day_A	223	Pulse	99	9440000	5954588	NA
MAXED_1049_Day_A	223	Pulse	99	9460000	5974588	NA
MAXED_1049_Day_A	223	Pulse	99	9480000	5994588	NA
MAXED_1049_Day_A	223	Pulse	99	9500000	6014588	NA
MAXED_1049_Day_A	223	Pulse	99	9520000	6034588	NA
MAXED_1049_Day_A	223	Pulse	99	9540000	6054588	NA
MAXED_1049_Day_A	223	Pulse	99	9560000	6074588	NA
MAXED_1049_Day_A	223	Pulse	99	9580000	6094588	NA
MAXED_1049_Day_A	223	Pulse	99	9600000	6114588	NA
MAXED_1049_Day_A	223	Pulse	99	9620000	6134588	NA
MAXED_1049_Day_A	223	Pulse	99	9640000	6154588	NA
MAXED_1049_Day_A	223	Pulse	99	9660000	6174588	NA
MAXED_1049_Day_A	223	Pulse	99	9680000	6194588	NA
MAXED_1049_Day_A	223	Pulse	99	9700000	6214588	NA
MAXED_1049_Day_A	223	Pulse	99	9720000	6234588	NA
MAXED_1049_Day_A	223	Pulse	99	9740000	6254588	NA
MAXED_1049_Day_A	223	Pulse	99	9760000	6274588	NA
MAXED_1049_Day_A	223	Pulse	99	9780000	6294588	NA
MAXED_1049_Day_A	223	Pulse	99	9800000	6314588	NA
MAXED_1049_Day_A	223	Pulse	99	9820000	6334588	NA
MAXED_1049_Day_A	223	Pulse	99	9840000	6354588	NA
MAXED_1049_Day_A	223	Pulse	99	9860000	6374588	NA
MAXED_1049_Day_A	223	Pulse	99	9880000	6394588	NA
MAXED_1049_Day_A	223	Pulse	99	9900000	6414588	NA
MAXED_1049_Day_A	223	Pulse	99	9920000	6434588	NA
MAXED_1049_Day_A	223	Pulse	99	9940000	6454588	NA
MAXED_1049_Day_A	223	Pulse	99	9960000	6474588	NA
MAXED_1049_Day_A	223	Pulse	99	9980000	6494588	NA
MAXED_1049_Day_A	223	Pulse	99	10000000	6514588	NA
MAXED_1049_Day_A	223	Pulse	99	10020000	6534588	NA
MAXED_1049_Day_A	223	Pulse	99	10040000	6554588	NA
MAXED_1049_Day_A	223	Pulse	99	10060000	6574588	NA
MAXED_1049_Day_A	223	Pulse	99	10080000	6594588	NA
MAXED_1049_Day_A	223	Pulse	99	10100000	6614588	NA
MAXED_1049_Day_A	223	Pulse	99	10120000	6634588	NA
MAXED_1049_Day_A	223	Pulse	99	10140000	6654588	NA
MAXED_1049_Day_A	223	Pulse	99	10160000	6674588	NA
MAXED_1049_Day_A	223	Pulse	99	10180000	6694588	NA
MAXED_1049_Day_A	223	Pulse	99	10200000	6714588	NA
MAXED_1049_Day_A	223	Pulse	99	10220000	6734588	NA
MAXED_1049_Day_A	223	Pulse	99	10240000	6754588	NA
MAXED_1049_Day_A	223	Pulse	99	10260000	6774588	NA
MAXED_1049_Day_A	223	Pulse	99	10280000	6794588	NA
MAXED_1049_Day_A	223	Pulse	99	10300000	6814588	NA
MAXED_1049_Day_A	223	Pulse	99	10320000	6834588	NA
MAXED_1049_Day_A	223	Pulse	99	10340000	6854588	NA
MAXED_1049_Day_A	223	Pulse	99	10360000	6874588	NA
MAXED_1049_Day_A	223	Pulse	99	10380000	6894588	NA
MAXED_1049_Day_A	223	Pulse	99	10400000	6914588	NA
MAXED_1049_Day_A	223	Pulse	99	10420000	6934588	NA
MAXED_1049_Day_A	223	Pulse	99	10440000	6954588	NA
MAXED_1049_Day_A	223	Pulse	99	10460000	6974588	NA
MAXED_1049_Day_A	223	Pulse	99	10480000	6994588	NA
MAXED_1049_Day_A	223	Pulse	99	10500000	7014588	NA
MAXED_1049_Day_A	223	Pulse	99	10520000	7034588	NA
MAXED_1049_Day_A	223	Pulse	99	10540000	7054588	NA
MAXED_1049_Day_A	223	Pulse	99	10560000	7074588	NA
MAXED_1049_Day_A	223	Pulse	99	10580000	7094588	NA
MAXED_1049_Day_A	223	Pulse	99	10600000	7114588	NA
MAXED_1049_Day_A	223	Pulse	99	10620000	7134588	NA
MAXED_1049_Day_A	223	Pulse	99	10640000	7154588	NA
MAXED_1049_Day_A	223	Pulse	99	10660000	7174588	NA
MAXED_1049_Day_A	223	Pulse	99	10680000	7194588	NA
MAXED_1049_Day_A	223	Pulse	99	10700000	7214588	NA
MAXED_1049_Day_A	223	Pulse	99	10720000	7234588	NA
MAXED_1049_Day_A	223	Pulse	99	10740000	7254588	NA
MAXED_1049_Day_A	223	Pulse	99	10760000	7274588	NA
MAXED_1049_Day_A	223	Pulse	99	10780000	7294588	NA
MAXED_1049_Day_A	223	Pulse	99	10800000	7314588	NA
MAXED_1049_Day_A	223	Pulse	99	10820000	7334588	NA
MAXED_1049_Day_A	223	Pulse	99	10840000	7354588	NA
MAXED_1049_Day_A	223	Pulse	99	10860000	7374588	NA
MAXED_1049_Day_A	223	Pulse	99	10880000	7394588	NA
MAXED_1049_Day_A	223	Pulse	99	10900000	7414588	NA
MAXED_1049_Day_A	223	Pulse	99	10920000	7434588	NA
MAXED_1049_Day_A	223	Pulse	99	10940000	7454588	NA
MAXED_1049_Day_A	223	Pulse	99	10960000	7474588	NA
MAXED_1049_Day_A	223	Pulse	99	10980000	7494588	NA
MAXED_1049_Day_A	223	Pulse	99	11000000	7514588	NA
MAXED_1049_Day_A	223	Pulse	99	11020000	7534588	NA
MAXED_1049_Day_A	223	Pulse	99	11040000	7554588	NA
MAXED_1049_Day_A	223	Pulse	99	11060000	7574588	NA
MAXED_1049_Day_A	223	Pulse	99	11080000	7594588	NA
MAXED_1049_Day_A	223	Pulse	99	11100000	7614588	NA
MAXED_1049_Day_A	223	Pulse	99	11120000	7634588	NA
MAXED_1049_Day_A	223	Pulse	99	11140000	7654588	NA
MAXED_1049_Day_A	223	Pulse	99	11160000	7674588	NA
MAXED_1049_Day_A	223	Pulse	99	11180000	7694588	NA
MAXED_1049_Day_A	223	Pulse	99	11200000	7714588	NA
MAXED_1049_Day_A	223	Pulse	99	11220000	7734588	NA
MAXED_1049_Day_A	223	Pulse	99	11240000	7754588	NA
MAXED_1049_Day_A	223	Pulse	99	11260000	7774588	NA
MAXED_1049_Day_A	223	Pulse	99	11280000	7794588	NA
MAXED_1049_Day_A	223	Pulse	99	11300000	7814588	NA
MAXED_1049_Day_A	223	Pulse	99	11320000	7834588	NA
MAXED_1049_Day_A	223	Pulse	99	11340000	7854588	NA
MAXED_1049_Day_A	223	Pulse	99	11360000	7874588	NA
MAXED_1049_Day_A	223	Pulse	99	11380000	7894588	NA
MAXED_1049_Day_A	223	Pulse	99	11400000	7914588	NA
MAXED_1049_Day_A	223	Pulse	99	11420000	7934588	NA
MAXED_1049_Day_A	223	Pulse	99	11440000	7954588	NA
MAXED_1049_Day_A	223	Pulse	99	11460000	7974588	NA
MAXED_1049_Day_A	223	Pulse	99	11480000	7994588	NA
MAXED_1049_Day_A	223	Pulse	99	11500000	8014588	NA
MAXED_1049_Day_A	223	Pulse	99	11520000	8034588	NA
MAXED_1049_Day_A	223	Pulse	99	11540000	8054588	NA
MAXED_1049_Day_A	223	Pulse	99	11560000	8074588	NA
MAXED_1049_Day_A	223	Pulse	99	11580000	8094588	NA
MAXED_1049_Day_A	223	Pulse	99	11600000	8114588	NA
MAXED_1049_Day_A	223	Pulse	99	11620000	8134588	NA
MAXED_1049_Day_A	223	Pulse	99	11640000	8154588	NA
MAXED_1049_Day_A	223	Pulse	99	11660000	8174588	NA
MAXED_1049_Day_A	223	Pulse	99	11680000	8194588	NA
MAXED_1049_Day_A	223	Pulse	99	11700000	8214588	NA
MAXED_1049_Day_A	223	Pulse	99	11720000	8234588	NA
MAXED_1049_Day_A	223	Pulse	99	11740000	8254588	NA
MAXED_1049_Day_A	223	Pulse	99	11760000	8274588	NA
MAXED_1049_Day_A	223	Pulse	99	11780000	8294588	NA
MAXED_1049_Day_A	223	Pulse	99	11800000	8314588	NA
MAXED_1049_Day_A	223	Pulse	99	11820000	8334588	NA
MAXED_1049_Day_A	223	Pulse	99	11840000	8354588	NA
MAXED_1049_Day_A	223	Pulse	99	11860000	8374588	NA
MAXED_1049_Day_A	223	Pulse	99	11880000	8394588	NA
MAXED_1049_Day_A	223	Pulse	99	11900000	8414588	NA
MAXED_1049_Day_A	223	Pulse	99	11920000	8434588	NA
MAXED_1049_Day_A	223	Pulse	99	11940000	8454588	NA
MAXED_1049_Day_A	223	Pulse	99	11960000	8474588	NA
MAXED_1049_Day_A	223	Pulse	99	11980000	8494588	NA
MAXED_1049_Day_A	223	Pulse	99	12000000	8514588	NA
MAXED_1049_Day_A	223	Pulse	99	12020000	8534588	NA
MAXED_1049_Day_A	223	Pulse	99	12040000	8554588	NA
MAXED_1049_Day_A	223	Pulse	99	12060000	8574588	NA
MAXED_1049_Day_A	223	Pulse	99	12080000	8594588	NA
MAXED_1049_Day_A	223	Pulse	99	12100000	8614588	NA
MAXED_1049_Day_A	223	Pulse	99	12120000	8634588	NA
MAXED_1049_Day_A	223	Pulse	99	12140000	8654588	NA
MAXED_1049_Day_A	223	Pulse	99	12160000	8674588	NA
MAXED_1049_Day_A	223	Pulse	99	12180000	8694588	NA
MAXED_1049_Day_A	223	Pulse	99	12200000	8714588	NA
MAXED_1049_Day_A	223	Pulse	99	12220000	8734588	NA
MAXED_1049_Day_A	223	Pulse	99	12240000	8754588	NA
MAXED_1049_Day_A	223	Pulse	99	12260000	8774588	NA
MAXED_1049_Day_A	223	Pulse	99	12280000	8794588	NA
MAXED_1049_Day_A	223	Pulse	99	12300000	8814588	NA
MAXED_1049_Day_A	223	Pulse	99	12320000	8834588	NA
MAXED_1049_Day_A	223	Pulse	99	12340000	8854588	NA
MAXED_1049_Day_A	223	Pulse	99	12360000	8874588	NA
MAXED_1049_Day_A	223	Pulse	99	12380000	8894588	NA
MAXED_1049_Day_A	223	Pulse	99	12400000	8914588	NA
MAXED_1049_Day_A	223	Pulse	99	12420000	8934588	NA
MAXED_1049_Day_A	223	Pulse	99	12440000	8954588	NA
MAXED_1049_Day_A	223	Pulse	99	12460000	8974588	NA
MAXED_1049_Day_A	223	Pulse	99	12480000	8994588	NA
MAXED_1049_Day_A	223	Pulse	99	12500000	9014588	NA
MAXED_1049_Day_A	223	Pulse	99	12520000	9034588	NA
MAXED_1049_Day_A	223	Pulse	99	12540000	9054588	NA
MAXED_1049_Day_A	223	Pulse	99	12560000	9074588	NA
MAXED_1049_Day_A	223	Pulse	99	12580000	9094588	NA
MAXED_1049_Day_A	223	Pulse	99	12600000	9114588	NA
MAXED_1049_Day_A	223	Pulse	99	12620000	9134588	NA
MAXED_1049_Day_A	223	Pulse	99	12640000	9154588	NA
MAXED_1049_Day_A	223	Pulse	99	12660000	9174588	NA
MAXED_1049_Day_A	223	Pulse	99	12680000	9194588	NA
MAXED_1049_Day_A	223	Pulse	99	12700000	9214588	NA
MAXED_1049_Day_A	223	Pulse	99	12720000	9234588	NA
MAXED_1049_Day_A	223	Pulse	99	12740000	9254588	NA
MAXED_1049_Day_A	223	Pulse	99	12760000	9274588	NA
MAXED_1049_Day_A	223	Pulse	99	12780000	9294588	NA
MAXED_1049_Day_A	223	Pulse	99	12800000	9314588	NA
MAXED_1049_Day_A	223	Pulse	99	12820000	9334588	NA
MAXED_1049_Day_A	223	Pulse	99	12840000	9354588	NA
MAXED_1049_Day_A	223	Pulse	99	12860000	9374588	NA
MAXED_1049_Day_A	223	Pulse	99	12880000	9394588	NA
MAXED_1049_Day_A	223	Pulse	99	12900000	9414588	NA
MAXED_1049_Day_A	223	Pulse	99	12920000	9434588	NA
MAXED_1049_Day_A	223	Pulse	99	12940000	9454588	NA
MAXED_1049_Day_A	223	Pulse	99	12960000	9474588	NA
MAXED_1049_Day_A	223	Pulse	99	12980000	9494588	NA
MAXED_1049_Day_A	223	Pulse	99	13000000	9514588	NA
MAXED_1049_Day_A	223	Pulse	99	13020000	9534588	NA
MAXED_1049_Day_A	223	Pulse	99	13040000	9554588	NA
MAXED_1049_Day_A	223	Pulse	99	13060000	9574588	NA
MAXED_1049_Day_A	223	Pulse	99	13080000	9594588	NA
MAXED_1049_Day_A	223	Pulse	99	13100000	9614588	NA
MAXED_1049_Day_A	223	Pulse	99	13120000	9634588	NA
MAXED_1049_Day_A	223	Pulse	99	13140000	9654588	NA
MAXED_1049_Day_A	223	Pulse	99	13160000	9674588	NA
MAXED_1049_Day_A	223	Pulse	99	13180000	9694588	NA
MAXED_1049_Day_A	223	Pulse	99	13200000	9714588	NA
MAXED_1049_Day_A	223	Pulse	99	13220000	9734588	NA
MAXED_1049_Day_A	223	Pulse	99	13240000	9754588	NA
MAXED_1049_Day_A	223	Pulse	99	13260000	9774588	NA
MAXED_1049_Day_A	223	Pulse	99	13280000	9794588	NA
MAXED_1049_Day_A	223	Pulse	99	13300000	9814588	NA
MAXED_1049_Day_A	223	Pulse	99	13320000	9834588	NA
MAXED_1049_Day_A	223	Pulse	99	13340000	9854588	NA
MAXED_1049_Day_A	223	Pulse	99	13360000	9874588	NA
MAXED_1049_Day_A	223	Pulse	99	13380000	9894588	NA
MAXED_1049_Day_A	223	Pulse	99	13400000	9914588	NA
MAXED_1049_Day_A	223	Pulse	99	13420000	9934588	NA
MAXED_1049_Day_A	223	Pulse	99	13440000	9954588	NA
MAXED_1049_Day_A	223	Pulse	99	13460000	9974588	NA
MAXED_1049_Day_A	223	Pulse	99	13480000	9994588	NA
MAXED_1049_Day_A	223	Pulse	99	13500000	10014588	NA
MAXED_1049_Day_A	223	Pulse	99	13520000	10034588	NA
MAXED_1049_Day_A	223	Pulse	99	13540000	10054588	NA
MAXED_1049_Day_A	223	Pulse	99	13560000	10074588	NA
MAXED_1049_Day_A	223	Pulse	99	13580000	10094588	NA
MAXED_1049_Day_A	223	Pulse	99	13600000	10114588	NA
MAXED_1049_Day_A	223	Pulse	99	13620000	10134588	NA
MAXED_1049_Day_A	223	Pulse	99	13640000	10154588	NA
MAXED_1049_Day_A	223	Pulse	99	13660000	10174588	NA
MAXED_1049_Day_A	223	Pulse	99	13680000	10194588	NA
MAXED_1049_Day_A	223	Pulse	99	13700000	10214588	NA
MAXED_1049_Day_A	223	Pulse	99	13720000	10234588	NA
MAXED_1049_Day_A	223	Pulse	99	13740000	10254588	NA
MAXED_1049_Day_A	223	Pulse	99	13760000	10274588	NA
MAXED_1049_Day_A	223	Pulse	99	13780000	10294588	NA
MAXED_1049_Day_A	223	Pulse	99	13800000	10314588	NA
MAXED_1049_Day_A	223	Pulse	99	13820000	10334588	NA
MAXED_1049_Day_A	223	Pulse	99	13840000	10354588	NA
MAXED_1049_Day_A	223	Pulse	99	13860000	10374588	NA
MAXED_1049_Day_A	223	Pulse	99	13880000	10394588	NA
MAXED_1049_Day_A	223	Pulse	99	13900000	10414588	NA
MAXED_1049_Day_A	223	Pulse	99	13920000	10434588	NA
MAXED_1049_Day_A	223	Pulse	99	13940000	10454588	NA
MAXED_1049_Day_A	223	Pulse	99	13960000	10474588	NA
MAXED_1049_Day_A	223	Pulse	99	13980000	10494588	NA
MAXED_1049_Day_A	223	Pulse	99	14000000	10514588	NA
MAXED_1049_Day_A	223	Pulse	99	14020000	10534588	NA
MAXED_1049_Day_A	223	Pulse	99	14040000	10554588	NA
MAXED_1049_Day_A	223	Pulse	99	14060000	10574588	NA
MAXED_1049_Day_A	223	Pulse	99	14080000	10594588	NA
MAXED_1049_Day_A	223	Pulse	99	14100000	10614588	NA
MAXED_1049_Day_A	223	Pulse	99	14120000	10634588	NA
MAXED_1049_Day_A	223	Pulse	99	14140000	10654588	NA
MAXED_1049_Day_A	223	Pulse	99	14160000	10674588	NA
MAXED_1049_Day_A	223	Pulse	99	14180000	10694588	NA
MAXED_1049_Day_A	223	Pulse	99	14200000	10714588	NA
MAXED_1049_Day_A	223	Pulse	99	14220000	10734588	NA
MAXED_1049_Day_A	223	Pulse	99	14240000	10754588	NA
MAXED_1049_Day_A	223	Pulse	99	14260000	10774588	NA
MAXED_1049_Day_A	223	Pulse	99	14280000	10794588	NA
MAXED_1049_Day_A	223	Pulse	99	14300000	10814588	NA
MAXED_1049_Day_A	223	Pulse	99	14320000	10834588	NA
MAXED_1049_Day_A	223	Pulse	99	14340000	10854588	NA
MAXED_1049_Day_A	223	Pulse	99	14360000	10874588	NA
MAXED_1049_Day_A	223	Pulse	99	14380000	10894588	NA
MAXED_1049_Day_A	223	Pulse	99	14400000	10914588	NA
MAXED_1049_Day_A	223	Pulse	99	14420000	10934588	NA
MAXED_1049_Day_A	223	Pulse	99	14440000	10954588	NA
MAXED_1049_Day_A	223	Pulse	99	14460000	10974588	NA
MAXED_1049_Day_A	223	Pulse	99	14480000	10994588	NA
MAXED_1049_Day_A	223	Pulse	99	14500000	11014588	NA
MAXED_1049_Day_A	223	Pulse	99	14520000	11034588	NA
MAXED_1049_Day_A	223	Pulse	99	14540000	11054588	NA
MAXED_1049_Day_A	223	Pulse	99	14560000	11074588	NA
MAXED_1049_Day_A	223	Pulse	99	14580000	11094588	NA
MAXED_1049_Day_A	223	Pulse	99	14600000	11114588	NA
MAXED_1049_Day_A	223	Pulse	99	14620000	11134588	NA
MAXED_1049_Day_A	223	Pulse	99	14640000	11154588	NA
MAXED_1049_Day_A	223	Pulse	99	14660000	11174588	NA
MAXED_1049_Day_A	223	Pulse	99	14680000	11194588	NA
MAXED_1049_Day_A	223	Pulse	99	14700000	11214588	NA
MAXED_1049_Day_A	223	Pulse	99	14720000	11234588	NA
MAXED_1049_Day_A	223	Pulse	99	14740000	11254588	NA
MAXED_1049_Day_A	223	Pulse	99	14760000	11274588	NA
MAXED_1049_Day_A	223	Pulse	99	14780000	11294588	NA
MAXED_1049_Day_A	223	Pulse	99	14800000	11314588	NA
MAXED_1049_Day_A	223	Pulse	99	14820000	11334588	NA
MAXED_1049_Day_A	223	Pulse	99	14840000	11354588	NA
MAXED_1049_Day_A	223	Pulse	99	14860000	11374588	NA
MAXED_1049_Day_A	223	Pulse	99	14880000	11394588	NA
MAXED_1049_Day_A	223	Pulse	99	14900000	11414588	NA
MAXED_1049_Day_A	223	Pulse	99	14920000	11434588	NA
MAXED_1049_Day_A	223	Pulse	99	14940000	11454588	NA
MAXED_1049_Day_A	223	Pulse	99	14960000	11474588	NA
MAXED_1049_Day_A	223	Pulse	99	14980000	11494588	NA
MAXED_1049_Day_A	223	Pulse	99	15000000	11514588	NA
MAXED_1049_Day_A	223	Pulse	99	15020000	11534588	NA
MAXED_1049_Day_A	223	Pulse	99	15040000	11554588	NA
MAXED_1049_Day_A	223	Pulse	99	15060000	11574588	NA
MAXED_1049_Day_A	223	Pulse	99	15080000	11594588	NA
MAXED_1049_Day_A	223	Pulse	99	15100000	11614588	NA
MAXED_1049_Day_A	223	Pulse	99	15120000	11634588	NA
MAXED_1049_Day_A	223	Pulse	99	15140000	11654588	NA
MAXED_1049_Day_A	223	Pulse	99	15160000	11674588	NA
MAXED_1049_Day_A	223	Pulse	99	15180000	11694588	NA
MAXED_1049_Day_A	223	Pulse	99	15200000	11714588	NA
MAXED_1049_Day_A	223	Pulse	99	15220000	11734588	NA
MAXED_1049_Day_A	223	Pulse	99	15240000	11754588	NA
MAXED_1049_Day_A	223	Pulse	99	15260000	11774588	NA
MAXED_1049_Day_A	223	Pulse	99	15280000	11794588	NA
MAXED_1049_Day_A	223	Pulse	99	15300000	11814588	NA
MAXED_1049_Day_A	223	Pulse	99	15320000	11834588	NA
MAXED_1049_Day_A	223	Pulse	99	15340000	11854588	NA
MAXED_1049_Day_A	223	Pulse	99	15360000	11874588	NA
MAXED_1049_Day_A	223	Pulse	99	15380000	11894588	NA
MAXED_1049_Day_A	223	Pulse	99	15400000	11914588	NA
MAXED_1049_Day_A	223	Pulse	99	15420000	11934588	NA
MAXED_1049_Day_A	223	Pulse	99	15440000	11954588	NA
MAXED_1049_Day_A	223	Pulse	99	15460000	11974588	NA
MAXED_1049_Day_A	223	Pulse	99	15480000	11994588	NA
MAXED_1049_Day_A	223	Pulse	99	15500000	12014588	NA
MAXED_1049_Day_A	223	Pulse	99	15520000	12034588	NA
MAXED_1049_Day_A	223	Pulse	99	15540000	12054588	NA
MAXED_1049_Day_A	223	Pulse	99	15560000	12074588	NA
MAXED_1049_Day_A	223	Pulse	99	15580000	12094588	NA
MAXED_1049_Day_A	223	Pulse	99	15600000	12114588	NA
MAXED_1049_Day_A	223	Pulse	99	15620000	12134588	NA
MAXED_1049_Day_A	223	Pulse	99	15640000	12154588	NA
MAXED_1049_Day_A	223	Pulse	99	15660000	12174588	NA
MAXED_1049_Day_A	223	Pulse	99	15680000	12194588	NA
MAXED_1049_Day_A	223	Pulse	99	15700000	12214588	NA
MAXED_1049_Day_A	223	Pulse	99	15720000	12234588	NA
MAXED_1049_Day_A	223	Pulse	99	15740000	12254588	NA
MAXED_1049_Day_A	223	Pulse	99	15760000	12274588	NA
MAXED_1049_Day_A	223	Pulse	99	15780000	12294588	NA
MAXED_1049_Day_A	223	Pulse	99	15800000	12314588	NA
MAXED_1049_Day_A	223	Pulse	99	15820000	12334588	NA
MAXED_1049_Day_A	223	Pulse	99	15840000	12354588	NA
MAXED_1049_Day_A	223	Pulse	99	15860000	12374588	NA
MAXED_1049_Day_A	223	Pulse	99	15880000	12394588	NA
MAXED_1049_Day_A	223	Pulse	99	15900000	12414588	NA
MAXED_1049_Day_A	223	Pulse	99	15920000	12434588	NA
MAXED_1049_Day_A	223	Pulse	99	15940000	12454588	NA
MAXED_1049_Day_A	223	Pulse	99	15960000	12474588	NA
MAXED_1049_Day_A	223	Pulse	99	15980000	12494588	NA
MAXED_1049_Day_A	223	Pulse	99	16000000	12514588	NA
MAXED_1049_Day_A	223	Quit		16011121	12525709	NA
