Scenario - 
Logfile written - 05/24/2023 17:59:07

Subject	Trial	Event Type	Code	Time	TTime	Uncertainty	Duration	Uncertainty	ReqTime	ReqDur	Stim Type	Pair Index

MAXED_1055_Day_B	0	Pulse	99	0	0	NA
MAXED_1055_Day_B	1	Picture	instructions_1	333	0	1	106131	1	0	next	false_alarm	8
MAXED_1055_Day_B	1	Pulse	99	20000	19667	NA
MAXED_1055_Day_B	1	Pulse	99	40000	39667	NA
MAXED_1055_Day_B	1	Pulse	99	60000	59667	NA
MAXED_1055_Day_B	1	Pulse	99	80000	79667	NA
MAXED_1055_Day_B	1	Pulse	99	100000	99667	NA
MAXED_1055_Day_B	1	Response	88	106390	106057	1
MAXED_1055_Day_B	2	Picture	instructions_2	106464	0	1	41486	1	0	next	false_alarm	12
MAXED_1055_Day_B	2	Pulse	99	120000	13536	NA
MAXED_1055_Day_B	2	Pulse	99	140000	33536	NA
MAXED_1055_Day_B	2	Response	88	147782	41318	1
MAXED_1055_Day_B	3	Picture	instructions_3	147950	0	1	32989	1	0	next	false_alarm	16
MAXED_1055_Day_B	3	Pulse	99	160000	12050	NA
MAXED_1055_Day_B	3	Pulse	99	180000	32050	NA
MAXED_1055_Day_B	3	Response	88	180741	32791	1
MAXED_1055_Day_B	4	Picture	instructions_4	180939	0	1	22492	1	0	next	false_alarm	19
MAXED_1055_Day_B	4	Pulse	99	200000	19061	NA
MAXED_1055_Day_B	4	Response	88	203305	22366	1
MAXED_1055_Day_B	5	Picture	instructions_5	203431	0	1	15162	1	0	next	false_alarm	21
MAXED_1055_Day_B	5	Response	88	218465	15033	1
MAXED_1055_Day_B	6	Picture	instructions_6	218593	0	1	40986	1	0	next	false_alarm	25
MAXED_1055_Day_B	6	Pulse	99	220000	1407	NA
MAXED_1055_Day_B	6	Pulse	99	240000	21407	NA
MAXED_1055_Day_B	6	Response	88	259504	40911	1
MAXED_1055_Day_B	7	Picture	instructions_7	259579	0	1	46151	1	0	next	false_alarm	30
MAXED_1055_Day_B	7	Pulse	99	260000	421	NA
MAXED_1055_Day_B	7	Pulse	99	280000	20421	NA
MAXED_1055_Day_B	7	Pulse	99	300000	40421	NA
MAXED_1055_Day_B	7	Response	88	305620	46041	1
MAXED_1055_Day_B	8	Picture	instructions_8	305730	0	1	36654	1	0	next	false_alarm	34
MAXED_1055_Day_B	8	Pulse	99	320000	14270	NA
MAXED_1055_Day_B	8	Pulse	99	340000	34270	NA
MAXED_1055_Day_B	8	Response	88	342205	36475	1
MAXED_1055_Day_B	9	Picture	instructions_9	342384	0	1	15162	1	0	next	false_alarm	36
MAXED_1055_Day_B	9	Response	88	357379	14995	1
MAXED_1055_Day_B	10	Picture	instructions_10	357546	0	1	47984	1	0	next	false_alarm	41
MAXED_1055_Day_B	10	Pulse	99	360000	2454	NA
MAXED_1055_Day_B	10	Pulse	99	380000	22454	NA
MAXED_1055_Day_B	10	Pulse	99	400000	42454	NA
MAXED_1055_Day_B	10	Response	88	405419	47874	1
MAXED_1055_Day_B	11	Picture	instructions_11	405529	0	1	33155	1	0	next	false_alarm	44
MAXED_1055_Day_B	11	Pulse	99	420000	14471	NA
MAXED_1055_Day_B	11	Response	88	438576	33047	1
MAXED_1055_Day_B	12	Picture	instructions_12	438685	0	1	20993	1	0	next	false_alarm	47
MAXED_1055_Day_B	12	Pulse	99	440000	1315	NA
MAXED_1055_Day_B	12	Response	88	459610	20925	1
MAXED_1055_Day_B	13	Picture	instructions_13	459678	0	1	34655	1	0	next	false_alarm	51
MAXED_1055_Day_B	13	Pulse	99	460000	322	NA
MAXED_1055_Day_B	13	Pulse	99	480000	20322	NA
MAXED_1055_Day_B	13	Response	88	494265	34587	1
MAXED_1055_Day_B	14	Picture	instructions_14	494333	0	1	6998	1	0	next	false_alarm	54
MAXED_1055_Day_B	14	Pulse	99	500000	5667	NA
MAXED_1055_Day_B	14	Response	88	501226	6893	1
MAXED_1055_Day_B	15	Picture	instructions_15	501330	0	1	40486	1	0	next	false_alarm	58
MAXED_1055_Day_B	15	Pulse	99	520000	18670	NA
MAXED_1055_Day_B	15	Pulse	99	540000	38670	NA
MAXED_1055_Day_B	15	Response	88	541623	40293	1
MAXED_1055_Day_B	16	Picture	instructions_16	541817	0	1	19327	1	0	next	false_alarm	61
MAXED_1055_Day_B	16	Pulse	99	560000	18183	NA
MAXED_1055_Day_B	16	Response	88	561052	19235	1
MAXED_1055_Day_B	17	Picture	instructions_17	561144	0	1	11163	1	0	next	false_alarm	63
MAXED_1055_Day_B	17	Response	88	572210	11066	1
MAXED_1055_Day_B	18	Picture	instructions_18	572306	0	1	27657	1	0	next	false_alarm	66
MAXED_1055_Day_B	18	Pulse	99	580000	7694	NA
MAXED_1055_Day_B	18	Response	88	599770	27464	1
MAXED_1055_Day_B	19	Picture	instructions_19	599964	0	1	52316	1	0	next	false_alarm	71
MAXED_1055_Day_B	19	Pulse	99	600000	36	NA
MAXED_1055_Day_B	19	Pulse	99	620000	20036	NA
MAXED_1055_Day_B	19	Pulse	99	640000	40036	NA
MAXED_1055_Day_B	19	Response	88	652081	52118	1
MAXED_1055_Day_B	20	Picture	instructions_20	652279	0	1	46984	1	0	next	false_alarm	75
MAXED_1055_Day_B	20	Pulse	99	660000	7721	NA
MAXED_1055_Day_B	20	Pulse	99	680000	27721	NA
MAXED_1055_Day_B	20	Response	88	699180	46901	1
MAXED_1055_Day_B	21	Picture	instructions_21	699263	0	1	35988	1	0	next	false_alarm	79
MAXED_1055_Day_B	21	Pulse	99	700000	737	NA
MAXED_1055_Day_B	21	Pulse	99	720000	20737	NA
MAXED_1055_Day_B	21	Response	88	735049	35786	1
MAXED_1055_Day_B	22	Picture	instructions_22	735251	0	1	14162	1	0	next	false_alarm	82
MAXED_1055_Day_B	22	Pulse	99	740000	4749	NA
MAXED_1055_Day_B	22	Response	88	749285	14034	1
MAXED_1055_Day_B	23	Picture	instructions_23	749413	0	1	36988	1	0	next	false_alarm	86
MAXED_1055_Day_B	23	Pulse	99	760000	10587	NA
MAXED_1055_Day_B	23	Pulse	99	780000	30587	NA
MAXED_1055_Day_B	23	Response	88	786286	36873	1
MAXED_1055_Day_B	24	Picture	instructions_24	786401	0	1	28824	1	0	next	false_alarm	89
MAXED_1055_Day_B	24	Pulse	99	800000	13599	NA
MAXED_1055_Day_B	24	Response	88	815168	28768	1
MAXED_1055_Day_B	25	Picture	instructions_25	815224	0	1	35321	1	0	next	false_alarm	93
MAXED_1055_Day_B	25	Pulse	99	820000	4776	NA
MAXED_1055_Day_B	25	Pulse	99	840000	24776	NA
MAXED_1055_Day_B	25	Response	88	850469	35244	1
MAXED_1055_Day_B	26	Picture	instructions_26	850546	0	1	45984	1	0	next	false_alarm	97
MAXED_1055_Day_B	26	Pulse	99	860000	9454	NA
MAXED_1055_Day_B	26	Pulse	99	880000	29454	NA
MAXED_1055_Day_B	26	Response	88	896376	45831	1
MAXED_1055_Day_B	27	Picture	instructions_27	896530	0	1	31323	1	0	next	false_alarm	101
MAXED_1055_Day_B	27	Pulse	99	900000	3470	NA
MAXED_1055_Day_B	27	Pulse	99	920000	23470	NA
MAXED_1055_Day_B	27	Response	88	927660	31130	1
MAXED_1055_Day_B	28	Picture	instructions_28	927853	0	1	18494	1	0	next	false_alarm	104
MAXED_1055_Day_B	28	Pulse	99	940000	12147	NA
MAXED_1055_Day_B	28	Response	88	946141	18289	1
MAXED_1055_Day_B	29	Picture	instructions_29	946347	0	1	24658	1	0	next	false_alarm	107
MAXED_1055_Day_B	29	Pulse	99	960000	13653	NA
MAXED_1055_Day_B	29	Response	88	970829	24483	1
MAXED_1055_Day_B	30	Picture	instructions_30	971005	0	1	127290	1	0	next	false_alarm	115
MAXED_1055_Day_B	30	Pulse	99	980000	8995	NA
MAXED_1055_Day_B	30	Pulse	99	1000000	28995	NA
MAXED_1055_Day_B	30	Pulse	99	1020000	48995	NA
MAXED_1055_Day_B	30	Pulse	99	1040000	68995	NA
MAXED_1055_Day_B	30	Pulse	99	1060000	88995	NA
MAXED_1055_Day_B	30	Pulse	99	1080000	108995	NA
MAXED_1055_Day_B	30	Response	88	1098221	127216	1
MAXED_1055_Day_B	31	Picture	instructions_31	1098295	0	1	46151	1	0	next	false_alarm	120
MAXED_1055_Day_B	31	Pulse	99	1100000	1705	NA
MAXED_1055_Day_B	31	Pulse	99	1120000	21705	NA
MAXED_1055_Day_B	31	Pulse	99	1140000	41705	NA
MAXED_1055_Day_B	31	Response	88	1144355	46060	1
MAXED_1055_Day_B	32	Picture	instructions_32	1144446	0	1	43152	1	0	next	false_alarm	124
MAXED_1055_Day_B	32	Pulse	99	1160000	15554	NA
MAXED_1055_Day_B	32	Pulse	99	1180000	35554	NA
MAXED_1055_Day_B	32	Response	88	1187536	43089	1
MAXED_1055_Day_B	33	Picture	instructions_33	1187598	0	1	39487	1	0	next	false_alarm	128
MAXED_1055_Day_B	33	Pulse	99	1200000	12402	NA
MAXED_1055_Day_B	33	Pulse	99	1220000	32402	NA
MAXED_1055_Day_B	33	Response	88	1226996	39398	1
MAXED_1055_Day_B	34	Picture	instructions_34	1227085	0	1	59313	1	0	next	false_alarm	133
MAXED_1055_Day_B	34	Pulse	99	1240000	12915	NA
MAXED_1055_Day_B	34	Pulse	99	1260000	32915	NA
MAXED_1055_Day_B	34	Pulse	99	1280000	52915	NA
MAXED_1055_Day_B	34	Response	88	1286278	59193	1
MAXED_1055_Day_B	35	Picture	instructions_35	1286398	0	1	54482	1	0	next	false_alarm	138
MAXED_1055_Day_B	35	Pulse	99	1300000	13602	NA
MAXED_1055_Day_B	35	Pulse	99	1320000	33602	NA
MAXED_1055_Day_B	35	Pulse	99	1340000	53602	NA
MAXED_1055_Day_B	35	Response	88	1340658	54259	1
MAXED_1055_Day_B	36	Picture	instructions_36	1340880	0	1	85971	1	0	next	false_alarm	144
MAXED_1055_Day_B	36	Pulse	99	1360000	19120	NA
MAXED_1055_Day_B	36	Pulse	99	1380000	39120	NA
MAXED_1055_Day_B	36	Pulse	99	1400000	59120	NA
MAXED_1055_Day_B	36	Pulse	99	1420000	79120	NA
MAXED_1055_Day_B	36	Response	88	1426641	85762	1
MAXED_1055_Day_B	37	Picture	instructions_37	1426851	0	1	14828	1	0	next	false_alarm	147
MAXED_1055_Day_B	37	Pulse	99	1440000	13149	NA
MAXED_1055_Day_B	37	Response	88	1441485	14634	1
MAXED_1055_Day_B	38	Picture	instructions_38	1441679	0	1	25325	1	0	next	false_alarm	150
MAXED_1055_Day_B	38	Pulse	99	1460000	18321	NA
MAXED_1055_Day_B	38	Response	88	1466843	25164	1
MAXED_1055_Day_B	39	Picture	instructions_39	1467004	0	1	42319	1	0	next	false_alarm	154
MAXED_1055_Day_B	39	Pulse	99	1480000	12996	NA
MAXED_1055_Day_B	39	Pulse	99	1500000	32996	NA
MAXED_1055_Day_B	39	Response	88	1509236	42232	1
MAXED_1055_Day_B	40	Picture	instructions_40	1509323	0	1	26824	1	0	next	false_alarm	157
MAXED_1055_Day_B	40	Pulse	99	1520000	10677	NA
MAXED_1055_Day_B	40	Response	88	1535984	26661	1
MAXED_1055_Day_B	41	Picture	instructions_41	1536147	0	1	21659	1	0	next	false_alarm	160
MAXED_1055_Day_B	41	Pulse	99	1540000	3853	NA
MAXED_1055_Day_B	41	Response	88	1557690	21543	1
MAXED_1055_Day_B	42	Picture	instructions_42	1557807	0	1	34988	1	0	next	false_alarm	164
MAXED_1055_Day_B	42	Pulse	99	1560000	2193	NA
MAXED_1055_Day_B	42	Pulse	99	1580000	22193	NA
MAXED_1055_Day_B	42	Response	88	1592720	34914	1
MAXED_1055_Day_B	43	Picture	instructions_43	1592795	0	1	18327	1	0	next	false_alarm	167
MAXED_1055_Day_B	43	Pulse	99	1600000	7205	NA
MAXED_1055_Day_B	43	Response	88	1610986	18191	1
MAXED_1055_Day_B	44	Picture	instructions_44	1611122	0	1	21493	1	0	next	false_alarm	170
MAXED_1055_Day_B	44	Pulse	99	1620000	8878	NA
MAXED_1055_Day_B	44	Response	88	1632439	21317	1
MAXED_1055_Day_B	45	Picture	instructions_45	1632615	0	1	29323	1	0	next	false_alarm	174
MAXED_1055_Day_B	45	Pulse	99	1640000	7385	NA
MAXED_1055_Day_B	45	Pulse	99	1660000	27385	NA
MAXED_1055_Day_B	45	Response	88	1661853	29238	1
MAXED_1055_Day_B	46	Picture	instructions_46	1661938	0	1	21659	1	0	next	false_alarm	177
MAXED_1055_Day_B	46	Pulse	99	1680000	18062	NA
MAXED_1055_Day_B	46	Response	88	1683458	21520	1
MAXED_1055_Day_B	47	Picture	fixation	1683597	0	1	5165	1	0	next	other	0
MAXED_1055_Day_B	48	Picture	stage1	1688762	0	1	17827	1	0	next	false_alarm	181
MAXED_1055_Day_B	48	Pulse	99	1700000	11238	NA
MAXED_1055_Day_B	48	Response	1	1706549	17787	1
MAXED_1055_Day_B	49	Picture	stage1_box	1706590	0	1	7664	1	0	next	other	0
MAXED_1055_Day_B	50	Picture	stage1_outcome	1714254	0	1	167	1	0	next	other	0
MAXED_1055_Day_B	51	Picture	stage2A	1714420	0	1	13162	1	0	next	false_alarm	186
MAXED_1055_Day_B	51	Pulse	99	1720000	5580	NA
MAXED_1055_Day_B	51	Response	1	1727528	13107	1
MAXED_1055_Day_B	52	Picture	stage2_box	1727582	0	1	7664	1	0	next	other	0
MAXED_1055_Day_B	53	Picture	stage2_up	1735247	0	1	7664	1	0	next	other	0
MAXED_1055_Day_B	53	Pulse	99	1740000	4753	NA
MAXED_1055_Day_B	54	Picture	stage2_lose	1742911	0	1	10163	1	0	next	other	0
MAXED_1055_Day_B	55	Picture	stage1	1753074	0	1	9497	1	0	next	false_alarm	193
MAXED_1055_Day_B	55	Pulse	99	1760000	6926	NA
MAXED_1055_Day_B	55	Response	1	1762452	9378	1
MAXED_1055_Day_B	56	Picture	stage1_box	1762571	0	1	7664	1	0	next	other	0
MAXED_1055_Day_B	57	Picture	stage1_outcome	1770235	0	1	167	1	0	next	other	0
MAXED_1055_Day_B	58	Picture	stage2A	1770401	0	1	12829	1	0	next	false_alarm	198
MAXED_1055_Day_B	58	Pulse	99	1780000	9599	NA
MAXED_1055_Day_B	58	Response	2	1783155	12753	1
MAXED_1055_Day_B	59	Picture	stage2_box	1783230	0	1	7664	1	0	next	other	0
MAXED_1055_Day_B	60	Picture	stage2_up	1790894	0	1	7664	1	0	next	other	0
MAXED_1055_Day_B	61	Picture	stage2_win	1798558	0	1	10163	1	0	next	other	0
MAXED_1055_Day_B	61	Pulse	99	1800000	1442	NA
MAXED_1055_Day_B	62	Picture	stage1	1808722	0	1	4998	1	0	next	false_alarm	204
MAXED_1055_Day_B	62	Response	1	1813604	4882	1
MAXED_1055_Day_B	63	Picture	stage1_box	1813720	0	1	7664	1	0	next	other	0
MAXED_1055_Day_B	63	Pulse	99	1820000	6280	NA
MAXED_1055_Day_B	64	Picture	stage1_outcome	1821384	0	1	167	1	0	next	other	0
MAXED_1055_Day_B	65	Picture	stage2B	1821551	0	1	7164	1	0	next	false_alarm	209
MAXED_1055_Day_B	65	Response	2	1828647	7096	1
MAXED_1055_Day_B	66	Picture	stage2_box	1828715	0	1	7664	1	0	next	other	0
MAXED_1055_Day_B	67	Picture	stage2_up	1836379	0	1	7664	1	0	next	other	0
MAXED_1055_Day_B	67	Pulse	99	1840000	3621	NA
MAXED_1055_Day_B	68	Picture	stage2_win	1844043	0	1	10163	1	0	next	other	0
MAXED_1055_Day_B	69	Picture	stage1	1854206	0	1	11829	1	0	next	false_alarm	216
MAXED_1055_Day_B	69	Pulse	99	1860000	5794	NA
MAXED_1055_Day_B	69	Response	1	1865899	11693	1
MAXED_1055_Day_B	70	Picture	stage1_box	1866036	0	1	7664	1	0	next	other	0
MAXED_1055_Day_B	71	Picture	stage1_outcome	1873700	0	1	167	1	0	next	other	0
MAXED_1055_Day_B	72	Picture	stage2A	1873866	0	1	5165	1	0	next	false_alarm	220
MAXED_1055_Day_B	72	Response	2	1878923	5057	1
MAXED_1055_Day_B	73	Picture	stage2_box	1879031	0	1	7664	1	0	next	other	0
MAXED_1055_Day_B	73	Pulse	99	1880000	969	NA
MAXED_1055_Day_B	74	Picture	stage2_up	1886695	0	1	7664	1	0	next	other	0
MAXED_1055_Day_B	75	Picture	stage2_lose	1894359	0	1	10163	1	0	next	other	0
MAXED_1055_Day_B	75	Pulse	99	1900000	5641	NA
MAXED_1055_Day_B	76	Picture	stage1	1904523	0	1	4998	1	0	next	false_alarm	227
MAXED_1055_Day_B	76	Response	2	1909413	4890	1
MAXED_1055_Day_B	77	Picture	stage1_box	1909521	0	1	7664	1	0	next	other	0
MAXED_1055_Day_B	78	Picture	stage1_outcome	1917185	0	1	167	1	0	next	other	0
MAXED_1055_Day_B	79	Picture	stage2B	1917352	0	1	5831	1	0	next	false_alarm	232
MAXED_1055_Day_B	79	Pulse	99	1920000	2648	NA
MAXED_1055_Day_B	79	Response	1	1923055	5703	1
MAXED_1055_Day_B	80	Picture	stage2_box	1923183	0	1	7664	1	0	next	other	0
MAXED_1055_Day_B	81	Picture	stage2_up	1930847	0	1	7664	1	0	next	other	0
MAXED_1055_Day_B	82	Picture	stage2_lose	1938511	0	1	10163	1	0	next	other	0
MAXED_1055_Day_B	82	Pulse	99	1940000	1489	NA
MAXED_1055_Day_B	83	Picture	stage1	1948674	0	1	3999	1	0	next	false_alarm	238
MAXED_1055_Day_B	83	Response	2	1952647	3972	1
MAXED_1055_Day_B	84	Picture	stage1_box	1952673	0	1	7664	1	0	next	other	0
MAXED_1055_Day_B	84	Pulse	99	1960000	7327	NA
MAXED_1055_Day_B	85	Picture	stage1_outcome	1960337	0	1	167	1	0	next	other	0
MAXED_1055_Day_B	86	Picture	stage2A	1960504	0	1	5665	1	0	next	false_alarm	243
MAXED_1055_Day_B	86	Response	2	1966048	5544	1
MAXED_1055_Day_B	87	Picture	stage2_box	1966168	0	1	7664	1	0	next	other	0
MAXED_1055_Day_B	88	Picture	stage2_up	1973833	0	1	7664	1	0	next	other	0
MAXED_1055_Day_B	88	Pulse	99	1980000	6167	NA
MAXED_1055_Day_B	89	Picture	stage2_win	1981497	0	1	10163	1	0	next	other	0
MAXED_1055_Day_B	90	Picture	stage1	1991660	0	1	5831	1	0	next	false_alarm	249
MAXED_1055_Day_B	90	Response	2	1997348	5688	1
MAXED_1055_Day_B	91	Picture	stage1_box	1997491	0	1	7664	1	0	next	other	0
MAXED_1055_Day_B	91	Pulse	99	2000000	2509	NA
MAXED_1055_Day_B	92	Picture	stage1_outcome	2005155	0	1	167	1	0	next	other	0
MAXED_1055_Day_B	93	Picture	stage2A	2005322	0	1	5998	1	0	next	false_alarm	254
MAXED_1055_Day_B	93	Response	2	2011174	5852	1
MAXED_1055_Day_B	94	Picture	stage2_box	2011320	0	1	7664	1	0	next	other	0
MAXED_1055_Day_B	95	Picture	stage2_up	2018984	0	1	7664	1	0	next	other	0
MAXED_1055_Day_B	95	Pulse	99	2020000	1016	NA
MAXED_1055_Day_B	96	Picture	stage2_win	2026648	0	1	10163	1	0	next	other	0
MAXED_1055_Day_B	97	Picture	stage1	2036811	0	1	4332	1	0	next	false_alarm	261
MAXED_1055_Day_B	97	Pulse	99	2040000	3189	NA
MAXED_1055_Day_B	97	Response	2	2041010	4198	1
MAXED_1055_Day_B	98	Picture	stage1_box	2041143	0	1	7664	1	0	next	other	0
MAXED_1055_Day_B	99	Picture	stage1_outcome	2048807	0	1	167	1	0	next	other	0
MAXED_1055_Day_B	100	Picture	stage2B	2048974	0	1	12996	1	0	next	false_alarm	266
MAXED_1055_Day_B	100	Pulse	99	2060000	11026	NA
MAXED_1055_Day_B	100	Response	2	2061829	12856	1
MAXED_1055_Day_B	101	Picture	stage2_box	2061969	0	1	7664	1	0	next	other	0
MAXED_1055_Day_B	102	Picture	stage2_up	2069633	0	1	7664	1	0	next	other	0
MAXED_1055_Day_B	103	Picture	stage2_lose	2077298	0	1	10163	1	0	next	other	0
MAXED_1055_Day_B	103	Pulse	99	2080000	2702	NA
MAXED_1055_Day_B	104	Picture	stage1	2087461	0	1	5332	1	0	next	false_alarm	272
MAXED_1055_Day_B	104	Response	2	2092613	5152	1
MAXED_1055_Day_B	105	Picture	stage1_box	2092792	0	1	7664	1	0	next	other	0
MAXED_1055_Day_B	105	Pulse	99	2100000	7208	NA
MAXED_1055_Day_B	106	Picture	stage1_outcome	2100456	0	1	167	1	0	next	other	0
MAXED_1055_Day_B	107	Picture	stage2B	2100623	0	1	8664	1	0	next	false_alarm	277
MAXED_1055_Day_B	107	Response	1	2109222	8599	1
MAXED_1055_Day_B	108	Picture	stage2_box	2109287	0	1	7664	1	0	next	other	0
MAXED_1055_Day_B	109	Picture	stage2_up	2116951	0	1	7664	1	0	next	other	0
MAXED_1055_Day_B	109	Pulse	99	2120000	3049	NA
MAXED_1055_Day_B	110	Picture	stage2_win	2124615	0	1	10163	1	0	next	other	0
MAXED_1055_Day_B	111	Picture	stage1	2134778	0	1	5831	1	0	next	false_alarm	284
MAXED_1055_Day_B	111	Pulse	99	2140000	5222	NA
MAXED_1055_Day_B	111	Response	2	2140542	5764	1
MAXED_1055_Day_B	112	Picture	stage1_box	2140609	0	1	7664	1	0	next	other	0
MAXED_1055_Day_B	113	Picture	stage1_outcome	2148274	0	1	167	1	0	next	other	0
MAXED_1055_Day_B	114	Picture	stage2B	2148440	0	1	5831	1	0	next	false_alarm	288
MAXED_1055_Day_B	114	Response	1	2154184	5743	1
MAXED_1055_Day_B	115	Picture	stage2_box	2154272	0	1	7664	1	0	next	other	0
MAXED_1055_Day_B	115	Pulse	99	2160000	5728	NA
MAXED_1055_Day_B	116	Picture	stage2_up	2161936	0	1	7664	1	0	next	other	0
MAXED_1055_Day_B	117	Picture	stage2_lose	2169600	0	1	10163	1	0	next	other	0
MAXED_1055_Day_B	118	Picture	stage1	2179763	0	1	6165	1	0	next	false_alarm	295
MAXED_1055_Day_B	118	Pulse	99	2180000	237	NA
MAXED_1055_Day_B	118	Response	1	2185761	5998	1
MAXED_1055_Day_B	119	Picture	stage1_box	2185927	0	1	7664	1	0	next	other	0
MAXED_1055_Day_B	120	Picture	stage1_outcome	2193592	0	1	167	1	0	next	other	0
MAXED_1055_Day_B	121	Picture	stage2A	2193758	0	1	9497	1	0	next	false_alarm	300
MAXED_1055_Day_B	121	Pulse	99	2200000	6242	NA
MAXED_1055_Day_B	121	Response	2	2203230	9471	1
MAXED_1055_Day_B	122	Picture	stage2_box	2203255	0	1	7664	1	0	next	other	0
MAXED_1055_Day_B	123	Picture	stage2_up	2210919	0	1	7664	1	0	next	other	0
MAXED_1055_Day_B	124	Picture	stage2_lose	2218583	0	1	10163	1	0	next	other	0
MAXED_1055_Day_B	124	Pulse	99	2220000	1417	NA
MAXED_1055_Day_B	125	Picture	stage1	2228746	0	1	3499	1	0	next	false_alarm	306
MAXED_1055_Day_B	125	Response	1	2232194	3448	1
MAXED_1055_Day_B	126	Picture	stage1_box	2232245	0	1	7664	1	0	next	other	0
MAXED_1055_Day_B	127	Picture	stage1_outcome	2239909	0	1	167	1	0	next	other	0
MAXED_1055_Day_B	127	Pulse	99	2240000	91	NA
MAXED_1055_Day_B	128	Picture	stage2B	2240076	0	1	18827	1	0	next	false_alarm	311
MAXED_1055_Day_B	128	Response	2	2258831	18755	1
MAXED_1055_Day_B	129	Picture	stage2_box	2258903	0	1	7664	1	0	next	other	0
MAXED_1055_Day_B	129	Pulse	99	2260000	1097	NA
MAXED_1055_Day_B	130	Picture	stage2_up	2266567	0	1	7664	1	0	next	other	0
MAXED_1055_Day_B	131	Picture	stage2_win	2274231	0	1	10163	1	0	next	other	0
MAXED_1055_Day_B	131	Pulse	99	2280000	5769	NA
MAXED_1055_Day_B	132	Picture	stage1	2284394	0	1	9663	1	0	next	false_alarm	318
MAXED_1055_Day_B	132	Response	1	2293984	9590	1
MAXED_1055_Day_B	133	Picture	stage1_box	2294058	0	1	7664	1	0	next	other	0
MAXED_1055_Day_B	133	Pulse	99	2300000	5942	NA
MAXED_1055_Day_B	134	Picture	stage1_outcome	2301722	0	1	167	1	0	next	other	0
MAXED_1055_Day_B	135	Picture	stage2A	2301888	0	1	9330	1	0	next	false_alarm	323
MAXED_1055_Day_B	135	Response	1	2311113	9224	1
MAXED_1055_Day_B	136	Picture	stage2_box	2311218	0	1	7664	1	0	next	other	0
MAXED_1055_Day_B	137	Picture	stage2_up	2318883	0	1	7664	1	0	next	other	0
MAXED_1055_Day_B	137	Pulse	99	2320000	1117	NA
MAXED_1055_Day_B	138	Picture	stage2_lose	2326547	0	1	10163	1	0	next	other	0
MAXED_1055_Day_B	139	Picture	stage1	2336710	0	1	4498	1	0	next	false_alarm	330
MAXED_1055_Day_B	139	Pulse	99	2340000	3290	NA
MAXED_1055_Day_B	139	Response	1	2341034	4324	1
MAXED_1055_Day_B	140	Picture	stage1_box	2341208	0	1	7831	1	0	next	other	0
MAXED_1055_Day_B	141	Picture	stage1_outcome	2349039	0	1	166	1	0	next	other	0
MAXED_1055_Day_B	142	Picture	stage2A	2349205	0	1	9830	1	0	next	false_alarm	334
MAXED_1055_Day_B	142	Response	2	2358964	9759	1
MAXED_1055_Day_B	143	Picture	stage2_box	2359036	0	1	7664	1	0	next	other	0
MAXED_1055_Day_B	143	Pulse	99	2360000	964	NA
MAXED_1055_Day_B	144	Picture	stage2_up	2366700	0	1	7664	1	0	next	other	0
MAXED_1055_Day_B	145	Picture	stage2_lose	2374364	0	1	10163	1	0	next	other	0
MAXED_1055_Day_B	145	Pulse	99	2380000	5636	NA
MAXED_1055_Day_B	146	Picture	stage1	2384527	0	1	4332	1	0	next	false_alarm	341
MAXED_1055_Day_B	146	Response	2	2388771	4244	1
MAXED_1055_Day_B	147	Picture	stage1_box	2388859	0	1	7664	1	0	next	other	0
MAXED_1055_Day_B	148	Picture	stage1_outcome	2396523	0	1	167	1	0	next	other	0
MAXED_1055_Day_B	149	Picture	stage2B	2396690	0	1	10496	1	0	next	false_alarm	346
MAXED_1055_Day_B	149	Pulse	99	2400000	3310	NA
MAXED_1055_Day_B	149	Response	2	2407113	10424	1
MAXED_1055_Day_B	150	Picture	stage2_box	2407186	0	1	7664	1	0	next	other	0
MAXED_1055_Day_B	151	Picture	stage2_up	2414850	0	1	7664	1	0	next	other	0
MAXED_1055_Day_B	151	Pulse	99	2420000	5150	NA
MAXED_1055_Day_B	152	Picture	stage2_lose	2422514	0	1	10163	1	0	next	other	0
MAXED_1055_Day_B	153	Picture	stage1	2432677	0	1	3166	1	0	next	false_alarm	352
MAXED_1055_Day_B	153	Response	2	2435669	2992	1
MAXED_1055_Day_B	154	Picture	stage1_box	2435843	0	1	7664	1	0	next	other	0
MAXED_1055_Day_B	154	Pulse	99	2440000	4157	NA
MAXED_1055_Day_B	155	Picture	stage1_outcome	2443507	0	1	167	1	0	next	other	0
MAXED_1055_Day_B	156	Picture	stage2B	2443674	0	1	6165	1	0	next	false_alarm	357
MAXED_1055_Day_B	156	Response	1	2449654	5980	1
MAXED_1055_Day_B	157	Picture	stage2_box	2449838	0	1	7664	1	0	next	other	0
MAXED_1055_Day_B	158	Picture	stage2_up	2457502	0	1	7664	1	0	next	other	0
MAXED_1055_Day_B	158	Pulse	99	2460000	2498	NA
MAXED_1055_Day_B	159	Picture	stage2_win	2465166	0	1	10163	1	0	next	other	0
MAXED_1055_Day_B	160	Picture	stage1	2475330	0	1	4165	1	0	next	false_alarm	363
MAXED_1055_Day_B	160	Response	2	2479444	4115	1
MAXED_1055_Day_B	161	Picture	stage1_box	2479495	0	1	7664	1	0	next	other	0
MAXED_1055_Day_B	161	Pulse	99	2480000	505	NA
MAXED_1055_Day_B	162	Picture	stage1_outcome	2487159	0	1	167	1	0	next	other	0
MAXED_1055_Day_B	163	Picture	stage2A	2487326	0	1	18494	1	0	next	false_alarm	369
MAXED_1055_Day_B	163	Pulse	99	2500000	12674	NA
MAXED_1055_Day_B	163	Response	1	2505724	18399	1
MAXED_1055_Day_B	164	Picture	stage2_box	2505819	0	1	7664	1	0	next	other	0
MAXED_1055_Day_B	165	Picture	stage2_up	2513483	0	1	7664	1	0	next	other	0
MAXED_1055_Day_B	165	Pulse	99	2520000	6517	NA
MAXED_1055_Day_B	166	Picture	stage2_lose	2521147	0	1	10163	1	0	next	other	0
MAXED_1055_Day_B	167	Picture	stage1	2531311	0	1	3166	1	0	next	false_alarm	375
MAXED_1055_Day_B	167	Response	2	2534288	2977	1
MAXED_1055_Day_B	168	Picture	stage1_box	2534476	0	1	7664	1	0	next	other	0
MAXED_1055_Day_B	168	Pulse	99	2540000	5524	NA
MAXED_1055_Day_B	169	Picture	stage1_outcome	2542140	0	1	167	1	0	next	other	0
MAXED_1055_Day_B	170	Picture	stage2B	2542307	0	1	3832	1	0	next	false_alarm	380
MAXED_1055_Day_B	170	Response	1	2545966	3659	1
MAXED_1055_Day_B	171	Picture	stage2_box	2546139	0	1	7664	1	0	next	other	0
MAXED_1055_Day_B	172	Picture	stage2_up	2553803	0	1	7664	1	0	next	other	0
MAXED_1055_Day_B	172	Pulse	99	2560000	6197	NA
MAXED_1055_Day_B	173	Picture	stage2_lose	2561467	0	1	10163	1	0	next	other	0
MAXED_1055_Day_B	174	Picture	stage1	2571630	0	1	4332	1	0	next	false_alarm	386
MAXED_1055_Day_B	174	Response	1	2575798	4167	1
MAXED_1055_Day_B	175	Picture	stage1_box	2575962	0	1	7664	1	0	next	other	0
MAXED_1055_Day_B	175	Pulse	99	2580000	4038	NA
MAXED_1055_Day_B	176	Picture	stage1_outcome	2583626	0	1	167	1	0	next	other	0
MAXED_1055_Day_B	177	Picture	stage2B	2583793	0	1	6331	1	0	next	false_alarm	391
MAXED_1055_Day_B	177	Response	1	2590042	6249	1
MAXED_1055_Day_B	178	Picture	stage2_box	2590124	0	1	7664	1	0	next	other	0
MAXED_1055_Day_B	179	Picture	stage2_up	2597788	0	1	7664	1	0	next	other	0
MAXED_1055_Day_B	179	Pulse	99	2600000	2212	NA
MAXED_1055_Day_B	180	Picture	stage2_win	2605452	0	1	10163	1	0	next	other	0
MAXED_1055_Day_B	181	Picture	stage1	2615616	0	1	5665	1	0	next	false_alarm	398
MAXED_1055_Day_B	181	Pulse	99	2620000	4384	NA
MAXED_1055_Day_B	181	Response	2	2621134	5518	1
MAXED_1055_Day_B	182	Picture	stage1_box	2621280	0	1	7664	1	0	next	other	0
MAXED_1055_Day_B	183	Picture	stage1_outcome	2628944	0	1	167	1	0	next	other	0
MAXED_1055_Day_B	184	Picture	stage2B	2629111	0	1	5498	1	0	next	false_alarm	402
MAXED_1055_Day_B	184	Response	1	2634540	5429	1
MAXED_1055_Day_B	185	Picture	stage2_box	2634609	0	1	7664	1	0	next	other	0
MAXED_1055_Day_B	185	Pulse	99	2640000	5391	NA
MAXED_1055_Day_B	186	Picture	stage2_up	2642273	0	1	7664	1	0	next	other	0
MAXED_1055_Day_B	187	Picture	stage2_win	2649937	0	1	10163	1	0	next	other	0
MAXED_1055_Day_B	187	Pulse	99	2660000	10063	NA
MAXED_1055_Day_B	188	Picture	stage1	2660100	0	1	5665	1	0	next	false_alarm	409
MAXED_1055_Day_B	188	Response	2	2665677	5577	1
MAXED_1055_Day_B	189	Picture	stage1_box	2665765	0	1	7664	1	0	next	other	0
MAXED_1055_Day_B	190	Picture	stage1_outcome	2673429	0	1	167	1	0	next	other	0
MAXED_1055_Day_B	191	Picture	stage2B	2673596	0	1	5498	1	0	next	false_alarm	413
MAXED_1055_Day_B	191	Response	1	2678986	5390	1
MAXED_1055_Day_B	192	Picture	stage2_box	2679094	0	1	7664	1	0	next	other	0
MAXED_1055_Day_B	192	Pulse	99	2680000	906	NA
MAXED_1055_Day_B	193	Picture	stage2_up	2686758	0	1	7664	1	0	next	other	0
MAXED_1055_Day_B	194	Picture	stage2_win	2694422	0	1	10163	1	0	next	other	0
MAXED_1055_Day_B	194	Pulse	99	2700000	5578	NA
MAXED_1055_Day_B	195	Picture	stage1	2704585	0	1	8664	1	0	next	false_alarm	420
MAXED_1055_Day_B	195	Response	2	2713098	8512	1
MAXED_1055_Day_B	196	Picture	stage1_box	2713249	0	1	7664	1	0	next	other	0
MAXED_1055_Day_B	196	Pulse	99	2720000	6751	NA
MAXED_1055_Day_B	197	Picture	stage1_outcome	2720913	0	1	167	1	0	next	other	0
MAXED_1055_Day_B	198	Picture	stage2B	2721080	0	1	8330	1	0	next	false_alarm	425
MAXED_1055_Day_B	198	Response	1	2729360	8280	1
MAXED_1055_Day_B	199	Picture	stage2_box	2729410	0	1	7664	1	0	next	other	0
MAXED_1055_Day_B	200	Picture	stage2_up	2737074	0	1	7664	1	0	next	other	0
MAXED_1055_Day_B	200	Pulse	99	2740000	2926	NA
MAXED_1055_Day_B	201	Picture	stage2_win	2744739	0	1	10163	1	0	next	other	0
MAXED_1055_Day_B	202	Picture	stage1	2754902	0	1	5332	1	0	next	false_alarm	432
MAXED_1055_Day_B	202	Pulse	99	2760000	5098	NA
MAXED_1055_Day_B	202	Response	2	2760156	5254	1
MAXED_1055_Day_B	203	Picture	stage1_box	2760233	0	1	7664	1	0	next	other	0
MAXED_1055_Day_B	204	Picture	stage1_outcome	2767897	0	1	166	1	0	next	other	0
MAXED_1055_Day_B	205	Picture	stage2B	2768064	0	1	10039	3	0	next	false_alarm	436
MAXED_1055_Day_B	205	Response	1	2778019	9955	2
MAXED_1055_Day_B	206	Picture	stage2_box	2778103	0	3	7667	3	0	next	other	0
MAXED_1055_Day_B	206	Pulse	99	2780000	1897	NA
MAXED_1055_Day_B	207	Picture	stage2_up	2785770	0	1	7664	1	0	next	other	0
MAXED_1055_Day_B	208	Picture	stage2_win	2793434	0	1	10163	1	0	next	other	0
MAXED_1055_Day_B	208	Pulse	99	2800000	6566	NA
MAXED_1055_Day_B	209	Picture	stage1	2803597	0	1	8830	1	0	next	false_alarm	443
MAXED_1055_Day_B	209	Response	1	2812379	8782	1
MAXED_1055_Day_B	210	Picture	stage1_box	2812427	0	1	7664	1	0	next	other	0
MAXED_1055_Day_B	210	Pulse	99	2820000	7573	NA
MAXED_1055_Day_B	211	Picture	stage1_outcome	2820091	0	1	167	1	0	next	other	0
MAXED_1055_Day_B	212	Picture	stage2B	2820258	0	1	7331	1	0	next	false_alarm	448
MAXED_1055_Day_B	212	Response	1	2827504	7246	1
MAXED_1055_Day_B	213	Picture	stage2_box	2827589	0	1	7664	1	0	next	other	0
MAXED_1055_Day_B	214	Picture	stage2_up	2835253	0	1	7664	1	0	next	other	0
MAXED_1055_Day_B	214	Pulse	99	2840000	4747	NA
MAXED_1055_Day_B	215	Picture	stage2_lose	2842917	0	1	10163	1	0	next	other	0
MAXED_1055_Day_B	216	Picture	stage1	2853080	0	1	17994	1	0	next	false_alarm	455
MAXED_1055_Day_B	216	Pulse	99	2860000	6920	NA
MAXED_1055_Day_B	216	Response	2	2871000	17919	1
MAXED_1055_Day_B	217	Picture	stage1_box	2871074	0	1	7659	6	0	next	other	0
MAXED_1055_Day_B	218	Picture	stage1_outcome	2878733	0	6	172	6	0	next	other	0
MAXED_1055_Day_B	219	Picture	stage2A	2878905	0	1	16328	1	0	next	false_alarm	460
MAXED_1055_Day_B	219	Pulse	99	2880000	1095	NA
MAXED_1055_Day_B	219	Response	1	2895122	16217	1
MAXED_1055_Day_B	220	Picture	stage2_box	2895233	0	1	7664	1	0	next	other	0
MAXED_1055_Day_B	220	Pulse	99	2900000	4767	NA
MAXED_1055_Day_B	221	Picture	stage2_up	2902897	0	1	7664	1	0	next	other	0
MAXED_1055_Day_B	222	Picture	stage2_lose	2910561	0	1	10163	1	0	next	other	0
MAXED_1055_Day_B	222	Pulse	99	2920000	9439	NA
MAXED_1055_Day_B	223	Pulse	99	2940000	19276	NA
MAXED_1055_Day_B	223	Pulse	99	2960000	39276	NA
MAXED_1055_Day_B	223	Pulse	99	2980000	59276	NA
MAXED_1055_Day_B	223	Pulse	99	3000000	79276	NA
MAXED_1055_Day_B	223	Pulse	99	3020000	99276	NA
MAXED_1055_Day_B	223	Pulse	99	3040000	119276	NA
MAXED_1055_Day_B	223	Pulse	99	3060000	139276	NA
MAXED_1055_Day_B	223	Pulse	99	3080000	159276	NA
MAXED_1055_Day_B	223	Pulse	99	3100000	179276	NA
MAXED_1055_Day_B	223	Pulse	99	3120000	199276	NA
MAXED_1055_Day_B	223	Pulse	99	3140000	219276	NA
MAXED_1055_Day_B	223	Pulse	99	3160000	239276	NA
MAXED_1055_Day_B	223	Pulse	99	3180000	259276	NA
MAXED_1055_Day_B	223	Pulse	99	3200000	279276	NA
MAXED_1055_Day_B	223	Pulse	99	3220000	299276	NA
MAXED_1055_Day_B	223	Pulse	99	3240000	319276	NA
MAXED_1055_Day_B	223	Pulse	99	3260000	339276	NA
MAXED_1055_Day_B	223	Pulse	99	3280000	359276	NA
MAXED_1055_Day_B	223	Pulse	99	3300000	379276	NA
MAXED_1055_Day_B	223	Pulse	99	3320000	399276	NA
MAXED_1055_Day_B	223	Pulse	99	3340000	419276	NA
MAXED_1055_Day_B	223	Pulse	99	3360000	439276	NA
MAXED_1055_Day_B	223	Pulse	99	3380000	459276	NA
MAXED_1055_Day_B	223	Pulse	99	3400000	479276	NA
MAXED_1055_Day_B	223	Pulse	99	3420000	499276	NA
MAXED_1055_Day_B	223	Pulse	99	3440000	519276	NA
MAXED_1055_Day_B	223	Pulse	99	3460000	539276	NA
MAXED_1055_Day_B	223	Pulse	99	3480000	559276	NA
MAXED_1055_Day_B	223	Pulse	99	3500000	579276	NA
MAXED_1055_Day_B	223	Pulse	99	3520000	599276	NA
MAXED_1055_Day_B	223	Pulse	99	3540000	619276	NA
MAXED_1055_Day_B	223	Pulse	99	3560000	639276	NA
MAXED_1055_Day_B	223	Pulse	99	3580000	659276	NA
MAXED_1055_Day_B	223	Pulse	99	3600000	679276	NA
MAXED_1055_Day_B	223	Pulse	99	3620000	699276	NA
MAXED_1055_Day_B	223	Pulse	99	3640000	719276	NA
MAXED_1055_Day_B	223	Pulse	99	3660000	739276	NA
MAXED_1055_Day_B	223	Pulse	99	3680000	759276	NA
MAXED_1055_Day_B	223	Pulse	99	3700000	779276	NA
MAXED_1055_Day_B	223	Pulse	99	3720000	799276	NA
MAXED_1055_Day_B	223	Pulse	99	3740000	819276	NA
MAXED_1055_Day_B	223	Pulse	99	3760000	839276	NA
MAXED_1055_Day_B	223	Pulse	99	3780000	859276	NA
MAXED_1055_Day_B	223	Pulse	99	3800000	879276	NA
MAXED_1055_Day_B	223	Pulse	99	3820000	899276	NA
MAXED_1055_Day_B	223	Pulse	99	3840000	919276	NA
MAXED_1055_Day_B	223	Pulse	99	3860000	939276	NA
MAXED_1055_Day_B	223	Quit		3869052	948328	NA
