Scenario - 
Logfile written - 12/02/2022 17:18:54

Subject	Trial	Event Type	Code	Time	TTime	Uncertainty	Duration	Uncertainty	ReqTime	ReqDur	Stim Type	Pair Index

maxed_1045_day_A	0	Pulse	99	0	0	NA
maxed_1045_day_A	1	Picture	instructions_1	333	0	1	139352	1	0	next	false_alarm	9
maxed_1045_day_A	1	Pulse	99	20000	19667	NA
maxed_1045_day_A	1	Pulse	99	40000	39667	NA
maxed_1045_day_A	1	Pulse	99	60000	59667	NA
maxed_1045_day_A	1	Pulse	99	80000	79667	NA
maxed_1045_day_A	1	Pulse	99	100000	99667	NA
maxed_1045_day_A	1	Pulse	99	120000	119667	NA
maxed_1045_day_A	1	Response	88	139629	139296	1
maxed_1045_day_A	2	Picture	instructions_2	139686	0	1	176067	1	0	next	false_alarm	19
maxed_1045_day_A	2	Pulse	99	140000	314	NA
maxed_1045_day_A	2	Pulse	99	160000	20314	NA
maxed_1045_day_A	2	Pulse	99	180000	40314	NA
maxed_1045_day_A	2	Pulse	99	200000	60314	NA
maxed_1045_day_A	2	Pulse	99	220000	80314	NA
maxed_1045_day_A	2	Pulse	99	240000	100314	NA
maxed_1045_day_A	2	Pulse	99	260000	120314	NA
maxed_1045_day_A	2	Pulse	99	280000	140314	NA
maxed_1045_day_A	2	Response	2	298175	158489	1
maxed_1045_day_A	2	Pulse	99	300000	160314	NA
maxed_1045_day_A	2	Response	88	315575	175889	1
maxed_1045_day_A	3	Picture	instructions_3	315753	0	1	76691	1	0	next	false_alarm	27
maxed_1045_day_A	3	Pulse	99	320000	4247	NA
maxed_1045_day_A	3	Pulse	99	340000	24247	NA
maxed_1045_day_A	3	Pulse	99	360000	44247	NA
maxed_1045_day_A	3	Pulse	99	380000	64247	NA
maxed_1045_day_A	3	Response	88	392388	76635	1
maxed_1045_day_A	4	Picture	instructions_4	392444	0	1	107739	1	0	next	false_alarm	35
maxed_1045_day_A	4	Pulse	99	400000	7556	NA
maxed_1045_day_A	4	Pulse	99	420000	27556	NA
maxed_1045_day_A	4	Pulse	99	440000	47556	NA
maxed_1045_day_A	4	Pulse	99	460000	67556	NA
maxed_1045_day_A	4	Pulse	99	480000	87556	NA
maxed_1045_day_A	4	Pulse	99	500000	107556	NA
maxed_1045_day_A	4	Response	88	500127	107683	1
maxed_1045_day_A	5	Picture	instructions_5	500183	0	1	65981	1	0	next	false_alarm	40
maxed_1045_day_A	5	Pulse	99	520000	19817	NA
maxed_1045_day_A	5	Pulse	99	540000	39817	NA
maxed_1045_day_A	5	Pulse	99	560000	59817	NA
maxed_1045_day_A	5	Response	88	566108	65925	1
maxed_1045_day_A	6	Picture	instructions_6	566164	0	1	60736	1	0	next	false_alarm	45
maxed_1045_day_A	6	Pulse	99	580000	13836	NA
maxed_1045_day_A	6	Pulse	99	600000	33836	NA
maxed_1045_day_A	6	Pulse	99	620000	53836	NA
maxed_1045_day_A	6	Response	88	626844	60680	1
maxed_1045_day_A	7	Picture	instructions_7	626900	0	1	137797	1	0	next	false_alarm	54
maxed_1045_day_A	7	Pulse	99	640000	13100	NA
maxed_1045_day_A	7	Pulse	99	660000	33100	NA
maxed_1045_day_A	7	Pulse	99	680000	53100	NA
maxed_1045_day_A	7	Pulse	99	700000	73100	NA
maxed_1045_day_A	7	Pulse	99	720000	93100	NA
maxed_1045_day_A	7	Pulse	99	740000	113100	NA
maxed_1045_day_A	7	Pulse	99	760000	133100	NA
maxed_1045_day_A	7	Response	88	764640	137740	1
maxed_1045_day_A	8	Picture	instructions_8	764697	0	1	65037	1	0	next	false_alarm	59
maxed_1045_day_A	8	Pulse	99	780000	15303	NA
maxed_1045_day_A	8	Pulse	99	800000	35303	NA
maxed_1045_day_A	8	Pulse	99	820000	55303	NA
maxed_1045_day_A	8	Response	88	829679	64982	1
maxed_1045_day_A	9	Picture	instructions_9	829734	0	1	248930	1	0	next	false_alarm	73
maxed_1045_day_A	9	Pulse	99	840000	10266	NA
maxed_1045_day_A	9	Pulse	99	860000	30266	NA
maxed_1045_day_A	9	Pulse	99	880000	50266	NA
maxed_1045_day_A	9	Pulse	99	900000	70266	NA
maxed_1045_day_A	9	Pulse	99	920000	90266	NA
maxed_1045_day_A	9	Pulse	99	940000	110266	NA
maxed_1045_day_A	9	Pulse	99	960000	130266	NA
maxed_1045_day_A	9	Pulse	99	980000	150266	NA
maxed_1045_day_A	9	Pulse	99	1000000	170266	NA
maxed_1045_day_A	9	Pulse	99	1020000	190266	NA
maxed_1045_day_A	9	Pulse	99	1040000	210266	NA
maxed_1045_day_A	9	Pulse	99	1060000	230266	NA
maxed_1045_day_A	9	Response	88	1078609	248875	1
maxed_1045_day_A	10	Picture	instructions_10	1078665	0	1	133639	1	0	next	false_alarm	82
maxed_1045_day_A	10	Pulse	99	1080000	1335	NA
maxed_1045_day_A	10	Pulse	99	1100000	21335	NA
maxed_1045_day_A	10	Pulse	99	1120000	41335	NA
maxed_1045_day_A	10	Pulse	99	1140000	61335	NA
maxed_1045_day_A	10	Pulse	99	1160000	81335	NA
maxed_1045_day_A	10	Pulse	99	1180000	101335	NA
maxed_1045_day_A	10	Pulse	99	1200000	121335	NA
maxed_1045_day_A	10	Response	88	1212247	133582	1
maxed_1045_day_A	11	Picture	instructions_11	1212304	0	1	124385	1	0	next	false_alarm	90
maxed_1045_day_A	11	Pulse	99	1220000	7696	NA
maxed_1045_day_A	11	Pulse	99	1240000	27696	NA
maxed_1045_day_A	11	Pulse	99	1260000	47696	NA
maxed_1045_day_A	11	Pulse	99	1280000	67696	NA
maxed_1045_day_A	11	Pulse	99	1300000	87696	NA
maxed_1045_day_A	11	Pulse	99	1320000	107696	NA
maxed_1045_day_A	11	Response	88	1336626	124323	1
maxed_1045_day_A	12	Picture	instructions_12	1336689	0	1	39100	1	0	next	false_alarm	94
maxed_1045_day_A	12	Pulse	99	1340000	3311	NA
maxed_1045_day_A	12	Pulse	99	1360000	23311	NA
maxed_1045_day_A	12	Response	88	1375733	39044	1
maxed_1045_day_A	13	Picture	instructions_13	1375789	0	1	199759	1	0	next	false_alarm	106
maxed_1045_day_A	13	Pulse	99	1380000	4211	NA
maxed_1045_day_A	13	Pulse	99	1400000	24211	NA
maxed_1045_day_A	13	Pulse	99	1420000	44211	NA
maxed_1045_day_A	13	Pulse	99	1440000	64211	NA
maxed_1045_day_A	13	Pulse	99	1460000	84211	NA
maxed_1045_day_A	13	Pulse	99	1480000	104211	NA
maxed_1045_day_A	13	Pulse	99	1500000	124211	NA
maxed_1045_day_A	13	Pulse	99	1520000	144211	NA
maxed_1045_day_A	13	Pulse	99	1540000	164211	NA
maxed_1045_day_A	13	Pulse	99	1560000	184211	NA
maxed_1045_day_A	13	Response	88	1575497	199708	1
maxed_1045_day_A	14	Picture	fixation	1575549	0	1	5063	1	0	next	other	0
maxed_1045_day_A	14	Pulse	99	1580000	4451	NA
maxed_1045_day_A	15	Picture	stage1	1580611	0	1	54610	1	0	next	other	0
maxed_1045_day_A	15	Pulse	99	1600000	19389	NA
maxed_1045_day_A	15	Pulse	99	1620000	39389	NA
maxed_1045_day_A	15	Quit		1631029	50418	NA
