Scenario - 
Logfile written - 05/11/2023 17:40:34

Subject	Trial	Event Type	Code	Time	TTime	Uncertainty	Duration	Uncertainty	ReqTime	ReqDur	Stim Type	Pair Index

MAXED_1054_DayA	0	Pulse	99	0	0	NA
MAXED_1054_DayA	1	Picture	instructions_1	500	0	1	185341	1	0	next	false_alarm	12
MAXED_1054_DayA	1	Pulse	99	20000	19500	NA
MAXED_1054_DayA	1	Pulse	99	40000	39500	NA
MAXED_1054_DayA	1	Pulse	99	60000	59500	NA
MAXED_1054_DayA	1	Pulse	99	80000	79500	NA
MAXED_1054_DayA	1	Pulse	99	100000	99500	NA
MAXED_1054_DayA	1	Pulse	99	120000	119500	NA
MAXED_1054_DayA	1	Pulse	99	140000	139500	NA
MAXED_1054_DayA	1	Pulse	99	160000	159500	NA
MAXED_1054_DayA	1	Pulse	99	180000	179500	NA
MAXED_1054_DayA	1	Response	88	185611	185111	1
MAXED_1054_DayA	2	Picture	instructions_2	185841	0	1	55573	1	0	next	false_alarm	17
MAXED_1054_DayA	2	Pulse	99	200000	14159	NA
MAXED_1054_DayA	2	Pulse	99	220000	34159	NA
MAXED_1054_DayA	2	Pulse	99	240000	54159	NA
MAXED_1054_DayA	2	Response	88	241184	55343	1
MAXED_1054_DayA	3	Picture	instructions_3	241413	0	1	76967	1	0	next	false_alarm	22
MAXED_1054_DayA	3	Pulse	99	260000	18587	NA
MAXED_1054_DayA	3	Pulse	99	280000	38587	NA
MAXED_1054_DayA	3	Pulse	99	300000	58587	NA
MAXED_1054_DayA	3	Response	88	318151	76738	1
MAXED_1054_DayA	4	Picture	instructions_4	318381	0	1	60788	1	0	next	false_alarm	27
MAXED_1054_DayA	4	Pulse	99	320000	1619	NA
MAXED_1054_DayA	4	Pulse	99	340000	21619	NA
MAXED_1054_DayA	4	Pulse	99	360000	41619	NA
MAXED_1054_DayA	4	Response	88	378939	60559	1
MAXED_1054_DayA	5	Picture	instructions_5	379168	0	1	70119	1	0	next	false_alarm	33
MAXED_1054_DayA	5	Pulse	99	380000	832	NA
MAXED_1054_DayA	5	Pulse	99	400000	20832	NA
MAXED_1054_DayA	5	Pulse	99	420000	40832	NA
MAXED_1054_DayA	5	Pulse	99	440000	60832	NA
MAXED_1054_DayA	5	Response	88	449154	69986	1
MAXED_1054_DayA	6	Picture	instructions_6	449287	0	1	32106	1	0	next	false_alarm	37
MAXED_1054_DayA	6	Pulse	99	460000	10713	NA
MAXED_1054_DayA	6	Pulse	99	480000	30713	NA
MAXED_1054_DayA	6	Response	88	481180	31893	1
MAXED_1054_DayA	7	Picture	instructions_7	481393	0	1	72215	1	0	next	false_alarm	42
MAXED_1054_DayA	7	Pulse	99	500000	18607	NA
MAXED_1054_DayA	7	Pulse	99	520000	38607	NA
MAXED_1054_DayA	7	Pulse	99	540000	58607	NA
MAXED_1054_DayA	7	Response	88	553379	71986	1
MAXED_1054_DayA	8	Picture	instructions_8	553608	0	1	49466	1	0	next	false_alarm	47
MAXED_1054_DayA	8	Pulse	99	560000	6392	NA
MAXED_1054_DayA	8	Pulse	99	580000	26392	NA
MAXED_1054_DayA	8	Pulse	99	600000	46392	NA
MAXED_1054_DayA	8	Response	88	602980	49373	1
MAXED_1054_DayA	9	Picture	instructions_9	603073	0	1	20739	1	0	next	false_alarm	50
MAXED_1054_DayA	9	Pulse	99	620000	16927	NA
MAXED_1054_DayA	9	Response	88	623689	20615	1
MAXED_1054_DayA	10	Picture	instructions_10	623813	0	1	58804	1	0	next	false_alarm	55
MAXED_1054_DayA	10	Pulse	99	640000	16187	NA
MAXED_1054_DayA	10	Pulse	99	660000	36187	NA
MAXED_1054_DayA	10	Pulse	99	680000	56187	NA
MAXED_1054_DayA	10	Response	88	682413	58600	1
MAXED_1054_DayA	11	Picture	instructions_11	682616	0	1	64107	1	0	next	false_alarm	60
MAXED_1054_DayA	11	Pulse	99	700000	17384	NA
MAXED_1054_DayA	11	Pulse	99	720000	37384	NA
MAXED_1054_DayA	11	Pulse	99	740000	57384	NA
MAXED_1054_DayA	11	Response	88	746639	64023	1
MAXED_1054_DayA	12	Picture	instructions_12	746723	0	1	39137	1	0	next	false_alarm	64
MAXED_1054_DayA	12	Pulse	99	760000	13277	NA
MAXED_1054_DayA	12	Pulse	99	780000	33277	NA
MAXED_1054_DayA	12	Response	88	785631	38908	1
MAXED_1054_DayA	13	Picture	instructions_13	785861	0	1	66027	1	0	next	false_alarm	69
MAXED_1054_DayA	13	Pulse	99	800000	14139	NA
MAXED_1054_DayA	13	Pulse	99	820000	34139	NA
MAXED_1054_DayA	13	Pulse	99	840000	54139	NA
MAXED_1054_DayA	13	Response	88	851667	65806	1
MAXED_1054_DayA	14	Picture	instructions_14	851887	0	1	13233	1	0	next	false_alarm	72
MAXED_1054_DayA	14	Pulse	99	860000	8113	NA
MAXED_1054_DayA	14	Response	88	864891	13004	1
MAXED_1054_DayA	15	Picture	instructions_15	865121	0	1	61731	1	0	next	false_alarm	77
MAXED_1054_DayA	15	Pulse	99	880000	14879	NA
MAXED_1054_DayA	15	Pulse	99	900000	34879	NA
MAXED_1054_DayA	15	Pulse	99	920000	54879	NA
MAXED_1054_DayA	15	Response	88	926623	61502	1
MAXED_1054_DayA	16	Picture	instructions_16	926852	0	1	31017	1	0	next	false_alarm	80
MAXED_1054_DayA	16	Pulse	99	940000	13148	NA
MAXED_1054_DayA	16	Response	88	957734	30882	1
MAXED_1054_DayA	17	Picture	instructions_17	957869	0	1	8182	1	0	next	false_alarm	83
MAXED_1054_DayA	17	Pulse	99	960000	2131	NA
MAXED_1054_DayA	17	Response	88	965819	7950	1
MAXED_1054_DayA	18	Picture	instructions_18	966051	0	1	40556	1	0	next	false_alarm	87
MAXED_1054_DayA	18	Pulse	99	980000	13949	NA
MAXED_1054_DayA	18	Pulse	99	1000000	33949	NA
MAXED_1054_DayA	18	Response	88	1006378	40327	1
MAXED_1054_DayA	19	Picture	instructions_19	1006607	0	1	60998	1	0	next	false_alarm	92
MAXED_1054_DayA	19	Pulse	99	1020000	13393	NA
MAXED_1054_DayA	19	Pulse	99	1040000	33393	NA
MAXED_1054_DayA	19	Pulse	99	1060000	53393	NA
MAXED_1054_DayA	19	Response	88	1067376	60769	1
MAXED_1054_DayA	20	Picture	instructions_20	1067605	0	1	52082	1	0	next	false_alarm	96
MAXED_1054_DayA	20	Pulse	99	1080000	12395	NA
MAXED_1054_DayA	20	Pulse	99	1100000	32395	NA
MAXED_1054_DayA	20	Response	88	1119458	51852	1
MAXED_1054_DayA	21	Picture	instructions_21	1119687	0	1	54866	1	0	next	false_alarm	101
MAXED_1054_DayA	21	Pulse	99	1120000	313	NA
MAXED_1054_DayA	21	Pulse	99	1140000	20313	NA
MAXED_1054_DayA	21	Pulse	99	1160000	40313	NA
MAXED_1054_DayA	21	Response	88	1174377	54690	1
MAXED_1054_DayA	22	Picture	instructions_22	1174553	0	1	12241	1	0	next	false_alarm	104
MAXED_1054_DayA	22	Pulse	99	1180000	5447	NA
MAXED_1054_DayA	22	Response	88	1186564	12012	1
MAXED_1054_DayA	23	Picture	instructions_23	1186794	0	1	32987	1	0	next	false_alarm	107
MAXED_1054_DayA	23	Pulse	99	1200000	13206	NA
MAXED_1054_DayA	23	Response	88	1219551	32757	1
MAXED_1054_DayA	24	Picture	instructions_24	1219780	0	1	70613	1	0	next	false_alarm	113
MAXED_1054_DayA	24	Pulse	99	1220000	220	NA
MAXED_1054_DayA	24	Pulse	99	1240000	20220	NA
MAXED_1054_DayA	24	Pulse	99	1260000	40220	NA
MAXED_1054_DayA	24	Pulse	99	1280000	60220	NA
MAXED_1054_DayA	24	Response	88	1290164	70384	1
MAXED_1054_DayA	25	Picture	instructions_25	1290394	0	1	29755	1	0	next	false_alarm	116
MAXED_1054_DayA	25	Pulse	99	1300000	9606	NA
MAXED_1054_DayA	25	Response	88	1319916	29522	1
MAXED_1054_DayA	25	Pulse	99	1320000	29606	NA
MAXED_1054_DayA	26	Picture	instructions_26	1320148	0	1	52922	1	0	next	false_alarm	121
MAXED_1054_DayA	26	Pulse	99	1340000	19852	NA
MAXED_1054_DayA	26	Pulse	99	1360000	39852	NA
MAXED_1054_DayA	26	Response	88	1372843	52695	1
MAXED_1054_DayA	27	Picture	instructions_27	1373071	0	1	41331	1	0	next	false_alarm	125
MAXED_1054_DayA	27	Pulse	99	1380000	6929	NA
MAXED_1054_DayA	27	Pulse	99	1400000	26929	NA
MAXED_1054_DayA	27	Response	88	1414172	41101	1
MAXED_1054_DayA	28	Picture	instructions_28	1414401	0	1	22589	1	0	next	false_alarm	128
MAXED_1054_DayA	28	Pulse	99	1420000	5599	NA
MAXED_1054_DayA	28	Response	88	1436760	22359	1
MAXED_1054_DayA	29	Picture	instructions_29	1436990	0	1	13534	1	0	next	false_alarm	131
MAXED_1054_DayA	29	Pulse	99	1440000	3010	NA
MAXED_1054_DayA	29	Response	88	1450384	13393	1
MAXED_1054_DayA	30	Picture	instructions_30	1450525	0	1	104609	1	0	next	false_alarm	138
MAXED_1054_DayA	30	Pulse	99	1460000	9475	NA
MAXED_1054_DayA	30	Pulse	99	1480000	29475	NA
MAXED_1054_DayA	30	Pulse	99	1500000	49475	NA
MAXED_1054_DayA	30	Pulse	99	1520000	69475	NA
MAXED_1054_DayA	30	Pulse	99	1540000	89475	NA
MAXED_1054_DayA	30	Response	88	1554905	104381	1
MAXED_1054_DayA	31	Picture	instructions_31	1555134	0	1	53258	1	0	next	false_alarm	143
MAXED_1054_DayA	31	Pulse	99	1560000	4866	NA
MAXED_1054_DayA	31	Pulse	99	1580000	24866	NA
MAXED_1054_DayA	31	Pulse	99	1600000	44866	NA
MAXED_1054_DayA	31	Response	88	1608164	53030	1
MAXED_1054_DayA	32	Picture	instructions_32	1608392	0	1	54634	1	0	next	false_alarm	148
MAXED_1054_DayA	32	Pulse	99	1620000	11608	NA
MAXED_1054_DayA	32	Pulse	99	1640000	31608	NA
MAXED_1054_DayA	32	Pulse	99	1660000	51608	NA
MAXED_1054_DayA	32	Response	88	1662950	54558	1
MAXED_1054_DayA	33	Picture	instructions_33	1663026	0	1	57020	1	0	next	false_alarm	152
MAXED_1054_DayA	33	Pulse	99	1680000	16974	NA
MAXED_1054_DayA	33	Pulse	99	1700000	36974	NA
MAXED_1054_DayA	33	Response	88	1719818	56792	1
MAXED_1054_DayA	33	Pulse	99	1720000	56974	NA
MAXED_1054_DayA	34	Picture	instructions_34	1720047	0	1	53909	1	0	next	false_alarm	157
MAXED_1054_DayA	34	Pulse	99	1740000	19953	NA
MAXED_1054_DayA	34	Pulse	99	1760000	39953	NA
MAXED_1054_DayA	34	Response	88	1773769	53722	1
MAXED_1054_DayA	35	Picture	instructions_35	1773956	0	1	63365	1	0	next	false_alarm	162
MAXED_1054_DayA	35	Pulse	99	1780000	6045	NA
MAXED_1054_DayA	35	Pulse	99	1800000	26045	NA
MAXED_1054_DayA	35	Pulse	99	1820000	46045	NA
MAXED_1054_DayA	35	Response	88	1837100	63145	1
MAXED_1054_DayA	36	Picture	instructions_36	1837320	0	1	61993	1	0	next	false_alarm	167
MAXED_1054_DayA	36	Pulse	99	1840000	2680	NA
MAXED_1054_DayA	36	Pulse	99	1860000	22680	NA
MAXED_1054_DayA	36	Pulse	99	1880000	42680	NA
MAXED_1054_DayA	36	Response	88	1899084	61764	1
MAXED_1054_DayA	37	Picture	instructions_37	1899313	0	1	32985	1	0	next	false_alarm	171
MAXED_1054_DayA	37	Pulse	99	1900000	687	NA
MAXED_1054_DayA	37	Pulse	99	1920000	20687	NA
MAXED_1054_DayA	37	Response	88	1932239	32926	1
MAXED_1054_DayA	38	Picture	instructions_38	1932298	0	1	38681	1	0	next	false_alarm	175
MAXED_1054_DayA	38	Pulse	99	1940000	7702	NA
MAXED_1054_DayA	38	Pulse	99	1960000	27702	NA
MAXED_1054_DayA	38	Response	88	1970921	38623	1
MAXED_1054_DayA	39	Picture	instructions_39	1970979	0	1	53511	1	0	next	false_alarm	180
MAXED_1054_DayA	39	Pulse	99	1980000	9021	NA
MAXED_1054_DayA	39	Pulse	99	2000000	29021	NA
MAXED_1054_DayA	39	Pulse	99	2020000	49021	NA
MAXED_1054_DayA	39	Response	88	2024429	53450	1
MAXED_1054_DayA	40	Picture	instructions_40	2024490	0	1	44183	1	0	next	false_alarm	184
MAXED_1054_DayA	40	Pulse	99	2040000	15510	NA
MAXED_1054_DayA	40	Pulse	99	2060000	35510	NA
MAXED_1054_DayA	40	Response	88	2068614	44124	1
MAXED_1054_DayA	41	Picture	instructions_41	2068673	0	1	44359	1	0	next	false_alarm	188
MAXED_1054_DayA	41	Pulse	99	2080000	11327	NA
MAXED_1054_DayA	41	Pulse	99	2100000	31327	NA
MAXED_1054_DayA	41	Response	88	2112872	44199	1
MAXED_1054_DayA	42	Picture	instructions_42	2113032	0	1	40115	1	0	next	false_alarm	192
MAXED_1054_DayA	42	Pulse	99	2120000	6968	NA
MAXED_1054_DayA	42	Pulse	99	2140000	26968	NA
MAXED_1054_DayA	42	Response	88	2153089	40056	1
MAXED_1054_DayA	43	Picture	instructions_43	2153147	0	1	30280	1	0	next	false_alarm	196
MAXED_1054_DayA	43	Pulse	99	2160000	6853	NA
MAXED_1054_DayA	43	Pulse	99	2180000	26853	NA
MAXED_1054_DayA	43	Response	88	2183369	30222	1
MAXED_1054_DayA	44	Picture	instructions_44	2183427	0	1	52636	1	0	next	false_alarm	200
MAXED_1054_DayA	44	Pulse	99	2200000	16573	NA
MAXED_1054_DayA	44	Pulse	99	2220000	36573	NA
MAXED_1054_DayA	44	Response	88	2236005	52578	1
MAXED_1054_DayA	45	Picture	instructions_45	2236063	0	1	24474	1	0	next	false_alarm	204
MAXED_1054_DayA	45	Pulse	99	2240000	3937	NA
MAXED_1054_DayA	45	Pulse	99	2260000	23937	NA
MAXED_1054_DayA	45	Response	88	2260478	24415	1
MAXED_1054_DayA	46	Picture	instructions_46	2260537	0	1	23928	1	0	next	false_alarm	207
MAXED_1054_DayA	46	Pulse	99	2280000	19463	NA
MAXED_1054_DayA	46	Response	88	2284411	23874	1
MAXED_1054_DayA	47	Picture	fixation	2284465	0	1	5165	1	0	next	other	0
MAXED_1054_DayA	48	Picture	stage1	2289630	0	1	11496	1	0	next	false_alarm	211
MAXED_1054_DayA	48	Pulse	99	2300000	10370	NA
MAXED_1054_DayA	48	Response	1	2301039	11409	1
MAXED_1054_DayA	49	Picture	stage1_box	2301126	0	1	7664	1	0	next	other	0
MAXED_1054_DayA	50	Picture	stage1_outcome	2308790	0	1	167	1	0	next	other	0
MAXED_1054_DayA	51	Picture	stage2B	2308957	0	1	10996	1	0	next	false_alarm	215
MAXED_1054_DayA	51	Response	1	2319750	10793	1
MAXED_1054_DayA	52	Picture	stage2_box	2319953	0	1	7664	1	0	next	other	0
MAXED_1054_DayA	52	Pulse	99	2320000	47	NA
MAXED_1054_DayA	53	Picture	stage2_up	2327617	0	1	7664	1	0	next	other	0
MAXED_1054_DayA	54	Picture	stage2_win	2335281	0	1	10051	1	0	next	other	0
MAXED_1054_DayA	54	Pulse	99	2340000	4719	NA
MAXED_1054_DayA	55	Picture	stage1	2345332	0	1	12329	1	0	next	false_alarm	222
MAXED_1054_DayA	55	Response	2	2357514	12182	1
MAXED_1054_DayA	56	Picture	stage1_box	2357661	0	1	7664	1	0	next	other	0
MAXED_1054_DayA	56	Pulse	99	2360000	2339	NA
MAXED_1054_DayA	57	Picture	stage1_outcome	2365325	0	1	167	1	0	next	other	0
MAXED_1054_DayA	58	Picture	stage2B	2365492	0	1	15328	1	0	next	false_alarm	228
MAXED_1054_DayA	58	Pulse	99	2380000	14508	NA
MAXED_1054_DayA	58	Response	1	2380717	15225	1
MAXED_1054_DayA	59	Picture	stage2_box	2380820	0	1	7664	1	0	next	other	0
MAXED_1054_DayA	60	Picture	stage2_up	2388484	0	1	7549	1	0	next	other	0
MAXED_1054_DayA	61	Picture	stage2_win	2396034	0	1	10163	1	0	next	other	0
MAXED_1054_DayA	61	Pulse	99	2400000	3966	NA
MAXED_1054_DayA	62	Picture	stage1	2406197	0	1	11989	1	0	next	false_alarm	234
MAXED_1054_DayA	62	Response	2	2418135	11939	1
MAXED_1054_DayA	63	Picture	stage1_box	2418186	0	1	7644	1	0	next	other	0
MAXED_1054_DayA	63	Pulse	99	2420000	1814	NA
MAXED_1054_DayA	64	Picture	stage1_outcome	2425830	0	1	167	1	0	next	other	0
MAXED_1054_DayA	65	Picture	stage2B	2425997	0	1	8172	1	0	next	false_alarm	239
MAXED_1054_DayA	65	Response	1	2434119	8122	1
MAXED_1054_DayA	66	Picture	stage2_box	2434169	0	1	7664	1	0	next	other	0
MAXED_1054_DayA	66	Pulse	99	2440000	5831	NA
MAXED_1054_DayA	67	Picture	stage2_up	2441833	0	1	7664	1	0	next	other	0
MAXED_1054_DayA	68	Picture	stage2_win	2449497	0	1	10163	1	0	next	other	0
MAXED_1054_DayA	69	Picture	stage1	2459660	0	1	6331	1	0	next	false_alarm	246
MAXED_1054_DayA	69	Pulse	99	2460000	340	NA
MAXED_1054_DayA	69	Response	2	2465888	6227	1
MAXED_1054_DayA	70	Picture	stage1_box	2465992	0	1	7533	1	0	next	other	0
MAXED_1054_DayA	71	Picture	stage1_outcome	2473524	0	1	167	1	0	next	other	0
MAXED_1054_DayA	72	Picture	stage2B	2473691	0	1	6915	1	0	next	false_alarm	251
MAXED_1054_DayA	72	Pulse	99	2480000	6309	NA
MAXED_1054_DayA	72	Response	1	2480556	6865	1
MAXED_1054_DayA	73	Picture	stage2_box	2480606	0	1	7664	1	0	next	other	0
MAXED_1054_DayA	74	Picture	stage2_up	2488270	0	1	7664	1	0	next	other	0
MAXED_1054_DayA	75	Picture	stage2_lose	2495935	0	1	10202	1	0	next	other	0
MAXED_1054_DayA	75	Pulse	99	2500000	4065	NA
MAXED_1054_DayA	76	Picture	stage1	2506137	0	1	9920	1	0	next	false_alarm	257
MAXED_1054_DayA	76	Response	1	2516008	9871	1
MAXED_1054_DayA	77	Picture	stage1_box	2516057	0	1	7550	1	0	next	other	0
MAXED_1054_DayA	77	Pulse	99	2520000	3943	NA
MAXED_1054_DayA	78	Picture	stage1_outcome	2523607	0	1	167	1	0	next	other	0
MAXED_1054_DayA	79	Picture	stage2A	2523773	0	1	8529	1	0	next	false_alarm	262
MAXED_1054_DayA	79	Response	1	2532248	8475	1
MAXED_1054_DayA	80	Picture	stage2_box	2532303	0	1	7550	1	0	next	other	0
MAXED_1054_DayA	81	Picture	stage2_up	2539852	0	1	7573	1	0	next	other	0
MAXED_1054_DayA	81	Pulse	99	2540000	148	NA
MAXED_1054_DayA	82	Picture	stage2_win	2547425	0	1	10050	1	0	next	other	0
MAXED_1054_DayA	83	Picture	stage1	2557476	0	1	12206	1	0	next	false_alarm	269
MAXED_1054_DayA	83	Pulse	99	2560000	2524	NA
MAXED_1054_DayA	83	Response	1	2569632	12156	1
MAXED_1054_DayA	84	Picture	stage1_box	2569682	0	1	7550	1	0	next	other	0
MAXED_1054_DayA	85	Picture	stage1_outcome	2577231	0	1	167	1	0	next	other	0
MAXED_1054_DayA	86	Picture	stage2A	2577398	0	1	7381	1	0	next	false_alarm	274
MAXED_1054_DayA	86	Pulse	99	2580000	2602	NA
MAXED_1054_DayA	86	Response	1	2584730	7332	1
MAXED_1054_DayA	87	Picture	stage2_box	2584778	0	1	7549	1	0	next	other	0
MAXED_1054_DayA	88	Picture	stage2_up	2592328	0	1	7550	1	0	next	other	0
MAXED_1054_DayA	89	Picture	stage2_win	2599878	0	1	10050	1	0	next	other	0
MAXED_1054_DayA	89	Pulse	99	2600000	122	NA
MAXED_1054_DayA	90	Picture	stage1	2609928	0	1	7426	1	0	next	false_alarm	280
MAXED_1054_DayA	90	Response	1	2617315	7387	1
MAXED_1054_DayA	91	Picture	stage1_box	2617354	0	1	7549	1	0	next	other	0
MAXED_1054_DayA	91	Pulse	99	2620000	2646	NA
MAXED_1054_DayA	92	Picture	stage1_outcome	2624903	0	1	167	1	0	next	other	0
MAXED_1054_DayA	93	Picture	stage2B	2625070	0	1	21895	1	0	next	false_alarm	286
MAXED_1054_DayA	93	Pulse	99	2640000	14930	NA
MAXED_1054_DayA	93	Response	1	2646915	21845	1
MAXED_1054_DayA	94	Picture	stage2_box	2646965	0	1	7664	1	0	next	other	0
MAXED_1054_DayA	95	Picture	stage2_up	2654629	0	1	7664	1	0	next	other	0
MAXED_1054_DayA	95	Pulse	99	2660000	5371	NA
MAXED_1054_DayA	96	Picture	stage2_win	2662293	0	1	10163	1	0	next	other	0
MAXED_1054_DayA	97	Picture	stage1	2672457	0	1	11829	1	0	next	false_alarm	293
MAXED_1054_DayA	97	Pulse	99	2680000	7544	NA
MAXED_1054_DayA	97	Response	1	2684215	11758	1
MAXED_1054_DayA	98	Picture	stage1_box	2684286	0	1	7550	1	0	next	other	0
MAXED_1054_DayA	99	Picture	stage1_outcome	2691835	0	1	167	1	0	next	other	0
MAXED_1054_DayA	100	Picture	stage2A	2692002	0	1	7850	1	0	next	false_alarm	297
MAXED_1054_DayA	100	Response	1	2699802	7800	1
MAXED_1054_DayA	101	Picture	stage2_box	2699852	0	1	7702	1	0	next	other	0
MAXED_1054_DayA	101	Pulse	99	2700000	148	NA
MAXED_1054_DayA	102	Picture	stage2_up	2707554	0	1	7550	1	0	next	other	0
MAXED_1054_DayA	103	Picture	stage2_lose	2715103	0	1	10050	1	0	next	other	0
MAXED_1054_DayA	103	Pulse	99	2720000	4897	NA
MAXED_1054_DayA	104	Picture	stage1	2725154	0	1	7870	1	0	next	false_alarm	304
MAXED_1054_DayA	104	Response	1	2732834	7680	1
MAXED_1054_DayA	105	Picture	stage1_box	2733024	0	1	7550	1	0	next	other	0
MAXED_1054_DayA	105	Pulse	99	2740000	6976	NA
MAXED_1054_DayA	106	Picture	stage1_outcome	2740574	0	1	167	1	0	next	other	0
MAXED_1054_DayA	107	Picture	stage2A	2740740	0	1	9350	1	0	next	false_alarm	309
MAXED_1054_DayA	107	Response	2	2750037	9297	1
MAXED_1054_DayA	108	Picture	stage2_box	2750090	0	1	7550	1	0	next	other	0
MAXED_1054_DayA	109	Picture	stage2_up	2757640	0	1	7574	1	0	next	other	0
MAXED_1054_DayA	109	Pulse	99	2760000	2360	NA
MAXED_1054_DayA	110	Picture	stage2_win	2765214	0	1	10135	1	0	next	other	0
MAXED_1054_DayA	111	Picture	stage1	2775349	0	1	6041	1	0	next	false_alarm	316
MAXED_1054_DayA	111	Pulse	99	2780000	4651	NA
MAXED_1054_DayA	111	Response	1	2781198	5849	1
MAXED_1054_DayA	112	Picture	stage1_box	2781390	0	1	7549	1	0	next	other	0
MAXED_1054_DayA	113	Picture	stage1_outcome	2788939	0	1	167	1	0	next	other	0
MAXED_1054_DayA	114	Picture	stage2A	2789106	0	1	6920	1	0	next	false_alarm	320
MAXED_1054_DayA	114	Response	2	2795974	6868	1
MAXED_1054_DayA	115	Picture	stage2_box	2796026	0	1	7550	1	0	next	other	0
MAXED_1054_DayA	115	Pulse	99	2800000	3974	NA
MAXED_1054_DayA	116	Picture	stage2_up	2803576	0	1	7550	1	0	next	other	0
MAXED_1054_DayA	117	Picture	stage2_win	2811126	0	1	10050	1	0	next	other	0
MAXED_1054_DayA	117	Pulse	99	2820000	8874	NA
MAXED_1054_DayA	118	Picture	stage1	2821176	0	1	8466	1	0	next	false_alarm	327
MAXED_1054_DayA	118	Response	1	2829592	8416	1
MAXED_1054_DayA	119	Picture	stage1_box	2829642	0	1	7550	1	0	next	other	0
MAXED_1054_DayA	120	Picture	stage1_outcome	2837192	0	1	167	1	0	next	other	0
MAXED_1054_DayA	121	Picture	stage2A	2837358	0	1	7636	1	0	next	false_alarm	332
MAXED_1054_DayA	121	Pulse	99	2840000	2642	NA
MAXED_1054_DayA	121	Response	2	2844960	7601	1
MAXED_1054_DayA	122	Picture	stage2_box	2844995	0	1	7550	1	0	next	other	0
MAXED_1054_DayA	123	Picture	stage2_up	2852544	0	1	7667	1	0	next	other	0
MAXED_1054_DayA	123	Pulse	99	2860000	7456	NA
MAXED_1054_DayA	124	Picture	stage2_lose	2860211	0	1	10050	1	0	next	other	0
MAXED_1054_DayA	125	Picture	stage1	2870261	0	1	10770	1	0	next	false_alarm	339
MAXED_1054_DayA	125	Pulse	99	2880000	9739	NA
MAXED_1054_DayA	125	Response	2	2880981	10720	1
MAXED_1054_DayA	126	Picture	stage1_box	2881031	0	1	7549	1	0	next	other	0
MAXED_1054_DayA	127	Picture	stage1_outcome	2888580	0	1	167	1	0	next	other	0
MAXED_1054_DayA	128	Picture	stage2B	2888747	0	1	7632	4	0	next	false_alarm	343
MAXED_1054_DayA	128	Response	2	2896328	7581	1
MAXED_1054_DayA	129	Picture	stage2_box	2896379	0	4	7668	4	0	next	other	0
MAXED_1054_DayA	129	Pulse	99	2900000	3621	NA
MAXED_1054_DayA	130	Picture	stage2_up	2904047	0	1	7664	1	0	next	other	0
MAXED_1054_DayA	131	Picture	stage2_win	2911711	0	1	10163	1	0	next	other	0
MAXED_1054_DayA	131	Pulse	99	2920000	8289	NA
MAXED_1054_DayA	132	Picture	stage1	2921874	0	1	9830	1	0	next	false_alarm	350
MAXED_1054_DayA	132	Response	2	2931646	9772	1
MAXED_1054_DayA	133	Picture	stage1_box	2931704	0	1	7550	1	0	next	other	0
MAXED_1054_DayA	134	Picture	stage1_outcome	2939254	0	1	167	1	0	next	other	0
MAXED_1054_DayA	135	Picture	stage2B	2939420	0	1	8110	1	0	next	false_alarm	355
MAXED_1054_DayA	135	Pulse	99	2940000	580	NA
MAXED_1054_DayA	135	Response	2	2947480	8060	1
MAXED_1054_DayA	136	Picture	stage2_box	2947530	0	1	7664	1	0	next	other	0
MAXED_1054_DayA	137	Picture	stage2_up	2955194	0	1	7664	1	0	next	other	0
MAXED_1054_DayA	137	Pulse	99	2960000	4806	NA
MAXED_1054_DayA	138	Picture	stage2_lose	2962858	0	1	10050	1	0	next	other	0
MAXED_1054_DayA	139	Picture	stage1	2972908	0	1	7070	1	0	next	false_alarm	361
MAXED_1054_DayA	139	Response	2	2979929	7020	1
MAXED_1054_DayA	140	Picture	stage1_box	2979978	0	1	7585	1	0	next	other	0
MAXED_1054_DayA	140	Pulse	99	2980000	22	NA
MAXED_1054_DayA	141	Picture	stage1_outcome	2987563	0	1	167	1	0	next	other	0
MAXED_1054_DayA	142	Picture	stage2A	2987730	0	1	18149	1	0	next	false_alarm	367
MAXED_1054_DayA	142	Pulse	99	3000000	12270	NA
MAXED_1054_DayA	142	Response	1	3005828	18099	1
MAXED_1054_DayA	143	Picture	stage2_box	3005878	0	1	7550	1	0	next	other	0
MAXED_1054_DayA	144	Picture	stage2_up	3013428	0	1	7549	1	0	next	other	0
MAXED_1054_DayA	144	Pulse	99	3020000	6572	NA
MAXED_1054_DayA	145	Picture	stage2_win	3020978	0	1	10050	1	0	next	other	0
MAXED_1054_DayA	146	Picture	stage1	3031028	0	1	20628	1	0	next	false_alarm	374
MAXED_1054_DayA	146	Pulse	99	3040000	8972	NA
MAXED_1054_DayA	146	Response	2	3051538	20510	1
MAXED_1054_DayA	147	Picture	stage1_box	3051656	0	1	7549	1	0	next	other	0
MAXED_1054_DayA	148	Picture	stage1_outcome	3059205	0	1	167	1	0	next	other	0
MAXED_1054_DayA	149	Picture	stage2B	3059371	0	1	11511	1	0	next	false_alarm	379
MAXED_1054_DayA	149	Pulse	99	3060000	629	NA
MAXED_1054_DayA	149	Response	1	3070832	11461	1
MAXED_1054_DayA	150	Picture	stage2_box	3070882	0	1	7664	1	0	next	other	0
MAXED_1054_DayA	151	Picture	stage2_up	3078546	0	1	7664	1	0	next	other	0
MAXED_1054_DayA	151	Pulse	99	3080000	1454	NA
MAXED_1054_DayA	152	Picture	stage2_win	3086210	0	1	10163	1	0	next	other	0
MAXED_1054_DayA	153	Picture	stage1	3096374	0	1	8331	1	0	next	false_alarm	386
MAXED_1054_DayA	153	Pulse	99	3100000	3627	NA
MAXED_1054_DayA	153	Response	2	3104654	8281	1
MAXED_1054_DayA	154	Picture	stage1_box	3104704	0	1	7550	1	0	next	other	0
MAXED_1054_DayA	155	Picture	stage1_outcome	3112254	0	1	167	1	0	next	other	0
MAXED_1054_DayA	156	Picture	stage2B	3112420	0	1	8753	1	0	next	false_alarm	391
MAXED_1054_DayA	156	Pulse	99	3120000	7580	NA
MAXED_1054_DayA	156	Response	1	3121123	8702	1
MAXED_1054_DayA	157	Picture	stage2_box	3121173	0	1	7664	1	0	next	other	0
MAXED_1054_DayA	158	Picture	stage2_up	3128837	0	1	7664	1	0	next	other	0
MAXED_1054_DayA	159	Picture	stage2_lose	3136501	0	1	10097	1	0	next	other	0
MAXED_1054_DayA	159	Pulse	99	3140000	3499	NA
MAXED_1054_DayA	160	Picture	stage1	3146599	0	1	6609	1	0	next	false_alarm	397
MAXED_1054_DayA	160	Response	1	3153158	6559	1
MAXED_1054_DayA	161	Picture	stage1_box	3153208	0	1	7550	1	0	next	other	0
MAXED_1054_DayA	161	Pulse	99	3160000	6792	NA
MAXED_1054_DayA	162	Picture	stage1_outcome	3160758	0	1	167	1	0	next	other	0
MAXED_1054_DayA	163	Picture	stage2B	3160924	0	1	10498	1	0	next	false_alarm	402
MAXED_1054_DayA	163	Response	2	3171372	10448	1
MAXED_1054_DayA	164	Picture	stage2_box	3171422	0	1	7664	1	0	next	other	0
MAXED_1054_DayA	165	Picture	stage2_up	3179087	0	1	7664	1	0	next	other	0
MAXED_1054_DayA	165	Pulse	99	3180000	913	NA
MAXED_1054_DayA	166	Picture	stage2_win	3186751	0	1	10163	1	0	next	other	0
MAXED_1054_DayA	167	Picture	stage1	3196914	0	1	11663	1	0	next	false_alarm	409
MAXED_1054_DayA	167	Pulse	99	3200000	3086	NA
MAXED_1054_DayA	167	Response	1	3208522	11609	1
MAXED_1054_DayA	168	Picture	stage1_box	3208577	0	1	7550	1	0	next	other	0
MAXED_1054_DayA	169	Picture	stage1_outcome	3216127	0	1	167	1	0	next	other	0
MAXED_1054_DayA	170	Picture	stage2A	3216293	0	1	23111	1	0	next	false_alarm	414
MAXED_1054_DayA	170	Pulse	99	3220000	3707	NA
MAXED_1054_DayA	170	Response	2	3239354	23061	1
MAXED_1054_DayA	171	Picture	stage2_box	3239404	0	1	7560	1	0	next	other	0
MAXED_1054_DayA	171	Pulse	99	3240000	596	NA
MAXED_1054_DayA	172	Picture	stage2_up	3246964	0	1	7550	1	0	next	other	0
MAXED_1054_DayA	173	Picture	stage2_win	3254515	0	1	10050	1	0	next	other	0
MAXED_1054_DayA	173	Pulse	99	3260000	5485	NA
MAXED_1054_DayA	174	Picture	stage1	3264565	0	1	7057	1	0	next	false_alarm	421
MAXED_1054_DayA	174	Response	1	3271572	7008	1
MAXED_1054_DayA	175	Picture	stage1_box	3271622	0	1	7680	1	0	next	other	0
MAXED_1054_DayA	176	Picture	stage1_outcome	3279302	0	1	167	1	0	next	other	0
MAXED_1054_DayA	177	Picture	stage2A	3279468	0	1	7975	1	0	next	false_alarm	426
MAXED_1054_DayA	177	Pulse	99	3280000	532	NA
MAXED_1054_DayA	177	Response	2	3287393	7925	1
MAXED_1054_DayA	178	Picture	stage2_box	3287443	0	1	7611	1	0	next	other	0
MAXED_1054_DayA	179	Picture	stage2_up	3295054	0	1	7550	1	0	next	other	0
MAXED_1054_DayA	179	Pulse	99	3300000	4946	NA
MAXED_1054_DayA	180	Picture	stage2_lose	3302604	0	1	10050	1	0	next	other	0
MAXED_1054_DayA	181	Picture	stage1	3312654	0	1	8459	1	0	next	false_alarm	433
MAXED_1054_DayA	181	Pulse	99	3320000	7346	NA
MAXED_1054_DayA	181	Response	2	3321017	8363	1
MAXED_1054_DayA	182	Picture	stage1_box	3321112	0	1	7549	1	0	next	other	0
MAXED_1054_DayA	183	Picture	stage1_outcome	3328661	0	1	167	1	0	next	other	0
MAXED_1054_DayA	184	Picture	stage2A	3328828	0	1	13112	1	0	next	false_alarm	438
MAXED_1054_DayA	184	Pulse	99	3340000	11172	NA
MAXED_1054_DayA	184	Response	1	3341890	13062	1
MAXED_1054_DayA	185	Picture	stage2_box	3341940	0	1	7550	1	0	next	other	0
MAXED_1054_DayA	186	Picture	stage2_up	3349490	0	1	7550	1	0	next	other	0
MAXED_1054_DayA	187	Picture	stage2_win	3357040	0	1	10050	1	0	next	other	0
MAXED_1054_DayA	187	Pulse	99	3360000	2960	NA
MAXED_1054_DayA	188	Picture	stage1	3367090	0	1	9358	1	0	next	false_alarm	444
MAXED_1054_DayA	188	Response	2	3376397	9307	1
MAXED_1054_DayA	189	Picture	stage1_box	3376448	0	1	7550	1	0	next	other	0
MAXED_1054_DayA	189	Pulse	99	3380000	3552	NA
MAXED_1054_DayA	190	Picture	stage1_outcome	3383997	0	1	167	1	0	next	other	0
MAXED_1054_DayA	191	Picture	stage2B	3384164	0	1	18355	1	0	next	false_alarm	450
MAXED_1054_DayA	191	Pulse	99	3400000	15836	NA
MAXED_1054_DayA	191	Response	1	3402468	18304	1
MAXED_1054_DayA	192	Picture	stage2_box	3402519	0	1	7664	1	0	next	other	0
MAXED_1054_DayA	193	Picture	stage2_up	3410183	0	1	7664	1	0	next	other	0
MAXED_1054_DayA	194	Picture	stage2_win	3417847	0	1	10163	1	0	next	other	0
MAXED_1054_DayA	194	Pulse	99	3420000	2153	NA
MAXED_1054_DayA	195	Picture	stage1	3428010	0	1	9830	1	0	next	false_alarm	456
MAXED_1054_DayA	195	Response	2	3437779	9769	1
MAXED_1054_DayA	196	Picture	stage1_box	3437840	0	1	7550	1	0	next	other	0
MAXED_1054_DayA	196	Pulse	99	3440000	2160	NA
MAXED_1054_DayA	197	Picture	stage1_outcome	3445390	0	1	167	1	0	next	other	0
MAXED_1054_DayA	198	Picture	stage2B	3445556	0	1	6615	1	0	next	false_alarm	461
MAXED_1054_DayA	198	Response	1	3452122	6566	1
MAXED_1054_DayA	199	Picture	stage2_box	3452172	0	1	7664	1	0	next	other	0
MAXED_1054_DayA	200	Picture	stage2_up	3459836	0	1	7664	1	0	next	other	0
MAXED_1054_DayA	200	Pulse	99	3460000	164	NA
MAXED_1054_DayA	201	Picture	stage2_lose	3467500	0	1	10050	1	0	next	other	0
MAXED_1054_DayA	202	Picture	stage1	3477550	0	1	5655	1	0	next	false_alarm	468
MAXED_1054_DayA	202	Pulse	99	3480000	2450	NA
MAXED_1054_DayA	202	Response	1	3483155	5605	1
MAXED_1054_DayA	203	Picture	stage1_box	3483205	0	1	7612	1	0	next	other	0
MAXED_1054_DayA	204	Picture	stage1_outcome	3490816	0	1	167	1	0	next	other	0
MAXED_1054_DayA	205	Picture	stage2A	3490983	0	1	11122	1	0	next	false_alarm	473
MAXED_1054_DayA	205	Pulse	99	3500000	9017	NA
MAXED_1054_DayA	205	Response	1	3501969	10986	1
MAXED_1054_DayA	206	Picture	stage2_box	3502105	0	1	7539	1	0	next	other	0
MAXED_1054_DayA	207	Picture	stage2_up	3509643	0	1	7573	1	0	next	other	0
MAXED_1054_DayA	208	Picture	stage2_lose	3517217	0	1	10050	1	0	next	other	0
MAXED_1054_DayA	208	Pulse	99	3520000	2783	NA
MAXED_1054_DayA	209	Picture	stage1	3527267	0	1	4764	1	0	next	false_alarm	479
MAXED_1054_DayA	209	Response	1	3531981	4714	1
MAXED_1054_DayA	210	Picture	stage1_box	3532030	0	1	7550	1	0	next	other	0
MAXED_1054_DayA	211	Picture	stage1_outcome	3539580	0	1	167	1	0	next	other	0
MAXED_1054_DayA	212	Picture	stage2B	3539747	0	1	10186	1	0	next	false_alarm	484
MAXED_1054_DayA	212	Pulse	99	3540000	253	NA
MAXED_1054_DayA	212	Response	2	3549829	10082	1
MAXED_1054_DayA	213	Picture	stage2_box	3549932	0	1	7631	1	0	next	other	0
MAXED_1054_DayA	214	Picture	stage2_up	3557563	0	1	7575	1	0	next	other	0
MAXED_1054_DayA	214	Pulse	99	3560000	2437	NA
MAXED_1054_DayA	215	Picture	stage2_lose	3565138	0	1	10050	1	0	next	other	0
MAXED_1054_DayA	216	Picture	stage1	3575188	0	1	8856	1	0	next	false_alarm	491
MAXED_1054_DayA	216	Pulse	99	3580000	4812	NA
MAXED_1054_DayA	216	Response	1	3583995	8806	1
MAXED_1054_DayA	217	Picture	stage1_box	3584044	0	1	7619	1	0	next	other	0
MAXED_1054_DayA	218	Picture	stage1_outcome	3591663	0	1	167	1	0	next	other	0
MAXED_1054_DayA	219	Picture	stage2B	3591830	0	1	9053	1	0	next	false_alarm	496
MAXED_1054_DayA	219	Pulse	99	3600000	8170	NA
MAXED_1054_DayA	219	Response	1	3600833	9003	1
MAXED_1054_DayA	220	Picture	stage2_box	3600883	0	1	7664	1	0	next	other	0
MAXED_1054_DayA	221	Picture	stage2_up	3608547	0	1	7664	1	0	next	other	0
MAXED_1054_DayA	222	Picture	stage2_lose	3616211	0	1	10054	1	0	next	other	0
MAXED_1054_DayA	222	Pulse	99	3620000	3789	NA
MAXED_1054_DayA	223	Pulse	99	3640000	13735	NA
MAXED_1054_DayA	223	Pulse	99	3660000	33735	NA
MAXED_1054_DayA	223	Response	2	3664126	37862	1
MAXED_1054_DayA	223	Pulse	99	3680000	53735	NA
MAXED_1054_DayA	223	Response	88	3682562	56297	1
