Scenario - 
Logfile written - 11/07/2022 17:51:42

Subject	Trial	Event Type	Code	Time	TTime	Uncertainty	Duration	Uncertainty	ReqTime	ReqDur	Stim Type	Pair Index

MAXED_1042_Day_A	0	Pulse	99	0	0	NA
MAXED_1042_Day_A	1	Picture	instructions_1	666	0	1	158403	1	0	next	false_alarm	10
MAXED_1042_Day_A	1	Pulse	99	20000	19334	NA
MAXED_1042_Day_A	1	Pulse	99	40000	39334	NA
MAXED_1042_Day_A	1	Pulse	99	60000	59334	NA
MAXED_1042_Day_A	1	Pulse	99	80000	79334	NA
MAXED_1042_Day_A	1	Pulse	99	100000	99334	NA
MAXED_1042_Day_A	1	Pulse	99	120000	119334	NA
MAXED_1042_Day_A	1	Pulse	99	140000	139334	NA
MAXED_1042_Day_A	1	Response	2	145507	144841	1
MAXED_1042_Day_A	1	Response	88	159007	158341	1
MAXED_1042_Day_A	2	Picture	instructions_2	159070	0	1	28126	1	0	next	false_alarm	15
MAXED_1042_Day_A	2	Pulse	99	160000	930	NA
MAXED_1042_Day_A	2	Pulse	99	180000	20930	NA
MAXED_1042_Day_A	2	Response	88	186967	27898	1
MAXED_1042_Day_A	3	Picture	instructions_3	187196	0	1	30096	1	0	next	false_alarm	18
MAXED_1042_Day_A	3	Pulse	99	200000	12804	NA
MAXED_1042_Day_A	3	Response	88	217232	30036	1
MAXED_1042_Day_A	4	Picture	instructions_4	217292	0	1	22406	1	0	next	false_alarm	21
MAXED_1042_Day_A	4	Pulse	99	220000	2708	NA
MAXED_1042_Day_A	4	Response	88	239471	22179	1
MAXED_1042_Day_A	5	Picture	instructions_5	239698	0	1	42185	1	0	next	false_alarm	26
MAXED_1042_Day_A	5	Pulse	99	240000	302	NA
MAXED_1042_Day_A	5	Pulse	99	260000	20302	NA
MAXED_1042_Day_A	5	Pulse	99	280000	40302	NA
MAXED_1042_Day_A	5	Response	88	281655	41957	1
MAXED_1042_Day_A	6	Picture	instructions_6	281883	0	1	14572	1	0	next	false_alarm	28
MAXED_1042_Day_A	6	Response	88	296229	14346	1
MAXED_1042_Day_A	7	Picture	instructions_7	296455	0	1	64014	1	0	next	false_alarm	34
MAXED_1042_Day_A	7	Pulse	99	300000	3545	NA
MAXED_1042_Day_A	7	Pulse	99	320000	23545	NA
MAXED_1042_Day_A	7	Pulse	99	340000	43545	NA
MAXED_1042_Day_A	7	Pulse	99	360000	63545	NA
MAXED_1042_Day_A	7	Response	88	360407	63952	1
MAXED_1042_Day_A	8	Picture	instructions_8	360470	0	1	31448	1	0	next	false_alarm	37
MAXED_1042_Day_A	8	Pulse	99	380000	19530	NA
MAXED_1042_Day_A	8	Response	88	391859	31389	1
MAXED_1042_Day_A	9	Picture	instructions_9	391918	0	1	36446	1	0	next	false_alarm	41
MAXED_1042_Day_A	9	Pulse	99	400000	8082	NA
MAXED_1042_Day_A	9	Pulse	99	420000	28082	NA
MAXED_1042_Day_A	9	Response	88	428301	36383	1
MAXED_1042_Day_A	10	Picture	instructions_10	428364	0	1	85696	1	0	next	false_alarm	47
MAXED_1042_Day_A	10	Pulse	99	440000	11636	NA
MAXED_1042_Day_A	10	Pulse	99	460000	31636	NA
MAXED_1042_Day_A	10	Pulse	99	480000	51636	NA
MAXED_1042_Day_A	10	Pulse	99	500000	71636	NA
MAXED_1042_Day_A	10	Response	88	513835	85471	1
MAXED_1042_Day_A	11	Picture	instructions_11	514060	0	1	24918	1	0	next	false_alarm	50
MAXED_1042_Day_A	11	Pulse	99	520000	5940	NA
MAXED_1042_Day_A	11	Response	88	538776	24716	1
MAXED_1042_Day_A	12	Picture	instructions_12	538978	0	1	25546	1	0	next	false_alarm	54
MAXED_1042_Day_A	12	Pulse	99	540000	1022	NA
MAXED_1042_Day_A	12	Pulse	99	560000	21022	NA
MAXED_1042_Day_A	12	Response	88	564296	25319	1
MAXED_1042_Day_A	13	Picture	instructions_13	564524	0	1	20530	1	0	next	false_alarm	57
MAXED_1042_Day_A	13	Pulse	99	580000	15476	NA
MAXED_1042_Day_A	13	Response	88	584994	20470	1
MAXED_1042_Day_A	14	Picture	instructions_14	585054	0	1	20928	1	0	next	false_alarm	60
MAXED_1042_Day_A	14	Pulse	99	600000	14946	NA
MAXED_1042_Day_A	14	Response	88	605833	20779	1
MAXED_1042_Day_A	15	Picture	instructions_15	605982	0	1	34539	1	0	next	false_alarm	64
MAXED_1042_Day_A	15	Pulse	99	620000	14018	NA
MAXED_1042_Day_A	15	Pulse	99	640000	34018	NA
MAXED_1042_Day_A	15	Response	88	640294	34312	1
MAXED_1042_Day_A	16	Picture	instructions_16	640521	0	1	15765	1	0	next	false_alarm	66
MAXED_1042_Day_A	16	Response	88	656229	15708	1
MAXED_1042_Day_A	17	Picture	instructions_17	656287	0	1	14593	1	0	next	false_alarm	69
MAXED_1042_Day_A	17	Pulse	99	660000	3713	NA
MAXED_1042_Day_A	17	Response	88	670650	14363	1
MAXED_1042_Day_A	18	Picture	instructions_18	670879	0	1	16283	1	0	next	false_alarm	72
MAXED_1042_Day_A	18	Pulse	99	680000	9121	NA
MAXED_1042_Day_A	18	Response	88	687101	16222	1
MAXED_1042_Day_A	19	Picture	instructions_19	687162	0	1	75583	1	0	next	false_alarm	78
MAXED_1042_Day_A	19	Pulse	99	700000	12838	NA
MAXED_1042_Day_A	19	Pulse	99	720000	32838	NA
MAXED_1042_Day_A	19	Pulse	99	740000	52838	NA
MAXED_1042_Day_A	19	Pulse	99	760000	72838	NA
MAXED_1042_Day_A	19	Response	88	762684	75521	1
MAXED_1042_Day_A	20	Picture	instructions_20	762745	0	1	44887	1	0	next	false_alarm	82
MAXED_1042_Day_A	20	Pulse	99	780000	17255	NA
MAXED_1042_Day_A	20	Pulse	99	800000	37255	NA
MAXED_1042_Day_A	20	Response	88	807405	44660	1
MAXED_1042_Day_A	21	Picture	instructions_21	807632	0	1	56917	1	0	next	false_alarm	87
MAXED_1042_Day_A	21	Pulse	99	820000	12368	NA
MAXED_1042_Day_A	21	Pulse	99	840000	32368	NA
MAXED_1042_Day_A	21	Pulse	99	860000	52368	NA
MAXED_1042_Day_A	21	Response	88	864486	56854	1
MAXED_1042_Day_A	22	Picture	instructions_22	864549	0	1	16226	1	0	next	false_alarm	90
MAXED_1042_Day_A	22	Pulse	99	880000	15451	NA
MAXED_1042_Day_A	22	Response	88	880608	16059	1
MAXED_1042_Day_A	23	Picture	instructions_23	880776	0	1	41780	1	0	next	false_alarm	94
MAXED_1042_Day_A	23	Pulse	99	900000	19224	NA
MAXED_1042_Day_A	23	Pulse	99	920000	39224	NA
MAXED_1042_Day_A	23	Response	88	922494	41718	1
MAXED_1042_Day_A	24	Picture	instructions_24	922556	0	1	22860	1	0	next	false_alarm	97
MAXED_1042_Day_A	24	Pulse	99	940000	17444	NA
MAXED_1042_Day_A	24	Response	88	945188	22632	1
MAXED_1042_Day_A	25	Picture	instructions_25	945416	0	1	19993	1	0	next	false_alarm	100
MAXED_1042_Day_A	25	Pulse	99	960000	14584	NA
MAXED_1042_Day_A	25	Response	88	965350	19934	1
MAXED_1042_Day_A	26	Picture	instructions_26	965409	0	1	23759	1	0	next	false_alarm	103
MAXED_1042_Day_A	26	Pulse	99	980000	14591	NA
MAXED_1042_Day_A	26	Response	88	988969	23560	1
MAXED_1042_Day_A	27	Picture	instructions_27	989168	0	1	30413	1	0	next	false_alarm	106
MAXED_1042_Day_A	27	Pulse	99	1000000	10832	NA
MAXED_1042_Day_A	27	Response	88	1019519	30351	1
MAXED_1042_Day_A	28	Picture	instructions_28	1019581	0	1	30579	1	0	next	false_alarm	110
MAXED_1042_Day_A	28	Pulse	99	1020000	419	NA
MAXED_1042_Day_A	28	Pulse	99	1040000	20419	NA
MAXED_1042_Day_A	28	Response	88	1050097	30516	1
MAXED_1042_Day_A	29	Picture	instructions_29	1050159	0	1	39255	1	0	next	false_alarm	114
MAXED_1042_Day_A	29	Pulse	99	1060000	9841	NA
MAXED_1042_Day_A	29	Pulse	99	1080000	29841	NA
MAXED_1042_Day_A	29	Response	88	1089186	39026	1
MAXED_1042_Day_A	30	Picture	instructions_30	1089415	0	1	128766	1	0	next	false_alarm	122
MAXED_1042_Day_A	30	Pulse	99	1100000	10585	NA
MAXED_1042_Day_A	30	Pulse	99	1120000	30585	NA
MAXED_1042_Day_A	30	Pulse	99	1140000	50585	NA
MAXED_1042_Day_A	30	Pulse	99	1160000	70585	NA
MAXED_1042_Day_A	30	Pulse	99	1180000	90585	NA
MAXED_1042_Day_A	30	Pulse	99	1200000	110585	NA
MAXED_1042_Day_A	30	Response	2	1202859	113444	1
MAXED_1042_Day_A	30	Response	88	1217954	128539	1
MAXED_1042_Day_A	31	Picture	instructions_31	1218181	0	1	96364	1	0	next	false_alarm	129
MAXED_1042_Day_A	31	Pulse	99	1220000	1819	NA
MAXED_1042_Day_A	31	Pulse	99	1240000	21819	NA
MAXED_1042_Day_A	31	Pulse	99	1260000	41819	NA
MAXED_1042_Day_A	31	Pulse	99	1280000	61819	NA
MAXED_1042_Day_A	31	Response	2	1299318	81137	1
MAXED_1042_Day_A	31	Pulse	99	1300000	81819	NA
MAXED_1042_Day_A	31	Response	88	1314483	96302	1
MAXED_1042_Day_A	32	Picture	instructions_32	1314545	0	1	84005	1	0	next	false_alarm	137
MAXED_1042_Day_A	32	Pulse	99	1320000	5455	NA
MAXED_1042_Day_A	32	Pulse	99	1340000	25455	NA
MAXED_1042_Day_A	32	Pulse	99	1360000	45455	NA
MAXED_1042_Day_A	32	Pulse	99	1380000	65455	NA
MAXED_1042_Day_A	32	Response	88	1398489	83943	1
MAXED_1042_Day_A	33	Picture	instructions_33	1398551	0	1	64858	1	0	next	false_alarm	143
MAXED_1042_Day_A	33	Pulse	99	1400000	1449	NA
MAXED_1042_Day_A	33	Pulse	99	1420000	21449	NA
MAXED_1042_Day_A	33	Pulse	99	1440000	41449	NA
MAXED_1042_Day_A	33	Pulse	99	1460000	61449	NA
MAXED_1042_Day_A	33	Response	88	1463180	64629	1
MAXED_1042_Day_A	34	Picture	instructions_34	1463408	0	1	109536	1	0	next	false_alarm	150
MAXED_1042_Day_A	34	Pulse	99	1480000	16592	NA
MAXED_1042_Day_A	34	Pulse	99	1500000	36592	NA
MAXED_1042_Day_A	34	Pulse	99	1520000	56592	NA
MAXED_1042_Day_A	34	Pulse	99	1540000	76592	NA
MAXED_1042_Day_A	34	Pulse	99	1560000	96592	NA
MAXED_1042_Day_A	34	Response	88	1572715	109306	1
MAXED_1042_Day_A	35	Picture	instructions_35	1572944	0	1	106184	1	0	next	false_alarm	157
MAXED_1042_Day_A	35	Pulse	99	1580000	7056	NA
MAXED_1042_Day_A	35	Pulse	99	1600000	27056	NA
MAXED_1042_Day_A	35	Pulse	99	1620000	47056	NA
MAXED_1042_Day_A	35	Pulse	99	1640000	67056	NA
MAXED_1042_Day_A	35	Pulse	99	1660000	87056	NA
MAXED_1042_Day_A	35	Response	88	1678900	105956	1
MAXED_1042_Day_A	36	Picture	instructions_36	1679129	0	1	107216	1	0	next	false_alarm	165
MAXED_1042_Day_A	36	Pulse	99	1680000	871	NA
MAXED_1042_Day_A	36	Pulse	99	1700000	20871	NA
MAXED_1042_Day_A	36	Pulse	99	1720000	40871	NA
MAXED_1042_Day_A	36	Pulse	99	1740000	60871	NA
MAXED_1042_Day_A	36	Pulse	99	1760000	80871	NA
MAXED_1042_Day_A	36	Pulse	99	1780000	100871	NA
MAXED_1042_Day_A	36	Response	88	1786287	107158	1
MAXED_1042_Day_A	37	Picture	instructions_37	1786345	0	1	32825	1	0	next	false_alarm	168
MAXED_1042_Day_A	37	Pulse	99	1800000	13655	NA
MAXED_1042_Day_A	37	Response	88	1819111	32766	1
MAXED_1042_Day_A	38	Picture	instructions_38	1819170	0	1	31310	1	0	next	false_alarm	172
MAXED_1042_Day_A	38	Pulse	99	1820000	830	NA
MAXED_1042_Day_A	38	Pulse	99	1840000	20830	NA
MAXED_1042_Day_A	38	Response	88	1850423	31253	1
MAXED_1042_Day_A	39	Picture	instructions_39	1850480	0	1	65239	1	0	next	false_alarm	177
MAXED_1042_Day_A	39	Pulse	99	1860000	9520	NA
MAXED_1042_Day_A	39	Pulse	99	1880000	29520	NA
MAXED_1042_Day_A	39	Pulse	99	1900000	49520	NA
MAXED_1042_Day_A	39	Response	88	1915661	65181	1
MAXED_1042_Day_A	40	Picture	instructions_40	1915719	0	1	40523	1	0	next	false_alarm	181
MAXED_1042_Day_A	40	Pulse	99	1920000	4281	NA
MAXED_1042_Day_A	40	Pulse	99	1940000	24281	NA
MAXED_1042_Day_A	40	Response	88	1956182	40463	1
MAXED_1042_Day_A	41	Picture	instructions_41	1956242	0	1	38040	1	0	next	false_alarm	185
MAXED_1042_Day_A	41	Pulse	99	1960000	3758	NA
MAXED_1042_Day_A	41	Pulse	99	1980000	23758	NA
MAXED_1042_Day_A	41	Response	88	1994223	37982	1
MAXED_1042_Day_A	42	Picture	instructions_42	1994281	0	1	60229	1	0	next	false_alarm	190
MAXED_1042_Day_A	42	Pulse	99	2000000	5719	NA
MAXED_1042_Day_A	42	Pulse	99	2020000	25719	NA
MAXED_1042_Day_A	42	Pulse	99	2040000	45719	NA
MAXED_1042_Day_A	42	Response	88	2054453	60172	1
MAXED_1042_Day_A	43	Picture	instructions_43	2054510	0	1	49586	1	0	next	false_alarm	195
MAXED_1042_Day_A	43	Pulse	99	2060000	5490	NA
MAXED_1042_Day_A	43	Pulse	99	2080000	25490	NA
MAXED_1042_Day_A	43	Pulse	99	2100000	45490	NA
MAXED_1042_Day_A	43	Response	88	2104038	49527	1
MAXED_1042_Day_A	44	Picture	instructions_44	2104096	0	1	81919	1	0	next	false_alarm	201
MAXED_1042_Day_A	44	Pulse	99	2120000	15904	NA
MAXED_1042_Day_A	44	Pulse	99	2140000	35904	NA
MAXED_1042_Day_A	44	Pulse	99	2160000	55904	NA
MAXED_1042_Day_A	44	Pulse	99	2180000	75904	NA
MAXED_1042_Day_A	44	Response	88	2185958	81862	1
MAXED_1042_Day_A	45	Picture	instructions_45	2186015	0	1	49577	1	0	next	false_alarm	205
MAXED_1042_Day_A	45	Pulse	99	2200000	13985	NA
MAXED_1042_Day_A	45	Pulse	99	2220000	33985	NA
MAXED_1042_Day_A	45	Response	88	2235533	49518	1
MAXED_1042_Day_A	46	Picture	instructions_46	2235592	0	1	21964	1	0	next	false_alarm	208
MAXED_1042_Day_A	46	Pulse	99	2240000	4408	NA
MAXED_1042_Day_A	46	Response	88	2257501	21910	1
MAXED_1042_Day_A	47	Picture	fixation	2257556	0	1	5165	1	0	next	other	0
MAXED_1042_Day_A	47	Pulse	99	2260000	2444	NA
MAXED_1042_Day_A	48	Picture	stage1	2262721	0	1	14662	1	0	next	false_alarm	212
MAXED_1042_Day_A	48	Response	2	2277204	14483	1
MAXED_1042_Day_A	49	Picture	stage1_box	2277383	0	1	7664	1	0	next	other	0
MAXED_1042_Day_A	49	Pulse	99	2280000	2617	NA
MAXED_1042_Day_A	50	Picture	stage1_outcome	2285047	0	1	167	1	0	next	other	0
MAXED_1042_Day_A	51	Picture	stage2B	2285213	0	1	12996	1	0	next	false_alarm	217
MAXED_1042_Day_A	51	Response	2	2298060	12847	10
MAXED_1042_Day_A	52	Picture	stage2_box	2298209	0	1	7664	1	0	next	other	0
MAXED_1042_Day_A	52	Pulse	99	2300000	1791	NA
MAXED_1042_Day_A	53	Picture	stage2_up	2305873	0	1	7664	1	0	next	other	0
MAXED_1042_Day_A	54	Picture	stage2_win	2313537	0	1	10163	1	0	next	other	0
MAXED_1042_Day_A	54	Pulse	99	2320000	6463	NA
MAXED_1042_Day_A	55	Picture	stage1	2323700	0	1	28824	1	0	next	false_alarm	224
MAXED_1042_Day_A	55	Response	88	2337615	13915	1
MAXED_1042_Day_A	55	Pulse	99	2340000	16300	NA
MAXED_1042_Day_A	55	Response	2	2352348	28648	1
MAXED_1042_Day_A	56	Picture	stage1_box	2352524	0	1	7664	1	0	next	other	0
MAXED_1042_Day_A	56	Pulse	99	2360000	7476	NA
MAXED_1042_Day_A	57	Picture	stage1_outcome	2360188	0	1	167	1	0	next	other	0
MAXED_1042_Day_A	58	Picture	stage2B	2360354	0	1	5332	1	0	next	false_alarm	231
MAXED_1042_Day_A	58	Response	2	2365615	5261	1
MAXED_1042_Day_A	59	Picture	stage2_box	2365686	0	1	7570	1	0	next	other	0
MAXED_1042_Day_A	60	Picture	stage2_up	2373255	0	1	7555	1	0	next	other	0
MAXED_1042_Day_A	60	Pulse	99	2380000	6745	NA
MAXED_1042_Day_A	61	Picture	stage2_lose	2380810	0	1	10052	1	0	next	other	0
MAXED_1042_Day_A	62	Picture	stage1	2390862	0	1	10898	1	0	next	false_alarm	238
MAXED_1042_Day_A	62	Pulse	99	2400000	9138	NA
MAXED_1042_Day_A	62	Response	1	2401596	10734	1
MAXED_1042_Day_A	63	Picture	stage1_box	2401760	0	1	7549	1	0	next	other	0
MAXED_1042_Day_A	64	Picture	stage1_outcome	2409309	0	1	167	1	0	next	other	0
MAXED_1042_Day_A	65	Picture	stage2A	2409476	0	1	12213	1	0	next	false_alarm	243
MAXED_1042_Day_A	65	Pulse	99	2420000	10524	NA
MAXED_1042_Day_A	65	Response	1	2421635	12159	1
MAXED_1042_Day_A	66	Picture	stage2_box	2421689	0	1	7550	1	0	next	other	0
MAXED_1042_Day_A	67	Picture	stage2_up	2429239	0	1	7549	1	0	next	other	0
MAXED_1042_Day_A	68	Picture	stage2_win	2436788	0	1	10050	1	0	next	other	0
MAXED_1042_Day_A	68	Pulse	99	2440000	3212	NA
MAXED_1042_Day_A	69	Picture	stage1	2446838	0	1	18763	1	0	next	false_alarm	250
MAXED_1042_Day_A	69	Pulse	99	2460000	13162	NA
MAXED_1042_Day_A	69	Response	1	2465552	18714	1
MAXED_1042_Day_A	70	Picture	stage1_box	2465602	0	1	7550	1	0	next	other	0
MAXED_1042_Day_A	71	Picture	stage1_outcome	2473151	0	1	167	1	0	next	other	0
MAXED_1042_Day_A	72	Picture	stage2A	2473318	0	1	10852	1	0	next	false_alarm	255
MAXED_1042_Day_A	72	Pulse	99	2480000	6682	NA
MAXED_1042_Day_A	72	Response	2	2484116	10798	1
MAXED_1042_Day_A	73	Picture	stage2_box	2484170	0	1	7550	1	0	next	other	0
MAXED_1042_Day_A	74	Picture	stage2_up	2491719	0	1	7550	1	0	next	other	0
MAXED_1042_Day_A	75	Picture	stage2_win	2499269	0	1	10050	1	0	next	other	0
MAXED_1042_Day_A	75	Pulse	99	2500000	731	NA
MAXED_1042_Day_A	76	Picture	stage1	2509319	0	1	8408	1	0	next	false_alarm	261
MAXED_1042_Day_A	76	Response	2	2517677	8358	1
MAXED_1042_Day_A	77	Picture	stage1_box	2517727	0	1	7550	1	0	next	other	0
MAXED_1042_Day_A	77	Pulse	99	2520000	2273	NA
MAXED_1042_Day_A	78	Picture	stage1_outcome	2525277	0	1	167	1	0	next	other	0
MAXED_1042_Day_A	79	Picture	stage2A	2525444	0	1	14815	1	0	next	false_alarm	267
MAXED_1042_Day_A	79	Pulse	99	2540000	14556	NA
MAXED_1042_Day_A	79	Response	2	2540209	14765	1
MAXED_1042_Day_A	80	Picture	stage2_box	2540259	0	1	7627	1	0	next	other	0
MAXED_1042_Day_A	81	Picture	stage2_up	2547886	0	1	7549	1	0	next	other	0
MAXED_1042_Day_A	82	Picture	stage2_lose	2555435	0	1	10050	1	0	next	other	0
MAXED_1042_Day_A	82	Pulse	99	2560000	4565	NA
MAXED_1042_Day_A	83	Picture	stage1	2565485	0	1	7288	1	0	next	false_alarm	273
MAXED_1042_Day_A	83	Response	2	2572735	7250	1
MAXED_1042_Day_A	84	Picture	stage1_box	2572774	0	1	7549	1	0	next	other	0
MAXED_1042_Day_A	84	Pulse	99	2580000	7226	NA
MAXED_1042_Day_A	85	Picture	stage1_outcome	2580323	0	1	167	1	0	next	other	0
MAXED_1042_Day_A	86	Picture	stage2B	2580490	0	1	5160	1	0	next	false_alarm	278
MAXED_1042_Day_A	86	Response	2	2585600	5111	1
MAXED_1042_Day_A	87	Picture	stage2_box	2585650	0	1	7664	1	0	next	other	0
MAXED_1042_Day_A	88	Picture	stage2_up	2593314	0	1	7664	1	0	next	other	0
MAXED_1042_Day_A	88	Pulse	99	2600000	6686	NA
MAXED_1042_Day_A	89	Picture	stage2_lose	2600978	0	1	10039	1	0	next	other	0
MAXED_1042_Day_A	90	Picture	stage1	2611017	0	1	7427	1	0	next	false_alarm	284
MAXED_1042_Day_A	90	Response	2	2618405	7388	1
MAXED_1042_Day_A	91	Picture	stage1_box	2618444	0	1	7539	1	0	next	other	0
MAXED_1042_Day_A	91	Pulse	99	2620000	1556	NA
MAXED_1042_Day_A	92	Picture	stage1_outcome	2625983	0	1	167	1	0	next	other	0
MAXED_1042_Day_A	93	Picture	stage2B	2626149	0	1	7615	1	0	next	false_alarm	289
MAXED_1042_Day_A	93	Response	2	2633726	7577	1
MAXED_1042_Day_A	94	Picture	stage2_box	2633765	0	1	7664	1	0	next	other	0
MAXED_1042_Day_A	94	Pulse	99	2640000	6235	NA
MAXED_1042_Day_A	95	Picture	stage2_up	2641429	0	1	7664	1	0	next	other	0
MAXED_1042_Day_A	96	Picture	stage2_lose	2649093	0	1	10053	1	0	next	other	0
MAXED_1042_Day_A	97	Picture	stage1	2659146	0	1	7314	1	0	next	false_alarm	296
MAXED_1042_Day_A	97	Pulse	99	2660000	854	NA
MAXED_1042_Day_A	97	Response	2	2666410	7264	1
MAXED_1042_Day_A	98	Picture	stage1_box	2666459	0	1	7549	1	0	next	other	0
MAXED_1042_Day_A	99	Picture	stage1_outcome	2674009	0	1	167	1	0	next	other	0
MAXED_1042_Day_A	100	Picture	stage2B	2674176	0	1	5578	1	0	next	false_alarm	300
MAXED_1042_Day_A	100	Response	2	2679703	5528	1
MAXED_1042_Day_A	101	Picture	stage2_box	2679753	0	1	7664	1	0	next	other	0
MAXED_1042_Day_A	101	Pulse	99	2680000	247	NA
MAXED_1042_Day_A	102	Picture	stage2_up	2687417	0	1	7664	1	0	next	other	0
MAXED_1042_Day_A	103	Picture	stage2_lose	2695081	0	1	10051	1	0	next	other	0
MAXED_1042_Day_A	103	Pulse	99	2700000	4919	NA
MAXED_1042_Day_A	104	Picture	stage1	2705132	0	1	8975	1	0	next	false_alarm	307
MAXED_1042_Day_A	104	Response	1	2714057	8925	1
MAXED_1042_Day_A	105	Picture	stage1_box	2714107	0	1	7550	1	0	next	other	0
MAXED_1042_Day_A	105	Pulse	99	2720000	5893	NA
MAXED_1042_Day_A	106	Picture	stage1_outcome	2721656	0	1	167	1	0	next	other	0
MAXED_1042_Day_A	107	Picture	stage2A	2721823	0	1	8588	1	0	next	false_alarm	312
MAXED_1042_Day_A	107	Response	1	2730361	8538	1
MAXED_1042_Day_A	108	Picture	stage2_box	2730411	0	1	7539	1	0	next	other	0
MAXED_1042_Day_A	109	Picture	stage2_up	2737950	0	1	7550	1	0	next	other	0
MAXED_1042_Day_A	109	Pulse	99	2740000	2050	NA
MAXED_1042_Day_A	110	Picture	stage2_win	2745500	0	1	10050	1	0	next	other	0
MAXED_1042_Day_A	111	Picture	stage1	2755550	0	1	9132	1	0	next	false_alarm	319
MAXED_1042_Day_A	111	Pulse	99	2760000	4450	NA
MAXED_1042_Day_A	111	Response	1	2764633	9083	1
MAXED_1042_Day_A	112	Picture	stage1_box	2764682	0	1	7668	1	0	next	other	0
MAXED_1042_Day_A	113	Picture	stage1_outcome	2772350	0	1	167	1	0	next	other	0
MAXED_1042_Day_A	114	Picture	stage2A	2772517	0	1	9379	1	0	next	false_alarm	324
MAXED_1042_Day_A	114	Pulse	99	2780000	7483	NA
MAXED_1042_Day_A	114	Response	1	2781846	9329	1
MAXED_1042_Day_A	115	Picture	stage2_box	2781896	0	1	7543	1	0	next	other	0
MAXED_1042_Day_A	116	Picture	stage2_up	2789440	0	1	7550	1	0	next	other	0
MAXED_1042_Day_A	117	Picture	stage2_win	2796989	0	1	10049	1	0	next	other	0
MAXED_1042_Day_A	117	Pulse	99	2800000	3011	NA
MAXED_1042_Day_A	118	Picture	stage1	2807039	0	1	7507	1	0	next	false_alarm	330
MAXED_1042_Day_A	118	Response	1	2814496	7457	1
MAXED_1042_Day_A	119	Picture	stage1_box	2814545	0	1	7539	1	0	next	other	0
MAXED_1042_Day_A	119	Pulse	99	2820000	5455	NA
MAXED_1042_Day_A	120	Picture	stage1_outcome	2822084	0	1	167	1	0	next	other	0
MAXED_1042_Day_A	121	Picture	stage2A	2822251	0	1	6779	1	0	next	false_alarm	335
MAXED_1042_Day_A	121	Response	1	2828980	6729	1
MAXED_1042_Day_A	122	Picture	stage2_box	2829030	0	1	7550	1	0	next	other	0
MAXED_1042_Day_A	123	Picture	stage2_up	2836580	0	1	7539	1	0	next	other	0
MAXED_1042_Day_A	123	Pulse	99	2840000	3420	NA
MAXED_1042_Day_A	124	Picture	stage2_lose	2844119	0	1	10175	1	0	next	other	0
MAXED_1042_Day_A	125	Picture	stage1	2854294	0	1	6770	1	0	next	false_alarm	342
MAXED_1042_Day_A	125	Pulse	99	2860000	5706	NA
MAXED_1042_Day_A	125	Response	1	2861014	6721	1
MAXED_1042_Day_A	126	Picture	stage1_box	2861064	0	1	7539	1	0	next	other	0
MAXED_1042_Day_A	127	Picture	stage1_outcome	2868603	0	1	167	1	0	next	other	0
MAXED_1042_Day_A	128	Picture	stage2B	2868770	0	1	6397	1	0	next	false_alarm	346
MAXED_1042_Day_A	128	Response	2	2875117	6347	1
MAXED_1042_Day_A	129	Picture	stage2_box	2875167	0	1	7664	1	0	next	other	0
MAXED_1042_Day_A	129	Pulse	99	2880000	4833	NA
MAXED_1042_Day_A	130	Picture	stage2_up	2882831	0	1	7664	1	0	next	other	0
MAXED_1042_Day_A	131	Picture	stage2_lose	2890495	0	1	10050	1	0	next	other	0
MAXED_1042_Day_A	131	Pulse	99	2900000	9505	NA
MAXED_1042_Day_A	132	Picture	stage1	2900545	0	1	6099	1	0	next	false_alarm	353
MAXED_1042_Day_A	132	Response	2	2906595	6049	1
MAXED_1042_Day_A	133	Picture	stage1_box	2906644	0	1	7550	1	0	next	other	0
MAXED_1042_Day_A	134	Picture	stage1_outcome	2914194	0	1	167	1	0	next	other	0
MAXED_1042_Day_A	135	Picture	stage2A	2914360	0	1	12783	1	0	next	false_alarm	358
MAXED_1042_Day_A	135	Pulse	99	2920000	5640	NA
MAXED_1042_Day_A	135	Response	2	2927094	12733	1
MAXED_1042_Day_A	136	Picture	stage2_box	2927143	0	1	7549	1	0	next	other	0
MAXED_1042_Day_A	137	Picture	stage2_up	2934692	0	1	7550	1	0	next	other	0
MAXED_1042_Day_A	137	Pulse	99	2940000	5308	NA
MAXED_1042_Day_A	138	Picture	stage2_win	2942242	0	1	10127	1	0	next	other	0
MAXED_1042_Day_A	139	Picture	stage1	2952369	0	1	6098	1	0	next	false_alarm	364
MAXED_1042_Day_A	139	Response	2	2958416	6048	1
MAXED_1042_Day_A	140	Picture	stage1_box	2958466	0	1	7539	1	0	next	other	0
MAXED_1042_Day_A	140	Pulse	99	2960000	1534	NA
MAXED_1042_Day_A	141	Picture	stage1_outcome	2966005	0	1	167	1	0	next	other	0
MAXED_1042_Day_A	142	Picture	stage2B	2966172	0	1	9163	1	0	next	false_alarm	369
MAXED_1042_Day_A	142	Response	2	2975284	9112	1
MAXED_1042_Day_A	143	Picture	stage2_box	2975334	0	1	7664	1	0	next	other	0
MAXED_1042_Day_A	143	Pulse	99	2980000	4666	NA
MAXED_1042_Day_A	144	Picture	stage2_up	2982998	0	1	7664	1	0	next	other	0
MAXED_1042_Day_A	145	Picture	stage2_win	2990662	0	1	10163	1	0	next	other	0
MAXED_1042_Day_A	145	Pulse	99	3000000	9338	NA
MAXED_1042_Day_A	146	Picture	stage1	3000826	0	1	4998	1	0	next	false_alarm	376
MAXED_1042_Day_A	146	Response	2	3005707	4882	1
MAXED_1042_Day_A	147	Picture	stage1_box	3005824	0	1	7550	1	0	next	other	0
MAXED_1042_Day_A	148	Picture	stage1_outcome	3013373	0	1	167	1	0	next	other	0
MAXED_1042_Day_A	149	Picture	stage2A	3013540	0	1	4891	1	0	next	false_alarm	380
MAXED_1042_Day_A	149	Response	2	3018373	4833	1
MAXED_1042_Day_A	150	Picture	stage2_box	3018431	0	1	7570	1	0	next	other	0
MAXED_1042_Day_A	150	Pulse	99	3020000	1569	NA
MAXED_1042_Day_A	151	Picture	stage2_up	3026001	0	1	7550	1	0	next	other	0
MAXED_1042_Day_A	152	Picture	stage2_win	3033551	0	1	10040	1	0	next	other	0
MAXED_1042_Day_A	152	Pulse	99	3040000	6449	NA
MAXED_1042_Day_A	153	Picture	stage1	3043591	0	1	7999	1	0	next	false_alarm	387
MAXED_1042_Day_A	153	Response	2	3051540	7950	1
MAXED_1042_Day_A	154	Picture	stage1_box	3051589	0	1	7557	1	0	next	other	0
MAXED_1042_Day_A	155	Picture	stage1_outcome	3059146	0	1	167	1	0	next	other	0
MAXED_1042_Day_A	156	Picture	stage2B	3059313	0	1	4349	1	0	next	false_alarm	392
MAXED_1042_Day_A	156	Pulse	99	3060000	687	NA
MAXED_1042_Day_A	156	Response	2	3063612	4299	1
MAXED_1042_Day_A	157	Picture	stage2_box	3063662	0	1	7664	1	0	next	other	0
MAXED_1042_Day_A	158	Picture	stage2_up	3071326	0	1	7664	1	0	next	other	0
MAXED_1042_Day_A	159	Picture	stage2_win	3078991	0	1	10163	1	0	next	other	0
MAXED_1042_Day_A	159	Pulse	99	3080000	1009	NA
MAXED_1042_Day_A	160	Picture	stage1	3089154	0	1	5332	1	0	next	false_alarm	398
MAXED_1042_Day_A	160	Response	2	3094413	5259	1
MAXED_1042_Day_A	161	Picture	stage1_box	3094485	0	1	7550	1	0	next	other	0
MAXED_1042_Day_A	161	Pulse	99	3100000	5515	NA
MAXED_1042_Day_A	162	Picture	stage1_outcome	3102035	0	1	167	1	0	next	other	0
MAXED_1042_Day_A	163	Picture	stage2B	3102202	0	1	6652	1	0	next	false_alarm	403
MAXED_1042_Day_A	163	Response	2	3108804	6602	1
MAXED_1042_Day_A	164	Picture	stage2_box	3108854	0	1	7664	1	0	next	other	0
MAXED_1042_Day_A	165	Picture	stage2_up	3116518	0	1	7664	1	0	next	other	0
MAXED_1042_Day_A	165	Pulse	99	3120000	3482	NA
MAXED_1042_Day_A	166	Picture	stage2_lose	3124182	0	1	10049	1	0	next	other	0
MAXED_1042_Day_A	167	Picture	stage1	3134232	0	1	7554	1	0	next	false_alarm	410
MAXED_1042_Day_A	167	Pulse	99	3140000	5768	NA
MAXED_1042_Day_A	167	Response	2	3141736	7504	1
MAXED_1042_Day_A	168	Picture	stage1_box	3141786	0	1	7539	1	0	next	other	0
MAXED_1042_Day_A	169	Picture	stage1_outcome	3149324	0	1	167	1	0	next	other	0
MAXED_1042_Day_A	170	Picture	stage2A	3149491	0	1	11023	1	0	next	false_alarm	415
MAXED_1042_Day_A	170	Pulse	99	3160000	10509	NA
MAXED_1042_Day_A	170	Response	2	3160475	10984	1
MAXED_1042_Day_A	171	Picture	stage2_box	3160514	0	1	7539	1	0	next	other	0
MAXED_1042_Day_A	172	Picture	stage2_up	3168053	0	1	7658	1	0	next	other	0
MAXED_1042_Day_A	173	Picture	stage2_win	3175711	0	1	10049	1	0	next	other	0
MAXED_1042_Day_A	173	Pulse	99	3180000	4289	NA
MAXED_1042_Day_A	174	Picture	stage1	3185760	0	1	3411	1	0	next	false_alarm	421
MAXED_1042_Day_A	174	Response	2	3189121	3361	1
MAXED_1042_Day_A	175	Picture	stage1_box	3189171	0	1	7539	1	0	next	other	0
MAXED_1042_Day_A	176	Picture	stage1_outcome	3196710	0	1	167	1	0	next	other	0
MAXED_1042_Day_A	177	Picture	stage2B	3196877	0	1	3728	1	0	next	false_alarm	426
MAXED_1042_Day_A	177	Pulse	99	3200000	3123	NA
MAXED_1042_Day_A	177	Response	2	3200566	3689	1
MAXED_1042_Day_A	178	Picture	stage2_box	3200605	0	1	7664	1	0	next	other	0
MAXED_1042_Day_A	179	Picture	stage2_up	3208269	0	1	7664	1	0	next	other	0
MAXED_1042_Day_A	180	Picture	stage2_win	3215933	0	1	10163	1	0	next	other	0
MAXED_1042_Day_A	180	Pulse	99	3220000	4067	NA
MAXED_1042_Day_A	181	Picture	stage1	3226096	0	1	3999	1	0	next	false_alarm	432
MAXED_1042_Day_A	181	Response	2	3229946	3851	1
MAXED_1042_Day_A	182	Picture	stage1_box	3230095	0	1	7664	1	0	next	other	0
MAXED_1042_Day_A	183	Picture	stage1_outcome	3237759	0	1	167	1	0	next	other	0
MAXED_1042_Day_A	184	Picture	stage2B	3237925	0	1	4624	1	0	next	false_alarm	437
MAXED_1042_Day_A	184	Pulse	99	3240000	2075	NA
MAXED_1042_Day_A	184	Response	2	3242499	4574	1
MAXED_1042_Day_A	185	Picture	stage2_box	3242549	0	1	7664	1	0	next	other	0
MAXED_1042_Day_A	186	Picture	stage2_up	3250213	0	1	7664	1	0	next	other	0
MAXED_1042_Day_A	187	Picture	stage2_lose	3257877	0	1	10050	1	0	next	other	0
MAXED_1042_Day_A	187	Pulse	99	3260000	2123	NA
MAXED_1042_Day_A	188	Picture	stage1	3267927	0	1	4836	1	0	next	false_alarm	443
MAXED_1042_Day_A	188	Response	1	3272713	4786	1
MAXED_1042_Day_A	189	Picture	stage1_box	3272762	0	1	7539	1	0	next	other	0
MAXED_1042_Day_A	189	Pulse	99	3280000	7238	NA
MAXED_1042_Day_A	190	Picture	stage1_outcome	3280301	0	1	167	1	0	next	other	0
MAXED_1042_Day_A	191	Picture	stage2A	3280468	0	1	5488	1	0	next	false_alarm	448
MAXED_1042_Day_A	191	Response	2	3285906	5439	1
MAXED_1042_Day_A	192	Picture	stage2_box	3285956	0	1	7538	1	0	next	other	0
MAXED_1042_Day_A	193	Picture	stage2_up	3293494	0	1	7550	1	0	next	other	0
MAXED_1042_Day_A	193	Pulse	99	3300000	6506	NA
MAXED_1042_Day_A	194	Picture	stage2_lose	3301044	0	1	10050	1	0	next	other	0
MAXED_1042_Day_A	195	Picture	stage1	3311094	0	1	6525	1	0	next	false_alarm	454
MAXED_1042_Day_A	195	Response	1	3317569	6475	1
MAXED_1042_Day_A	196	Picture	stage1_box	3317619	0	1	7550	1	0	next	other	0
MAXED_1042_Day_A	196	Pulse	99	3320000	2382	NA
MAXED_1042_Day_A	197	Picture	stage1_outcome	3325168	0	1	167	1	0	next	other	0
MAXED_1042_Day_A	198	Picture	stage2A	3325335	0	1	4581	1	0	next	false_alarm	459
MAXED_1042_Day_A	198	Response	1	3329867	4532	1
MAXED_1042_Day_A	199	Picture	stage2_box	3329915	0	1	7549	1	0	next	other	0
MAXED_1042_Day_A	200	Picture	stage2_up	3337465	0	1	7550	1	0	next	other	0
MAXED_1042_Day_A	200	Pulse	99	3340000	2535	NA
MAXED_1042_Day_A	201	Picture	stage2_lose	3345015	0	1	10039	1	0	next	other	0
MAXED_1042_Day_A	202	Picture	stage1	3355053	0	1	4789	1	0	next	false_alarm	465
MAXED_1042_Day_A	202	Response	2	3359804	4751	1
MAXED_1042_Day_A	203	Picture	stage1_box	3359843	0	1	7550	1	0	next	other	0
MAXED_1042_Day_A	203	Pulse	99	3360000	157	NA
MAXED_1042_Day_A	204	Picture	stage1_outcome	3367393	0	1	167	1	0	next	other	0
MAXED_1042_Day_A	205	Picture	stage2B	3367559	0	1	2844	1	0	next	false_alarm	470
MAXED_1042_Day_A	205	Response	2	3370353	2794	1
MAXED_1042_Day_A	206	Picture	stage2_box	3370403	0	1	7664	1	0	next	other	0
MAXED_1042_Day_A	207	Picture	stage2_up	3378067	0	1	7664	1	0	next	other	0
MAXED_1042_Day_A	207	Pulse	99	3380000	1933	NA
MAXED_1042_Day_A	208	Picture	stage2_win	3385731	0	1	10163	1	0	next	other	0
MAXED_1042_Day_A	209	Picture	stage1	3395894	0	1	4332	1	0	next	false_alarm	477
MAXED_1042_Day_A	209	Pulse	99	3400000	4106	NA
MAXED_1042_Day_A	209	Response	2	3400203	4309	1
MAXED_1042_Day_A	210	Picture	stage1_box	3400226	0	1	7664	1	0	next	other	0
MAXED_1042_Day_A	211	Picture	stage1_outcome	3407890	0	1	167	1	0	next	other	0
MAXED_1042_Day_A	212	Picture	stage2A	3408057	0	1	5982	1	0	next	false_alarm	481
MAXED_1042_Day_A	212	Response	2	3414000	5943	1
MAXED_1042_Day_A	213	Picture	stage2_box	3414039	0	1	7539	1	0	next	other	0
MAXED_1042_Day_A	213	Pulse	99	3420000	5961	NA
MAXED_1042_Day_A	214	Picture	stage2_up	3421579	0	1	7550	1	0	next	other	0
MAXED_1042_Day_A	215	Picture	stage2_lose	3429128	0	1	10050	1	0	next	other	0
MAXED_1042_Day_A	216	Picture	stage1	3439178	0	1	3885	1	0	next	false_alarm	488
MAXED_1042_Day_A	216	Pulse	99	3440000	822	NA
MAXED_1042_Day_A	216	Response	2	3443015	3837	1
MAXED_1042_Day_A	217	Picture	stage1_box	3443064	0	1	7539	1	0	next	other	0
MAXED_1042_Day_A	218	Picture	stage1_outcome	3450602	0	1	167	1	0	next	other	0
MAXED_1042_Day_A	219	Picture	stage2B	3450769	0	1	6351	1	0	next	false_alarm	492
MAXED_1042_Day_A	219	Response	1	3457064	6295	1
MAXED_1042_Day_A	220	Picture	stage2_box	3457120	0	1	7664	1	0	next	other	0
MAXED_1042_Day_A	220	Pulse	99	3460000	2880	NA
MAXED_1042_Day_A	221	Picture	stage2_up	3464784	0	1	7664	1	0	next	other	0
MAXED_1042_Day_A	222	Picture	stage2_lose	3472448	0	1	10052	1	0	next	other	0
MAXED_1042_Day_A	222	Pulse	99	3480000	7552	NA
MAXED_1042_Day_A	223	Pulse	99	3500000	17500	NA
MAXED_1042_Day_A	223	Pulse	99	3520000	37500	NA
MAXED_1042_Day_A	223	Pulse	99	3540000	57500	NA
MAXED_1042_Day_A	223	Pulse	99	3560000	77500	NA
MAXED_1042_Day_A	223	Pulse	99	3580000	97500	NA
MAXED_1042_Day_A	223	Pulse	99	3600000	117500	NA
MAXED_1042_Day_A	223	Pulse	99	3620000	137500	NA
MAXED_1042_Day_A	223	Pulse	99	3640000	157500	NA
MAXED_1042_Day_A	223	Pulse	99	3660000	177500	NA
MAXED_1042_Day_A	223	Pulse	99	3680000	197500	NA
MAXED_1042_Day_A	223	Pulse	99	3700000	217500	NA
MAXED_1042_Day_A	223	Pulse	99	3720000	237500	NA
MAXED_1042_Day_A	223	Pulse	99	3740000	257500	NA
MAXED_1042_Day_A	223	Pulse	99	3760000	277500	NA
MAXED_1042_Day_A	223	Pulse	99	3780000	297500	NA
MAXED_1042_Day_A	223	Pulse	99	3800000	317500	NA
MAXED_1042_Day_A	223	Pulse	99	3820000	337500	NA
MAXED_1042_Day_A	223	Pulse	99	3840000	357500	NA
MAXED_1042_Day_A	223	Pulse	99	3860000	377500	NA
MAXED_1042_Day_A	223	Quit		3870537	388037	NA
