Scenario - 
Logfile written - 03/10/2023 17:19:45

Subject	Trial	Event Type	Code	Time	TTime	Uncertainty	Duration	Uncertainty	ReqTime	ReqDur	Stim Type	Pair Index

MAXED_1050_Day_A	0	Pulse	99	0	0	NA
MAXED_1050_Day_A	1	Picture	instructions_1	500	0	1	140155	1	0	next	false_alarm	10
MAXED_1050_Day_A	1	Pulse	99	20000	19500	NA
MAXED_1050_Day_A	1	Pulse	99	40000	39500	NA
MAXED_1050_Day_A	1	Pulse	99	60000	59500	NA
MAXED_1050_Day_A	1	Pulse	99	80000	79500	NA
MAXED_1050_Day_A	1	Pulse	99	100000	99500	NA
MAXED_1050_Day_A	1	Pulse	99	120000	119500	NA
MAXED_1050_Day_A	1	Pulse	99	140000	139500	NA
MAXED_1050_Day_A	1	Response	88	140421	139922	1
MAXED_1050_Day_A	2	Picture	instructions_2	140655	0	1	28507	1	0	next	false_alarm	13
MAXED_1050_Day_A	2	Pulse	99	160000	19345	NA
MAXED_1050_Day_A	2	Response	88	168932	28277	1
MAXED_1050_Day_A	3	Picture	instructions_3	169161	0	1	24565	1	0	next	false_alarm	16
MAXED_1050_Day_A	3	Pulse	99	180000	10839	NA
MAXED_1050_Day_A	3	Response	88	193497	24335	1
MAXED_1050_Day_A	4	Picture	instructions_4	193727	0	1	6872	1	0	next	false_alarm	19
MAXED_1050_Day_A	4	Pulse	99	200000	6273	NA
MAXED_1050_Day_A	4	Response	88	200370	6643	1
MAXED_1050_Day_A	5	Picture	instructions_5	200598	0	1	6549	1	0	next	false_alarm	21
MAXED_1050_Day_A	5	Response	88	206915	6316	1
MAXED_1050_Day_A	6	Picture	instructions_6	207147	0	1	8827	1	0	next	false_alarm	23
MAXED_1050_Day_A	6	Response	88	215745	8598	1
MAXED_1050_Day_A	7	Picture	instructions_7	215974	0	1	5947	1	0	next	false_alarm	26
MAXED_1050_Day_A	7	Pulse	99	220000	4026	NA
MAXED_1050_Day_A	7	Response	88	221691	5717	1
MAXED_1050_Day_A	8	Picture	instructions_8	221922	0	1	5834	1	0	next	false_alarm	28
MAXED_1050_Day_A	8	Response	88	227528	5607	1
MAXED_1050_Day_A	9	Picture	instructions_9	227756	0	1	4393	1	0	next	false_alarm	30
MAXED_1050_Day_A	9	Response	88	231918	4163	1
MAXED_1050_Day_A	10	Picture	instructions_10	232148	0	1	24915	1	0	next	false_alarm	33
MAXED_1050_Day_A	10	Pulse	99	240000	7852	NA
MAXED_1050_Day_A	10	Response	88	256835	24687	1
MAXED_1050_Day_A	11	Picture	instructions_11	257063	0	1	12279	1	0	next	false_alarm	36
MAXED_1050_Day_A	11	Pulse	99	260000	2937	NA
MAXED_1050_Day_A	11	Response	88	269111	12048	1
MAXED_1050_Day_A	12	Picture	instructions_12	269342	0	1	4572	1	0	next	false_alarm	38
MAXED_1050_Day_A	12	Response	88	273678	4335	1
MAXED_1050_Day_A	13	Picture	instructions_13	273915	0	1	6971	1	0	next	false_alarm	41
MAXED_1050_Day_A	13	Pulse	99	280000	6085	NA
MAXED_1050_Day_A	13	Response	88	280657	6743	1
MAXED_1050_Day_A	14	Picture	instructions_14	280886	0	1	4098	1	0	next	false_alarm	43
MAXED_1050_Day_A	14	Response	88	284795	3910	1
MAXED_1050_Day_A	15	Picture	instructions_15	284983	0	1	6306	1	0	next	false_alarm	45
MAXED_1050_Day_A	15	Response	88	291055	6072	1
MAXED_1050_Day_A	16	Picture	instructions_16	291290	0	1	4279	1	0	next	false_alarm	47
MAXED_1050_Day_A	16	Response	88	295333	4044	1
MAXED_1050_Day_A	17	Picture	instructions_17	295569	0	1	3801	1	0	next	false_alarm	49
MAXED_1050_Day_A	17	Response	88	299140	3572	1
MAXED_1050_Day_A	18	Picture	instructions_18	299370	0	1	4682	4	0	next	false_alarm	52
MAXED_1050_Day_A	18	Pulse	99	300000	630	NA
MAXED_1050_Day_A	18	Response	88	303828	4458	1
MAXED_1050_Day_A	19	Picture	instructions_19	304052	0	4	2956	4	0	next	false_alarm	54
MAXED_1050_Day_A	19	Response	88	306779	2726	1
MAXED_1050_Day_A	20	Picture	instructions_20	307008	0	1	12270	1	0	next	false_alarm	56
MAXED_1050_Day_A	20	Response	88	319049	12041	1
MAXED_1050_Day_A	21	Picture	instructions_21	319278	0	1	4454	1	0	next	false_alarm	59
MAXED_1050_Day_A	21	Pulse	99	320000	722	NA
MAXED_1050_Day_A	21	Response	88	323501	4223	1
MAXED_1050_Day_A	22	Picture	instructions_22	323731	0	1	5492	1	0	next	false_alarm	61
MAXED_1050_Day_A	22	Response	88	328993	5262	1
MAXED_1050_Day_A	23	Picture	instructions_23	329223	0	1	4914	1	0	next	false_alarm	63
MAXED_1050_Day_A	23	Response	88	333902	4678	1
MAXED_1050_Day_A	24	Picture	instructions_24	334137	0	1	11405	1	0	next	false_alarm	66
MAXED_1050_Day_A	24	Pulse	99	340000	5863	NA
MAXED_1050_Day_A	24	Response	88	345445	11307	1
MAXED_1050_Day_A	25	Picture	instructions_25	345543	0	1	4642	1	0	next	false_alarm	68
MAXED_1050_Day_A	25	Response	88	349948	4406	1
MAXED_1050_Day_A	26	Picture	instructions_26	350184	0	1	4576	1	0	next	false_alarm	70
MAXED_1050_Day_A	26	Response	88	354529	4344	1
MAXED_1050_Day_A	27	Picture	instructions_27	354761	0	1	3716	1	0	next	false_alarm	72
MAXED_1050_Day_A	27	Response	88	358247	3486	1
MAXED_1050_Day_A	28	Picture	instructions_28	358476	0	1	3720	1	0	next	false_alarm	75
MAXED_1050_Day_A	28	Pulse	99	360000	1524	NA
MAXED_1050_Day_A	28	Response	88	361966	3489	1
MAXED_1050_Day_A	29	Picture	instructions_29	362197	0	1	21688	1	0	next	false_alarm	78
MAXED_1050_Day_A	29	Pulse	99	380000	17803	NA
MAXED_1050_Day_A	29	Response	88	383777	21581	1
MAXED_1050_Day_A	30	Picture	instructions_30	383885	0	1	94290	1	0	next	false_alarm	84
MAXED_1050_Day_A	30	Pulse	99	400000	16115	NA
MAXED_1050_Day_A	30	Pulse	99	420000	36115	NA
MAXED_1050_Day_A	30	Pulse	99	440000	56115	NA
MAXED_1050_Day_A	30	Pulse	99	460000	76115	NA
MAXED_1050_Day_A	30	Response	88	477945	94060	1
MAXED_1050_Day_A	31	Picture	instructions_31	478175	0	1	30167	1	0	next	false_alarm	88
MAXED_1050_Day_A	31	Pulse	99	480000	1825	NA
MAXED_1050_Day_A	31	Pulse	99	500000	21825	NA
MAXED_1050_Day_A	31	Response	88	508113	29938	1
MAXED_1050_Day_A	32	Picture	instructions_32	508342	0	1	58165	1	0	next	false_alarm	93
MAXED_1050_Day_A	32	Pulse	99	520000	11658	NA
MAXED_1050_Day_A	32	Pulse	99	540000	31658	NA
MAXED_1050_Day_A	32	Pulse	99	560000	51658	NA
MAXED_1050_Day_A	32	Response	88	566277	57935	1
MAXED_1050_Day_A	33	Picture	instructions_33	566507	0	1	38281	1	0	next	false_alarm	97
MAXED_1050_Day_A	33	Pulse	99	580000	13493	NA
MAXED_1050_Day_A	33	Pulse	99	600000	33493	NA
MAXED_1050_Day_A	33	Response	88	604554	38047	1
MAXED_1050_Day_A	34	Picture	instructions_34	604788	0	1	43726	1	0	next	false_alarm	101
MAXED_1050_Day_A	34	Pulse	99	620000	15212	NA
MAXED_1050_Day_A	34	Pulse	99	640000	35212	NA
MAXED_1050_Day_A	34	Response	88	648285	43497	1
MAXED_1050_Day_A	35	Picture	instructions_35	648514	0	1	84393	1	0	next	false_alarm	107
MAXED_1050_Day_A	35	Pulse	99	660000	11486	NA
MAXED_1050_Day_A	35	Pulse	99	680000	31486	NA
MAXED_1050_Day_A	35	Pulse	99	700000	51486	NA
MAXED_1050_Day_A	35	Pulse	99	720000	71486	NA
MAXED_1050_Day_A	35	Response	88	732819	84305	1
MAXED_1050_Day_A	36	Picture	instructions_36	732907	0	1	62626	1	0	next	false_alarm	112
MAXED_1050_Day_A	36	Pulse	99	740000	7093	NA
MAXED_1050_Day_A	36	Pulse	99	760000	27093	NA
MAXED_1050_Day_A	36	Pulse	99	780000	47093	NA
MAXED_1050_Day_A	36	Response	88	795304	62396	1
MAXED_1050_Day_A	37	Picture	instructions_37	795534	0	1	21790	1	0	next	false_alarm	115
MAXED_1050_Day_A	37	Pulse	99	800000	4466	NA
MAXED_1050_Day_A	37	Response	88	817265	21732	1
MAXED_1050_Day_A	38	Picture	instructions_38	817324	0	1	20372	1	0	next	false_alarm	118
MAXED_1050_Day_A	38	Pulse	99	820000	2676	NA
MAXED_1050_Day_A	38	Response	88	837470	20146	1
MAXED_1050_Day_A	39	Picture	instructions_39	837696	0	1	14809	1	0	next	false_alarm	121
MAXED_1050_Day_A	39	Pulse	99	840000	2304	NA
MAXED_1050_Day_A	39	Response	88	852445	14750	1
MAXED_1050_Day_A	40	Picture	instructions_40	852505	0	1	5597	1	0	next	false_alarm	123
MAXED_1050_Day_A	40	Response	88	857922	5417	1
MAXED_1050_Day_A	41	Picture	instructions_41	858101	0	1	9504	1	0	next	false_alarm	126
MAXED_1050_Day_A	41	Pulse	99	860000	1899	NA
MAXED_1050_Day_A	41	Response	88	867378	9277	1
MAXED_1050_Day_A	42	Picture	instructions_42	867605	0	1	5150	1	0	next	false_alarm	128
MAXED_1050_Day_A	42	Response	88	872698	5093	1
MAXED_1050_Day_A	43	Picture	instructions_43	872755	0	1	11016	1	0	next	false_alarm	131
MAXED_1050_Day_A	43	Pulse	99	880000	7245	NA
MAXED_1050_Day_A	43	Response	88	883545	10790	1
MAXED_1050_Day_A	44	Picture	instructions_44	883771	0	1	12201	1	0	next	false_alarm	133
MAXED_1050_Day_A	44	Response	88	895747	11976	1
MAXED_1050_Day_A	45	Picture	instructions_45	895972	0	1	1685	1	0	next	false_alarm	135
MAXED_1050_Day_A	45	Response	88	897434	1461	1
MAXED_1050_Day_A	46	Picture	instructions_46	897657	0	1	36041	1	0	next	false_alarm	139
MAXED_1050_Day_A	46	Pulse	99	900000	2343	NA
MAXED_1050_Day_A	46	Pulse	99	920000	22343	NA
MAXED_1050_Day_A	46	Response	88	933646	35989	1
MAXED_1050_Day_A	47	Picture	fixation	933699	0	1	5165	1	0	next	other	0
MAXED_1050_Day_A	48	Picture	stage1	938864	0	1	14662	1	0	next	false_alarm	143
MAXED_1050_Day_A	48	Pulse	99	940000	1136	NA
MAXED_1050_Day_A	48	Response	2	953449	14585	1
MAXED_1050_Day_A	49	Picture	stage1_box	953525	0	1	7664	1	0	next	other	0
MAXED_1050_Day_A	49	Pulse	99	960000	6475	NA
MAXED_1050_Day_A	50	Picture	stage1_outcome	961189	0	1	167	1	0	next	other	0
MAXED_1050_Day_A	51	Picture	stage2A	961356	0	1	8997	1	0	next	false_alarm	148
MAXED_1050_Day_A	51	Response	2	970309	8953	1
MAXED_1050_Day_A	52	Picture	stage2_box	970353	0	1	7664	1	0	next	other	0
MAXED_1050_Day_A	53	Picture	stage2_up	978017	0	1	7664	1	0	next	other	0
MAXED_1050_Day_A	53	Pulse	99	980000	1983	NA
MAXED_1050_Day_A	54	Picture	stage2_win	985681	0	1	10163	1	0	next	other	0
MAXED_1050_Day_A	55	Picture	stage1	995844	0	1	3832	1	0	next	false_alarm	154
MAXED_1050_Day_A	55	Response	2	999621	3777	1
MAXED_1050_Day_A	56	Picture	stage1_box	999676	0	1	7664	1	0	next	other	0
MAXED_1050_Day_A	56	Pulse	99	1000000	324	NA
MAXED_1050_Day_A	57	Picture	stage1_outcome	1007340	0	1	167	1	0	next	other	0
MAXED_1050_Day_A	58	Picture	stage2A	1007507	0	1	4998	1	0	next	false_alarm	159
MAXED_1050_Day_A	58	Response	2	1012414	4907	1
MAXED_1050_Day_A	59	Picture	stage2_box	1012505	0	1	7664	1	0	next	other	0
MAXED_1050_Day_A	59	Pulse	99	1020000	7495	NA
MAXED_1050_Day_A	60	Picture	stage2_up	1020169	0	1	7551	1	0	next	other	0
MAXED_1050_Day_A	61	Picture	stage2_win	1027720	0	1	10053	1	0	next	other	0
MAXED_1050_Day_A	62	Picture	stage1	1037773	0	1	4440	1	0	next	false_alarm	166
MAXED_1050_Day_A	62	Pulse	99	1040000	2227	NA
MAXED_1050_Day_A	62	Response	2	1042162	4389	1
MAXED_1050_Day_A	63	Picture	stage1_box	1042213	0	1	7550	1	0	next	other	0
MAXED_1050_Day_A	64	Picture	stage1_outcome	1049763	0	1	167	1	0	next	other	0
MAXED_1050_Day_A	65	Picture	stage2B	1049930	0	1	3582	1	0	next	false_alarm	170
MAXED_1050_Day_A	65	Response	2	1053290	3360	1
MAXED_1050_Day_A	66	Picture	stage2_box	1053512	0	1	7550	1	0	next	other	0
MAXED_1050_Day_A	66	Pulse	99	1060000	6488	NA
MAXED_1050_Day_A	67	Picture	stage2_up	1061062	0	1	7551	1	0	next	other	0
MAXED_1050_Day_A	68	Picture	stage2_win	1068613	0	1	10163	1	0	next	other	0
MAXED_1050_Day_A	69	Picture	stage1	1078776	0	1	9830	1	0	next	false_alarm	177
MAXED_1050_Day_A	69	Pulse	99	1080000	1224	NA
MAXED_1050_Day_A	69	Response	1	1088499	9723	1
MAXED_1050_Day_A	70	Picture	stage1_box	1088606	0	1	7562	1	0	next	other	0
MAXED_1050_Day_A	71	Picture	stage1_outcome	1096168	0	1	167	1	0	next	other	0
MAXED_1050_Day_A	72	Picture	stage2A	1096335	0	1	21643	1	0	next	false_alarm	182
MAXED_1050_Day_A	72	Pulse	99	1100000	3665	NA
MAXED_1050_Day_A	72	Response	2	1117927	21592	1
MAXED_1050_Day_A	73	Picture	stage2_box	1117978	0	1	7550	1	0	next	other	0
MAXED_1050_Day_A	73	Pulse	99	1120000	2022	NA
MAXED_1050_Day_A	74	Picture	stage2_up	1125528	0	1	7550	1	0	next	other	0
MAXED_1050_Day_A	75	Picture	stage2_win	1133078	0	1	10051	1	0	next	other	0
MAXED_1050_Day_A	75	Pulse	99	1140000	6922	NA
MAXED_1050_Day_A	76	Picture	stage1	1143129	0	1	10877	1	0	next	false_alarm	189
MAXED_1050_Day_A	76	Response	1	1153944	10815	1
MAXED_1050_Day_A	77	Picture	stage1_box	1154006	0	1	7551	1	0	next	other	0
MAXED_1050_Day_A	77	Pulse	99	1160000	5994	NA
MAXED_1050_Day_A	78	Picture	stage1_outcome	1161556	0	1	167	1	0	next	other	0
MAXED_1050_Day_A	79	Picture	stage2B	1161723	0	1	8291	1	0	next	false_alarm	194
MAXED_1050_Day_A	79	Response	2	1169964	8241	1
MAXED_1050_Day_A	80	Picture	stage2_box	1170014	0	1	7664	1	0	next	other	0
MAXED_1050_Day_A	81	Picture	stage2_up	1177678	0	1	7664	1	0	next	other	0
MAXED_1050_Day_A	81	Pulse	99	1180000	2322	NA
MAXED_1050_Day_A	82	Picture	stage2_lose	1185342	0	1	10051	1	0	next	other	0
MAXED_1050_Day_A	83	Picture	stage1	1195394	0	1	14367	1	0	next	false_alarm	201
MAXED_1050_Day_A	83	Pulse	99	1200000	4606	NA
MAXED_1050_Day_A	83	Response	2	1209710	14316	1
MAXED_1050_Day_A	84	Picture	stage1_box	1209760	0	1	7576	1	0	next	other	0
MAXED_1050_Day_A	85	Picture	stage1_outcome	1217337	0	1	167	1	0	next	other	0
MAXED_1050_Day_A	86	Picture	stage2B	1217503	0	1	9557	1	0	next	false_alarm	206
MAXED_1050_Day_A	86	Pulse	99	1220000	2497	NA
MAXED_1050_Day_A	86	Response	2	1227010	9507	1
MAXED_1050_Day_A	87	Picture	stage2_box	1227060	0	1	7664	1	0	next	other	0
MAXED_1050_Day_A	88	Picture	stage2_up	1234724	0	1	7664	1	0	next	other	0
MAXED_1050_Day_A	88	Pulse	99	1240000	5276	NA
MAXED_1050_Day_A	89	Picture	stage2_lose	1242388	0	1	10053	1	0	next	other	0
MAXED_1050_Day_A	90	Picture	stage1	1252441	0	1	6154	1	0	next	false_alarm	212
MAXED_1050_Day_A	90	Response	2	1258545	6104	1
MAXED_1050_Day_A	91	Picture	stage1_box	1258595	0	1	7550	1	0	next	other	0
MAXED_1050_Day_A	91	Pulse	99	1260000	1405	NA
MAXED_1050_Day_A	92	Picture	stage1_outcome	1266145	0	1	167	1	0	next	other	0
MAXED_1050_Day_A	93	Picture	stage2B	1266312	0	1	8099	1	0	next	false_alarm	217
MAXED_1050_Day_A	93	Response	2	1274361	8049	1
MAXED_1050_Day_A	94	Picture	stage2_box	1274411	0	1	7664	1	0	next	other	0
MAXED_1050_Day_A	94	Pulse	99	1280000	5589	NA
MAXED_1050_Day_A	95	Picture	stage2_up	1282076	0	1	7664	1	0	next	other	0
MAXED_1050_Day_A	96	Picture	stage2_win	1289740	0	1	10163	1	0	next	other	0
MAXED_1050_Day_A	97	Picture	stage1	1299903	0	1	6498	1	0	next	false_alarm	224
MAXED_1050_Day_A	97	Pulse	99	1300000	97	NA
MAXED_1050_Day_A	97	Response	2	1306306	6403	1
MAXED_1050_Day_A	98	Picture	stage1_box	1306401	0	1	7551	1	0	next	other	0
MAXED_1050_Day_A	99	Picture	stage1_outcome	1313952	0	1	167	1	0	next	other	0
MAXED_1050_Day_A	100	Picture	stage2B	1314119	0	1	12743	1	0	next	false_alarm	229
MAXED_1050_Day_A	100	Pulse	99	1320000	5881	NA
MAXED_1050_Day_A	100	Response	2	1326811	12693	1
MAXED_1050_Day_A	101	Picture	stage2_box	1326861	0	1	7664	1	0	next	other	0
MAXED_1050_Day_A	102	Picture	stage2_up	1334525	0	1	7664	1	0	next	other	0
MAXED_1050_Day_A	102	Pulse	99	1340000	5475	NA
MAXED_1050_Day_A	103	Picture	stage2_win	1342190	0	1	10163	1	0	next	other	0
MAXED_1050_Day_A	104	Picture	stage1	1352353	0	1	5332	1	0	next	false_alarm	235
MAXED_1050_Day_A	104	Response	2	1357623	5270	1
MAXED_1050_Day_A	105	Picture	stage1_box	1357684	0	1	7562	1	0	next	other	0
MAXED_1050_Day_A	105	Pulse	99	1360000	2316	NA
MAXED_1050_Day_A	106	Picture	stage1_outcome	1365246	0	1	167	1	0	next	other	0
MAXED_1050_Day_A	107	Picture	stage2B	1365413	0	1	4436	1	0	next	false_alarm	240
MAXED_1050_Day_A	107	Response	2	1369798	4386	1
MAXED_1050_Day_A	108	Picture	stage2_box	1369849	0	1	7664	1	0	next	other	0
MAXED_1050_Day_A	109	Picture	stage2_up	1377513	0	1	7664	1	0	next	other	0
MAXED_1050_Day_A	109	Pulse	99	1380000	2487	NA
MAXED_1050_Day_A	110	Picture	stage2_lose	1385177	0	1	10051	1	0	next	other	0
MAXED_1050_Day_A	111	Picture	stage1	1395229	0	1	7255	1	0	next	false_alarm	247
MAXED_1050_Day_A	111	Pulse	99	1400000	4771	NA
MAXED_1050_Day_A	111	Response	1	1402434	7205	1
MAXED_1050_Day_A	112	Picture	stage1_box	1402484	0	1	7551	1	0	next	other	0
MAXED_1050_Day_A	113	Picture	stage1_outcome	1410034	0	1	167	1	0	next	other	0
MAXED_1050_Day_A	114	Picture	stage2A	1410201	0	1	16823	1	0	next	false_alarm	252
MAXED_1050_Day_A	114	Pulse	99	1420000	9799	NA
MAXED_1050_Day_A	114	Response	2	1426974	16773	1
MAXED_1050_Day_A	115	Picture	stage2_box	1427024	0	1	7550	1	0	next	other	0
MAXED_1050_Day_A	116	Picture	stage2_up	1434575	0	1	7550	1	0	next	other	0
MAXED_1050_Day_A	116	Pulse	99	1440000	5425	NA
MAXED_1050_Day_A	117	Picture	stage2_win	1442125	0	1	10051	1	0	next	other	0
MAXED_1050_Day_A	118	Picture	stage1	1452176	0	1	6622	1	0	next	false_alarm	258
MAXED_1050_Day_A	118	Response	2	1458747	6572	1
MAXED_1050_Day_A	119	Picture	stage1_box	1458797	0	1	7550	1	0	next	other	0
MAXED_1050_Day_A	119	Pulse	99	1460000	1203	NA
MAXED_1050_Day_A	120	Picture	stage1_outcome	1466348	0	1	167	1	0	next	other	0
MAXED_1050_Day_A	121	Picture	stage2B	1466514	0	1	4700	1	0	next	false_alarm	263
MAXED_1050_Day_A	121	Response	2	1471164	4649	1
MAXED_1050_Day_A	122	Picture	stage2_box	1471214	0	1	7664	1	0	next	other	0
MAXED_1050_Day_A	123	Picture	stage2_up	1478878	0	1	7664	1	0	next	other	0
MAXED_1050_Day_A	123	Pulse	99	1480000	1122	NA
MAXED_1050_Day_A	124	Picture	stage2_lose	1486542	0	1	10051	1	0	next	other	0
MAXED_1050_Day_A	125	Picture	stage1	1496593	0	1	4488	1	0	next	false_alarm	270
MAXED_1050_Day_A	125	Pulse	99	1500000	3407	NA
MAXED_1050_Day_A	125	Response	1	1501031	4438	1
MAXED_1050_Day_A	126	Picture	stage1_box	1501081	0	1	7550	1	0	next	other	0
MAXED_1050_Day_A	127	Picture	stage1_outcome	1508631	0	1	167	1	0	next	other	0
MAXED_1050_Day_A	128	Picture	stage2A	1508798	0	1	10834	1	0	next	false_alarm	274
MAXED_1050_Day_A	128	Response	2	1519581	10784	1
MAXED_1050_Day_A	129	Picture	stage2_box	1519632	0	1	7550	1	0	next	other	0
MAXED_1050_Day_A	129	Pulse	99	1520000	368	NA
MAXED_1050_Day_A	130	Picture	stage2_up	1527182	0	1	7550	1	0	next	other	0
MAXED_1050_Day_A	131	Picture	stage2_lose	1534732	0	1	10051	1	0	next	other	0
MAXED_1050_Day_A	131	Pulse	99	1540000	5268	NA
MAXED_1050_Day_A	132	Picture	stage1	1544783	0	1	4240	1	0	next	false_alarm	281
MAXED_1050_Day_A	132	Response	1	1548973	4190	1
MAXED_1050_Day_A	133	Picture	stage1_box	1549023	0	1	7550	1	0	next	other	0
MAXED_1050_Day_A	134	Picture	stage1_outcome	1556574	0	1	167	1	0	next	other	0
MAXED_1050_Day_A	135	Picture	stage2A	1556740	0	1	4057	1	0	next	false_alarm	286
MAXED_1050_Day_A	135	Pulse	99	1560000	3260	NA
MAXED_1050_Day_A	135	Response	1	1560742	4002	1
MAXED_1050_Day_A	136	Picture	stage2_box	1560797	0	1	7551	1	0	next	other	0
MAXED_1050_Day_A	137	Picture	stage2_up	1568348	0	1	7551	1	0	next	other	0
MAXED_1050_Day_A	138	Picture	stage2_lose	1575899	0	1	10051	1	0	next	other	0
MAXED_1050_Day_A	138	Pulse	99	1580000	4101	NA
MAXED_1050_Day_A	139	Picture	stage1	1585950	0	1	4422	1	0	next	false_alarm	292
MAXED_1050_Day_A	139	Response	2	1590322	4372	1
MAXED_1050_Day_A	140	Picture	stage1_box	1590372	0	1	7550	1	0	next	other	0
MAXED_1050_Day_A	141	Picture	stage1_outcome	1597922	0	1	167	1	0	next	other	0
MAXED_1050_Day_A	142	Picture	stage2B	1598089	0	1	13105	1	0	next	false_alarm	297
MAXED_1050_Day_A	142	Pulse	99	1600000	1911	NA
MAXED_1050_Day_A	142	Response	1	1611135	13046	1
MAXED_1050_Day_A	143	Picture	stage2_box	1611194	0	1	7664	1	0	next	other	0
MAXED_1050_Day_A	144	Picture	stage2_up	1618858	0	1	7664	1	0	next	other	0
MAXED_1050_Day_A	144	Pulse	99	1620000	1142	NA
MAXED_1050_Day_A	145	Picture	stage2_lose	1626522	0	1	10051	1	0	next	other	0
MAXED_1050_Day_A	146	Picture	stage1	1636574	0	1	3868	1	0	next	false_alarm	304
MAXED_1050_Day_A	146	Pulse	99	1640000	3426	NA
MAXED_1050_Day_A	146	Response	2	1640391	3818	1
MAXED_1050_Day_A	147	Picture	stage1_box	1640441	0	1	7549	1	0	next	other	0
MAXED_1050_Day_A	148	Picture	stage1_outcome	1647991	0	1	167	1	0	next	other	0
MAXED_1050_Day_A	149	Picture	stage2B	1648158	0	1	2840	1	0	next	false_alarm	308
MAXED_1050_Day_A	149	Response	2	1650948	2790	1
MAXED_1050_Day_A	150	Picture	stage2_box	1650998	0	1	7664	1	0	next	other	0
MAXED_1050_Day_A	151	Picture	stage2_up	1658662	0	1	7664	1	0	next	other	0
MAXED_1050_Day_A	151	Pulse	99	1660000	1338	NA
MAXED_1050_Day_A	152	Picture	stage2_win	1666326	0	1	10163	1	0	next	other	0
MAXED_1050_Day_A	153	Picture	stage1	1676489	0	1	3332	1	0	next	false_alarm	314
MAXED_1050_Day_A	153	Response	2	1679713	3224	1
MAXED_1050_Day_A	154	Picture	stage1_box	1679821	0	1	7664	1	0	next	other	0
MAXED_1050_Day_A	154	Pulse	99	1680000	179	NA
MAXED_1050_Day_A	155	Picture	stage1_outcome	1687485	0	1	167	1	0	next	other	0
MAXED_1050_Day_A	156	Picture	stage2A	1687652	0	1	2276	1	0	next	false_alarm	319
MAXED_1050_Day_A	156	Response	2	1689878	2226	1
MAXED_1050_Day_A	157	Picture	stage2_box	1689928	0	1	7550	1	0	next	other	0
MAXED_1050_Day_A	158	Picture	stage2_up	1697478	0	1	7550	1	0	next	other	0
MAXED_1050_Day_A	158	Pulse	99	1700000	2522	NA
MAXED_1050_Day_A	159	Picture	stage2_win	1705028	0	1	10052	1	0	next	other	0
MAXED_1050_Day_A	160	Picture	stage1	1715080	0	1	4061	1	0	next	false_alarm	325
MAXED_1050_Day_A	160	Response	2	1719091	4011	1
MAXED_1050_Day_A	161	Picture	stage1_box	1719141	0	1	7550	1	0	next	other	0
MAXED_1050_Day_A	161	Pulse	99	1720000	859	NA
MAXED_1050_Day_A	162	Picture	stage1_outcome	1726691	0	1	167	1	0	next	other	0
MAXED_1050_Day_A	163	Picture	stage2B	1726858	0	1	5476	1	0	next	false_alarm	330
MAXED_1050_Day_A	163	Response	2	1732284	5426	1
MAXED_1050_Day_A	164	Picture	stage2_box	1732334	0	1	7664	1	0	next	other	0
MAXED_1050_Day_A	165	Picture	stage2_up	1739998	0	1	7664	1	0	next	other	0
MAXED_1050_Day_A	165	Pulse	99	1740000	2	NA
MAXED_1050_Day_A	166	Picture	stage2_win	1747662	0	1	10163	1	0	next	other	0
MAXED_1050_Day_A	167	Picture	stage1	1757825	0	1	9997	1	0	next	false_alarm	337
MAXED_1050_Day_A	167	Pulse	99	1760000	2175	NA
MAXED_1050_Day_A	167	Response	1	1767782	9956	1
MAXED_1050_Day_A	168	Picture	stage1_box	1767822	0	1	7550	1	0	next	other	0
MAXED_1050_Day_A	169	Picture	stage1_outcome	1775372	0	1	167	1	0	next	other	0
MAXED_1050_Day_A	170	Picture	stage2A	1775539	0	1	12858	1	0	next	false_alarm	342
MAXED_1050_Day_A	170	Pulse	99	1780000	4461	NA
MAXED_1050_Day_A	170	Response	2	1788322	12783	1
MAXED_1050_Day_A	171	Picture	stage2_box	1788397	0	1	7563	1	0	next	other	0
MAXED_1050_Day_A	172	Picture	stage2_up	1795960	0	1	7550	1	0	next	other	0
MAXED_1050_Day_A	172	Pulse	99	1800000	4040	NA
MAXED_1050_Day_A	173	Picture	stage2_win	1803510	0	1	10050	1	0	next	other	0
MAXED_1050_Day_A	174	Picture	stage1	1813560	0	1	3419	1	0	next	false_alarm	348
MAXED_1050_Day_A	174	Response	2	1816929	3369	1
MAXED_1050_Day_A	175	Picture	stage1_box	1816979	0	1	7550	1	0	next	other	0
MAXED_1050_Day_A	175	Pulse	99	1820000	3021	NA
MAXED_1050_Day_A	176	Picture	stage1_outcome	1824529	0	1	167	1	0	next	other	0
MAXED_1050_Day_A	177	Picture	stage2B	1824696	0	1	4110	1	0	next	false_alarm	353
MAXED_1050_Day_A	177	Response	2	1828756	4060	1
MAXED_1050_Day_A	178	Picture	stage2_box	1828806	0	1	7664	1	0	next	other	0
MAXED_1050_Day_A	179	Picture	stage2_up	1836470	0	1	7664	1	0	next	other	0
MAXED_1050_Day_A	179	Pulse	99	1840000	3530	NA
MAXED_1050_Day_A	180	Picture	stage2_lose	1844134	0	1	10051	1	0	next	other	0
MAXED_1050_Day_A	181	Picture	stage1	1854184	0	1	8742	1	0	next	false_alarm	360
MAXED_1050_Day_A	181	Pulse	99	1860000	5816	NA
MAXED_1050_Day_A	181	Response	1	1862876	8692	1
MAXED_1050_Day_A	182	Picture	stage1_box	1862926	0	1	7550	1	0	next	other	0
MAXED_1050_Day_A	183	Picture	stage1_outcome	1870477	0	1	167	1	0	next	other	0
MAXED_1050_Day_A	184	Picture	stage2B	1870643	0	1	6774	1	0	next	false_alarm	364
MAXED_1050_Day_A	184	Response	2	1877241	6598	1
MAXED_1050_Day_A	185	Picture	stage2_box	1877417	0	1	7550	1	0	next	other	0
MAXED_1050_Day_A	185	Pulse	99	1880000	2583	NA
MAXED_1050_Day_A	186	Picture	stage2_up	1884968	0	1	7550	1	0	next	other	0
MAXED_1050_Day_A	187	Picture	stage2_lose	1892518	0	1	10051	1	0	next	other	0
MAXED_1050_Day_A	187	Pulse	99	1900000	7482	NA
MAXED_1050_Day_A	188	Picture	stage1	1902569	0	1	6408	1	0	next	false_alarm	371
MAXED_1050_Day_A	188	Response	2	1908927	6358	1
MAXED_1050_Day_A	189	Picture	stage1_box	1908977	0	1	7551	1	0	next	other	0
MAXED_1050_Day_A	190	Picture	stage1_outcome	1916528	0	1	167	1	0	next	other	0
MAXED_1050_Day_A	191	Picture	stage2B	1916695	0	1	7562	1	0	next	false_alarm	376
MAXED_1050_Day_A	191	Pulse	99	1920000	3305	NA
MAXED_1050_Day_A	191	Response	2	1924205	7510	1
MAXED_1050_Day_A	192	Picture	stage2_box	1924257	0	1	7664	1	0	next	other	0
MAXED_1050_Day_A	193	Picture	stage2_up	1931921	0	1	7664	1	0	next	other	0
MAXED_1050_Day_A	194	Picture	stage2_win	1939585	0	1	10163	1	0	next	other	0
MAXED_1050_Day_A	194	Pulse	99	1940000	415	NA
MAXED_1050_Day_A	195	Picture	stage1	1949749	0	1	9164	1	0	next	false_alarm	382
MAXED_1050_Day_A	195	Response	2	1958852	9103	1
MAXED_1050_Day_A	196	Picture	stage1_box	1958912	0	1	7550	1	0	next	other	0
MAXED_1050_Day_A	196	Pulse	99	1960000	1088	NA
MAXED_1050_Day_A	197	Picture	stage1_outcome	1966462	0	1	167	1	0	next	other	0
MAXED_1050_Day_A	198	Picture	stage2B	1966629	0	1	10346	1	0	next	false_alarm	387
MAXED_1050_Day_A	198	Response	2	1976924	10295	1
MAXED_1050_Day_A	199	Picture	stage2_box	1976975	0	1	7664	1	0	next	other	0
MAXED_1050_Day_A	199	Pulse	99	1980000	3025	NA
MAXED_1050_Day_A	200	Picture	stage2_up	1984639	0	1	7664	1	0	next	other	0
MAXED_1050_Day_A	201	Picture	stage2_lose	1992303	0	1	10051	1	0	next	other	0
MAXED_1050_Day_A	201	Pulse	99	2000000	7697	NA
MAXED_1050_Day_A	202	Picture	stage1	2002354	0	1	4673	1	0	next	false_alarm	394
MAXED_1050_Day_A	202	Response	2	2006977	4624	1
MAXED_1050_Day_A	203	Picture	stage1_box	2007027	0	1	7549	1	0	next	other	0
MAXED_1050_Day_A	204	Picture	stage1_outcome	2014576	0	1	167	1	0	next	other	0
MAXED_1050_Day_A	205	Picture	stage2B	2014743	0	1	5229	1	0	next	false_alarm	398
MAXED_1050_Day_A	205	Response	2	2019922	5179	1
MAXED_1050_Day_A	206	Picture	stage2_box	2019972	0	1	7664	1	0	next	other	0
MAXED_1050_Day_A	206	Pulse	99	2020000	28	NA
MAXED_1050_Day_A	207	Picture	stage2_up	2027636	0	1	7664	1	0	next	other	0
MAXED_1050_Day_A	208	Picture	stage2_lose	2035300	0	1	10050	1	0	next	other	0
MAXED_1050_Day_A	208	Pulse	99	2040000	4700	NA
MAXED_1050_Day_A	209	Picture	stage1	2045350	0	1	2658	1	0	next	false_alarm	405
MAXED_1050_Day_A	209	Response	1	2047959	2608	1
MAXED_1050_Day_A	210	Picture	stage1_box	2048008	0	1	7550	1	0	next	other	0
MAXED_1050_Day_A	211	Picture	stage1_outcome	2055559	0	1	167	1	0	next	other	0
MAXED_1050_Day_A	212	Picture	stage2A	2055725	0	1	3369	1	0	next	false_alarm	409
MAXED_1050_Day_A	212	Response	2	2059044	3319	1
MAXED_1050_Day_A	213	Picture	stage2_box	2059094	0	1	7550	1	0	next	other	0
MAXED_1050_Day_A	213	Pulse	99	2060000	906	NA
MAXED_1050_Day_A	214	Picture	stage2_up	2066644	0	1	7550	1	0	next	other	0
MAXED_1050_Day_A	215	Picture	stage2_win	2074195	0	1	10050	1	0	next	other	0
MAXED_1050_Day_A	215	Pulse	99	2080000	5805	NA
MAXED_1050_Day_A	216	Picture	stage1	2084245	0	1	7698	1	0	next	false_alarm	416
MAXED_1050_Day_A	216	Response	1	2091853	7608	1
MAXED_1050_Day_A	217	Picture	stage1_box	2091943	0	1	7550	1	0	next	other	0
MAXED_1050_Day_A	218	Picture	stage1_outcome	2099493	0	1	167	1	0	next	other	0
MAXED_1050_Day_A	219	Picture	stage2B	2099659	0	1	6358	1	0	next	false_alarm	421
MAXED_1050_Day_A	219	Pulse	99	2100000	341	NA
MAXED_1050_Day_A	219	Response	2	2105967	6307	1
MAXED_1050_Day_A	220	Picture	stage2_box	2106018	0	1	7664	1	0	next	other	0
MAXED_1050_Day_A	221	Picture	stage2_up	2113682	0	1	7664	1	0	next	other	0
MAXED_1050_Day_A	221	Pulse	99	2120000	6318	NA
MAXED_1050_Day_A	222	Picture	stage2_lose	2121346	0	1	10053	1	0	next	other	0
MAXED_1050_Day_A	223	Pulse	99	2140000	8601	NA
MAXED_1050_Day_A	223	Response	88	2154641	23242	1
