Scenario - 
Logfile written - 03/24/2023 18:07:15

Subject	Trial	Event Type	Code	Time	TTime	Uncertainty	Duration	Uncertainty	ReqTime	ReqDur	Stim Type	Pair Index

MAXED_1051	0	Pulse	99	0	0	NA
MAXED_1051	1	Picture	instructions_1	333	0	1	114865	1	0	next	false_alarm	8
MAXED_1051	1	Pulse	99	20000	19667	NA
MAXED_1051	1	Pulse	99	40000	39667	NA
MAXED_1051	1	Pulse	99	60000	59667	NA
MAXED_1051	1	Pulse	99	80000	79667	NA
MAXED_1051	1	Pulse	99	100000	99667	NA
MAXED_1051	1	Response	88	114972	114639	1
MAXED_1051	2	Picture	instructions_2	115198	0	1	88424	1	0	next	false_alarm	15
MAXED_1051	2	Pulse	99	120000	4802	NA
MAXED_1051	2	Pulse	99	140000	24802	NA
MAXED_1051	2	Pulse	99	160000	44802	NA
MAXED_1051	2	Pulse	99	180000	64802	NA
MAXED_1051	2	Pulse	99	200000	84802	NA
MAXED_1051	2	Response	88	203397	88199	1
MAXED_1051	3	Picture	instructions_3	203622	0	1	94938	1	0	next	false_alarm	21
MAXED_1051	3	Pulse	99	220000	16378	NA
MAXED_1051	3	Pulse	99	240000	36378	NA
MAXED_1051	3	Pulse	99	260000	56378	NA
MAXED_1051	3	Pulse	99	280000	76378	NA
MAXED_1051	3	Response	88	298366	94744	1
MAXED_1051	4	Picture	instructions_4	298560	0	1	59490	1	0	next	false_alarm	26
MAXED_1051	4	Pulse	99	300000	1440	NA
MAXED_1051	4	Pulse	99	320000	21440	NA
MAXED_1051	4	Pulse	99	340000	41440	NA
MAXED_1051	4	Response	88	357990	59430	1
MAXED_1051	5	Picture	instructions_5	358050	0	1	79168	1	0	next	false_alarm	32
MAXED_1051	5	Pulse	99	360000	1950	NA
MAXED_1051	5	Pulse	99	380000	21950	NA
MAXED_1051	5	Pulse	99	400000	41950	NA
MAXED_1051	5	Pulse	99	420000	61950	NA
MAXED_1051	5	Response	88	437160	79110	1
MAXED_1051	6	Picture	instructions_6	437218	0	1	27002	1	0	next	false_alarm	36
MAXED_1051	6	Pulse	99	440000	2782	NA
MAXED_1051	6	Pulse	99	460000	22782	NA
MAXED_1051	6	Response	88	464161	26943	1
MAXED_1051	7	Picture	instructions_7	464220	0	1	118659	1	0	next	false_alarm	44
MAXED_1051	7	Pulse	99	480000	15780	NA
MAXED_1051	7	Pulse	99	500000	35780	NA
MAXED_1051	7	Pulse	99	520000	55780	NA
MAXED_1051	7	Pulse	99	540000	75780	NA
MAXED_1051	7	Pulse	99	560000	95780	NA
MAXED_1051	7	Pulse	99	580000	115780	NA
MAXED_1051	7	Response	88	582820	118600	1
MAXED_1051	8	Picture	instructions_8	582878	0	1	92965	1	0	next	false_alarm	50
MAXED_1051	8	Pulse	99	600000	17122	NA
MAXED_1051	8	Pulse	99	620000	37122	NA
MAXED_1051	8	Pulse	99	640000	57122	NA
MAXED_1051	8	Pulse	99	660000	77122	NA
MAXED_1051	8	Response	88	675786	92907	1
MAXED_1051	9	Picture	instructions_9	675843	0	1	61004	1	0	next	false_alarm	55
MAXED_1051	9	Pulse	99	680000	4157	NA
MAXED_1051	9	Pulse	99	700000	24157	NA
MAXED_1051	9	Pulse	99	720000	44157	NA
MAXED_1051	9	Response	88	736647	60804	1
MAXED_1051	10	Picture	instructions_10	736848	0	1	87194	1	0	next	false_alarm	62
MAXED_1051	10	Pulse	99	740000	3152	NA
MAXED_1051	10	Pulse	99	760000	23152	NA
MAXED_1051	10	Pulse	99	780000	43152	NA
MAXED_1051	10	Pulse	99	800000	63152	NA
MAXED_1051	10	Pulse	99	820000	83152	NA
MAXED_1051	10	Response	88	823984	87136	1
MAXED_1051	11	Picture	instructions_11	824041	0	1	85750	1	0	next	false_alarm	68
MAXED_1051	11	Pulse	99	840000	15959	NA
MAXED_1051	11	Pulse	99	860000	35959	NA
MAXED_1051	11	Pulse	99	880000	55959	NA
MAXED_1051	11	Pulse	99	900000	75959	NA
MAXED_1051	11	Response	88	909721	85680	1
MAXED_1051	12	Picture	instructions_12	909792	0	1	32518	1	0	next	false_alarm	72
MAXED_1051	12	Pulse	99	920000	10208	NA
MAXED_1051	12	Pulse	99	940000	30208	NA
MAXED_1051	12	Response	88	942251	32459	1
MAXED_1051	13	Picture	instructions_13	942310	0	1	122598	1	0	next	false_alarm	80
MAXED_1051	13	Pulse	99	960000	17690	NA
MAXED_1051	13	Pulse	99	980000	37690	NA
MAXED_1051	13	Pulse	99	1000000	57690	NA
MAXED_1051	13	Pulse	99	1020000	77690	NA
MAXED_1051	13	Pulse	99	1040000	97690	NA
MAXED_1051	13	Pulse	99	1060000	117690	NA
MAXED_1051	13	Response	88	1064848	122538	1
MAXED_1051	14	Picture	instructions_14	1064908	0	1	29460	1	0	next	false_alarm	83
MAXED_1051	14	Pulse	99	1080000	15092	NA
MAXED_1051	14	Response	88	1094235	29327	1
MAXED_1051	15	Picture	instructions_15	1094367	0	1	88553	1	0	next	false_alarm	90
MAXED_1051	15	Pulse	99	1100000	5633	NA
MAXED_1051	15	Pulse	99	1120000	25633	NA
MAXED_1051	15	Pulse	99	1140000	45633	NA
MAXED_1051	15	Pulse	99	1160000	65633	NA
MAXED_1051	15	Pulse	99	1180000	85633	NA
MAXED_1051	15	Response	88	1182862	88495	1
MAXED_1051	16	Picture	instructions_16	1182920	0	1	42506	1	0	next	false_alarm	94
MAXED_1051	16	Pulse	99	1200000	17080	NA
MAXED_1051	16	Pulse	99	1220000	37080	NA
MAXED_1051	16	Response	88	1225232	42311	1
MAXED_1051	17	Picture	instructions_17	1225427	0	1	16917	1	0	next	false_alarm	97
MAXED_1051	17	Pulse	99	1240000	14573	NA
MAXED_1051	17	Response	88	1242287	16860	1
MAXED_1051	18	Picture	instructions_18	1242344	0	1	76321	1	0	next	false_alarm	102
MAXED_1051	18	Pulse	99	1260000	17656	NA
MAXED_1051	18	Pulse	99	1280000	37656	NA
MAXED_1051	18	Pulse	99	1300000	57656	NA
MAXED_1051	18	Response	88	1318438	76094	1
MAXED_1051	19	Picture	instructions_19	1318665	0	1	59921	1	0	next	false_alarm	107
MAXED_1051	19	Pulse	99	1320000	1335	NA
MAXED_1051	19	Pulse	99	1340000	21335	NA
MAXED_1051	19	Pulse	99	1360000	41335	NA
MAXED_1051	19	Response	88	1378526	59861	1
MAXED_1051	20	Picture	instructions_20	1378585	0	1	126482	1	0	next	false_alarm	116
MAXED_1051	20	Pulse	99	1380000	1415	NA
MAXED_1051	20	Pulse	99	1400000	21415	NA
MAXED_1051	20	Pulse	99	1420000	41415	NA
MAXED_1051	20	Pulse	99	1440000	61415	NA
MAXED_1051	20	Pulse	99	1460000	81415	NA
MAXED_1051	20	Pulse	99	1480000	101415	NA
MAXED_1051	20	Pulse	99	1500000	121415	NA
MAXED_1051	20	Response	88	1505009	126423	1
MAXED_1051	21	Picture	instructions_21	1505068	0	1	57403	1	0	next	false_alarm	121
MAXED_1051	21	Pulse	99	1520000	14932	NA
MAXED_1051	21	Pulse	99	1540000	34932	NA
MAXED_1051	21	Pulse	99	1560000	54932	NA
MAXED_1051	21	Response	88	1562412	57344	1
MAXED_1051	22	Picture	instructions_22	1562470	0	1	18622	1	0	next	false_alarm	124
MAXED_1051	22	Pulse	99	1580000	17530	NA
MAXED_1051	22	Response	88	1581033	18563	1
MAXED_1051	23	Picture	instructions_23	1581092	0	1	38996	1	0	next	false_alarm	128
MAXED_1051	23	Pulse	99	1600000	18908	NA
MAXED_1051	23	Pulse	99	1620000	38908	NA
MAXED_1051	23	Response	88	1620030	38938	1
MAXED_1051	24	Picture	instructions_24	1620088	0	1	64782	1	0	next	false_alarm	133
MAXED_1051	24	Pulse	99	1640000	19912	NA
MAXED_1051	24	Pulse	99	1660000	39912	NA
MAXED_1051	24	Pulse	99	1680000	59912	NA
MAXED_1051	24	Response	88	1684811	64724	1
MAXED_1051	25	Picture	instructions_25	1684870	0	1	58091	1	0	next	false_alarm	138
MAXED_1051	25	Pulse	99	1700000	15130	NA
MAXED_1051	25	Pulse	99	1720000	35130	NA
MAXED_1051	25	Pulse	99	1740000	55130	NA
MAXED_1051	25	Response	88	1742902	58032	1
MAXED_1051	26	Picture	instructions_26	1742960	0	1	74762	1	0	next	false_alarm	143
MAXED_1051	26	Pulse	99	1760000	17040	NA
MAXED_1051	26	Pulse	99	1780000	37040	NA
MAXED_1051	26	Pulse	99	1800000	57040	NA
MAXED_1051	26	Response	88	1817666	74706	1
MAXED_1051	27	Picture	instructions_27	1817723	0	1	27078	1	0	next	false_alarm	147
MAXED_1051	27	Pulse	99	1820000	2277	NA
MAXED_1051	27	Pulse	99	1840000	22277	NA
MAXED_1051	27	Response	88	1844743	27021	1
MAXED_1051	28	Picture	instructions_28	1844801	0	1	21905	1	0	next	false_alarm	150
MAXED_1051	28	Pulse	99	1860000	15199	NA
MAXED_1051	28	Response	88	1866482	21681	1
MAXED_1051	29	Picture	instructions_29	1866706	0	1	30692	1	0	next	false_alarm	153
MAXED_1051	29	Pulse	99	1880000	13294	NA
MAXED_1051	29	Response	88	1897340	30634	1
MAXED_1051	30	Picture	instructions_30	1897398	0	1	101469	1	0	next	false_alarm	160
MAXED_1051	30	Pulse	99	1900000	2602	NA
MAXED_1051	30	Pulse	99	1920000	22602	NA
MAXED_1051	30	Pulse	99	1940000	42602	NA
MAXED_1051	30	Pulse	99	1960000	62602	NA
MAXED_1051	30	Pulse	99	1980000	82602	NA
MAXED_1051	30	Response	88	1998809	101411	1
MAXED_1051	31	Picture	instructions_31	1998867	0	1	206276	1	0	next	false_alarm	173
MAXED_1051	31	Pulse	99	2000000	1133	NA
MAXED_1051	31	Pulse	99	2020000	21133	NA
MAXED_1051	31	Pulse	99	2040000	41133	NA
MAXED_1051	31	Pulse	99	2060000	61133	NA
MAXED_1051	31	Pulse	99	2080000	81133	NA
MAXED_1051	31	Pulse	99	2100000	101133	NA
MAXED_1051	31	Pulse	99	2120000	121133	NA
MAXED_1051	31	Pulse	99	2140000	141133	NA
MAXED_1051	31	Pulse	99	2160000	161133	NA
MAXED_1051	31	Pulse	99	2180000	181133	NA
MAXED_1051	31	Pulse	99	2200000	201133	NA
MAXED_1051	31	Response	88	2204926	206059	1
MAXED_1051	32	Picture	instructions_32	2205143	0	1	63568	1	0	next	false_alarm	178
MAXED_1051	32	Pulse	99	2220000	14857	NA
MAXED_1051	32	Pulse	99	2240000	34857	NA
MAXED_1051	32	Pulse	99	2260000	54857	NA
MAXED_1051	32	Response	88	2268485	63342	1
MAXED_1051	33	Picture	instructions_33	2268711	0	1	49160	1	0	next	false_alarm	182
MAXED_1051	33	Pulse	99	2280000	11289	NA
MAXED_1051	33	Pulse	99	2300000	31289	NA
MAXED_1051	33	Response	88	2317812	49101	1
MAXED_1051	34	Picture	instructions_34	2317871	0	1	88313	1	0	next	false_alarm	189
MAXED_1051	34	Pulse	99	2320000	2129	NA
MAXED_1051	34	Pulse	99	2340000	22129	NA
MAXED_1051	34	Pulse	99	2360000	42129	NA
MAXED_1051	34	Pulse	99	2380000	62129	NA
MAXED_1051	34	Pulse	99	2400000	82129	NA
MAXED_1051	34	Response	88	2405959	88088	1
MAXED_1051	35	Picture	instructions_35	2406184	0	1	80754	1	0	next	false_alarm	195
MAXED_1051	35	Pulse	99	2420000	13816	NA
MAXED_1051	35	Pulse	99	2440000	33816	NA
MAXED_1051	35	Pulse	99	2460000	53816	NA
MAXED_1051	35	Pulse	99	2480000	73816	NA
MAXED_1051	35	Response	88	2486879	80694	1
MAXED_1051	36	Picture	instructions_36	2486938	0	1	88512	1	0	next	false_alarm	201
MAXED_1051	36	Pulse	99	2500000	13062	NA
MAXED_1051	36	Pulse	99	2520000	33062	NA
MAXED_1051	36	Pulse	99	2540000	53062	NA
MAXED_1051	36	Pulse	99	2560000	73062	NA
MAXED_1051	36	Response	88	2575225	88287	1
MAXED_1051	37	Picture	instructions_37	2575450	0	1	98611	1	0	next	false_alarm	208
MAXED_1051	37	Pulse	99	2580000	4550	NA
MAXED_1051	37	Pulse	99	2600000	24550	NA
MAXED_1051	37	Pulse	99	2620000	44550	NA
MAXED_1051	37	Pulse	99	2640000	64550	NA
MAXED_1051	37	Pulse	99	2660000	84550	NA
MAXED_1051	37	Response	88	2674003	98552	1
MAXED_1051	38	Picture	instructions_38	2674061	0	1	74890	1	0	next	false_alarm	214
MAXED_1051	38	Pulse	99	2680000	5939	NA
MAXED_1051	38	Pulse	99	2700000	25939	NA
MAXED_1051	38	Pulse	99	2720000	45939	NA
MAXED_1051	38	Pulse	99	2740000	65939	NA
MAXED_1051	38	Response	88	2748895	74834	1
MAXED_1051	39	Picture	instructions_39	2748951	0	1	384599	1	0	next	false_alarm	235
MAXED_1051	39	Pulse	99	2760000	11049	NA
MAXED_1051	39	Pulse	99	2780000	31049	NA
MAXED_1051	39	Pulse	99	2800000	51049	NA
MAXED_1051	39	Pulse	99	2820000	71049	NA
MAXED_1051	39	Pulse	99	2840000	91049	NA
MAXED_1051	39	Pulse	99	2860000	111049	NA
MAXED_1051	39	Pulse	99	2880000	131049	NA
MAXED_1051	39	Pulse	99	2900000	151049	NA
MAXED_1051	39	Pulse	99	2920000	171049	NA
MAXED_1051	39	Pulse	99	2940000	191049	NA
MAXED_1051	39	Pulse	99	2960000	211049	NA
MAXED_1051	39	Pulse	99	2980000	231049	NA
MAXED_1051	39	Pulse	99	3000000	251049	NA
MAXED_1051	39	Pulse	99	3020000	271049	NA
MAXED_1051	39	Pulse	99	3040000	291049	NA
MAXED_1051	39	Pulse	99	3060000	311049	NA
MAXED_1051	39	Pulse	99	3080000	331049	NA
MAXED_1051	39	Pulse	99	3100000	351049	NA
MAXED_1051	39	Pulse	99	3120000	371049	NA
MAXED_1051	39	Response	88	3133492	384541	1
MAXED_1051	40	Picture	instructions_40	3133550	0	1	51015	1	0	next	false_alarm	240
MAXED_1051	40	Pulse	99	3140000	6450	NA
MAXED_1051	40	Pulse	99	3160000	26450	NA
MAXED_1051	40	Pulse	99	3180000	46450	NA
MAXED_1051	40	Response	88	3184414	50863	1
MAXED_1051	41	Picture	instructions_41	3184565	0	1	40831	1	0	next	false_alarm	244
MAXED_1051	41	Pulse	99	3200000	15435	NA
MAXED_1051	41	Pulse	99	3220000	35435	NA
MAXED_1051	41	Response	88	3225342	40777	1
MAXED_1051	42	Picture	instructions_42	3225396	0	1	63786	1	0	next	false_alarm	249
MAXED_1051	42	Pulse	99	3240000	14604	NA
MAXED_1051	42	Pulse	99	3260000	34604	NA
MAXED_1051	42	Pulse	99	3280000	54604	NA
MAXED_1051	42	Response	88	3289125	63729	1
MAXED_1051	43	Picture	instructions_43	3289182	0	1	23638	1	0	next	false_alarm	252
MAXED_1051	43	Pulse	99	3300000	10818	NA
MAXED_1051	43	Response	88	3312765	23583	1
MAXED_1051	44	Picture	instructions_44	3312821	0	1	70105	1	0	next	false_alarm	258
MAXED_1051	44	Pulse	99	3320000	7179	NA
MAXED_1051	44	Pulse	99	3340000	27179	NA
MAXED_1051	44	Pulse	99	3360000	47179	NA
MAXED_1051	44	Pulse	99	3380000	67179	NA
MAXED_1051	44	Response	88	3382868	70047	1
MAXED_1051	45	Picture	instructions_45	3382926	0	1	34200	1	0	next	false_alarm	261
MAXED_1051	45	Pulse	99	3400000	17074	NA
MAXED_1051	45	Response	88	3417069	34143	1
MAXED_1051	46	Picture	instructions_46	3417125	0	1	33980	1	0	next	false_alarm	265
MAXED_1051	46	Pulse	99	3420000	2875	NA
MAXED_1051	46	Pulse	99	3440000	22875	NA
MAXED_1051	46	Response	88	3451046	33921	1
MAXED_1051	47	Picture	fixation	3451105	0	1	5059	1	0	next	other	0
MAXED_1051	48	Picture	stage1	3456165	0	1	20329	1	0	next	false_alarm	269
MAXED_1051	48	Pulse	99	3460000	3835	NA
MAXED_1051	48	Response	2	3476440	20275	1
MAXED_1051	49	Picture	stage1_box	3476493	0	1	7549	1	0	next	other	0
MAXED_1051	49	Pulse	99	3480000	3507	NA
MAXED_1051	50	Picture	stage1_outcome	3484043	0	1	167	1	0	next	other	0
MAXED_1051	51	Picture	stage2A	3484209	0	1	29282	1	0	next	false_alarm	275
MAXED_1051	51	Pulse	99	3500000	15791	NA
MAXED_1051	51	Response	1	3513438	29229	1
MAXED_1051	52	Picture	stage2_box	3513492	0	1	7550	1	0	next	other	0
MAXED_1051	52	Pulse	99	3520000	6508	NA
MAXED_1051	53	Picture	stage2_up	3521042	0	1	7553	1	0	next	other	0
MAXED_1051	54	Picture	stage2_lose	3528595	0	1	10051	1	0	next	other	0
MAXED_1051	55	Picture	stage1	3538646	0	1	21370	1	0	next	false_alarm	282
MAXED_1051	55	Pulse	99	3540000	1354	NA
MAXED_1051	55	Response	1	3559983	21337	1
MAXED_1051	55	Pulse	99	3560000	21354	NA
MAXED_1051	56	Picture	stage1_box	3560017	0	1	7550	1	0	next	other	0
MAXED_1051	57	Picture	stage1_outcome	3567567	0	1	167	1	0	next	other	0
MAXED_1051	58	Picture	stage2B	3567734	0	1	24145	1	0	next	false_alarm	288
MAXED_1051	58	Pulse	99	3580000	12266	NA
MAXED_1051	58	Response	1	3591824	24091	1
MAXED_1051	59	Picture	stage2_box	3591879	0	1	7551	1	0	next	other	0
MAXED_1051	60	Picture	stage2_up	3599430	0	1	7550	1	0	next	other	0
MAXED_1051	60	Pulse	99	3600000	570	NA
MAXED_1051	61	Picture	stage2_lose	3606980	0	1	10053	1	0	next	other	0
MAXED_1051	62	Picture	stage1	3617033	0	1	8437	1	0	next	false_alarm	295
MAXED_1051	62	Pulse	99	3620000	2967	NA
MAXED_1051	62	Response	1	3625420	8387	1
MAXED_1051	63	Picture	stage1_box	3625470	0	1	7550	1	0	next	other	0
MAXED_1051	64	Picture	stage1_outcome	3633020	0	1	167	1	0	next	other	0
MAXED_1051	65	Picture	stage2A	3633186	0	1	15781	1	0	next	false_alarm	300
MAXED_1051	65	Pulse	99	3640000	6814	NA
MAXED_1051	65	Response	2	3648915	15729	1
MAXED_1051	66	Picture	stage2_box	3648968	0	1	7553	1	0	next	other	0
MAXED_1051	67	Picture	stage2_up	3656520	0	1	7550	1	0	next	other	0
MAXED_1051	67	Pulse	99	3660000	3480	NA
MAXED_1051	68	Picture	stage2_lose	3664070	0	1	10050	1	0	next	other	0
MAXED_1051	69	Picture	stage1	3674120	0	1	11524	1	0	next	false_alarm	307
MAXED_1051	69	Pulse	99	3680000	5880	NA
MAXED_1051	69	Response	2	3685594	11474	1
MAXED_1051	70	Picture	stage1_box	3685644	0	1	7550	1	0	next	other	0
MAXED_1051	71	Picture	stage1_outcome	3693194	0	1	167	1	0	next	other	0
MAXED_1051	72	Picture	stage2B	3693361	0	1	9237	1	0	next	false_alarm	312
MAXED_1051	72	Pulse	99	3700000	6639	NA
MAXED_1051	72	Response	2	3702543	9182	1
MAXED_1051	73	Picture	stage2_box	3702598	0	1	7550	1	0	next	other	0
MAXED_1051	74	Picture	stage2_up	3710148	0	1	7554	1	0	next	other	0
MAXED_1051	75	Picture	stage2_win	3717703	0	1	10051	1	0	next	other	0
MAXED_1051	75	Pulse	99	3720000	2297	NA
MAXED_1051	76	Picture	stage1	3727753	0	1	7227	1	0	next	false_alarm	318
MAXED_1051	76	Response	2	3734931	7177	1
MAXED_1051	77	Picture	stage1_box	3734980	0	1	7550	1	0	next	other	0
MAXED_1051	77	Pulse	99	3740000	5020	NA
MAXED_1051	78	Picture	stage1_outcome	3742531	0	1	167	1	0	next	other	0
MAXED_1051	79	Picture	stage2B	3742697	0	1	7085	1	0	next	false_alarm	323
MAXED_1051	79	Response	2	3749745	7048	1
MAXED_1051	80	Picture	stage2_box	3749783	0	1	7550	1	0	next	other	0
MAXED_1051	81	Picture	stage2_up	3757333	0	1	7549	1	0	next	other	0
MAXED_1051	81	Pulse	99	3760000	2667	NA
MAXED_1051	82	Picture	stage2_lose	3764882	0	1	10051	1	0	next	other	0
MAXED_1051	83	Picture	stage1	3774932	0	1	13817	1	0	next	false_alarm	330
MAXED_1051	83	Pulse	99	3780000	5068	NA
MAXED_1051	83	Response	1	3788699	13766	1
MAXED_1051	84	Picture	stage1_box	3788749	0	1	7550	1	0	next	other	0
MAXED_1051	85	Picture	stage1_outcome	3796299	0	1	167	1	0	next	other	0
MAXED_1051	86	Picture	stage2A	3796465	0	1	9439	1	0	next	false_alarm	335
MAXED_1051	86	Pulse	99	3800000	3535	NA
MAXED_1051	86	Response	1	3805854	9388	1
MAXED_1051	87	Picture	stage2_box	3805904	0	1	7550	1	0	next	other	0
MAXED_1051	88	Picture	stage2_up	3813454	0	1	7550	1	0	next	other	0
MAXED_1051	88	Pulse	99	3820000	6546	NA
MAXED_1051	89	Picture	stage2_lose	3821004	0	1	10051	1	0	next	other	0
MAXED_1051	90	Picture	stage1	3831054	0	1	7222	1	0	next	false_alarm	341
MAXED_1051	90	Response	1	3838226	7172	1
MAXED_1051	91	Picture	stage1_box	3838276	0	1	7550	1	0	next	other	0
MAXED_1051	91	Pulse	99	3840000	1724	NA
MAXED_1051	92	Picture	stage1_outcome	3845826	0	1	167	1	0	next	other	0
MAXED_1051	93	Picture	stage2A	3845993	0	1	7380	1	0	next	false_alarm	346
MAXED_1051	93	Response	2	3853323	7330	1
MAXED_1051	94	Picture	stage2_box	3853373	0	1	7550	1	0	next	other	0
MAXED_1051	94	Pulse	99	3860000	6627	NA
MAXED_1051	95	Picture	stage2_up	3860923	0	1	7550	1	0	next	other	0
MAXED_1051	96	Picture	stage2_win	3868472	0	1	10050	1	0	next	other	0
MAXED_1051	97	Picture	stage1	3878523	0	1	4331	1	0	next	false_alarm	353
MAXED_1051	97	Pulse	99	3880000	1477	NA
MAXED_1051	97	Response	1	3882805	4282	1
MAXED_1051	98	Picture	stage1_box	3882854	0	1	7550	1	0	next	other	0
MAXED_1051	99	Picture	stage1_outcome	3890404	0	1	167	1	0	next	other	0
MAXED_1051	100	Picture	stage2A	3890571	0	1	6259	1	0	next	false_alarm	357
MAXED_1051	100	Response	2	3896781	6210	1
MAXED_1051	101	Picture	stage2_box	3896831	0	1	7550	1	0	next	other	0
MAXED_1051	101	Pulse	99	3900000	3169	NA
MAXED_1051	102	Picture	stage2_up	3904381	0	1	7550	1	0	next	other	0
MAXED_1051	103	Picture	stage2_win	3911930	0	1	10050	1	0	next	other	0
MAXED_1051	103	Pulse	99	3920000	8070	NA
MAXED_1051	104	Picture	stage1	3921981	0	1	3697	1	0	next	false_alarm	364
MAXED_1051	104	Response	1	3925629	3648	1
MAXED_1051	105	Picture	stage1_box	3925678	0	1	7550	1	0	next	other	0
MAXED_1051	106	Picture	stage1_outcome	3933228	0	1	167	1	0	next	other	0
MAXED_1051	107	Picture	stage2A	3933395	0	1	6563	1	0	next	false_alarm	368
MAXED_1051	107	Response	2	3939908	6513	1
MAXED_1051	108	Picture	stage2_box	3939958	0	1	7550	1	0	next	other	0
MAXED_1051	108	Pulse	99	3940000	42	NA
MAXED_1051	109	Picture	stage2_up	3947508	0	1	7550	1	0	next	other	0
MAXED_1051	110	Picture	stage2_lose	3955058	0	1	10050	1	0	next	other	0
MAXED_1051	110	Pulse	99	3960000	4942	NA
MAXED_1051	111	Picture	stage1	3965109	0	1	6270	1	0	next	false_alarm	375
MAXED_1051	111	Response	1	3971201	6093	1
MAXED_1051	112	Picture	stage1_box	3971379	0	1	7550	1	0	next	other	0
MAXED_1051	113	Picture	stage1_outcome	3978929	0	1	167	1	0	next	other	0
MAXED_1051	114	Picture	stage2A	3979095	0	1	4047	1	0	next	false_alarm	380
MAXED_1051	114	Pulse	99	3980000	905	NA
MAXED_1051	114	Response	1	3983093	3998	1
MAXED_1051	115	Picture	stage2_box	3983143	0	1	7550	1	0	next	other	0
MAXED_1051	116	Picture	stage2_up	3990692	0	1	7601	1	0	next	other	0
MAXED_1051	117	Picture	stage2_lose	3998293	0	1	10050	1	0	next	other	0
MAXED_1051	117	Pulse	99	4000000	1707	NA
MAXED_1051	118	Picture	stage1	4008343	0	1	2998	1	0	next	false_alarm	386
MAXED_1051	118	Response	2	4011292	2948	1
MAXED_1051	119	Picture	stage1_box	4011341	0	1	7550	1	0	next	other	0
MAXED_1051	120	Picture	stage1_outcome	4018891	0	1	167	1	0	next	other	0
MAXED_1051	121	Picture	stage2B	4019058	0	1	8059	1	0	next	false_alarm	391
MAXED_1051	121	Pulse	99	4020000	942	NA
MAXED_1051	121	Response	1	4027067	8009	1
MAXED_1051	122	Picture	stage2_box	4027117	0	1	7550	1	0	next	other	0
MAXED_1051	123	Picture	stage2_up	4034666	0	1	7550	1	0	next	other	0
MAXED_1051	123	Pulse	99	4040000	5334	NA
MAXED_1051	124	Picture	stage2_win	4042216	0	1	10050	1	0	next	other	0
MAXED_1051	125	Picture	stage1	4052267	0	1	3354	1	0	next	false_alarm	397
MAXED_1051	125	Response	2	4055571	3304	1
MAXED_1051	126	Picture	stage1_box	4055620	0	1	7549	1	0	next	other	0
MAXED_1051	126	Pulse	99	4060000	4380	NA
MAXED_1051	127	Picture	stage1_outcome	4063170	0	1	167	1	0	next	other	0
MAXED_1051	128	Picture	stage2A	4063336	0	1	15401	1	0	next	false_alarm	402
MAXED_1051	128	Response	1	4078688	15351	1
MAXED_1051	129	Picture	stage2_box	4078737	0	1	7550	1	0	next	other	0
MAXED_1051	129	Pulse	99	4080000	1263	NA
MAXED_1051	130	Picture	stage2_up	4086287	0	1	7599	1	0	next	other	0
MAXED_1051	131	Picture	stage2_lose	4093886	0	1	10050	1	0	next	other	0
MAXED_1051	131	Pulse	99	4100000	6114	NA
MAXED_1051	132	Picture	stage1	4103935	0	1	7372	1	0	next	false_alarm	409
MAXED_1051	132	Response	2	4111258	7322	1
MAXED_1051	133	Picture	stage1_box	4111307	0	1	7550	1	0	next	other	0
MAXED_1051	134	Picture	stage1_outcome	4118857	0	1	167	1	0	next	other	0
MAXED_1051	135	Picture	stage2B	4119024	0	1	5387	1	0	next	false_alarm	414
MAXED_1051	135	Pulse	99	4120000	976	NA
MAXED_1051	135	Response	1	4124361	5337	1
MAXED_1051	136	Picture	stage2_box	4124410	0	1	7550	1	0	next	other	0
MAXED_1051	137	Picture	stage2_up	4131960	0	1	7550	1	0	next	other	0
MAXED_1051	138	Picture	stage2_lose	4139510	0	1	10143	1	0	next	other	0
MAXED_1051	138	Pulse	99	4140000	490	NA
MAXED_1051	139	Picture	stage1	4149652	0	1	7016	1	0	next	false_alarm	420
MAXED_1051	139	Response	2	4156629	6977	1
MAXED_1051	140	Picture	stage1_box	4156668	0	1	7550	1	0	next	other	0
MAXED_1051	140	Pulse	99	4160000	3332	NA
MAXED_1051	141	Picture	stage1_outcome	4164218	0	1	167	1	0	next	other	0
MAXED_1051	142	Picture	stage2B	4164384	0	1	4236	1	0	next	false_alarm	425
MAXED_1051	142	Response	2	4168571	4186	1
MAXED_1051	143	Picture	stage2_box	4168620	0	1	7549	1	0	next	other	0
MAXED_1051	144	Picture	stage2_up	4176169	0	1	7549	1	0	next	other	0
MAXED_1051	144	Pulse	99	4180000	3831	NA
MAXED_1051	145	Picture	stage2_win	4183718	0	1	10050	1	0	next	other	0
MAXED_1051	146	Picture	stage1	4193768	0	1	3589	1	0	next	false_alarm	431
MAXED_1051	146	Response	2	4197307	3539	1
MAXED_1051	147	Picture	stage1_box	4197357	0	1	7550	1	0	next	other	0
MAXED_1051	147	Pulse	99	4200000	2643	NA
MAXED_1051	148	Picture	stage1_outcome	4204906	0	1	167	1	0	next	other	0
MAXED_1051	149	Picture	stage2B	4205073	0	1	6084	1	0	next	false_alarm	436
MAXED_1051	149	Response	2	4211118	6045	1
MAXED_1051	150	Picture	stage2_box	4211157	0	1	7550	1	0	next	other	0
MAXED_1051	151	Picture	stage2_up	4218707	0	1	7550	1	0	next	other	0
MAXED_1051	151	Pulse	99	4220000	1293	NA
MAXED_1051	152	Picture	stage2_lose	4226257	0	1	10050	1	0	next	other	0
MAXED_1051	153	Picture	stage1	4236307	0	1	8522	1	0	next	false_alarm	443
MAXED_1051	153	Pulse	99	4240000	3693	NA
MAXED_1051	153	Response	1	4244778	8472	1
MAXED_1051	154	Picture	stage1_box	4244828	0	1	7550	1	0	next	other	0
MAXED_1051	155	Picture	stage1_outcome	4252378	0	1	167	1	0	next	other	0
MAXED_1051	156	Picture	stage2A	4252545	0	1	10262	11	0	next	false_alarm	448
MAXED_1051	156	Pulse	99	4260000	7455	NA
MAXED_1051	156	Response	2	4262767	10222	1
MAXED_1051	157	Picture	stage2_box	4262806	0	11	7550	11	0	next	other	0
MAXED_1051	158	Picture	stage2_up	4270356	0	1	7562	1	0	next	other	0
MAXED_1051	159	Picture	stage2_win	4277918	0	1	10051	1	0	next	other	0
MAXED_1051	159	Pulse	99	4280000	2082	NA
MAXED_1051	160	Picture	stage1	4287969	0	1	3249	1	0	next	false_alarm	454
MAXED_1051	160	Response	1	4291072	3103	1
MAXED_1051	161	Picture	stage1_box	4291218	0	1	7550	1	0	next	other	0
MAXED_1051	162	Picture	stage1_outcome	4298768	0	1	167	1	0	next	other	0
MAXED_1051	163	Picture	stage2A	4298934	0	1	5089	1	0	next	false_alarm	459
MAXED_1051	163	Pulse	99	4300000	1066	NA
MAXED_1051	163	Response	2	4303974	5040	1
MAXED_1051	164	Picture	stage2_box	4304024	0	1	7550	1	0	next	other	0
MAXED_1051	165	Picture	stage2_up	4311574	0	1	7550	1	0	next	other	0
MAXED_1051	166	Picture	stage2_win	4319124	0	1	10050	1	0	next	other	0
MAXED_1051	166	Pulse	99	4320000	876	NA
MAXED_1051	167	Picture	stage1	4329174	0	1	3358	1	0	next	false_alarm	465
MAXED_1051	167	Response	1	4332493	3320	1
MAXED_1051	168	Picture	stage1_box	4332532	0	1	7539	1	0	next	other	0
MAXED_1051	168	Pulse	99	4340000	7468	NA
MAXED_1051	169	Picture	stage1_outcome	4340071	0	1	167	1	0	next	other	0
MAXED_1051	170	Picture	stage2A	4340237	0	1	3827	1	0	next	false_alarm	470
MAXED_1051	170	Response	2	4344015	3778	1
MAXED_1051	171	Picture	stage2_box	4344065	0	1	7550	1	0	next	other	0
MAXED_1051	172	Picture	stage2_up	4351614	0	1	7549	1	0	next	other	0
MAXED_1051	173	Picture	stage2_win	4359164	0	1	10050	1	0	next	other	0
MAXED_1051	173	Pulse	99	4360000	836	NA
MAXED_1051	174	Picture	stage1	4369214	0	1	3159	1	0	next	false_alarm	476
MAXED_1051	174	Response	1	4372323	3110	1
MAXED_1051	175	Picture	stage1_box	4372373	0	1	7550	1	0	next	other	0
MAXED_1051	176	Picture	stage1_outcome	4379923	0	1	167	1	0	next	other	0
MAXED_1051	176	Pulse	99	4380000	77	NA
MAXED_1051	177	Picture	stage2B	4380089	0	1	4348	1	0	next	false_alarm	481
MAXED_1051	177	Response	2	4384388	4298	1
MAXED_1051	178	Picture	stage2_box	4384437	0	1	7550	1	0	next	other	0
MAXED_1051	179	Picture	stage2_up	4391987	0	1	7550	1	0	next	other	0
MAXED_1051	180	Picture	stage2_lose	4399537	0	1	10039	1	0	next	other	0
MAXED_1051	180	Pulse	99	4400000	463	NA
MAXED_1051	181	Picture	stage1	4409576	0	1	7030	1	0	next	false_alarm	487
MAXED_1051	181	Response	1	4416556	6980	1
MAXED_1051	182	Picture	stage1_box	4416606	0	1	7550	1	0	next	other	0
MAXED_1051	182	Pulse	99	4420000	3394	NA
MAXED_1051	183	Picture	stage1_outcome	4424156	0	1	167	1	0	next	other	0
MAXED_1051	184	Picture	stage2A	4424322	0	1	3993	1	0	next	false_alarm	492
MAXED_1051	184	Response	2	4428266	3943	1
MAXED_1051	185	Picture	stage2_box	4428315	0	1	7549	1	0	next	other	0
MAXED_1051	186	Picture	stage2_up	4435865	0	1	7550	1	0	next	other	0
MAXED_1051	186	Pulse	99	4440000	4135	NA
MAXED_1051	187	Picture	stage2_lose	4443415	0	1	10051	1	0	next	other	0
MAXED_1051	188	Picture	stage1	4453466	0	1	4554	1	0	next	false_alarm	498
MAXED_1051	188	Response	2	4457970	4505	1
MAXED_1051	189	Picture	stage1_box	4458020	0	1	7550	1	0	next	other	0
MAXED_1051	189	Pulse	99	4460000	1980	NA
MAXED_1051	190	Picture	stage1_outcome	4465570	0	1	167	1	0	next	other	0
MAXED_1051	191	Picture	stage2B	4465736	0	1	4964	1	0	next	false_alarm	503
MAXED_1051	191	Response	1	4470651	4914	1
MAXED_1051	192	Picture	stage2_box	4470700	0	1	7549	1	0	next	other	0
MAXED_1051	193	Picture	stage2_up	4478249	0	1	7566	1	0	next	other	0
MAXED_1051	193	Pulse	99	4480000	1751	NA
MAXED_1051	194	Picture	stage2_win	4485816	0	1	10050	1	0	next	other	0
MAXED_1051	195	Picture	stage1	4495866	0	1	4411	1	0	next	false_alarm	510
MAXED_1051	195	Pulse	99	4500000	4134	NA
MAXED_1051	195	Response	2	4500159	4293	1
MAXED_1051	196	Picture	stage1_box	4500277	0	1	7550	1	0	next	other	0
MAXED_1051	197	Picture	stage1_outcome	4507827	0	1	167	1	0	next	other	0
MAXED_1051	198	Picture	stage2B	4507993	0	1	6636	1	0	next	false_alarm	514
MAXED_1051	198	Response	1	4514580	6587	1
MAXED_1051	199	Picture	stage2_box	4514630	0	1	7550	1	0	next	other	0
MAXED_1051	199	Pulse	99	4520000	5370	NA
MAXED_1051	200	Picture	stage2_up	4522180	0	1	7550	1	0	next	other	0
MAXED_1051	201	Picture	stage2_win	4529729	0	1	10050	1	0	next	other	0
MAXED_1051	202	Picture	stage1	4539779	0	1	4104	1	0	next	false_alarm	521
MAXED_1051	202	Pulse	99	4540000	221	NA
MAXED_1051	202	Response	2	4543833	4054	1
MAXED_1051	203	Picture	stage1_box	4543883	0	1	7550	1	0	next	other	0
MAXED_1051	204	Picture	stage1_outcome	4551433	0	1	167	1	0	next	other	0
MAXED_1051	205	Picture	stage2B	4551600	0	1	5250	1	0	next	false_alarm	525
MAXED_1051	205	Response	1	4556799	5200	1
MAXED_1051	206	Picture	stage2_box	4556849	0	1	7550	1	0	next	other	0
MAXED_1051	206	Pulse	99	4560000	3151	NA
MAXED_1051	207	Picture	stage2_up	4564399	0	1	7539	1	0	next	other	0
MAXED_1051	208	Picture	stage2_win	4571938	0	1	10127	1	0	next	other	0
MAXED_1051	208	Pulse	99	4580000	8062	NA
MAXED_1051	209	Picture	stage1	4582065	0	1	4321	1	0	next	false_alarm	532
MAXED_1051	209	Response	2	4586337	4272	1
MAXED_1051	210	Picture	stage1_box	4586386	0	1	7550	1	0	next	other	0
MAXED_1051	211	Picture	stage1_outcome	4593936	0	1	167	1	0	next	other	0
MAXED_1051	212	Picture	stage2B	4594103	0	1	5033	1	0	next	false_alarm	536
MAXED_1051	212	Response	1	4599087	4984	1
MAXED_1051	213	Picture	stage2_box	4599136	0	1	7550	1	0	next	other	0
MAXED_1051	213	Pulse	99	4600000	864	NA
MAXED_1051	214	Picture	stage2_up	4606686	0	1	7550	1	0	next	other	0
MAXED_1051	215	Picture	stage2_win	4614236	0	1	10050	1	0	next	other	0
MAXED_1051	215	Pulse	99	4620000	5764	NA
MAXED_1051	216	Picture	stage1	4624286	0	1	4169	1	0	next	false_alarm	543
MAXED_1051	216	Response	2	4628405	4120	1
MAXED_1051	217	Picture	stage1_box	4628455	0	1	7645	1	0	next	other	0
MAXED_1051	218	Picture	stage1_outcome	4636100	0	1	167	1	0	next	other	0
MAXED_1051	219	Picture	stage2B	4636266	0	1	5755	1	0	next	false_alarm	548
MAXED_1051	219	Pulse	99	4640000	3734	NA
MAXED_1051	219	Response	1	4641972	5706	1
MAXED_1051	220	Picture	stage2_box	4642022	0	1	7550	1	0	next	other	0
MAXED_1051	221	Picture	stage2_up	4649572	0	1	7550	1	0	next	other	0
MAXED_1051	222	Picture	stage2_win	4657122	0	1	10053	1	0	next	other	0
MAXED_1051	222	Pulse	99	4660000	2879	NA
MAXED_1051	223	Pulse	99	4680000	12826	NA
MAXED_1051	223	Pulse	99	4700000	32826	NA
MAXED_1051	223	Pulse	99	4720000	52826	NA
MAXED_1051	223	Pulse	99	4740000	72826	NA
MAXED_1051	223	Pulse	99	4760000	92826	NA
MAXED_1051	223	Pulse	99	4780000	112826	NA
MAXED_1051	223	Pulse	99	4800000	132826	NA
MAXED_1051	223	Pulse	99	4820000	152826	NA
MAXED_1051	223	Pulse	99	4840000	172826	NA
MAXED_1051	223	Pulse	99	4860000	192826	NA
MAXED_1051	223	Pulse	99	4880000	212826	NA
MAXED_1051	223	Pulse	99	4900000	232826	NA
MAXED_1051	223	Pulse	99	4920000	252826	NA
MAXED_1051	223	Pulse	99	4940000	272826	NA
MAXED_1051	223	Pulse	99	4960000	292826	NA
MAXED_1051	223	Pulse	99	4980000	312826	NA
MAXED_1051	223	Pulse	99	5000000	332826	NA
MAXED_1051	223	Pulse	99	5020000	352826	NA
MAXED_1051	223	Pulse	99	5040000	372826	NA
MAXED_1051	223	Pulse	99	5060000	392826	NA
MAXED_1051	223	Pulse	99	5080000	412826	NA
MAXED_1051	223	Pulse	99	5100000	432826	NA
MAXED_1051	223	Pulse	99	5120000	452826	NA
MAXED_1051	223	Pulse	99	5140000	472826	NA
MAXED_1051	223	Pulse	99	5160000	492826	NA
MAXED_1051	223	Pulse	99	5180000	512826	NA
MAXED_1051	223	Pulse	99	5200000	532826	NA
MAXED_1051	223	Pulse	99	5220000	552826	NA
MAXED_1051	223	Pulse	99	5240000	572826	NA
MAXED_1051	223	Pulse	99	5260000	592826	NA
MAXED_1051	223	Pulse	99	5280000	612826	NA
MAXED_1051	223	Pulse	99	5300000	632826	NA
MAXED_1051	223	Pulse	99	5320000	652826	NA
MAXED_1051	223	Pulse	99	5340000	672826	NA
MAXED_1051	223	Pulse	99	5360000	692826	NA
MAXED_1051	223	Pulse	99	5380000	712826	NA
MAXED_1051	223	Pulse	99	5400000	732826	NA
MAXED_1051	223	Pulse	99	5420000	752826	NA
MAXED_1051	223	Pulse	99	5440000	772826	NA
MAXED_1051	223	Pulse	99	5460000	792826	NA
MAXED_1051	223	Pulse	99	5480000	812826	NA
MAXED_1051	223	Pulse	99	5500000	832826	NA
MAXED_1051	223	Pulse	99	5520000	852826	NA
MAXED_1051	223	Pulse	99	5540000	872826	NA
MAXED_1051	223	Pulse	99	5560000	892826	NA
MAXED_1051	223	Pulse	99	5580000	912826	NA
MAXED_1051	223	Pulse	99	5600000	932826	NA
MAXED_1051	223	Pulse	99	5620000	952826	NA
MAXED_1051	223	Pulse	99	5640000	972826	NA
MAXED_1051	223	Quit		5644601	977427	NA
