Scenario - 
Logfile written - 04/11/2023 18:28:18

Subject	Trial	Event Type	Code	Time	TTime	Uncertainty	Duration	Uncertainty	ReqTime	ReqDur	Stim Type	Pair Index

MAXED_1052_Day_A	0	Pulse	99	0	0	NA
MAXED_1052_Day_A	1	Picture	instructions_1	333	0	1	368001	1	0	next	false_alarm	21
MAXED_1052_Day_A	1	Pulse	99	20000	19667	NA
MAXED_1052_Day_A	1	Pulse	99	40000	39667	NA
MAXED_1052_Day_A	1	Pulse	99	60000	59667	NA
MAXED_1052_Day_A	1	Pulse	99	80000	79667	NA
MAXED_1052_Day_A	1	Pulse	99	100000	99667	NA
MAXED_1052_Day_A	1	Pulse	99	120000	119667	NA
MAXED_1052_Day_A	1	Pulse	99	140000	139667	NA
MAXED_1052_Day_A	1	Pulse	99	160000	159667	NA
MAXED_1052_Day_A	1	Pulse	99	180000	179667	NA
MAXED_1052_Day_A	1	Pulse	99	200000	199667	NA
MAXED_1052_Day_A	1	Pulse	99	220000	219667	NA
MAXED_1052_Day_A	1	Pulse	99	240000	239667	NA
MAXED_1052_Day_A	1	Pulse	99	260000	259667	NA
MAXED_1052_Day_A	1	Pulse	99	280000	279667	NA
MAXED_1052_Day_A	1	Pulse	99	300000	299667	NA
MAXED_1052_Day_A	1	Pulse	99	320000	319667	NA
MAXED_1052_Day_A	1	Pulse	99	340000	339667	NA
MAXED_1052_Day_A	1	Pulse	99	360000	359667	NA
MAXED_1052_Day_A	1	Response	88	368182	367849	1
MAXED_1052_Day_A	2	Picture	instructions_2	368334	0	1	65167	1	0	next	false_alarm	26
MAXED_1052_Day_A	2	Pulse	99	380000	11666	NA
MAXED_1052_Day_A	2	Pulse	99	400000	31666	NA
MAXED_1052_Day_A	2	Pulse	99	420000	51666	NA
MAXED_1052_Day_A	2	Response	88	433302	64968	1
MAXED_1052_Day_A	3	Picture	instructions_3	433501	0	1	114834	1	0	next	false_alarm	34
MAXED_1052_Day_A	3	Pulse	99	440000	6499	NA
MAXED_1052_Day_A	3	Pulse	99	460000	26499	NA
MAXED_1052_Day_A	3	Pulse	99	480000	46499	NA
MAXED_1052_Day_A	3	Pulse	99	500000	66499	NA
MAXED_1052_Day_A	3	Pulse	99	520000	86499	NA
MAXED_1052_Day_A	3	Pulse	99	540000	106499	NA
MAXED_1052_Day_A	3	Response	88	548182	114681	1
MAXED_1052_Day_A	4	Picture	instructions_4	548334	0	1	143334	1	0	next	false_alarm	43
MAXED_1052_Day_A	4	Pulse	99	560000	11666	NA
MAXED_1052_Day_A	4	Pulse	99	580000	31666	NA
MAXED_1052_Day_A	4	Pulse	99	600000	51666	NA
MAXED_1052_Day_A	4	Pulse	99	620000	71666	NA
MAXED_1052_Day_A	4	Pulse	99	640000	91666	NA
MAXED_1052_Day_A	4	Pulse	99	660000	111666	NA
MAXED_1052_Day_A	4	Pulse	99	680000	131666	NA
MAXED_1052_Day_A	4	Response	88	691542	143208	1
MAXED_1052_Day_A	5	Picture	instructions_5	691668	0	1	140334	1	0	next	false_alarm	52
MAXED_1052_Day_A	5	Pulse	99	700000	8332	NA
MAXED_1052_Day_A	5	Pulse	99	720000	28332	NA
MAXED_1052_Day_A	5	Pulse	99	740000	48332	NA
MAXED_1052_Day_A	5	Pulse	99	760000	68332	NA
MAXED_1052_Day_A	5	Pulse	99	780000	88332	NA
MAXED_1052_Day_A	5	Pulse	99	800000	108332	NA
MAXED_1052_Day_A	5	Pulse	99	820000	128332	NA
MAXED_1052_Day_A	5	Response	88	831862	140194	1
MAXED_1052_Day_A	6	Picture	instructions_6	832001	0	1	44833	1	0	next	false_alarm	56
MAXED_1052_Day_A	6	Pulse	99	840000	7999	NA
MAXED_1052_Day_A	6	Pulse	99	860000	27999	NA
MAXED_1052_Day_A	6	Response	88	876662	44661	1
MAXED_1052_Day_A	7	Picture	instructions_7	876835	0	1	163834	1	0	next	false_alarm	67
MAXED_1052_Day_A	7	Pulse	99	880000	3165	NA
MAXED_1052_Day_A	7	Pulse	99	900000	23165	NA
MAXED_1052_Day_A	7	Pulse	99	920000	43165	NA
MAXED_1052_Day_A	7	Pulse	99	940000	63165	NA
MAXED_1052_Day_A	7	Pulse	99	960000	83165	NA
MAXED_1052_Day_A	7	Pulse	99	980000	103165	NA
MAXED_1052_Day_A	7	Pulse	99	1000000	123165	NA
MAXED_1052_Day_A	7	Pulse	99	1020000	143165	NA
MAXED_1052_Day_A	7	Pulse	99	1040000	163165	NA
MAXED_1052_Day_A	7	Response	88	1040502	163667	1
MAXED_1052_Day_A	8	Picture	instructions_8	1040669	0	1	87667	1	0	next	false_alarm	73
MAXED_1052_Day_A	8	Pulse	99	1060000	19331	NA
MAXED_1052_Day_A	8	Pulse	99	1080000	39331	NA
MAXED_1052_Day_A	8	Pulse	99	1100000	59331	NA
MAXED_1052_Day_A	8	Pulse	99	1120000	79331	NA
MAXED_1052_Day_A	8	Response	88	1128182	87513	1
MAXED_1052_Day_A	9	Picture	instructions_9	1128335	0	1	39333	1	0	next	false_alarm	77
MAXED_1052_Day_A	9	Pulse	99	1140000	11665	NA
MAXED_1052_Day_A	9	Pulse	99	1160000	31665	NA
MAXED_1052_Day_A	9	Response	88	1167542	39206	1
MAXED_1052_Day_A	10	Picture	instructions_10	1167669	0	1	149334	1	0	next	false_alarm	86
MAXED_1052_Day_A	10	Pulse	99	1180000	12331	NA
MAXED_1052_Day_A	10	Pulse	99	1200000	32331	NA
MAXED_1052_Day_A	10	Pulse	99	1220000	52331	NA
MAXED_1052_Day_A	10	Pulse	99	1240000	72331	NA
MAXED_1052_Day_A	10	Pulse	99	1260000	92331	NA
MAXED_1052_Day_A	10	Pulse	99	1280000	112331	NA
MAXED_1052_Day_A	10	Pulse	99	1300000	132331	NA
MAXED_1052_Day_A	10	Response	88	1316822	149153	1
MAXED_1052_Day_A	11	Picture	instructions_11	1317002	0	1	132834	1	0	next	false_alarm	95
MAXED_1052_Day_A	11	Pulse	99	1320000	2998	NA
MAXED_1052_Day_A	11	Pulse	99	1340000	22998	NA
MAXED_1052_Day_A	11	Pulse	99	1360000	42998	NA
MAXED_1052_Day_A	11	Pulse	99	1380000	62998	NA
MAXED_1052_Day_A	11	Pulse	99	1400000	82998	NA
MAXED_1052_Day_A	11	Pulse	99	1420000	102998	NA
MAXED_1052_Day_A	11	Pulse	99	1440000	122998	NA
MAXED_1052_Day_A	11	Response	88	1449622	132620	1
MAXED_1052_Day_A	12	Picture	instructions_12	1449836	0	1	85834	1	0	next	false_alarm	101
MAXED_1052_Day_A	12	Pulse	99	1460000	10164	NA
MAXED_1052_Day_A	12	Pulse	99	1480000	30164	NA
MAXED_1052_Day_A	12	Pulse	99	1500000	50164	NA
MAXED_1052_Day_A	12	Pulse	99	1520000	70164	NA
MAXED_1052_Day_A	12	Response	88	1535543	85707	1
MAXED_1052_Day_A	13	Picture	instructions_13	1535669	0	1	94834	1	0	next	false_alarm	108
MAXED_1052_Day_A	13	Pulse	99	1540000	4331	NA
MAXED_1052_Day_A	13	Pulse	99	1560000	24331	NA
MAXED_1052_Day_A	13	Pulse	99	1580000	44331	NA
MAXED_1052_Day_A	13	Pulse	99	1600000	64331	NA
MAXED_1052_Day_A	13	Pulse	99	1620000	84331	NA
MAXED_1052_Day_A	13	Response	88	1630423	94753	1
MAXED_1052_Day_A	14	Picture	instructions_14	1630503	0	1	62500	1	0	next	false_alarm	113
MAXED_1052_Day_A	14	Pulse	99	1640000	9497	NA
MAXED_1052_Day_A	14	Pulse	99	1660000	29497	NA
MAXED_1052_Day_A	14	Pulse	99	1680000	49497	NA
MAXED_1052_Day_A	14	Response	88	1692822	62319	1
MAXED_1052_Day_A	15	Picture	instructions_15	1693003	0	1	124500	1	0	next	false_alarm	121
MAXED_1052_Day_A	15	Pulse	99	1700000	6997	NA
MAXED_1052_Day_A	15	Pulse	99	1720000	26997	NA
MAXED_1052_Day_A	15	Pulse	99	1740000	46997	NA
MAXED_1052_Day_A	15	Pulse	99	1760000	66997	NA
MAXED_1052_Day_A	15	Pulse	99	1780000	86997	NA
MAXED_1052_Day_A	15	Pulse	99	1800000	106997	NA
MAXED_1052_Day_A	15	Response	88	1817303	124300	1
MAXED_1052_Day_A	16	Picture	instructions_16	1817503	0	1	92500	1	0	next	false_alarm	128
MAXED_1052_Day_A	16	Pulse	99	1820000	2497	NA
MAXED_1052_Day_A	16	Pulse	99	1840000	22497	NA
MAXED_1052_Day_A	16	Pulse	99	1860000	42497	NA
MAXED_1052_Day_A	16	Pulse	99	1880000	62497	NA
MAXED_1052_Day_A	16	Pulse	99	1900000	82497	NA
MAXED_1052_Day_A	16	Response	88	1909783	92279	1
MAXED_1052_Day_A	17	Picture	instructions_17	1910004	0	1	18500	1	0	next	false_alarm	131
MAXED_1052_Day_A	17	Pulse	99	1920000	9996	NA
MAXED_1052_Day_A	17	Response	88	1928342	18339	1
MAXED_1052_Day_A	18	Picture	instructions_18	1928504	0	1	72167	1	0	next	false_alarm	137
MAXED_1052_Day_A	18	Pulse	99	1940000	11496	NA
MAXED_1052_Day_A	18	Pulse	99	1960000	31496	NA
MAXED_1052_Day_A	18	Pulse	99	1980000	51496	NA
MAXED_1052_Day_A	18	Pulse	99	2000000	71496	NA
MAXED_1052_Day_A	18	Response	88	2000503	71999	1
MAXED_1052_Day_A	19	Picture	instructions_19	2000670	0	1	123000	1	0	next	false_alarm	145
MAXED_1052_Day_A	19	Pulse	99	2020000	19330	NA
MAXED_1052_Day_A	19	Pulse	99	2040000	39330	NA
MAXED_1052_Day_A	19	Pulse	99	2060000	59330	NA
MAXED_1052_Day_A	19	Pulse	99	2080000	79330	NA
MAXED_1052_Day_A	19	Pulse	99	2100000	99330	NA
MAXED_1052_Day_A	19	Pulse	99	2120000	119330	NA
MAXED_1052_Day_A	19	Response	88	2123543	122872	1
MAXED_1052_Day_A	20	Picture	instructions_20	2123671	0	1	76333	1	0	next	false_alarm	150
MAXED_1052_Day_A	20	Pulse	99	2140000	16329	NA
MAXED_1052_Day_A	20	Pulse	99	2160000	36329	NA
MAXED_1052_Day_A	20	Pulse	99	2180000	56329	NA
MAXED_1052_Day_A	20	Response	88	2199863	76192	1
MAXED_1052_Day_A	20	Pulse	99	2200000	76329	NA
MAXED_1052_Day_A	21	Picture	instructions_21	2200004	0	1	107167	1	0	next	false_alarm	158
MAXED_1052_Day_A	21	Pulse	99	2220000	19996	NA
MAXED_1052_Day_A	21	Pulse	99	2240000	39996	NA
MAXED_1052_Day_A	21	Pulse	99	2260000	59996	NA
MAXED_1052_Day_A	21	Pulse	99	2280000	79996	NA
MAXED_1052_Day_A	21	Pulse	99	2300000	99996	NA
MAXED_1052_Day_A	21	Response	88	2307063	107059	1
MAXED_1052_Day_A	22	Picture	instructions_22	2307171	0	1	47167	1	0	next	false_alarm	162
MAXED_1052_Day_A	22	Pulse	99	2320000	12829	NA
MAXED_1052_Day_A	22	Pulse	99	2340000	32829	NA
MAXED_1052_Day_A	22	Response	88	2354263	47092	1
MAXED_1052_Day_A	23	Picture	instructions_23	2354338	0	1	60833	1	0	next	false_alarm	167
MAXED_1052_Day_A	23	Pulse	99	2360000	5662	NA
MAXED_1052_Day_A	23	Pulse	99	2380000	25662	NA
MAXED_1052_Day_A	23	Pulse	99	2400000	45662	NA
MAXED_1052_Day_A	23	Response	88	2415063	60725	1
MAXED_1052_Day_A	24	Picture	instructions_24	2415171	0	1	154667	1	0	next	false_alarm	177
MAXED_1052_Day_A	24	Pulse	99	2420000	4829	NA
MAXED_1052_Day_A	24	Pulse	99	2440000	24829	NA
MAXED_1052_Day_A	24	Pulse	99	2460000	44829	NA
MAXED_1052_Day_A	24	Pulse	99	2480000	64829	NA
MAXED_1052_Day_A	24	Pulse	99	2500000	84829	NA
MAXED_1052_Day_A	24	Pulse	99	2520000	104829	NA
MAXED_1052_Day_A	24	Pulse	99	2540000	124829	NA
MAXED_1052_Day_A	24	Pulse	99	2560000	144829	NA
MAXED_1052_Day_A	24	Response	88	2569623	154452	1
MAXED_1052_Day_A	25	Picture	instructions_25	2569838	0	1	51500	1	0	next	false_alarm	182
MAXED_1052_Day_A	25	Pulse	99	2580000	10162	NA
MAXED_1052_Day_A	25	Pulse	99	2600000	30162	NA
MAXED_1052_Day_A	25	Pulse	99	2620000	50162	NA
MAXED_1052_Day_A	25	Response	88	2621143	51305	1
MAXED_1052_Day_A	26	Picture	instructions_26	2621338	0	1	124834	1	0	next	false_alarm	190
MAXED_1052_Day_A	26	Pulse	99	2640000	18662	NA
MAXED_1052_Day_A	26	Pulse	99	2660000	38662	NA
MAXED_1052_Day_A	26	Pulse	99	2680000	58662	NA
MAXED_1052_Day_A	26	Pulse	99	2700000	78662	NA
MAXED_1052_Day_A	26	Pulse	99	2720000	98662	NA
MAXED_1052_Day_A	26	Pulse	99	2740000	118662	NA
MAXED_1052_Day_A	26	Response	88	2745944	124605	1
MAXED_1052_Day_A	27	Picture	instructions_27	2746172	0	1	44833	1	0	next	false_alarm	194
MAXED_1052_Day_A	27	Pulse	99	2760000	13828	NA
MAXED_1052_Day_A	27	Pulse	99	2780000	33828	NA
MAXED_1052_Day_A	27	Response	88	2790904	44732	1
MAXED_1052_Day_A	28	Picture	instructions_28	2791005	0	1	20667	1	0	next	false_alarm	197
MAXED_1052_Day_A	28	Pulse	99	2800000	8995	NA
MAXED_1052_Day_A	28	Response	88	2811543	20538	1
MAXED_1052_Day_A	29	Picture	instructions_29	2811672	0	1	36833	1	0	next	false_alarm	201
MAXED_1052_Day_A	29	Pulse	99	2820000	8328	NA
MAXED_1052_Day_A	29	Pulse	99	2840000	28328	NA
MAXED_1052_Day_A	29	Response	88	2848343	36671	1
MAXED_1052_Day_A	30	Picture	instructions_30	2848505	0	1	183334	1	0	next	false_alarm	212
MAXED_1052_Day_A	30	Pulse	99	2860000	11495	NA
MAXED_1052_Day_A	30	Pulse	99	2880000	31495	NA
MAXED_1052_Day_A	30	Pulse	99	2900000	51495	NA
MAXED_1052_Day_A	30	Pulse	99	2920000	71495	NA
MAXED_1052_Day_A	30	Pulse	99	2940000	91495	NA
MAXED_1052_Day_A	30	Pulse	99	2960000	111495	NA
MAXED_1052_Day_A	30	Pulse	99	2980000	131495	NA
MAXED_1052_Day_A	30	Pulse	99	3000000	151495	NA
MAXED_1052_Day_A	30	Pulse	99	3020000	171495	NA
MAXED_1052_Day_A	30	Response	88	3031703	183198	1
MAXED_1052_Day_A	31	Picture	instructions_31	3031839	0	1	107667	1	0	next	false_alarm	219
MAXED_1052_Day_A	31	Pulse	99	3040000	8161	NA
MAXED_1052_Day_A	31	Pulse	99	3060000	28161	NA
MAXED_1052_Day_A	31	Pulse	99	3080000	48161	NA
MAXED_1052_Day_A	31	Pulse	99	3100000	68161	NA
MAXED_1052_Day_A	31	Pulse	99	3120000	88161	NA
MAXED_1052_Day_A	31	Response	88	3139384	107544	1
MAXED_1052_Day_A	32	Picture	instructions_32	3139506	0	1	118834	1	0	next	false_alarm	227
MAXED_1052_Day_A	32	Pulse	99	3140000	494	NA
MAXED_1052_Day_A	32	Pulse	99	3160000	20494	NA
MAXED_1052_Day_A	32	Pulse	99	3180000	40494	NA
MAXED_1052_Day_A	32	Pulse	99	3200000	60494	NA
MAXED_1052_Day_A	32	Pulse	99	3220000	80494	NA
MAXED_1052_Day_A	32	Pulse	99	3240000	100494	NA
MAXED_1052_Day_A	32	Response	88	3258263	118757	1
MAXED_1052_Day_A	33	Picture	instructions_33	3258340	0	1	73167	1	0	next	false_alarm	233
MAXED_1052_Day_A	33	Pulse	99	3260000	1660	NA
MAXED_1052_Day_A	33	Pulse	99	3280000	21660	NA
MAXED_1052_Day_A	33	Pulse	99	3300000	41660	NA
MAXED_1052_Day_A	33	Pulse	99	3320000	61660	NA
MAXED_1052_Day_A	33	Response	88	3331383	73044	1
MAXED_1052_Day_A	34	Picture	instructions_34	3331506	0	1	122834	1	0	next	false_alarm	241
MAXED_1052_Day_A	34	Pulse	99	3340000	8494	NA
MAXED_1052_Day_A	34	Pulse	99	3360000	28494	NA
MAXED_1052_Day_A	34	Pulse	99	3380000	48494	NA
MAXED_1052_Day_A	34	Pulse	99	3400000	68494	NA
MAXED_1052_Day_A	34	Pulse	99	3420000	88494	NA
MAXED_1052_Day_A	34	Pulse	99	3440000	108494	NA
MAXED_1052_Day_A	34	Response	88	3454103	122597	1
MAXED_1052_Day_A	35	Picture	instructions_35	3454340	0	1	100334	1	0	next	false_alarm	248
MAXED_1052_Day_A	35	Pulse	99	3460000	5660	NA
MAXED_1052_Day_A	35	Pulse	99	3480000	25660	NA
MAXED_1052_Day_A	35	Pulse	99	3500000	45660	NA
MAXED_1052_Day_A	35	Pulse	99	3520000	65660	NA
MAXED_1052_Day_A	35	Pulse	99	3540000	85660	NA
MAXED_1052_Day_A	35	Response	88	3554584	100244	1
MAXED_1052_Day_A	36	Picture	instructions_36	3554674	0	1	107334	1	0	next	false_alarm	256
MAXED_1052_Day_A	36	Pulse	99	3560000	5326	NA
MAXED_1052_Day_A	36	Pulse	99	3580000	25326	NA
MAXED_1052_Day_A	36	Pulse	99	3600000	45326	NA
MAXED_1052_Day_A	36	Pulse	99	3620000	65326	NA
MAXED_1052_Day_A	36	Pulse	99	3640000	85326	NA
MAXED_1052_Day_A	36	Pulse	99	3660000	105326	NA
MAXED_1052_Day_A	36	Response	88	3661784	107110	1
MAXED_1052_Day_A	37	Picture	instructions_37	3662007	0	1	30000	1	0	next	false_alarm	259
MAXED_1052_Day_A	37	Pulse	99	3680000	17993	NA
MAXED_1052_Day_A	37	Response	88	3691864	29857	1
MAXED_1052_Day_A	38	Picture	instructions_38	3692007	0	1	43000	1	0	next	false_alarm	263
MAXED_1052_Day_A	38	Pulse	99	3700000	7993	NA
MAXED_1052_Day_A	38	Pulse	99	3720000	27993	NA
MAXED_1052_Day_A	38	Response	88	3734904	42897	1
MAXED_1052_Day_A	39	Picture	instructions_39	3735007	0	1	76167	1	0	next	false_alarm	269
MAXED_1052_Day_A	39	Pulse	99	3740000	4993	NA
MAXED_1052_Day_A	39	Pulse	99	3760000	24993	NA
MAXED_1052_Day_A	39	Pulse	99	3780000	44993	NA
MAXED_1052_Day_A	39	Pulse	99	3800000	64993	NA
MAXED_1052_Day_A	39	Response	88	3811064	76057	1
MAXED_1052_Day_A	40	Picture	instructions_40	3811174	0	1	64000	1	0	next	false_alarm	274
MAXED_1052_Day_A	40	Pulse	99	3820000	8826	NA
MAXED_1052_Day_A	40	Pulse	99	3840000	28826	NA
MAXED_1052_Day_A	40	Pulse	99	3860000	48826	NA
MAXED_1052_Day_A	40	Response	88	3875064	63890	1
MAXED_1052_Day_A	41	Picture	instructions_41	3875174	0	1	54667	1	0	next	false_alarm	279
MAXED_1052_Day_A	41	Pulse	99	3880000	4826	NA
MAXED_1052_Day_A	41	Pulse	99	3900000	24826	NA
MAXED_1052_Day_A	41	Pulse	99	3920000	44826	NA
MAXED_1052_Day_A	41	Response	88	3929624	54450	1
MAXED_1052_Day_A	42	Picture	instructions_42	3929841	0	1	103834	1	0	next	false_alarm	286
MAXED_1052_Day_A	42	Pulse	99	3940000	10159	NA
MAXED_1052_Day_A	42	Pulse	99	3960000	30159	NA
MAXED_1052_Day_A	42	Pulse	99	3980000	50159	NA
MAXED_1052_Day_A	42	Pulse	99	4000000	70159	NA
MAXED_1052_Day_A	42	Pulse	99	4020000	90159	NA
MAXED_1052_Day_A	42	Response	88	4033464	103623	1
MAXED_1052_Day_A	43	Picture	instructions_43	4033674	0	1	48167	1	0	next	false_alarm	291
MAXED_1052_Day_A	43	Pulse	99	4040000	6326	NA
MAXED_1052_Day_A	43	Pulse	99	4060000	26326	NA
MAXED_1052_Day_A	43	Pulse	99	4080000	46326	NA
MAXED_1052_Day_A	43	Response	88	4081784	48110	1
MAXED_1052_Day_A	44	Picture	instructions_44	4081841	0	1	94834	1	0	next	false_alarm	297
MAXED_1052_Day_A	44	Pulse	99	4100000	18159	NA
MAXED_1052_Day_A	44	Pulse	99	4120000	38159	NA
MAXED_1052_Day_A	44	Pulse	99	4140000	58159	NA
MAXED_1052_Day_A	44	Pulse	99	4160000	78159	NA
MAXED_1052_Day_A	44	Response	88	4176505	94663	1
MAXED_1052_Day_A	45	Picture	instructions_45	4176675	0	1	46333	1	0	next	false_alarm	302
MAXED_1052_Day_A	45	Pulse	99	4180000	3325	NA
MAXED_1052_Day_A	45	Pulse	99	4200000	23325	NA
MAXED_1052_Day_A	45	Pulse	99	4220000	43325	NA
MAXED_1052_Day_A	45	Response	88	4222904	46229	1
MAXED_1052_Day_A	46	Picture	instructions_46	4223008	0	1	26500	1	0	next	false_alarm	305
MAXED_1052_Day_A	46	Pulse	99	4240000	16992	NA
MAXED_1052_Day_A	46	Response	88	4249464	26456	1
MAXED_1052_Day_A	47	Picture	fixation	4249508	0	1	5167	1	0	next	other	0
MAXED_1052_Day_A	48	Picture	stage1	4254675	0	1	19167	1	0	next	false_alarm	309
MAXED_1052_Day_A	48	Pulse	99	4260000	5325	NA
MAXED_1052_Day_A	48	Response	1	4273784	19109	1
MAXED_1052_Day_A	49	Picture	stage1_box	4273842	0	1	7667	1	0	next	other	0
MAXED_1052_Day_A	49	Pulse	99	4280000	6158	NA
MAXED_1052_Day_A	50	Picture	stage1_outcome	4281508	0	1	167	1	0	next	other	0
MAXED_1052_Day_A	51	Picture	stage2A	4281675	0	1	17167	1	0	next	false_alarm	314
MAXED_1052_Day_A	51	Response	2	4298744	17069	1
MAXED_1052_Day_A	52	Picture	stage2_box	4298842	0	1	7667	1	0	next	other	0
MAXED_1052_Day_A	52	Pulse	99	4300000	1158	NA
MAXED_1052_Day_A	53	Picture	stage2_up	4306508	0	1	7667	1	0	next	other	0
MAXED_1052_Day_A	54	Picture	stage2_win	4314175	0	1	10167	1	0	next	other	0
MAXED_1052_Day_A	54	Pulse	99	4320000	5825	NA
MAXED_1052_Day_A	55	Picture	stage1	4324342	0	1	12667	1	0	next	false_alarm	321
MAXED_1052_Day_A	55	Response	2	4336824	12482	1
MAXED_1052_Day_A	56	Picture	stage1_box	4337008	0	1	7667	1	0	next	other	0
MAXED_1052_Day_A	56	Pulse	99	4340000	2992	NA
MAXED_1052_Day_A	57	Picture	stage1_outcome	4344675	0	1	167	1	0	next	other	0
MAXED_1052_Day_A	58	Picture	stage2A	4344842	0	1	10167	1	0	next	false_alarm	326
MAXED_1052_Day_A	58	Response	1	4354904	10062	1
MAXED_1052_Day_A	59	Picture	stage2_box	4355008	0	1	7667	1	0	next	other	0
MAXED_1052_Day_A	59	Pulse	99	4360000	4992	NA
MAXED_1052_Day_A	60	Picture	stage2_up	4362675	0	1	7667	1	0	next	other	0
MAXED_1052_Day_A	61	Picture	stage2_lose	4370342	0	1	10167	1	0	next	other	0
MAXED_1052_Day_A	61	Pulse	99	4380000	9658	NA
MAXED_1052_Day_A	62	Picture	stage1	4380509	0	1	8000	1	0	next	false_alarm	333
MAXED_1052_Day_A	62	Response	1	4388344	7836	1
MAXED_1052_Day_A	63	Picture	stage1_box	4388509	0	1	7667	1	0	next	other	0
MAXED_1052_Day_A	64	Picture	stage1_outcome	4396175	0	1	167	1	0	next	other	0
MAXED_1052_Day_A	65	Picture	stage2A	4396342	0	1	9667	1	0	next	false_alarm	338
MAXED_1052_Day_A	65	Pulse	99	4400000	3658	NA
MAXED_1052_Day_A	65	Response	2	4405944	9602	1
MAXED_1052_Day_A	66	Picture	stage2_box	4406009	0	1	7667	1	0	next	other	0
MAXED_1052_Day_A	67	Picture	stage2_up	4413675	0	1	7667	1	0	next	other	0
MAXED_1052_Day_A	67	Pulse	99	4420000	6325	NA
MAXED_1052_Day_A	68	Picture	stage2_win	4421342	0	1	10167	1	0	next	other	0
MAXED_1052_Day_A	69	Picture	stage1	4431509	0	1	9000	1	0	next	false_alarm	345
MAXED_1052_Day_A	69	Pulse	99	4440000	8491	NA
MAXED_1052_Day_A	69	Response	1	4440344	8835	1
MAXED_1052_Day_A	70	Picture	stage1_box	4440509	0	1	7667	1	0	next	other	0
MAXED_1052_Day_A	71	Picture	stage1_outcome	4448175	0	1	167	1	0	next	other	0
MAXED_1052_Day_A	72	Picture	stage2A	4448342	0	1	4333	1	0	next	false_alarm	349
MAXED_1052_Day_A	72	Response	2	4452504	4162	1
MAXED_1052_Day_A	73	Picture	stage2_box	4452675	0	1	7667	1	0	next	other	0
MAXED_1052_Day_A	73	Pulse	99	4460000	7325	NA
MAXED_1052_Day_A	74	Picture	stage2_up	4460342	0	1	7667	1	0	next	other	0
MAXED_1052_Day_A	75	Picture	stage2_win	4468009	0	1	10167	1	0	next	other	0
MAXED_1052_Day_A	76	Picture	stage1	4478175	0	1	8333	1	0	next	false_alarm	356
MAXED_1052_Day_A	76	Pulse	99	4480000	1825	NA
MAXED_1052_Day_A	76	Response	1	4486425	8249	1
MAXED_1052_Day_A	77	Picture	stage1_box	4486509	0	1	7667	1	0	next	other	0
MAXED_1052_Day_A	78	Picture	stage1_outcome	4494175	0	1	167	1	0	next	other	0
MAXED_1052_Day_A	79	Picture	stage2A	4494342	0	1	4333	1	0	next	false_alarm	360
MAXED_1052_Day_A	79	Response	2	4498584	4242	1
MAXED_1052_Day_A	80	Picture	stage2_box	4498675	0	1	7667	1	0	next	other	0
MAXED_1052_Day_A	80	Pulse	99	4500000	1325	NA
MAXED_1052_Day_A	81	Picture	stage2_up	4506342	0	1	7667	1	0	next	other	0
MAXED_1052_Day_A	82	Picture	stage2_win	4514009	0	1	10167	1	0	next	other	0
MAXED_1052_Day_A	82	Pulse	99	4520000	5991	NA
MAXED_1052_Day_A	83	Picture	stage1	4524175	0	1	10667	1	0	next	false_alarm	367
MAXED_1052_Day_A	83	Response	1	4534744	10569	1
MAXED_1052_Day_A	84	Picture	stage1_box	4534842	0	1	7667	1	0	next	other	0
MAXED_1052_Day_A	84	Pulse	99	4540000	5158	NA
MAXED_1052_Day_A	85	Picture	stage1_outcome	4542509	0	1	167	1	0	next	other	0
MAXED_1052_Day_A	86	Picture	stage2A	4542675	0	1	7000	1	0	next	false_alarm	372
MAXED_1052_Day_A	86	Response	2	4549624	6948	1
MAXED_1052_Day_A	87	Picture	stage2_box	4549675	0	1	7667	1	0	next	other	0
MAXED_1052_Day_A	88	Picture	stage2_up	4557342	0	1	7667	1	0	next	other	0
MAXED_1052_Day_A	88	Pulse	99	4560000	2658	NA
MAXED_1052_Day_A	89	Picture	stage2_win	4565009	0	1	10167	1	0	next	other	0
MAXED_1052_Day_A	90	Picture	stage1	4575176	0	1	7333	1	0	next	false_alarm	379
MAXED_1052_Day_A	90	Pulse	99	4580000	4824	NA
MAXED_1052_Day_A	90	Response	1	4582424	7248	1
MAXED_1052_Day_A	91	Picture	stage1_box	4582509	0	1	7667	1	0	next	other	0
MAXED_1052_Day_A	92	Picture	stage1_outcome	4590176	0	1	167	1	0	next	other	0
MAXED_1052_Day_A	93	Picture	stage2A	4590342	0	1	6833	1	0	next	false_alarm	383
MAXED_1052_Day_A	93	Response	2	4596984	6642	1
MAXED_1052_Day_A	94	Picture	stage2_box	4597176	0	1	7667	1	0	next	other	0
MAXED_1052_Day_A	94	Pulse	99	4600000	2824	NA
MAXED_1052_Day_A	95	Picture	stage2_up	4604842	0	1	7667	1	0	next	other	0
MAXED_1052_Day_A	96	Picture	stage2_lose	4612509	0	1	10167	1	0	next	other	0
MAXED_1052_Day_A	96	Pulse	99	4620000	7491	NA
MAXED_1052_Day_A	97	Picture	stage1	4622676	0	1	10000	1	0	next	false_alarm	390
MAXED_1052_Day_A	97	Response	2	4632504	9828	1
MAXED_1052_Day_A	98	Picture	stage1_box	4632676	0	1	7667	1	0	next	other	0
MAXED_1052_Day_A	98	Pulse	99	4640000	7324	NA
MAXED_1052_Day_A	99	Picture	stage1_outcome	4640342	0	1	167	1	0	next	other	0
MAXED_1052_Day_A	100	Picture	stage2A	4640509	0	1	8833	1	0	next	false_alarm	395
MAXED_1052_Day_A	100	Response	2	4649304	8795	1
MAXED_1052_Day_A	101	Picture	stage2_box	4649342	0	1	7667	1	0	next	other	0
MAXED_1052_Day_A	102	Picture	stage2_up	4657009	0	1	7667	1	0	next	other	0
MAXED_1052_Day_A	102	Pulse	99	4660000	2991	NA
MAXED_1052_Day_A	103	Picture	stage2_lose	4664676	0	1	10167	1	0	next	other	0
MAXED_1052_Day_A	104	Picture	stage1	4674842	0	1	6500	1	0	next	false_alarm	402
MAXED_1052_Day_A	104	Pulse	99	4680000	5158	NA
MAXED_1052_Day_A	104	Response	2	4681144	6302	1
MAXED_1052_Day_A	105	Picture	stage1_box	4681342	0	1	7667	1	0	next	other	0
MAXED_1052_Day_A	106	Picture	stage1_outcome	4689009	0	1	167	1	0	next	other	0
MAXED_1052_Day_A	107	Picture	stage2B	4689176	0	1	38167	1	0	next	false_alarm	408
MAXED_1052_Day_A	107	Pulse	99	4700000	10824	NA
MAXED_1052_Day_A	107	Pulse	99	4720000	30824	NA
MAXED_1052_Day_A	107	Response	1	4727224	38048	1
MAXED_1052_Day_A	108	Picture	stage2_box	4727343	0	1	7667	1	0	next	other	0
MAXED_1052_Day_A	109	Picture	stage2_up	4735009	0	1	7667	1	0	next	other	0
MAXED_1052_Day_A	109	Pulse	99	4740000	4991	NA
MAXED_1052_Day_A	110	Picture	stage2_lose	4742676	0	1	10167	1	0	next	other	0
MAXED_1052_Day_A	111	Picture	stage1	4752843	0	1	7333	1	0	next	false_alarm	415
MAXED_1052_Day_A	111	Pulse	99	4760000	7157	NA
MAXED_1052_Day_A	111	Response	2	4760024	7181	1
MAXED_1052_Day_A	112	Picture	stage1_box	4760176	0	1	7667	1	0	next	other	0
MAXED_1052_Day_A	113	Picture	stage1_outcome	4767843	0	1	167	1	0	next	other	0
MAXED_1052_Day_A	114	Picture	stage2A	4768009	0	1	31000	1	0	next	false_alarm	420
MAXED_1052_Day_A	114	Pulse	99	4780000	11991	NA
MAXED_1052_Day_A	114	Response	1	4798904	30895	1
MAXED_1052_Day_A	115	Picture	stage2_box	4799009	0	1	7667	1	0	next	other	0
MAXED_1052_Day_A	115	Pulse	99	4800000	991	NA
MAXED_1052_Day_A	116	Picture	stage2_up	4806676	0	1	7667	1	0	next	other	0
MAXED_1052_Day_A	117	Picture	stage2_win	4814343	0	1	10167	1	0	next	other	0
MAXED_1052_Day_A	117	Pulse	99	4820000	5657	NA
MAXED_1052_Day_A	118	Picture	stage1	4824509	0	1	8833	1	0	next	false_alarm	427
MAXED_1052_Day_A	118	Response	2	4833304	8795	1
MAXED_1052_Day_A	119	Picture	stage1_box	4833343	0	1	7667	1	0	next	other	0
MAXED_1052_Day_A	119	Pulse	99	4840000	6657	NA
MAXED_1052_Day_A	120	Picture	stage1_outcome	4841009	0	1	167	1	0	next	other	0
MAXED_1052_Day_A	121	Picture	stage2B	4841176	0	1	16500	1	0	next	false_alarm	432
MAXED_1052_Day_A	121	Response	2	4857464	16288	1
MAXED_1052_Day_A	122	Picture	stage2_box	4857676	0	1	7667	1	0	next	other	0
MAXED_1052_Day_A	122	Pulse	99	4860000	2324	NA
MAXED_1052_Day_A	123	Picture	stage2_up	4865343	0	1	7667	1	0	next	other	0
MAXED_1052_Day_A	124	Picture	stage2_win	4873009	0	1	10167	1	0	next	other	0
MAXED_1052_Day_A	124	Pulse	99	4880000	6991	NA
MAXED_1052_Day_A	125	Picture	stage1	4883176	0	1	4833	1	0	next	false_alarm	439
MAXED_1052_Day_A	125	Response	2	4887864	4688	1
MAXED_1052_Day_A	126	Picture	stage1_box	4888010	0	1	7667	1	0	next	other	0
MAXED_1052_Day_A	127	Picture	stage1_outcome	4895676	0	1	167	1	0	next	other	0
MAXED_1052_Day_A	128	Picture	stage2B	4895843	0	1	10167	1	0	next	false_alarm	444
MAXED_1052_Day_A	128	Pulse	99	4900000	4157	NA
MAXED_1052_Day_A	128	Response	2	4905944	10101	1
MAXED_1052_Day_A	129	Picture	stage2_box	4906010	0	1	7667	1	0	next	other	0
MAXED_1052_Day_A	130	Picture	stage2_up	4913676	0	1	7667	1	0	next	other	0
MAXED_1052_Day_A	130	Pulse	99	4920000	6324	NA
MAXED_1052_Day_A	131	Picture	stage2_lose	4921343	0	1	10167	1	0	next	other	0
MAXED_1052_Day_A	132	Picture	stage1	4931510	0	1	3333	1	0	next	false_alarm	450
MAXED_1052_Day_A	132	Response	2	4934744	3235	1
MAXED_1052_Day_A	133	Picture	stage1_box	4934843	0	1	7667	1	0	next	other	0
MAXED_1052_Day_A	133	Pulse	99	4940000	5157	NA
MAXED_1052_Day_A	134	Picture	stage1_outcome	4942510	0	1	167	1	0	next	other	0
MAXED_1052_Day_A	135	Picture	stage2B	4942676	0	1	7500	1	0	next	false_alarm	455
MAXED_1052_Day_A	135	Response	1	4950104	7428	1
MAXED_1052_Day_A	136	Picture	stage2_box	4950176	0	1	7667	1	0	next	other	0
MAXED_1052_Day_A	137	Picture	stage2_up	4957843	0	1	7667	1	0	next	other	0
MAXED_1052_Day_A	137	Pulse	99	4960000	2157	NA
MAXED_1052_Day_A	138	Picture	stage2_win	4965510	0	1	10167	1	0	next	other	0
MAXED_1052_Day_A	139	Picture	stage1	4975676	0	1	9667	1	0	next	false_alarm	462
MAXED_1052_Day_A	139	Pulse	99	4980000	4324	NA
MAXED_1052_Day_A	139	Response	1	4985144	9468	1
MAXED_1052_Day_A	140	Picture	stage1_box	4985343	0	1	7667	1	0	next	other	0
MAXED_1052_Day_A	141	Picture	stage1_outcome	4993010	0	1	167	1	0	next	other	0
MAXED_1052_Day_A	142	Picture	stage2B	4993176	0	1	12500	1	0	next	false_alarm	467
MAXED_1052_Day_A	142	Pulse	99	5000000	6824	NA
MAXED_1052_Day_A	142	Response	1	5005624	12448	1
MAXED_1052_Day_A	143	Picture	stage2_box	5005676	0	1	7667	1	0	next	other	0
MAXED_1052_Day_A	144	Picture	stage2_up	5013343	0	1	7667	1	0	next	other	0
MAXED_1052_Day_A	144	Pulse	99	5020000	6657	NA
MAXED_1052_Day_A	145	Picture	stage2_win	5021010	0	1	10167	1	0	next	other	0
MAXED_1052_Day_A	146	Picture	stage1	5031176	0	1	4167	1	0	next	false_alarm	473
MAXED_1052_Day_A	146	Response	2	5035224	4048	1
MAXED_1052_Day_A	147	Picture	stage1_box	5035343	0	1	7667	1	0	next	other	0
MAXED_1052_Day_A	147	Pulse	99	5040000	4657	NA
MAXED_1052_Day_A	148	Picture	stage1_outcome	5043010	0	1	167	1	0	next	other	0
MAXED_1052_Day_A	149	Picture	stage2A	5043177	0	1	15333	1	0	next	false_alarm	478
MAXED_1052_Day_A	149	Response	1	5058424	15248	1
MAXED_1052_Day_A	150	Picture	stage2_box	5058510	0	1	7667	1	0	next	other	0
MAXED_1052_Day_A	150	Pulse	99	5060000	1490	NA
MAXED_1052_Day_A	151	Picture	stage2_up	5066177	0	1	7667	1	0	next	other	0
MAXED_1052_Day_A	152	Picture	stage2_lose	5073843	0	1	10167	1	0	next	other	0
MAXED_1052_Day_A	152	Pulse	99	5080000	6157	NA
MAXED_1052_Day_A	153	Picture	stage1	5084010	0	1	3333	1	0	next	false_alarm	485
MAXED_1052_Day_A	153	Response	2	5087224	3214	1
MAXED_1052_Day_A	154	Picture	stage1_box	5087343	0	1	7667	1	0	next	other	0
MAXED_1052_Day_A	155	Picture	stage1_outcome	5095010	0	1	167	1	0	next	other	0
MAXED_1052_Day_A	156	Picture	stage2B	5095177	0	1	15667	1	0	next	false_alarm	490
MAXED_1052_Day_A	156	Pulse	99	5100000	4823	NA
MAXED_1052_Day_A	156	Response	1	5110744	15567	1
MAXED_1052_Day_A	157	Picture	stage2_box	5110843	0	1	7667	1	0	next	other	0
MAXED_1052_Day_A	158	Picture	stage2_up	5118510	0	1	7667	1	0	next	other	0
MAXED_1052_Day_A	158	Pulse	99	5120000	1490	NA
MAXED_1052_Day_A	159	Picture	stage2_win	5126177	0	1	10167	1	0	next	other	0
MAXED_1052_Day_A	160	Picture	stage1	5136343	0	1	2833	1	0	next	false_alarm	496
MAXED_1052_Day_A	160	Response	2	5139065	2721	1
MAXED_1052_Day_A	161	Picture	stage1_box	5139177	0	1	7667	1	0	next	other	0
MAXED_1052_Day_A	161	Pulse	99	5140000	823	NA
MAXED_1052_Day_A	162	Picture	stage1_outcome	5146843	0	1	167	1	0	next	other	0
MAXED_1052_Day_A	163	Picture	stage2B	5147010	0	1	11167	1	0	next	false_alarm	501
MAXED_1052_Day_A	163	Response	1	5158104	11094	1
MAXED_1052_Day_A	164	Picture	stage2_box	5158177	0	1	7667	1	0	next	other	0
MAXED_1052_Day_A	164	Pulse	99	5160000	1823	NA
MAXED_1052_Day_A	165	Picture	stage2_up	5165843	0	1	7667	1	0	next	other	0
MAXED_1052_Day_A	166	Picture	stage2_win	5173510	0	1	10167	1	0	next	other	0
MAXED_1052_Day_A	166	Pulse	99	5180000	6490	NA
MAXED_1052_Day_A	167	Picture	stage1	5183677	0	1	3167	1	0	next	false_alarm	508
MAXED_1052_Day_A	167	Response	2	5186744	3068	1
MAXED_1052_Day_A	168	Picture	stage1_box	5186843	0	1	7667	1	0	next	other	0
MAXED_1052_Day_A	169	Picture	stage1_outcome	5194510	0	1	167	1	0	next	other	0
MAXED_1052_Day_A	170	Picture	stage2A	5194677	0	1	8333	1	0	next	false_alarm	513
MAXED_1052_Day_A	170	Pulse	99	5200000	5323	NA
MAXED_1052_Day_A	170	Response	1	5202904	8228	1
MAXED_1052_Day_A	171	Picture	stage2_box	5203010	0	1	7667	1	0	next	other	0
MAXED_1052_Day_A	172	Picture	stage2_up	5210677	0	1	7667	1	0	next	other	0
MAXED_1052_Day_A	173	Picture	stage2_lose	5218344	0	1	10167	1	0	next	other	0
MAXED_1052_Day_A	173	Pulse	99	5220000	1656	NA
MAXED_1052_Day_A	174	Picture	stage1	5228510	0	1	2667	1	0	next	false_alarm	519
MAXED_1052_Day_A	174	Response	2	5231064	2554	1
MAXED_1052_Day_A	175	Picture	stage1_box	5231177	0	1	7667	1	0	next	other	0
MAXED_1052_Day_A	176	Picture	stage1_outcome	5238844	0	1	167	1	0	next	other	0
MAXED_1052_Day_A	177	Picture	stage2B	5239010	0	1	6333	1	0	next	false_alarm	524
MAXED_1052_Day_A	177	Pulse	99	5240000	990	NA
MAXED_1052_Day_A	177	Response	1	5245304	6294	1
MAXED_1052_Day_A	178	Picture	stage2_box	5245344	0	1	7667	1	0	next	other	0
MAXED_1052_Day_A	179	Picture	stage2_up	5253010	0	1	7667	1	0	next	other	0
MAXED_1052_Day_A	179	Pulse	99	5260000	6990	NA
MAXED_1052_Day_A	180	Picture	stage2_win	5260677	0	1	10167	1	0	next	other	0
MAXED_1052_Day_A	181	Picture	stage1	5270844	0	1	2667	1	0	next	false_alarm	530
MAXED_1052_Day_A	181	Response	2	5273464	2621	1
MAXED_1052_Day_A	182	Picture	stage1_box	5273510	0	1	7667	1	0	next	other	0
MAXED_1052_Day_A	182	Pulse	99	5280000	6490	NA
MAXED_1052_Day_A	183	Picture	stage1_outcome	5281177	0	1	167	1	0	next	other	0
MAXED_1052_Day_A	184	Picture	stage2B	5281344	0	1	7333	1	0	next	false_alarm	535
MAXED_1052_Day_A	184	Response	1	5288504	7161	1
MAXED_1052_Day_A	185	Picture	stage2_box	5288677	0	1	7667	1	0	next	other	0
MAXED_1052_Day_A	186	Picture	stage2_up	5296344	0	1	7667	1	0	next	other	0
MAXED_1052_Day_A	186	Pulse	99	5300000	3656	NA
MAXED_1052_Day_A	187	Picture	stage2_lose	5304010	0	1	10167	1	0	next	other	0
MAXED_1052_Day_A	188	Picture	stage1	5314177	0	1	2833	1	0	next	false_alarm	541
MAXED_1052_Day_A	188	Response	2	5316824	2647	1
MAXED_1052_Day_A	189	Picture	stage1_box	5317010	0	1	7667	1	0	next	other	0
MAXED_1052_Day_A	189	Pulse	99	5320000	2990	NA
MAXED_1052_Day_A	190	Picture	stage1_outcome	5324677	0	1	167	1	0	next	other	0
MAXED_1052_Day_A	191	Picture	stage2B	5324844	0	1	8000	1	0	next	false_alarm	546
MAXED_1052_Day_A	191	Response	2	5332664	7821	1
MAXED_1052_Day_A	192	Picture	stage2_box	5332844	0	1	7667	1	0	next	other	0
MAXED_1052_Day_A	192	Pulse	99	5340000	7156	NA
MAXED_1052_Day_A	193	Picture	stage2_up	5340510	0	1	7667	1	0	next	other	0
MAXED_1052_Day_A	194	Picture	stage2_lose	5348177	0	1	10167	1	0	next	other	0
MAXED_1052_Day_A	195	Picture	stage1	5358344	0	1	3167	1	0	next	false_alarm	553
MAXED_1052_Day_A	195	Pulse	99	5360000	1656	NA
MAXED_1052_Day_A	195	Response	1	5361465	3121	1
MAXED_1052_Day_A	196	Picture	stage1_box	5361510	0	1	7667	1	0	next	other	0
MAXED_1052_Day_A	197	Picture	stage1_outcome	5369177	0	1	167	1	0	next	other	0
MAXED_1052_Day_A	198	Picture	stage2A	5369344	0	1	8833	1	0	next	false_alarm	557
MAXED_1052_Day_A	198	Response	1	5378104	8761	1
MAXED_1052_Day_A	199	Picture	stage2_box	5378177	0	1	7667	1	0	next	other	0
MAXED_1052_Day_A	199	Pulse	99	5380000	1823	NA
MAXED_1052_Day_A	200	Picture	stage2_up	5385844	0	1	7667	1	0	next	other	0
MAXED_1052_Day_A	201	Picture	stage2_win	5393511	0	1	10167	1	0	next	other	0
MAXED_1052_Day_A	201	Pulse	99	5400000	6489	NA
MAXED_1052_Day_A	202	Picture	stage1	5403677	0	1	5000	1	0	next	false_alarm	564
MAXED_1052_Day_A	202	Response	1	5408504	4827	1
MAXED_1052_Day_A	203	Picture	stage1_box	5408677	0	1	7667	1	0	next	other	0
MAXED_1052_Day_A	204	Picture	stage1_outcome	5416344	0	1	167	1	0	next	other	0
MAXED_1052_Day_A	205	Picture	stage2B	5416511	0	1	9500	1	0	next	false_alarm	569
MAXED_1052_Day_A	205	Pulse	99	5420000	3489	NA
MAXED_1052_Day_A	205	Response	2	5425944	9434	1
MAXED_1052_Day_A	206	Picture	stage2_box	5426011	0	1	7667	1	0	next	other	0
MAXED_1052_Day_A	207	Picture	stage2_up	5433677	0	1	7667	1	0	next	other	0
MAXED_1052_Day_A	207	Pulse	99	5440000	6323	NA
MAXED_1052_Day_A	208	Picture	stage2_lose	5441344	0	1	10167	1	0	next	other	0
MAXED_1052_Day_A	209	Picture	stage1	5451511	0	1	4000	1	0	next	false_alarm	575
MAXED_1052_Day_A	209	Response	1	5455384	3874	1
MAXED_1052_Day_A	210	Picture	stage1_box	5455511	0	1	7667	1	0	next	other	0
MAXED_1052_Day_A	210	Pulse	99	5460000	4489	NA
MAXED_1052_Day_A	211	Picture	stage1_outcome	5463177	0	1	167	1	0	next	other	0
MAXED_1052_Day_A	212	Picture	stage2A	5463344	0	1	9167	1	0	next	false_alarm	580
MAXED_1052_Day_A	212	Response	1	5472344	9000	1
MAXED_1052_Day_A	213	Picture	stage2_box	5472511	0	1	7667	1	0	next	other	0
MAXED_1052_Day_A	213	Pulse	99	5480000	7489	NA
MAXED_1052_Day_A	214	Picture	stage2_up	5480177	0	1	7667	1	0	next	other	0
MAXED_1052_Day_A	215	Picture	stage2_lose	5487844	0	1	10167	1	0	next	other	0
MAXED_1052_Day_A	216	Picture	stage1	5498011	0	1	3167	1	0	next	false_alarm	587
MAXED_1052_Day_A	216	Pulse	99	5500000	1989	NA
MAXED_1052_Day_A	216	Response	1	5500984	2974	1
MAXED_1052_Day_A	217	Picture	stage1_box	5501177	0	1	7667	1	0	next	other	0
MAXED_1052_Day_A	218	Picture	stage1_outcome	5508844	0	1	167	1	0	next	other	0
MAXED_1052_Day_A	219	Picture	stage2A	5509011	0	1	5833	1	0	next	false_alarm	591
MAXED_1052_Day_A	219	Response	2	5514744	5734	1
MAXED_1052_Day_A	220	Picture	stage2_box	5514844	0	1	7667	1	0	next	other	0
MAXED_1052_Day_A	220	Pulse	99	5520000	5156	NA
MAXED_1052_Day_A	221	Picture	stage2_up	5522511	0	1	7667	1	0	next	other	0
MAXED_1052_Day_A	222	Picture	stage2_lose	5530177	0	1	10167	1	0	next	other	0
MAXED_1052_Day_A	222	Pulse	99	5540000	9823	NA
MAXED_1052_Day_A	223	Pulse	99	5560000	19656	NA
MAXED_1052_Day_A	223	Pulse	99	5580000	39656	NA
MAXED_1052_Day_A	223	Pulse	99	5600000	59656	NA
MAXED_1052_Day_A	223	Pulse	99	5620000	79656	NA
MAXED_1052_Day_A	223	Pulse	99	5640000	99656	NA
MAXED_1052_Day_A	223	Pulse	99	5660000	119656	NA
MAXED_1052_Day_A	223	Pulse	99	5680000	139656	NA
MAXED_1052_Day_A	223	Pulse	99	5700000	159656	NA
MAXED_1052_Day_A	223	Pulse	99	5720000	179656	NA
MAXED_1052_Day_A	223	Pulse	99	5740000	199656	NA
MAXED_1052_Day_A	223	Pulse	99	5760000	219656	NA
MAXED_1052_Day_A	223	Pulse	99	5780000	239656	NA
MAXED_1052_Day_A	223	Pulse	99	5800000	259656	NA
MAXED_1052_Day_A	223	Pulse	99	5820000	279656	NA
MAXED_1052_Day_A	223	Pulse	99	5840000	299656	NA
MAXED_1052_Day_A	223	Pulse	99	5860000	319656	NA
MAXED_1052_Day_A	223	Pulse	99	5880000	339656	NA
MAXED_1052_Day_A	223	Pulse	99	5900000	359656	NA
MAXED_1052_Day_A	223	Pulse	99	5920000	379656	NA
MAXED_1052_Day_A	223	Pulse	99	5940000	399656	NA
MAXED_1052_Day_A	223	Pulse	99	5960000	419656	NA
MAXED_1052_Day_A	223	Pulse	99	5980000	439656	NA
MAXED_1052_Day_A	223	Pulse	99	6000000	459656	NA
MAXED_1052_Day_A	223	Pulse	99	6020000	479656	NA
MAXED_1052_Day_A	223	Pulse	99	6040000	499656	NA
MAXED_1052_Day_A	223	Pulse	99	6060000	519656	NA
MAXED_1052_Day_A	223	Pulse	99	6080000	539656	NA
MAXED_1052_Day_A	223	Pulse	99	6100000	559656	NA
MAXED_1052_Day_A	223	Pulse	99	6120000	579656	NA
MAXED_1052_Day_A	223	Pulse	99	6140000	599656	NA
MAXED_1052_Day_A	223	Pulse	99	6160000	619656	NA
MAXED_1052_Day_A	223	Pulse	99	6180000	639656	NA
MAXED_1052_Day_A	223	Pulse	99	6200000	659656	NA
MAXED_1052_Day_A	223	Pulse	99	6220000	679656	NA
MAXED_1052_Day_A	223	Pulse	99	6240000	699656	NA
MAXED_1052_Day_A	223	Pulse	99	6260000	719656	NA
MAXED_1052_Day_A	223	Pulse	99	6280000	739656	NA
MAXED_1052_Day_A	223	Pulse	99	6300000	759656	NA
MAXED_1052_Day_A	223	Pulse	99	6320000	779656	NA
MAXED_1052_Day_A	223	Pulse	99	6340000	799656	NA
MAXED_1052_Day_A	223	Pulse	99	6360000	819656	NA
MAXED_1052_Day_A	223	Pulse	99	6380000	839656	NA
MAXED_1052_Day_A	223	Pulse	99	6400000	859656	NA
MAXED_1052_Day_A	223	Pulse	99	6420000	879656	NA
MAXED_1052_Day_A	223	Pulse	99	6440000	899656	NA
MAXED_1052_Day_A	223	Pulse	99	6460000	919656	NA
MAXED_1052_Day_A	223	Pulse	99	6480000	939656	NA
MAXED_1052_Day_A	223	Pulse	99	6500000	959656	NA
MAXED_1052_Day_A	223	Pulse	99	6520000	979656	NA
MAXED_1052_Day_A	223	Pulse	99	6540000	999656	NA
MAXED_1052_Day_A	223	Pulse	99	6560000	1019656	NA
MAXED_1052_Day_A	223	Pulse	99	6580000	1039656	NA
MAXED_1052_Day_A	223	Pulse	99	6600000	1059656	NA
MAXED_1052_Day_A	223	Pulse	99	6620000	1079656	NA
MAXED_1052_Day_A	223	Pulse	99	6640000	1099656	NA
MAXED_1052_Day_A	223	Pulse	99	6660000	1119656	NA
MAXED_1052_Day_A	223	Pulse	99	6680000	1139656	NA
MAXED_1052_Day_A	223	Pulse	99	6700000	1159656	NA
MAXED_1052_Day_A	223	Pulse	99	6720000	1179656	NA
MAXED_1052_Day_A	223	Pulse	99	6740000	1199656	NA
MAXED_1052_Day_A	223	Pulse	99	6760000	1219656	NA
MAXED_1052_Day_A	223	Pulse	99	6780000	1239656	NA
MAXED_1052_Day_A	223	Pulse	99	6800000	1259656	NA
MAXED_1052_Day_A	223	Pulse	99	6820000	1279656	NA
MAXED_1052_Day_A	223	Pulse	99	6840000	1299656	NA
MAXED_1052_Day_A	223	Pulse	99	6860000	1319656	NA
MAXED_1052_Day_A	223	Pulse	99	6880000	1339656	NA
MAXED_1052_Day_A	223	Pulse	99	6900000	1359656	NA
MAXED_1052_Day_A	223	Pulse	99	6920000	1379656	NA
MAXED_1052_Day_A	223	Pulse	99	6940000	1399656	NA
MAXED_1052_Day_A	223	Pulse	99	6960000	1419656	NA
MAXED_1052_Day_A	223	Pulse	99	6980000	1439656	NA
MAXED_1052_Day_A	223	Pulse	99	7000000	1459656	NA
MAXED_1052_Day_A	223	Pulse	99	7020000	1479656	NA
MAXED_1052_Day_A	223	Pulse	99	7040000	1499656	NA
MAXED_1052_Day_A	223	Pulse	99	7060000	1519656	NA
MAXED_1052_Day_A	223	Pulse	99	7080000	1539656	NA
MAXED_1052_Day_A	223	Pulse	99	7100000	1559656	NA
MAXED_1052_Day_A	223	Pulse	99	7120000	1579656	NA
MAXED_1052_Day_A	223	Pulse	99	7140000	1599656	NA
MAXED_1052_Day_A	223	Pulse	99	7160000	1619656	NA
MAXED_1052_Day_A	223	Pulse	99	7180000	1639656	NA
MAXED_1052_Day_A	223	Pulse	99	7200000	1659656	NA
MAXED_1052_Day_A	223	Pulse	99	7220000	1679656	NA
MAXED_1052_Day_A	223	Pulse	99	7240000	1699656	NA
MAXED_1052_Day_A	223	Pulse	99	7260000	1719656	NA
MAXED_1052_Day_A	223	Pulse	99	7280000	1739656	NA
MAXED_1052_Day_A	223	Pulse	99	7300000	1759656	NA
MAXED_1052_Day_A	223	Pulse	99	7320000	1779656	NA
MAXED_1052_Day_A	223	Pulse	99	7340000	1799656	NA
MAXED_1052_Day_A	223	Pulse	99	7360000	1819656	NA
MAXED_1052_Day_A	223	Pulse	99	7380000	1839656	NA
MAXED_1052_Day_A	223	Pulse	99	7400000	1859656	NA
MAXED_1052_Day_A	223	Pulse	99	7420000	1879656	NA
MAXED_1052_Day_A	223	Pulse	99	7440000	1899656	NA
MAXED_1052_Day_A	223	Pulse	99	7460000	1919656	NA
MAXED_1052_Day_A	223	Pulse	99	7480000	1939656	NA
MAXED_1052_Day_A	223	Pulse	99	7500000	1959656	NA
MAXED_1052_Day_A	223	Pulse	99	7520000	1979656	NA
MAXED_1052_Day_A	223	Pulse	99	7540000	1999656	NA
MAXED_1052_Day_A	223	Pulse	99	7560000	2019656	NA
MAXED_1052_Day_A	223	Pulse	99	7580000	2039656	NA
MAXED_1052_Day_A	223	Pulse	99	7600000	2059656	NA
MAXED_1052_Day_A	223	Pulse	99	7620000	2079656	NA
MAXED_1052_Day_A	223	Pulse	99	7640000	2099656	NA
MAXED_1052_Day_A	223	Pulse	99	7660000	2119656	NA
MAXED_1052_Day_A	223	Pulse	99	7680000	2139656	NA
MAXED_1052_Day_A	223	Pulse	99	7700000	2159656	NA
MAXED_1052_Day_A	223	Pulse	99	7720000	2179656	NA
MAXED_1052_Day_A	223	Pulse	99	7740000	2199656	NA
MAXED_1052_Day_A	223	Pulse	99	7760000	2219656	NA
MAXED_1052_Day_A	223	Pulse	99	7780000	2239656	NA
MAXED_1052_Day_A	223	Pulse	99	7800000	2259656	NA
MAXED_1052_Day_A	223	Pulse	99	7820000	2279656	NA
MAXED_1052_Day_A	223	Pulse	99	7840000	2299656	NA
MAXED_1052_Day_A	223	Pulse	99	7860000	2319656	NA
MAXED_1052_Day_A	223	Pulse	99	7880000	2339656	NA
MAXED_1052_Day_A	223	Pulse	99	7900000	2359656	NA
MAXED_1052_Day_A	223	Pulse	99	7920000	2379656	NA
MAXED_1052_Day_A	223	Pulse	99	7940000	2399656	NA
MAXED_1052_Day_A	223	Pulse	99	7960000	2419656	NA
MAXED_1052_Day_A	223	Pulse	99	7980000	2439656	NA
MAXED_1052_Day_A	223	Pulse	99	8000000	2459656	NA
MAXED_1052_Day_A	223	Pulse	99	8020000	2479656	NA
MAXED_1052_Day_A	223	Pulse	99	8040000	2499656	NA
MAXED_1052_Day_A	223	Pulse	99	8060000	2519656	NA
MAXED_1052_Day_A	223	Pulse	99	8080000	2539656	NA
MAXED_1052_Day_A	223	Pulse	99	8100000	2559656	NA
MAXED_1052_Day_A	223	Pulse	99	8120000	2579656	NA
MAXED_1052_Day_A	223	Pulse	99	8140000	2599656	NA
MAXED_1052_Day_A	223	Pulse	99	8160000	2619656	NA
MAXED_1052_Day_A	223	Pulse	99	8180000	2639656	NA
MAXED_1052_Day_A	223	Pulse	99	8200000	2659656	NA
MAXED_1052_Day_A	223	Pulse	99	8220000	2679656	NA
MAXED_1052_Day_A	223	Pulse	99	8240000	2699656	NA
MAXED_1052_Day_A	223	Pulse	99	8260000	2719656	NA
MAXED_1052_Day_A	223	Pulse	99	8280000	2739656	NA
MAXED_1052_Day_A	223	Pulse	99	8300000	2759656	NA
MAXED_1052_Day_A	223	Pulse	99	8320000	2779656	NA
MAXED_1052_Day_A	223	Pulse	99	8340000	2799656	NA
MAXED_1052_Day_A	223	Pulse	99	8360000	2819656	NA
MAXED_1052_Day_A	223	Pulse	99	8380000	2839656	NA
MAXED_1052_Day_A	223	Pulse	99	8400000	2859656	NA
MAXED_1052_Day_A	223	Pulse	99	8420000	2879656	NA
MAXED_1052_Day_A	223	Pulse	99	8440000	2899656	NA
MAXED_1052_Day_A	223	Pulse	99	8460000	2919656	NA
MAXED_1052_Day_A	223	Pulse	99	8480000	2939656	NA
MAXED_1052_Day_A	223	Pulse	99	8500000	2959656	NA
MAXED_1052_Day_A	223	Pulse	99	8520000	2979656	NA
MAXED_1052_Day_A	223	Pulse	99	8540000	2999656	NA
MAXED_1052_Day_A	223	Pulse	99	8560000	3019656	NA
MAXED_1052_Day_A	223	Pulse	99	8580000	3039656	NA
MAXED_1052_Day_A	223	Pulse	99	8600000	3059656	NA
MAXED_1052_Day_A	223	Pulse	99	8620000	3079656	NA
MAXED_1052_Day_A	223	Pulse	99	8640000	3099656	NA
MAXED_1052_Day_A	223	Pulse	99	8660000	3119656	NA
MAXED_1052_Day_A	223	Pulse	99	8680000	3139656	NA
MAXED_1052_Day_A	223	Pulse	99	8700000	3159656	NA
MAXED_1052_Day_A	223	Pulse	99	8720000	3179656	NA
MAXED_1052_Day_A	223	Pulse	99	8740000	3199656	NA
MAXED_1052_Day_A	223	Pulse	99	8760000	3219656	NA
MAXED_1052_Day_A	223	Pulse	99	8780000	3239656	NA
MAXED_1052_Day_A	223	Pulse	99	8800000	3259656	NA
MAXED_1052_Day_A	223	Pulse	99	8820000	3279656	NA
MAXED_1052_Day_A	223	Pulse	99	8840000	3299656	NA
MAXED_1052_Day_A	223	Pulse	99	8860000	3319656	NA
MAXED_1052_Day_A	223	Pulse	99	8880000	3339656	NA
MAXED_1052_Day_A	223	Pulse	99	8900000	3359656	NA
MAXED_1052_Day_A	223	Pulse	99	8920000	3379656	NA
MAXED_1052_Day_A	223	Pulse	99	8940000	3399656	NA
MAXED_1052_Day_A	223	Pulse	99	8960000	3419656	NA
MAXED_1052_Day_A	223	Pulse	99	8980000	3439656	NA
MAXED_1052_Day_A	223	Pulse	99	9000000	3459656	NA
MAXED_1052_Day_A	223	Pulse	99	9020000	3479656	NA
MAXED_1052_Day_A	223	Pulse	99	9040000	3499656	NA
MAXED_1052_Day_A	223	Pulse	99	9060000	3519656	NA
MAXED_1052_Day_A	223	Pulse	99	9080000	3539656	NA
MAXED_1052_Day_A	223	Pulse	99	9100000	3559656	NA
MAXED_1052_Day_A	223	Pulse	99	9120000	3579656	NA
MAXED_1052_Day_A	223	Pulse	99	9140000	3599656	NA
MAXED_1052_Day_A	223	Pulse	99	9160000	3619656	NA
MAXED_1052_Day_A	223	Pulse	99	9180000	3639656	NA
MAXED_1052_Day_A	223	Pulse	99	9200000	3659656	NA
MAXED_1052_Day_A	223	Pulse	99	9220000	3679656	NA
MAXED_1052_Day_A	223	Pulse	99	9240000	3699656	NA
MAXED_1052_Day_A	223	Pulse	99	9260000	3719656	NA
MAXED_1052_Day_A	223	Pulse	99	9280000	3739656	NA
MAXED_1052_Day_A	223	Pulse	99	9300000	3759656	NA
MAXED_1052_Day_A	223	Pulse	99	9320000	3779656	NA
MAXED_1052_Day_A	223	Pulse	99	9340000	3799656	NA
MAXED_1052_Day_A	223	Pulse	99	9360000	3819656	NA
MAXED_1052_Day_A	223	Pulse	99	9380000	3839656	NA
MAXED_1052_Day_A	223	Pulse	99	9400000	3859656	NA
MAXED_1052_Day_A	223	Pulse	99	9420000	3879656	NA
MAXED_1052_Day_A	223	Pulse	99	9440000	3899656	NA
MAXED_1052_Day_A	223	Pulse	99	9460000	3919656	NA
MAXED_1052_Day_A	223	Pulse	99	9480000	3939656	NA
MAXED_1052_Day_A	223	Pulse	99	9500000	3959656	NA
MAXED_1052_Day_A	223	Pulse	99	9520000	3979656	NA
MAXED_1052_Day_A	223	Pulse	99	9540000	3999656	NA
MAXED_1052_Day_A	223	Pulse	99	9560000	4019656	NA
MAXED_1052_Day_A	223	Pulse	99	9580000	4039656	NA
MAXED_1052_Day_A	223	Pulse	99	9600000	4059656	NA
MAXED_1052_Day_A	223	Pulse	99	9620000	4079656	NA
MAXED_1052_Day_A	223	Pulse	99	9640000	4099656	NA
MAXED_1052_Day_A	223	Pulse	99	9660000	4119656	NA
MAXED_1052_Day_A	223	Pulse	99	9680000	4139656	NA
MAXED_1052_Day_A	223	Pulse	99	9700000	4159656	NA
MAXED_1052_Day_A	223	Pulse	99	9720000	4179656	NA
MAXED_1052_Day_A	223	Pulse	99	9740000	4199656	NA
MAXED_1052_Day_A	223	Pulse	99	9760000	4219656	NA
MAXED_1052_Day_A	223	Pulse	99	9780000	4239656	NA
MAXED_1052_Day_A	223	Pulse	99	9800000	4259656	NA
MAXED_1052_Day_A	223	Pulse	99	9820000	4279656	NA
MAXED_1052_Day_A	223	Pulse	99	9840000	4299656	NA
MAXED_1052_Day_A	223	Pulse	99	9860000	4319656	NA
MAXED_1052_Day_A	223	Pulse	99	9880000	4339656	NA
MAXED_1052_Day_A	223	Pulse	99	9900000	4359656	NA
MAXED_1052_Day_A	223	Pulse	99	9920000	4379656	NA
MAXED_1052_Day_A	223	Pulse	99	9940000	4399656	NA
MAXED_1052_Day_A	223	Pulse	99	9960000	4419656	NA
MAXED_1052_Day_A	223	Pulse	99	9980000	4439656	NA
MAXED_1052_Day_A	223	Pulse	99	10000000	4459656	NA
MAXED_1052_Day_A	223	Pulse	99	10020000	4479656	NA
MAXED_1052_Day_A	223	Pulse	99	10040000	4499656	NA
MAXED_1052_Day_A	223	Pulse	99	10060000	4519656	NA
MAXED_1052_Day_A	223	Pulse	99	10080000	4539656	NA
MAXED_1052_Day_A	223	Pulse	99	10100000	4559656	NA
MAXED_1052_Day_A	223	Pulse	99	10120000	4579656	NA
MAXED_1052_Day_A	223	Pulse	99	10140000	4599656	NA
MAXED_1052_Day_A	223	Pulse	99	10160000	4619656	NA
MAXED_1052_Day_A	223	Pulse	99	10180000	4639656	NA
MAXED_1052_Day_A	223	Pulse	99	10200000	4659656	NA
MAXED_1052_Day_A	223	Pulse	99	10220000	4679656	NA
MAXED_1052_Day_A	223	Pulse	99	10240000	4699656	NA
MAXED_1052_Day_A	223	Pulse	99	10260000	4719656	NA
MAXED_1052_Day_A	223	Pulse	99	10280000	4739656	NA
MAXED_1052_Day_A	223	Pulse	99	10300000	4759656	NA
MAXED_1052_Day_A	223	Pulse	99	10320000	4779656	NA
MAXED_1052_Day_A	223	Pulse	99	10340000	4799656	NA
MAXED_1052_Day_A	223	Pulse	99	10360000	4819656	NA
MAXED_1052_Day_A	223	Pulse	99	10380000	4839656	NA
MAXED_1052_Day_A	223	Pulse	99	10400000	4859656	NA
MAXED_1052_Day_A	223	Pulse	99	10420000	4879656	NA
MAXED_1052_Day_A	223	Pulse	99	10440000	4899656	NA
MAXED_1052_Day_A	223	Pulse	99	10460000	4919656	NA
MAXED_1052_Day_A	223	Pulse	99	10480000	4939656	NA
MAXED_1052_Day_A	223	Pulse	99	10500000	4959656	NA
MAXED_1052_Day_A	223	Pulse	99	10520000	4979656	NA
MAXED_1052_Day_A	223	Pulse	99	10540000	4999656	NA
MAXED_1052_Day_A	223	Pulse	99	10560000	5019656	NA
MAXED_1052_Day_A	223	Pulse	99	10580000	5039656	NA
MAXED_1052_Day_A	223	Pulse	99	10600000	5059656	NA
MAXED_1052_Day_A	223	Pulse	99	10620000	5079656	NA
MAXED_1052_Day_A	223	Pulse	99	10640000	5099656	NA
MAXED_1052_Day_A	223	Quit		10646912	5106568	NA
