Scenario - 
Logfile written - 10/29/2021 17:33:09

Subject	Trial	Event Type	Code	Time	TTime	Uncertainty	Duration	Uncertainty	ReqTime	ReqDur	Stim Type	Pair Index

MAXED_1012_Day_A	0	Pulse	99	0	0	NA
MAXED_1012_Day_A	1	Picture	instructions_1	166	0	1	443667	1	0	next	false_alarm	25
MAXED_1012_Day_A	1	Pulse	99	20000	19834	NA
MAXED_1012_Day_A	1	Pulse	99	40000	39834	NA
MAXED_1012_Day_A	1	Pulse	99	60000	59834	NA
MAXED_1012_Day_A	1	Pulse	99	80000	79834	NA
MAXED_1012_Day_A	1	Pulse	99	100000	99834	NA
MAXED_1012_Day_A	1	Pulse	99	120000	119834	NA
MAXED_1012_Day_A	1	Pulse	99	140000	139834	NA
MAXED_1012_Day_A	1	Pulse	99	160000	159834	NA
MAXED_1012_Day_A	1	Pulse	99	180000	179834	NA
MAXED_1012_Day_A	1	Pulse	99	200000	199834	NA
MAXED_1012_Day_A	1	Pulse	99	220000	219834	NA
MAXED_1012_Day_A	1	Pulse	99	240000	239834	NA
MAXED_1012_Day_A	1	Pulse	99	260000	259834	NA
MAXED_1012_Day_A	1	Pulse	99	280000	279834	NA
MAXED_1012_Day_A	1	Pulse	99	300000	299834	NA
MAXED_1012_Day_A	1	Pulse	99	320000	319834	NA
MAXED_1012_Day_A	1	Pulse	99	340000	339834	NA
MAXED_1012_Day_A	1	Pulse	99	360000	359834	NA
MAXED_1012_Day_A	1	Pulse	99	380000	379834	NA
MAXED_1012_Day_A	1	Pulse	99	400000	399834	NA
MAXED_1012_Day_A	1	Pulse	99	420000	419834	NA
MAXED_1012_Day_A	1	Pulse	99	440000	439834	NA
MAXED_1012_Day_A	1	Response	88	443608	443442	1
MAXED_1012_Day_A	2	Picture	instructions_2	443834	0	1	129834	1	0	next	false_alarm	33
MAXED_1012_Day_A	2	Pulse	99	460000	16166	NA
MAXED_1012_Day_A	2	Pulse	99	480000	36166	NA
MAXED_1012_Day_A	2	Pulse	99	500000	56166	NA
MAXED_1012_Day_A	2	Pulse	99	520000	76166	NA
MAXED_1012_Day_A	2	Pulse	99	540000	96166	NA
MAXED_1012_Day_A	2	Pulse	99	560000	116166	NA
MAXED_1012_Day_A	2	Response	88	573448	129615	1
MAXED_1012_Day_A	3	Picture	instructions_3	573667	0	1	145500	1	0	next	false_alarm	42
MAXED_1012_Day_A	3	Pulse	99	580000	6333	NA
MAXED_1012_Day_A	3	Pulse	99	600000	26333	NA
MAXED_1012_Day_A	3	Pulse	99	620000	46333	NA
MAXED_1012_Day_A	3	Pulse	99	640000	66333	NA
MAXED_1012_Day_A	3	Pulse	99	660000	86333	NA
MAXED_1012_Day_A	3	Pulse	99	680000	106333	NA
MAXED_1012_Day_A	3	Pulse	99	700000	126333	NA
MAXED_1012_Day_A	3	Response	88	718969	145301	1
MAXED_1012_Day_A	4	Picture	instructions_4	719167	0	1	79500	1	0	next	false_alarm	48
MAXED_1012_Day_A	4	Pulse	99	720000	833	NA
MAXED_1012_Day_A	4	Pulse	99	740000	20833	NA
MAXED_1012_Day_A	4	Pulse	99	760000	40833	NA
MAXED_1012_Day_A	4	Pulse	99	780000	60833	NA
MAXED_1012_Day_A	4	Response	88	798569	79401	1
MAXED_1012_Day_A	5	Picture	instructions_5	798668	0	1	194000	1	0	next	false_alarm	60
MAXED_1012_Day_A	5	Pulse	99	800000	1332	NA
MAXED_1012_Day_A	5	Pulse	99	820000	21332	NA
MAXED_1012_Day_A	5	Pulse	99	840000	41332	NA
MAXED_1012_Day_A	5	Pulse	99	860000	61332	NA
MAXED_1012_Day_A	5	Pulse	99	880000	81332	NA
MAXED_1012_Day_A	5	Pulse	99	900000	101332	NA
MAXED_1012_Day_A	5	Pulse	99	920000	121332	NA
MAXED_1012_Day_A	5	Pulse	99	940000	141332	NA
MAXED_1012_Day_A	5	Pulse	99	960000	161332	NA
MAXED_1012_Day_A	5	Pulse	99	980000	181332	NA
MAXED_1012_Day_A	5	Response	88	992409	193741	1
MAXED_1012_Day_A	6	Picture	instructions_6	992668	0	1	74333	1	0	next	false_alarm	66
MAXED_1012_Day_A	6	Pulse	99	1000000	7332	NA
MAXED_1012_Day_A	6	Pulse	99	1020000	27332	NA
MAXED_1012_Day_A	6	Pulse	99	1040000	47332	NA
MAXED_1012_Day_A	6	Pulse	99	1060000	67332	NA
MAXED_1012_Day_A	6	Response	88	1066889	74221	1
MAXED_1012_Day_A	7	Picture	instructions_7	1067001	0	1	195834	1	0	next	false_alarm	78
MAXED_1012_Day_A	7	Pulse	99	1080000	12999	NA
MAXED_1012_Day_A	7	Pulse	99	1100000	32999	NA
MAXED_1012_Day_A	7	Pulse	99	1120000	52999	NA
MAXED_1012_Day_A	7	Pulse	99	1140000	72999	NA
MAXED_1012_Day_A	7	Pulse	99	1160000	92999	NA
MAXED_1012_Day_A	7	Pulse	99	1180000	112999	NA
MAXED_1012_Day_A	7	Pulse	99	1200000	132999	NA
MAXED_1012_Day_A	7	Pulse	99	1220000	152999	NA
MAXED_1012_Day_A	7	Pulse	99	1240000	172999	NA
MAXED_1012_Day_A	7	Pulse	99	1260000	192999	NA
MAXED_1012_Day_A	7	Response	88	1262569	195567	1
MAXED_1012_Day_A	8	Picture	instructions_8	1262835	0	1	110000	1	0	next	false_alarm	85
MAXED_1012_Day_A	8	Pulse	99	1280000	17165	NA
MAXED_1012_Day_A	8	Pulse	99	1300000	37165	NA
MAXED_1012_Day_A	8	Pulse	99	1320000	57165	NA
MAXED_1012_Day_A	8	Pulse	99	1340000	77165	NA
MAXED_1012_Day_A	8	Pulse	99	1360000	97165	NA
MAXED_1012_Day_A	8	Response	88	1372649	109814	1
MAXED_1012_Day_A	9	Picture	instructions_9	1372835	0	1	73667	1	0	next	false_alarm	91
MAXED_1012_Day_A	9	Pulse	99	1380000	7165	NA
MAXED_1012_Day_A	9	Pulse	99	1400000	27165	NA
MAXED_1012_Day_A	9	Pulse	99	1420000	47165	NA
MAXED_1012_Day_A	9	Pulse	99	1440000	67165	NA
MAXED_1012_Day_A	9	Response	88	1446329	73494	1
MAXED_1012_Day_A	10	Picture	instructions_10	1446502	0	1	142000	1	0	next	false_alarm	100
MAXED_1012_Day_A	10	Pulse	99	1460000	13498	NA
MAXED_1012_Day_A	10	Pulse	99	1480000	33498	NA
MAXED_1012_Day_A	10	Pulse	99	1500000	53498	NA
MAXED_1012_Day_A	10	Pulse	99	1520000	73498	NA
MAXED_1012_Day_A	10	Pulse	99	1540000	93498	NA
MAXED_1012_Day_A	10	Pulse	99	1560000	113498	NA
MAXED_1012_Day_A	10	Pulse	99	1580000	133498	NA
MAXED_1012_Day_A	10	Response	88	1588329	141827	1
MAXED_1012_Day_A	11	Picture	instructions_11	1588502	0	1	153500	1	0	next	false_alarm	110
MAXED_1012_Day_A	11	Pulse	99	1600000	11498	NA
MAXED_1012_Day_A	11	Pulse	99	1620000	31498	NA
MAXED_1012_Day_A	11	Pulse	99	1640000	51498	NA
MAXED_1012_Day_A	11	Pulse	99	1660000	71498	NA
MAXED_1012_Day_A	11	Pulse	99	1680000	91498	NA
MAXED_1012_Day_A	11	Pulse	99	1700000	111498	NA
MAXED_1012_Day_A	11	Pulse	99	1720000	131498	NA
MAXED_1012_Day_A	11	Pulse	99	1740000	151498	NA
MAXED_1012_Day_A	11	Response	88	1741769	153267	1
MAXED_1012_Day_A	12	Picture	instructions_12	1742002	0	1	74667	1	0	next	false_alarm	115
MAXED_1012_Day_A	12	Pulse	99	1760000	17998	NA
MAXED_1012_Day_A	12	Pulse	99	1780000	37998	NA
MAXED_1012_Day_A	12	Pulse	99	1800000	57998	NA
MAXED_1012_Day_A	12	Response	88	1816409	74406	1
MAXED_1012_Day_A	13	Picture	instructions_13	1816669	0	1	80500	1	0	next	false_alarm	121
MAXED_1012_Day_A	13	Pulse	99	1820000	3331	NA
MAXED_1012_Day_A	13	Pulse	99	1840000	23331	NA
MAXED_1012_Day_A	13	Pulse	99	1860000	43331	NA
MAXED_1012_Day_A	13	Pulse	99	1880000	63331	NA
MAXED_1012_Day_A	13	Response	88	1897049	80380	1
MAXED_1012_Day_A	14	Picture	instructions_14	1897169	0	1	43167	1	0	next	false_alarm	126
MAXED_1012_Day_A	14	Pulse	99	1900000	2831	NA
MAXED_1012_Day_A	14	Pulse	99	1920000	22831	NA
MAXED_1012_Day_A	14	Pulse	99	1940000	42831	NA
MAXED_1012_Day_A	14	Response	88	1940089	42920	1
MAXED_1012_Day_A	15	Picture	instructions_15	1940336	0	1	184167	1	0	next	false_alarm	137
MAXED_1012_Day_A	15	Pulse	99	1960000	19664	NA
MAXED_1012_Day_A	15	Pulse	99	1980000	39664	NA
MAXED_1012_Day_A	15	Pulse	99	2000000	59664	NA
MAXED_1012_Day_A	15	Pulse	99	2020000	79664	NA
MAXED_1012_Day_A	15	Pulse	99	2040000	99664	NA
MAXED_1012_Day_A	15	Pulse	99	2060000	119664	NA
MAXED_1012_Day_A	15	Pulse	99	2080000	139664	NA
MAXED_1012_Day_A	15	Pulse	99	2100000	159664	NA
MAXED_1012_Day_A	15	Pulse	99	2120000	179664	NA
MAXED_1012_Day_A	15	Response	88	2124329	183993	1
MAXED_1012_Day_A	16	Picture	instructions_16	2124503	0	1	57667	1	0	next	false_alarm	142
MAXED_1012_Day_A	16	Pulse	99	2140000	15497	NA
MAXED_1012_Day_A	16	Pulse	99	2160000	35497	NA
MAXED_1012_Day_A	16	Pulse	99	2180000	55497	NA
MAXED_1012_Day_A	16	Response	88	2182009	57506	1
MAXED_1012_Day_A	17	Picture	instructions_17	2182170	0	1	14000	1	0	next	false_alarm	144
MAXED_1012_Day_A	17	Response	88	2195929	13759	1
MAXED_1012_Day_A	18	Picture	instructions_18	2196170	0	1	162334	1	0	next	false_alarm	154
MAXED_1012_Day_A	18	Pulse	99	2200000	3830	NA
MAXED_1012_Day_A	18	Pulse	99	2220000	23830	NA
MAXED_1012_Day_A	18	Pulse	99	2240000	43830	NA
MAXED_1012_Day_A	18	Pulse	99	2260000	63830	NA
MAXED_1012_Day_A	18	Pulse	99	2280000	83830	NA
MAXED_1012_Day_A	18	Pulse	99	2300000	103830	NA
MAXED_1012_Day_A	18	Pulse	99	2320000	123830	NA
MAXED_1012_Day_A	18	Pulse	99	2340000	143830	NA
MAXED_1012_Day_A	18	Response	88	2358410	162240	1
MAXED_1012_Day_A	19	Picture	instructions_19	2358503	0	1	93000	1	0	next	false_alarm	161
MAXED_1012_Day_A	19	Pulse	99	2360000	1497	NA
MAXED_1012_Day_A	19	Pulse	99	2380000	21497	NA
MAXED_1012_Day_A	19	Pulse	99	2400000	41497	NA
MAXED_1012_Day_A	19	Pulse	99	2420000	61497	NA
MAXED_1012_Day_A	19	Pulse	99	2440000	81497	NA
MAXED_1012_Day_A	19	Response	88	2451369	92866	1
MAXED_1012_Day_A	20	Picture	instructions_20	2451503	0	1	139500	1	0	next	false_alarm	170
MAXED_1012_Day_A	20	Pulse	99	2460000	8497	NA
MAXED_1012_Day_A	20	Pulse	99	2480000	28497	NA
MAXED_1012_Day_A	20	Pulse	99	2500000	48497	NA
MAXED_1012_Day_A	20	Pulse	99	2520000	68497	NA
MAXED_1012_Day_A	20	Pulse	99	2540000	88497	NA
MAXED_1012_Day_A	20	Pulse	99	2560000	108497	NA
MAXED_1012_Day_A	20	Pulse	99	2580000	128497	NA
MAXED_1012_Day_A	20	Response	88	2590889	139386	1
MAXED_1012_Day_A	21	Picture	instructions_21	2591004	0	1	100167	1	0	next	false_alarm	177
MAXED_1012_Day_A	21	Pulse	99	2600000	8996	NA
MAXED_1012_Day_A	21	Pulse	99	2620000	28996	NA
MAXED_1012_Day_A	21	Pulse	99	2640000	48996	NA
MAXED_1012_Day_A	21	Pulse	99	2660000	68996	NA
MAXED_1012_Day_A	21	Pulse	99	2680000	88996	NA
MAXED_1012_Day_A	21	Response	88	2691050	100046	1
MAXED_1012_Day_A	22	Picture	instructions_22	2691170	0	1	37000	1	0	next	false_alarm	181
MAXED_1012_Day_A	22	Pulse	99	2700000	8830	NA
MAXED_1012_Day_A	22	Pulse	99	2720000	28830	NA
MAXED_1012_Day_A	22	Response	88	2727849	36679	1
MAXED_1012_Day_A	23	Picture	instructions_23	2728171	0	1	72167	1	0	next	false_alarm	187
MAXED_1012_Day_A	23	Pulse	99	2740000	11829	NA
MAXED_1012_Day_A	23	Pulse	99	2760000	31829	NA
MAXED_1012_Day_A	23	Pulse	99	2780000	51829	NA
MAXED_1012_Day_A	23	Pulse	99	2800000	71829	NA
MAXED_1012_Day_A	23	Response	88	2800169	71999	1
MAXED_1012_Day_A	24	Picture	instructions_24	2800337	0	1	181167	1	0	next	false_alarm	198
MAXED_1012_Day_A	24	Pulse	99	2820000	19663	NA
MAXED_1012_Day_A	24	Pulse	99	2840000	39663	NA
MAXED_1012_Day_A	24	Pulse	99	2860000	59663	NA
MAXED_1012_Day_A	24	Pulse	99	2880000	79663	NA
MAXED_1012_Day_A	24	Pulse	99	2900000	99663	NA
MAXED_1012_Day_A	24	Pulse	99	2920000	119663	NA
MAXED_1012_Day_A	24	Pulse	99	2940000	139663	NA
MAXED_1012_Day_A	24	Pulse	99	2960000	159663	NA
MAXED_1012_Day_A	24	Pulse	99	2980000	179663	NA
MAXED_1012_Day_A	24	Response	88	2981369	181032	1
MAXED_1012_Day_A	25	Picture	instructions_25	2981504	0	1	95333	1	0	next	false_alarm	204
MAXED_1012_Day_A	25	Pulse	99	3000000	18496	NA
MAXED_1012_Day_A	25	Pulse	99	3020000	38496	NA
MAXED_1012_Day_A	25	Pulse	99	3040000	58496	NA
MAXED_1012_Day_A	25	Pulse	99	3060000	78496	NA
MAXED_1012_Day_A	25	Response	88	3076729	95225	1
MAXED_1012_Day_A	26	Picture	instructions_26	3076838	0	1	167667	1	0	next	false_alarm	215
MAXED_1012_Day_A	26	Pulse	99	3080000	3162	NA
MAXED_1012_Day_A	26	Pulse	99	3100000	23162	NA
MAXED_1012_Day_A	26	Pulse	99	3120000	43162	NA
MAXED_1012_Day_A	26	Pulse	99	3140000	63162	NA
MAXED_1012_Day_A	26	Pulse	99	3160000	83162	NA
MAXED_1012_Day_A	26	Pulse	99	3180000	103162	NA
MAXED_1012_Day_A	26	Pulse	99	3200000	123162	NA
MAXED_1012_Day_A	26	Pulse	99	3220000	143162	NA
MAXED_1012_Day_A	26	Pulse	99	3240000	163162	NA
MAXED_1012_Day_A	26	Response	88	3244249	167412	1
MAXED_1012_Day_A	27	Picture	instructions_27	3244505	0	1	70667	1	0	next	false_alarm	220
MAXED_1012_Day_A	27	Pulse	99	3260000	15495	NA
MAXED_1012_Day_A	27	Pulse	99	3280000	35495	NA
MAXED_1012_Day_A	27	Pulse	99	3300000	55495	NA
MAXED_1012_Day_A	27	Response	88	3314969	70465	1
MAXED_1012_Day_A	28	Picture	instructions_28	3315171	0	1	35167	1	0	next	false_alarm	224
MAXED_1012_Day_A	28	Pulse	99	3320000	4829	NA
MAXED_1012_Day_A	28	Pulse	99	3340000	24829	NA
MAXED_1012_Day_A	28	Response	88	3350169	34998	1
MAXED_1012_Day_A	29	Picture	instructions_29	3350338	0	1	94667	1	0	next	false_alarm	231
MAXED_1012_Day_A	29	Pulse	99	3360000	9662	NA
MAXED_1012_Day_A	29	Pulse	99	3380000	29662	NA
MAXED_1012_Day_A	29	Pulse	99	3400000	49662	NA
MAXED_1012_Day_A	29	Pulse	99	3420000	69662	NA
MAXED_1012_Day_A	29	Pulse	99	3440000	89662	NA
MAXED_1012_Day_A	29	Response	88	3444809	94471	1
MAXED_1012_Day_A	30	Picture	instructions_30	3445005	0	1	195167	1	0	next	false_alarm	243
MAXED_1012_Day_A	30	Pulse	99	3460000	14995	NA
MAXED_1012_Day_A	30	Pulse	99	3480000	34995	NA
MAXED_1012_Day_A	30	Pulse	99	3500000	54995	NA
MAXED_1012_Day_A	30	Pulse	99	3520000	74995	NA
MAXED_1012_Day_A	30	Pulse	99	3540000	94995	NA
MAXED_1012_Day_A	30	Pulse	99	3560000	114995	NA
MAXED_1012_Day_A	30	Pulse	99	3580000	134995	NA
MAXED_1012_Day_A	30	Pulse	99	3600000	154995	NA
MAXED_1012_Day_A	30	Pulse	99	3620000	174995	NA
MAXED_1012_Day_A	30	Pulse	99	3640000	194995	NA
MAXED_1012_Day_A	30	Response	88	3640090	195085	1
MAXED_1012_Day_A	31	Picture	instructions_31	3640172	0	1	99333	1	0	next	false_alarm	249
MAXED_1012_Day_A	31	Pulse	99	3660000	19828	NA
MAXED_1012_Day_A	31	Pulse	99	3680000	39828	NA
MAXED_1012_Day_A	31	Pulse	99	3700000	59828	NA
MAXED_1012_Day_A	31	Pulse	99	3720000	79828	NA
MAXED_1012_Day_A	31	Response	88	3739289	99118	1
MAXED_1012_Day_A	32	Picture	instructions_32	3739505	0	1	88333	1	0	next	false_alarm	256
MAXED_1012_Day_A	32	Pulse	99	3740000	495	NA
MAXED_1012_Day_A	32	Pulse	99	3760000	20495	NA
MAXED_1012_Day_A	32	Pulse	99	3780000	40495	NA
MAXED_1012_Day_A	32	Pulse	99	3800000	60495	NA
MAXED_1012_Day_A	32	Pulse	99	3820000	80495	NA
MAXED_1012_Day_A	32	Response	88	3827690	88184	1
MAXED_1012_Day_A	33	Picture	instructions_33	3827839	0	1	114500	1	0	next	false_alarm	264
MAXED_1012_Day_A	33	Pulse	99	3840000	12161	NA
MAXED_1012_Day_A	33	Pulse	99	3860000	32161	NA
MAXED_1012_Day_A	33	Pulse	99	3880000	52161	NA
MAXED_1012_Day_A	33	Pulse	99	3900000	72161	NA
MAXED_1012_Day_A	33	Pulse	99	3920000	92161	NA
MAXED_1012_Day_A	33	Pulse	99	3940000	112161	NA
MAXED_1012_Day_A	33	Response	88	3942170	114331	1
MAXED_1012_Day_A	34	Picture	instructions_34	3942339	0	1	93333	1	0	next	false_alarm	270
MAXED_1012_Day_A	34	Pulse	99	3960000	17661	NA
MAXED_1012_Day_A	34	Pulse	99	3980000	37661	NA
MAXED_1012_Day_A	34	Pulse	99	4000000	57661	NA
MAXED_1012_Day_A	34	Pulse	99	4020000	77661	NA
MAXED_1012_Day_A	34	Response	88	4035450	93111	1
MAXED_1012_Day_A	35	Picture	instructions_35	4035672	0	1	87333	1	0	next	false_alarm	277
MAXED_1012_Day_A	35	Pulse	99	4040000	4328	NA
MAXED_1012_Day_A	35	Pulse	99	4060000	24328	NA
MAXED_1012_Day_A	35	Pulse	99	4080000	44328	NA
MAXED_1012_Day_A	35	Pulse	99	4100000	64328	NA
MAXED_1012_Day_A	35	Pulse	99	4120000	84328	NA
MAXED_1012_Day_A	35	Response	88	4122890	87217	1
MAXED_1012_Day_A	36	Picture	instructions_36	4123006	0	1	118334	1	0	next	false_alarm	285
MAXED_1012_Day_A	36	Pulse	99	4140000	16994	NA
MAXED_1012_Day_A	36	Pulse	99	4160000	36994	NA
MAXED_1012_Day_A	36	Pulse	99	4180000	56994	NA
MAXED_1012_Day_A	36	Pulse	99	4200000	76994	NA
MAXED_1012_Day_A	36	Pulse	99	4220000	96994	NA
MAXED_1012_Day_A	36	Pulse	99	4240000	116994	NA
MAXED_1012_Day_A	36	Response	88	4241210	118204	1
MAXED_1012_Day_A	37	Picture	instructions_37	4241339	0	1	43000	1	0	next	false_alarm	289
MAXED_1012_Day_A	37	Pulse	99	4260000	18661	NA
MAXED_1012_Day_A	37	Pulse	99	4280000	38661	NA
MAXED_1012_Day_A	37	Response	88	4284169	42829	1
MAXED_1012_Day_A	38	Picture	instructions_38	4284340	0	1	247000	1	0	next	false_alarm	303
MAXED_1012_Day_A	38	Pulse	99	4300000	15660	NA
MAXED_1012_Day_A	38	Pulse	99	4320000	35660	NA
MAXED_1012_Day_A	38	Pulse	99	4340000	55660	NA
MAXED_1012_Day_A	38	Pulse	99	4360000	75660	NA
MAXED_1012_Day_A	38	Pulse	99	4380000	95660	NA
MAXED_1012_Day_A	38	Pulse	99	4400000	115660	NA
MAXED_1012_Day_A	38	Pulse	99	4420000	135660	NA
MAXED_1012_Day_A	38	Pulse	99	4440000	155660	NA
MAXED_1012_Day_A	38	Pulse	99	4460000	175660	NA
MAXED_1012_Day_A	38	Pulse	99	4480000	195660	NA
MAXED_1012_Day_A	38	Pulse	99	4500000	215660	NA
MAXED_1012_Day_A	38	Pulse	99	4520000	235660	NA
MAXED_1012_Day_A	38	Response	88	4531210	246870	1
MAXED_1012_Day_A	39	Picture	instructions_39	4531340	0	1	171334	1	0	next	false_alarm	314
MAXED_1012_Day_A	39	Pulse	99	4540000	8660	NA
MAXED_1012_Day_A	39	Pulse	99	4560000	28660	NA
MAXED_1012_Day_A	39	Pulse	99	4580000	48660	NA
MAXED_1012_Day_A	39	Pulse	99	4600000	68660	NA
MAXED_1012_Day_A	39	Pulse	99	4620000	88660	NA
MAXED_1012_Day_A	39	Pulse	99	4640000	108660	NA
MAXED_1012_Day_A	39	Pulse	99	4660000	128660	NA
MAXED_1012_Day_A	39	Pulse	99	4680000	148660	NA
MAXED_1012_Day_A	39	Pulse	99	4700000	168660	NA
MAXED_1012_Day_A	39	Response	88	4702490	171150	1
MAXED_1012_Day_A	40	Picture	instructions_40	4702674	0	1	110333	1	0	next	false_alarm	321
MAXED_1012_Day_A	40	Pulse	99	4720000	17326	NA
MAXED_1012_Day_A	40	Pulse	99	4740000	37326	NA
MAXED_1012_Day_A	40	Pulse	99	4760000	57326	NA
MAXED_1012_Day_A	40	Pulse	99	4780000	77326	NA
MAXED_1012_Day_A	40	Pulse	99	4800000	97326	NA
MAXED_1012_Day_A	40	Response	88	4812810	110136	1
MAXED_1012_Day_A	41	Picture	instructions_41	4813007	0	1	77333	1	0	next	false_alarm	327
MAXED_1012_Day_A	41	Pulse	99	4820000	6993	NA
MAXED_1012_Day_A	41	Pulse	99	4840000	26993	NA
MAXED_1012_Day_A	41	Pulse	99	4860000	46993	NA
MAXED_1012_Day_A	41	Pulse	99	4880000	66993	NA
MAXED_1012_Day_A	41	Response	88	4890170	77163	1
MAXED_1012_Day_A	42	Picture	instructions_42	4890340	0	1	77333	1	0	next	false_alarm	333
MAXED_1012_Day_A	42	Pulse	99	4900000	9660	NA
MAXED_1012_Day_A	42	Pulse	99	4920000	29660	NA
MAXED_1012_Day_A	42	Pulse	99	4940000	49660	NA
MAXED_1012_Day_A	42	Pulse	99	4960000	69660	NA
MAXED_1012_Day_A	42	Response	88	4967530	77189	1
MAXED_1012_Day_A	43	Picture	instructions_43	4967674	0	1	38333	1	0	next	false_alarm	337
MAXED_1012_Day_A	43	Pulse	99	4980000	12326	NA
MAXED_1012_Day_A	43	Pulse	99	5000000	32326	NA
MAXED_1012_Day_A	43	Response	88	5005770	38096	1
MAXED_1012_Day_A	44	Picture	instructions_44	5006007	0	1	121000	1	0	next	false_alarm	345
MAXED_1012_Day_A	44	Pulse	99	5020000	13993	NA
MAXED_1012_Day_A	44	Pulse	99	5040000	33993	NA
MAXED_1012_Day_A	44	Pulse	99	5060000	53993	NA
MAXED_1012_Day_A	44	Pulse	99	5080000	73993	NA
MAXED_1012_Day_A	44	Pulse	99	5100000	93993	NA
MAXED_1012_Day_A	44	Pulse	99	5120000	113993	NA
MAXED_1012_Day_A	44	Response	88	5126890	120883	1
MAXED_1012_Day_A	45	Picture	instructions_45	5127007	0	1	46500	1	0	next	false_alarm	349
MAXED_1012_Day_A	45	Pulse	99	5140000	12993	NA
MAXED_1012_Day_A	45	Pulse	99	5160000	32993	NA
MAXED_1012_Day_A	45	Response	88	5173370	46363	1
MAXED_1012_Day_A	46	Picture	instructions_46	5173508	0	1	56500	1	0	next	false_alarm	354
MAXED_1012_Day_A	46	Pulse	99	5180000	6492	NA
MAXED_1012_Day_A	46	Pulse	99	5200000	26492	NA
MAXED_1012_Day_A	46	Pulse	99	5220000	46492	NA
MAXED_1012_Day_A	46	Response	88	5229930	56423	1
MAXED_1012_Day_A	47	Picture	fixation	5230008	0	1	5167	1	0	next	other	0
MAXED_1012_Day_A	48	Picture	stage1	5235174	0	1	20833	1	0	next	false_alarm	358
MAXED_1012_Day_A	48	Pulse	99	5240000	4826	NA
MAXED_1012_Day_A	48	Response	2	5255930	20756	1
MAXED_1012_Day_A	49	Picture	stage1_box	5256008	0	1	7667	1	0	next	other	0
MAXED_1012_Day_A	49	Pulse	99	5260000	3992	NA
MAXED_1012_Day_A	50	Picture	stage1_outcome	5263674	0	1	333	1	0	next	other	0
MAXED_1012_Day_A	51	Picture	stage2B	5264008	0	1	15500	1	0	next	false_alarm	363
MAXED_1012_Day_A	51	Response	1	5279290	15282	1
MAXED_1012_Day_A	52	Picture	stage2_box	5279508	0	1	7667	1	0	next	other	0
MAXED_1012_Day_A	52	Pulse	99	5280000	492	NA
MAXED_1012_Day_A	53	Picture	stage2_up	5287174	0	1	7667	1	0	next	other	0
MAXED_1012_Day_A	54	Picture	stage2_win	5294841	0	1	10167	1	0	next	other	0
MAXED_1012_Day_A	54	Pulse	99	5300000	5159	NA
MAXED_1012_Day_A	55	Picture	stage1	5305008	0	1	17333	1	0	next	false_alarm	371
MAXED_1012_Day_A	55	Pulse	99	5320000	14992	NA
MAXED_1012_Day_A	55	Response	2	5322170	17162	1
MAXED_1012_Day_A	56	Picture	stage1_box	5322341	0	1	7667	1	0	next	other	0
MAXED_1012_Day_A	57	Picture	stage1_outcome	5330008	0	1	167	1	0	next	other	0
MAXED_1012_Day_A	58	Picture	stage2B	5330174	0	1	17667	1	0	next	false_alarm	376
MAXED_1012_Day_A	58	Pulse	99	5340000	9826	NA
MAXED_1012_Day_A	58	Response	1	5347690	17515	1
MAXED_1012_Day_A	59	Picture	stage2_box	5347841	0	1	7667	1	0	next	other	0
MAXED_1012_Day_A	60	Picture	stage2_up	5355508	0	1	7667	1	0	next	other	0
MAXED_1012_Day_A	60	Pulse	99	5360000	4492	NA
MAXED_1012_Day_A	61	Picture	stage2_lose	5363175	0	1	10167	1	0	next	other	0
MAXED_1012_Day_A	62	Picture	stage1	5373341	0	1	9000	1	0	next	false_alarm	383
MAXED_1012_Day_A	62	Pulse	99	5380000	6659	NA
MAXED_1012_Day_A	62	Response	1	5382250	8909	1
MAXED_1012_Day_A	63	Picture	stage1_box	5382341	0	1	7667	1	0	next	other	0
MAXED_1012_Day_A	64	Picture	stage1_outcome	5390008	0	1	167	1	0	next	other	0
MAXED_1012_Day_A	65	Picture	stage2B	5390175	0	1	15500	1	0	next	false_alarm	388
MAXED_1012_Day_A	65	Pulse	99	5400000	9825	NA
MAXED_1012_Day_A	65	Response	1	5405610	15435	1
MAXED_1012_Day_A	66	Picture	stage2_box	5405675	0	1	7667	1	0	next	other	0
MAXED_1012_Day_A	67	Picture	stage2_up	5413341	0	1	7667	1	0	next	other	0
MAXED_1012_Day_A	67	Pulse	99	5420000	6659	NA
MAXED_1012_Day_A	68	Picture	stage2_win	5421008	0	1	10167	1	0	next	other	0
MAXED_1012_Day_A	69	Picture	stage1	5431175	0	1	13000	1	0	next	false_alarm	395
MAXED_1012_Day_A	69	Pulse	99	5440000	8825	NA
MAXED_1012_Day_A	69	Response	1	5444090	12915	1
MAXED_1012_Day_A	70	Picture	stage1_box	5444175	0	1	7667	1	0	next	other	0
MAXED_1012_Day_A	71	Picture	stage1_outcome	5451841	0	1	167	1	0	next	other	0
MAXED_1012_Day_A	72	Picture	stage2A	5452008	0	1	10000	1	0	next	false_alarm	400
MAXED_1012_Day_A	72	Pulse	99	5460000	7992	NA
MAXED_1012_Day_A	72	Response	2	5461850	9842	1
MAXED_1012_Day_A	73	Picture	stage2_box	5462008	0	1	7667	1	0	next	other	0
MAXED_1012_Day_A	74	Picture	stage2_up	5469675	0	1	7667	1	0	next	other	0
MAXED_1012_Day_A	75	Picture	stage2_lose	5477341	0	1	10167	1	0	next	other	0
MAXED_1012_Day_A	75	Pulse	99	5480000	2659	NA
MAXED_1012_Day_A	76	Picture	stage1	5487508	0	1	12167	1	0	next	false_alarm	406
MAXED_1012_Day_A	76	Response	2	5499610	12102	1
MAXED_1012_Day_A	77	Picture	stage1_box	5499675	0	1	7667	1	0	next	other	0
MAXED_1012_Day_A	77	Pulse	99	5500000	325	NA
MAXED_1012_Day_A	78	Picture	stage1_outcome	5507341	0	1	167	1	0	next	other	0
MAXED_1012_Day_A	79	Picture	stage2A	5507508	0	1	14167	1	0	next	false_alarm	412
MAXED_1012_Day_A	79	Pulse	99	5520000	12492	NA
MAXED_1012_Day_A	79	Response	1	5521610	14102	1
MAXED_1012_Day_A	80	Picture	stage2_box	5521675	0	1	7667	1	0	next	other	0
MAXED_1012_Day_A	81	Picture	stage2_up	5529341	0	1	7667	1	0	next	other	0
MAXED_1012_Day_A	82	Picture	stage2_lose	5537008	0	1	10167	1	0	next	other	0
MAXED_1012_Day_A	82	Pulse	99	5540000	2992	NA
MAXED_1012_Day_A	83	Picture	stage1	5547175	0	1	7167	1	0	next	false_alarm	418
MAXED_1012_Day_A	83	Response	2	5554250	7075	1
MAXED_1012_Day_A	84	Picture	stage1_box	5554341	0	1	7667	1	0	next	other	0
MAXED_1012_Day_A	84	Pulse	99	5560000	5659	NA
MAXED_1012_Day_A	85	Picture	stage1_outcome	5562008	0	1	167	1	0	next	other	0
MAXED_1012_Day_A	86	Picture	stage2B	5562175	0	1	8833	1	0	next	false_alarm	423
MAXED_1012_Day_A	86	Response	1	5570890	8715	1
MAXED_1012_Day_A	87	Picture	stage2_box	5571008	0	1	7667	1	0	next	other	0
MAXED_1012_Day_A	88	Picture	stage2_up	5578675	0	1	7667	1	0	next	other	0
MAXED_1012_Day_A	88	Pulse	99	5580000	1325	NA
MAXED_1012_Day_A	89	Picture	stage2_win	5586342	0	1	10167	1	0	next	other	0
MAXED_1012_Day_A	90	Picture	stage1	5596508	0	1	9833	1	0	next	false_alarm	430
MAXED_1012_Day_A	90	Pulse	99	5600000	3492	NA
MAXED_1012_Day_A	90	Response	2	5606170	9662	1
MAXED_1012_Day_A	91	Picture	stage1_box	5606342	0	1	7667	1	0	next	other	0
MAXED_1012_Day_A	92	Picture	stage1_outcome	5614008	0	1	167	1	0	next	other	0
MAXED_1012_Day_A	93	Picture	stage2B	5614175	0	1	8333	1	0	next	false_alarm	435
MAXED_1012_Day_A	93	Pulse	99	5620000	5825	NA
MAXED_1012_Day_A	93	Response	1	5622330	8155	1
MAXED_1012_Day_A	94	Picture	stage2_box	5622508	0	1	7667	1	0	next	other	0
MAXED_1012_Day_A	95	Picture	stage2_up	5630175	0	1	7667	1	0	next	other	0
MAXED_1012_Day_A	96	Picture	stage2_win	5637842	0	1	10167	1	0	next	other	0
MAXED_1012_Day_A	96	Pulse	99	5640000	2158	NA
MAXED_1012_Day_A	97	Picture	stage1	5648008	0	1	9833	1	0	next	false_alarm	441
MAXED_1012_Day_A	97	Response	1	5657690	9681	1
MAXED_1012_Day_A	98	Picture	stage1_box	5657842	0	1	7667	1	0	next	other	0
MAXED_1012_Day_A	98	Pulse	99	5660000	2158	NA
MAXED_1012_Day_A	99	Picture	stage1_outcome	5665508	0	1	167	1	0	next	other	0
MAXED_1012_Day_A	100	Picture	stage2A	5665675	0	1	10667	1	0	next	false_alarm	446
MAXED_1012_Day_A	100	Response	2	5676170	10495	1
MAXED_1012_Day_A	101	Picture	stage2_box	5676342	0	1	7667	1	0	next	other	0
MAXED_1012_Day_A	101	Pulse	99	5680000	3658	NA
MAXED_1012_Day_A	102	Picture	stage2_up	5684008	0	1	7667	1	0	next	other	0
MAXED_1012_Day_A	103	Picture	stage2_lose	5691675	0	1	10167	1	0	next	other	0
MAXED_1012_Day_A	103	Pulse	99	5700000	8325	NA
MAXED_1012_Day_A	104	Picture	stage1	5701842	0	1	5833	1	0	next	false_alarm	453
MAXED_1012_Day_A	104	Response	2	5707530	5688	1
MAXED_1012_Day_A	105	Picture	stage1_box	5707675	0	1	7667	1	0	next	other	0
MAXED_1012_Day_A	106	Picture	stage1_outcome	5715342	0	1	167	1	0	next	other	0
MAXED_1012_Day_A	107	Picture	stage2B	5715508	0	1	7333	1	0	next	false_alarm	458
MAXED_1012_Day_A	107	Pulse	99	5720000	4492	NA
MAXED_1012_Day_A	107	Response	1	5722730	7222	1
MAXED_1012_Day_A	108	Picture	stage2_box	5722842	0	1	7667	1	0	next	other	0
MAXED_1012_Day_A	109	Picture	stage2_up	5730508	0	1	7667	1	0	next	other	0
MAXED_1012_Day_A	110	Picture	stage2_win	5738175	0	1	10167	1	0	next	other	0
MAXED_1012_Day_A	110	Pulse	99	5740000	1825	NA
MAXED_1012_Day_A	111	Picture	stage1	5748342	0	1	5833	1	0	next	false_alarm	464
MAXED_1012_Day_A	111	Response	2	5754090	5748	1
MAXED_1012_Day_A	112	Picture	stage1_box	5754175	0	1	7667	1	0	next	other	0
MAXED_1012_Day_A	112	Pulse	99	5760000	5825	NA
MAXED_1012_Day_A	113	Picture	stage1_outcome	5761842	0	1	167	1	0	next	other	0
MAXED_1012_Day_A	114	Picture	stage2A	5762008	0	1	22500	1	0	next	false_alarm	470
MAXED_1012_Day_A	114	Pulse	99	5780000	17992	NA
MAXED_1012_Day_A	114	Response	1	5784330	22322	1
MAXED_1012_Day_A	115	Picture	stage2_box	5784508	0	1	7667	1	0	next	other	0
MAXED_1012_Day_A	116	Picture	stage2_up	5792175	0	1	7667	1	0	next	other	0
MAXED_1012_Day_A	117	Picture	stage2_lose	5799842	0	1	10167	1	0	next	other	0
MAXED_1012_Day_A	117	Pulse	99	5800000	158	NA
MAXED_1012_Day_A	118	Picture	stage1	5810008	0	1	7667	1	0	next	false_alarm	476
MAXED_1012_Day_A	118	Response	2	5817530	7522	1
MAXED_1012_Day_A	119	Picture	stage1_box	5817675	0	1	7667	1	0	next	other	0
MAXED_1012_Day_A	119	Pulse	99	5820000	2325	NA
MAXED_1012_Day_A	120	Picture	stage1_outcome	5825342	0	1	167	1	0	next	other	0
MAXED_1012_Day_A	121	Picture	stage2A	5825509	0	1	11500	1	0	next	false_alarm	481
MAXED_1012_Day_A	121	Response	2	5836890	11382	1
MAXED_1012_Day_A	122	Picture	stage2_box	5837009	0	1	7667	1	0	next	other	0
MAXED_1012_Day_A	122	Pulse	99	5840000	2991	NA
MAXED_1012_Day_A	123	Picture	stage2_up	5844675	0	1	7667	1	0	next	other	0
MAXED_1012_Day_A	124	Picture	stage2_win	5852342	0	1	10167	1	0	next	other	0
MAXED_1012_Day_A	124	Pulse	99	5860000	7658	NA
MAXED_1012_Day_A	125	Picture	stage1	5862509	0	1	6667	1	0	next	false_alarm	488
MAXED_1012_Day_A	125	Response	2	5869130	6621	1
MAXED_1012_Day_A	126	Picture	stage1_box	5869175	0	1	7667	1	0	next	other	0
MAXED_1012_Day_A	127	Picture	stage1_outcome	5876842	0	1	167	1	0	next	other	0
MAXED_1012_Day_A	128	Picture	stage2B	5877009	0	1	7500	1	0	next	false_alarm	493
MAXED_1012_Day_A	128	Pulse	99	5880000	2991	NA
MAXED_1012_Day_A	128	Response	1	5884330	7321	1
MAXED_1012_Day_A	129	Picture	stage2_box	5884509	0	1	7667	1	0	next	other	0
MAXED_1012_Day_A	130	Picture	stage2_up	5892175	0	1	7667	1	0	next	other	0
MAXED_1012_Day_A	131	Picture	stage2_lose	5899842	0	1	10167	1	0	next	other	0
MAXED_1012_Day_A	131	Pulse	99	5900000	158	NA
MAXED_1012_Day_A	132	Picture	stage1	5910009	0	1	7500	1	0	next	false_alarm	499
MAXED_1012_Day_A	132	Response	2	5917370	7361	1
MAXED_1012_Day_A	133	Picture	stage1_box	5917509	0	1	7667	1	0	next	other	0
MAXED_1012_Day_A	133	Pulse	99	5920000	2491	NA
MAXED_1012_Day_A	134	Picture	stage1_outcome	5925175	0	1	167	1	0	next	other	0
MAXED_1012_Day_A	135	Picture	stage2B	5925342	0	1	7333	1	0	next	false_alarm	504
MAXED_1012_Day_A	135	Response	2	5932570	7228	1
MAXED_1012_Day_A	136	Picture	stage2_box	5932675	0	1	7667	1	0	next	other	0
MAXED_1012_Day_A	136	Pulse	99	5940000	7325	NA
MAXED_1012_Day_A	137	Picture	stage2_up	5940342	0	1	7667	1	0	next	other	0
MAXED_1012_Day_A	138	Picture	stage2_lose	5948009	0	1	10167	1	0	next	other	0
MAXED_1012_Day_A	139	Picture	stage1	5958175	0	1	6000	1	0	next	false_alarm	511
MAXED_1012_Day_A	139	Pulse	99	5960000	1825	NA
MAXED_1012_Day_A	139	Response	2	5964010	5835	1
MAXED_1012_Day_A	140	Picture	stage1_box	5964175	0	1	7667	1	0	next	other	0
MAXED_1012_Day_A	141	Picture	stage1_outcome	5971842	0	1	167	1	0	next	other	0
MAXED_1012_Day_A	142	Picture	stage2A	5972009	0	1	9333	1	0	next	false_alarm	516
MAXED_1012_Day_A	142	Pulse	99	5980000	7991	NA
MAXED_1012_Day_A	142	Response	1	5981210	9201	1
MAXED_1012_Day_A	143	Picture	stage2_box	5981342	0	1	7667	1	0	next	other	0
MAXED_1012_Day_A	144	Picture	stage2_up	5989009	0	1	7667	1	0	next	other	0
MAXED_1012_Day_A	145	Picture	stage2_win	5996675	0	1	10167	1	0	next	other	0
MAXED_1012_Day_A	145	Pulse	99	6000000	3325	NA
MAXED_1012_Day_A	146	Picture	stage1	6006842	0	1	7333	1	0	next	false_alarm	522
MAXED_1012_Day_A	146	Response	1	6014090	7248	1
MAXED_1012_Day_A	147	Picture	stage1_box	6014175	0	1	7667	1	0	next	other	0
MAXED_1012_Day_A	147	Pulse	99	6020000	5825	NA
MAXED_1012_Day_A	148	Picture	stage1_outcome	6021842	0	1	167	1	0	next	other	0
MAXED_1012_Day_A	149	Picture	stage2A	6022009	0	1	6667	1	0	next	false_alarm	527
MAXED_1012_Day_A	149	Response	1	6028570	6561	1
MAXED_1012_Day_A	150	Picture	stage2_box	6028676	0	1	7667	1	0	next	other	0
MAXED_1012_Day_A	151	Picture	stage2_up	6036342	0	1	7667	1	0	next	other	0
MAXED_1012_Day_A	151	Pulse	99	6040000	3658	NA
MAXED_1012_Day_A	152	Picture	stage2_lose	6044009	0	1	10167	1	0	next	other	0
MAXED_1012_Day_A	153	Picture	stage1	6054176	0	1	5000	1	0	next	false_alarm	533
MAXED_1012_Day_A	153	Response	2	6059130	4955	1
MAXED_1012_Day_A	154	Picture	stage1_box	6059176	0	1	7667	1	0	next	other	0
MAXED_1012_Day_A	154	Pulse	99	6060000	824	NA
MAXED_1012_Day_A	155	Picture	stage1_outcome	6066842	0	1	167	1	0	next	other	0
MAXED_1012_Day_A	156	Picture	stage2A	6067009	0	1	12667	1	0	next	false_alarm	538
MAXED_1012_Day_A	156	Response	1	6079609	12601	1
MAXED_1012_Day_A	157	Picture	stage2_box	6079676	0	1	7667	1	0	next	other	0
MAXED_1012_Day_A	157	Pulse	99	6080000	324	NA
MAXED_1012_Day_A	158	Picture	stage2_up	6087342	0	1	7667	1	0	next	other	0
MAXED_1012_Day_A	159	Picture	stage2_lose	6095009	0	1	10167	1	0	next	other	0
MAXED_1012_Day_A	159	Pulse	99	6100000	4991	NA
MAXED_1012_Day_A	160	Picture	stage1	6105176	0	1	8167	1	0	next	false_alarm	545
MAXED_1012_Day_A	160	Response	2	6113210	8034	1
MAXED_1012_Day_A	161	Picture	stage1_box	6113342	0	1	7667	1	0	next	other	0
MAXED_1012_Day_A	161	Pulse	99	6120000	6658	NA
MAXED_1012_Day_A	162	Picture	stage1_outcome	6121009	0	1	167	1	0	next	other	0
MAXED_1012_Day_A	163	Picture	stage2B	6121176	0	1	9333	1	0	next	false_alarm	550
MAXED_1012_Day_A	163	Response	1	6130410	9234	1
MAXED_1012_Day_A	164	Picture	stage2_box	6130509	0	1	7667	1	0	next	other	0
MAXED_1012_Day_A	165	Picture	stage2_up	6138176	0	1	7667	1	0	next	other	0
MAXED_1012_Day_A	165	Pulse	99	6140000	1824	NA
MAXED_1012_Day_A	166	Picture	stage2_win	6145842	0	1	10167	1	0	next	other	0
MAXED_1012_Day_A	167	Picture	stage1	6156009	0	1	6000	1	0	next	false_alarm	557
MAXED_1012_Day_A	167	Pulse	99	6160000	3991	NA
MAXED_1012_Day_A	167	Response	2	6161930	5921	1
MAXED_1012_Day_A	168	Picture	stage1_box	6162009	0	1	7667	1	0	next	other	0
MAXED_1012_Day_A	169	Picture	stage1_outcome	6169676	0	1	167	1	0	next	other	0
MAXED_1012_Day_A	170	Picture	stage2B	6169842	0	1	4333	1	0	next	false_alarm	561
MAXED_1012_Day_A	170	Response	1	6174090	4248	1
MAXED_1012_Day_A	171	Picture	stage2_box	6174176	0	1	7667	1	0	next	other	0
MAXED_1012_Day_A	171	Pulse	99	6180000	5824	NA
MAXED_1012_Day_A	172	Picture	stage2_up	6181842	0	1	7667	1	0	next	other	0
MAXED_1012_Day_A	173	Picture	stage2_lose	6189509	0	1	10167	1	0	next	other	0
MAXED_1012_Day_A	174	Picture	stage1	6199676	0	1	5000	1	0	next	false_alarm	568
MAXED_1012_Day_A	174	Pulse	99	6200000	324	NA
MAXED_1012_Day_A	174	Response	1	6204490	4814	1
MAXED_1012_Day_A	175	Picture	stage1_box	6204676	0	1	7667	1	0	next	other	0
MAXED_1012_Day_A	176	Picture	stage1_outcome	6212342	0	1	167	1	0	next	other	0
MAXED_1012_Day_A	177	Picture	stage2B	6212509	0	1	16000	1	0	next	false_alarm	573
MAXED_1012_Day_A	177	Pulse	99	6220000	7491	NA
MAXED_1012_Day_A	177	Response	2	6228410	15901	1
MAXED_1012_Day_A	178	Picture	stage2_box	6228509	0	1	7667	1	0	next	other	0
MAXED_1012_Day_A	179	Picture	stage2_up	6236176	0	1	7667	1	0	next	other	0
MAXED_1012_Day_A	179	Pulse	99	6240000	3824	NA
MAXED_1012_Day_A	180	Picture	stage2_lose	6243842	0	1	10167	1	0	next	other	0
MAXED_1012_Day_A	181	Picture	stage1	6254009	0	1	9500	1	0	next	false_alarm	580
MAXED_1012_Day_A	181	Pulse	99	6260000	5991	NA
MAXED_1012_Day_A	181	Response	2	6263450	9441	1
MAXED_1012_Day_A	182	Picture	stage1_box	6263509	0	1	7667	1	0	next	other	0
MAXED_1012_Day_A	183	Picture	stage1_outcome	6271176	0	1	167	1	0	next	other	0
MAXED_1012_Day_A	184	Picture	stage2B	6271343	0	1	9000	1	0	next	false_alarm	585
MAXED_1012_Day_A	184	Pulse	99	6280000	8657	NA
MAXED_1012_Day_A	184	Response	1	6280250	8908	1
MAXED_1012_Day_A	185	Picture	stage2_box	6280343	0	1	7667	1	0	next	other	0
MAXED_1012_Day_A	186	Picture	stage2_up	6288009	0	1	7667	1	0	next	other	0
MAXED_1012_Day_A	187	Picture	stage2_win	6295676	0	1	10167	1	0	next	other	0
MAXED_1012_Day_A	187	Pulse	99	6300000	4324	NA
MAXED_1012_Day_A	188	Picture	stage1	6305843	0	1	5500	1	0	next	false_alarm	591
MAXED_1012_Day_A	188	Response	2	6311210	5368	1
MAXED_1012_Day_A	189	Picture	stage1_box	6311343	0	1	7667	1	0	next	other	0
MAXED_1012_Day_A	190	Picture	stage1_outcome	6319009	0	1	167	1	0	next	other	0
MAXED_1012_Day_A	191	Picture	stage2A	6319176	0	1	14333	1	0	next	false_alarm	596
MAXED_1012_Day_A	191	Pulse	99	6320000	824	NA
MAXED_1012_Day_A	191	Response	2	6333370	14194	1
MAXED_1012_Day_A	192	Picture	stage2_box	6333509	0	1	7667	1	0	next	other	0
MAXED_1012_Day_A	192	Pulse	99	6340000	6491	NA
MAXED_1012_Day_A	193	Picture	stage2_up	6341176	0	1	7667	1	0	next	other	0
MAXED_1012_Day_A	194	Picture	stage2_win	6348843	0	1	10167	1	0	next	other	0
MAXED_1012_Day_A	195	Picture	stage1	6359009	0	1	6500	1	0	next	false_alarm	603
MAXED_1012_Day_A	195	Pulse	99	6360000	991	NA
MAXED_1012_Day_A	195	Response	2	6365370	6361	1
MAXED_1012_Day_A	196	Picture	stage1_box	6365509	0	1	7667	1	0	next	other	0
MAXED_1012_Day_A	197	Picture	stage1_outcome	6373176	0	1	167	1	0	next	other	0
MAXED_1012_Day_A	198	Picture	stage2B	6373343	0	1	6833	1	0	next	false_alarm	608
MAXED_1012_Day_A	198	Pulse	99	6380000	6657	NA
MAXED_1012_Day_A	198	Response	1	6380010	6667	1
MAXED_1012_Day_A	199	Picture	stage2_box	6380176	0	1	7667	1	0	next	other	0
MAXED_1012_Day_A	200	Picture	stage2_up	6387843	0	1	7667	1	0	next	other	0
MAXED_1012_Day_A	201	Picture	stage2_lose	6395509	0	1	10167	1	0	next	other	0
MAXED_1012_Day_A	201	Pulse	99	6400000	4491	NA
MAXED_1012_Day_A	202	Picture	stage1	6405676	0	1	6667	1	0	next	false_alarm	614
MAXED_1012_Day_A	202	Response	2	6412170	6494	1
MAXED_1012_Day_A	203	Picture	stage1_box	6412343	0	1	7667	1	0	next	other	0
MAXED_1012_Day_A	203	Pulse	99	6420000	7657	NA
MAXED_1012_Day_A	204	Picture	stage1_outcome	6420009	0	1	167	1	0	next	other	0
MAXED_1012_Day_A	205	Picture	stage2B	6420176	0	1	8167	1	0	next	false_alarm	619
MAXED_1012_Day_A	205	Response	2	6428170	7994	1
MAXED_1012_Day_A	206	Picture	stage2_box	6428343	0	1	7667	1	0	next	other	0
MAXED_1012_Day_A	207	Picture	stage2_up	6436009	0	1	7667	1	0	next	other	0
MAXED_1012_Day_A	207	Pulse	99	6440000	3991	NA
MAXED_1012_Day_A	208	Picture	stage2_lose	6443676	0	1	10167	1	0	next	other	0
MAXED_1012_Day_A	209	Picture	stage1	6453843	0	1	5667	1	0	next	false_alarm	625
MAXED_1012_Day_A	209	Response	1	6459370	5527	1
MAXED_1012_Day_A	210	Picture	stage1_box	6459509	0	1	7667	1	0	next	other	0
MAXED_1012_Day_A	210	Pulse	99	6460000	491	NA
MAXED_1012_Day_A	211	Picture	stage1_outcome	6467176	0	1	167	1	0	next	other	0
MAXED_1012_Day_A	212	Picture	stage2A	6467343	0	1	11500	1	0	next	false_alarm	630
MAXED_1012_Day_A	212	Response	2	6478650	11307	1
MAXED_1012_Day_A	213	Picture	stage2_box	6478843	0	1	7667	1	0	next	other	0
MAXED_1012_Day_A	213	Pulse	99	6480000	1157	NA
MAXED_1012_Day_A	214	Picture	stage2_up	6486510	0	1	7667	1	0	next	other	0
MAXED_1012_Day_A	215	Picture	stage2_lose	6494176	0	1	10167	1	0	next	other	0
MAXED_1012_Day_A	215	Pulse	99	6500000	5824	NA
MAXED_1012_Day_A	216	Picture	stage1	6504343	0	1	5667	1	0	next	false_alarm	637
MAXED_1012_Day_A	216	Response	2	6509930	5587	1
MAXED_1012_Day_A	217	Picture	stage1_box	6510010	0	1	7667	1	0	next	other	0
MAXED_1012_Day_A	218	Picture	stage1_outcome	6517676	0	1	167	1	0	next	other	0
MAXED_1012_Day_A	219	Picture	stage2B	6517843	0	1	7833	1	0	next	false_alarm	642
MAXED_1012_Day_A	219	Pulse	99	6520000	2157	NA
MAXED_1012_Day_A	219	Response	1	6525530	7687	1
MAXED_1012_Day_A	220	Picture	stage2_box	6525676	0	1	7667	1	0	next	other	0
MAXED_1012_Day_A	221	Picture	stage2_up	6533343	0	1	7667	1	0	next	other	0
MAXED_1012_Day_A	221	Pulse	99	6540000	6657	NA
MAXED_1012_Day_A	222	Picture	stage2_win	6541010	0	1	10167	1	0	next	other	0
MAXED_1012_Day_A	223	Pulse	99	6560000	8824	NA
MAXED_1012_Day_A	223	Pulse	99	6580000	28824	NA
MAXED_1012_Day_A	223	Pulse	99	6600000	48824	NA
MAXED_1012_Day_A	223	Pulse	99	6620000	68824	NA
MAXED_1012_Day_A	223	Pulse	99	6640000	88824	NA
MAXED_1012_Day_A	223	Pulse	99	6660000	108824	NA
MAXED_1012_Day_A	223	Pulse	99	6680000	128824	NA
MAXED_1012_Day_A	223	Pulse	99	6700000	148824	NA
MAXED_1012_Day_A	223	Pulse	99	6720000	168824	NA
MAXED_1012_Day_A	223	Pulse	99	6740000	188824	NA
MAXED_1012_Day_A	223	Pulse	99	6760000	208824	NA
MAXED_1012_Day_A	223	Pulse	99	6780000	228824	NA
MAXED_1012_Day_A	223	Pulse	99	6800000	248824	NA
MAXED_1012_Day_A	223	Pulse	99	6820000	268824	NA
MAXED_1012_Day_A	223	Pulse	99	6840000	288824	NA
MAXED_1012_Day_A	223	Pulse	99	6860000	308824	NA
MAXED_1012_Day_A	223	Pulse	99	6880000	328824	NA
MAXED_1012_Day_A	223	Pulse	99	6900000	348824	NA
MAXED_1012_Day_A	223	Pulse	99	6920000	368824	NA
MAXED_1012_Day_A	223	Pulse	99	6940000	388824	NA
MAXED_1012_Day_A	223	Pulse	99	6960000	408824	NA
MAXED_1012_Day_A	223	Pulse	99	6980000	428824	NA
MAXED_1012_Day_A	223	Pulse	99	7000000	448824	NA
MAXED_1012_Day_A	223	Pulse	99	7020000	468824	NA
MAXED_1012_Day_A	223	Pulse	99	7040000	488824	NA
MAXED_1012_Day_A	223	Pulse	99	7060000	508824	NA
MAXED_1012_Day_A	223	Pulse	99	7080000	528824	NA
MAXED_1012_Day_A	223	Pulse	99	7100000	548824	NA
MAXED_1012_Day_A	223	Pulse	99	7120000	568824	NA
MAXED_1012_Day_A	223	Pulse	99	7140000	588824	NA
MAXED_1012_Day_A	223	Pulse	99	7160000	608824	NA
MAXED_1012_Day_A	223	Pulse	99	7180000	628824	NA
MAXED_1012_Day_A	223	Pulse	99	7200000	648824	NA
MAXED_1012_Day_A	223	Pulse	99	7220000	668824	NA
MAXED_1012_Day_A	223	Pulse	99	7240000	688824	NA
MAXED_1012_Day_A	223	Pulse	99	7260000	708824	NA
MAXED_1012_Day_A	223	Pulse	99	7280000	728824	NA
MAXED_1012_Day_A	223	Pulse	99	7300000	748824	NA
MAXED_1012_Day_A	223	Pulse	99	7320000	768824	NA
MAXED_1012_Day_A	223	Pulse	99	7340000	788824	NA
MAXED_1012_Day_A	223	Pulse	99	7360000	808824	NA
MAXED_1012_Day_A	223	Pulse	99	7380000	828824	NA
MAXED_1012_Day_A	223	Pulse	99	7400000	848824	NA
MAXED_1012_Day_A	223	Pulse	99	7420000	868824	NA
MAXED_1012_Day_A	223	Pulse	99	7440000	888824	NA
MAXED_1012_Day_A	223	Pulse	99	7460000	908824	NA
MAXED_1012_Day_A	223	Pulse	99	7480000	928824	NA
MAXED_1012_Day_A	223	Pulse	99	7500000	948824	NA
MAXED_1012_Day_A	223	Pulse	99	7520000	968824	NA
MAXED_1012_Day_A	223	Pulse	99	7540000	988824	NA
MAXED_1012_Day_A	223	Pulse	99	7560000	1008824	NA
MAXED_1012_Day_A	223	Pulse	99	7580000	1028824	NA
MAXED_1012_Day_A	223	Pulse	99	7600000	1048824	NA
MAXED_1012_Day_A	223	Pulse	99	7620000	1068824	NA
MAXED_1012_Day_A	223	Pulse	99	7640000	1088824	NA
MAXED_1012_Day_A	223	Pulse	99	7660000	1108824	NA
MAXED_1012_Day_A	223	Pulse	99	7680000	1128824	NA
MAXED_1012_Day_A	223	Pulse	99	7700000	1148824	NA
MAXED_1012_Day_A	223	Pulse	99	7720000	1168824	NA
MAXED_1012_Day_A	223	Pulse	99	7740000	1188824	NA
MAXED_1012_Day_A	223	Pulse	99	7760000	1208824	NA
MAXED_1012_Day_A	223	Pulse	99	7780000	1228824	NA
MAXED_1012_Day_A	223	Pulse	99	7800000	1248824	NA
MAXED_1012_Day_A	223	Pulse	99	7820000	1268824	NA
MAXED_1012_Day_A	223	Pulse	99	7840000	1288824	NA
MAXED_1012_Day_A	223	Pulse	99	7860000	1308824	NA
MAXED_1012_Day_A	223	Pulse	99	7880000	1328824	NA
MAXED_1012_Day_A	223	Pulse	99	7900000	1348824	NA
MAXED_1012_Day_A	223	Pulse	99	7920000	1368824	NA
MAXED_1012_Day_A	223	Pulse	99	7940000	1388824	NA
MAXED_1012_Day_A	223	Pulse	99	7960000	1408824	NA
MAXED_1012_Day_A	223	Pulse	99	7980000	1428824	NA
MAXED_1012_Day_A	223	Pulse	99	8000000	1448824	NA
MAXED_1012_Day_A	223	Pulse	99	8020000	1468824	NA
MAXED_1012_Day_A	223	Pulse	99	8040000	1488824	NA
MAXED_1012_Day_A	223	Pulse	99	8060000	1508824	NA
MAXED_1012_Day_A	223	Pulse	99	8080000	1528824	NA
MAXED_1012_Day_A	223	Pulse	99	8100000	1548824	NA
MAXED_1012_Day_A	223	Pulse	99	8120000	1568824	NA
MAXED_1012_Day_A	223	Pulse	99	8140000	1588824	NA
MAXED_1012_Day_A	223	Pulse	99	8160000	1608824	NA
MAXED_1012_Day_A	223	Pulse	99	8180000	1628824	NA
MAXED_1012_Day_A	223	Pulse	99	8200000	1648824	NA
MAXED_1012_Day_A	223	Pulse	99	8220000	1668824	NA
MAXED_1012_Day_A	223	Pulse	99	8240000	1688824	NA
MAXED_1012_Day_A	223	Pulse	99	8260000	1708824	NA
MAXED_1012_Day_A	223	Pulse	99	8280000	1728824	NA
MAXED_1012_Day_A	223	Pulse	99	8300000	1748824	NA
MAXED_1012_Day_A	223	Pulse	99	8320000	1768824	NA
MAXED_1012_Day_A	223	Pulse	99	8340000	1788824	NA
MAXED_1012_Day_A	223	Pulse	99	8360000	1808824	NA
MAXED_1012_Day_A	223	Pulse	99	8380000	1828824	NA
MAXED_1012_Day_A	223	Pulse	99	8400000	1848824	NA
MAXED_1012_Day_A	223	Pulse	99	8420000	1868824	NA
MAXED_1012_Day_A	223	Response	88	8435691	1884515	1
