Scenario - 
Logfile written - 09/12/2023 18:44:32

Subject	Trial	Event Type	Code	Time	TTime	Uncertainty	Duration	Uncertainty	ReqTime	ReqDur	Stim Type	Pair Index

MAXED_1061_Day_B	0	Pulse	99	0	0	NA
MAXED_1061_Day_B	1	Picture	instructions_1	500	0	1	96967	1	0	next	false_alarm	7
MAXED_1061_Day_B	1	Pulse	99	20000	19500	NA
MAXED_1061_Day_B	1	Pulse	99	40000	39500	NA
MAXED_1061_Day_B	1	Pulse	99	60000	59500	NA
MAXED_1061_Day_B	1	Pulse	99	80000	79500	NA
MAXED_1061_Day_B	1	Response	88	97384	96885	1
MAXED_1061_Day_B	2	Picture	instructions_2	97467	0	1	79973	1	0	next	false_alarm	13
MAXED_1061_Day_B	2	Pulse	99	100000	2533	NA
MAXED_1061_Day_B	2	Pulse	99	120000	22533	NA
MAXED_1061_Day_B	2	Pulse	99	140000	42533	NA
MAXED_1061_Day_B	2	Pulse	99	160000	62533	NA
MAXED_1061_Day_B	2	Response	88	177283	79817	1
MAXED_1061_Day_B	3	Picture	instructions_3	177440	0	1	85971	1	0	next	false_alarm	20
MAXED_1061_Day_B	3	Pulse	99	180000	2560	NA
MAXED_1061_Day_B	3	Pulse	99	200000	22560	NA
MAXED_1061_Day_B	3	Pulse	99	220000	42560	NA
MAXED_1061_Day_B	3	Pulse	99	240000	62560	NA
MAXED_1061_Day_B	3	Pulse	99	260000	82560	NA
MAXED_1061_Day_B	3	Response	88	263295	85855	1
MAXED_1061_Day_B	4	Picture	instructions_4	263411	0	1	105797	1	0	next	false_alarm	27
MAXED_1061_Day_B	4	Pulse	99	280000	16589	NA
MAXED_1061_Day_B	4	Pulse	99	300000	36589	NA
MAXED_1061_Day_B	4	Pulse	99	320000	56589	NA
MAXED_1061_Day_B	4	Pulse	99	340000	76589	NA
MAXED_1061_Day_B	4	Pulse	99	360000	96589	NA
MAXED_1061_Day_B	4	Response	88	369011	105600	1
MAXED_1061_Day_B	5	Picture	instructions_5	369208	0	1	54315	1	0	next	false_alarm	32
MAXED_1061_Day_B	5	Pulse	99	380000	10792	NA
MAXED_1061_Day_B	5	Pulse	99	400000	30792	NA
MAXED_1061_Day_B	5	Pulse	99	420000	50792	NA
MAXED_1061_Day_B	5	Response	88	423396	54188	1
MAXED_1061_Day_B	6	Picture	instructions_6	423523	0	1	36987	1	0	next	false_alarm	36
MAXED_1061_Day_B	6	Pulse	99	440000	16477	NA
MAXED_1061_Day_B	6	Pulse	99	460000	36477	NA
MAXED_1061_Day_B	6	Response	88	460294	36771	1
MAXED_1061_Day_B	7	Picture	instructions_7	460510	0	1	62645	1	0	next	false_alarm	41
MAXED_1061_Day_B	7	Pulse	99	480000	19490	NA
MAXED_1061_Day_B	7	Pulse	99	500000	39490	NA
MAXED_1061_Day_B	7	Pulse	99	520000	59490	NA
MAXED_1061_Day_B	7	Response	88	523084	62574	1
MAXED_1061_Day_B	8	Picture	instructions_8	523156	0	1	78140	1	0	next	false_alarm	47
MAXED_1061_Day_B	8	Pulse	99	540000	16844	NA
MAXED_1061_Day_B	8	Pulse	99	560000	36844	NA
MAXED_1061_Day_B	8	Pulse	99	580000	56844	NA
MAXED_1061_Day_B	8	Pulse	99	600000	76844	NA
MAXED_1061_Day_B	8	Response	88	601141	77986	1
MAXED_1061_Day_B	9	Picture	instructions_9	601296	0	1	15661	1	0	next	false_alarm	49
MAXED_1061_Day_B	9	Response	88	616853	15557	1
MAXED_1061_Day_B	10	Picture	instructions_10	616957	0	1	78307	1	0	next	false_alarm	55
MAXED_1061_Day_B	10	Pulse	99	620000	3043	NA
MAXED_1061_Day_B	10	Pulse	99	640000	23043	NA
MAXED_1061_Day_B	10	Pulse	99	660000	43043	NA
MAXED_1061_Day_B	10	Pulse	99	680000	63043	NA
MAXED_1061_Day_B	10	Response	88	695110	78153	1
MAXED_1061_Day_B	11	Picture	instructions_11	695264	0	1	84305	1	0	next	false_alarm	61
MAXED_1061_Day_B	11	Pulse	99	700000	4736	NA
MAXED_1061_Day_B	11	Pulse	99	720000	24736	NA
MAXED_1061_Day_B	11	Pulse	99	740000	44736	NA
MAXED_1061_Day_B	11	Pulse	99	760000	64736	NA
MAXED_1061_Day_B	11	Response	88	779440	84175	1
MAXED_1061_Day_B	12	Picture	instructions_12	779569	0	1	49480	3	0	next	false_alarm	66
MAXED_1061_Day_B	12	Pulse	99	780000	431	NA
MAXED_1061_Day_B	12	Pulse	99	800000	20431	NA
MAXED_1061_Day_B	12	Pulse	99	820000	40431	NA
MAXED_1061_Day_B	12	Response	88	828835	49266	1
MAXED_1061_Day_B	13	Picture	instructions_13	829049	0	3	41322	3	0	next	false_alarm	70
MAXED_1061_Day_B	13	Pulse	99	840000	10951	NA
MAXED_1061_Day_B	13	Pulse	99	860000	30951	NA
MAXED_1061_Day_B	13	Response	88	870181	41132	1
MAXED_1061_Day_B	14	Picture	instructions_14	870372	0	1	43485	1	0	next	false_alarm	74
MAXED_1061_Day_B	14	Pulse	99	880000	9628	NA
MAXED_1061_Day_B	14	Pulse	99	900000	29628	NA
MAXED_1061_Day_B	14	Response	88	913757	43385	1
MAXED_1061_Day_B	15	Picture	instructions_15	913857	0	1	26491	1	0	next	false_alarm	78
MAXED_1061_Day_B	15	Pulse	99	920000	6143	NA
MAXED_1061_Day_B	15	Pulse	99	940000	26143	NA
MAXED_1061_Day_B	15	Response	88	940173	26316	1
MAXED_1061_Day_B	16	Picture	instructions_16	940348	0	1	32822	1	0	next	false_alarm	81
MAXED_1061_Day_B	16	Pulse	99	960000	19652	NA
MAXED_1061_Day_B	16	Response	88	973060	32712	1
MAXED_1061_Day_B	17	Picture	instructions_17	973170	0	1	12996	1	0	next	false_alarm	84
MAXED_1061_Day_B	17	Pulse	99	980000	6830	NA
MAXED_1061_Day_B	17	Response	88	986081	12911	1
MAXED_1061_Day_B	18	Picture	instructions_18	986166	0	1	63479	1	0	next	false_alarm	89
MAXED_1061_Day_B	18	Pulse	99	1000000	13834	NA
MAXED_1061_Day_B	18	Pulse	99	1020000	33834	NA
MAXED_1061_Day_B	18	Pulse	99	1040000	53834	NA
MAXED_1061_Day_B	18	Response	88	1049441	63276	1
MAXED_1061_Day_B	19	Picture	instructions_19	1049644	0	1	50316	1	0	next	false_alarm	93
MAXED_1061_Day_B	19	Pulse	99	1060000	10356	NA
MAXED_1061_Day_B	19	Pulse	99	1080000	30356	NA
MAXED_1061_Day_B	19	Response	88	1099910	50266	1
MAXED_1061_Day_B	20	Picture	instructions_20	1099960	0	1	63145	1	0	next	false_alarm	99
MAXED_1061_Day_B	20	Pulse	99	1100000	40	NA
MAXED_1061_Day_B	20	Pulse	99	1120000	20040	NA
MAXED_1061_Day_B	20	Pulse	99	1140000	40040	NA
MAXED_1061_Day_B	20	Pulse	99	1160000	60040	NA
MAXED_1061_Day_B	20	Response	88	1162986	63026	1
MAXED_1061_Day_B	21	Picture	instructions_21	1163106	0	1	15828	1	0	next	false_alarm	101
MAXED_1061_Day_B	21	Response	88	1178737	15631	1
MAXED_1061_Day_B	22	Picture	instructions_22	1178934	0	1	18327	1	0	next	false_alarm	104
MAXED_1061_Day_B	22	Pulse	99	1180000	1066	NA
MAXED_1061_Day_B	22	Response	88	1197086	18152	1
MAXED_1061_Day_B	23	Picture	instructions_23	1197261	0	1	18827	1	0	next	false_alarm	107
MAXED_1061_Day_B	23	Pulse	99	1200000	2739	NA
MAXED_1061_Day_B	23	Response	88	1216007	18746	1
MAXED_1061_Day_B	24	Picture	instructions_24	1216088	0	1	24159	1	0	next	false_alarm	111
MAXED_1061_Day_B	24	Pulse	99	1220000	3912	NA
MAXED_1061_Day_B	24	Pulse	99	1240000	23912	NA
MAXED_1061_Day_B	24	Response	88	1240145	24058	1
MAXED_1061_Day_B	25	Picture	instructions_25	1240246	0	1	21826	1	0	next	false_alarm	114
MAXED_1061_Day_B	25	Pulse	99	1260000	19754	NA
MAXED_1061_Day_B	25	Response	88	1261863	21617	1
MAXED_1061_Day_B	26	Picture	instructions_26	1262072	0	1	29990	1	0	next	false_alarm	117
MAXED_1061_Day_B	26	Pulse	99	1280000	17928	NA
MAXED_1061_Day_B	26	Response	88	1291892	29819	1
MAXED_1061_Day_B	27	Picture	instructions_27	1292062	0	1	26324	1	0	next	false_alarm	120
MAXED_1061_Day_B	27	Pulse	99	1300000	7938	NA
MAXED_1061_Day_B	27	Response	88	1318247	26185	1
MAXED_1061_Day_B	28	Picture	instructions_28	1318386	0	1	20326	1	0	next	false_alarm	123
MAXED_1061_Day_B	28	Pulse	99	1320000	1614	NA
MAXED_1061_Day_B	28	Response	88	1338555	20169	1
MAXED_1061_Day_B	29	Picture	instructions_29	1338713	0	1	27657	1	0	next	false_alarm	127
MAXED_1061_Day_B	29	Pulse	99	1340000	1287	NA
MAXED_1061_Day_B	29	Pulse	99	1360000	21287	NA
MAXED_1061_Day_B	29	Response	88	1366253	27540	1
MAXED_1061_Day_B	30	Picture	instructions_30	1366370	0	1	86471	1	0	next	false_alarm	133
MAXED_1061_Day_B	30	Pulse	99	1380000	13630	NA
MAXED_1061_Day_B	30	Pulse	99	1400000	33630	NA
MAXED_1061_Day_B	30	Pulse	99	1420000	53630	NA
MAXED_1061_Day_B	30	Pulse	99	1440000	73630	NA
MAXED_1061_Day_B	30	Response	88	1452626	86255	1
MAXED_1061_Day_B	31	Picture	instructions_31	1452841	0	1	103798	1	0	next	false_alarm	140
MAXED_1061_Day_B	31	Pulse	99	1460000	7159	NA
MAXED_1061_Day_B	31	Pulse	99	1480000	27159	NA
MAXED_1061_Day_B	31	Pulse	99	1500000	47159	NA
MAXED_1061_Day_B	31	Pulse	99	1520000	67159	NA
MAXED_1061_Day_B	31	Pulse	99	1540000	87159	NA
MAXED_1061_Day_B	31	Response	88	1556519	103678	1
MAXED_1061_Day_B	32	Picture	instructions_32	1556639	0	1	92799	4	0	next	false_alarm	147
MAXED_1061_Day_B	32	Pulse	99	1560000	3361	NA
MAXED_1061_Day_B	32	Pulse	99	1580000	23361	NA
MAXED_1061_Day_B	32	Pulse	99	1600000	43361	NA
MAXED_1061_Day_B	32	Pulse	99	1620000	63361	NA
MAXED_1061_Day_B	32	Pulse	99	1640000	83361	NA
MAXED_1061_Day_B	32	Response	88	1649224	92585	1
MAXED_1061_Day_B	33	Picture	instructions_33	1649438	0	3	68646	4	0	next	false_alarm	152
MAXED_1061_Day_B	33	Pulse	99	1660000	10562	NA
MAXED_1061_Day_B	33	Pulse	99	1680000	30562	NA
MAXED_1061_Day_B	33	Pulse	99	1700000	50562	NA
MAXED_1061_Day_B	33	Response	88	1718003	68565	1
MAXED_1061_Day_B	34	Picture	instructions_34	1718084	0	1	109130	1	0	next	false_alarm	160
MAXED_1061_Day_B	34	Pulse	99	1720000	1916	NA
MAXED_1061_Day_B	34	Pulse	99	1740000	21916	NA
MAXED_1061_Day_B	34	Pulse	99	1760000	41916	NA
MAXED_1061_Day_B	34	Pulse	99	1780000	61916	NA
MAXED_1061_Day_B	34	Pulse	99	1800000	81916	NA
MAXED_1061_Day_B	34	Pulse	99	1820000	101916	NA
MAXED_1061_Day_B	34	Response	88	1827092	109007	1
MAXED_1061_Day_B	35	Picture	instructions_35	1827214	0	1	116794	1	0	next	false_alarm	168
MAXED_1061_Day_B	35	Pulse	99	1840000	12786	NA
MAXED_1061_Day_B	35	Pulse	99	1860000	32786	NA
MAXED_1061_Day_B	35	Pulse	99	1880000	52786	NA
MAXED_1061_Day_B	35	Pulse	99	1900000	72786	NA
MAXED_1061_Day_B	35	Pulse	99	1920000	92786	NA
MAXED_1061_Day_B	35	Pulse	99	1940000	112786	NA
MAXED_1061_Day_B	35	Response	88	1943944	116730	1
MAXED_1061_Day_B	36	Picture	instructions_36	1944008	0	1	189602	1	0	next	false_alarm	179
MAXED_1061_Day_B	36	Pulse	99	1960000	15992	NA
MAXED_1061_Day_B	36	Pulse	99	1980000	35992	NA
MAXED_1061_Day_B	36	Pulse	99	2000000	55992	NA
MAXED_1061_Day_B	36	Pulse	99	2020000	75992	NA
MAXED_1061_Day_B	36	Pulse	99	2040000	95992	NA
MAXED_1061_Day_B	36	Pulse	99	2060000	115992	NA
MAXED_1061_Day_B	36	Pulse	99	2080000	135992	NA
MAXED_1061_Day_B	36	Pulse	99	2100000	155992	NA
MAXED_1061_Day_B	36	Pulse	99	2120000	175992	NA
MAXED_1061_Day_B	36	Response	88	2133511	189503	1
MAXED_1061_Day_B	37	Picture	instructions_37	2133610	0	1	34988	1	0	next	false_alarm	183
MAXED_1061_Day_B	37	Pulse	99	2140000	6390	NA
MAXED_1061_Day_B	37	Pulse	99	2160000	26390	NA
MAXED_1061_Day_B	37	Response	88	2168395	34785	1
MAXED_1061_Day_B	38	Picture	instructions_38	2168598	0	1	64645	1	0	next	false_alarm	188
MAXED_1061_Day_B	38	Pulse	99	2180000	11402	NA
MAXED_1061_Day_B	38	Pulse	99	2200000	31402	NA
MAXED_1061_Day_B	38	Pulse	99	2220000	51402	NA
MAXED_1061_Day_B	38	Response	88	2233105	64507	1
MAXED_1061_Day_B	39	Picture	instructions_39	2233243	0	1	22325	2	0	next	false_alarm	191
MAXED_1061_Day_B	39	Pulse	99	2240000	6757	NA
MAXED_1061_Day_B	39	Response	88	2255461	22218	1
MAXED_1061_Day_B	40	Picture	instructions_40	2255568	0	2	35489	2	0	next	false_alarm	195
MAXED_1061_Day_B	40	Pulse	99	2260000	4432	NA
MAXED_1061_Day_B	40	Pulse	99	2280000	24432	NA
MAXED_1061_Day_B	40	Response	88	2290956	35388	1
MAXED_1061_Day_B	41	Picture	instructions_41	2291057	0	1	38320	1	0	next	false_alarm	199
MAXED_1061_Day_B	41	Pulse	99	2300000	8943	NA
MAXED_1061_Day_B	41	Pulse	99	2320000	28943	NA
MAXED_1061_Day_B	41	Response	88	2329207	38150	1
MAXED_1061_Day_B	42	Picture	instructions_42	2329377	0	1	37321	1	0	next	false_alarm	203
MAXED_1061_Day_B	42	Pulse	99	2340000	10623	NA
MAXED_1061_Day_B	42	Pulse	99	2360000	30623	NA
MAXED_1061_Day_B	42	Response	88	2366608	37231	1
MAXED_1061_Day_B	43	Picture	instructions_43	2366698	0	1	16161	1	0	next	false_alarm	206
MAXED_1061_Day_B	43	Pulse	99	2380000	13302	NA
MAXED_1061_Day_B	43	Response	88	2382703	16005	1
MAXED_1061_Day_B	44	Picture	instructions_44	2382859	0	1	56814	1	0	next	false_alarm	210
MAXED_1061_Day_B	44	Pulse	99	2400000	17141	NA
MAXED_1061_Day_B	44	Pulse	99	2420000	37141	NA
MAXED_1061_Day_B	44	Response	88	2439605	56745	1
MAXED_1061_Day_B	45	Picture	instructions_45	2439673	0	1	35317	5	0	next	false_alarm	214
MAXED_1061_Day_B	45	Pulse	99	2440000	327	NA
MAXED_1061_Day_B	45	Pulse	99	2460000	20327	NA
MAXED_1061_Day_B	45	Response	88	2474941	35268	1
MAXED_1061_Day_B	46	Picture	instructions_46	2474990	0	5	30328	5	0	next	false_alarm	218
MAXED_1061_Day_B	46	Pulse	99	2480000	5010	NA
MAXED_1061_Day_B	46	Pulse	99	2500000	25010	NA
MAXED_1061_Day_B	46	Response	88	2505185	30195	1
MAXED_1061_Day_B	47	Picture	fixation	2505318	0	1	5165	1	0	next	other	0
MAXED_1061_Day_B	48	Picture	stage1	2510483	0	1	16828	1	0	next	false_alarm	222
MAXED_1061_Day_B	48	Pulse	99	2520000	9517	NA
MAXED_1061_Day_B	48	Response	1	2527213	16730	1
MAXED_1061_Day_B	49	Picture	stage1_box	2527310	0	1	7664	1	0	next	other	0
MAXED_1061_Day_B	50	Picture	stage1_outcome	2534974	0	1	333	1	0	next	other	0
MAXED_1061_Day_B	51	Picture	stage2A	2535308	0	1	9164	1	0	next	false_alarm	227
MAXED_1061_Day_B	51	Pulse	99	2540000	4693	NA
MAXED_1061_Day_B	51	Response	1	2544261	8954	118
MAXED_1061_Day_B	52	Picture	stage2_box	2544471	0	1	7664	1	0	next	other	0
MAXED_1061_Day_B	53	Picture	stage2_up	2552135	0	1	7664	1	0	next	other	0
MAXED_1061_Day_B	54	Picture	stage2_win	2559799	0	1	10163	1	0	next	other	0
MAXED_1061_Day_B	54	Pulse	99	2560000	201	NA
MAXED_1061_Day_B	55	Picture	stage1	2569962	0	1	6831	1	0	next	false_alarm	233
MAXED_1061_Day_B	55	Response	1	2576662	6699	1
MAXED_1061_Day_B	56	Picture	stage1_box	2576793	0	1	7664	1	0	next	other	0
MAXED_1061_Day_B	56	Pulse	99	2580000	3207	NA
MAXED_1061_Day_B	57	Picture	stage1_outcome	2584458	0	1	167	1	0	next	other	0
MAXED_1061_Day_B	58	Picture	stage2B	2584624	0	1	12496	1	0	next	false_alarm	238
MAXED_1061_Day_B	58	Response	2	2596946	12321	1
MAXED_1061_Day_B	59	Picture	stage2_box	2597120	0	1	7664	1	0	next	other	0
MAXED_1061_Day_B	59	Pulse	99	2600000	2880	NA
MAXED_1061_Day_B	60	Picture	stage2_up	2604784	0	1	7664	1	0	next	other	0
MAXED_1061_Day_B	61	Picture	stage2_lose	2612448	0	1	10163	1	0	next	other	0
MAXED_1061_Day_B	61	Pulse	99	2620000	7552	NA
MAXED_1061_Day_B	62	Picture	stage1	2622611	0	1	5328	5	0	next	false_alarm	245
MAXED_1061_Day_B	62	Response	1	2627799	5188	1
MAXED_1061_Day_B	63	Picture	stage1_box	2627939	0	5	7668	5	0	next	other	0
MAXED_1061_Day_B	64	Picture	stage1_outcome	2635607	0	1	167	1	0	next	other	0
MAXED_1061_Day_B	65	Picture	stage2B	2635774	0	1	14162	1	0	next	false_alarm	250
MAXED_1061_Day_B	65	Pulse	99	2640000	4227	NA
MAXED_1061_Day_B	65	Response	1	2649735	13961	1
MAXED_1061_Day_B	66	Picture	stage2_box	2649935	0	1	7664	1	0	next	other	0
MAXED_1061_Day_B	67	Picture	stage2_up	2657599	0	1	7664	1	0	next	other	0
MAXED_1061_Day_B	67	Pulse	99	2660000	2401	NA
MAXED_1061_Day_B	68	Picture	stage2_win	2665263	0	1	10163	1	0	next	other	0
MAXED_1061_Day_B	69	Picture	stage1	2675427	0	1	5332	1	0	next	false_alarm	257
MAXED_1061_Day_B	69	Pulse	99	2680000	4573	NA
MAXED_1061_Day_B	69	Response	1	2680719	5293	1
MAXED_1061_Day_B	70	Picture	stage1_box	2680758	0	1	7664	1	0	next	other	0
MAXED_1061_Day_B	71	Picture	stage1_outcome	2688422	0	1	167	1	0	next	other	0
MAXED_1061_Day_B	72	Picture	stage2A	2688589	0	1	10996	1	0	next	false_alarm	261
MAXED_1061_Day_B	72	Response	2	2699544	10955	1
MAXED_1061_Day_B	73	Picture	stage2_box	2699585	0	1	7664	1	0	next	other	0
MAXED_1061_Day_B	73	Pulse	99	2700000	415	NA
MAXED_1061_Day_B	74	Picture	stage2_up	2707249	0	1	7498	150	0	next	other	0
MAXED_1061_Day_B	75	Picture	stage2_lose	2714747	0	150	10163	150	0	next	other	0
MAXED_1061_Day_B	75	Pulse	99	2720000	5253	NA
MAXED_1061_Day_B	76	Picture	stage1	2724910	0	1	4832	1	0	next	false_alarm	268
MAXED_1061_Day_B	76	Response	1	2729587	4677	1
MAXED_1061_Day_B	77	Picture	stage1_box	2729742	0	1	7664	1	0	next	other	0
MAXED_1061_Day_B	78	Picture	stage1_outcome	2737406	0	1	167	1	0	next	other	0
MAXED_1061_Day_B	79	Picture	stage2A	2737572	0	1	8997	1	0	next	false_alarm	273
MAXED_1061_Day_B	79	Pulse	99	2740000	2428	NA
MAXED_1061_Day_B	79	Response	1	2746464	8892	1
MAXED_1061_Day_B	80	Picture	stage2_box	2746569	0	1	7664	1	0	next	other	0
MAXED_1061_Day_B	81	Picture	stage2_up	2754233	0	1	7664	1	0	next	other	0
MAXED_1061_Day_B	81	Pulse	99	2760000	5767	NA
MAXED_1061_Day_B	82	Picture	stage2_win	2761897	0	1	10163	1	0	next	other	0
MAXED_1061_Day_B	83	Picture	stage1	2772061	0	1	4665	1	0	next	false_alarm	279
MAXED_1061_Day_B	83	Response	1	2776539	4478	1
MAXED_1061_Day_B	84	Picture	stage1_box	2776726	0	1	7664	1	0	next	other	0
MAXED_1061_Day_B	84	Pulse	99	2780000	3274	NA
MAXED_1061_Day_B	85	Picture	stage1_outcome	2784390	0	1	167	1	0	next	other	0
MAXED_1061_Day_B	86	Picture	stage2A	2784556	0	1	7331	1	0	next	false_alarm	284
MAXED_1061_Day_B	86	Response	1	2791795	7239	1
MAXED_1061_Day_B	87	Picture	stage2_box	2791887	0	1	7664	1	0	next	other	0
MAXED_1061_Day_B	88	Picture	stage2_up	2799551	0	1	7664	1	0	next	other	0
MAXED_1061_Day_B	88	Pulse	99	2800000	449	NA
MAXED_1061_Day_B	89	Picture	stage2_lose	2807215	0	1	10163	1	0	next	other	0
MAXED_1061_Day_B	90	Picture	stage1	2817379	0	1	5998	1	0	next	false_alarm	291
MAXED_1061_Day_B	90	Pulse	99	2820000	2621	NA
MAXED_1061_Day_B	90	Response	2	2823214	5836	1
MAXED_1061_Day_B	91	Picture	stage1_box	2823377	0	1	7664	1	0	next	other	0
MAXED_1061_Day_B	92	Picture	stage1_outcome	2831041	0	1	167	1	0	next	other	0
MAXED_1061_Day_B	93	Picture	stage2B	2831207	0	1	5498	1	0	next	false_alarm	295
MAXED_1061_Day_B	93	Response	1	2836643	5436	1
MAXED_1061_Day_B	94	Picture	stage2_box	2836705	0	1	7664	1	0	next	other	0
MAXED_1061_Day_B	94	Pulse	99	2840000	3295	NA
MAXED_1061_Day_B	95	Picture	stage2_up	2844369	0	1	7664	1	0	next	other	0
MAXED_1061_Day_B	96	Picture	stage2_win	2852034	0	1	10163	1	0	next	other	0
MAXED_1061_Day_B	96	Pulse	99	2860000	7967	NA
MAXED_1061_Day_B	97	Picture	stage1	2862197	0	1	4499	1	0	next	false_alarm	302
MAXED_1061_Day_B	97	Response	2	2866648	4451	1
MAXED_1061_Day_B	98	Picture	stage1_box	2866695	0	1	7664	1	0	next	other	0
MAXED_1061_Day_B	99	Picture	stage1_outcome	2874359	0	1	167	1	0	next	other	0
MAXED_1061_Day_B	100	Picture	stage2B	2874526	0	1	4998	1	0	next	false_alarm	306
MAXED_1061_Day_B	100	Response	1	2879474	4948	1
MAXED_1061_Day_B	101	Picture	stage2_box	2879524	0	1	7664	1	0	next	other	0
MAXED_1061_Day_B	101	Pulse	99	2880000	476	NA
MAXED_1061_Day_B	102	Picture	stage2_up	2887188	0	1	7664	1	0	next	other	0
MAXED_1061_Day_B	103	Picture	stage2_lose	2894852	0	1	10163	1	0	next	other	0
MAXED_1061_Day_B	103	Pulse	99	2900000	5148	NA
MAXED_1061_Day_B	104	Picture	stage1	2905016	0	1	2999	1	0	next	false_alarm	313
MAXED_1061_Day_B	104	Response	1	2907828	2812	1
MAXED_1061_Day_B	105	Picture	stage1_box	2908015	0	1	7664	1	0	next	other	0
MAXED_1061_Day_B	106	Picture	stage1_outcome	2915679	0	1	167	1	0	next	other	0
MAXED_1061_Day_B	107	Picture	stage2A	2915845	0	1	7997	1	0	next	false_alarm	318
MAXED_1061_Day_B	107	Pulse	99	2920000	4155	NA
MAXED_1061_Day_B	107	Response	2	2923699	7854	1
MAXED_1061_Day_B	108	Picture	stage2_box	2923843	0	1	7664	1	0	next	other	0
MAXED_1061_Day_B	109	Picture	stage2_up	2931507	0	1	7664	1	0	next	other	0
MAXED_1061_Day_B	110	Picture	stage2_lose	2939171	0	1	10163	1	0	next	other	0
MAXED_1061_Day_B	110	Pulse	99	2940000	829	NA
MAXED_1061_Day_B	111	Picture	stage1	2949334	0	1	2666	1	0	next	false_alarm	324
MAXED_1061_Day_B	111	Response	1	2951969	2636	1
MAXED_1061_Day_B	112	Picture	stage1_box	2952000	0	1	7664	1	0	next	other	0
MAXED_1061_Day_B	113	Picture	stage1_outcome	2959664	0	1	167	1	0	next	other	0
MAXED_1061_Day_B	114	Picture	stage2A	2959830	0	1	4332	1	0	next	false_alarm	329
MAXED_1061_Day_B	114	Pulse	99	2960000	170	NA
MAXED_1061_Day_B	114	Response	1	2964031	4201	1
MAXED_1061_Day_B	115	Picture	stage2_box	2964162	0	1	7664	1	0	next	other	0
MAXED_1061_Day_B	116	Picture	stage2_up	2971826	0	1	7664	1	0	next	other	0
MAXED_1061_Day_B	117	Picture	stage2_win	2979490	0	1	10163	1	0	next	other	0
MAXED_1061_Day_B	117	Pulse	99	2980000	510	NA
MAXED_1061_Day_B	118	Picture	stage1	2989654	0	1	3665	1	0	next	false_alarm	335
MAXED_1061_Day_B	118	Response	1	2993206	3553	1
MAXED_1061_Day_B	119	Picture	stage1_box	2993319	0	1	7664	1	0	next	other	0
MAXED_1061_Day_B	119	Pulse	99	3000000	6681	NA
MAXED_1061_Day_B	120	Picture	stage1_outcome	3000983	0	1	167	1	0	next	other	0
MAXED_1061_Day_B	121	Picture	stage2A	3001150	0	1	5665	1	0	next	false_alarm	340
MAXED_1061_Day_B	121	Response	1	3006738	5588	1
MAXED_1061_Day_B	122	Picture	stage2_box	3006814	0	1	7664	1	0	next	other	0
MAXED_1061_Day_B	123	Picture	stage2_up	3014478	0	1	7664	1	0	next	other	0
MAXED_1061_Day_B	123	Pulse	99	3020000	5522	NA
MAXED_1061_Day_B	124	Picture	stage2_lose	3022143	0	1	10163	1	0	next	other	0
MAXED_1061_Day_B	125	Picture	stage1	3032306	0	1	3665	1	0	next	false_alarm	346
MAXED_1061_Day_B	125	Response	2	3035854	3548	1
MAXED_1061_Day_B	126	Picture	stage1_box	3035971	0	1	7664	1	0	next	other	0
MAXED_1061_Day_B	126	Pulse	99	3040000	4029	NA
MAXED_1061_Day_B	127	Picture	stage1_outcome	3043635	0	1	167	1	0	next	other	0
MAXED_1061_Day_B	128	Picture	stage2B	3043802	0	1	3499	1	0	next	false_alarm	351
MAXED_1061_Day_B	128	Response	1	3047214	3413	1
MAXED_1061_Day_B	129	Picture	stage2_box	3047301	0	1	7664	1	0	next	other	0
MAXED_1061_Day_B	130	Picture	stage2_up	3054965	0	1	7664	1	0	next	other	0
MAXED_1061_Day_B	130	Pulse	99	3060000	5035	NA
MAXED_1061_Day_B	131	Picture	stage2_lose	3062629	0	1	10163	1	0	next	other	0
MAXED_1061_Day_B	132	Picture	stage1	3072792	0	1	3665	1	0	next	false_alarm	357
MAXED_1061_Day_B	132	Response	2	3076410	3618	1
MAXED_1061_Day_B	133	Picture	stage1_box	3076457	0	1	7664	1	0	next	other	0
MAXED_1061_Day_B	133	Pulse	99	3080000	3543	NA
MAXED_1061_Day_B	134	Picture	stage1_outcome	3084122	0	1	167	1	0	next	other	0
MAXED_1061_Day_B	135	Picture	stage2B	3084288	0	1	7831	1	0	next	false_alarm	362
MAXED_1061_Day_B	135	Response	2	3092011	7723	1
MAXED_1061_Day_B	136	Picture	stage2_box	3092119	0	1	7664	1	0	next	other	0
MAXED_1061_Day_B	137	Picture	stage2_up	3099783	0	1	7664	1	0	next	other	0
MAXED_1061_Day_B	137	Pulse	99	3100000	217	NA
MAXED_1061_Day_B	138	Picture	stage2_lose	3107447	0	1	10163	1	0	next	other	0
MAXED_1061_Day_B	139	Picture	stage1	3117610	0	1	3166	1	0	next	false_alarm	369
MAXED_1061_Day_B	139	Pulse	99	3120000	2390	NA
MAXED_1061_Day_B	139	Response	1	3120597	2987	1
MAXED_1061_Day_B	140	Picture	stage1_box	3120776	0	1	7664	1	0	next	other	0
MAXED_1061_Day_B	141	Picture	stage1_outcome	3128440	0	1	167	1	0	next	other	0
MAXED_1061_Day_B	142	Picture	stage2A	3128607	0	1	7664	1	0	next	false_alarm	373
MAXED_1061_Day_B	142	Response	2	3136102	7496	1
MAXED_1061_Day_B	143	Picture	stage2_box	3136271	0	1	7664	1	0	next	other	0
MAXED_1061_Day_B	143	Pulse	99	3140000	3729	NA
MAXED_1061_Day_B	144	Picture	stage2_up	3143935	0	1	7664	1	0	next	other	0
MAXED_1061_Day_B	145	Picture	stage2_win	3151599	0	1	10163	1	0	next	other	0
MAXED_1061_Day_B	145	Pulse	99	3160000	8401	NA
MAXED_1061_Day_B	146	Picture	stage1	3161762	0	1	2999	1	0	next	false_alarm	380
MAXED_1061_Day_B	146	Response	1	3164711	2949	1
MAXED_1061_Day_B	147	Picture	stage1_box	3164761	0	1	7664	1	0	next	other	0
MAXED_1061_Day_B	148	Picture	stage1_outcome	3172425	0	1	167	1	0	next	other	0
MAXED_1061_Day_B	149	Picture	stage2A	3172592	0	1	3665	1	0	next	false_alarm	384
MAXED_1061_Day_B	149	Response	2	3176227	3635	1
MAXED_1061_Day_B	150	Picture	stage2_box	3176257	0	1	7664	1	0	next	other	0
MAXED_1061_Day_B	150	Pulse	99	3180000	3743	NA
MAXED_1061_Day_B	151	Picture	stage2_up	3183921	0	1	7664	1	0	next	other	0
MAXED_1061_Day_B	152	Picture	stage2_lose	3191585	0	1	10163	1	0	next	other	0
MAXED_1061_Day_B	152	Pulse	99	3200000	8415	NA
MAXED_1061_Day_B	153	Picture	stage1	3201748	0	1	2999	1	0	next	false_alarm	391
MAXED_1061_Day_B	153	Response	1	3204648	2899	1
MAXED_1061_Day_B	154	Picture	stage1_box	3204747	0	1	7664	1	0	next	other	0
MAXED_1061_Day_B	155	Picture	stage1_outcome	3212411	0	1	167	1	0	next	other	0
MAXED_1061_Day_B	156	Picture	stage2A	3212578	0	1	4165	1	0	next	false_alarm	395
MAXED_1061_Day_B	156	Response	1	3216640	4062	1
MAXED_1061_Day_B	157	Picture	stage2_box	3216743	0	1	7664	1	0	next	other	0
MAXED_1061_Day_B	157	Pulse	99	3220000	3257	NA
MAXED_1061_Day_B	158	Picture	stage2_up	3224407	0	1	7664	1	0	next	other	0
MAXED_1061_Day_B	159	Picture	stage2_lose	3232071	0	1	10163	1	0	next	other	0
MAXED_1061_Day_B	159	Pulse	99	3240000	7929	NA
MAXED_1061_Day_B	160	Picture	stage1	3242235	0	1	2832	1	0	next	false_alarm	402
MAXED_1061_Day_B	160	Response	2	3244968	2733	1
MAXED_1061_Day_B	161	Picture	stage1_box	3245067	0	1	7664	1	0	next	other	0
MAXED_1061_Day_B	162	Picture	stage1_outcome	3252731	0	1	167	1	0	next	other	0
MAXED_1061_Day_B	163	Picture	stage2A	3252898	0	1	2999	1	0	next	false_alarm	406
MAXED_1061_Day_B	163	Response	1	3255744	2846	1
MAXED_1061_Day_B	164	Picture	stage2_box	3255897	0	1	7664	1	0	next	other	0
MAXED_1061_Day_B	164	Pulse	99	3260000	4103	NA
MAXED_1061_Day_B	165	Picture	stage2_up	3263561	0	1	7664	1	0	next	other	0
MAXED_1061_Day_B	166	Picture	stage2_lose	3271225	0	1	10163	1	0	next	other	0
MAXED_1061_Day_B	166	Pulse	99	3280000	8775	NA
MAXED_1061_Day_B	167	Picture	stage1	3281388	0	1	3166	1	0	next	false_alarm	413
MAXED_1061_Day_B	167	Response	2	3284379	2991	1
MAXED_1061_Day_B	168	Picture	stage1_box	3284554	0	1	7664	1	0	next	other	0
MAXED_1061_Day_B	169	Picture	stage1_outcome	3292218	0	1	167	1	0	next	other	0
MAXED_1061_Day_B	170	Picture	stage2B	3292384	0	1	14828	1	0	next	false_alarm	418
MAXED_1061_Day_B	170	Pulse	99	3300000	7616	NA
MAXED_1061_Day_B	170	Response	2	3307144	14760	1
MAXED_1061_Day_B	171	Picture	stage2_box	3307213	0	1	7664	1	0	next	other	0
MAXED_1061_Day_B	172	Picture	stage2_up	3314877	0	1	7664	1	0	next	other	0
MAXED_1061_Day_B	172	Pulse	99	3320000	5123	NA
MAXED_1061_Day_B	173	Picture	stage2_lose	3322541	0	1	10163	1	0	next	other	0
MAXED_1061_Day_B	174	Picture	stage1	3332704	0	1	3499	1	0	next	false_alarm	424
MAXED_1061_Day_B	174	Response	2	3336038	3334	1
MAXED_1061_Day_B	175	Picture	stage1_box	3336203	0	1	7664	1	0	next	other	0
MAXED_1061_Day_B	175	Pulse	99	3340000	3797	NA
MAXED_1061_Day_B	176	Picture	stage1_outcome	3343867	0	1	167	1	0	next	other	0
MAXED_1061_Day_B	177	Picture	stage2A	3344033	0	1	12996	1	0	next	false_alarm	429
MAXED_1061_Day_B	177	Response	2	3356937	12903	1
MAXED_1061_Day_B	178	Picture	stage2_box	3357029	0	1	7664	1	0	next	other	0
MAXED_1061_Day_B	178	Pulse	99	3360000	2971	NA
MAXED_1061_Day_B	179	Picture	stage2_up	3364693	0	1	7664	1	0	next	other	0
MAXED_1061_Day_B	180	Picture	stage2_lose	3372357	0	1	10163	1	0	next	other	0
MAXED_1061_Day_B	180	Pulse	99	3380000	7643	NA
MAXED_1061_Day_B	181	Picture	stage1	3382520	0	1	2666	1	0	next	false_alarm	436
MAXED_1061_Day_B	181	Response	1	3385140	2620	1
MAXED_1061_Day_B	182	Picture	stage1_box	3385186	0	1	7664	1	0	next	other	0
MAXED_1061_Day_B	183	Picture	stage1_outcome	3392850	0	1	167	1	0	next	other	0
MAXED_1061_Day_B	184	Picture	stage2A	3393017	0	1	4165	1	0	next	false_alarm	440
MAXED_1061_Day_B	184	Response	1	3397085	4068	1
MAXED_1061_Day_B	185	Picture	stage2_box	3397182	0	1	7664	1	0	next	other	0
MAXED_1061_Day_B	185	Pulse	99	3400000	2818	NA
MAXED_1061_Day_B	186	Picture	stage2_up	3404846	0	1	7664	1	0	next	other	0
MAXED_1061_Day_B	187	Picture	stage2_lose	3412510	0	1	10163	1	0	next	other	0
MAXED_1061_Day_B	187	Pulse	99	3420000	7490	NA
MAXED_1061_Day_B	188	Picture	stage1	3422674	0	1	3332	1	0	next	false_alarm	447
MAXED_1061_Day_B	188	Response	2	3425817	3143	1
MAXED_1061_Day_B	189	Picture	stage1_box	3426006	0	1	7664	1	0	next	other	0
MAXED_1061_Day_B	190	Picture	stage1_outcome	3433670	0	1	167	1	0	next	other	0
MAXED_1061_Day_B	191	Picture	stage2B	3433836	0	1	4165	1	0	next	false_alarm	451
MAXED_1061_Day_B	191	Response	1	3437914	4078	1
MAXED_1061_Day_B	192	Picture	stage2_box	3438002	0	1	7664	1	0	next	other	0
MAXED_1061_Day_B	192	Pulse	99	3440000	1998	NA
MAXED_1061_Day_B	193	Picture	stage2_up	3445666	0	1	7664	1	0	next	other	0
MAXED_1061_Day_B	194	Picture	stage2_lose	3453330	0	1	10163	1	0	next	other	0
MAXED_1061_Day_B	194	Pulse	99	3460000	6670	NA
MAXED_1061_Day_B	195	Picture	stage1	3463493	0	1	3665	1	0	next	false_alarm	458
MAXED_1061_Day_B	195	Response	2	3467067	3574	1
MAXED_1061_Day_B	196	Picture	stage1_box	3467158	0	1	7664	1	0	next	other	0
MAXED_1061_Day_B	197	Picture	stage1_outcome	3474823	0	1	167	1	0	next	other	0
MAXED_1061_Day_B	198	Picture	stage2B	3474989	0	1	3166	1	0	next	false_alarm	462
MAXED_1061_Day_B	198	Response	2	3478087	3098	1
MAXED_1061_Day_B	199	Picture	stage2_box	3478155	0	1	7664	1	0	next	other	0
MAXED_1061_Day_B	199	Pulse	99	3480000	1845	NA
MAXED_1061_Day_B	200	Picture	stage2_up	3485819	0	1	7664	1	0	next	other	0
MAXED_1061_Day_B	201	Picture	stage2_lose	3493483	0	1	10163	1	0	next	other	0
MAXED_1061_Day_B	201	Pulse	99	3500000	6517	NA
MAXED_1061_Day_B	202	Picture	stage1	3503646	0	1	3499	1	0	next	false_alarm	469
MAXED_1061_Day_B	202	Response	1	3507076	3430	1
MAXED_1061_Day_B	203	Picture	stage1_box	3507145	0	1	7664	1	0	next	other	0
MAXED_1061_Day_B	204	Picture	stage1_outcome	3514809	0	1	167	1	0	next	other	0
MAXED_1061_Day_B	205	Picture	stage2A	3514976	0	1	6331	1	0	next	false_alarm	474
MAXED_1061_Day_B	205	Pulse	99	3520000	5024	NA
MAXED_1061_Day_B	205	Response	2	3521152	6176	1
MAXED_1061_Day_B	206	Picture	stage2_box	3521307	0	1	7664	1	0	next	other	0
MAXED_1061_Day_B	207	Picture	stage2_up	3528971	0	1	7664	1	0	next	other	0
MAXED_1061_Day_B	208	Picture	stage2_lose	3536635	0	1	10163	1	0	next	other	0
MAXED_1061_Day_B	208	Pulse	99	3540000	3365	NA
MAXED_1061_Day_B	209	Picture	stage1	3546798	0	1	3166	1	0	next	false_alarm	480
MAXED_1061_Day_B	209	Response	1	3549803	3005	1
MAXED_1061_Day_B	210	Picture	stage1_box	3549964	0	1	7664	1	0	next	other	0
MAXED_1061_Day_B	211	Picture	stage1_outcome	3557628	0	1	167	1	0	next	other	0
MAXED_1061_Day_B	212	Picture	stage2B	3557794	0	1	3332	1	0	next	false_alarm	485
MAXED_1061_Day_B	212	Pulse	99	3560000	2206	NA
MAXED_1061_Day_B	212	Response	1	3560996	3202	1
MAXED_1061_Day_B	213	Picture	stage2_box	3561127	0	1	7664	1	0	next	other	0
MAXED_1061_Day_B	214	Picture	stage2_up	3568791	0	1	7664	1	0	next	other	0
MAXED_1061_Day_B	215	Picture	stage2_win	3576455	0	1	10163	1	0	next	other	0
MAXED_1061_Day_B	215	Pulse	99	3580000	3545	NA
MAXED_1061_Day_B	216	Picture	stage1	3586618	0	1	3332	1	0	next	false_alarm	491
MAXED_1061_Day_B	216	Response	2	3589787	3169	1
MAXED_1061_Day_B	217	Picture	stage1_box	3589950	0	1	7664	1	0	next	other	0
MAXED_1061_Day_B	218	Picture	stage1_outcome	3597614	0	1	167	1	0	next	other	0
MAXED_1061_Day_B	219	Picture	stage2B	3597781	0	1	5165	1	0	next	false_alarm	496
MAXED_1061_Day_B	219	Pulse	99	3600000	2219	NA
MAXED_1061_Day_B	219	Response	1	3602909	5128	1
MAXED_1061_Day_B	220	Picture	stage2_box	3602946	0	1	7664	1	0	next	other	0
MAXED_1061_Day_B	221	Picture	stage2_up	3610610	0	1	7664	1	0	next	other	0
MAXED_1061_Day_B	222	Picture	stage2_lose	3618274	0	1	10163	1	0	next	other	0
MAXED_1061_Day_B	222	Pulse	99	3620000	1726	NA
MAXED_1061_Day_B	223	Pulse	99	3640000	11563	NA
MAXED_1061_Day_B	223	Pulse	99	3660000	31563	NA
MAXED_1061_Day_B	223	Pulse	99	3680000	51563	NA
MAXED_1061_Day_B	223	Pulse	99	3700000	71563	NA
MAXED_1061_Day_B	223	Pulse	99	3720000	91563	NA
MAXED_1061_Day_B	223	Pulse	99	3740000	111563	NA
MAXED_1061_Day_B	223	Pulse	99	3760000	131563	NA
MAXED_1061_Day_B	223	Pulse	99	3780000	151563	NA
MAXED_1061_Day_B	223	Pulse	99	3800000	171563	NA
MAXED_1061_Day_B	223	Pulse	99	3820000	191563	NA
MAXED_1061_Day_B	223	Pulse	99	3840000	211563	NA
MAXED_1061_Day_B	223	Pulse	99	3860000	231563	NA
MAXED_1061_Day_B	223	Pulse	99	3880000	251563	NA
MAXED_1061_Day_B	223	Pulse	99	3900000	271563	NA
MAXED_1061_Day_B	223	Pulse	99	3920000	291563	NA
MAXED_1061_Day_B	223	Pulse	99	3940000	311563	NA
MAXED_1061_Day_B	223	Pulse	99	3960000	331563	NA
MAXED_1061_Day_B	223	Pulse	99	3980000	351563	NA
MAXED_1061_Day_B	223	Pulse	99	4000000	371563	NA
MAXED_1061_Day_B	223	Pulse	99	4020000	391563	NA
MAXED_1061_Day_B	223	Pulse	99	4040000	411563	NA
MAXED_1061_Day_B	223	Pulse	99	4060000	431563	NA
MAXED_1061_Day_B	223	Pulse	99	4080000	451563	NA
MAXED_1061_Day_B	223	Pulse	99	4100000	471563	NA
MAXED_1061_Day_B	223	Pulse	99	4120000	491563	NA
MAXED_1061_Day_B	223	Pulse	99	4140000	511563	NA
MAXED_1061_Day_B	223	Pulse	99	4160000	531563	NA
MAXED_1061_Day_B	223	Pulse	99	4180000	551563	NA
MAXED_1061_Day_B	223	Pulse	99	4200000	571563	NA
MAXED_1061_Day_B	223	Pulse	99	4220000	591563	NA
MAXED_1061_Day_B	223	Pulse	99	4240000	611563	NA
MAXED_1061_Day_B	223	Pulse	99	4260000	631563	NA
MAXED_1061_Day_B	223	Pulse	99	4280000	651563	NA
MAXED_1061_Day_B	223	Pulse	99	4300000	671563	NA
MAXED_1061_Day_B	223	Pulse	99	4320000	691563	NA
MAXED_1061_Day_B	223	Pulse	99	4340000	711563	NA
MAXED_1061_Day_B	223	Pulse	99	4360000	731563	NA
MAXED_1061_Day_B	223	Pulse	99	4380000	751563	NA
MAXED_1061_Day_B	223	Pulse	99	4400000	771563	NA
MAXED_1061_Day_B	223	Pulse	99	4420000	791563	NA
MAXED_1061_Day_B	223	Pulse	99	4440000	811563	NA
MAXED_1061_Day_B	223	Pulse	99	4460000	831563	NA
MAXED_1061_Day_B	223	Pulse	99	4480000	851563	NA
MAXED_1061_Day_B	223	Pulse	99	4500000	871563	NA
MAXED_1061_Day_B	223	Pulse	99	4520000	891563	NA
MAXED_1061_Day_B	223	Pulse	99	4540000	911563	NA
MAXED_1061_Day_B	223	Quit		4545393	916955	NA
