Scenario - 
Logfile written - 12/02/2022 17:32:18

Subject	Trial	Event Type	Code	Time	TTime	Uncertainty	Duration	Uncertainty	ReqTime	ReqDur	Stim Type	Pair Index

MAXED_1045_Day_A	0	Pulse	99	0	0	NA
MAXED_1045_Day_A	1	Picture	instructions_1	167	0	1	216605	1	0	next	false_alarm	13
MAXED_1045_Day_A	1	Pulse	99	20000	19833	NA
MAXED_1045_Day_A	1	Pulse	99	40000	39833	NA
MAXED_1045_Day_A	1	Pulse	99	60000	59833	NA
MAXED_1045_Day_A	1	Pulse	99	80000	79833	NA
MAXED_1045_Day_A	1	Pulse	99	100000	99833	NA
MAXED_1045_Day_A	1	Pulse	99	120000	119833	NA
MAXED_1045_Day_A	1	Pulse	99	140000	139833	NA
MAXED_1045_Day_A	1	Pulse	99	160000	159833	NA
MAXED_1045_Day_A	1	Pulse	99	180000	179833	NA
MAXED_1045_Day_A	1	Pulse	99	200000	199833	NA
MAXED_1045_Day_A	1	Response	88	216711	216545	1
MAXED_1045_Day_A	2	Picture	instructions_2	216772	0	1	45375	1	0	next	false_alarm	18
MAXED_1045_Day_A	2	Pulse	99	220000	3228	NA
MAXED_1045_Day_A	2	Pulse	99	240000	23228	NA
MAXED_1045_Day_A	2	Pulse	99	260000	43228	NA
MAXED_1045_Day_A	2	Response	88	261920	45148	1
MAXED_1045_Day_A	3	Picture	instructions_3	262147	0	1	56962	1	0	next	false_alarm	22
MAXED_1045_Day_A	3	Pulse	99	280000	17853	NA
MAXED_1045_Day_A	3	Pulse	99	300000	37853	NA
MAXED_1045_Day_A	3	Response	88	319050	56903	1
MAXED_1045_Day_A	4	Picture	instructions_4	319109	0	1	48546	1	0	next	false_alarm	27
MAXED_1045_Day_A	4	Pulse	99	320000	891	NA
MAXED_1045_Day_A	4	Pulse	99	340000	20891	NA
MAXED_1045_Day_A	4	Pulse	99	360000	40891	NA
MAXED_1045_Day_A	4	Response	88	367596	48487	1
MAXED_1045_Day_A	5	Picture	instructions_5	367655	0	1	82098	1	0	next	false_alarm	33
MAXED_1045_Day_A	5	Pulse	99	380000	12345	NA
MAXED_1045_Day_A	5	Pulse	99	400000	32345	NA
MAXED_1045_Day_A	5	Pulse	99	420000	52345	NA
MAXED_1045_Day_A	5	Pulse	99	440000	72345	NA
MAXED_1045_Day_A	5	Response	88	449694	82039	1
MAXED_1045_Day_A	6	Picture	instructions_6	449754	0	1	40744	1	0	next	false_alarm	37
MAXED_1045_Day_A	6	Pulse	99	460000	10246	NA
MAXED_1045_Day_A	6	Pulse	99	480000	30246	NA
MAXED_1045_Day_A	6	Response	88	490273	40519	1
MAXED_1045_Day_A	7	Picture	instructions_7	490498	0	1	133714	1	0	next	false_alarm	46
MAXED_1045_Day_A	7	Pulse	99	500000	9502	NA
MAXED_1045_Day_A	7	Pulse	99	520000	29502	NA
MAXED_1045_Day_A	7	Pulse	99	540000	49502	NA
MAXED_1045_Day_A	7	Pulse	99	560000	69502	NA
MAXED_1045_Day_A	7	Pulse	99	580000	89502	NA
MAXED_1045_Day_A	7	Pulse	99	600000	109502	NA
MAXED_1045_Day_A	7	Pulse	99	620000	129502	NA
MAXED_1045_Day_A	7	Response	88	624153	133654	1
MAXED_1045_Day_A	8	Picture	instructions_8	624212	0	1	79494	1	0	next	false_alarm	52
MAXED_1045_Day_A	8	Pulse	99	640000	15788	NA
MAXED_1045_Day_A	8	Pulse	99	660000	35788	NA
MAXED_1045_Day_A	8	Pulse	99	680000	55788	NA
MAXED_1045_Day_A	8	Pulse	99	700000	75788	NA
MAXED_1045_Day_A	8	Response	88	703565	79353	1
MAXED_1045_Day_A	9	Picture	instructions_9	703706	0	1	39214	1	0	next	false_alarm	56
MAXED_1045_Day_A	9	Pulse	99	720000	16294	NA
MAXED_1045_Day_A	9	Pulse	99	740000	36294	NA
MAXED_1045_Day_A	9	Response	88	742691	38985	1
MAXED_1045_Day_A	10	Picture	instructions_10	742920	0	1	83091	1	0	next	false_alarm	62
MAXED_1045_Day_A	10	Pulse	99	760000	17080	NA
MAXED_1045_Day_A	10	Pulse	99	780000	37080	NA
MAXED_1045_Day_A	10	Pulse	99	800000	57080	NA
MAXED_1045_Day_A	10	Pulse	99	820000	77080	NA
MAXED_1045_Day_A	10	Response	88	825772	82853	1
MAXED_1045_Day_A	11	Picture	instructions_11	826011	0	1	76975	1	0	next	false_alarm	68
MAXED_1045_Day_A	11	Pulse	99	840000	13989	NA
MAXED_1045_Day_A	11	Pulse	99	860000	33989	NA
MAXED_1045_Day_A	11	Pulse	99	880000	53989	NA
MAXED_1045_Day_A	11	Pulse	99	900000	73989	NA
MAXED_1045_Day_A	11	Response	88	902912	76901	1
MAXED_1045_Day_A	12	Picture	instructions_12	902986	0	1	49855	1	0	next	false_alarm	72
MAXED_1045_Day_A	12	Pulse	99	920000	17014	NA
MAXED_1045_Day_A	12	Pulse	99	940000	37014	NA
MAXED_1045_Day_A	12	Response	88	952616	49630	1
MAXED_1045_Day_A	13	Picture	instructions_13	952841	0	1	37496	1	0	next	false_alarm	76
MAXED_1045_Day_A	13	Pulse	99	960000	7159	NA
MAXED_1045_Day_A	13	Pulse	99	980000	27159	NA
MAXED_1045_Day_A	13	Response	88	990122	37281	1
MAXED_1045_Day_A	14	Picture	instructions_14	990337	0	1	26561	1	0	next	false_alarm	79
MAXED_1045_Day_A	14	Pulse	99	1000000	9663	NA
MAXED_1045_Day_A	14	Response	88	1016671	26334	1
MAXED_1045_Day_A	15	Picture	instructions_15	1016899	0	1	69564	1	0	next	false_alarm	85
MAXED_1045_Day_A	15	Pulse	99	1020000	3101	NA
MAXED_1045_Day_A	15	Pulse	99	1040000	23101	NA
MAXED_1045_Day_A	15	Pulse	99	1060000	43101	NA
MAXED_1045_Day_A	15	Pulse	99	1080000	63101	NA
MAXED_1045_Day_A	15	Response	88	1086405	69506	1
MAXED_1045_Day_A	16	Picture	instructions_16	1086462	0	1	78837	1	0	next	false_alarm	91
MAXED_1045_Day_A	16	Pulse	99	1100000	13538	NA
MAXED_1045_Day_A	16	Pulse	99	1120000	33538	NA
MAXED_1045_Day_A	16	Pulse	99	1140000	53538	NA
MAXED_1045_Day_A	16	Pulse	99	1160000	73538	NA
MAXED_1045_Day_A	16	Response	88	1165240	78778	1
MAXED_1045_Day_A	17	Picture	instructions_17	1165300	0	1	18223	1	0	next	false_alarm	94
MAXED_1045_Day_A	17	Pulse	99	1180000	14700	NA
MAXED_1045_Day_A	17	Response	88	1183375	18075	1
MAXED_1045_Day_A	18	Picture	instructions_18	1183522	0	1	47723	1	0	next	false_alarm	98
MAXED_1045_Day_A	18	Pulse	99	1200000	16478	NA
MAXED_1045_Day_A	18	Pulse	99	1220000	36478	NA
MAXED_1045_Day_A	18	Response	88	1231185	47663	1
MAXED_1045_Day_A	19	Picture	instructions_19	1231245	0	1	82809	1	0	next	false_alarm	104
MAXED_1045_Day_A	19	Pulse	99	1240000	8755	NA
MAXED_1045_Day_A	19	Pulse	99	1260000	28755	NA
MAXED_1045_Day_A	19	Pulse	99	1280000	48755	NA
MAXED_1045_Day_A	19	Pulse	99	1300000	68755	NA
MAXED_1045_Day_A	19	Response	88	1313939	82694	1
MAXED_1045_Day_A	20	Picture	instructions_20	1314054	0	1	79802	1	0	next	false_alarm	110
MAXED_1045_Day_A	20	Pulse	99	1320000	5946	NA
MAXED_1045_Day_A	20	Pulse	99	1340000	25946	NA
MAXED_1045_Day_A	20	Pulse	99	1360000	45946	NA
MAXED_1045_Day_A	20	Pulse	99	1380000	65946	NA
MAXED_1045_Day_A	20	Response	88	1393796	79742	1
MAXED_1045_Day_A	21	Picture	instructions_21	1393856	0	1	47765	1	0	next	false_alarm	115
MAXED_1045_Day_A	21	Pulse	99	1400000	6144	NA
MAXED_1045_Day_A	21	Pulse	99	1420000	26144	NA
MAXED_1045_Day_A	21	Pulse	99	1440000	46144	NA
MAXED_1045_Day_A	21	Response	88	1441394	47538	1
MAXED_1045_Day_A	22	Picture	instructions_22	1441621	0	1	24365	1	0	next	false_alarm	118
MAXED_1045_Day_A	22	Pulse	99	1460000	18379	NA
MAXED_1045_Day_A	22	Response	88	1465926	24306	1
MAXED_1045_Day_A	23	Picture	instructions_23	1465986	0	1	66329	1	0	next	false_alarm	123
MAXED_1045_Day_A	23	Pulse	99	1480000	14014	NA
MAXED_1045_Day_A	23	Pulse	99	1500000	34014	NA
MAXED_1045_Day_A	23	Pulse	99	1520000	54014	NA
MAXED_1045_Day_A	23	Response	88	1532256	66270	1
MAXED_1045_Day_A	24	Picture	instructions_24	1532315	0	1	110421	1	0	next	false_alarm	131
MAXED_1045_Day_A	24	Pulse	99	1540000	7685	NA
MAXED_1045_Day_A	24	Pulse	99	1560000	27685	NA
MAXED_1045_Day_A	24	Pulse	99	1580000	47685	NA
MAXED_1045_Day_A	24	Pulse	99	1600000	67685	NA
MAXED_1045_Day_A	24	Pulse	99	1620000	87685	NA
MAXED_1045_Day_A	24	Pulse	99	1640000	107685	NA
MAXED_1045_Day_A	24	Response	88	1642678	110363	1
MAXED_1045_Day_A	25	Picture	instructions_25	1642737	0	1	47158	1	0	next	false_alarm	135
MAXED_1045_Day_A	25	Pulse	99	1660000	17263	NA
MAXED_1045_Day_A	25	Pulse	99	1680000	37263	NA
MAXED_1045_Day_A	25	Response	88	1689669	46932	1
MAXED_1045_Day_A	26	Picture	instructions_26	1689895	0	1	72409	1	0	next	false_alarm	141
MAXED_1045_Day_A	26	Pulse	99	1700000	10105	NA
MAXED_1045_Day_A	26	Pulse	99	1720000	30105	NA
MAXED_1045_Day_A	26	Pulse	99	1740000	50105	NA
MAXED_1045_Day_A	26	Pulse	99	1760000	70105	NA
MAXED_1045_Day_A	26	Response	88	1762245	72350	1
MAXED_1045_Day_A	27	Picture	instructions_27	1762304	0	1	40884	1	0	next	false_alarm	145
MAXED_1045_Day_A	27	Pulse	99	1780000	17696	NA
MAXED_1045_Day_A	27	Pulse	99	1800000	37696	NA
MAXED_1045_Day_A	27	Response	88	1802962	40659	1
MAXED_1045_Day_A	28	Picture	instructions_28	1803188	0	1	44941	1	0	next	false_alarm	149
MAXED_1045_Day_A	28	Pulse	99	1820000	16812	NA
MAXED_1045_Day_A	28	Pulse	99	1840000	36812	NA
MAXED_1045_Day_A	28	Response	88	1848070	44882	1
MAXED_1045_Day_A	29	Picture	instructions_29	1848130	0	1	84204	1	0	next	false_alarm	155
MAXED_1045_Day_A	29	Pulse	99	1860000	11870	NA
MAXED_1045_Day_A	29	Pulse	99	1880000	31870	NA
MAXED_1045_Day_A	29	Pulse	99	1900000	51870	NA
MAXED_1045_Day_A	29	Pulse	99	1920000	71870	NA
MAXED_1045_Day_A	29	Response	88	1932274	84144	1
MAXED_1045_Day_A	30	Picture	instructions_30	1932333	0	1	61496	1	0	next	false_alarm	160
MAXED_1045_Day_A	30	Pulse	99	1940000	7667	NA
MAXED_1045_Day_A	30	Pulse	99	1960000	27667	NA
MAXED_1045_Day_A	30	Pulse	99	1980000	47667	NA
MAXED_1045_Day_A	30	Response	88	1993600	61267	1
MAXED_1045_Day_A	31	Picture	instructions_31	1993830	0	1	43288	1	0	next	false_alarm	164
MAXED_1045_Day_A	31	Pulse	99	2000000	6170	NA
MAXED_1045_Day_A	31	Pulse	99	2020000	26170	NA
MAXED_1045_Day_A	31	Response	88	2036891	43061	1
MAXED_1045_Day_A	32	Picture	instructions_32	2037117	0	1	56125	1	0	next	false_alarm	169
MAXED_1045_Day_A	32	Pulse	99	2040000	2883	NA
MAXED_1045_Day_A	32	Pulse	99	2060000	22883	NA
MAXED_1045_Day_A	32	Pulse	99	2080000	42883	NA
MAXED_1045_Day_A	32	Response	88	2093184	56066	1
MAXED_1045_Day_A	33	Picture	instructions_33	2093242	0	1	40859	1	0	next	false_alarm	173
MAXED_1045_Day_A	33	Pulse	99	2100000	6758	NA
MAXED_1045_Day_A	33	Pulse	99	2120000	26758	NA
MAXED_1045_Day_A	33	Response	88	2134043	40800	1
MAXED_1045_Day_A	34	Picture	instructions_34	2134102	0	1	72325	1	0	next	false_alarm	179
MAXED_1045_Day_A	34	Pulse	99	2140000	5898	NA
MAXED_1045_Day_A	34	Pulse	99	2160000	25898	NA
MAXED_1045_Day_A	34	Pulse	99	2180000	45898	NA
MAXED_1045_Day_A	34	Pulse	99	2200000	65898	NA
MAXED_1045_Day_A	34	Response	88	2206201	72100	1
MAXED_1045_Day_A	35	Picture	instructions_35	2206427	0	1	123491	1	0	next	false_alarm	187
MAXED_1045_Day_A	35	Pulse	99	2220000	13573	NA
MAXED_1045_Day_A	35	Pulse	99	2240000	33573	NA
MAXED_1045_Day_A	35	Pulse	99	2260000	53573	NA
MAXED_1045_Day_A	35	Pulse	99	2280000	73573	NA
MAXED_1045_Day_A	35	Pulse	99	2300000	93573	NA
MAXED_1045_Day_A	35	Pulse	99	2320000	113573	NA
MAXED_1045_Day_A	35	Response	88	2329858	123431	1
MAXED_1045_Day_A	36	Picture	instructions_36	2329918	0	1	95284	1	0	next	false_alarm	194
MAXED_1045_Day_A	36	Pulse	99	2340000	10082	NA
MAXED_1045_Day_A	36	Pulse	99	2360000	30082	NA
MAXED_1045_Day_A	36	Pulse	99	2380000	50082	NA
MAXED_1045_Day_A	36	Pulse	99	2400000	70082	NA
MAXED_1045_Day_A	36	Pulse	99	2420000	90082	NA
MAXED_1045_Day_A	36	Response	88	2425142	95224	1
MAXED_1045_Day_A	37	Picture	instructions_37	2425202	0	1	30565	1	0	next	false_alarm	197
MAXED_1045_Day_A	37	Pulse	99	2440000	14799	NA
MAXED_1045_Day_A	37	Response	88	2455709	30508	1
MAXED_1045_Day_A	38	Picture	instructions_38	2455766	0	1	48512	1	0	next	false_alarm	202
MAXED_1045_Day_A	38	Pulse	99	2460000	4234	NA
MAXED_1045_Day_A	38	Pulse	99	2480000	24234	NA
MAXED_1045_Day_A	38	Pulse	99	2500000	44234	NA
MAXED_1045_Day_A	38	Response	88	2504223	48456	1
MAXED_1045_Day_A	39	Picture	instructions_39	2504279	0	1	33458	1	0	next	false_alarm	205
MAXED_1045_Day_A	39	Pulse	99	2520000	15721	NA
MAXED_1045_Day_A	39	Response	88	2537680	33402	1
MAXED_1045_Day_A	40	Picture	instructions_40	2537736	0	1	14760	1	0	next	false_alarm	208
MAXED_1045_Day_A	40	Pulse	99	2540000	2264	NA
MAXED_1045_Day_A	40	Response	88	2552310	14574	1
MAXED_1045_Day_A	41	Picture	instructions_41	2552497	0	1	15374	1	0	next	false_alarm	211
MAXED_1045_Day_A	41	Pulse	99	2560000	7503	NA
MAXED_1045_Day_A	41	Response	88	2567812	15316	1
MAXED_1045_Day_A	42	Picture	instructions_42	2567871	0	1	9706	1	0	next	false_alarm	213
MAXED_1045_Day_A	42	Response	88	2577520	9649	1
MAXED_1045_Day_A	43	Picture	instructions_43	2577577	0	1	21633	1	0	next	false_alarm	216
MAXED_1045_Day_A	43	Pulse	99	2580000	2423	NA
MAXED_1045_Day_A	43	Response	88	2599153	21575	1
MAXED_1045_Day_A	44	Picture	instructions_44	2599210	0	1	30334	1	0	next	false_alarm	220
MAXED_1045_Day_A	44	Pulse	99	2600000	790	NA
MAXED_1045_Day_A	44	Pulse	99	2620000	20790	NA
MAXED_1045_Day_A	44	Response	88	2629489	30278	1
MAXED_1045_Day_A	45	Picture	instructions_45	2629545	0	1	29531	1	0	next	false_alarm	223
MAXED_1045_Day_A	45	Pulse	99	2640000	10455	NA
MAXED_1045_Day_A	45	Response	88	2659018	29474	1
MAXED_1045_Day_A	46	Picture	instructions_46	2659076	0	1	19864	1	0	next	false_alarm	226
MAXED_1045_Day_A	46	Pulse	99	2660000	924	NA
MAXED_1045_Day_A	46	Response	88	2678888	19812	1
MAXED_1045_Day_A	47	Picture	fixation	2678940	0	1	5202	1	0	next	other	0
MAXED_1045_Day_A	47	Pulse	99	2680000	1060	NA
MAXED_1045_Day_A	48	Picture	stage1	2684142	0	1	19762	1	0	next	false_alarm	231
MAXED_1045_Day_A	48	Pulse	99	2700000	15858	NA
MAXED_1045_Day_A	48	Response	2	2703784	19641	1
MAXED_1045_Day_A	49	Picture	stage1_box	2703904	0	1	7541	1	0	next	other	0
MAXED_1045_Day_A	50	Picture	stage1_outcome	2711445	0	1	167	1	0	next	other	0
MAXED_1045_Day_A	51	Picture	stage2A	2711612	0	1	39534	1	0	next	false_alarm	237
MAXED_1045_Day_A	51	Pulse	99	2720000	8388	NA
MAXED_1045_Day_A	51	Pulse	99	2740000	28388	NA
MAXED_1045_Day_A	51	Response	1	2751093	39482	1
MAXED_1045_Day_A	52	Picture	stage2_box	2751146	0	1	7550	1	0	next	other	0
MAXED_1045_Day_A	53	Picture	stage2_up	2758696	0	1	7553	1	0	next	other	0
MAXED_1045_Day_A	53	Pulse	99	2760000	1304	NA
MAXED_1045_Day_A	54	Picture	stage2_lose	2766249	0	1	10051	1	0	next	other	0
MAXED_1045_Day_A	55	Picture	stage1	2776300	0	1	18463	1	0	next	false_alarm	244
MAXED_1045_Day_A	55	Pulse	99	2780000	3700	NA
MAXED_1045_Day_A	55	Response	2	2794712	18412	1
MAXED_1045_Day_A	56	Picture	stage1_box	2794762	0	1	7550	1	0	next	other	0
MAXED_1045_Day_A	56	Pulse	99	2800000	5238	NA
MAXED_1045_Day_A	57	Picture	stage1_outcome	2802312	0	1	167	1	0	next	other	0
MAXED_1045_Day_A	58	Picture	stage2B	2802479	0	1	15162	1	0	next	false_alarm	249
MAXED_1045_Day_A	58	Response	2	2817586	15108	1
MAXED_1045_Day_A	59	Picture	stage2_box	2817641	0	1	7551	1	0	next	other	0
MAXED_1045_Day_A	59	Pulse	99	2820000	2359	NA
MAXED_1045_Day_A	60	Picture	stage2_up	2825192	0	1	7553	1	0	next	other	0
MAXED_1045_Day_A	61	Picture	stage2_win	2832745	0	1	10054	1	0	next	other	0
MAXED_1045_Day_A	61	Pulse	99	2840000	7256	NA
MAXED_1045_Day_A	62	Picture	stage1	2842798	0	1	13792	1	0	next	false_alarm	256
MAXED_1045_Day_A	62	Response	2	2856540	13742	1
MAXED_1045_Day_A	63	Picture	stage1_box	2856590	0	1	7549	1	0	next	other	0
MAXED_1045_Day_A	63	Pulse	99	2860000	3410	NA
MAXED_1045_Day_A	64	Picture	stage1_outcome	2864140	0	1	167	1	0	next	other	0
MAXED_1045_Day_A	65	Picture	stage2B	2864306	0	1	13768	1	0	next	false_alarm	261
MAXED_1045_Day_A	65	Response	2	2878025	13718	1
MAXED_1045_Day_A	66	Picture	stage2_box	2878075	0	1	7550	1	0	next	other	0
MAXED_1045_Day_A	66	Pulse	99	2880000	1925	NA
MAXED_1045_Day_A	67	Picture	stage2_up	2885625	0	1	7550	1	0	next	other	0
MAXED_1045_Day_A	68	Picture	stage2_win	2893175	0	1	10050	1	0	next	other	0
MAXED_1045_Day_A	68	Pulse	99	2900000	6825	NA
MAXED_1045_Day_A	69	Picture	stage1	2903225	0	1	9590	1	0	next	false_alarm	268
MAXED_1045_Day_A	69	Response	2	2912764	9540	1
MAXED_1045_Day_A	70	Picture	stage1_box	2912814	0	1	7550	1	0	next	other	0
MAXED_1045_Day_A	70	Pulse	99	2920000	7186	NA
MAXED_1045_Day_A	71	Picture	stage1_outcome	2920364	0	1	167	1	0	next	other	0
MAXED_1045_Day_A	72	Picture	stage2B	2920531	0	1	12388	1	0	next	false_alarm	273
MAXED_1045_Day_A	72	Response	2	2932868	12338	1
MAXED_1045_Day_A	73	Picture	stage2_box	2932918	0	1	7550	1	0	next	other	0
MAXED_1045_Day_A	73	Pulse	99	2940000	7082	NA
MAXED_1045_Day_A	74	Picture	stage2_up	2940469	0	1	7550	1	0	next	other	0
MAXED_1045_Day_A	75	Picture	stage2_win	2948019	0	1	10050	1	0	next	other	0
MAXED_1045_Day_A	76	Picture	stage1	2958069	0	1	10384	1	0	next	false_alarm	280
MAXED_1045_Day_A	76	Pulse	99	2960000	1931	NA
MAXED_1045_Day_A	76	Response	2	2968403	10334	1
MAXED_1045_Day_A	77	Picture	stage1_box	2968453	0	1	7527	1	0	next	other	0
MAXED_1045_Day_A	78	Picture	stage1_outcome	2975981	0	1	167	1	0	next	other	0
MAXED_1045_Day_A	79	Picture	stage2B	2976147	0	1	10415	1	0	next	false_alarm	285
MAXED_1045_Day_A	79	Pulse	99	2980000	3853	NA
MAXED_1045_Day_A	79	Response	2	2986512	10364	1
MAXED_1045_Day_A	80	Picture	stage2_box	2986562	0	1	7551	1	0	next	other	0
MAXED_1045_Day_A	81	Picture	stage2_up	2994113	0	1	7550	1	0	next	other	0
MAXED_1045_Day_A	81	Pulse	99	3000000	5887	NA
MAXED_1045_Day_A	82	Picture	stage2_lose	3001663	0	1	10101	1	0	next	other	0
MAXED_1045_Day_A	83	Picture	stage1	3011764	0	1	13461	1	0	next	false_alarm	292
MAXED_1045_Day_A	83	Pulse	99	3020000	8236	NA
MAXED_1045_Day_A	83	Response	2	3025101	13337	1
MAXED_1045_Day_A	84	Picture	stage1_box	3025225	0	1	7550	1	0	next	other	0
MAXED_1045_Day_A	85	Picture	stage1_outcome	3032776	0	1	167	1	0	next	other	0
MAXED_1045_Day_A	86	Picture	stage2A	3032942	0	1	38642	1	0	next	false_alarm	298
MAXED_1045_Day_A	86	Pulse	99	3040000	7058	NA
MAXED_1045_Day_A	86	Pulse	99	3060000	27058	NA
MAXED_1045_Day_A	86	Response	2	3071531	38589	1
MAXED_1045_Day_A	87	Picture	stage2_box	3071584	0	1	7665	1	0	next	other	0
MAXED_1045_Day_A	88	Picture	stage2_up	3079249	0	1	7550	1	0	next	other	0
MAXED_1045_Day_A	88	Pulse	99	3080000	751	NA
MAXED_1045_Day_A	89	Picture	stage2_win	3086799	0	1	10050	1	0	next	other	0
MAXED_1045_Day_A	90	Picture	stage1	3096850	0	1	10939	1	0	next	false_alarm	305
MAXED_1045_Day_A	90	Pulse	99	3100000	3150	NA
MAXED_1045_Day_A	90	Response	1	3107736	10886	1
MAXED_1045_Day_A	91	Picture	stage1_box	3107788	0	1	7562	1	0	next	other	0
MAXED_1045_Day_A	92	Picture	stage1_outcome	3115350	0	1	167	1	0	next	other	0
MAXED_1045_Day_A	93	Picture	stage2A	3115517	0	1	7077	1	0	next	false_alarm	310
MAXED_1045_Day_A	93	Pulse	99	3120000	4483	NA
MAXED_1045_Day_A	93	Response	2	3122544	7028	1
MAXED_1045_Day_A	94	Picture	stage2_box	3122594	0	1	7550	1	0	next	other	0
MAXED_1045_Day_A	95	Picture	stage2_up	3130144	0	1	7550	1	0	next	other	0
MAXED_1045_Day_A	96	Picture	stage2_win	3137694	0	1	10059	1	0	next	other	0
MAXED_1045_Day_A	96	Pulse	99	3140000	2306	NA
MAXED_1045_Day_A	97	Picture	stage1	3147754	0	1	12948	1	0	next	false_alarm	317
MAXED_1045_Day_A	97	Pulse	99	3160000	12246	NA
MAXED_1045_Day_A	97	Response	1	3160664	12910	1
MAXED_1045_Day_A	98	Picture	stage1_box	3160702	0	1	7550	1	0	next	other	0
MAXED_1045_Day_A	99	Picture	stage1_outcome	3168252	0	1	167	1	0	next	other	0
MAXED_1045_Day_A	100	Picture	stage2A	3168419	0	1	9048	1	0	next	false_alarm	321
MAXED_1045_Day_A	100	Response	2	3177417	8998	1
MAXED_1045_Day_A	101	Picture	stage2_box	3177467	0	1	7551	1	0	next	other	0
MAXED_1045_Day_A	101	Pulse	99	3180000	2533	NA
MAXED_1045_Day_A	102	Picture	stage2_up	3185018	0	1	7550	1	0	next	other	0
MAXED_1045_Day_A	103	Picture	stage2_lose	3192568	0	1	10029	1	0	next	other	0
MAXED_1045_Day_A	103	Pulse	99	3200000	7432	NA
MAXED_1045_Day_A	104	Picture	stage1	3202597	0	1	5852	1	0	next	false_alarm	328
MAXED_1045_Day_A	104	Response	1	3208398	5802	1
MAXED_1045_Day_A	105	Picture	stage1_box	3208448	0	1	7551	1	0	next	other	0
MAXED_1045_Day_A	106	Picture	stage1_outcome	3216000	0	1	167	1	0	next	other	0
MAXED_1045_Day_A	107	Picture	stage2B	3216166	0	1	16417	1	0	next	false_alarm	333
MAXED_1045_Day_A	107	Pulse	99	3220000	3834	NA
MAXED_1045_Day_A	107	Response	1	3232528	16362	1
MAXED_1045_Day_A	108	Picture	stage2_box	3232583	0	1	7551	1	0	next	other	0
MAXED_1045_Day_A	108	Pulse	99	3240000	7417	NA
MAXED_1045_Day_A	109	Picture	stage2_up	3240134	0	1	7550	1	0	next	other	0
MAXED_1045_Day_A	110	Picture	stage2_lose	3247684	0	1	10050	1	0	next	other	0
MAXED_1045_Day_A	111	Picture	stage1	3257734	0	1	15657	1	0	next	false_alarm	340
MAXED_1045_Day_A	111	Pulse	99	3260000	2266	NA
MAXED_1045_Day_A	111	Response	1	3273342	15607	1
MAXED_1045_Day_A	112	Picture	stage1_box	3273392	0	1	7550	1	0	next	other	0
MAXED_1045_Day_A	112	Pulse	99	3280000	6608	NA
MAXED_1045_Day_A	113	Picture	stage1_outcome	3280942	0	1	167	1	0	next	other	0
MAXED_1045_Day_A	114	Picture	stage2A	3281108	0	1	7468	1	0	next	false_alarm	345
MAXED_1045_Day_A	114	Response	1	3288526	7418	1
MAXED_1045_Day_A	115	Picture	stage2_box	3288576	0	1	7561	1	0	next	other	0
MAXED_1045_Day_A	116	Picture	stage2_up	3296138	0	1	7550	1	0	next	other	0
MAXED_1045_Day_A	116	Pulse	99	3300000	3862	NA
MAXED_1045_Day_A	117	Picture	stage2_lose	3303688	0	1	10052	1	0	next	other	0
MAXED_1045_Day_A	118	Picture	stage1	3313740	0	1	9178	1	0	next	false_alarm	352
MAXED_1045_Day_A	118	Pulse	99	3320000	6260	NA
MAXED_1045_Day_A	118	Response	2	3322868	9128	1
MAXED_1045_Day_A	119	Picture	stage1_box	3322918	0	1	7550	1	0	next	other	0
MAXED_1045_Day_A	120	Picture	stage1_outcome	3330467	0	1	167	1	0	next	other	0
MAXED_1045_Day_A	121	Picture	stage2B	3330634	0	1	4665	1	0	next	false_alarm	356
MAXED_1045_Day_A	121	Response	2	3335248	4614	1
MAXED_1045_Day_A	122	Picture	stage2_box	3335299	0	1	7550	1	0	next	other	0
MAXED_1045_Day_A	122	Pulse	99	3340000	4701	NA
MAXED_1045_Day_A	123	Picture	stage2_up	3342849	0	1	7550	1	0	next	other	0
MAXED_1045_Day_A	124	Picture	stage2_lose	3350399	0	1	10133	1	0	next	other	0
MAXED_1045_Day_A	124	Pulse	99	3360000	9601	NA
MAXED_1045_Day_A	125	Picture	stage1	3360532	0	1	12403	1	0	next	false_alarm	363
MAXED_1045_Day_A	125	Response	2	3372884	12352	1
MAXED_1045_Day_A	126	Picture	stage1_box	3372935	0	1	7551	1	0	next	other	0
MAXED_1045_Day_A	126	Pulse	99	3380000	7065	NA
MAXED_1045_Day_A	127	Picture	stage1_outcome	3380486	0	1	167	1	0	next	other	0
MAXED_1045_Day_A	128	Picture	stage2B	3380653	0	1	5755	1	0	next	false_alarm	368
MAXED_1045_Day_A	128	Response	1	3386357	5705	1
MAXED_1045_Day_A	129	Picture	stage2_box	3386407	0	1	7551	1	0	next	other	0
MAXED_1045_Day_A	130	Picture	stage2_up	3393958	0	1	7634	1	0	next	other	0
MAXED_1045_Day_A	130	Pulse	99	3400000	6042	NA
MAXED_1045_Day_A	131	Picture	stage2_lose	3401592	0	1	10050	1	0	next	other	0
MAXED_1045_Day_A	132	Picture	stage1	3411642	0	1	8356	1	0	next	false_alarm	374
MAXED_1045_Day_A	132	Response	1	3419948	8306	1
MAXED_1045_Day_A	133	Picture	stage1_box	3419998	0	1	7550	1	0	next	other	0
MAXED_1045_Day_A	133	Pulse	99	3420000	2	NA
MAXED_1045_Day_A	134	Picture	stage1_outcome	3427548	0	1	167	1	0	next	other	0
MAXED_1045_Day_A	135	Picture	stage2A	3427714	0	1	9016	1	0	next	false_alarm	379
MAXED_1045_Day_A	135	Response	2	3436681	8966	1
MAXED_1045_Day_A	136	Picture	stage2_box	3436731	0	1	7550	1	0	next	other	0
MAXED_1045_Day_A	136	Pulse	99	3440000	3269	NA
MAXED_1045_Day_A	137	Picture	stage2_up	3444281	0	1	7550	1	0	next	other	0
MAXED_1045_Day_A	138	Picture	stage2_win	3451831	0	1	10051	1	0	next	other	0
MAXED_1045_Day_A	138	Pulse	99	3460000	8169	NA
MAXED_1045_Day_A	139	Picture	stage1	3461881	0	1	4484	1	0	next	false_alarm	386
MAXED_1045_Day_A	139	Response	1	3466315	4434	1
MAXED_1045_Day_A	140	Picture	stage1_box	3466365	0	1	7550	1	0	next	other	0
MAXED_1045_Day_A	141	Picture	stage1_outcome	3473915	0	1	167	1	0	next	other	0
MAXED_1045_Day_A	142	Picture	stage2A	3474082	0	1	3886	1	0	next	false_alarm	390
MAXED_1045_Day_A	142	Response	2	3477918	3836	1
MAXED_1045_Day_A	143	Picture	stage2_box	3477967	0	1	7550	1	0	next	other	0
MAXED_1045_Day_A	143	Pulse	99	3480000	2033	NA
MAXED_1045_Day_A	144	Picture	stage2_up	3485517	0	1	7550	1	0	next	other	0
MAXED_1045_Day_A	145	Picture	stage2_lose	3493067	0	1	10050	1	0	next	other	0
MAXED_1045_Day_A	145	Pulse	99	3500000	6933	NA
MAXED_1045_Day_A	146	Picture	stage1	3503118	0	1	4165	1	0	next	false_alarm	397
MAXED_1045_Day_A	146	Response	1	3507233	4115	1
MAXED_1045_Day_A	147	Picture	stage1_box	3507283	0	1	7550	1	0	next	other	0
MAXED_1045_Day_A	148	Picture	stage1_outcome	3514833	0	1	167	1	0	next	other	0
MAXED_1045_Day_A	149	Picture	stage2A	3514999	0	1	3896	1	0	next	false_alarm	401
MAXED_1045_Day_A	149	Response	1	3518845	3846	1
MAXED_1045_Day_A	150	Picture	stage2_box	3518895	0	1	7550	1	0	next	other	0
MAXED_1045_Day_A	150	Pulse	99	3520000	1105	NA
MAXED_1045_Day_A	151	Picture	stage2_up	3526445	0	1	7551	1	0	next	other	0
MAXED_1045_Day_A	152	Picture	stage2_lose	3533995	0	1	10051	1	0	next	other	0
MAXED_1045_Day_A	152	Pulse	99	3540000	6005	NA
MAXED_1045_Day_A	153	Picture	stage1	3544046	0	1	4611	1	0	next	false_alarm	408
MAXED_1045_Day_A	153	Response	1	3548607	4561	1
MAXED_1045_Day_A	154	Picture	stage1_box	3548657	0	1	7550	1	0	next	other	0
MAXED_1045_Day_A	155	Picture	stage1_outcome	3556207	0	1	167	1	0	next	other	0
MAXED_1045_Day_A	156	Picture	stage2A	3556374	0	1	6678	1	0	next	false_alarm	413
MAXED_1045_Day_A	156	Pulse	99	3560000	3626	NA
MAXED_1045_Day_A	156	Response	1	3563002	6628	1
MAXED_1045_Day_A	157	Picture	stage2_box	3563052	0	1	7551	1	0	next	other	0
MAXED_1045_Day_A	158	Picture	stage2_up	3570603	0	1	7550	1	0	next	other	0
MAXED_1045_Day_A	159	Picture	stage2_lose	3578153	0	1	10050	1	0	next	other	0
MAXED_1045_Day_A	159	Pulse	99	3580000	1847	NA
MAXED_1045_Day_A	160	Picture	stage1	3588204	0	1	5252	1	0	next	false_alarm	419
MAXED_1045_Day_A	160	Response	2	3593406	5202	1
MAXED_1045_Day_A	161	Picture	stage1_box	3593455	0	1	7550	1	0	next	other	0
MAXED_1045_Day_A	161	Pulse	99	3600000	6545	NA
MAXED_1045_Day_A	162	Picture	stage1_outcome	3601005	0	1	167	1	0	next	other	0
MAXED_1045_Day_A	163	Picture	stage2B	3601171	0	1	7975	1	0	next	false_alarm	424
MAXED_1045_Day_A	163	Response	1	3609096	7925	1
MAXED_1045_Day_A	164	Picture	stage2_box	3609147	0	1	7550	1	0	next	other	0
MAXED_1045_Day_A	165	Picture	stage2_up	3616696	0	1	7550	1	0	next	other	0
MAXED_1045_Day_A	165	Pulse	99	3620000	3304	NA
MAXED_1045_Day_A	166	Picture	stage2_win	3624247	0	1	10085	1	0	next	other	0
MAXED_1045_Day_A	167	Picture	stage1	3634331	0	1	4759	1	0	next	false_alarm	430
MAXED_1045_Day_A	167	Response	2	3639041	4709	1
MAXED_1045_Day_A	168	Picture	stage1_box	3639090	0	1	7549	1	0	next	other	0
MAXED_1045_Day_A	168	Pulse	99	3640000	910	NA
MAXED_1045_Day_A	169	Picture	stage1_outcome	3646640	0	1	167	1	0	next	other	0
MAXED_1045_Day_A	170	Picture	stage2A	3646806	0	1	5251	1	0	next	false_alarm	435
MAXED_1045_Day_A	170	Response	1	3652007	5201	1
MAXED_1045_Day_A	171	Picture	stage2_box	3652057	0	1	7550	1	0	next	other	0
MAXED_1045_Day_A	172	Picture	stage2_up	3659608	0	1	7539	1	0	next	other	0
MAXED_1045_Day_A	172	Pulse	99	3660000	392	NA
MAXED_1045_Day_A	173	Picture	stage2_lose	3667147	0	1	10051	1	0	next	other	0
MAXED_1045_Day_A	174	Picture	stage1	3677197	0	1	3141	1	0	next	false_alarm	442
MAXED_1045_Day_A	174	Pulse	99	3680000	2803	NA
MAXED_1045_Day_A	174	Response	2	3680289	3092	1
MAXED_1045_Day_A	175	Picture	stage1_box	3680339	0	1	7550	1	0	next	other	0
MAXED_1045_Day_A	176	Picture	stage1_outcome	3687888	0	1	167	1	0	next	other	0
MAXED_1045_Day_A	177	Picture	stage2B	3688055	0	1	3879	1	0	next	false_alarm	446
MAXED_1045_Day_A	177	Response	2	3691884	3829	1
MAXED_1045_Day_A	178	Picture	stage2_box	3691934	0	1	7551	1	0	next	other	0
MAXED_1045_Day_A	179	Picture	stage2_up	3699485	0	1	7550	1	0	next	other	0
MAXED_1045_Day_A	179	Pulse	99	3700000	515	NA
MAXED_1045_Day_A	180	Picture	stage2_win	3707035	0	1	10050	1	0	next	other	0
MAXED_1045_Day_A	181	Picture	stage1	3717085	0	1	5391	1	0	next	false_alarm	453
MAXED_1045_Day_A	181	Pulse	99	3720000	2915	NA
MAXED_1045_Day_A	181	Response	2	3722427	5341	1
MAXED_1045_Day_A	182	Picture	stage1_box	3722476	0	1	7655	1	0	next	other	0
MAXED_1045_Day_A	183	Picture	stage1_outcome	3730132	0	1	167	1	0	next	other	0
MAXED_1045_Day_A	184	Picture	stage2B	3730298	0	1	4294	1	0	next	false_alarm	457
MAXED_1045_Day_A	184	Response	2	3734543	4245	1
MAXED_1045_Day_A	185	Picture	stage2_box	3734593	0	1	7550	1	0	next	other	0
MAXED_1045_Day_A	185	Pulse	99	3740000	5407	NA
MAXED_1045_Day_A	186	Picture	stage2_up	3742142	0	1	7550	1	0	next	other	0
MAXED_1045_Day_A	187	Picture	stage2_lose	3749692	0	1	10050	1	0	next	other	0
MAXED_1045_Day_A	188	Picture	stage1	3759743	0	1	10197	1	0	next	false_alarm	464
MAXED_1045_Day_A	188	Pulse	99	3760000	257	NA
MAXED_1045_Day_A	188	Response	1	3769890	10147	1
MAXED_1045_Day_A	189	Picture	stage1_box	3769940	0	1	7551	1	0	next	other	0
MAXED_1045_Day_A	190	Picture	stage1_outcome	3777491	0	1	167	1	0	next	other	0
MAXED_1045_Day_A	191	Picture	stage2A	3777657	0	1	6845	1	0	next	false_alarm	469
MAXED_1045_Day_A	191	Pulse	99	3780000	2343	NA
MAXED_1045_Day_A	191	Response	2	3784345	6688	1
MAXED_1045_Day_A	192	Picture	stage2_box	3784502	0	1	7550	1	0	next	other	0
MAXED_1045_Day_A	193	Picture	stage2_up	3792052	0	1	7549	1	0	next	other	0
MAXED_1045_Day_A	194	Picture	stage2_win	3799601	0	1	10051	1	0	next	other	0
MAXED_1045_Day_A	194	Pulse	99	3800000	399	NA
MAXED_1045_Day_A	195	Picture	stage1	3809652	0	1	6760	1	0	next	false_alarm	475
MAXED_1045_Day_A	195	Response	1	3816362	6710	1
MAXED_1045_Day_A	196	Picture	stage1_box	3816412	0	1	7549	1	0	next	other	0
MAXED_1045_Day_A	196	Pulse	99	3820000	3588	NA
MAXED_1045_Day_A	197	Picture	stage1_outcome	3823961	0	1	167	1	0	next	other	0
MAXED_1045_Day_A	198	Picture	stage2B	3824128	0	1	26504	1	0	next	false_alarm	481
MAXED_1045_Day_A	198	Pulse	99	3840000	15872	NA
MAXED_1045_Day_A	198	Response	1	3850582	26454	1
MAXED_1045_Day_A	199	Picture	stage2_box	3850632	0	1	7550	1	0	next	other	0
MAXED_1045_Day_A	200	Picture	stage2_up	3858183	0	1	7551	1	0	next	other	0
MAXED_1045_Day_A	200	Pulse	99	3860000	1817	NA
MAXED_1045_Day_A	201	Picture	stage2_lose	3865734	0	1	10051	1	0	next	other	0
MAXED_1045_Day_A	202	Picture	stage1	3875784	0	1	4485	1	0	next	false_alarm	488
MAXED_1045_Day_A	202	Pulse	99	3880000	4216	NA
MAXED_1045_Day_A	202	Response	1	3880220	4435	1
MAXED_1045_Day_A	203	Picture	stage1_box	3880269	0	1	7550	1	0	next	other	0
MAXED_1045_Day_A	204	Picture	stage1_outcome	3887819	0	1	167	1	0	next	other	0
MAXED_1045_Day_A	205	Picture	stage2A	3887986	0	1	7375	1	0	next	false_alarm	492
MAXED_1045_Day_A	205	Response	2	3895311	7325	1
MAXED_1045_Day_A	206	Picture	stage2_box	3895361	0	1	7550	1	0	next	other	0
MAXED_1045_Day_A	206	Pulse	99	3900000	4639	NA
MAXED_1045_Day_A	207	Picture	stage2_up	3902911	0	1	7530	1	0	next	other	0
MAXED_1045_Day_A	208	Picture	stage2_win	3910441	0	1	10051	1	0	next	other	0
MAXED_1045_Day_A	208	Pulse	99	3920000	9559	NA
MAXED_1045_Day_A	209	Picture	stage1	3920491	0	1	5414	1	0	next	false_alarm	499
MAXED_1045_Day_A	209	Response	1	3925855	5364	1
MAXED_1045_Day_A	210	Picture	stage1_box	3925905	0	1	7550	1	0	next	other	0
MAXED_1045_Day_A	211	Picture	stage1_outcome	3933455	0	1	167	1	0	next	other	0
MAXED_1045_Day_A	212	Picture	stage2A	3933622	0	1	6995	1	0	next	false_alarm	504
MAXED_1045_Day_A	212	Pulse	99	3940000	6378	NA
MAXED_1045_Day_A	212	Response	2	3940567	6945	1
MAXED_1045_Day_A	213	Picture	stage2_box	3940617	0	1	7550	1	0	next	other	0
MAXED_1045_Day_A	214	Picture	stage2_up	3948167	0	1	7551	1	0	next	other	0
MAXED_1045_Day_A	215	Picture	stage2_lose	3955717	0	1	10051	1	0	next	other	0
MAXED_1045_Day_A	215	Pulse	99	3960000	4283	NA
MAXED_1045_Day_A	216	Picture	stage1	3965769	0	1	4149	1	0	next	false_alarm	510
MAXED_1045_Day_A	216	Response	2	3969868	4099	1
MAXED_1045_Day_A	217	Picture	stage1_box	3969918	0	1	7672	1	0	next	other	0
MAXED_1045_Day_A	218	Picture	stage1_outcome	3977590	0	1	167	1	0	next	other	0
MAXED_1045_Day_A	219	Picture	stage2B	3977757	0	1	5677	1	0	next	false_alarm	515
MAXED_1045_Day_A	219	Pulse	99	3980000	2243	NA
MAXED_1045_Day_A	219	Response	1	3983384	5627	1
MAXED_1045_Day_A	220	Picture	stage2_box	3983434	0	1	7633	1	0	next	other	0
MAXED_1045_Day_A	221	Picture	stage2_up	3991067	0	1	7550	1	0	next	other	0
MAXED_1045_Day_A	222	Picture	stage2_lose	3998617	0	1	10052	1	0	next	other	0
MAXED_1045_Day_A	222	Pulse	99	4000000	1383	NA
MAXED_1045_Day_A	223	Pulse	99	4020000	11331	NA
MAXED_1045_Day_A	223	Response	2	4033960	25291	1
MAXED_1045_Day_A	223	Pulse	99	4040000	31331	NA
MAXED_1045_Day_A	223	Response	1	4050458	41789	1
MAXED_1045_Day_A	223	Pulse	99	4060000	51331	NA
MAXED_1045_Day_A	223	Pulse	99	4080000	71331	NA
MAXED_1045_Day_A	223	Pulse	99	4100000	91331	NA
MAXED_1045_Day_A	223	Pulse	99	4120000	111331	NA
MAXED_1045_Day_A	223	Pulse	99	4140000	131331	NA
MAXED_1045_Day_A	223	Pulse	99	4160000	151331	NA
MAXED_1045_Day_A	223	Pulse	99	4180000	171331	NA
MAXED_1045_Day_A	223	Pulse	99	4200000	191331	NA
MAXED_1045_Day_A	223	Pulse	99	4220000	211331	NA
MAXED_1045_Day_A	223	Pulse	99	4240000	231331	NA
MAXED_1045_Day_A	223	Pulse	99	4260000	251331	NA
MAXED_1045_Day_A	223	Pulse	99	4280000	271331	NA
MAXED_1045_Day_A	223	Pulse	99	4300000	291331	NA
MAXED_1045_Day_A	223	Pulse	99	4320000	311331	NA
MAXED_1045_Day_A	223	Pulse	99	4340000	331331	NA
MAXED_1045_Day_A	223	Pulse	99	4360000	351331	NA
MAXED_1045_Day_A	223	Pulse	99	4380000	371331	NA
MAXED_1045_Day_A	223	Pulse	99	4400000	391331	NA
MAXED_1045_Day_A	223	Pulse	99	4420000	411331	NA
MAXED_1045_Day_A	223	Pulse	99	4440000	431331	NA
MAXED_1045_Day_A	223	Pulse	99	4460000	451331	NA
MAXED_1045_Day_A	223	Pulse	99	4480000	471331	NA
MAXED_1045_Day_A	223	Pulse	99	4500000	491331	NA
MAXED_1045_Day_A	223	Pulse	99	4520000	511331	NA
MAXED_1045_Day_A	223	Pulse	99	4540000	531331	NA
MAXED_1045_Day_A	223	Pulse	99	4560000	551331	NA
MAXED_1045_Day_A	223	Pulse	99	4580000	571331	NA
MAXED_1045_Day_A	223	Pulse	99	4600000	591331	NA
MAXED_1045_Day_A	223	Pulse	99	4620000	611331	NA
MAXED_1045_Day_A	223	Pulse	99	4640000	631331	NA
MAXED_1045_Day_A	223	Pulse	99	4660000	651331	NA
MAXED_1045_Day_A	223	Pulse	99	4680000	671331	NA
MAXED_1045_Day_A	223	Pulse	99	4700000	691331	NA
MAXED_1045_Day_A	223	Pulse	99	4720000	711331	NA
MAXED_1045_Day_A	223	Pulse	99	4740000	731331	NA
MAXED_1045_Day_A	223	Pulse	99	4760000	751331	NA
MAXED_1045_Day_A	223	Pulse	99	4780000	771331	NA
MAXED_1045_Day_A	223	Pulse	99	4800000	791331	NA
MAXED_1045_Day_A	223	Pulse	99	4820000	811331	NA
MAXED_1045_Day_A	223	Pulse	99	4840000	831331	NA
MAXED_1045_Day_A	223	Pulse	99	4860000	851331	NA
MAXED_1045_Day_A	223	Pulse	99	4880000	871331	NA
MAXED_1045_Day_A	223	Pulse	99	4900000	891331	NA
MAXED_1045_Day_A	223	Pulse	99	4920000	911331	NA
MAXED_1045_Day_A	223	Pulse	99	4940000	931331	NA
MAXED_1045_Day_A	223	Pulse	99	4960000	951331	NA
MAXED_1045_Day_A	223	Pulse	99	4980000	971331	NA
MAXED_1045_Day_A	223	Pulse	99	5000000	991331	NA
MAXED_1045_Day_A	223	Pulse	99	5020000	1011331	NA
MAXED_1045_Day_A	223	Pulse	99	5040000	1031331	NA
MAXED_1045_Day_A	223	Pulse	99	5060000	1051331	NA
MAXED_1045_Day_A	223	Pulse	99	5080000	1071331	NA
MAXED_1045_Day_A	223	Pulse	99	5100000	1091331	NA
MAXED_1045_Day_A	223	Pulse	99	5120000	1111331	NA
MAXED_1045_Day_A	223	Pulse	99	5140000	1131331	NA
MAXED_1045_Day_A	223	Pulse	99	5160000	1151331	NA
MAXED_1045_Day_A	223	Pulse	99	5180000	1171331	NA
MAXED_1045_Day_A	223	Pulse	99	5200000	1191331	NA
MAXED_1045_Day_A	223	Pulse	99	5220000	1211331	NA
MAXED_1045_Day_A	223	Pulse	99	5240000	1231331	NA
MAXED_1045_Day_A	223	Pulse	99	5260000	1251331	NA
MAXED_1045_Day_A	223	Pulse	99	5280000	1271331	NA
MAXED_1045_Day_A	223	Pulse	99	5300000	1291331	NA
MAXED_1045_Day_A	223	Pulse	99	5320000	1311331	NA
MAXED_1045_Day_A	223	Pulse	99	5340000	1331331	NA
MAXED_1045_Day_A	223	Pulse	99	5360000	1351331	NA
MAXED_1045_Day_A	223	Pulse	99	5380000	1371331	NA
MAXED_1045_Day_A	223	Pulse	99	5400000	1391331	NA
MAXED_1045_Day_A	223	Pulse	99	5420000	1411331	NA
MAXED_1045_Day_A	223	Pulse	99	5440000	1431331	NA
MAXED_1045_Day_A	223	Pulse	99	5460000	1451331	NA
MAXED_1045_Day_A	223	Pulse	99	5480000	1471331	NA
MAXED_1045_Day_A	223	Pulse	99	5500000	1491331	NA
MAXED_1045_Day_A	223	Pulse	99	5520000	1511331	NA
MAXED_1045_Day_A	223	Pulse	99	5540000	1531331	NA
MAXED_1045_Day_A	223	Pulse	99	5560000	1551331	NA
MAXED_1045_Day_A	223	Pulse	99	5580000	1571331	NA
MAXED_1045_Day_A	223	Pulse	99	5600000	1591331	NA
MAXED_1045_Day_A	223	Pulse	99	5620000	1611331	NA
MAXED_1045_Day_A	223	Pulse	99	5640000	1631331	NA
MAXED_1045_Day_A	223	Pulse	99	5660000	1651331	NA
MAXED_1045_Day_A	223	Pulse	99	5680000	1671331	NA
MAXED_1045_Day_A	223	Pulse	99	5700000	1691331	NA
MAXED_1045_Day_A	223	Pulse	99	5720000	1711331	NA
MAXED_1045_Day_A	223	Pulse	99	5740000	1731331	NA
MAXED_1045_Day_A	223	Pulse	99	5760000	1751331	NA
MAXED_1045_Day_A	223	Pulse	99	5780000	1771331	NA
MAXED_1045_Day_A	223	Pulse	99	5800000	1791331	NA
MAXED_1045_Day_A	223	Pulse	99	5820000	1811331	NA
MAXED_1045_Day_A	223	Pulse	99	5840000	1831331	NA
MAXED_1045_Day_A	223	Pulse	99	5860000	1851331	NA
MAXED_1045_Day_A	223	Pulse	99	5880000	1871331	NA
MAXED_1045_Day_A	223	Pulse	99	5900000	1891331	NA
MAXED_1045_Day_A	223	Pulse	99	5920000	1911331	NA
MAXED_1045_Day_A	223	Pulse	99	5940000	1931331	NA
MAXED_1045_Day_A	223	Pulse	99	5960000	1951331	NA
MAXED_1045_Day_A	223	Pulse	99	5980000	1971331	NA
MAXED_1045_Day_A	223	Pulse	99	6000000	1991331	NA
MAXED_1045_Day_A	223	Pulse	99	6020000	2011331	NA
MAXED_1045_Day_A	223	Pulse	99	6040000	2031331	NA
MAXED_1045_Day_A	223	Pulse	99	6060000	2051331	NA
MAXED_1045_Day_A	223	Pulse	99	6080000	2071331	NA
MAXED_1045_Day_A	223	Pulse	99	6100000	2091331	NA
MAXED_1045_Day_A	223	Pulse	99	6120000	2111331	NA
MAXED_1045_Day_A	223	Pulse	99	6140000	2131331	NA
MAXED_1045_Day_A	223	Pulse	99	6160000	2151331	NA
MAXED_1045_Day_A	223	Pulse	99	6180000	2171331	NA
MAXED_1045_Day_A	223	Pulse	99	6200000	2191331	NA
MAXED_1045_Day_A	223	Pulse	99	6220000	2211331	NA
MAXED_1045_Day_A	223	Pulse	99	6240000	2231331	NA
MAXED_1045_Day_A	223	Pulse	99	6260000	2251331	NA
MAXED_1045_Day_A	223	Pulse	99	6280000	2271331	NA
MAXED_1045_Day_A	223	Pulse	99	6300000	2291331	NA
MAXED_1045_Day_A	223	Pulse	99	6320000	2311331	NA
MAXED_1045_Day_A	223	Pulse	99	6340000	2331331	NA
MAXED_1045_Day_A	223	Pulse	99	6360000	2351331	NA
MAXED_1045_Day_A	223	Pulse	99	6380000	2371331	NA
MAXED_1045_Day_A	223	Pulse	99	6400000	2391331	NA
MAXED_1045_Day_A	223	Pulse	99	6420000	2411331	NA
MAXED_1045_Day_A	223	Pulse	99	6440000	2431331	NA
MAXED_1045_Day_A	223	Pulse	99	6460000	2451331	NA
MAXED_1045_Day_A	223	Pulse	99	6480000	2471331	NA
MAXED_1045_Day_A	223	Pulse	99	6500000	2491331	NA
MAXED_1045_Day_A	223	Pulse	99	6520000	2511331	NA
MAXED_1045_Day_A	223	Pulse	99	6540000	2531331	NA
MAXED_1045_Day_A	223	Pulse	99	6560000	2551331	NA
MAXED_1045_Day_A	223	Pulse	99	6580000	2571331	NA
MAXED_1045_Day_A	223	Pulse	99	6600000	2591331	NA
MAXED_1045_Day_A	223	Pulse	99	6620000	2611331	NA
MAXED_1045_Day_A	223	Pulse	99	6640000	2631331	NA
MAXED_1045_Day_A	223	Pulse	99	6660000	2651331	NA
MAXED_1045_Day_A	223	Pulse	99	6680000	2671331	NA
MAXED_1045_Day_A	223	Pulse	99	6700000	2691331	NA
MAXED_1045_Day_A	223	Pulse	99	6720000	2711331	NA
MAXED_1045_Day_A	223	Pulse	99	6740000	2731331	NA
MAXED_1045_Day_A	223	Pulse	99	6760000	2751331	NA
MAXED_1045_Day_A	223	Pulse	99	6780000	2771331	NA
MAXED_1045_Day_A	223	Pulse	99	6800000	2791331	NA
MAXED_1045_Day_A	223	Pulse	99	6820000	2811331	NA
MAXED_1045_Day_A	223	Pulse	99	6840000	2831331	NA
MAXED_1045_Day_A	223	Pulse	99	6860000	2851331	NA
MAXED_1045_Day_A	223	Pulse	99	6880000	2871331	NA
MAXED_1045_Day_A	223	Pulse	99	6900000	2891331	NA
MAXED_1045_Day_A	223	Pulse	99	6920000	2911331	NA
MAXED_1045_Day_A	223	Pulse	99	6940000	2931331	NA
MAXED_1045_Day_A	223	Pulse	99	6960000	2951331	NA
MAXED_1045_Day_A	223	Pulse	99	6980000	2971331	NA
MAXED_1045_Day_A	223	Pulse	99	7000000	2991331	NA
MAXED_1045_Day_A	223	Pulse	99	7020000	3011331	NA
MAXED_1045_Day_A	223	Pulse	99	7040000	3031331	NA
MAXED_1045_Day_A	223	Pulse	99	7060000	3051331	NA
MAXED_1045_Day_A	223	Pulse	99	7080000	3071331	NA
MAXED_1045_Day_A	223	Pulse	99	7100000	3091331	NA
MAXED_1045_Day_A	223	Pulse	99	7120000	3111331	NA
MAXED_1045_Day_A	223	Pulse	99	7140000	3131331	NA
MAXED_1045_Day_A	223	Pulse	99	7160000	3151331	NA
MAXED_1045_Day_A	223	Pulse	99	7180000	3171331	NA
MAXED_1045_Day_A	223	Pulse	99	7200000	3191331	NA
MAXED_1045_Day_A	223	Pulse	99	7220000	3211331	NA
MAXED_1045_Day_A	223	Pulse	99	7240000	3231331	NA
MAXED_1045_Day_A	223	Pulse	99	7260000	3251331	NA
MAXED_1045_Day_A	223	Pulse	99	7280000	3271331	NA
MAXED_1045_Day_A	223	Pulse	99	7300000	3291331	NA
MAXED_1045_Day_A	223	Pulse	99	7320000	3311331	NA
MAXED_1045_Day_A	223	Pulse	99	7340000	3331331	NA
MAXED_1045_Day_A	223	Pulse	99	7360000	3351331	NA
MAXED_1045_Day_A	223	Pulse	99	7380000	3371331	NA
MAXED_1045_Day_A	223	Pulse	99	7400000	3391331	NA
MAXED_1045_Day_A	223	Pulse	99	7420000	3411331	NA
MAXED_1045_Day_A	223	Pulse	99	7440000	3431331	NA
MAXED_1045_Day_A	223	Pulse	99	7460000	3451331	NA
MAXED_1045_Day_A	223	Pulse	99	7480000	3471331	NA
MAXED_1045_Day_A	223	Pulse	99	7500000	3491331	NA
MAXED_1045_Day_A	223	Pulse	99	7520000	3511331	NA
MAXED_1045_Day_A	223	Pulse	99	7540000	3531331	NA
MAXED_1045_Day_A	223	Pulse	99	7560000	3551331	NA
MAXED_1045_Day_A	223	Pulse	99	7580000	3571331	NA
MAXED_1045_Day_A	223	Pulse	99	7600000	3591331	NA
MAXED_1045_Day_A	223	Pulse	99	7620000	3611331	NA
MAXED_1045_Day_A	223	Pulse	99	7640000	3631331	NA
MAXED_1045_Day_A	223	Pulse	99	7660000	3651331	NA
MAXED_1045_Day_A	223	Quit		7666665	3657996	NA
