Scenario - 
Logfile written - 03/01/2022 17:16:09

Subject	Trial	Event Type	Code	Time	TTime	Uncertainty	Duration	Uncertainty	ReqTime	ReqDur	Stim Type	Pair Index

MAXED_1022	0	Pulse	99	0	0	NA
MAXED_1022	1	Picture	instructions_1	166	0	1	159334	1	0	next	false_alarm	10
MAXED_1022	1	Pulse	99	20000	19834	NA
MAXED_1022	1	Pulse	99	40000	39834	NA
MAXED_1022	1	Pulse	99	60000	59834	NA
MAXED_1022	1	Pulse	99	80000	79834	NA
MAXED_1022	1	Pulse	99	100000	99834	NA
MAXED_1022	1	Pulse	99	120000	119834	NA
MAXED_1022	1	Pulse	99	140000	139834	NA
MAXED_1022	1	Response	88	159345	159179	1
MAXED_1022	2	Picture	instructions_2	159500	0	1	180834	1	0	next	false_alarm	22
MAXED_1022	2	Pulse	99	160000	500	NA
MAXED_1022	2	Pulse	99	180000	20500	NA
MAXED_1022	2	Pulse	99	200000	40500	NA
MAXED_1022	2	Pulse	99	220000	60500	NA
MAXED_1022	2	Pulse	99	240000	80500	NA
MAXED_1022	2	Pulse	99	260000	100500	NA
MAXED_1022	2	Pulse	99	280000	120500	NA
MAXED_1022	2	Pulse	99	300000	140500	NA
MAXED_1022	2	Pulse	99	320000	160500	NA
MAXED_1022	2	Pulse	99	340000	180500	NA
MAXED_1022	2	Response	88	340226	180726	1
MAXED_1022	3	Picture	instructions_3	340334	0	1	100667	1	0	next	false_alarm	29
MAXED_1022	3	Pulse	99	360000	19666	NA
MAXED_1022	3	Pulse	99	380000	39666	NA
MAXED_1022	3	Pulse	99	400000	59666	NA
MAXED_1022	3	Pulse	99	420000	79666	NA
MAXED_1022	3	Pulse	99	440000	99666	NA
MAXED_1022	3	Response	88	440866	100532	1
MAXED_1022	4	Picture	instructions_4	441001	0	1	140167	1	0	next	false_alarm	38
MAXED_1022	4	Pulse	99	460000	18999	NA
MAXED_1022	4	Pulse	99	480000	38999	NA
MAXED_1022	4	Pulse	99	500000	58999	NA
MAXED_1022	4	Pulse	99	520000	78999	NA
MAXED_1022	4	Pulse	99	540000	98999	NA
MAXED_1022	4	Pulse	99	560000	118999	NA
MAXED_1022	4	Pulse	99	580000	138999	NA
MAXED_1022	4	Response	88	581106	140105	1
MAXED_1022	5	Picture	instructions_5	581168	0	1	68334	1	0	next	false_alarm	43
MAXED_1022	5	Pulse	99	600000	18832	NA
MAXED_1022	5	Pulse	99	620000	38832	NA
MAXED_1022	5	Pulse	99	640000	58832	NA
MAXED_1022	5	Response	88	649426	68258	1
MAXED_1022	6	Picture	instructions_6	649502	0	1	109834	1	0	next	false_alarm	50
MAXED_1022	6	Pulse	99	660000	10499	NA
MAXED_1022	6	Pulse	99	680000	30499	NA
MAXED_1022	6	Pulse	99	700000	50499	NA
MAXED_1022	6	Pulse	99	720000	70499	NA
MAXED_1022	6	Pulse	99	740000	90499	NA
MAXED_1022	6	Response	88	759267	109765	1
MAXED_1022	7	Picture	instructions_7	759335	0	1	159000	1	0	next	false_alarm	60
MAXED_1022	7	Pulse	99	760000	665	NA
MAXED_1022	7	Pulse	99	780000	20665	NA
MAXED_1022	7	Pulse	99	800000	40665	NA
MAXED_1022	7	Pulse	99	820000	60665	NA
MAXED_1022	7	Pulse	99	840000	80665	NA
MAXED_1022	7	Pulse	99	860000	100665	NA
MAXED_1022	7	Pulse	99	880000	120665	NA
MAXED_1022	7	Pulse	99	900000	140665	NA
MAXED_1022	7	Response	88	918227	158891	1
MAXED_1022	8	Picture	instructions_8	918336	0	1	86834	1	0	next	false_alarm	67
MAXED_1022	8	Pulse	99	920000	1664	NA
MAXED_1022	8	Pulse	99	940000	21664	NA
MAXED_1022	8	Pulse	99	960000	41664	NA
MAXED_1022	8	Pulse	99	980000	61664	NA
MAXED_1022	8	Pulse	99	1000000	81664	NA
MAXED_1022	8	Response	88	1005107	86771	1
MAXED_1022	9	Picture	instructions_9	1005169	0	1	242334	1	0	next	false_alarm	81
MAXED_1022	9	Pulse	99	1020000	14831	NA
MAXED_1022	9	Pulse	99	1040000	34831	NA
MAXED_1022	9	Pulse	99	1060000	54831	NA
MAXED_1022	9	Pulse	99	1080000	74831	NA
MAXED_1022	9	Pulse	99	1100000	94831	NA
MAXED_1022	9	Pulse	99	1120000	114831	NA
MAXED_1022	9	Pulse	99	1140000	134831	NA
MAXED_1022	9	Pulse	99	1160000	154831	NA
MAXED_1022	9	Pulse	99	1180000	174831	NA
MAXED_1022	9	Pulse	99	1200000	194831	NA
MAXED_1022	9	Pulse	99	1220000	214831	NA
MAXED_1022	9	Pulse	99	1240000	234831	NA
MAXED_1022	9	Response	88	1247427	242258	1
MAXED_1022	10	Picture	instructions_10	1247503	0	1	176667	1	0	next	false_alarm	92
MAXED_1022	10	Pulse	99	1260000	12497	NA
MAXED_1022	10	Pulse	99	1280000	32497	NA
MAXED_1022	10	Pulse	99	1300000	52497	NA
MAXED_1022	10	Pulse	99	1320000	72497	NA
MAXED_1022	10	Pulse	99	1340000	92497	NA
MAXED_1022	10	Pulse	99	1360000	112497	NA
MAXED_1022	10	Pulse	99	1380000	132497	NA
MAXED_1022	10	Pulse	99	1400000	152497	NA
MAXED_1022	10	Pulse	99	1420000	172497	NA
MAXED_1022	10	Response	88	1424067	176564	1
MAXED_1022	11	Picture	instructions_11	1424170	0	1	130500	1	0	next	false_alarm	100
MAXED_1022	11	Pulse	99	1440000	15830	NA
MAXED_1022	11	Pulse	99	1460000	35830	NA
MAXED_1022	11	Pulse	99	1480000	55830	NA
MAXED_1022	11	Pulse	99	1500000	75830	NA
MAXED_1022	11	Pulse	99	1520000	95830	NA
MAXED_1022	11	Pulse	99	1540000	115830	NA
MAXED_1022	11	Response	88	1554468	130298	1
MAXED_1022	12	Picture	instructions_12	1554671	0	1	28667	1	0	next	false_alarm	104
MAXED_1022	12	Pulse	99	1560000	5329	NA
MAXED_1022	12	Pulse	99	1580000	25329	NA
MAXED_1022	12	Response	88	1583267	28597	1
MAXED_1022	13	Picture	instructions_13	1583337	0	1	64000	1	0	next	false_alarm	109
MAXED_1022	13	Pulse	99	1600000	16663	NA
MAXED_1022	13	Pulse	99	1620000	36663	NA
MAXED_1022	13	Pulse	99	1640000	56663	NA
MAXED_1022	13	Response	88	1647268	63930	1
MAXED_1022	14	Picture	fixation	1647337	0	1	5167	1	0	next	other	0
MAXED_1022	15	Picture	stage1	1652504	0	1	84334	1	0	next	false_alarm	116
MAXED_1022	15	Pulse	99	1660000	7496	NA
MAXED_1022	15	Pulse	99	1680000	27496	NA
MAXED_1022	15	Pulse	99	1700000	47496	NA
MAXED_1022	15	Pulse	99	1720000	67496	NA
MAXED_1022	15	Response	1	1736708	84203	1
MAXED_1022	16	Picture	stage1_box	1736838	0	1	7667	1	0	next	other	0
MAXED_1022	16	Pulse	99	1740000	3162	NA
MAXED_1022	17	Picture	stage1_outcome	1744504	0	1	167	1	0	next	other	0
MAXED_1022	18	Picture	stage2A	1744671	0	1	37667	1	0	next	false_alarm	123
MAXED_1022	18	Pulse	99	1760000	15329	NA
MAXED_1022	18	Pulse	99	1780000	35329	NA
MAXED_1022	18	Response	1	1782148	37477	1
MAXED_1022	19	Picture	stage2_box	1782338	0	1	7667	1	0	next	other	0
MAXED_1022	20	Picture	stage2_up	1790004	0	1	7667	1	0	next	other	0
MAXED_1022	21	Picture	stage2_lose	1797671	0	1	10167	1	0	next	other	0
MAXED_1022	21	Pulse	99	1800000	2329	NA
MAXED_1022	22	Picture	stage1	1807838	0	1	26833	1	0	next	false_alarm	130
MAXED_1022	22	Pulse	99	1820000	12162	NA
MAXED_1022	22	Response	1	1834628	26790	1
MAXED_1022	23	Picture	stage1_box	1834671	0	1	7667	1	0	next	other	0
MAXED_1022	23	Pulse	99	1840000	5329	NA
MAXED_1022	24	Picture	stage1_outcome	1842338	0	1	167	1	0	next	other	0
MAXED_1022	25	Picture	stage2A	1842505	0	1	21000	1	0	next	false_alarm	136
MAXED_1022	25	Pulse	99	1860000	17495	NA
MAXED_1022	25	Response	2	1863428	20924	1
MAXED_1022	26	Picture	stage2_box	1863505	0	1	7667	1	0	next	other	0
MAXED_1022	27	Picture	stage2_up	1871171	0	1	7667	1	0	next	other	0
MAXED_1022	28	Picture	stage2_win	1878838	0	1	10167	1	0	next	other	0
MAXED_1022	28	Pulse	99	1880000	1162	NA
MAXED_1022	29	Picture	stage1	1889005	0	1	19167	1	0	next	false_alarm	143
MAXED_1022	29	Pulse	99	1900000	10995	NA
MAXED_1022	29	Response	2	1907988	18983	1
MAXED_1022	30	Picture	stage1_box	1908171	0	1	7667	1	0	next	other	0
MAXED_1022	31	Picture	stage1_outcome	1915838	0	1	167	1	0	next	other	0
MAXED_1022	32	Picture	stage2A	1916005	0	1	20500	1	0	next	false_alarm	148
MAXED_1022	32	Pulse	99	1920000	3995	NA
MAXED_1022	32	Response	2	1936387	20383	1
MAXED_1022	33	Picture	stage2_box	1936505	0	1	7667	1	0	next	other	0
MAXED_1022	33	Pulse	99	1940000	3495	NA
MAXED_1022	34	Picture	stage2_up	1944172	0	1	7667	1	0	next	other	0
MAXED_1022	35	Picture	stage2_win	1951838	0	1	10167	1	0	next	other	0
MAXED_1022	35	Pulse	99	1960000	8162	NA
MAXED_1022	36	Picture	stage1	1962005	0	1	12667	1	0	next	false_alarm	155
MAXED_1022	36	Response	2	1974627	12622	1
MAXED_1022	37	Picture	stage1_box	1974672	0	1	7667	1	0	next	other	0
MAXED_1022	37	Pulse	99	1980000	5328	NA
MAXED_1022	38	Picture	stage1_outcome	1982338	0	1	167	1	0	next	other	0
MAXED_1022	39	Picture	stage2B	1982505	0	1	40833	1	0	next	false_alarm	162
MAXED_1022	39	Pulse	99	2000000	17495	NA
MAXED_1022	39	Pulse	99	2020000	37495	NA
MAXED_1022	39	Response	1	2023267	40762	1
MAXED_1022	40	Picture	stage2_box	2023338	0	1	7667	1	0	next	other	0
MAXED_1022	41	Picture	stage2_up	2031005	0	1	7667	1	0	next	other	0
MAXED_1022	42	Picture	stage2_win	2038672	0	1	10167	1	0	next	other	0
MAXED_1022	42	Pulse	99	2040000	1328	NA
MAXED_1022	43	Picture	stage1	2048839	0	1	16167	1	0	next	false_alarm	169
MAXED_1022	43	Pulse	99	2060000	11161	NA
MAXED_1022	43	Response	2	2064947	16109	1
MAXED_1022	44	Picture	stage1_box	2065005	0	1	7667	1	0	next	other	0
MAXED_1022	45	Picture	stage1_outcome	2072672	0	1	167	1	0	next	other	0
MAXED_1022	46	Picture	stage2B	2072839	0	1	13333	1	0	next	false_alarm	174
MAXED_1022	46	Pulse	99	2080000	7161	NA
MAXED_1022	46	Response	1	2086067	13229	1
MAXED_1022	47	Picture	stage2_box	2086172	0	1	7667	1	0	next	other	0
MAXED_1022	48	Picture	stage2_up	2093839	0	1	7667	1	0	next	other	0
MAXED_1022	48	Pulse	99	2100000	6161	NA
MAXED_1022	49	Picture	stage2_win	2101505	0	1	10167	1	0	next	other	0
MAXED_1022	50	Picture	stage1	2111672	0	1	12667	1	0	next	false_alarm	181
MAXED_1022	50	Pulse	99	2120000	8328	NA
MAXED_1022	50	Response	2	2124229	12557	1
MAXED_1022	51	Picture	stage1_box	2124339	0	1	7667	1	0	next	other	0
MAXED_1022	52	Picture	stage1_outcome	2132005	0	1	167	1	0	next	other	0
MAXED_1022	53	Picture	stage2B	2132172	0	1	20000	1	0	next	false_alarm	186
MAXED_1022	53	Pulse	99	2140000	7828	NA
MAXED_1022	53	Response	1	2152068	19896	1
MAXED_1022	54	Picture	stage2_box	2152172	0	1	7667	1	0	next	other	0
MAXED_1022	55	Picture	stage2_up	2159839	0	1	7667	1	0	next	other	0
MAXED_1022	55	Pulse	99	2160000	161	NA
MAXED_1022	56	Picture	stage2_lose	2167505	0	1	10167	1	0	next	other	0
MAXED_1022	57	Picture	stage1	2177672	0	1	9000	1	0	next	false_alarm	193
MAXED_1022	57	Pulse	99	2180000	2328	NA
MAXED_1022	57	Response	1	2186548	8876	1
MAXED_1022	58	Picture	stage1_box	2186672	0	1	7667	1	0	next	other	0
MAXED_1022	59	Picture	stage1_outcome	2194339	0	1	167	1	0	next	other	0
MAXED_1022	60	Picture	stage2A	2194506	0	1	21000	1	0	next	false_alarm	198
MAXED_1022	60	Pulse	99	2200000	5494	NA
MAXED_1022	60	Response	2	2215348	20843	1
MAXED_1022	61	Picture	stage2_box	2215506	0	1	7667	1	0	next	other	0
MAXED_1022	61	Pulse	99	2220000	4494	NA
MAXED_1022	62	Picture	stage2_up	2223172	0	1	7667	1	0	next	other	0
MAXED_1022	63	Picture	stage2_win	2230839	0	1	10167	1	0	next	other	0
MAXED_1022	63	Pulse	99	2240000	9161	NA
MAXED_1022	64	Picture	stage1	2241006	0	1	7500	1	0	next	false_alarm	205
MAXED_1022	64	Response	1	2248388	7383	1
MAXED_1022	65	Picture	stage1_box	2248506	0	1	7667	1	0	next	other	0
MAXED_1022	66	Picture	stage1_outcome	2256172	0	1	167	1	0	next	other	0
MAXED_1022	67	Picture	stage2A	2256339	0	1	18333	1	0	next	false_alarm	210
MAXED_1022	67	Pulse	99	2260000	3661	NA
MAXED_1022	67	Response	2	2274628	18289	1
MAXED_1022	68	Picture	stage2_box	2274672	0	1	7667	1	0	next	other	0
MAXED_1022	68	Pulse	99	2280000	5328	NA
MAXED_1022	69	Picture	stage2_up	2282339	0	1	7667	1	0	next	other	0
MAXED_1022	70	Picture	stage2_win	2290006	0	1	10167	1	0	next	other	0
MAXED_1022	70	Pulse	99	2300000	9994	NA
MAXED_1022	71	Picture	stage1	2300172	0	1	8667	1	0	next	false_alarm	217
MAXED_1022	71	Response	1	2308708	8536	1
MAXED_1022	72	Picture	stage1_box	2308839	0	1	7667	1	0	next	other	0
MAXED_1022	73	Picture	stage1_outcome	2316506	0	1	167	1	0	next	other	0
MAXED_1022	74	Picture	stage2A	2316673	0	1	14667	1	0	next	false_alarm	222
MAXED_1022	74	Pulse	99	2320000	3327	NA
MAXED_1022	74	Response	2	2331188	14516	1
MAXED_1022	75	Picture	stage2_box	2331339	0	1	7667	1	0	next	other	0
MAXED_1022	76	Picture	stage2_up	2339006	0	1	7667	1	0	next	other	0
MAXED_1022	76	Pulse	99	2340000	994	NA
MAXED_1022	77	Picture	stage2_win	2346673	0	1	10167	1	0	next	other	0
MAXED_1022	78	Picture	stage1	2356839	0	1	8667	1	0	next	false_alarm	229
MAXED_1022	78	Pulse	99	2360000	3161	NA
MAXED_1022	78	Response	1	2365348	8509	1
MAXED_1022	79	Picture	stage1_box	2365506	0	1	7667	1	0	next	other	0
MAXED_1022	80	Picture	stage1_outcome	2373173	0	1	167	1	0	next	other	0
MAXED_1022	81	Picture	stage2A	2373339	0	1	16167	1	0	next	false_alarm	234
MAXED_1022	81	Pulse	99	2380000	6661	NA
MAXED_1022	81	Response	2	2389348	16009	1
MAXED_1022	82	Picture	stage2_box	2389506	0	1	7667	1	0	next	other	0
MAXED_1022	83	Picture	stage2_up	2397173	0	1	7666	1	0	next	other	0
MAXED_1022	83	Pulse	99	2400000	2827	NA
MAXED_1022	84	Picture	stage2_win	2404839	0	1	10167	1	0	next	other	0
MAXED_1022	85	Picture	stage1	2415006	0	1	7833	1	0	next	false_alarm	241
MAXED_1022	85	Pulse	99	2420000	4994	NA
MAXED_1022	85	Response	1	2422709	7702	1
MAXED_1022	86	Picture	stage1_box	2422839	0	1	7667	1	0	next	other	0
MAXED_1022	87	Picture	stage1_outcome	2430506	0	1	167	1	0	next	other	0
MAXED_1022	88	Picture	stage2A	2430673	0	1	14667	1	0	next	false_alarm	246
MAXED_1022	88	Pulse	99	2440000	9327	NA
MAXED_1022	88	Response	2	2445269	14596	1
MAXED_1022	89	Picture	stage2_box	2445340	0	1	7667	1	0	next	other	0
MAXED_1022	90	Picture	stage2_up	2453006	0	1	7667	1	0	next	other	0
MAXED_1022	90	Pulse	99	2460000	6994	NA
MAXED_1022	91	Picture	stage2_win	2460673	0	1	10167	1	0	next	other	0
MAXED_1022	92	Picture	stage1	2470840	0	1	9833	1	0	next	false_alarm	253
MAXED_1022	92	Pulse	99	2480000	9160	NA
MAXED_1022	92	Response	1	2480549	9709	1
MAXED_1022	93	Picture	stage1_box	2480673	0	1	7667	1	0	next	other	0
MAXED_1022	94	Picture	stage1_outcome	2488340	0	1	167	1	0	next	other	0
MAXED_1022	95	Picture	stage2B	2488506	0	1	25167	1	0	next	false_alarm	258
MAXED_1022	95	Pulse	99	2500000	11494	NA
MAXED_1022	95	Response	2	2513589	25082	1
MAXED_1022	96	Picture	stage2_box	2513673	0	1	7667	1	0	next	other	0
MAXED_1022	96	Pulse	99	2520000	6327	NA
MAXED_1022	97	Picture	stage2_up	2521340	0	1	7667	1	0	next	other	0
MAXED_1022	98	Picture	stage2_win	2529006	0	1	10167	1	0	next	other	0
MAXED_1022	99	Picture	stage1	2539173	0	1	11167	1	0	next	false_alarm	265
MAXED_1022	99	Pulse	99	2540000	827	NA
MAXED_1022	99	Response	2	2550309	11136	1
MAXED_1022	100	Picture	stage1_box	2550340	0	1	7667	1	0	next	other	0
MAXED_1022	101	Picture	stage1_outcome	2558007	0	1	167	1	0	next	other	0
MAXED_1022	102	Picture	stage2B	2558173	0	1	14000	1	0	next	false_alarm	270
MAXED_1022	102	Pulse	99	2560000	1827	NA
MAXED_1022	102	Response	2	2571988	13815	1
MAXED_1022	103	Picture	stage2_box	2572173	0	1	7667	1	0	next	other	0
MAXED_1022	104	Picture	stage2_up	2579840	0	1	7667	1	0	next	other	0
MAXED_1022	104	Pulse	99	2580000	160	NA
MAXED_1022	105	Picture	stage2_lose	2587507	0	1	10167	1	0	next	other	0
MAXED_1022	106	Picture	stage1	2597673	0	1	7500	1	0	next	false_alarm	277
MAXED_1022	106	Pulse	99	2600000	2327	NA
MAXED_1022	106	Response	2	2605109	7436	1
MAXED_1022	107	Picture	stage1_box	2605173	0	1	7667	1	0	next	other	0
MAXED_1022	108	Picture	stage1_outcome	2612840	0	1	167	1	0	next	other	0
MAXED_1022	109	Picture	stage2B	2613007	0	1	12500	1	0	next	false_alarm	282
MAXED_1022	109	Pulse	99	2620000	6993	NA
MAXED_1022	109	Response	1	2625429	12422	1
MAXED_1022	110	Picture	stage2_box	2625507	0	1	7667	1	0	next	other	0
MAXED_1022	111	Picture	stage2_up	2633173	0	1	7667	1	0	next	other	0
MAXED_1022	111	Pulse	99	2640000	6827	NA
MAXED_1022	112	Picture	stage2_lose	2640840	0	1	10167	1	0	next	other	0
MAXED_1022	113	Picture	stage1	2651007	0	1	8167	1	0	next	false_alarm	288
MAXED_1022	113	Response	2	2659029	8022	1
MAXED_1022	114	Picture	stage1_box	2659173	0	1	7667	1	0	next	other	0
MAXED_1022	114	Pulse	99	2660000	827	NA
MAXED_1022	115	Picture	stage1_outcome	2666840	0	1	167	1	0	next	other	0
MAXED_1022	116	Picture	stage2B	2667007	0	1	9333	1	0	next	false_alarm	293
MAXED_1022	116	Response	2	2676149	9142	1
MAXED_1022	117	Picture	stage2_box	2676340	0	1	7667	1	0	next	other	0
MAXED_1022	117	Pulse	99	2680000	3660	NA
MAXED_1022	118	Picture	stage2_up	2684007	0	1	7667	1	0	next	other	0
MAXED_1022	119	Picture	stage2_lose	2691674	0	1	10167	1	0	next	other	0
MAXED_1022	119	Pulse	99	2700000	8326	NA
MAXED_1022	120	Picture	stage1	2701840	0	1	3833	1	0	next	false_alarm	300
MAXED_1022	120	Response	2	2705509	3669	1
MAXED_1022	121	Picture	stage1_box	2705674	0	1	7667	1	0	next	other	0
MAXED_1022	122	Picture	stage1_outcome	2713340	0	1	167	1	0	next	other	0
MAXED_1022	123	Picture	stage2B	2713507	0	1	14000	1	0	next	false_alarm	305
MAXED_1022	123	Pulse	99	2720000	6493	NA
MAXED_1022	123	Response	2	2727429	13922	1
MAXED_1022	124	Picture	stage2_box	2727507	0	1	7667	1	0	next	other	0
MAXED_1022	125	Picture	stage2_up	2735174	0	1	7667	1	0	next	other	0
MAXED_1022	125	Pulse	99	2740000	4826	NA
MAXED_1022	126	Picture	stage2_lose	2742840	0	1	10167	1	0	next	other	0
MAXED_1022	127	Picture	stage1	2753007	0	1	4500	1	0	next	false_alarm	311
MAXED_1022	127	Response	1	2757429	4422	1
MAXED_1022	128	Picture	stage1_box	2757507	0	1	7667	1	0	next	other	0
MAXED_1022	128	Pulse	99	2760000	2493	NA
MAXED_1022	129	Picture	stage1_outcome	2765174	0	1	167	1	0	next	other	0
MAXED_1022	130	Picture	stage2A	2765340	0	1	10500	1	0	next	false_alarm	316
MAXED_1022	130	Response	2	2775669	10329	1
MAXED_1022	131	Picture	stage2_box	2775840	0	1	7667	1	0	next	other	0
MAXED_1022	131	Pulse	99	2780000	4160	NA
MAXED_1022	132	Picture	stage2_up	2783507	0	1	7667	1	0	next	other	0
MAXED_1022	133	Picture	stage2_win	2791174	0	1	10167	1	0	next	other	0
MAXED_1022	133	Pulse	99	2800000	8826	NA
MAXED_1022	134	Picture	stage1	2801340	0	1	7667	1	0	next	false_alarm	323
MAXED_1022	134	Response	1	2808949	7608	1
MAXED_1022	135	Picture	stage1_box	2809007	0	1	7667	1	0	next	other	0
MAXED_1022	136	Picture	stage1_outcome	2816674	0	1	167	1	0	next	other	0
MAXED_1022	137	Picture	stage2B	2816841	0	1	15167	1	0	next	false_alarm	328
MAXED_1022	137	Pulse	99	2820000	3159	NA
MAXED_1022	137	Response	2	2831909	15068	1
MAXED_1022	138	Picture	stage2_box	2832007	0	1	7667	1	0	next	other	0
MAXED_1022	139	Picture	stage2_up	2839674	0	1	7667	1	0	next	other	0
MAXED_1022	139	Pulse	99	2840000	326	NA
MAXED_1022	140	Picture	stage2_lose	2847341	0	1	10167	1	0	next	other	0
MAXED_1022	141	Picture	stage1	2857507	0	1	8000	1	0	next	false_alarm	335
MAXED_1022	141	Pulse	99	2860000	2493	NA
MAXED_1022	141	Response	1	2865349	7842	1
MAXED_1022	142	Picture	stage1_box	2865507	0	1	7667	1	0	next	other	0
MAXED_1022	143	Picture	stage1_outcome	2873174	0	1	167	1	0	next	other	0
MAXED_1022	144	Picture	stage2A	2873341	0	1	13000	1	0	next	false_alarm	340
MAXED_1022	144	Pulse	99	2880000	6659	NA
MAXED_1022	144	Response	2	2886230	12889	1
MAXED_1022	145	Picture	stage2_box	2886341	0	1	7667	1	0	next	other	0
MAXED_1022	146	Picture	stage2_up	2894007	0	1	7667	1	0	next	other	0
MAXED_1022	146	Pulse	99	2900000	5993	NA
MAXED_1022	147	Picture	stage2_win	2901674	0	1	10167	1	0	next	other	0
MAXED_1022	148	Picture	stage1	2911841	0	1	9167	1	0	next	false_alarm	347
MAXED_1022	148	Pulse	99	2920000	8159	NA
MAXED_1022	148	Response	1	2920949	9108	1
MAXED_1022	149	Picture	stage1_box	2921007	0	1	7667	1	0	next	other	0
MAXED_1022	150	Picture	stage1_outcome	2928674	0	1	167	1	0	next	other	0
MAXED_1022	151	Picture	stage2A	2928841	0	1	13000	1	0	next	false_alarm	352
MAXED_1022	151	Pulse	99	2940000	11159	NA
MAXED_1022	151	Response	2	2941749	12908	1
MAXED_1022	152	Picture	stage2_box	2941841	0	1	7667	1	0	next	other	0
MAXED_1022	153	Picture	stage2_up	2949508	0	1	7667	1	0	next	other	0
MAXED_1022	154	Picture	stage2_lose	2957174	0	1	10167	1	0	next	other	0
MAXED_1022	154	Pulse	99	2960000	2826	NA
MAXED_1022	155	Picture	stage1	2967341	0	1	7667	1	0	next	false_alarm	358
MAXED_1022	155	Response	2	2974949	7608	1
MAXED_1022	156	Picture	stage1_box	2975008	0	1	7667	1	0	next	other	0
MAXED_1022	156	Pulse	99	2980000	4992	NA
MAXED_1022	157	Picture	stage1_outcome	2982674	0	1	167	1	0	next	other	0
MAXED_1022	158	Picture	stage2A	2982841	0	1	16167	1	0	next	false_alarm	363
MAXED_1022	158	Response	1	2998870	16029	1
MAXED_1022	159	Picture	stage2_box	2999008	0	1	7667	1	0	next	other	0
MAXED_1022	159	Pulse	99	3000000	992	NA
MAXED_1022	160	Picture	stage2_up	3006674	0	1	7667	1	0	next	other	0
MAXED_1022	161	Picture	stage2_win	3014341	0	1	10167	1	0	next	other	0
MAXED_1022	161	Pulse	99	3020000	5659	NA
MAXED_1022	162	Picture	stage1	3024508	0	1	7500	1	0	next	false_alarm	370
MAXED_1022	162	Response	2	3031829	7322	1
MAXED_1022	163	Picture	stage1_box	3032008	0	1	7667	1	0	next	other	0
MAXED_1022	164	Picture	stage1_outcome	3039674	0	1	167	1	0	next	other	0
MAXED_1022	165	Picture	stage2B	3039841	0	1	16333	1	0	next	false_alarm	375
MAXED_1022	165	Pulse	99	3040000	159	NA
MAXED_1022	165	Response	1	3055989	16148	1
MAXED_1022	166	Picture	stage2_box	3056174	0	1	7667	1	0	next	other	0
MAXED_1022	166	Pulse	99	3060000	3826	NA
MAXED_1022	167	Picture	stage2_up	3063841	0	1	7667	1	0	next	other	0
MAXED_1022	168	Picture	stage2_lose	3071508	0	1	10167	1	0	next	other	0
MAXED_1022	168	Pulse	99	3080000	8492	NA
MAXED_1022	169	Picture	stage1	3081675	0	1	6000	1	0	next	false_alarm	382
MAXED_1022	169	Response	2	3087589	5915	1
MAXED_1022	170	Picture	stage1_box	3087675	0	1	7667	1	0	next	other	0
MAXED_1022	171	Picture	stage1_outcome	3095341	0	1	167	1	0	next	other	0
MAXED_1022	172	Picture	stage2A	3095508	0	1	14500	1	0	next	false_alarm	387
MAXED_1022	172	Pulse	99	3100000	4492	NA
MAXED_1022	172	Response	1	3109909	14401	1
MAXED_1022	173	Picture	stage2_box	3110008	0	1	7667	1	0	next	other	0
MAXED_1022	174	Picture	stage2_up	3117675	0	1	7667	1	0	next	other	0
MAXED_1022	174	Pulse	99	3120000	2325	NA
MAXED_1022	175	Picture	stage2_lose	3125341	0	1	10167	1	0	next	other	0
MAXED_1022	176	Picture	stage1	3135508	0	1	6000	1	0	next	false_alarm	394
MAXED_1022	176	Pulse	99	3140000	4492	NA
MAXED_1022	176	Response	2	3141349	5841	1
MAXED_1022	177	Picture	stage1_box	3141508	0	1	7667	1	0	next	other	0
MAXED_1022	178	Picture	stage1_outcome	3149175	0	1	167	1	0	next	other	0
MAXED_1022	179	Picture	stage2B	3149341	0	1	14833	1	0	next	false_alarm	399
MAXED_1022	179	Pulse	99	3160000	10659	NA
MAXED_1022	179	Response	2	3164070	14728	1
MAXED_1022	180	Picture	stage2_box	3164175	0	1	7667	1	0	next	other	0
MAXED_1022	181	Picture	stage2_up	3171841	0	1	7667	1	0	next	other	0
MAXED_1022	182	Picture	stage2_win	3179508	0	1	10167	1	0	next	other	0
MAXED_1022	182	Pulse	99	3180000	492	NA
MAXED_1022	183	Picture	stage1	3189675	0	1	11167	1	0	next	false_alarm	406
MAXED_1022	183	Pulse	99	3200000	10325	NA
MAXED_1022	183	Response	2	3200710	11035	1
MAXED_1022	184	Picture	stage1_box	3200842	0	1	7667	1	0	next	other	0
MAXED_1022	185	Picture	stage1_outcome	3208508	0	1	167	1	0	next	other	0
MAXED_1022	186	Picture	stage2B	3208675	0	1	11833	1	0	next	false_alarm	411
MAXED_1022	186	Pulse	99	3220000	11325	NA
MAXED_1022	186	Response	2	3220470	11795	1
MAXED_1022	187	Picture	stage2_box	3220508	0	1	7667	1	0	next	other	0
MAXED_1022	188	Picture	stage2_up	3228175	0	1	7667	1	0	next	other	0
MAXED_1022	189	Picture	stage2_win	3235842	0	1	10167	1	0	next	other	0
MAXED_1022	189	Pulse	99	3240000	4158	NA
MAXED_1022	190	Picture	stage1	3246008	0	1	7667	1	0	next	false_alarm	417
MAXED_1022	190	Response	2	3253510	7501	1
MAXED_1022	191	Picture	stage1_box	3253675	0	1	7667	1	0	next	other	0
MAXED_1022	191	Pulse	99	3260000	6325	NA
MAXED_1022	192	Picture	stage1_outcome	3261342	0	1	167	1	0	next	other	0
MAXED_1022	193	Picture	stage2B	3261508	0	1	10833	1	0	next	false_alarm	422
MAXED_1022	193	Response	2	3272310	10801	1
MAXED_1022	194	Picture	stage2_box	3272342	0	1	7667	1	0	next	other	0
MAXED_1022	194	Pulse	99	3280000	7658	NA
MAXED_1022	195	Picture	stage2_up	3280008	0	1	7667	1	0	next	other	0
MAXED_1022	196	Picture	stage2_lose	3287675	0	1	10167	1	0	next	other	0
MAXED_1022	197	Picture	stage1	3297842	0	1	2833	1	0	next	false_alarm	429
MAXED_1022	197	Pulse	99	3300000	2158	NA
MAXED_1022	197	Response	1	3300550	2708	1
MAXED_1022	198	Picture	stage1_box	3300675	0	1	7667	1	0	next	other	0
MAXED_1022	199	Picture	stage1_outcome	3308342	0	1	167	1	0	next	other	0
MAXED_1022	200	Picture	stage2A	3308509	0	1	11500	1	0	next	false_alarm	433
MAXED_1022	200	Response	2	3319830	11321	1
MAXED_1022	200	Pulse	99	3320000	11492	NA
MAXED_1022	201	Picture	stage2_box	3320009	0	1	7667	1	0	next	other	0
MAXED_1022	202	Picture	stage2_up	3327675	0	1	7667	1	0	next	other	0
MAXED_1022	203	Picture	stage2_lose	3335342	0	1	10167	1	0	next	other	0
MAXED_1022	203	Pulse	99	3340000	4658	NA
MAXED_1022	204	Picture	stage1	3345509	0	1	5667	1	0	next	false_alarm	440
MAXED_1022	204	Response	1	3351030	5521	1
MAXED_1022	205	Picture	stage1_box	3351175	0	1	7667	1	0	next	other	0
MAXED_1022	206	Picture	stage1_outcome	3358842	0	1	167	1	0	next	other	0
MAXED_1022	207	Picture	stage2A	3359009	0	1	9167	1	0	next	false_alarm	445
MAXED_1022	207	Pulse	99	3360000	991	NA
MAXED_1022	207	Response	1	3368070	9061	1
MAXED_1022	208	Picture	stage2_box	3368175	0	1	7667	1	0	next	other	0
MAXED_1022	209	Picture	stage2_up	3375842	0	1	7667	1	0	next	other	0
MAXED_1022	209	Pulse	99	3380000	4158	NA
MAXED_1022	210	Picture	stage2_win	3383509	0	1	10167	1	0	next	other	0
MAXED_1022	211	Picture	stage1	3393675	0	1	7333	1	0	next	false_alarm	452
MAXED_1022	211	Pulse	99	3400000	6325	NA
MAXED_1022	211	Response	1	3400870	7195	1
MAXED_1022	212	Picture	stage1_box	3401009	0	1	7667	1	0	next	other	0
MAXED_1022	213	Picture	stage1_outcome	3408675	0	1	167	1	0	next	other	0
MAXED_1022	214	Picture	stage2B	3408842	0	1	17333	1	0	next	false_alarm	457
MAXED_1022	214	Pulse	99	3420000	11158	NA
MAXED_1022	214	Response	2	3426070	17228	1
MAXED_1022	215	Picture	stage2_box	3426175	0	1	7667	1	0	next	other	0
MAXED_1022	216	Picture	stage2_up	3433842	0	1	7667	1	0	next	other	0
MAXED_1022	216	Pulse	99	3440000	6158	NA
MAXED_1022	217	Picture	stage2_win	3441509	0	1	10167	1	0	next	other	0
MAXED_1022	218	Picture	stage1	3451676	0	1	7000	1	0	next	false_alarm	463
MAXED_1022	218	Response	1	3458630	6954	1
MAXED_1022	219	Picture	stage1_box	3458676	0	1	7667	1	0	next	other	0
MAXED_1022	219	Pulse	99	3460000	1324	NA
MAXED_1022	220	Picture	stage1_outcome	3466342	0	1	167	1	0	next	other	0
MAXED_1022	221	Picture	stage2A	3466509	0	1	14500	1	0	next	false_alarm	469
MAXED_1022	221	Pulse	99	3480000	13491	NA
MAXED_1022	221	Response	1	3480870	14361	1
MAXED_1022	222	Picture	stage2_box	3481009	0	1	7667	1	0	next	other	0
MAXED_1022	223	Picture	stage2_up	3488676	0	1	7667	1	0	next	other	0
MAXED_1022	224	Picture	stage2_lose	3496342	0	1	10167	1	0	next	other	0
MAXED_1022	224	Pulse	99	3500000	3658	NA
MAXED_1022	225	Picture	stage1	3506509	0	1	8833	1	0	next	false_alarm	475
MAXED_1022	225	Response	2	3515190	8681	1
MAXED_1022	226	Picture	stage1_box	3515342	0	1	7667	1	0	next	other	0
MAXED_1022	226	Pulse	99	3520000	4658	NA
MAXED_1022	227	Picture	stage1_outcome	3523009	0	1	167	1	0	next	other	0
MAXED_1022	228	Picture	stage2A	3523176	0	1	14167	1	0	next	false_alarm	480
MAXED_1022	228	Response	2	3537270	14094	1
MAXED_1022	229	Picture	stage2_box	3537342	0	1	7667	1	0	next	other	0
MAXED_1022	229	Pulse	99	3540000	2658	NA
MAXED_1022	230	Picture	stage2_up	3545009	0	1	7667	1	0	next	other	0
MAXED_1022	231	Picture	stage2_lose	3552676	0	1	10167	1	0	next	other	0
MAXED_1022	231	Pulse	99	3560000	7324	NA
MAXED_1022	232	Picture	stage1	3562843	0	1	4000	1	0	next	false_alarm	487
MAXED_1022	232	Response	2	3566710	3868	1
MAXED_1022	233	Picture	stage1_box	3566842	0	1	7667	1	0	next	other	0
MAXED_1022	234	Picture	stage1_outcome	3574509	0	1	167	1	0	next	other	0
MAXED_1022	235	Picture	stage2B	3574676	0	1	15000	1	0	next	false_alarm	492
MAXED_1022	235	Pulse	99	3580000	5324	NA
MAXED_1022	235	Response	2	3589590	14915	1
MAXED_1022	236	Picture	stage2_box	3589676	0	1	7667	1	0	next	other	0
MAXED_1022	237	Picture	stage2_up	3597343	0	1	7667	1	0	next	other	0
MAXED_1022	237	Pulse	99	3600000	2657	NA
MAXED_1022	238	Picture	stage2_win	3605009	0	1	10167	1	0	next	other	0
MAXED_1022	239	Picture	stage1	3615176	0	1	7167	1	0	next	false_alarm	499
MAXED_1022	239	Pulse	99	3620000	4824	NA
MAXED_1022	239	Response	2	3622230	7054	1
MAXED_1022	240	Picture	stage1_box	3622343	0	1	7667	1	0	next	other	0
MAXED_1022	241	Picture	stage1_outcome	3630009	0	1	167	1	0	next	other	0
MAXED_1022	242	Picture	stage2B	3630176	0	1	15167	1	0	next	false_alarm	504
MAXED_1022	242	Pulse	99	3640000	9824	NA
MAXED_1022	242	Response	2	3645270	15094	1
MAXED_1022	243	Picture	stage2_box	3645343	0	1	7667	1	0	next	other	0
MAXED_1022	244	Picture	stage2_up	3653009	0	1	7667	1	0	next	other	0
MAXED_1022	244	Pulse	99	3660000	6991	NA
MAXED_1022	245	Picture	stage2_lose	3660676	0	1	10167	1	0	next	other	0
MAXED_1022	246	Picture	stage1	3670843	0	1	5833	1	0	next	false_alarm	510
MAXED_1022	246	Response	2	3676630	5788	1
MAXED_1022	247	Picture	stage1_box	3676676	0	1	7667	1	0	next	other	0
MAXED_1022	247	Pulse	99	3680000	3324	NA
MAXED_1022	248	Picture	stage1_outcome	3684343	0	1	167	1	0	next	other	0
MAXED_1022	249	Picture	stage2B	3684509	0	1	9833	1	0	next	false_alarm	515
MAXED_1022	249	Response	1	3694310	9801	1
MAXED_1022	250	Picture	stage2_box	3694343	0	1	7667	1	0	next	other	0
MAXED_1022	250	Pulse	99	3700000	5657	NA
MAXED_1022	251	Picture	stage2_up	3702010	0	1	7667	1	0	next	other	0
MAXED_1022	252	Picture	stage2_win	3709676	0	1	10167	1	0	next	other	0
MAXED_1022	253	Picture	stage1	3719843	0	1	7667	1	0	next	false_alarm	522
MAXED_1022	253	Pulse	99	3720000	157	NA
MAXED_1022	253	Response	2	3727430	7587	1
MAXED_1022	254	Picture	stage1_box	3727510	0	1	7667	1	0	next	other	0
MAXED_1022	255	Picture	stage1_outcome	3735176	0	1	167	1	0	next	other	0
MAXED_1022	256	Picture	stage2A	3735343	0	1	17500	1	0	next	false_alarm	527
MAXED_1022	256	Pulse	99	3740000	4657	NA
MAXED_1022	256	Response	2	3752790	17448	1
MAXED_1022	257	Picture	stage2_box	3752843	0	1	7667	1	0	next	other	0
MAXED_1022	257	Pulse	99	3760000	7157	NA
MAXED_1022	258	Picture	stage2_up	3760510	0	1	7667	1	0	next	other	0
MAXED_1022	259	Picture	stage2_win	3768176	0	1	10167	1	0	next	other	0
MAXED_1022	260	Picture	stage1	3778343	0	1	8667	1	0	next	false_alarm	534
MAXED_1022	260	Pulse	99	3780000	1657	NA
MAXED_1022	260	Response	1	3786950	8607	1
MAXED_1022	261	Picture	stage1_box	3787010	0	1	7667	1	0	next	other	0
MAXED_1022	262	Picture	stage1_outcome	3794676	0	1	167	1	0	next	other	0
MAXED_1022	263	Picture	stage2A	3794843	0	1	9333	1	0	next	false_alarm	539
MAXED_1022	263	Pulse	99	3800000	5157	NA
MAXED_1022	263	Response	2	3804071	9227	1
MAXED_1022	264	Picture	stage2_box	3804176	0	1	7667	1	0	next	other	0
MAXED_1022	265	Picture	stage2_up	3811843	0	1	7667	1	0	next	other	0
MAXED_1022	266	Picture	stage2_win	3819510	0	1	10167	1	0	next	other	0
MAXED_1022	266	Pulse	99	3820000	490	NA
MAXED_1022	267	Picture	stage1	3829677	0	1	9667	1	0	next	false_alarm	545
MAXED_1022	267	Response	1	3839191	9514	1
MAXED_1022	268	Picture	stage1_box	3839343	0	1	7667	1	0	next	other	0
MAXED_1022	268	Pulse	99	3840000	657	NA
MAXED_1022	269	Picture	stage1_outcome	3847010	0	1	167	1	0	next	other	0
MAXED_1022	270	Picture	stage2A	3847177	0	1	11500	1	0	next	false_alarm	550
MAXED_1022	270	Response	2	3858630	11454	1
MAXED_1022	271	Picture	stage2_box	3858677	0	1	7667	1	0	next	other	0
MAXED_1022	271	Pulse	99	3860000	1323	NA
MAXED_1022	272	Picture	stage2_up	3866343	0	1	7667	1	0	next	other	0
MAXED_1022	273	Picture	stage2_win	3874010	0	1	10167	1	0	next	other	0
MAXED_1022	273	Pulse	99	3880000	5990	NA
MAXED_1022	274	Picture	stage1	3884177	0	1	7000	1	0	next	false_alarm	557
MAXED_1022	274	Response	1	3891030	6854	1
MAXED_1022	275	Picture	stage1_box	3891177	0	1	7667	1	0	next	other	0
MAXED_1022	276	Picture	stage1_outcome	3898843	0	1	167	1	0	next	other	0
MAXED_1022	277	Picture	stage2A	3899010	0	1	11000	1	0	next	false_alarm	562
MAXED_1022	277	Pulse	99	3900000	990	NA
MAXED_1022	277	Response	2	3909911	10901	1
MAXED_1022	278	Picture	stage2_box	3910010	0	1	7667	1	0	next	other	0
MAXED_1022	279	Picture	stage2_up	3917677	0	1	7667	1	0	next	other	0
MAXED_1022	279	Pulse	99	3920000	2323	NA
MAXED_1022	280	Picture	stage2_win	3925343	0	1	10167	1	0	next	other	0
MAXED_1022	281	Picture	stage1	3935510	0	1	6167	1	0	next	false_alarm	569
MAXED_1022	281	Pulse	99	3940000	4490	NA
MAXED_1022	281	Response	1	3941591	6081	1
MAXED_1022	282	Picture	stage1_box	3941677	0	1	7667	1	0	next	other	0
MAXED_1022	283	Picture	stage1_outcome	3949344	0	1	167	1	0	next	other	0
MAXED_1022	284	Picture	stage2A	3949510	0	1	13333	1	0	next	false_alarm	574
MAXED_1022	284	Pulse	99	3960000	10490	NA
MAXED_1022	284	Response	2	3962711	13201	1
MAXED_1022	285	Picture	stage2_box	3962844	0	1	7667	1	0	next	other	0
MAXED_1022	286	Picture	stage2_up	3970510	0	1	7667	1	0	next	other	0
MAXED_1022	287	Picture	stage2_lose	3978177	0	1	10167	1	0	next	other	0
MAXED_1022	287	Pulse	99	3980000	1823	NA
MAXED_1022	288	Picture	stage1	3988344	0	1	2167	1	0	next	false_alarm	580
MAXED_1022	288	Response	2	3990471	2127	1
MAXED_1022	289	Picture	stage1_box	3990510	0	1	7667	1	0	next	other	0
MAXED_1022	290	Picture	stage1_outcome	3998177	0	1	167	1	0	next	other	0
MAXED_1022	291	Picture	stage2B	3998344	0	1	10500	1	0	next	false_alarm	585
MAXED_1022	291	Pulse	99	4000000	1656	NA
MAXED_1022	291	Response	2	4008710	10367	1
MAXED_1022	292	Picture	stage2_box	4008844	0	1	7667	1	0	next	other	0
MAXED_1022	293	Picture	stage2_up	4016510	0	1	7667	1	0	next	other	0
MAXED_1022	293	Pulse	99	4020000	3490	NA
MAXED_1022	294	Picture	stage2_win	4024177	0	1	10167	1	0	next	other	0
MAXED_1022	295	Picture	stage1	4034344	0	1	6833	1	0	next	false_alarm	592
MAXED_1022	295	Pulse	99	4040000	5656	NA
MAXED_1022	295	Response	2	4041111	6767	1
MAXED_1022	296	Picture	stage1_box	4041177	0	1	7667	1	0	next	other	0
MAXED_1022	297	Picture	stage1_outcome	4048844	0	1	167	1	0	next	other	0
MAXED_1022	298	Picture	stage2B	4049010	0	1	13667	1	0	next	false_alarm	597
MAXED_1022	298	Pulse	99	4060000	10990	NA
MAXED_1022	298	Response	2	4062551	13541	1
MAXED_1022	299	Picture	stage2_box	4062677	0	1	7667	1	0	next	other	0
MAXED_1022	300	Picture	stage2_up	4070344	0	1	7667	1	0	next	other	0
MAXED_1022	301	Picture	stage2_win	4078011	0	1	10167	1	0	next	other	0
MAXED_1022	301	Pulse	99	4080000	1989	NA
MAXED_1022	302	Picture	stage1	4088177	0	1	7000	1	0	next	false_alarm	603
MAXED_1022	302	Response	2	4095031	6854	1
MAXED_1022	303	Picture	stage1_box	4095177	0	1	7667	1	0	next	other	0
MAXED_1022	303	Pulse	99	4100000	4823	NA
MAXED_1022	304	Picture	stage1_outcome	4102844	0	1	167	1	0	next	other	0
MAXED_1022	305	Picture	stage2A	4103011	0	1	6833	1	0	next	false_alarm	608
MAXED_1022	305	Response	2	4109751	6740	1
MAXED_1022	306	Picture	stage2_box	4109844	0	1	7667	1	0	next	other	0
MAXED_1022	307	Picture	stage2_up	4117511	0	1	7667	1	0	next	other	0
MAXED_1022	307	Pulse	99	4120000	2489	NA
MAXED_1022	308	Picture	stage2_win	4125177	0	1	10167	1	0	next	other	0
MAXED_1022	309	Picture	stage1	4135344	0	1	4667	1	0	next	false_alarm	614
MAXED_1022	309	Response	1	4139831	4487	1
MAXED_1022	309	Pulse	99	4140000	4656	NA
MAXED_1022	310	Picture	stage1_box	4140011	0	1	7667	1	0	next	other	0
MAXED_1022	311	Picture	stage1_outcome	4147677	0	1	167	1	0	next	other	0
MAXED_1022	312	Picture	stage2B	4147844	0	1	17667	1	0	next	false_alarm	620
MAXED_1022	312	Pulse	99	4160000	12156	NA
MAXED_1022	312	Response	2	4165351	17507	1
MAXED_1022	313	Picture	stage2_box	4165511	0	1	7667	1	0	next	other	0
MAXED_1022	314	Picture	stage2_up	4173177	0	1	7667	1	0	next	other	0
MAXED_1022	314	Pulse	99	4180000	6823	NA
MAXED_1022	315	Picture	stage2_win	4180844	0	1	10167	1	0	next	other	0
MAXED_1022	316	Picture	stage1	4191011	0	1	9667	1	0	next	false_alarm	627
MAXED_1022	316	Pulse	99	4200000	8989	NA
MAXED_1022	316	Response	1	4200551	9540	1
MAXED_1022	317	Picture	stage1_box	4200678	0	1	7667	1	0	next	other	0
MAXED_1022	318	Picture	stage1_outcome	4208344	0	1	167	1	0	next	other	0
MAXED_1022	319	Picture	stage2A	4208511	0	1	10167	1	0	next	false_alarm	631
MAXED_1022	319	Response	2	4218631	10120	1
MAXED_1022	320	Picture	stage2_box	4218678	0	1	7667	1	0	next	other	0
MAXED_1022	320	Pulse	99	4220000	1322	NA
MAXED_1022	321	Picture	stage2_up	4226344	0	1	7667	1	0	next	other	0
MAXED_1022	322	Picture	stage2_lose	4234011	0	1	10167	1	0	next	other	0
MAXED_1022	322	Pulse	99	4240000	5989	NA
MAXED_1022	323	Picture	stage1	4244178	0	1	2333	1	0	next	false_alarm	638
MAXED_1022	323	Response	2	4246471	2293	1
MAXED_1022	324	Picture	stage1_box	4246511	0	1	7667	1	0	next	other	0
MAXED_1022	325	Picture	stage1_outcome	4254178	0	1	167	1	0	next	other	0
MAXED_1022	326	Picture	stage2B	4254344	0	1	8167	1	0	next	false_alarm	643
MAXED_1022	326	Pulse	99	4260000	5656	NA
MAXED_1022	326	Response	2	4262472	8127	1
MAXED_1022	327	Picture	stage2_box	4262511	0	1	7667	1	0	next	other	0
MAXED_1022	328	Picture	stage2_up	4270178	0	1	7667	1	0	next	other	0
MAXED_1022	329	Picture	stage2_win	4277844	0	1	10167	1	0	next	other	0
MAXED_1022	329	Pulse	99	4280000	2156	NA
MAXED_1022	330	Picture	stage1	4288011	0	1	6667	1	0	next	false_alarm	649
MAXED_1022	330	Response	2	4294551	6540	1
MAXED_1022	331	Picture	stage1_box	4294678	0	1	7667	1	0	next	other	0
MAXED_1022	331	Pulse	99	4300000	5322	NA
MAXED_1022	332	Picture	stage1_outcome	4302344	0	1	167	1	0	next	other	0
MAXED_1022	333	Picture	stage2A	4302511	0	1	18333	1	0	next	false_alarm	655
MAXED_1022	333	Pulse	99	4320000	17489	NA
MAXED_1022	333	Response	1	4320711	18200	1
MAXED_1022	334	Picture	stage2_box	4320845	0	1	7667	1	0	next	other	0
MAXED_1022	335	Picture	stage2_up	4328511	0	1	7667	1	0	next	other	0
MAXED_1022	336	Picture	stage2_lose	4336178	0	1	10167	1	0	next	other	0
MAXED_1022	336	Pulse	99	4340000	3822	NA
MAXED_1022	337	Picture	stage1	4346345	0	1	20833	1	0	next	false_alarm	662
MAXED_1022	337	Pulse	99	4360000	13655	NA
MAXED_1022	337	Response	1	4367031	20687	1
MAXED_1022	338	Picture	stage1_box	4367178	0	1	7667	1	0	next	other	0
MAXED_1022	339	Picture	stage1_outcome	4374845	0	1	167	1	0	next	other	0
MAXED_1022	340	Picture	stage2A	4375011	0	1	3667	1	0	next	false_alarm	666
MAXED_1022	340	Response	2	4378631	3620	1
MAXED_1022	341	Picture	stage2_box	4378678	0	1	7667	1	0	next	other	0
MAXED_1022	341	Pulse	99	4380000	1322	NA
MAXED_1022	342	Picture	stage2_up	4386345	0	1	7667	1	0	next	other	0
MAXED_1022	343	Picture	stage2_win	4394011	0	1	10167	1	0	next	other	0
MAXED_1022	343	Pulse	99	4400000	5989	NA
MAXED_1022	344	Picture	stage1	4404178	0	1	5833	1	0	next	false_alarm	673
MAXED_1022	344	Response	1	4409831	5653	1
MAXED_1022	345	Picture	stage1_box	4410011	0	1	7667	1	0	next	other	0
MAXED_1022	346	Picture	stage1_outcome	4417678	0	1	167	1	0	next	other	0
MAXED_1022	347	Picture	stage2A	4417845	0	1	9333	1	0	next	false_alarm	678
MAXED_1022	347	Pulse	99	4420000	2155	NA
MAXED_1022	347	Response	2	4427031	9187	1
MAXED_1022	348	Picture	stage2_box	4427178	0	1	7667	1	0	next	other	0
MAXED_1022	349	Picture	stage2_up	4434845	0	1	7667	1	0	next	other	0
MAXED_1022	349	Pulse	99	4440000	5155	NA
MAXED_1022	350	Picture	stage2_win	4442511	0	1	10167	1	0	next	other	0
MAXED_1022	351	Picture	stage1	4452678	0	1	6167	1	0	next	false_alarm	684
MAXED_1022	351	Response	1	4458711	6033	1
MAXED_1022	352	Picture	stage1_box	4458845	0	1	7667	1	0	next	other	0
MAXED_1022	352	Pulse	99	4460000	1155	NA
MAXED_1022	353	Picture	stage1_outcome	4466512	0	1	167	1	0	next	other	0
MAXED_1022	354	Picture	stage2A	4466678	0	1	9667	1	0	next	false_alarm	689
MAXED_1022	354	Response	2	4476231	9553	1
MAXED_1022	355	Picture	stage2_box	4476345	0	1	7667	1	0	next	other	0
MAXED_1022	355	Pulse	99	4480000	3655	NA
MAXED_1022	356	Picture	stage2_up	4484012	0	1	7667	1	0	next	other	0
MAXED_1022	357	Picture	stage2_win	4491678	0	1	10167	1	0	next	other	0
MAXED_1022	357	Pulse	99	4500000	8322	NA
MAXED_1022	358	Picture	stage1	4501845	0	1	6667	1	0	next	false_alarm	696
MAXED_1022	358	Response	1	4508391	6546	1
MAXED_1022	359	Picture	stage1_box	4508512	0	1	7667	1	0	next	other	0
MAXED_1022	360	Picture	stage1_outcome	4516178	0	1	167	1	0	next	other	0
MAXED_1022	361	Picture	stage2A	4516345	0	1	11833	1	0	next	false_alarm	701
MAXED_1022	361	Pulse	99	4520000	3655	NA
MAXED_1022	361	Response	2	4527993	11648	1
MAXED_1022	362	Picture	stage2_box	4528178	0	1	7667	1	0	next	other	0
MAXED_1022	363	Picture	stage2_up	4535845	0	1	7667	1	0	next	other	0
MAXED_1022	363	Pulse	99	4540000	4155	NA
MAXED_1022	364	Picture	stage2_win	4543512	0	1	10167	1	0	next	other	0
MAXED_1022	365	Picture	stage1	4553678	0	1	8333	1	0	next	false_alarm	708
MAXED_1022	365	Pulse	99	4560000	6322	NA
MAXED_1022	365	Response	1	4561831	8153	1
MAXED_1022	366	Picture	stage1_box	4562012	0	1	7667	1	0	next	other	0
MAXED_1022	367	Picture	stage1_outcome	4569678	0	1	167	1	0	next	other	0
MAXED_1022	368	Picture	stage2A	4569845	0	1	8000	1	0	next	false_alarm	712
MAXED_1022	368	Response	2	4577752	7906	1
MAXED_1022	369	Picture	stage2_box	4577845	0	1	7667	1	0	next	other	0
MAXED_1022	369	Pulse	99	4580000	2155	NA
MAXED_1022	370	Picture	stage2_up	4585512	0	1	7667	1	0	next	other	0
MAXED_1022	371	Picture	stage2_win	4593179	0	1	10167	1	0	next	other	0
MAXED_1022	371	Pulse	99	4600000	6821	NA
MAXED_1022	372	Picture	stage1	4603345	0	1	7333	1	0	next	false_alarm	719
MAXED_1022	372	Response	1	4610631	7286	1
MAXED_1022	373	Picture	stage1_box	4610679	0	1	7667	1	0	next	other	0
MAXED_1022	374	Picture	stage1_outcome	4618345	0	1	167	1	0	next	other	0
MAXED_1022	375	Picture	stage2A	4618512	0	1	7000	1	0	next	false_alarm	724
MAXED_1022	375	Pulse	99	4620000	1488	NA
MAXED_1022	375	Response	2	4625352	6840	1
MAXED_1022	376	Picture	stage2_box	4625512	0	1	7667	1	0	next	other	0
MAXED_1022	377	Picture	stage2_up	4633179	0	1	7667	1	0	next	other	0
MAXED_1022	377	Pulse	99	4640000	6821	NA
MAXED_1022	378	Picture	stage2_win	4640845	0	1	10167	1	0	next	other	0
MAXED_1022	379	Picture	stage1	4651012	0	1	4500	1	0	next	false_alarm	730
MAXED_1022	379	Response	1	4655432	4420	1
MAXED_1022	380	Picture	stage1_box	4655512	0	1	7667	1	0	next	other	0
MAXED_1022	380	Pulse	99	4660000	4488	NA
MAXED_1022	381	Picture	stage1_outcome	4663179	0	1	167	1	0	next	other	0
MAXED_1022	382	Picture	stage2A	4663345	0	1	7500	1	0	next	false_alarm	735
MAXED_1022	382	Response	2	4670792	7447	1
MAXED_1022	383	Picture	stage2_box	4670845	0	1	7667	1	0	next	other	0
MAXED_1022	384	Picture	stage2_up	4678512	0	1	7667	1	0	next	other	0
MAXED_1022	384	Pulse	99	4680000	1488	NA
MAXED_1022	385	Picture	stage2_win	4686179	0	1	10167	1	0	next	other	0
MAXED_1022	386	Picture	stage1	4696345	0	1	4667	1	0	next	false_alarm	742
MAXED_1022	386	Pulse	99	4700000	3655	NA
MAXED_1022	386	Response	1	4700872	4526	1
MAXED_1022	387	Picture	stage1_box	4701012	0	1	7667	1	0	next	other	0
MAXED_1022	388	Picture	stage1_outcome	4708679	0	1	167	1	0	next	other	0
MAXED_1022	389	Picture	stage2A	4708846	0	1	5333	1	0	next	false_alarm	746
MAXED_1022	389	Response	2	4713992	5146	1
MAXED_1022	390	Picture	stage2_box	4714179	0	1	7667	1	0	next	other	0
MAXED_1022	390	Pulse	99	4720000	5821	NA
MAXED_1022	391	Picture	stage2_up	4721846	0	1	7667	1	0	next	other	0
MAXED_1022	392	Picture	stage2_win	4729512	0	1	10167	1	0	next	other	0
MAXED_1022	393	Picture	stage1	4739679	0	1	7500	1	0	next	false_alarm	753
MAXED_1022	393	Pulse	99	4740000	321	NA
MAXED_1022	393	Response	1	4747032	7353	1
MAXED_1022	394	Picture	stage1_box	4747179	0	1	7667	1	0	next	other	0
MAXED_1022	395	Picture	stage1_outcome	4754846	0	1	167	1	0	next	other	0
MAXED_1022	396	Picture	stage2B	4755012	0	1	16667	1	0	next	false_alarm	758
MAXED_1022	396	Pulse	99	4760000	4988	NA
MAXED_1022	396	Response	1	4771512	16499	1
MAXED_1022	397	Picture	stage2_box	4771679	0	1	7667	1	0	next	other	0
MAXED_1022	398	Picture	stage2_up	4779346	0	1	7667	1	0	next	other	0
MAXED_1022	398	Pulse	99	4780000	654	NA
MAXED_1022	399	Picture	stage2_lose	4787012	0	1	10167	1	0	next	other	0
MAXED_1022	400	Picture	stage1	4797179	0	1	3000	1	0	next	false_alarm	765
MAXED_1022	400	Pulse	99	4800000	2821	NA
MAXED_1022	400	Response	2	4800072	2893	1
MAXED_1022	401	Picture	stage1_box	4800179	0	1	7667	1	0	next	other	0
MAXED_1022	402	Picture	stage1_outcome	4807846	0	1	167	1	0	next	other	0
MAXED_1022	403	Picture	stage2B	4808012	0	1	4500	1	0	next	false_alarm	769
MAXED_1022	403	Response	2	4812392	4380	1
MAXED_1022	404	Picture	stage2_box	4812512	0	1	7667	1	0	next	other	0
MAXED_1022	404	Pulse	99	4820000	7488	NA
MAXED_1022	405	Picture	stage2_up	4820179	0	1	7667	1	0	next	other	0
MAXED_1022	406	Picture	stage2_lose	4827846	0	1	10167	1	0	next	other	0
MAXED_1022	407	Picture	stage1	4838013	0	1	3500	1	0	next	false_alarm	776
MAXED_1022	407	Pulse	99	4840000	1987	NA
MAXED_1022	407	Response	2	4841352	3339	1
MAXED_1022	408	Picture	stage1_box	4841513	0	1	7667	1	0	next	other	0
MAXED_1022	409	Picture	stage1_outcome	4849179	0	1	167	1	0	next	other	0
MAXED_1022	410	Picture	stage2B	4849346	0	1	5333	1	0	next	false_alarm	780
MAXED_1022	410	Response	1	4854632	5286	1
MAXED_1022	411	Picture	stage2_box	4854679	0	1	7667	1	0	next	other	0
MAXED_1022	411	Pulse	99	4860000	5321	NA
MAXED_1022	412	Picture	stage2_up	4862346	0	1	7667	1	0	next	other	0
MAXED_1022	413	Picture	stage2_win	4870013	0	1	10167	1	0	next	other	0
MAXED_1022	413	Pulse	99	4880000	9987	NA
MAXED_1022	414	Picture	stage1	4880179	0	1	5333	1	0	next	false_alarm	787
MAXED_1022	414	Response	2	4885432	5252	1
MAXED_1022	415	Picture	stage1_box	4885513	0	1	7667	1	0	next	other	0
MAXED_1022	416	Picture	stage1_outcome	4893179	0	1	167	1	0	next	other	0
MAXED_1022	417	Picture	stage2B	4893346	0	1	4667	1	0	next	false_alarm	791
MAXED_1022	417	Response	2	4897832	4486	1
MAXED_1022	418	Picture	stage2_box	4898013	0	1	7667	1	0	next	other	0
MAXED_1022	418	Pulse	99	4900000	1987	NA
MAXED_1022	419	Picture	stage2_up	4905679	0	1	7667	1	0	next	other	0
MAXED_1022	420	Picture	stage2_lose	4913346	0	1	10167	1	0	next	other	0
MAXED_1022	420	Pulse	99	4920000	6654	NA
MAXED_1022	421	Picture	stage1	4923513	0	1	3167	1	0	next	false_alarm	798
MAXED_1022	421	Response	2	4926552	3039	1
MAXED_1022	422	Picture	stage1_box	4926679	0	1	7667	1	0	next	other	0
MAXED_1022	423	Picture	stage1_outcome	4934346	0	1	167	1	0	next	other	0
MAXED_1022	424	Picture	stage2B	4934513	0	1	4333	1	0	next	false_alarm	802
MAXED_1022	424	Response	1	4938712	4199	1
MAXED_1022	425	Picture	stage2_box	4938846	0	1	7667	1	0	next	other	0
MAXED_1022	425	Pulse	99	4940000	1154	NA
MAXED_1022	426	Picture	stage2_up	4946513	0	1	7667	1	0	next	other	0
MAXED_1022	427	Picture	stage2_lose	4954179	0	1	10167	1	0	next	other	0
MAXED_1022	427	Pulse	99	4960000	5821	NA
MAXED_1022	428	Picture	stage1	4964346	0	1	2667	1	0	next	false_alarm	809
MAXED_1022	428	Response	1	4966952	2606	1
MAXED_1022	429	Picture	stage1_box	4967013	0	1	7667	1	0	next	other	0
MAXED_1022	430	Picture	stage1_outcome	4974680	0	1	167	1	0	next	other	0
MAXED_1022	431	Picture	stage2A	4974846	0	1	5500	1	0	next	false_alarm	814
MAXED_1022	431	Pulse	99	4980000	5154	NA
MAXED_1022	431	Response	2	4980152	5306	1
MAXED_1022	432	Picture	stage2_box	4980346	0	1	7667	1	0	next	other	0
MAXED_1022	433	Picture	stage2_up	4988013	0	1	7667	1	0	next	other	0
MAXED_1022	434	Picture	stage2_win	4995680	0	1	10167	1	0	next	other	0
MAXED_1022	434	Pulse	99	5000000	4320	NA
MAXED_1022	435	Picture	stage1	5005846	0	1	11833	1	0	next	false_alarm	820
MAXED_1022	435	Response	1	5017512	11666	1
MAXED_1022	436	Picture	stage1_box	5017680	0	1	7667	1	0	next	other	0
MAXED_1022	436	Pulse	99	5020000	2320	NA
MAXED_1022	437	Picture	stage1_outcome	5025346	0	1	167	1	0	next	other	0
MAXED_1022	438	Picture	stage2A	5025513	0	1	19667	1	0	next	false_alarm	826
MAXED_1022	438	Pulse	99	5040000	14487	NA
MAXED_1022	438	Response	2	5045112	19599	1
MAXED_1022	439	Picture	stage2_box	5045180	0	1	7667	1	0	next	other	0
MAXED_1022	440	Picture	stage2_up	5052846	0	1	7667	1	0	next	other	0
MAXED_1022	440	Pulse	99	5060000	7154	NA
MAXED_1022	441	Picture	stage2_win	5060513	0	1	10167	1	0	next	other	0
MAXED_1022	442	Picture	stage1	5070680	0	1	25954	1	0	next	other	0
MAXED_1022	442	Pulse	99	5080000	9320	NA
MAXED_1022	442	Quit		5092632	21952	NA
