Scenario - 
Logfile written - 05/16/2023 18:03:40

Subject	Trial	Event Type	Code	Time	TTime	Uncertainty	Duration	Uncertainty	ReqTime	ReqDur	Stim Type	Pair Index

MAXED_1055_Day_A	0	Pulse	99	0	0	NA
MAXED_1055_Day_A	1	Picture	instructions_1	666	0	1	264077	1	0	next	false_alarm	16
MAXED_1055_Day_A	1	Pulse	99	20000	19334	NA
MAXED_1055_Day_A	1	Pulse	99	40000	39334	NA
MAXED_1055_Day_A	1	Pulse	99	60000	59334	NA
MAXED_1055_Day_A	1	Pulse	99	80000	79334	NA
MAXED_1055_Day_A	1	Pulse	99	100000	99334	NA
MAXED_1055_Day_A	1	Pulse	99	120000	119334	NA
MAXED_1055_Day_A	1	Pulse	99	140000	139334	NA
MAXED_1055_Day_A	1	Pulse	99	160000	159334	NA
MAXED_1055_Day_A	1	Pulse	99	180000	179334	NA
MAXED_1055_Day_A	1	Pulse	99	200000	199334	NA
MAXED_1055_Day_A	1	Pulse	99	220000	219334	NA
MAXED_1055_Day_A	1	Pulse	99	240000	239334	NA
MAXED_1055_Day_A	1	Pulse	99	260000	259334	NA
MAXED_1055_Day_A	1	Response	88	264522	263856	1
MAXED_1055_Day_A	2	Picture	instructions_2	264744	0	1	105464	1	0	next	false_alarm	23
MAXED_1055_Day_A	2	Pulse	99	280000	15256	NA
MAXED_1055_Day_A	2	Pulse	99	300000	35256	NA
MAXED_1055_Day_A	2	Pulse	99	320000	55256	NA
MAXED_1055_Day_A	2	Pulse	99	340000	75256	NA
MAXED_1055_Day_A	2	Pulse	99	360000	95256	NA
MAXED_1055_Day_A	2	Response	88	369997	105253	1
MAXED_1055_Day_A	3	Picture	instructions_3	370208	0	1	61979	1	0	next	false_alarm	28
MAXED_1055_Day_A	3	Pulse	99	380000	9792	NA
MAXED_1055_Day_A	3	Pulse	99	400000	29792	NA
MAXED_1055_Day_A	3	Pulse	99	420000	49792	NA
MAXED_1055_Day_A	3	Response	88	432102	61894	1
MAXED_1055_Day_A	4	Picture	instructions_4	432187	0	1	57147	1	0	next	false_alarm	33
MAXED_1055_Day_A	4	Pulse	99	440000	7813	NA
MAXED_1055_Day_A	4	Pulse	99	460000	27813	NA
MAXED_1055_Day_A	4	Pulse	99	480000	47813	NA
MAXED_1055_Day_A	4	Response	88	489222	57035	1
MAXED_1055_Day_A	5	Picture	instructions_5	489334	0	1	75808	1	0	next	false_alarm	39
MAXED_1055_Day_A	5	Pulse	99	500000	10666	NA
MAXED_1055_Day_A	5	Pulse	99	520000	30666	NA
MAXED_1055_Day_A	5	Pulse	99	540000	50666	NA
MAXED_1055_Day_A	5	Pulse	99	560000	70666	NA
MAXED_1055_Day_A	5	Response	88	564948	75614	1
MAXED_1055_Day_A	6	Picture	instructions_6	565142	0	1	35655	1	0	next	false_alarm	43
MAXED_1055_Day_A	6	Pulse	99	580000	14858	NA
MAXED_1055_Day_A	6	Pulse	99	600000	34858	NA
MAXED_1055_Day_A	6	Response	88	600596	35454	1
MAXED_1055_Day_A	7	Picture	instructions_7	600797	0	1	76308	1	0	next	false_alarm	48
MAXED_1055_Day_A	7	Pulse	99	620000	19203	NA
MAXED_1055_Day_A	7	Pulse	99	640000	39203	NA
MAXED_1055_Day_A	7	Pulse	99	660000	59203	NA
MAXED_1055_Day_A	7	Response	88	676904	76108	1
MAXED_1055_Day_A	8	Picture	instructions_8	677104	0	1	53149	1	0	next	false_alarm	53
MAXED_1055_Day_A	8	Pulse	99	680000	2896	NA
MAXED_1055_Day_A	8	Pulse	99	700000	22896	NA
MAXED_1055_Day_A	8	Pulse	99	720000	42896	NA
MAXED_1055_Day_A	8	Response	88	730191	53087	1
MAXED_1055_Day_A	9	Picture	instructions_9	730253	0	1	18161	1	0	next	false_alarm	56
MAXED_1055_Day_A	9	Pulse	99	740000	9747	NA
MAXED_1055_Day_A	9	Response	88	748255	18002	1
MAXED_1055_Day_A	10	Picture	instructions_10	748414	0	1	69643	1	0	next	false_alarm	61
MAXED_1055_Day_A	10	Pulse	99	760000	11586	NA
MAXED_1055_Day_A	10	Pulse	99	780000	31586	NA
MAXED_1055_Day_A	10	Pulse	99	800000	51586	NA
MAXED_1055_Day_A	10	Response	88	817836	69423	1
MAXED_1055_Day_A	11	Picture	instructions_11	818057	0	1	54981	1	0	next	false_alarm	66
MAXED_1055_Day_A	11	Pulse	99	820000	1943	NA
MAXED_1055_Day_A	11	Pulse	99	840000	21943	NA
MAXED_1055_Day_A	11	Pulse	99	860000	41943	NA
MAXED_1055_Day_A	11	Response	88	872961	54905	1
MAXED_1055_Day_A	12	Picture	instructions_12	873038	0	1	40820	1	0	next	false_alarm	70
MAXED_1055_Day_A	12	Pulse	99	880000	6962	NA
MAXED_1055_Day_A	12	Pulse	99	900000	26962	NA
MAXED_1055_Day_A	12	Response	88	913693	40655	1
MAXED_1055_Day_A	13	Picture	instructions_13	913858	0	1	95468	1	0	next	false_alarm	77
MAXED_1055_Day_A	13	Pulse	99	920000	6142	NA
MAXED_1055_Day_A	13	Pulse	99	940000	26142	NA
MAXED_1055_Day_A	13	Pulse	99	960000	46142	NA
MAXED_1055_Day_A	13	Pulse	99	980000	66142	NA
MAXED_1055_Day_A	13	Pulse	99	1000000	86142	NA
MAXED_1055_Day_A	13	Response	88	1009175	95318	1
MAXED_1055_Day_A	14	Picture	instructions_14	1009325	0	1	25325	1	0	next	false_alarm	80
MAXED_1055_Day_A	14	Pulse	99	1020000	10675	NA
MAXED_1055_Day_A	14	Response	88	1034481	25156	1
MAXED_1055_Day_A	15	Picture	instructions_15	1034650	0	1	104465	1	0	next	false_alarm	87
MAXED_1055_Day_A	15	Pulse	99	1040000	5350	NA
MAXED_1055_Day_A	15	Pulse	99	1060000	25350	NA
MAXED_1055_Day_A	15	Pulse	99	1080000	45350	NA
MAXED_1055_Day_A	15	Pulse	99	1100000	65350	NA
MAXED_1055_Day_A	15	Pulse	99	1120000	85350	NA
MAXED_1055_Day_A	15	Response	88	1138951	104301	1
MAXED_1055_Day_A	16	Picture	instructions_16	1139115	0	1	36821	1	0	next	false_alarm	91
MAXED_1055_Day_A	16	Pulse	99	1140000	885	NA
MAXED_1055_Day_A	16	Pulse	99	1160000	20885	NA
MAXED_1055_Day_A	16	Response	88	1175724	36609	1
MAXED_1055_Day_A	17	Picture	instructions_17	1175936	0	1	7164	1	0	next	false_alarm	94
MAXED_1055_Day_A	17	Pulse	99	1180000	4064	NA
MAXED_1055_Day_A	17	Response	88	1182970	7034	1
MAXED_1055_Day_A	18	Picture	instructions_18	1183100	0	1	38987	1	0	next	false_alarm	98
MAXED_1055_Day_A	18	Pulse	99	1200000	16900	NA
MAXED_1055_Day_A	18	Pulse	99	1220000	36900	NA
MAXED_1055_Day_A	18	Response	88	1221924	38824	1
MAXED_1055_Day_A	19	Picture	instructions_19	1222086	0	1	61979	1	0	next	false_alarm	103
MAXED_1055_Day_A	19	Pulse	99	1240000	17914	NA
MAXED_1055_Day_A	19	Pulse	99	1260000	37914	NA
MAXED_1055_Day_A	19	Pulse	99	1280000	57914	NA
MAXED_1055_Day_A	19	Response	88	1283984	61897	1
MAXED_1055_Day_A	20	Picture	instructions_20	1284066	0	1	42319	1	0	next	false_alarm	107
MAXED_1055_Day_A	20	Pulse	99	1300000	15934	NA
MAXED_1055_Day_A	20	Pulse	99	1320000	35934	NA
MAXED_1055_Day_A	20	Response	88	1326322	42256	1
MAXED_1055_Day_A	21	Picture	instructions_21	1326385	0	1	44985	1	0	next	false_alarm	111
MAXED_1055_Day_A	21	Pulse	99	1340000	13615	NA
MAXED_1055_Day_A	21	Pulse	99	1360000	33615	NA
MAXED_1055_Day_A	21	Response	88	1371275	44890	1
MAXED_1055_Day_A	22	Picture	instructions_22	1371370	0	1	52815	1	0	next	false_alarm	116
MAXED_1055_Day_A	22	Pulse	99	1380000	8630	NA
MAXED_1055_Day_A	22	Pulse	99	1400000	28630	NA
MAXED_1055_Day_A	22	Pulse	99	1420000	48630	NA
MAXED_1055_Day_A	22	Response	88	1424009	52640	1
MAXED_1055_Day_A	23	Picture	instructions_23	1424185	0	1	57314	1	0	next	false_alarm	121
MAXED_1055_Day_A	23	Pulse	99	1440000	15815	NA
MAXED_1055_Day_A	23	Pulse	99	1460000	35815	NA
MAXED_1055_Day_A	23	Pulse	99	1480000	55815	NA
MAXED_1055_Day_A	23	Response	88	1481281	57096	1
MAXED_1055_Day_A	24	Picture	instructions_24	1481499	0	1	80973	1	0	next	false_alarm	127
MAXED_1055_Day_A	24	Pulse	99	1500000	18501	NA
MAXED_1055_Day_A	24	Pulse	99	1520000	38501	NA
MAXED_1055_Day_A	24	Pulse	99	1540000	58501	NA
MAXED_1055_Day_A	24	Pulse	99	1560000	78501	NA
MAXED_1055_Day_A	24	Response	88	1562308	80809	1
MAXED_1055_Day_A	25	Picture	instructions_25	1562472	0	1	32156	1	0	next	false_alarm	130
MAXED_1055_Day_A	25	Pulse	99	1580000	17528	NA
MAXED_1055_Day_A	25	Response	88	1594470	31999	1
MAXED_1055_Day_A	26	Picture	instructions_26	1594627	0	1	72476	1	0	next	false_alarm	136
MAXED_1055_Day_A	26	Pulse	99	1600000	5373	NA
MAXED_1055_Day_A	26	Pulse	99	1620000	25373	NA
MAXED_1055_Day_A	26	Pulse	99	1640000	45373	NA
MAXED_1055_Day_A	26	Pulse	99	1660000	65373	NA
MAXED_1055_Day_A	26	Response	88	1667014	72387	1
MAXED_1055_Day_A	27	Picture	instructions_27	1667103	0	1	30656	1	0	next	false_alarm	139
MAXED_1055_Day_A	27	Pulse	99	1680000	12897	NA
MAXED_1055_Day_A	27	Response	88	1697609	30506	1
MAXED_1055_Day_A	28	Picture	instructions_28	1697759	0	1	13995	1	0	next	false_alarm	142
MAXED_1055_Day_A	28	Pulse	99	1700000	2241	NA
MAXED_1055_Day_A	28	Response	88	1711658	13899	1
MAXED_1055_Day_A	29	Picture	instructions_29	1711754	0	1	31323	1	0	next	false_alarm	146
MAXED_1055_Day_A	29	Pulse	99	1720000	8246	NA
MAXED_1055_Day_A	29	Pulse	99	1740000	28246	NA
MAXED_1055_Day_A	29	Response	88	1742895	31141	1
MAXED_1055_Day_A	30	Picture	instructions_30	1743077	0	1	129123	1	0	next	false_alarm	154
MAXED_1055_Day_A	30	Pulse	99	1760000	16923	NA
MAXED_1055_Day_A	30	Pulse	99	1780000	36923	NA
MAXED_1055_Day_A	30	Pulse	99	1800000	56923	NA
MAXED_1055_Day_A	30	Pulse	99	1820000	76923	NA
MAXED_1055_Day_A	30	Pulse	99	1840000	96923	NA
MAXED_1055_Day_A	30	Pulse	99	1860000	116923	NA
MAXED_1055_Day_A	30	Response	88	1872048	128971	1
MAXED_1055_Day_A	31	Picture	instructions_31	1872200	0	1	51483	1	0	next	false_alarm	159
MAXED_1055_Day_A	31	Pulse	99	1880000	7800	NA
MAXED_1055_Day_A	31	Pulse	99	1900000	27800	NA
MAXED_1055_Day_A	31	Pulse	99	1920000	47800	NA
MAXED_1055_Day_A	31	Response	88	1923563	51363	1
MAXED_1055_Day_A	32	Picture	instructions_32	1923683	0	1	68977	1	0	next	false_alarm	164
MAXED_1055_Day_A	32	Pulse	99	1940000	16317	NA
MAXED_1055_Day_A	32	Pulse	99	1960000	36317	NA
MAXED_1055_Day_A	32	Pulse	99	1980000	56317	NA
MAXED_1055_Day_A	32	Response	88	1992523	68840	1
MAXED_1055_Day_A	33	Picture	instructions_33	1992659	0	1	39653	1	0	next	false_alarm	168
MAXED_1055_Day_A	33	Pulse	99	2000000	7341	NA
MAXED_1055_Day_A	33	Pulse	99	2020000	27341	NA
MAXED_1055_Day_A	33	Response	88	2032118	39458	1
MAXED_1055_Day_A	34	Picture	instructions_34	2032313	0	1	58813	1	0	next	false_alarm	173
MAXED_1055_Day_A	34	Pulse	99	2040000	7687	NA
MAXED_1055_Day_A	34	Pulse	99	2060000	27687	NA
MAXED_1055_Day_A	34	Pulse	99	2080000	47687	NA
MAXED_1055_Day_A	34	Response	88	2090936	58624	1
MAXED_1055_Day_A	35	Picture	instructions_35	2091126	0	1	57481	1	0	next	false_alarm	178
MAXED_1055_Day_A	35	Pulse	99	2100000	8874	NA
MAXED_1055_Day_A	35	Pulse	99	2120000	28874	NA
MAXED_1055_Day_A	35	Pulse	99	2140000	48874	NA
MAXED_1055_Day_A	35	Response	88	2148524	57398	1
MAXED_1055_Day_A	36	Picture	instructions_36	2148607	0	1	64645	1	0	next	false_alarm	183
MAXED_1055_Day_A	36	Pulse	99	2160000	11393	NA
MAXED_1055_Day_A	36	Pulse	99	2180000	31393	NA
MAXED_1055_Day_A	36	Pulse	99	2200000	51393	NA
MAXED_1055_Day_A	36	Response	88	2213095	64489	1
MAXED_1055_Day_A	37	Picture	instructions_37	2213252	0	1	47651	1	0	next	false_alarm	188
MAXED_1055_Day_A	37	Pulse	99	2220000	6748	NA
MAXED_1055_Day_A	37	Pulse	99	2240000	26748	NA
MAXED_1055_Day_A	37	Pulse	99	2260000	46748	NA
MAXED_1055_Day_A	37	Response	88	2260776	47525	1
MAXED_1055_Day_A	38	Picture	instructions_38	2260902	0	1	23825	1	0	next	false_alarm	191
MAXED_1055_Day_A	38	Pulse	99	2280000	19098	NA
MAXED_1055_Day_A	38	Response	88	2284634	23732	1
MAXED_1055_Day_A	39	Picture	instructions_39	2284727	0	1	60480	1	0	next	false_alarm	196
MAXED_1055_Day_A	39	Pulse	99	2300000	15273	NA
MAXED_1055_Day_A	39	Pulse	99	2320000	35273	NA
MAXED_1055_Day_A	39	Pulse	99	2340000	55273	NA
MAXED_1055_Day_A	39	Response	88	2345126	60398	1
MAXED_1055_Day_A	40	Picture	instructions_40	2345207	0	1	58314	1	0	next	false_alarm	201
MAXED_1055_Day_A	40	Pulse	99	2360000	14793	NA
MAXED_1055_Day_A	40	Pulse	99	2380000	34793	NA
MAXED_1055_Day_A	40	Pulse	99	2400000	54793	NA
MAXED_1055_Day_A	40	Response	88	2403390	58183	1
MAXED_1055_Day_A	41	Picture	instructions_41	2403521	0	1	42985	1	0	next	false_alarm	205
MAXED_1055_Day_A	41	Pulse	99	2420000	16479	NA
MAXED_1055_Day_A	41	Pulse	99	2440000	36479	NA
MAXED_1055_Day_A	41	Response	88	2446398	42878	1
MAXED_1055_Day_A	42	Picture	instructions_42	2446506	0	1	56648	1	0	next	false_alarm	210
MAXED_1055_Day_A	42	Pulse	99	2460000	13494	NA
MAXED_1055_Day_A	42	Pulse	99	2480000	33494	NA
MAXED_1055_Day_A	42	Pulse	99	2500000	53494	NA
MAXED_1055_Day_A	42	Response	88	2503075	56569	1
MAXED_1055_Day_A	43	Picture	instructions_43	2503154	0	1	52149	1	0	next	false_alarm	214
MAXED_1055_Day_A	43	Pulse	99	2520000	16846	NA
MAXED_1055_Day_A	43	Pulse	99	2540000	36846	NA
MAXED_1055_Day_A	43	Response	88	2555258	52105	1
MAXED_1055_Day_A	44	Picture	instructions_44	2555303	0	1	79307	1	0	next	false_alarm	220
MAXED_1055_Day_A	44	Pulse	99	2560000	4697	NA
MAXED_1055_Day_A	44	Pulse	99	2580000	24697	NA
MAXED_1055_Day_A	44	Pulse	99	2600000	44697	NA
MAXED_1055_Day_A	44	Pulse	99	2620000	64697	NA
MAXED_1055_Day_A	44	Response	88	2634409	79107	1
MAXED_1055_Day_A	45	Picture	instructions_45	2634609	0	1	50150	1	0	next	false_alarm	225
MAXED_1055_Day_A	45	Pulse	99	2640000	5391	NA
MAXED_1055_Day_A	45	Pulse	99	2660000	25391	NA
MAXED_1055_Day_A	45	Pulse	99	2680000	45391	NA
MAXED_1055_Day_A	45	Response	88	2684645	50036	1
MAXED_1055_Day_A	46	Picture	instructions_46	2684759	0	1	34822	1	0	next	false_alarm	228
MAXED_1055_Day_A	46	Pulse	99	2700000	15241	NA
MAXED_1055_Day_A	46	Response	88	2719530	34771	1
MAXED_1055_Day_A	47	Picture	fixation	2719580	0	1	5165	1	0	next	other	0
MAXED_1055_Day_A	47	Pulse	99	2720000	420	NA
MAXED_1055_Day_A	48	Picture	stage1	2724745	0	1	21493	1	0	next	false_alarm	233
MAXED_1055_Day_A	48	Pulse	99	2740000	15255	NA
MAXED_1055_Day_A	48	Response	1	2746097	21352	1
MAXED_1055_Day_A	49	Picture	stage1_box	2746238	0	1	7664	1	0	next	other	0
MAXED_1055_Day_A	50	Picture	stage1_outcome	2753902	0	1	167	1	0	next	other	0
MAXED_1055_Day_A	51	Picture	stage2A	2754069	0	1	23159	1	0	next	false_alarm	238
MAXED_1055_Day_A	51	Pulse	99	2760000	5931	NA
MAXED_1055_Day_A	51	Response	1	2777178	23109	1
MAXED_1055_Day_A	52	Picture	stage2_box	2777227	0	1	7664	1	0	next	other	0
MAXED_1055_Day_A	52	Pulse	99	2780000	2773	NA
MAXED_1055_Day_A	53	Picture	stage2_up	2784892	0	1	7664	1	0	next	other	0
MAXED_1055_Day_A	54	Picture	stage2_win	2792556	0	1	10163	1	0	next	other	0
MAXED_1055_Day_A	54	Pulse	99	2800000	7444	NA
MAXED_1055_Day_A	55	Picture	stage1	2802719	0	1	21160	1	0	next	false_alarm	246
MAXED_1055_Day_A	55	Pulse	99	2820000	17281	NA
MAXED_1055_Day_A	55	Response	2	2823697	20978	1
MAXED_1055_Day_A	56	Picture	stage1_box	2823878	0	1	7664	1	0	next	other	0
MAXED_1055_Day_A	57	Picture	stage1_outcome	2831543	0	1	167	1	0	next	other	0
MAXED_1055_Day_A	58	Picture	stage2B	2831709	0	1	18161	1	0	next	false_alarm	251
MAXED_1055_Day_A	58	Pulse	99	2840000	8291	NA
MAXED_1055_Day_A	58	Response	2	2849735	18026	1
MAXED_1055_Day_A	59	Picture	stage2_box	2849870	0	1	7664	1	0	next	other	0
MAXED_1055_Day_A	60	Picture	stage2_up	2857534	0	1	7664	1	0	next	other	0
MAXED_1055_Day_A	60	Pulse	99	2860000	2466	NA
MAXED_1055_Day_A	61	Picture	stage2_lose	2865198	0	1	10163	1	0	next	other	0
MAXED_1055_Day_A	62	Picture	stage1	2875361	0	1	16328	1	0	next	false_alarm	258
MAXED_1055_Day_A	62	Pulse	99	2880000	4639	NA
MAXED_1055_Day_A	62	Response	1	2891542	16181	1
MAXED_1055_Day_A	63	Picture	stage1_box	2891689	0	1	7664	1	0	next	other	0
MAXED_1055_Day_A	64	Picture	stage1_outcome	2899353	0	1	167	1	0	next	other	0
MAXED_1055_Day_A	65	Picture	stage2A	2899520	0	1	8497	1	0	next	false_alarm	263
MAXED_1055_Day_A	65	Pulse	99	2900000	480	NA
MAXED_1055_Day_A	65	Response	1	2907897	8377	1
MAXED_1055_Day_A	66	Picture	stage2_box	2908017	0	1	7664	1	0	next	other	0
MAXED_1055_Day_A	67	Picture	stage2_up	2915681	0	1	7664	1	0	next	other	0
MAXED_1055_Day_A	67	Pulse	99	2920000	4319	NA
MAXED_1055_Day_A	68	Picture	stage2_lose	2923345	0	1	10163	1	0	next	other	0
MAXED_1055_Day_A	69	Picture	stage1	2933508	0	1	8164	1	0	next	false_alarm	270
MAXED_1055_Day_A	69	Pulse	99	2940000	6492	NA
MAXED_1055_Day_A	69	Response	1	2941515	8007	1
MAXED_1055_Day_A	70	Picture	stage1_box	2941672	0	1	7664	1	0	next	other	0
MAXED_1055_Day_A	71	Picture	stage1_outcome	2949336	0	1	167	1	0	next	other	0
MAXED_1055_Day_A	72	Picture	stage2A	2949503	0	1	6998	1	0	next	false_alarm	274
MAXED_1055_Day_A	72	Response	2	2956309	6807	1
MAXED_1055_Day_A	73	Picture	stage2_box	2956500	0	1	7664	1	0	next	other	0
MAXED_1055_Day_A	73	Pulse	99	2960000	3500	NA
MAXED_1055_Day_A	74	Picture	stage2_up	2964164	0	1	7664	1	0	next	other	0
MAXED_1055_Day_A	75	Picture	stage2_lose	2971828	0	1	10163	1	0	next	other	0
MAXED_1055_Day_A	75	Pulse	99	2980000	8172	NA
MAXED_1055_Day_A	76	Picture	stage1	2981992	0	1	10163	1	0	next	false_alarm	281
MAXED_1055_Day_A	76	Response	2	2991982	9990	1
MAXED_1055_Day_A	77	Picture	stage1_box	2992155	0	1	7664	1	0	next	other	0
MAXED_1055_Day_A	78	Picture	stage1_outcome	2999819	0	1	167	1	0	next	other	0
MAXED_1055_Day_A	79	Picture	stage2B	2999986	0	1	7331	1	0	next	false_alarm	286
MAXED_1055_Day_A	79	Pulse	99	3000000	14	NA
MAXED_1055_Day_A	79	Response	1	3007204	7218	1
MAXED_1055_Day_A	80	Picture	stage2_box	3007316	0	1	7664	1	0	next	other	0
MAXED_1055_Day_A	81	Picture	stage2_up	3014980	0	1	7664	1	0	next	other	0
MAXED_1055_Day_A	81	Pulse	99	3020000	5020	NA
MAXED_1055_Day_A	82	Picture	stage2_lose	3022645	0	1	10163	1	0	next	other	0
MAXED_1055_Day_A	83	Picture	stage1	3032808	0	1	5498	1	0	next	false_alarm	292
MAXED_1055_Day_A	83	Response	2	3038163	5355	1
MAXED_1055_Day_A	84	Picture	stage1_box	3038306	0	1	7664	1	0	next	other	0
MAXED_1055_Day_A	84	Pulse	99	3040000	1694	NA
MAXED_1055_Day_A	85	Picture	stage1_outcome	3045970	0	1	167	1	0	next	other	0
MAXED_1055_Day_A	86	Picture	stage2B	3046137	0	1	4665	1	0	next	false_alarm	297
MAXED_1055_Day_A	86	Response	2	3050678	4542	1
MAXED_1055_Day_A	87	Picture	stage2_box	3050802	0	1	7664	1	0	next	other	0
MAXED_1055_Day_A	88	Picture	stage2_up	3058466	0	1	7664	1	0	next	other	0
MAXED_1055_Day_A	88	Pulse	99	3060000	1534	NA
MAXED_1055_Day_A	89	Picture	stage2_lose	3066130	0	1	10163	1	0	next	other	0
MAXED_1055_Day_A	90	Picture	stage1	3076293	0	1	21493	1	0	next	false_alarm	304
MAXED_1055_Day_A	90	Pulse	99	3080000	3707	NA
MAXED_1055_Day_A	90	Response	1	3097684	21391	1
MAXED_1055_Day_A	91	Picture	stage1_box	3097786	0	1	7664	1	0	next	other	0
MAXED_1055_Day_A	91	Pulse	99	3100000	2214	NA
MAXED_1055_Day_A	92	Picture	stage1_outcome	3105450	0	1	167	1	0	next	other	0
MAXED_1055_Day_A	93	Picture	stage2A	3105617	0	1	11663	1	0	next	false_alarm	309
MAXED_1055_Day_A	93	Response	1	3117134	11517	1
MAXED_1055_Day_A	94	Picture	stage2_box	3117279	0	1	7664	1	0	next	other	0
MAXED_1055_Day_A	94	Pulse	99	3120000	2721	NA
MAXED_1055_Day_A	95	Picture	stage2_up	3124943	0	1	7664	1	0	next	other	0
MAXED_1055_Day_A	96	Picture	stage2_win	3132607	0	1	10163	1	0	next	other	0
MAXED_1055_Day_A	96	Pulse	99	3140000	7393	NA
MAXED_1055_Day_A	97	Picture	stage1	3142771	0	1	10496	1	0	next	false_alarm	316
MAXED_1055_Day_A	97	Response	1	3153087	10316	1
MAXED_1055_Day_A	98	Picture	stage1_box	3153267	0	1	7664	1	0	next	other	0
MAXED_1055_Day_A	98	Pulse	99	3160000	6733	NA
MAXED_1055_Day_A	99	Picture	stage1_outcome	3160931	0	1	167	1	0	next	other	0
MAXED_1055_Day_A	100	Picture	stage2A	3161098	0	1	2999	1	0	next	false_alarm	321
MAXED_1055_Day_A	100	Response	1	3164042	2944	1
MAXED_1055_Day_A	101	Picture	stage2_box	3164097	0	1	7664	1	0	next	other	0
MAXED_1055_Day_A	102	Picture	stage2_up	3171761	0	1	7664	1	0	next	other	0
MAXED_1055_Day_A	103	Picture	stage2_lose	3179425	0	1	10163	1	0	next	other	0
MAXED_1055_Day_A	103	Pulse	99	3180000	575	NA
MAXED_1055_Day_A	104	Picture	stage1	3189588	0	1	5498	1	0	next	false_alarm	327
MAXED_1055_Day_A	104	Response	1	3194974	5386	1
MAXED_1055_Day_A	105	Picture	stage1_box	3195086	0	1	7664	1	0	next	other	0
MAXED_1055_Day_A	105	Pulse	99	3200000	4914	NA
MAXED_1055_Day_A	106	Picture	stage1_outcome	3202750	0	1	167	1	0	next	other	0
MAXED_1055_Day_A	107	Picture	stage2B	3202917	0	1	8664	1	0	next	false_alarm	332
MAXED_1055_Day_A	107	Response	1	3211510	8593	1
MAXED_1055_Day_A	108	Picture	stage2_box	3211581	0	1	7664	1	0	next	other	0
MAXED_1055_Day_A	109	Picture	stage2_up	3219245	0	1	7664	1	0	next	other	0
MAXED_1055_Day_A	109	Pulse	99	3220000	755	NA
MAXED_1055_Day_A	110	Picture	stage2_win	3226909	0	1	10163	1	0	next	other	0
MAXED_1055_Day_A	111	Picture	stage1	3237072	0	1	10330	1	0	next	false_alarm	339
MAXED_1055_Day_A	111	Pulse	99	3240000	2928	NA
MAXED_1055_Day_A	111	Response	1	3247219	10147	1
MAXED_1055_Day_A	112	Picture	stage1_box	3247402	0	1	7664	1	0	next	other	0
MAXED_1055_Day_A	113	Picture	stage1_outcome	3255066	0	1	167	1	0	next	other	0
MAXED_1055_Day_A	114	Picture	stage2A	3255233	0	1	5998	1	0	next	false_alarm	344
MAXED_1055_Day_A	114	Pulse	99	3260000	4767	NA
MAXED_1055_Day_A	114	Response	2	3261193	5960	1
MAXED_1055_Day_A	115	Picture	stage2_box	3261231	0	1	7664	1	0	next	other	0
MAXED_1055_Day_A	116	Picture	stage2_up	3268895	0	1	7664	1	0	next	other	0
MAXED_1055_Day_A	117	Picture	stage2_win	3276559	0	1	10163	1	0	next	other	0
MAXED_1055_Day_A	117	Pulse	99	3280000	3441	NA
MAXED_1055_Day_A	118	Picture	stage1	3286722	0	1	10996	1	0	next	false_alarm	350
MAXED_1055_Day_A	118	Response	2	3297615	10893	1
MAXED_1055_Day_A	119	Picture	stage1_box	3297718	0	1	7664	1	0	next	other	0
MAXED_1055_Day_A	119	Pulse	99	3300000	2282	NA
MAXED_1055_Day_A	120	Picture	stage1_outcome	3305382	0	1	167	1	0	next	other	0
MAXED_1055_Day_A	121	Picture	stage2A	3305549	0	1	11163	1	0	next	false_alarm	355
MAXED_1055_Day_A	121	Response	2	3316596	11047	1
MAXED_1055_Day_A	122	Picture	stage2_box	3316712	0	1	7664	1	0	next	other	0
MAXED_1055_Day_A	122	Pulse	99	3320000	3288	NA
MAXED_1055_Day_A	123	Picture	stage2_up	3324376	0	1	7664	1	0	next	other	0
MAXED_1055_Day_A	124	Picture	stage2_lose	3332040	0	1	10163	1	0	next	other	0
MAXED_1055_Day_A	124	Pulse	99	3340000	7960	NA
MAXED_1055_Day_A	125	Picture	stage1	3342203	0	1	9830	1	0	next	false_alarm	362
MAXED_1055_Day_A	125	Response	2	3351923	9720	1
MAXED_1055_Day_A	126	Picture	stage1_box	3352033	0	1	7664	1	0	next	other	0
MAXED_1055_Day_A	127	Picture	stage1_outcome	3359697	0	1	167	1	0	next	other	0
MAXED_1055_Day_A	128	Picture	stage2B	3359864	0	1	4165	1	0	next	false_alarm	367
MAXED_1055_Day_A	128	Pulse	99	3360000	136	NA
MAXED_1055_Day_A	128	Response	1	3363879	4015	1
MAXED_1055_Day_A	129	Picture	stage2_box	3364029	0	1	7664	1	0	next	other	0
MAXED_1055_Day_A	130	Picture	stage2_up	3371693	0	1	7664	1	0	next	other	0
MAXED_1055_Day_A	131	Picture	stage2_win	3379357	0	1	10163	1	0	next	other	0
MAXED_1055_Day_A	131	Pulse	99	3380000	643	NA
MAXED_1055_Day_A	132	Picture	stage1	3389521	0	1	5831	1	0	next	false_alarm	373
MAXED_1055_Day_A	132	Response	2	3395281	5761	1
MAXED_1055_Day_A	133	Picture	stage1_box	3395352	0	1	7664	1	0	next	other	0
MAXED_1055_Day_A	133	Pulse	99	3400000	4648	NA
MAXED_1055_Day_A	134	Picture	stage1_outcome	3403016	0	1	167	1	0	next	other	0
MAXED_1055_Day_A	135	Picture	stage2B	3403183	0	1	9164	1	0	next	false_alarm	378
MAXED_1055_Day_A	135	Response	1	3412262	9080	1
MAXED_1055_Day_A	136	Picture	stage2_box	3412346	0	1	7664	1	0	next	other	0
MAXED_1055_Day_A	136	Pulse	99	3420000	7654	NA
MAXED_1055_Day_A	137	Picture	stage2_up	3420010	0	1	7664	1	0	next	other	0
MAXED_1055_Day_A	138	Picture	stage2_lose	3427674	0	1	10163	1	0	next	other	0
MAXED_1055_Day_A	139	Picture	stage1	3437838	0	1	11829	1	0	next	false_alarm	385
MAXED_1055_Day_A	139	Pulse	99	3440000	2162	NA
MAXED_1055_Day_A	139	Response	1	3449534	11697	1
MAXED_1055_Day_A	140	Picture	stage1_box	3449667	0	1	7664	1	0	next	other	0
MAXED_1055_Day_A	141	Picture	stage1_outcome	3457331	0	1	167	1	0	next	other	0
MAXED_1055_Day_A	142	Picture	stage2A	3457498	0	1	8830	1	0	next	false_alarm	390
MAXED_1055_Day_A	142	Pulse	99	3460000	2502	NA
MAXED_1055_Day_A	142	Response	1	3466252	8755	1
MAXED_1055_Day_A	143	Picture	stage2_box	3466328	0	1	7664	1	0	next	other	0
MAXED_1055_Day_A	144	Picture	stage2_up	3473992	0	1	7664	1	0	next	other	0
MAXED_1055_Day_A	144	Pulse	99	3480000	6008	NA
MAXED_1055_Day_A	145	Picture	stage2_lose	3481656	0	1	10163	1	0	next	other	0
MAXED_1055_Day_A	146	Picture	stage1	3491819	0	1	3832	1	0	next	false_alarm	396
MAXED_1055_Day_A	146	Response	1	3495479	3659	1
MAXED_1055_Day_A	147	Picture	stage1_box	3495651	0	1	7664	1	0	next	other	0
MAXED_1055_Day_A	147	Pulse	99	3500000	4349	NA
MAXED_1055_Day_A	148	Picture	stage1_outcome	3503315	0	1	167	1	0	next	other	0
MAXED_1055_Day_A	149	Picture	stage2B	3503482	0	1	4332	1	0	next	false_alarm	401
MAXED_1055_Day_A	149	Response	2	3507706	4224	1
MAXED_1055_Day_A	150	Picture	stage2_box	3507814	0	1	7664	1	0	next	other	0
MAXED_1055_Day_A	151	Picture	stage2_up	3515478	0	1	7664	1	0	next	other	0
MAXED_1055_Day_A	151	Pulse	99	3520000	4522	NA
MAXED_1055_Day_A	152	Picture	stage2_lose	3523142	0	1	10163	1	0	next	other	0
MAXED_1055_Day_A	153	Picture	stage1	3533305	0	1	5831	1	0	next	false_alarm	407
MAXED_1055_Day_A	153	Response	1	3538956	5651	1
MAXED_1055_Day_A	154	Picture	stage1_box	3539137	0	1	7664	1	0	next	other	0
MAXED_1055_Day_A	154	Pulse	99	3540000	863	NA
MAXED_1055_Day_A	155	Picture	stage1_outcome	3546801	0	1	167	1	0	next	other	0
MAXED_1055_Day_A	156	Picture	stage2A	3546967	0	1	4332	1	0	next	false_alarm	412
MAXED_1055_Day_A	156	Response	1	3551223	4256	1
MAXED_1055_Day_A	157	Picture	stage2_box	3551299	0	1	7664	1	0	next	other	0
MAXED_1055_Day_A	158	Picture	stage2_up	3558963	0	1	7664	1	0	next	other	0
MAXED_1055_Day_A	158	Pulse	99	3560000	1037	NA
MAXED_1055_Day_A	159	Picture	stage2_lose	3566627	0	1	10163	1	0	next	other	0
MAXED_1055_Day_A	160	Picture	stage1	3576791	0	1	4165	1	0	next	false_alarm	419
MAXED_1055_Day_A	160	Pulse	99	3580000	3209	NA
MAXED_1055_Day_A	160	Response	2	3580842	4052	1
MAXED_1055_Day_A	161	Picture	stage1_box	3580956	0	1	7664	1	0	next	other	0
MAXED_1055_Day_A	162	Picture	stage1_outcome	3588620	0	1	167	1	0	next	other	0
MAXED_1055_Day_A	163	Picture	stage2B	3588786	0	1	4332	1	0	next	false_alarm	423
MAXED_1055_Day_A	163	Response	1	3593008	4222	1
MAXED_1055_Day_A	164	Picture	stage2_box	3593118	0	1	7664	1	0	next	other	0
MAXED_1055_Day_A	164	Pulse	99	3600000	6882	NA
MAXED_1055_Day_A	165	Picture	stage2_up	3600782	0	1	7664	1	0	next	other	0
MAXED_1055_Day_A	166	Picture	stage2_win	3608446	0	1	10163	1	0	next	other	0
MAXED_1055_Day_A	167	Picture	stage1	3618610	0	1	4498	1	0	next	false_alarm	430
MAXED_1055_Day_A	167	Pulse	99	3620000	1390	NA
MAXED_1055_Day_A	167	Response	2	3623063	4453	1
MAXED_1055_Day_A	168	Picture	stage1_box	3623108	0	1	7664	1	0	next	other	0
MAXED_1055_Day_A	169	Picture	stage1_outcome	3630772	0	1	167	1	0	next	other	0
MAXED_1055_Day_A	170	Picture	stage2A	3630939	0	1	4665	1	0	next	false_alarm	434
MAXED_1055_Day_A	170	Response	1	3635466	4527	1
MAXED_1055_Day_A	171	Picture	stage2_box	3635604	0	1	7664	1	0	next	other	0
MAXED_1055_Day_A	171	Pulse	99	3640000	4396	NA
MAXED_1055_Day_A	172	Picture	stage2_up	3643268	0	1	7664	1	0	next	other	0
MAXED_1055_Day_A	173	Picture	stage2_win	3650932	0	1	10163	1	0	next	other	0
MAXED_1055_Day_A	173	Pulse	99	3660000	9068	NA
MAXED_1055_Day_A	174	Picture	stage1	3661095	0	1	3999	1	0	next	false_alarm	441
MAXED_1055_Day_A	174	Response	2	3665043	3948	1
MAXED_1055_Day_A	175	Picture	stage1_box	3665094	0	1	7664	1	0	next	other	0
MAXED_1055_Day_A	176	Picture	stage1_outcome	3672758	0	1	167	1	0	next	other	0
MAXED_1055_Day_A	177	Picture	stage2A	3672925	0	1	4832	1	0	next	false_alarm	445
MAXED_1055_Day_A	177	Response	1	3677676	4752	1
MAXED_1055_Day_A	178	Picture	stage2_box	3677756	0	1	7664	1	0	next	other	0
MAXED_1055_Day_A	178	Pulse	99	3680000	2244	NA
MAXED_1055_Day_A	179	Picture	stage2_up	3685420	0	1	7664	1	0	next	other	0
MAXED_1055_Day_A	180	Picture	stage2_lose	3693085	0	1	10163	1	0	next	other	0
MAXED_1055_Day_A	180	Pulse	99	3700000	6915	NA
MAXED_1055_Day_A	181	Picture	stage1	3703248	0	1	4665	1	0	next	false_alarm	452
MAXED_1055_Day_A	181	Response	2	3707877	4630	1
MAXED_1055_Day_A	182	Picture	stage1_box	3707913	0	1	7664	1	0	next	other	0
MAXED_1055_Day_A	183	Picture	stage1_outcome	3715577	0	1	167	1	0	next	other	0
MAXED_1055_Day_A	184	Picture	stage2B	3715744	0	1	4998	1	0	next	false_alarm	457
MAXED_1055_Day_A	184	Pulse	99	3720000	4256	NA
MAXED_1055_Day_A	184	Response	2	3720681	4938	1
MAXED_1055_Day_A	185	Picture	stage2_box	3720742	0	1	7664	1	0	next	other	0
MAXED_1055_Day_A	186	Picture	stage2_up	3728406	0	1	7664	1	0	next	other	0
MAXED_1055_Day_A	187	Picture	stage2_win	3736070	0	1	10163	1	0	next	other	0
MAXED_1055_Day_A	187	Pulse	99	3740000	3930	NA
MAXED_1055_Day_A	188	Picture	stage1	3746233	0	1	3999	1	0	next	false_alarm	463
MAXED_1055_Day_A	188	Response	2	3750166	3933	1
MAXED_1055_Day_A	189	Picture	stage1_box	3750232	0	1	7664	1	0	next	other	0
MAXED_1055_Day_A	190	Picture	stage1_outcome	3757896	0	1	167	1	0	next	other	0
MAXED_1055_Day_A	191	Picture	stage2B	3758063	0	1	5831	1	0	next	false_alarm	468
MAXED_1055_Day_A	191	Pulse	99	3760000	1937	NA
MAXED_1055_Day_A	191	Response	2	3763755	5692	1
MAXED_1055_Day_A	192	Picture	stage2_box	3763894	0	1	7664	1	0	next	other	0
MAXED_1055_Day_A	193	Picture	stage2_up	3771558	0	1	7664	1	0	next	other	0
MAXED_1055_Day_A	194	Picture	stage2_win	3779222	0	1	10163	1	0	next	other	0
MAXED_1055_Day_A	194	Pulse	99	3780000	778	NA
MAXED_1055_Day_A	195	Picture	stage1	3789385	0	1	4332	1	0	next	false_alarm	474
MAXED_1055_Day_A	195	Response	2	3793626	4240	1
MAXED_1055_Day_A	196	Picture	stage1_box	3793717	0	1	7664	1	0	next	other	0
MAXED_1055_Day_A	196	Pulse	99	3800000	6283	NA
MAXED_1055_Day_A	197	Picture	stage1_outcome	3801381	0	1	167	1	0	next	other	0
MAXED_1055_Day_A	198	Picture	stage2B	3801548	0	1	4165	1	0	next	false_alarm	479
MAXED_1055_Day_A	198	Response	2	3805653	4106	1
MAXED_1055_Day_A	199	Picture	stage2_box	3805713	0	1	7664	1	0	next	other	0
MAXED_1055_Day_A	200	Picture	stage2_up	3813377	0	1	7664	1	0	next	other	0
MAXED_1055_Day_A	200	Pulse	99	3820000	6623	NA
MAXED_1055_Day_A	201	Picture	stage2_lose	3821041	0	1	10163	1	0	next	other	0
MAXED_1055_Day_A	202	Picture	stage1	3831205	0	1	5665	1	0	next	false_alarm	485
MAXED_1055_Day_A	202	Response	2	3836760	5555	1
MAXED_1055_Day_A	203	Picture	stage1_box	3836869	0	1	7664	1	0	next	other	0
MAXED_1055_Day_A	203	Pulse	99	3840000	3131	NA
MAXED_1055_Day_A	204	Picture	stage1_outcome	3844533	0	1	167	1	0	next	other	0
MAXED_1055_Day_A	205	Picture	stage2A	3844700	0	1	5665	1	0	next	false_alarm	490
MAXED_1055_Day_A	205	Response	1	3850234	5534	1
MAXED_1055_Day_A	206	Picture	stage2_box	3850365	0	1	7664	1	0	next	other	0
MAXED_1055_Day_A	207	Picture	stage2_up	3858029	0	1	7664	1	0	next	other	0
MAXED_1055_Day_A	207	Pulse	99	3860000	1971	NA
MAXED_1055_Day_A	208	Picture	stage2_win	3865693	0	1	10163	1	0	next	other	0
MAXED_1055_Day_A	209	Picture	stage1	3875856	0	1	4165	1	0	next	false_alarm	496
MAXED_1055_Day_A	209	Response	1	3879829	3973	1
MAXED_1055_Day_A	209	Pulse	99	3880000	4144	NA
MAXED_1055_Day_A	210	Picture	stage1_box	3880021	0	1	7664	1	0	next	other	0
MAXED_1055_Day_A	211	Picture	stage1_outcome	3887685	0	1	167	1	0	next	other	0
MAXED_1055_Day_A	212	Picture	stage2A	3887852	0	1	4998	1	0	next	false_alarm	501
MAXED_1055_Day_A	212	Response	1	3892767	4915	1
MAXED_1055_Day_A	213	Picture	stage2_box	3892850	0	1	7664	1	0	next	other	0
MAXED_1055_Day_A	213	Pulse	99	3900000	7150	NA
MAXED_1055_Day_A	214	Picture	stage2_up	3900514	0	1	7664	1	0	next	other	0
MAXED_1055_Day_A	215	Picture	stage2_win	3908178	0	1	10163	1	0	next	other	0
MAXED_1055_Day_A	216	Picture	stage1	3918342	0	1	4332	1	0	next	false_alarm	508
MAXED_1055_Day_A	216	Pulse	99	3920000	1658	NA
MAXED_1055_Day_A	216	Response	1	3922508	4166	1
MAXED_1055_Day_A	217	Picture	stage1_box	3922674	0	1	7664	1	0	next	other	0
MAXED_1055_Day_A	218	Picture	stage1_outcome	3930338	0	1	167	1	0	next	other	0
MAXED_1055_Day_A	219	Picture	stage2B	3930504	0	1	4665	1	0	next	false_alarm	512
MAXED_1055_Day_A	219	Response	1	3935140	4636	1
MAXED_1055_Day_A	220	Picture	stage2_box	3935169	0	1	7664	1	0	next	other	0
MAXED_1055_Day_A	220	Pulse	99	3940000	4831	NA
MAXED_1055_Day_A	221	Picture	stage2_up	3942833	0	1	7664	1	0	next	other	0
MAXED_1055_Day_A	222	Picture	stage2_win	3950498	0	1	10163	1	0	next	other	0
MAXED_1055_Day_A	222	Pulse	99	3960000	9503	NA
MAXED_1055_Day_A	223	Pulse	99	3980000	19339	NA
MAXED_1055_Day_A	223	Pulse	99	4000000	39339	NA
MAXED_1055_Day_A	223	Pulse	99	4020000	59339	NA
MAXED_1055_Day_A	223	Pulse	99	4040000	79339	NA
MAXED_1055_Day_A	223	Response	88	4046487	85826	1
