Scenario - 
Logfile written - 08/29/2023 17:50:40

Subject	Trial	Event Type	Code	Time	TTime	Uncertainty	Duration	Uncertainty	ReqTime	ReqDur	Stim Type	Pair Index

MAXED_1064_Day_B	0	Pulse	99	0	0	NA
MAXED_1064_Day_B	1	Picture	instructions_1	3912	0	1	194180	1	0	next	false_alarm	12
MAXED_1064_Day_B	1	Pulse	99	20000	16088	NA
MAXED_1064_Day_B	1	Pulse	99	40000	36088	NA
MAXED_1064_Day_B	1	Pulse	99	60000	56088	NA
MAXED_1064_Day_B	1	Pulse	99	80000	76088	NA
MAXED_1064_Day_B	1	Pulse	99	100000	96088	NA
MAXED_1064_Day_B	1	Pulse	99	120000	116088	NA
MAXED_1064_Day_B	1	Pulse	99	140000	136088	NA
MAXED_1064_Day_B	1	Pulse	99	160000	156088	NA
MAXED_1064_Day_B	1	Pulse	99	180000	176088	NA
MAXED_1064_Day_B	1	Response	88	197984	194072	1
MAXED_1064_Day_B	2	Picture	instructions_2	198093	0	1	47684	1	0	next	false_alarm	17
MAXED_1064_Day_B	2	Pulse	99	200000	1907	NA
MAXED_1064_Day_B	2	Pulse	99	220000	21907	NA
MAXED_1064_Day_B	2	Pulse	99	240000	41907	NA
MAXED_1064_Day_B	2	Response	88	245548	47455	1
MAXED_1064_Day_B	3	Picture	instructions_3	245777	0	1	137532	1	0	next	false_alarm	26
MAXED_1064_Day_B	3	Pulse	99	260000	14223	NA
MAXED_1064_Day_B	3	Pulse	99	280000	34223	NA
MAXED_1064_Day_B	3	Pulse	99	300000	54223	NA
MAXED_1064_Day_B	3	Pulse	99	320000	74223	NA
MAXED_1064_Day_B	3	Pulse	99	340000	94223	NA
MAXED_1064_Day_B	3	Pulse	99	360000	114223	NA
MAXED_1064_Day_B	3	Pulse	99	380000	134223	NA
MAXED_1064_Day_B	3	Response	88	383079	137302	1
MAXED_1064_Day_B	4	Picture	instructions_4	383309	0	1	57529	1	0	next	false_alarm	31
MAXED_1064_Day_B	4	Pulse	99	400000	16691	NA
MAXED_1064_Day_B	4	Pulse	99	420000	36691	NA
MAXED_1064_Day_B	4	Pulse	99	440000	56691	NA
MAXED_1064_Day_B	4	Response	88	440608	57298	1
MAXED_1064_Day_B	5	Picture	instructions_5	440838	0	1	100234	1	0	next	false_alarm	38
MAXED_1064_Day_B	5	Pulse	99	460000	19162	NA
MAXED_1064_Day_B	5	Pulse	99	480000	39162	NA
MAXED_1064_Day_B	5	Pulse	99	500000	59162	NA
MAXED_1064_Day_B	5	Pulse	99	520000	79162	NA
MAXED_1064_Day_B	5	Pulse	99	540000	99162	NA
MAXED_1064_Day_B	5	Response	88	540842	100004	1
MAXED_1064_Day_B	6	Picture	instructions_6	541071	0	1	46789	1	0	next	false_alarm	42
MAXED_1064_Day_B	6	Pulse	99	560000	18929	NA
MAXED_1064_Day_B	6	Pulse	99	580000	38929	NA
MAXED_1064_Day_B	6	Response	88	587632	46560	1
MAXED_1064_Day_B	7	Picture	instructions_7	587860	0	1	120906	1	0	next	false_alarm	50
MAXED_1064_Day_B	7	Pulse	99	600000	12140	NA
MAXED_1064_Day_B	7	Pulse	99	620000	32140	NA
MAXED_1064_Day_B	7	Pulse	99	640000	52140	NA
MAXED_1064_Day_B	7	Pulse	99	660000	72140	NA
MAXED_1064_Day_B	7	Pulse	99	680000	92140	NA
MAXED_1064_Day_B	7	Pulse	99	700000	112140	NA
MAXED_1064_Day_B	7	Response	88	708538	120678	1
MAXED_1064_Day_B	8	Picture	instructions_8	708766	0	1	104906	1	0	next	false_alarm	57
MAXED_1064_Day_B	8	Pulse	99	720000	11234	NA
MAXED_1064_Day_B	8	Pulse	99	740000	31234	NA
MAXED_1064_Day_B	8	Pulse	99	760000	51234	NA
MAXED_1064_Day_B	8	Pulse	99	780000	71234	NA
MAXED_1064_Day_B	8	Pulse	99	800000	91234	NA
MAXED_1064_Day_B	8	Response	88	813444	104678	1
MAXED_1064_Day_B	9	Picture	instructions_9	813672	0	1	49245	1	0	next	false_alarm	62
MAXED_1064_Day_B	9	Pulse	99	820000	6328	NA
MAXED_1064_Day_B	9	Pulse	99	840000	26328	NA
MAXED_1064_Day_B	9	Pulse	99	860000	46328	NA
MAXED_1064_Day_B	9	Response	88	862686	49015	1
MAXED_1064_Day_B	10	Picture	instructions_10	862917	0	1	89512	1	0	next	false_alarm	68
MAXED_1064_Day_B	10	Pulse	99	880000	17083	NA
MAXED_1064_Day_B	10	Pulse	99	900000	37083	NA
MAXED_1064_Day_B	10	Pulse	99	920000	57083	NA
MAXED_1064_Day_B	10	Pulse	99	940000	77083	NA
MAXED_1064_Day_B	10	Response	88	952345	89428	1
MAXED_1064_Day_B	11	Picture	instructions_11	952429	0	1	73727	1	0	next	false_alarm	74
MAXED_1064_Day_B	11	Pulse	99	960000	7571	NA
MAXED_1064_Day_B	11	Pulse	99	980000	27571	NA
MAXED_1064_Day_B	11	Pulse	99	1000000	47571	NA
MAXED_1064_Day_B	11	Pulse	99	1020000	67571	NA
MAXED_1064_Day_B	11	Response	88	1026072	73643	1
MAXED_1064_Day_B	12	Picture	instructions_12	1026156	0	1	72529	1	0	next	false_alarm	79
MAXED_1064_Day_B	12	Pulse	99	1040000	13844	NA
MAXED_1064_Day_B	12	Pulse	99	1060000	33844	NA
MAXED_1064_Day_B	12	Pulse	99	1080000	53844	NA
MAXED_1064_Day_B	12	Response	88	1098456	72299	1
MAXED_1064_Day_B	13	Picture	instructions_13	1098685	0	1	91975	1	0	next	false_alarm	86
MAXED_1064_Day_B	13	Pulse	99	1100000	1315	NA
MAXED_1064_Day_B	13	Pulse	99	1120000	21315	NA
MAXED_1064_Day_B	13	Pulse	99	1140000	41315	NA
MAXED_1064_Day_B	13	Pulse	99	1160000	61315	NA
MAXED_1064_Day_B	13	Pulse	99	1180000	81315	NA
MAXED_1064_Day_B	13	Response	88	1190429	91744	1
MAXED_1064_Day_B	14	Picture	instructions_14	1190660	0	1	833	1	0	next	false_alarm	88
MAXED_1064_Day_B	14	Response	88	1191295	635	1
MAXED_1064_Day_B	15	Picture	instructions_15	1191493	0	1	116397	1	0	next	false_alarm	91
MAXED_1064_Day_B	15	Pulse	99	1200000	8507	NA
MAXED_1064_Day_B	15	Response	1	1205706	14213	1
MAXED_1064_Day_B	15	Pulse	99	1220000	28507	NA
MAXED_1064_Day_B	15	Pulse	99	1240000	48507	NA
MAXED_1064_Day_B	15	Pulse	99	1260000	68507	NA
MAXED_1064_Day_B	15	Pulse	99	1280000	88507	NA
MAXED_1064_Day_B	15	Pulse	99	1300000	108507	NA
MAXED_1064_Day_B	15	Response	88	1307661	116168	1
MAXED_1064_Day_B	16	Picture	instructions_16	1307890	0	1	35997	1	0	next	false_alarm	101
MAXED_1064_Day_B	16	Pulse	99	1320000	12110	NA
MAXED_1064_Day_B	16	Pulse	99	1340000	32110	NA
MAXED_1064_Day_B	16	Response	88	1343760	35870	1
MAXED_1064_Day_B	17	Picture	instructions_17	1343887	0	1	9226	1	0	next	false_alarm	103
MAXED_1064_Day_B	17	Response	88	1352886	8998	1
MAXED_1064_Day_B	18	Picture	instructions_18	1353113	0	1	77623	1	0	next	false_alarm	109
MAXED_1064_Day_B	18	Pulse	99	1360000	6887	NA
MAXED_1064_Day_B	18	Pulse	99	1380000	26887	NA
MAXED_1064_Day_B	18	Pulse	99	1400000	46887	NA
MAXED_1064_Day_B	18	Pulse	99	1420000	66887	NA
MAXED_1064_Day_B	18	Response	88	1430507	77394	1
MAXED_1064_Day_B	19	Picture	instructions_19	1430736	0	1	385571	1	0	next	false_alarm	130
MAXED_1064_Day_B	19	Pulse	99	1440000	9264	NA
MAXED_1064_Day_B	19	Pulse	99	1460000	29264	NA
MAXED_1064_Day_B	19	Pulse	99	1480000	49264	NA
MAXED_1064_Day_B	19	Pulse	99	1500000	69264	NA
MAXED_1064_Day_B	19	Pulse	99	1520000	89264	NA
MAXED_1064_Day_B	19	Pulse	99	1540000	109264	NA
MAXED_1064_Day_B	19	Pulse	99	1560000	129264	NA
MAXED_1064_Day_B	19	Pulse	99	1580000	149264	NA
MAXED_1064_Day_B	19	Pulse	99	1600000	169264	NA
MAXED_1064_Day_B	19	Pulse	99	1620000	189264	NA
MAXED_1064_Day_B	19	Pulse	99	1640000	209264	NA
MAXED_1064_Day_B	19	Pulse	99	1660000	229264	NA
MAXED_1064_Day_B	19	Pulse	99	1680000	249264	NA
MAXED_1064_Day_B	19	Pulse	99	1700000	269264	NA
MAXED_1064_Day_B	19	Pulse	99	1720000	289264	NA
MAXED_1064_Day_B	19	Pulse	99	1740000	309264	NA
MAXED_1064_Day_B	19	Pulse	99	1760000	329264	NA
MAXED_1064_Day_B	19	Pulse	99	1780000	349264	NA
MAXED_1064_Day_B	19	Pulse	99	1800000	369264	NA
MAXED_1064_Day_B	19	Response	88	1816104	385368	1
MAXED_1064_Day_B	20	Picture	instructions_20	1816307	0	1	79243	1	0	next	false_alarm	136
MAXED_1064_Day_B	20	Pulse	99	1820000	3693	NA
MAXED_1064_Day_B	20	Pulse	99	1840000	23693	NA
MAXED_1064_Day_B	20	Pulse	99	1860000	43693	NA
MAXED_1064_Day_B	20	Pulse	99	1880000	63693	NA
MAXED_1064_Day_B	20	Response	88	1895319	79013	1
MAXED_1064_Day_B	21	Picture	instructions_21	1895549	0	1	47545	1	0	next	false_alarm	141
MAXED_1064_Day_B	21	Pulse	99	1900000	4451	NA
MAXED_1064_Day_B	21	Pulse	99	1920000	24451	NA
MAXED_1064_Day_B	21	Pulse	99	1940000	44451	NA
MAXED_1064_Day_B	21	Response	88	1942877	47328	1
MAXED_1064_Day_B	22	Picture	instructions_22	1943094	0	1	42291	1	0	next	false_alarm	145
MAXED_1064_Day_B	22	Pulse	99	1960000	16906	NA
MAXED_1064_Day_B	22	Pulse	99	1980000	36906	NA
MAXED_1064_Day_B	22	Response	88	1985158	42063	1
MAXED_1064_Day_B	23	Picture	instructions_23	1985386	0	1	89398	1	0	next	false_alarm	151
MAXED_1064_Day_B	23	Pulse	99	2000000	14614	NA
MAXED_1064_Day_B	23	Pulse	99	2020000	34614	NA
MAXED_1064_Day_B	23	Pulse	99	2040000	54614	NA
MAXED_1064_Day_B	23	Pulse	99	2060000	74614	NA
MAXED_1064_Day_B	23	Response	88	2074555	89169	1
MAXED_1064_Day_B	24	Picture	instructions_24	2074783	0	1	95394	1	0	next	false_alarm	158
MAXED_1064_Day_B	24	Pulse	99	2080000	5217	NA
MAXED_1064_Day_B	24	Pulse	99	2100000	25217	NA
MAXED_1064_Day_B	24	Pulse	99	2120000	45217	NA
MAXED_1064_Day_B	24	Pulse	99	2140000	65217	NA
MAXED_1064_Day_B	24	Pulse	99	2160000	85217	NA
MAXED_1064_Day_B	24	Response	88	2169948	95165	1
MAXED_1064_Day_B	25	Picture	instructions_25	2170178	0	1	25571	1	0	next	false_alarm	161
MAXED_1064_Day_B	25	Pulse	99	2180000	9822	NA
MAXED_1064_Day_B	25	Response	88	2195520	25343	1
MAXED_1064_Day_B	26	Picture	instructions_26	2195749	0	1	106924	1	0	next	false_alarm	169
MAXED_1064_Day_B	26	Pulse	99	2200000	4252	NA
MAXED_1064_Day_B	26	Pulse	99	2220000	24252	NA
MAXED_1064_Day_B	26	Pulse	99	2240000	44252	NA
MAXED_1064_Day_B	26	Pulse	99	2260000	64252	NA
MAXED_1064_Day_B	26	Pulse	99	2280000	84252	NA
MAXED_1064_Day_B	26	Pulse	99	2300000	104252	NA
MAXED_1064_Day_B	26	Response	88	2302444	106696	1
MAXED_1064_Day_B	27	Picture	instructions_27	2302673	0	1	68709	1	0	next	false_alarm	174
MAXED_1064_Day_B	27	Pulse	99	2320000	17327	NA
MAXED_1064_Day_B	27	Pulse	99	2340000	37327	NA
MAXED_1064_Day_B	27	Pulse	99	2360000	57327	NA
MAXED_1064_Day_B	27	Response	88	2371152	68480	1
MAXED_1064_Day_B	28	Picture	instructions_28	2371382	0	1	14979	1	0	next	false_alarm	177
MAXED_1064_Day_B	28	Pulse	99	2380000	8618	NA
MAXED_1064_Day_B	28	Response	88	2386129	14747	1
MAXED_1064_Day_B	29	Picture	instructions_29	2386361	0	1	32340	1	0	next	false_alarm	180
MAXED_1064_Day_B	29	Pulse	99	2400000	13639	NA
MAXED_1064_Day_B	29	Response	88	2418551	32189	1
MAXED_1064_Day_B	30	Picture	instructions_30	2418701	0	1	147502	1	0	next	false_alarm	190
MAXED_1064_Day_B	30	Pulse	99	2420000	1299	NA
MAXED_1064_Day_B	30	Pulse	99	2440000	21299	NA
MAXED_1064_Day_B	30	Pulse	99	2460000	41299	NA
MAXED_1064_Day_B	30	Pulse	99	2480000	61299	NA
MAXED_1064_Day_B	30	Pulse	99	2500000	81299	NA
MAXED_1064_Day_B	30	Pulse	99	2520000	101299	NA
MAXED_1064_Day_B	30	Pulse	99	2540000	121299	NA
MAXED_1064_Day_B	30	Pulse	99	2560000	141299	NA
MAXED_1064_Day_B	30	Response	88	2565976	147275	1
MAXED_1064_Day_B	31	Picture	instructions_31	2566203	0	1	49853	1	0	next	false_alarm	194
MAXED_1064_Day_B	31	Pulse	99	2580000	13797	NA
MAXED_1064_Day_B	31	Pulse	99	2600000	33797	NA
MAXED_1064_Day_B	31	Response	88	2615829	49626	1
MAXED_1064_Day_B	32	Picture	instructions_32	2616057	0	1	56667	1	0	next	false_alarm	199
MAXED_1064_Day_B	32	Pulse	99	2620000	3943	NA
MAXED_1064_Day_B	32	Pulse	99	2640000	23943	NA
MAXED_1064_Day_B	32	Pulse	99	2660000	43943	NA
MAXED_1064_Day_B	32	Response	88	2672496	56439	1
MAXED_1064_Day_B	33	Picture	instructions_33	2672724	0	1	43260	1	0	next	false_alarm	203
MAXED_1064_Day_B	33	Pulse	99	2680000	7276	NA
MAXED_1064_Day_B	33	Pulse	99	2700000	27276	NA
MAXED_1064_Day_B	33	Response	88	2715752	43028	1
MAXED_1064_Day_B	34	Picture	instructions_34	2715983	0	1	54779	1	0	next	false_alarm	208
MAXED_1064_Day_B	34	Pulse	99	2720000	4017	NA
MAXED_1064_Day_B	34	Pulse	99	2740000	24017	NA
MAXED_1064_Day_B	34	Pulse	99	2760000	44017	NA
MAXED_1064_Day_B	34	Response	88	2770534	54551	1
MAXED_1064_Day_B	35	Picture	instructions_35	2770763	0	1	62682	1	0	next	false_alarm	213
MAXED_1064_Day_B	35	Pulse	99	2780000	9237	NA
MAXED_1064_Day_B	35	Pulse	99	2800000	29237	NA
MAXED_1064_Day_B	35	Pulse	99	2820000	49237	NA
MAXED_1064_Day_B	35	Response	88	2833216	62453	1
MAXED_1064_Day_B	36	Picture	instructions_36	2833445	0	1	71756	1	0	next	false_alarm	219
MAXED_1064_Day_B	36	Pulse	99	2840000	6555	NA
MAXED_1064_Day_B	36	Pulse	99	2860000	26555	NA
MAXED_1064_Day_B	36	Pulse	99	2880000	46555	NA
MAXED_1064_Day_B	36	Pulse	99	2900000	66555	NA
MAXED_1064_Day_B	36	Response	88	2904972	71527	1
MAXED_1064_Day_B	37	Picture	instructions_37	2905201	0	1	52171	1	0	next	false_alarm	223
MAXED_1064_Day_B	37	Pulse	99	2920000	14799	NA
MAXED_1064_Day_B	37	Pulse	99	2940000	34799	NA
MAXED_1064_Day_B	37	Response	88	2957314	52113	1
MAXED_1064_Day_B	38	Picture	instructions_38	2957372	0	1	29217	1	0	next	false_alarm	227
MAXED_1064_Day_B	38	Pulse	99	2960000	2628	NA
MAXED_1064_Day_B	38	Pulse	99	2980000	22628	NA
MAXED_1064_Day_B	38	Response	88	2986532	29160	1
MAXED_1064_Day_B	39	Picture	instructions_39	2986590	0	1	114217	1	0	next	false_alarm	235
MAXED_1064_Day_B	39	Pulse	99	3000000	13410	NA
MAXED_1064_Day_B	39	Pulse	99	3020000	33410	NA
MAXED_1064_Day_B	39	Pulse	99	3040000	53410	NA
MAXED_1064_Day_B	39	Pulse	99	3060000	73410	NA
MAXED_1064_Day_B	39	Pulse	99	3080000	93410	NA
MAXED_1064_Day_B	39	Pulse	99	3100000	113410	NA
MAXED_1064_Day_B	39	Response	88	3100748	114158	1
MAXED_1064_Day_B	40	Picture	instructions_40	3100806	0	1	76979	1	0	next	false_alarm	240
MAXED_1064_Day_B	40	Pulse	99	3120000	19194	NA
MAXED_1064_Day_B	40	Pulse	99	3140000	39194	NA
MAXED_1064_Day_B	40	Pulse	99	3160000	59194	NA
MAXED_1064_Day_B	40	Response	88	3177613	76807	1
MAXED_1064_Day_B	41	Picture	instructions_41	3177786	0	1	46073	1	0	next	false_alarm	245
MAXED_1064_Day_B	41	Pulse	99	3180000	2214	NA
MAXED_1064_Day_B	41	Pulse	99	3200000	22214	NA
MAXED_1064_Day_B	41	Pulse	99	3220000	42214	NA
MAXED_1064_Day_B	41	Response	88	3223801	46015	1
MAXED_1064_Day_B	42	Picture	instructions_42	3223859	0	1	105761	1	0	next	false_alarm	252
MAXED_1064_Day_B	42	Pulse	99	3240000	16141	NA
MAXED_1064_Day_B	42	Pulse	99	3260000	36141	NA
MAXED_1064_Day_B	42	Pulse	99	3280000	56141	NA
MAXED_1064_Day_B	42	Pulse	99	3300000	76141	NA
MAXED_1064_Day_B	42	Pulse	99	3320000	96141	NA
MAXED_1064_Day_B	42	Response	88	3329561	105702	1
MAXED_1064_Day_B	43	Picture	instructions_43	3329620	0	1	50669	1	0	next	false_alarm	257
MAXED_1064_Day_B	43	Pulse	99	3340000	10380	NA
MAXED_1064_Day_B	43	Pulse	99	3360000	30380	NA
MAXED_1064_Day_B	43	Pulse	99	3380000	50380	NA
MAXED_1064_Day_B	43	Response	88	3380231	50611	1
MAXED_1064_Day_B	44	Picture	instructions_44	3380289	0	1	76312	1	0	next	false_alarm	262
MAXED_1064_Day_B	44	Pulse	99	3400000	19711	NA
MAXED_1064_Day_B	44	Pulse	99	3420000	39711	NA
MAXED_1064_Day_B	44	Pulse	99	3440000	59711	NA
MAXED_1064_Day_B	44	Response	88	3456543	76254	1
MAXED_1064_Day_B	45	Picture	instructions_45	3456601	0	1	106924	1	0	next	false_alarm	270
MAXED_1064_Day_B	45	Pulse	99	3460000	3399	NA
MAXED_1064_Day_B	45	Pulse	99	3480000	23399	NA
MAXED_1064_Day_B	45	Pulse	99	3500000	43399	NA
MAXED_1064_Day_B	45	Pulse	99	3520000	63399	NA
MAXED_1064_Day_B	45	Pulse	99	3540000	83399	NA
MAXED_1064_Day_B	45	Pulse	99	3560000	103399	NA
MAXED_1064_Day_B	45	Response	88	3563467	106866	1
MAXED_1064_Day_B	46	Picture	instructions_46	3563525	0	1	19571	1	0	next	false_alarm	273
MAXED_1064_Day_B	46	Pulse	99	3580000	16475	NA
MAXED_1064_Day_B	46	Response	88	3583033	19507	1
MAXED_1064_Day_B	47	Picture	fixation	3583096	0	1	5165	1	0	next	other	0
MAXED_1064_Day_B	47	Response	88	3587687	4591	1
MAXED_1064_Day_B	48	Picture	stage1	3588261	0	1	34822	1	0	next	false_alarm	279
MAXED_1064_Day_B	48	Pulse	99	3600000	11739	NA
MAXED_1064_Day_B	48	Pulse	99	3620000	31739	NA
MAXED_1064_Day_B	48	Response	2	3622877	34616	1
MAXED_1064_Day_B	49	Picture	stage1_box	3623083	0	1	7664	1	0	next	other	0
MAXED_1064_Day_B	50	Picture	stage1_outcome	3630747	0	1	167	1	0	next	other	0
MAXED_1064_Day_B	51	Picture	stage2B	3630913	0	1	24992	1	0	next	false_alarm	284
MAXED_1064_Day_B	51	Pulse	99	3640000	9087	NA
MAXED_1064_Day_B	51	Response	2	3655771	24858	1
MAXED_1064_Day_B	52	Picture	stage2_box	3655905	0	1	7664	1	0	next	other	0
MAXED_1064_Day_B	52	Pulse	99	3660000	4095	NA
MAXED_1064_Day_B	53	Picture	stage2_up	3663569	0	1	7664	1	0	next	other	0
MAXED_1064_Day_B	54	Picture	stage2_lose	3671233	0	1	10051	1	0	next	other	0
MAXED_1064_Day_B	54	Pulse	99	3680000	8767	NA
MAXED_1064_Day_B	55	Picture	stage1	3681284	0	1	17793	1	0	next	false_alarm	291
MAXED_1064_Day_B	55	Response	2	3699027	17743	1
MAXED_1064_Day_B	56	Picture	stage1_box	3699077	0	1	7549	1	0	next	other	0
MAXED_1064_Day_B	56	Pulse	99	3700000	923	NA
MAXED_1064_Day_B	57	Picture	stage1_outcome	3706626	0	1	167	1	0	next	other	0
MAXED_1064_Day_B	58	Picture	stage2B	3706793	0	1	13563	1	0	next	false_alarm	297
MAXED_1064_Day_B	58	Pulse	99	3720000	13207	NA
MAXED_1064_Day_B	58	Response	1	3720299	13506	1
MAXED_1064_Day_B	59	Picture	stage2_box	3720356	0	1	7664	1	0	next	other	0
MAXED_1064_Day_B	60	Picture	stage2_up	3728020	0	1	7664	1	0	next	other	0
MAXED_1064_Day_B	61	Picture	stage2_lose	3735684	0	1	10055	1	0	next	other	0
MAXED_1064_Day_B	61	Pulse	99	3740000	4316	NA
MAXED_1064_Day_B	62	Picture	stage1	3745739	0	1	17686	1	0	next	false_alarm	304
MAXED_1064_Day_B	62	Pulse	99	3760000	14261	NA
MAXED_1064_Day_B	62	Response	1	3763370	17631	1
MAXED_1064_Day_B	63	Picture	stage1_box	3763425	0	1	7550	1	0	next	other	0
MAXED_1064_Day_B	64	Picture	stage1_outcome	3770975	0	1	167	1	0	next	other	0
MAXED_1064_Day_B	65	Picture	stage2A	3771141	0	1	22330	1	0	next	false_alarm	309
MAXED_1064_Day_B	65	Pulse	99	3780000	8859	NA
MAXED_1064_Day_B	65	Response	2	3793417	22276	1
MAXED_1064_Day_B	66	Picture	stage2_box	3793471	0	1	7596	1	0	next	other	0
MAXED_1064_Day_B	66	Pulse	99	3800000	6529	NA
MAXED_1064_Day_B	67	Picture	stage2_up	3801067	0	1	7554	1	0	next	other	0
MAXED_1064_Day_B	68	Picture	stage2_win	3808621	0	1	10051	1	0	next	other	0
MAXED_1064_Day_B	69	Picture	stage1	3818672	0	1	13056	1	0	next	false_alarm	316
MAXED_1064_Day_B	69	Pulse	99	3820000	1328	NA
MAXED_1064_Day_B	69	Response	1	3831677	13005	1
MAXED_1064_Day_B	70	Picture	stage1_box	3831728	0	1	7550	1	0	next	other	0
MAXED_1064_Day_B	71	Picture	stage1_outcome	3839277	0	1	167	1	0	next	other	0
MAXED_1064_Day_B	72	Picture	stage2A	3839444	0	1	4640	1	0	next	false_alarm	321
MAXED_1064_Day_B	72	Pulse	99	3840000	556	NA
MAXED_1064_Day_B	72	Response	2	3844034	4590	1
MAXED_1064_Day_B	73	Picture	stage2_box	3844084	0	1	7550	1	0	next	other	0
MAXED_1064_Day_B	74	Picture	stage2_up	3851634	0	1	7550	1	0	next	other	0
MAXED_1064_Day_B	75	Picture	stage2_win	3859183	0	1	10034	1	0	next	other	0
MAXED_1064_Day_B	75	Pulse	99	3860000	817	NA
MAXED_1064_Day_B	76	Picture	stage1	3869218	0	1	4942	1	0	next	false_alarm	327
MAXED_1064_Day_B	76	Response	1	3874110	4892	1
MAXED_1064_Day_B	77	Picture	stage1_box	3874160	0	1	7550	1	0	next	other	0
MAXED_1064_Day_B	77	Pulse	99	3880000	5840	NA
MAXED_1064_Day_B	78	Picture	stage1_outcome	3881710	0	1	167	1	0	next	other	0
MAXED_1064_Day_B	79	Picture	stage2A	3881876	0	1	5480	1	0	next	false_alarm	332
MAXED_1064_Day_B	79	Response	2	3887306	5430	1
MAXED_1064_Day_B	80	Picture	stage2_box	3887356	0	1	7550	1	0	next	other	0
MAXED_1064_Day_B	81	Picture	stage2_up	3894906	0	1	7549	1	0	next	other	0
MAXED_1064_Day_B	81	Pulse	99	3900000	5094	NA
MAXED_1064_Day_B	82	Picture	stage2_win	3902456	0	1	10050	1	0	next	other	0
MAXED_1064_Day_B	83	Picture	stage1	3912506	0	1	3739	1	0	next	false_alarm	338
MAXED_1064_Day_B	83	Response	1	3916195	3689	1
MAXED_1064_Day_B	84	Picture	stage1_box	3916245	0	1	7662	1	0	next	other	0
MAXED_1064_Day_B	84	Pulse	99	3920000	3755	NA
MAXED_1064_Day_B	85	Picture	stage1_outcome	3923907	0	1	167	1	0	next	other	0
MAXED_1064_Day_B	86	Picture	stage2B	3924073	0	1	4097	1	0	next	false_alarm	343
MAXED_1064_Day_B	86	Response	2	3928120	4047	1
MAXED_1064_Day_B	87	Picture	stage2_box	3928170	0	1	7664	1	0	next	other	0
MAXED_1064_Day_B	88	Picture	stage2_up	3935834	0	1	7664	1	0	next	other	0
MAXED_1064_Day_B	88	Pulse	99	3940000	4166	NA
MAXED_1064_Day_B	89	Picture	stage2_lose	3943499	0	1	10050	1	0	next	other	0
MAXED_1064_Day_B	90	Picture	stage1	3953549	0	1	29009	1	0	next	false_alarm	351
MAXED_1064_Day_B	90	Pulse	99	3960000	6451	NA
MAXED_1064_Day_B	90	Pulse	99	3980000	26451	NA
MAXED_1064_Day_B	90	Response	1	3982508	28959	1
MAXED_1064_Day_B	91	Picture	stage1_box	3982558	0	1	7550	1	0	next	other	0
MAXED_1064_Day_B	92	Picture	stage1_outcome	3990109	0	1	167	1	0	next	other	0
MAXED_1064_Day_B	93	Picture	stage2B	3990275	0	1	34479	1	0	next	false_alarm	357
MAXED_1064_Day_B	93	Pulse	99	4000000	9725	NA
MAXED_1064_Day_B	93	Pulse	99	4020000	29725	NA
MAXED_1064_Day_B	93	Response	2	4024704	34428	1
MAXED_1064_Day_B	94	Picture	stage2_box	4024754	0	1	7664	1	0	next	other	0
MAXED_1064_Day_B	95	Picture	stage2_up	4032418	0	1	7664	1	0	next	other	0
MAXED_1064_Day_B	95	Pulse	99	4040000	7582	NA
MAXED_1064_Day_B	96	Picture	stage2_lose	4040082	0	1	10051	1	0	next	other	0
MAXED_1064_Day_B	97	Picture	stage1	4050133	0	1	51235	1	0	next	false_alarm	366
MAXED_1064_Day_B	97	Pulse	99	4060000	9867	NA
MAXED_1064_Day_B	97	Pulse	99	4080000	29867	NA
MAXED_1064_Day_B	97	Pulse	99	4100000	49867	NA
MAXED_1064_Day_B	97	Response	2	4101318	51185	1
MAXED_1064_Day_B	98	Picture	stage1_box	4101368	0	1	7550	1	0	next	other	0
MAXED_1064_Day_B	99	Picture	stage1_outcome	4108918	0	1	167	1	0	next	other	0
MAXED_1064_Day_B	100	Picture	stage2A	4109085	0	1	44439	1	0	next	false_alarm	372
MAXED_1064_Day_B	100	Pulse	99	4120000	10915	NA
MAXED_1064_Day_B	100	Pulse	99	4140000	30915	NA
MAXED_1064_Day_B	100	Response	2	4153474	44389	1
MAXED_1064_Day_B	101	Picture	stage2_box	4153524	0	1	7550	1	0	next	other	0
MAXED_1064_Day_B	101	Pulse	99	4160000	6476	NA
MAXED_1064_Day_B	102	Picture	stage2_up	4161074	0	1	7550	1	0	next	other	0
MAXED_1064_Day_B	103	Picture	stage2_win	4168624	0	1	10051	1	0	next	other	0
MAXED_1064_Day_B	104	Picture	stage1	4178675	0	1	13410	1	0	next	false_alarm	379
MAXED_1064_Day_B	104	Pulse	99	4180000	1325	NA
MAXED_1064_Day_B	104	Response	2	4192035	13361	1
MAXED_1064_Day_B	105	Picture	stage1_box	4192085	0	1	7550	1	0	next	other	0
MAXED_1064_Day_B	106	Picture	stage1_outcome	4199636	0	1	167	1	0	next	other	0
MAXED_1064_Day_B	107	Picture	stage2B	4199802	0	1	20424	1	0	next	false_alarm	385
MAXED_1064_Day_B	107	Pulse	99	4200000	198	NA
MAXED_1064_Day_B	107	Pulse	99	4220000	20198	NA
MAXED_1064_Day_B	107	Response	1	4220176	20374	1
MAXED_1064_Day_B	108	Picture	stage2_box	4220227	0	1	7664	1	0	next	other	0
MAXED_1064_Day_B	109	Picture	stage2_up	4227891	0	1	7664	1	0	next	other	0
MAXED_1064_Day_B	110	Picture	stage2_win	4235555	0	1	10163	1	0	next	other	0
MAXED_1064_Day_B	110	Pulse	99	4240000	4445	NA
MAXED_1064_Day_B	111	Picture	stage1	4245718	0	1	17538	1	0	next	false_alarm	392
MAXED_1064_Day_B	111	Pulse	99	4260000	14282	NA
MAXED_1064_Day_B	111	Response	2	4263206	17488	1
MAXED_1064_Day_B	112	Picture	stage1_box	4263256	0	1	7550	1	0	next	other	0
MAXED_1064_Day_B	113	Picture	stage1_outcome	4270806	0	1	167	1	0	next	other	0
MAXED_1064_Day_B	114	Picture	stage2B	4270972	0	1	5616	1	0	next	false_alarm	396
MAXED_1064_Day_B	114	Response	1	4276537	5565	1
MAXED_1064_Day_B	115	Picture	stage2_box	4276588	0	1	7664	1	0	next	other	0
MAXED_1064_Day_B	115	Pulse	99	4280000	3412	NA
MAXED_1064_Day_B	116	Picture	stage2_up	4284252	0	1	7664	1	0	next	other	0
MAXED_1064_Day_B	117	Picture	stage2_lose	4291916	0	1	10050	1	0	next	other	0
MAXED_1064_Day_B	117	Pulse	99	4300000	8084	NA
MAXED_1064_Day_B	118	Picture	stage1	4301966	0	1	14635	1	0	next	false_alarm	403
MAXED_1064_Day_B	118	Response	1	4316551	14585	1
MAXED_1064_Day_B	119	Picture	stage1_box	4316601	0	1	7550	1	0	next	other	0
MAXED_1064_Day_B	119	Pulse	99	4320000	3399	NA
MAXED_1064_Day_B	120	Picture	stage1_outcome	4324151	0	1	167	1	0	next	other	0
MAXED_1064_Day_B	121	Picture	stage2A	4324317	0	1	10879	1	0	next	false_alarm	408
MAXED_1064_Day_B	121	Response	2	4335146	10829	1
MAXED_1064_Day_B	122	Picture	stage2_box	4335196	0	1	7550	1	0	next	other	0
MAXED_1064_Day_B	122	Pulse	99	4340000	4804	NA
MAXED_1064_Day_B	123	Picture	stage2_up	4342746	0	1	7550	1	0	next	other	0
MAXED_1064_Day_B	124	Picture	stage2_lose	4350296	0	1	10050	1	0	next	other	0
MAXED_1064_Day_B	124	Pulse	99	4360000	9704	NA
MAXED_1064_Day_B	125	Picture	stage1	4360347	0	1	13033	1	0	next	false_alarm	415
MAXED_1064_Day_B	125	Response	1	4373330	12983	1
MAXED_1064_Day_B	126	Picture	stage1_box	4373380	0	1	7550	1	0	next	other	0
MAXED_1064_Day_B	126	Pulse	99	4380000	6620	NA
MAXED_1064_Day_B	127	Picture	stage1_outcome	4380929	0	1	167	1	0	next	other	0
MAXED_1064_Day_B	128	Picture	stage2A	4381096	0	1	6675	1	0	next	false_alarm	420
MAXED_1064_Day_B	128	Response	1	4387716	6619	1
MAXED_1064_Day_B	129	Picture	stage2_box	4387771	0	1	7551	1	0	next	other	0
MAXED_1064_Day_B	130	Picture	stage2_up	4395322	0	1	7551	1	0	next	other	0
MAXED_1064_Day_B	130	Pulse	99	4400000	4678	NA
MAXED_1064_Day_B	131	Picture	stage2_lose	4402873	0	1	10050	1	0	next	other	0
MAXED_1064_Day_B	132	Picture	stage1	4412923	0	1	6903	1	0	next	false_alarm	426
MAXED_1064_Day_B	132	Response	2	4419775	6852	1
MAXED_1064_Day_B	133	Picture	stage1_box	4419826	0	1	7549	1	0	next	other	0
MAXED_1064_Day_B	133	Pulse	99	4420000	174	NA
MAXED_1064_Day_B	134	Picture	stage1_outcome	4427375	0	1	167	1	0	next	other	0
MAXED_1064_Day_B	135	Picture	stage2B	4427542	0	1	74154	1	0	next	false_alarm	435
MAXED_1064_Day_B	135	Pulse	99	4440000	12458	NA
MAXED_1064_Day_B	135	Pulse	99	4460000	32458	NA
MAXED_1064_Day_B	135	Pulse	99	4480000	52458	NA
MAXED_1064_Day_B	135	Pulse	99	4500000	72458	NA
MAXED_1064_Day_B	135	Response	1	4501645	74104	1
MAXED_1064_Day_B	136	Picture	stage2_box	4501696	0	1	7664	1	0	next	other	0
MAXED_1064_Day_B	137	Picture	stage2_up	4509360	0	1	7664	1	0	next	other	0
MAXED_1064_Day_B	138	Picture	stage2_lose	4517024	0	1	10050	1	0	next	other	0
MAXED_1064_Day_B	138	Pulse	99	4520000	2976	NA
MAXED_1064_Day_B	139	Picture	stage1	4527074	0	1	9377	1	0	next	false_alarm	441
MAXED_1064_Day_B	139	Response	1	4536401	9327	1
MAXED_1064_Day_B	140	Picture	stage1_box	4536451	0	1	7550	1	0	next	other	0
MAXED_1064_Day_B	140	Pulse	99	4540000	3549	NA
MAXED_1064_Day_B	141	Picture	stage1_outcome	4544001	0	1	167	1	0	next	other	0
MAXED_1064_Day_B	142	Picture	stage2A	4544167	0	1	4441	1	0	next	false_alarm	446
MAXED_1064_Day_B	142	Response	2	4548558	4391	1
MAXED_1064_Day_B	143	Picture	stage2_box	4548608	0	1	7550	1	0	next	other	0
MAXED_1064_Day_B	144	Picture	stage2_up	4556158	0	1	7550	1	0	next	other	0
MAXED_1064_Day_B	144	Pulse	99	4560000	3842	NA
MAXED_1064_Day_B	145	Picture	stage2_win	4563708	0	1	10150	1	0	next	other	0
MAXED_1064_Day_B	146	Picture	stage1	4573858	0	1	15877	1	0	next	false_alarm	453
MAXED_1064_Day_B	146	Pulse	99	4580000	6142	NA
MAXED_1064_Day_B	146	Response	1	4589685	15827	1
MAXED_1064_Day_B	147	Picture	stage1_box	4589735	0	1	7550	1	0	next	other	0
MAXED_1064_Day_B	148	Picture	stage1_outcome	4597285	0	1	167	1	0	next	other	0
MAXED_1064_Day_B	149	Picture	stage2A	4597451	0	1	7250	1	0	next	false_alarm	458
MAXED_1064_Day_B	149	Pulse	99	4600000	2549	NA
MAXED_1064_Day_B	149	Response	2	4604651	7200	1
MAXED_1064_Day_B	150	Picture	stage2_box	4604701	0	1	7550	1	0	next	other	0
MAXED_1064_Day_B	151	Picture	stage2_up	4612251	0	1	7550	1	0	next	other	0
MAXED_1064_Day_B	152	Picture	stage2_win	4619801	0	1	10050	1	0	next	other	0
MAXED_1064_Day_B	152	Pulse	99	4620000	199	NA
MAXED_1064_Day_B	153	Picture	stage1	4629851	0	1	6994	1	0	next	false_alarm	464
MAXED_1064_Day_B	153	Response	1	4636795	6944	1
MAXED_1064_Day_B	154	Picture	stage1_box	4636845	0	1	7550	1	0	next	other	0
MAXED_1064_Day_B	154	Pulse	99	4640000	3155	NA
MAXED_1064_Day_B	155	Picture	stage1_outcome	4644395	0	1	167	1	0	next	other	0
MAXED_1064_Day_B	156	Picture	stage2A	4644561	0	1	5546	1	0	next	false_alarm	469
MAXED_1064_Day_B	156	Response	2	4650058	5496	1
MAXED_1064_Day_B	157	Picture	stage2_box	4650108	0	1	7550	1	0	next	other	0
MAXED_1064_Day_B	158	Picture	stage2_up	4657657	0	1	7550	1	0	next	other	0
MAXED_1064_Day_B	158	Pulse	99	4660000	2343	NA
MAXED_1064_Day_B	159	Picture	stage2_win	4665207	0	1	10050	1	0	next	other	0
MAXED_1064_Day_B	160	Picture	stage1	4675257	0	1	7820	1	0	next	false_alarm	476
MAXED_1064_Day_B	160	Pulse	99	4680000	4743	NA
MAXED_1064_Day_B	160	Response	1	4682899	7642	1
MAXED_1064_Day_B	161	Picture	stage1_box	4683077	0	1	7550	1	0	next	other	0
MAXED_1064_Day_B	162	Picture	stage1_outcome	4690627	0	1	167	1	0	next	other	0
MAXED_1064_Day_B	163	Picture	stage2B	4690794	0	1	17625	1	0	next	false_alarm	481
MAXED_1064_Day_B	163	Pulse	99	4700000	9206	NA
MAXED_1064_Day_B	163	Response	2	4708368	17575	1
MAXED_1064_Day_B	164	Picture	stage2_box	4708418	0	1	7664	1	0	next	other	0
MAXED_1064_Day_B	165	Picture	stage2_up	4716083	0	1	7664	1	0	next	other	0
MAXED_1064_Day_B	165	Pulse	99	4720000	3917	NA
MAXED_1064_Day_B	166	Picture	stage2_lose	4723747	0	1	10050	1	0	next	other	0
MAXED_1064_Day_B	167	Picture	stage1	4733797	0	1	13961	1	0	next	false_alarm	488
MAXED_1064_Day_B	167	Pulse	99	4740000	6203	NA
MAXED_1064_Day_B	167	Response	1	4747707	13910	1
MAXED_1064_Day_B	168	Picture	stage1_box	4747758	0	1	7550	1	0	next	other	0
MAXED_1064_Day_B	169	Picture	stage1_outcome	4755307	0	1	167	1	0	next	other	0
MAXED_1064_Day_B	170	Picture	stage2B	4755474	0	1	21743	1	0	next	false_alarm	493
MAXED_1064_Day_B	170	Pulse	99	4760000	4526	NA
MAXED_1064_Day_B	170	Response	1	4777167	21693	1
MAXED_1064_Day_B	171	Picture	stage2_box	4777217	0	1	7664	1	0	next	other	0
MAXED_1064_Day_B	171	Pulse	99	4780000	2783	NA
MAXED_1064_Day_B	172	Picture	stage2_up	4784881	0	1	7664	1	0	next	other	0
MAXED_1064_Day_B	173	Picture	stage2_win	4792545	0	1	10163	1	0	next	other	0
MAXED_1064_Day_B	173	Pulse	99	4800000	7455	NA
MAXED_1064_Day_B	174	Picture	stage1	4802709	0	1	16772	1	0	next	false_alarm	500
MAXED_1064_Day_B	174	Response	2	4819431	16722	1
MAXED_1064_Day_B	175	Picture	stage1_box	4819481	0	1	7550	1	0	next	other	0
MAXED_1064_Day_B	175	Pulse	99	4820000	519	NA
MAXED_1064_Day_B	176	Picture	stage1_outcome	4827031	0	1	167	1	0	next	other	0
MAXED_1064_Day_B	177	Picture	stage2B	4827197	0	1	5420	1	0	next	false_alarm	505
MAXED_1064_Day_B	177	Response	1	4832567	5370	1
MAXED_1064_Day_B	178	Picture	stage2_box	4832617	0	1	7664	1	0	next	other	0
MAXED_1064_Day_B	178	Pulse	99	4840000	7383	NA
MAXED_1064_Day_B	179	Picture	stage2_up	4840281	0	1	7664	1	0	next	other	0
MAXED_1064_Day_B	180	Picture	stage2_win	4847945	0	1	10163	1	0	next	other	0
MAXED_1064_Day_B	181	Picture	stage1	4858108	0	1	4665	1	0	next	false_alarm	512
MAXED_1064_Day_B	181	Pulse	99	4860000	1892	NA
MAXED_1064_Day_B	181	Response	1	4862630	4521	1
MAXED_1064_Day_B	182	Picture	stage1_box	4862773	0	1	7550	1	0	next	other	0
MAXED_1064_Day_B	183	Picture	stage1_outcome	4870324	0	1	167	1	0	next	other	0
MAXED_1064_Day_B	184	Picture	stage2B	4870490	0	1	9641	1	0	next	false_alarm	517
MAXED_1064_Day_B	184	Pulse	99	4880000	9510	NA
MAXED_1064_Day_B	184	Response	1	4880081	9590	1
MAXED_1064_Day_B	185	Picture	stage2_box	4880131	0	1	7664	1	0	next	other	0
MAXED_1064_Day_B	186	Picture	stage2_up	4887795	0	1	7664	1	0	next	other	0
MAXED_1064_Day_B	187	Picture	stage2_win	4895459	0	1	10163	1	0	next	other	0
MAXED_1064_Day_B	187	Pulse	99	4900000	4541	NA
MAXED_1064_Day_B	188	Picture	stage1	4905623	0	1	4165	1	0	next	false_alarm	523
MAXED_1064_Day_B	188	Response	2	4909758	4135	1
MAXED_1064_Day_B	189	Picture	stage1_box	4909788	0	1	7664	1	0	next	other	0
MAXED_1064_Day_B	190	Picture	stage1_outcome	4917452	0	1	167	1	0	next	other	0
MAXED_1064_Day_B	191	Picture	stage2A	4917619	0	1	8815	1	0	next	false_alarm	528
MAXED_1064_Day_B	191	Pulse	99	4920000	2381	NA
MAXED_1064_Day_B	191	Response	2	4926384	8765	1
MAXED_1064_Day_B	192	Picture	stage2_box	4926434	0	1	7550	1	0	next	other	0
MAXED_1064_Day_B	193	Picture	stage2_up	4933983	0	1	7550	1	0	next	other	0
MAXED_1064_Day_B	193	Pulse	99	4940000	6017	NA
MAXED_1064_Day_B	194	Picture	stage2_win	4941533	0	1	10050	1	0	next	other	0
MAXED_1064_Day_B	195	Picture	stage1	4951584	0	1	5608	1	0	next	false_alarm	534
MAXED_1064_Day_B	195	Response	1	4957141	5557	1
MAXED_1064_Day_B	196	Picture	stage1_box	4957191	0	1	7550	1	0	next	other	0
MAXED_1064_Day_B	196	Pulse	99	4960000	2809	NA
MAXED_1064_Day_B	197	Picture	stage1_outcome	4964741	0	1	167	1	0	next	other	0
MAXED_1064_Day_B	198	Picture	stage2A	4964908	0	1	9646	1	0	next	false_alarm	539
MAXED_1064_Day_B	198	Response	2	4974504	9596	1
MAXED_1064_Day_B	199	Picture	stage2_box	4974554	0	1	7549	1	0	next	other	0
MAXED_1064_Day_B	199	Pulse	99	4980000	5446	NA
MAXED_1064_Day_B	200	Picture	stage2_up	4982103	0	1	7550	1	0	next	other	0
MAXED_1064_Day_B	201	Picture	stage2_win	4989653	0	1	10050	1	0	next	other	0
MAXED_1064_Day_B	202	Picture	stage1	4999703	0	1	4542	1	0	next	false_alarm	546
MAXED_1064_Day_B	202	Pulse	99	5000000	297	NA
MAXED_1064_Day_B	202	Response	2	5004195	4492	1
MAXED_1064_Day_B	203	Picture	stage1_box	5004245	0	1	7549	1	0	next	other	0
MAXED_1064_Day_B	204	Picture	stage1_outcome	5011794	0	1	167	1	0	next	other	0
MAXED_1064_Day_B	205	Picture	stage2B	5011961	0	1	5512	1	0	next	false_alarm	550
MAXED_1064_Day_B	205	Response	1	5017422	5461	1
MAXED_1064_Day_B	206	Picture	stage2_box	5017472	0	1	7664	1	0	next	other	0
MAXED_1064_Day_B	206	Pulse	99	5020000	2528	NA
MAXED_1064_Day_B	207	Picture	stage2_up	5025137	0	1	7664	1	0	next	other	0
MAXED_1064_Day_B	208	Picture	stage2_lose	5032801	0	1	10050	1	0	next	other	0
MAXED_1064_Day_B	208	Pulse	99	5040000	7199	NA
MAXED_1064_Day_B	209	Picture	stage1	5042851	0	1	10389	1	0	next	false_alarm	557
MAXED_1064_Day_B	209	Response	1	5053190	10339	1
MAXED_1064_Day_B	210	Picture	stage1_box	5053240	0	1	7671	1	0	next	other	0
MAXED_1064_Day_B	210	Pulse	99	5060000	6760	NA
MAXED_1064_Day_B	211	Picture	stage1_outcome	5060911	0	1	167	1	0	next	other	0
MAXED_1064_Day_B	212	Picture	stage2B	5061078	0	1	8296	1	0	next	false_alarm	562
MAXED_1064_Day_B	212	Response	2	5069324	8246	1
MAXED_1064_Day_B	213	Picture	stage2_box	5069374	0	1	7664	1	0	next	other	0
MAXED_1064_Day_B	214	Picture	stage2_up	5077038	0	1	7664	1	0	next	other	0
MAXED_1064_Day_B	214	Pulse	99	5080000	2962	NA
MAXED_1064_Day_B	215	Picture	stage2_lose	5084702	0	1	10050	1	0	next	other	0
MAXED_1064_Day_B	216	Picture	stage1	5094753	0	1	8164	1	0	next	false_alarm	569
MAXED_1064_Day_B	216	Pulse	99	5100000	5247	NA
MAXED_1064_Day_B	216	Response	2	5102867	8115	1
MAXED_1064_Day_B	217	Picture	stage1_box	5102917	0	1	7550	1	0	next	other	0
MAXED_1064_Day_B	218	Picture	stage1_outcome	5110467	0	1	167	1	0	next	other	0
MAXED_1064_Day_B	219	Picture	stage2A	5110634	0	1	6928	1	0	next	false_alarm	573
MAXED_1064_Day_B	219	Response	2	5117512	6878	1
MAXED_1064_Day_B	220	Picture	stage2_box	5117562	0	1	7550	1	0	next	other	0
MAXED_1064_Day_B	220	Pulse	99	5120000	2438	NA
MAXED_1064_Day_B	221	Picture	stage2_up	5125111	0	1	7550	1	0	next	other	0
MAXED_1064_Day_B	222	Picture	stage2_win	5132661	0	1	10054	1	0	next	other	0
MAXED_1064_Day_B	222	Pulse	99	5140000	7339	NA
MAXED_1064_Day_B	223	Pulse	99	5160000	17285	NA
MAXED_1064_Day_B	223	Pulse	99	5180000	37285	NA
MAXED_1064_Day_B	223	Response	2	5193898	51183	1
MAXED_1064_Day_B	223	Pulse	99	5200000	57285	NA
MAXED_1064_Day_B	223	Pulse	99	5220000	77285	NA
MAXED_1064_Day_B	223	Response	88	5236819	94104	1
