Scenario - 
Logfile written - 11/29/2023 17:57:53

Subject	Trial	Event Type	Code	Time	TTime	Uncertainty	Duration	Uncertainty	ReqTime	ReqDur	Stim Type	Pair Index

MAXED_1067_Day_B	0	Pulse	99	0	0	NA
MAXED_1067_Day_B	1	Picture	instructions_1	500	0	1	271459	1	0	next	false_alarm	16
MAXED_1067_Day_B	1	Pulse	99	20000	19500	NA
MAXED_1067_Day_B	1	Pulse	99	40000	39500	NA
MAXED_1067_Day_B	1	Pulse	99	60000	59500	NA
MAXED_1067_Day_B	1	Pulse	99	80000	79500	NA
MAXED_1067_Day_B	1	Pulse	99	100000	99500	NA
MAXED_1067_Day_B	1	Pulse	99	120000	119500	NA
MAXED_1067_Day_B	1	Pulse	99	140000	139500	NA
MAXED_1067_Day_B	1	Pulse	99	160000	159500	NA
MAXED_1067_Day_B	1	Pulse	99	180000	179500	NA
MAXED_1067_Day_B	1	Pulse	99	200000	199500	NA
MAXED_1067_Day_B	1	Pulse	99	220000	219500	NA
MAXED_1067_Day_B	1	Pulse	99	240000	239500	NA
MAXED_1067_Day_B	1	Pulse	99	260000	259500	NA
MAXED_1067_Day_B	1	Response	88	271659	271159	1
MAXED_1067_Day_B	2	Picture	instructions_2	271959	0	1	66409	1	0	next	false_alarm	21
MAXED_1067_Day_B	2	Pulse	99	280000	8041	NA
MAXED_1067_Day_B	2	Pulse	99	300000	28041	NA
MAXED_1067_Day_B	2	Pulse	99	320000	48041	NA
MAXED_1067_Day_B	2	Response	88	338139	66180	1
MAXED_1067_Day_B	3	Picture	instructions_3	338368	0	1	50489	1	0	next	false_alarm	26
MAXED_1067_Day_B	3	Pulse	99	340000	1632	NA
MAXED_1067_Day_B	3	Pulse	99	360000	21632	NA
MAXED_1067_Day_B	3	Pulse	99	380000	41632	NA
MAXED_1067_Day_B	3	Response	88	388628	50260	1
MAXED_1067_Day_B	4	Picture	instructions_4	388857	0	1	63711	1	0	next	false_alarm	31
MAXED_1067_Day_B	4	Pulse	99	400000	11143	NA
MAXED_1067_Day_B	4	Pulse	99	420000	31143	NA
MAXED_1067_Day_B	4	Pulse	99	440000	51143	NA
MAXED_1067_Day_B	4	Response	88	452337	63480	1
MAXED_1067_Day_B	5	Picture	instructions_5	452568	0	1	107725	1	0	next	false_alarm	39
MAXED_1067_Day_B	5	Pulse	99	460000	7432	NA
MAXED_1067_Day_B	5	Pulse	99	480000	27432	NA
MAXED_1067_Day_B	5	Pulse	99	500000	47432	NA
MAXED_1067_Day_B	5	Pulse	99	520000	67432	NA
MAXED_1067_Day_B	5	Pulse	99	540000	87432	NA
MAXED_1067_Day_B	5	Pulse	99	560000	107432	NA
MAXED_1067_Day_B	5	Response	88	560063	107495	1
MAXED_1067_Day_B	6	Picture	instructions_6	560293	0	1	37229	1	0	next	false_alarm	42
MAXED_1067_Day_B	6	Pulse	99	580000	19707	NA
MAXED_1067_Day_B	6	Response	88	597293	36999	1
MAXED_1067_Day_B	7	Picture	instructions_7	597522	0	1	120254	1	0	next	false_alarm	50
MAXED_1067_Day_B	7	Pulse	99	600000	2478	NA
MAXED_1067_Day_B	7	Pulse	99	620000	22478	NA
MAXED_1067_Day_B	7	Pulse	99	640000	42478	NA
MAXED_1067_Day_B	7	Pulse	99	660000	62478	NA
MAXED_1067_Day_B	7	Pulse	99	680000	82478	NA
MAXED_1067_Day_B	7	Pulse	99	700000	102478	NA
MAXED_1067_Day_B	7	Response	88	717549	120027	1
MAXED_1067_Day_B	8	Picture	instructions_8	717776	0	1	147364	1	0	next	false_alarm	60
MAXED_1067_Day_B	8	Pulse	99	720000	2224	NA
MAXED_1067_Day_B	8	Pulse	99	740000	22224	NA
MAXED_1067_Day_B	8	Pulse	99	760000	42224	NA
MAXED_1067_Day_B	8	Pulse	99	780000	62224	NA
MAXED_1067_Day_B	8	Pulse	99	800000	82224	NA
MAXED_1067_Day_B	8	Pulse	99	820000	102224	NA
MAXED_1067_Day_B	8	Pulse	99	840000	122224	NA
MAXED_1067_Day_B	8	Pulse	99	860000	142224	NA
MAXED_1067_Day_B	8	Response	88	864911	147135	1
MAXED_1067_Day_B	9	Picture	instructions_9	865140	0	1	29685	1	0	next	false_alarm	63
MAXED_1067_Day_B	9	Pulse	99	880000	14860	NA
MAXED_1067_Day_B	9	Response	88	894593	29453	1
MAXED_1067_Day_B	10	Picture	instructions_10	894825	0	1	91664	1	0	next	false_alarm	70
MAXED_1067_Day_B	10	Pulse	99	900000	5175	NA
MAXED_1067_Day_B	10	Pulse	99	920000	25175	NA
MAXED_1067_Day_B	10	Pulse	99	940000	45175	NA
MAXED_1067_Day_B	10	Pulse	99	960000	65175	NA
MAXED_1067_Day_B	10	Pulse	99	980000	85175	NA
MAXED_1067_Day_B	10	Response	88	986258	91433	1
MAXED_1067_Day_B	11	Picture	instructions_11	986489	0	1	187441	1	0	next	false_alarm	81
MAXED_1067_Day_B	11	Pulse	99	1000000	13511	NA
MAXED_1067_Day_B	11	Pulse	99	1020000	33511	NA
MAXED_1067_Day_B	11	Pulse	99	1040000	53511	NA
MAXED_1067_Day_B	11	Pulse	99	1060000	73511	NA
MAXED_1067_Day_B	11	Pulse	99	1080000	93511	NA
MAXED_1067_Day_B	11	Pulse	99	1100000	113511	NA
MAXED_1067_Day_B	11	Pulse	99	1120000	133511	NA
MAXED_1067_Day_B	11	Pulse	99	1140000	153511	NA
MAXED_1067_Day_B	11	Pulse	99	1160000	173511	NA
MAXED_1067_Day_B	11	Response	88	1173848	187359	1
MAXED_1067_Day_B	12	Picture	instructions_12	1173930	0	1	22864	1	0	next	false_alarm	84
MAXED_1067_Day_B	12	Pulse	99	1180000	6070	NA
MAXED_1067_Day_B	12	Response	88	1196563	22633	1
MAXED_1067_Day_B	13	Picture	instructions_13	1196794	0	1	24193	1	0	next	false_alarm	88
MAXED_1067_Day_B	13	Pulse	99	1200000	3206	NA
MAXED_1067_Day_B	13	Pulse	99	1220000	23206	NA
MAXED_1067_Day_B	13	Response	88	1220757	23963	1
MAXED_1067_Day_B	14	Picture	instructions_14	1220987	0	1	38492	1	0	next	false_alarm	91
MAXED_1067_Day_B	14	Pulse	99	1240000	19013	NA
MAXED_1067_Day_B	14	Response	88	1259250	38263	1
MAXED_1067_Day_B	15	Picture	instructions_15	1259479	0	1	90262	1	0	next	false_alarm	98
MAXED_1067_Day_B	15	Pulse	99	1260000	521	NA
MAXED_1067_Day_B	15	Pulse	99	1280000	20521	NA
MAXED_1067_Day_B	15	Pulse	99	1300000	40521	NA
MAXED_1067_Day_B	15	Pulse	99	1320000	60521	NA
MAXED_1067_Day_B	15	Pulse	99	1340000	80521	NA
MAXED_1067_Day_B	15	Response	88	1349512	90033	1
MAXED_1067_Day_B	16	Picture	instructions_16	1349741	0	1	40036	1	0	next	false_alarm	102
MAXED_1067_Day_B	16	Pulse	99	1360000	10259	NA
MAXED_1067_Day_B	16	Pulse	99	1380000	30259	NA
MAXED_1067_Day_B	16	Response	88	1389547	39806	1
MAXED_1067_Day_B	17	Picture	instructions_17	1389777	0	1	23376	1	0	next	false_alarm	105
MAXED_1067_Day_B	17	Pulse	99	1400000	10223	NA
MAXED_1067_Day_B	17	Response	88	1412923	23146	1
MAXED_1067_Day_B	18	Picture	instructions_18	1413153	0	1	46192	1	0	next	false_alarm	109
MAXED_1067_Day_B	18	Pulse	99	1420000	6847	NA
MAXED_1067_Day_B	18	Pulse	99	1440000	26847	NA
MAXED_1067_Day_B	18	Response	88	1459115	45962	1
MAXED_1067_Day_B	19	Picture	instructions_19	1459345	0	1	30813	1	0	next	false_alarm	113
MAXED_1067_Day_B	19	Pulse	99	1460000	655	NA
MAXED_1067_Day_B	19	Pulse	99	1480000	20655	NA
MAXED_1067_Day_B	19	Response	88	1489927	30583	1
MAXED_1067_Day_B	20	Picture	instructions_20	1490158	0	1	14350	1	0	next	false_alarm	116
MAXED_1067_Day_B	20	Pulse	99	1500000	9842	NA
MAXED_1067_Day_B	20	Response	88	1504279	14121	1
MAXED_1067_Day_B	21	Picture	instructions_21	1504508	0	1	65318	1	0	next	false_alarm	121
MAXED_1067_Day_B	21	Pulse	99	1520000	15492	NA
MAXED_1067_Day_B	21	Pulse	99	1540000	35492	NA
MAXED_1067_Day_B	21	Pulse	99	1560000	55492	NA
MAXED_1067_Day_B	21	Response	88	1569599	65091	1
MAXED_1067_Day_B	22	Picture	instructions_22	1569826	0	1	29563	1	0	next	false_alarm	124
MAXED_1067_Day_B	22	Pulse	99	1580000	10174	NA
MAXED_1067_Day_B	22	Response	88	1599158	29332	1
MAXED_1067_Day_B	23	Picture	instructions_23	1599389	0	1	8277	1	0	next	false_alarm	127
MAXED_1067_Day_B	23	Pulse	99	1600000	611	NA
MAXED_1067_Day_B	23	Response	88	1607436	8047	1
MAXED_1067_Day_B	24	Picture	instructions_24	1607666	0	1	5874	1	0	next	false_alarm	129
MAXED_1067_Day_B	24	Response	88	1613311	5644	1
MAXED_1067_Day_B	25	Picture	instructions_25	1613540	0	1	5945	1	0	next	false_alarm	131
MAXED_1067_Day_B	25	Response	88	1619256	5716	1
MAXED_1067_Day_B	26	Picture	instructions_26	1619485	0	1	5837	1	0	next	false_alarm	134
MAXED_1067_Day_B	26	Pulse	99	1620000	515	NA
MAXED_1067_Day_B	26	Response	88	1625095	5611	1
MAXED_1067_Day_B	27	Picture	instructions_27	1625322	0	1	45488	1	0	next	false_alarm	138
MAXED_1067_Day_B	27	Pulse	99	1640000	14678	NA
MAXED_1067_Day_B	27	Pulse	99	1660000	34678	NA
MAXED_1067_Day_B	27	Response	88	1670581	45259	1
MAXED_1067_Day_B	28	Picture	instructions_28	1670810	0	1	12016	1	0	next	false_alarm	141
MAXED_1067_Day_B	28	Pulse	99	1680000	9190	NA
MAXED_1067_Day_B	28	Response	88	1682613	11803	1
MAXED_1067_Day_B	29	Picture	instructions_29	1682826	0	1	24420	1	0	next	false_alarm	144
MAXED_1067_Day_B	29	Pulse	99	1700000	17174	NA
MAXED_1067_Day_B	29	Response	88	1707016	24190	1
MAXED_1067_Day_B	30	Picture	instructions_30	1707246	0	1	151053	1	0	next	false_alarm	153
MAXED_1067_Day_B	30	Pulse	99	1720000	12754	NA
MAXED_1067_Day_B	30	Pulse	99	1740000	32754	NA
MAXED_1067_Day_B	30	Pulse	99	1760000	52754	NA
MAXED_1067_Day_B	30	Pulse	99	1780000	72754	NA
MAXED_1067_Day_B	30	Pulse	99	1800000	92754	NA
MAXED_1067_Day_B	30	Pulse	99	1820000	112754	NA
MAXED_1067_Day_B	30	Pulse	99	1840000	132754	NA
MAXED_1067_Day_B	30	Response	88	1858070	150824	1
MAXED_1067_Day_B	31	Picture	instructions_31	1858300	0	1	57723	1	0	next	false_alarm	158
MAXED_1067_Day_B	31	Pulse	99	1860000	1700	NA
MAXED_1067_Day_B	31	Pulse	99	1880000	21700	NA
MAXED_1067_Day_B	31	Pulse	99	1900000	41700	NA
MAXED_1067_Day_B	31	Response	88	1915793	57493	1
MAXED_1067_Day_B	32	Picture	instructions_32	1916022	0	1	68860	1	0	next	false_alarm	164
MAXED_1067_Day_B	32	Pulse	99	1920000	3978	NA
MAXED_1067_Day_B	32	Pulse	99	1940000	23978	NA
MAXED_1067_Day_B	32	Pulse	99	1960000	43978	NA
MAXED_1067_Day_B	32	Pulse	99	1980000	63978	NA
MAXED_1067_Day_B	32	Response	88	1984647	68625	1
MAXED_1067_Day_B	33	Picture	instructions_33	1984883	0	1	40917	1	0	next	false_alarm	168
MAXED_1067_Day_B	33	Pulse	99	2000000	15117	NA
MAXED_1067_Day_B	33	Pulse	99	2020000	35117	NA
MAXED_1067_Day_B	33	Response	88	2025571	40689	1
MAXED_1067_Day_B	34	Picture	instructions_34	2025800	0	1	64543	1	0	next	false_alarm	173
MAXED_1067_Day_B	34	Pulse	99	2040000	14200	NA
MAXED_1067_Day_B	34	Pulse	99	2060000	34200	NA
MAXED_1067_Day_B	34	Pulse	99	2080000	54200	NA
MAXED_1067_Day_B	34	Response	88	2090113	64313	1
MAXED_1067_Day_B	35	Picture	instructions_35	2090342	0	1	60935	1	0	next	false_alarm	178
MAXED_1067_Day_B	35	Pulse	99	2100000	9658	NA
MAXED_1067_Day_B	35	Pulse	99	2120000	29658	NA
MAXED_1067_Day_B	35	Pulse	99	2140000	49658	NA
MAXED_1067_Day_B	35	Response	88	2151048	60706	1
MAXED_1067_Day_B	36	Picture	instructions_36	2151278	0	1	84100	1	0	next	false_alarm	184
MAXED_1067_Day_B	36	Pulse	99	2160000	8722	NA
MAXED_1067_Day_B	36	Pulse	99	2180000	28722	NA
MAXED_1067_Day_B	36	Pulse	99	2200000	48722	NA
MAXED_1067_Day_B	36	Pulse	99	2220000	68722	NA
MAXED_1067_Day_B	36	Response	88	2235149	83871	1
MAXED_1067_Day_B	37	Picture	instructions_37	2235378	0	1	17933	1	0	next	false_alarm	187
MAXED_1067_Day_B	37	Pulse	99	2240000	4622	NA
MAXED_1067_Day_B	37	Response	88	2253251	17873	1
MAXED_1067_Day_B	38	Picture	instructions_38	2253311	0	1	69737	1	0	next	false_alarm	193
MAXED_1067_Day_B	38	Pulse	99	2260000	6689	NA
MAXED_1067_Day_B	38	Pulse	99	2280000	26689	NA
MAXED_1067_Day_B	38	Pulse	99	2300000	46689	NA
MAXED_1067_Day_B	38	Pulse	99	2320000	66689	NA
MAXED_1067_Day_B	38	Response	88	2322988	69678	1
MAXED_1067_Day_B	39	Picture	instructions_39	2323048	0	1	51711	1	0	next	false_alarm	197
MAXED_1067_Day_B	39	Pulse	99	2340000	16952	NA
MAXED_1067_Day_B	39	Pulse	99	2360000	36952	NA
MAXED_1067_Day_B	39	Response	88	2374699	51651	1
MAXED_1067_Day_B	40	Picture	instructions_40	2374759	0	1	36780	1	0	next	false_alarm	201
MAXED_1067_Day_B	40	Pulse	99	2380000	5241	NA
MAXED_1067_Day_B	40	Pulse	99	2400000	25241	NA
MAXED_1067_Day_B	40	Response	88	2411481	36722	1
MAXED_1067_Day_B	41	Picture	instructions_41	2411539	0	1	4282	1	0	next	false_alarm	203
MAXED_1067_Day_B	41	Response	88	2415761	4223	1
MAXED_1067_Day_B	42	Picture	instructions_42	2415820	0	1	4368	1	0	next	false_alarm	206
MAXED_1067_Day_B	42	Pulse	99	2420000	4180	NA
MAXED_1067_Day_B	42	Response	88	2420131	4310	1
MAXED_1067_Day_B	43	Picture	instructions_43	2420188	0	1	4354	1	0	next	false_alarm	208
MAXED_1067_Day_B	43	Response	88	2424417	4229	1
MAXED_1067_Day_B	44	Picture	instructions_44	2424542	0	1	3542	1	0	next	false_alarm	210
MAXED_1067_Day_B	44	Response	88	2428028	3485	1
MAXED_1067_Day_B	45	Picture	instructions_45	2428084	0	1	3406	1	0	next	false_alarm	212
MAXED_1067_Day_B	45	Response	88	2431434	3350	1
MAXED_1067_Day_B	46	Picture	instructions_46	2431490	0	1	3407	1	0	next	false_alarm	214
MAXED_1067_Day_B	46	Response	88	2434843	3352	1
MAXED_1067_Day_B	47	Picture	fixation	2434897	0	1	5165	1	0	next	other	0
MAXED_1067_Day_B	47	Pulse	99	2440000	5103	NA
MAXED_1067_Day_B	48	Picture	stage1	2440062	0	1	23159	1	0	next	false_alarm	218
MAXED_1067_Day_B	48	Response	88	2450680	10618	1
MAXED_1067_Day_B	48	Pulse	99	2460000	19938	NA
MAXED_1067_Day_B	48	Response	1	2463043	22981	1
MAXED_1067_Day_B	49	Picture	stage1_box	2463221	0	1	7664	1	0	next	other	0
MAXED_1067_Day_B	50	Picture	stage1_outcome	2470885	0	1	167	1	0	next	other	0
MAXED_1067_Day_B	51	Picture	stage2A	2471052	0	1	31823	1	0	next	false_alarm	224
MAXED_1067_Day_B	51	Response	88	2472266	1214	1
MAXED_1067_Day_B	51	Pulse	99	2480000	8948	NA
MAXED_1067_Day_B	51	Pulse	99	2500000	28948	NA
MAXED_1067_Day_B	51	Response	1	2502699	31647	1
MAXED_1067_Day_B	52	Picture	stage2_box	2502874	0	1	7664	1	0	next	other	0
MAXED_1067_Day_B	53	Picture	stage2_up	2510538	0	1	7664	1	0	next	other	0
MAXED_1067_Day_B	54	Picture	stage2_lose	2518202	0	1	10116	1	0	next	other	0
MAXED_1067_Day_B	54	Pulse	99	2520000	1798	NA
MAXED_1067_Day_B	55	Picture	stage1	2528318	0	1	42466	1	0	next	false_alarm	235
MAXED_1067_Day_B	55	Pulse	99	2540000	11682	NA
MAXED_1067_Day_B	55	Pulse	99	2560000	31682	NA
MAXED_1067_Day_B	55	Response	2	2570563	42244	1
MAXED_1067_Day_B	56	Picture	stage1_box	2570785	0	1	7550	1	0	next	other	0
MAXED_1067_Day_B	57	Picture	stage1_outcome	2578335	0	1	167	1	0	next	other	0
MAXED_1067_Day_B	58	Picture	stage2B	2578501	0	1	14517	1	0	next	false_alarm	240
MAXED_1067_Day_B	58	Pulse	99	2580000	1499	NA
MAXED_1067_Day_B	58	Response	2	2592963	14461	1
MAXED_1067_Day_B	59	Picture	stage2_box	2593018	0	1	7664	1	0	next	other	0
MAXED_1067_Day_B	59	Pulse	99	2600000	6982	NA
MAXED_1067_Day_B	60	Picture	stage2_up	2600683	0	1	7664	1	0	next	other	0
MAXED_1067_Day_B	61	Picture	stage2_win	2608347	0	1	10163	1	0	next	other	0
MAXED_1067_Day_B	62	Picture	stage1	2618510	0	1	21321	1	0	next	false_alarm	247
MAXED_1067_Day_B	62	Pulse	99	2620000	1490	NA
MAXED_1067_Day_B	62	Response	2	2639779	21270	1
MAXED_1067_Day_B	63	Picture	stage1_box	2639830	0	1	7550	1	0	next	other	0
MAXED_1067_Day_B	63	Pulse	99	2640000	170	NA
MAXED_1067_Day_B	64	Picture	stage1_outcome	2647380	0	1	167	1	0	next	other	0
MAXED_1067_Day_B	65	Picture	stage2B	2647547	0	1	9226	1	0	next	false_alarm	252
MAXED_1067_Day_B	65	Response	2	2656722	9176	1
MAXED_1067_Day_B	66	Picture	stage2_box	2656772	0	1	7664	1	0	next	other	0
MAXED_1067_Day_B	66	Pulse	99	2660000	3228	NA
MAXED_1067_Day_B	67	Picture	stage2_up	2664436	0	1	7664	1	0	next	other	0
MAXED_1067_Day_B	68	Picture	stage2_lose	2672100	0	1	10051	1	0	next	other	0
MAXED_1067_Day_B	68	Pulse	99	2680000	7900	NA
MAXED_1067_Day_B	69	Picture	stage1	2682151	0	1	10229	1	0	next	false_alarm	259
MAXED_1067_Day_B	69	Response	1	2692330	10178	1
MAXED_1067_Day_B	70	Picture	stage1_box	2692380	0	1	7562	1	0	next	other	0
MAXED_1067_Day_B	71	Picture	stage1_outcome	2699942	0	1	167	1	0	next	other	0
MAXED_1067_Day_B	71	Pulse	99	2700000	58	NA
MAXED_1067_Day_B	72	Picture	stage2A	2700109	0	1	13892	1	0	next	false_alarm	264
MAXED_1067_Day_B	72	Response	1	2713951	13842	1
MAXED_1067_Day_B	73	Picture	stage2_box	2714001	0	1	7550	1	0	next	other	0
MAXED_1067_Day_B	73	Pulse	99	2720000	5999	NA
MAXED_1067_Day_B	74	Picture	stage2_up	2721551	0	1	7550	1	0	next	other	0
MAXED_1067_Day_B	75	Picture	stage2_win	2729101	0	1	10050	1	0	next	other	0
MAXED_1067_Day_B	76	Picture	stage1	2739151	0	1	22176	1	0	next	false_alarm	272
MAXED_1067_Day_B	76	Pulse	99	2740000	849	NA
MAXED_1067_Day_B	76	Pulse	99	2760000	20849	NA
MAXED_1067_Day_B	76	Response	2	2761277	22126	1
MAXED_1067_Day_B	77	Picture	stage1_box	2761327	0	1	7624	1	0	next	other	0
MAXED_1067_Day_B	78	Picture	stage1_outcome	2768951	0	1	167	1	0	next	other	0
MAXED_1067_Day_B	79	Picture	stage2B	2769118	0	1	11605	1	0	next	false_alarm	277
MAXED_1067_Day_B	79	Pulse	99	2780000	10882	NA
MAXED_1067_Day_B	79	Response	1	2780667	11549	1
MAXED_1067_Day_B	80	Picture	stage2_box	2780722	0	1	7664	1	0	next	other	0
MAXED_1067_Day_B	81	Picture	stage2_up	2788387	0	1	7664	1	0	next	other	0
MAXED_1067_Day_B	82	Picture	stage2_win	2796051	0	1	10163	1	0	next	other	0
MAXED_1067_Day_B	82	Pulse	99	2800000	3949	NA
MAXED_1067_Day_B	83	Picture	stage1	2806214	0	1	7831	1	0	next	false_alarm	283
MAXED_1067_Day_B	83	Response	2	2813972	7758	1
MAXED_1067_Day_B	84	Picture	stage1_box	2814045	0	1	7550	1	0	next	other	0
MAXED_1067_Day_B	84	Pulse	99	2820000	5956	NA
MAXED_1067_Day_B	85	Picture	stage1_outcome	2821594	0	1	167	1	0	next	other	0
MAXED_1067_Day_B	86	Picture	stage2A	2821761	0	1	8213	1	0	next	false_alarm	288
MAXED_1067_Day_B	86	Response	2	2829921	8160	1
MAXED_1067_Day_B	87	Picture	stage2_box	2829974	0	1	7550	1	0	next	other	0
MAXED_1067_Day_B	88	Picture	stage2_up	2837524	0	1	7550	1	0	next	other	0
MAXED_1067_Day_B	88	Pulse	99	2840000	2476	NA
MAXED_1067_Day_B	89	Picture	stage2_lose	2845074	0	1	10050	1	0	next	other	0
MAXED_1067_Day_B	90	Picture	stage1	2855123	0	1	3457	1	0	next	false_alarm	294
MAXED_1067_Day_B	90	Response	1	2858529	3406	1
MAXED_1067_Day_B	91	Picture	stage1_box	2858580	0	1	7550	1	0	next	other	0
MAXED_1067_Day_B	91	Pulse	99	2860000	1420	NA
MAXED_1067_Day_B	92	Picture	stage1_outcome	2866130	0	1	167	1	0	next	other	0
MAXED_1067_Day_B	93	Picture	stage2B	2866296	0	1	5009	1	0	next	false_alarm	299
MAXED_1067_Day_B	93	Response	1	2871266	4970	1
MAXED_1067_Day_B	94	Picture	stage2_box	2871305	0	1	7664	1	0	next	other	0
MAXED_1067_Day_B	95	Picture	stage2_up	2878970	0	1	7664	1	0	next	other	0
MAXED_1067_Day_B	95	Pulse	99	2880000	1030	NA
MAXED_1067_Day_B	96	Picture	stage2_win	2886634	0	1	10163	1	0	next	other	0
MAXED_1067_Day_B	97	Picture	stage1	2896797	0	1	5498	1	0	next	false_alarm	306
MAXED_1067_Day_B	97	Pulse	99	2900000	3203	NA
MAXED_1067_Day_B	97	Response	1	2902168	5371	1
MAXED_1067_Day_B	98	Picture	stage1_box	2902295	0	1	7550	1	0	next	other	0
MAXED_1067_Day_B	99	Picture	stage1_outcome	2909845	0	1	167	1	0	next	other	0
MAXED_1067_Day_B	100	Picture	stage2A	2910011	0	1	2653	1	0	next	false_alarm	310
MAXED_1067_Day_B	100	Response	2	2912615	2604	1
MAXED_1067_Day_B	101	Picture	stage2_box	2912665	0	1	7550	1	0	next	other	0
MAXED_1067_Day_B	101	Pulse	99	2920000	7335	NA
MAXED_1067_Day_B	102	Picture	stage2_up	2920214	0	1	7550	1	0	next	other	0
MAXED_1067_Day_B	103	Picture	stage2_lose	2927764	0	1	10078	1	0	next	other	0
MAXED_1067_Day_B	104	Picture	stage1	2937842	0	1	4199	1	0	next	false_alarm	317
MAXED_1067_Day_B	104	Pulse	99	2940000	2158	NA
MAXED_1067_Day_B	104	Response	1	2941990	4149	1
MAXED_1067_Day_B	105	Picture	stage1_box	2942040	0	1	7550	1	0	next	other	0
MAXED_1067_Day_B	106	Picture	stage1_outcome	2949590	0	1	167	1	0	next	other	0
MAXED_1067_Day_B	107	Picture	stage2A	2949756	0	1	6067	1	0	next	false_alarm	321
MAXED_1067_Day_B	107	Response	1	2955773	6016	1
MAXED_1067_Day_B	108	Picture	stage2_box	2955823	0	1	7549	1	0	next	other	0
MAXED_1067_Day_B	108	Pulse	99	2960000	4177	NA
MAXED_1067_Day_B	109	Picture	stage2_up	2963372	0	1	7550	1	0	next	other	0
MAXED_1067_Day_B	110	Picture	stage2_win	2970922	0	1	10050	1	0	next	other	0
MAXED_1067_Day_B	110	Pulse	99	2980000	9078	NA
MAXED_1067_Day_B	111	Picture	stage1	2980972	0	1	9303	1	0	next	false_alarm	328
MAXED_1067_Day_B	111	Response	2	2990225	9252	1
MAXED_1067_Day_B	112	Picture	stage1_box	2990275	0	1	7564	1	0	next	other	0
MAXED_1067_Day_B	113	Picture	stage1_outcome	2997839	0	1	167	1	0	next	other	0
MAXED_1067_Day_B	114	Picture	stage2B	2998005	0	1	12019	1	0	next	false_alarm	333
MAXED_1067_Day_B	114	Pulse	99	3000000	1995	NA
MAXED_1067_Day_B	114	Response	1	3009974	11968	1
MAXED_1067_Day_B	115	Picture	stage2_box	3010024	0	1	7664	1	0	next	other	0
MAXED_1067_Day_B	116	Picture	stage2_up	3017688	0	1	7664	1	0	next	other	0
MAXED_1067_Day_B	116	Pulse	99	3020000	2312	NA
MAXED_1067_Day_B	117	Picture	stage2_win	3025352	0	1	10163	1	0	next	other	0
MAXED_1067_Day_B	118	Picture	stage1	3035516	0	1	3332	1	0	next	false_alarm	339
MAXED_1067_Day_B	118	Response	2	3038731	3216	1
MAXED_1067_Day_B	119	Picture	stage1_box	3038848	0	1	7664	1	0	next	other	0
MAXED_1067_Day_B	119	Pulse	99	3040000	1152	NA
MAXED_1067_Day_B	120	Picture	stage1_outcome	3046512	0	1	167	1	0	next	other	0
MAXED_1067_Day_B	121	Picture	stage2B	3046678	0	1	3495	1	0	next	false_alarm	344
MAXED_1067_Day_B	121	Response	2	3050135	3456	1
MAXED_1067_Day_B	122	Picture	stage2_box	3050174	0	1	7664	1	0	next	other	0
MAXED_1067_Day_B	123	Picture	stage2_up	3057838	0	1	7664	1	0	next	other	0
MAXED_1067_Day_B	123	Pulse	99	3060000	2162	NA
MAXED_1067_Day_B	124	Picture	stage2_lose	3065502	0	1	10050	1	0	next	other	0
MAXED_1067_Day_B	125	Picture	stage1	3075552	0	1	5671	1	0	next	false_alarm	351
MAXED_1067_Day_B	125	Pulse	99	3080000	4448	NA
MAXED_1067_Day_B	125	Response	2	3081173	5621	1
MAXED_1067_Day_B	126	Picture	stage1_box	3081223	0	1	3962	1	0	next	false_alarm	353
MAXED_1067_Day_B	126	Response	2	3085135	3912	1
MAXED_1067_Day_B	127	Picture	stage1_outcome	3085184	0	1	167	1	0	next	other	0
MAXED_1067_Day_B	128	Picture	stage2A	3085351	0	1	5224	1	0	next	false_alarm	356
MAXED_1067_Day_B	128	Response	2	3090536	5185	1
MAXED_1067_Day_B	129	Picture	stage2_box	3090575	0	1	7550	1	0	next	other	0
MAXED_1067_Day_B	130	Picture	stage2_up	3098125	0	1	7550	1	0	next	other	0
MAXED_1067_Day_B	130	Pulse	99	3100000	1875	NA
MAXED_1067_Day_B	131	Picture	stage2_win	3105674	0	1	10050	1	0	next	other	0
MAXED_1067_Day_B	132	Picture	stage1	3115724	0	1	5381	1	0	next	false_alarm	363
MAXED_1067_Day_B	132	Pulse	99	3120000	4276	NA
MAXED_1067_Day_B	132	Response	1	3121056	5331	1
MAXED_1067_Day_B	133	Picture	stage1_box	3121105	0	1	7577	1	0	next	other	0
MAXED_1067_Day_B	134	Picture	stage1_outcome	3128682	0	1	167	1	0	next	other	0
MAXED_1067_Day_B	135	Picture	stage2A	3128848	0	1	2839	1	0	next	false_alarm	367
MAXED_1067_Day_B	135	Response	1	3131648	2800	1
MAXED_1067_Day_B	136	Picture	stage2_box	3131687	0	1	7551	1	0	next	other	0
MAXED_1067_Day_B	137	Picture	stage2_up	3139238	0	1	7550	1	0	next	other	0
MAXED_1067_Day_B	137	Pulse	99	3140000	762	NA
MAXED_1067_Day_B	138	Picture	stage2_win	3146788	0	1	10050	1	0	next	other	0
MAXED_1067_Day_B	139	Picture	stage1	3156838	0	1	7220	1	0	next	false_alarm	374
MAXED_1067_Day_B	139	Pulse	99	3160000	3162	NA
MAXED_1067_Day_B	139	Response	1	3163948	7110	1
MAXED_1067_Day_B	140	Picture	stage1_box	3164058	0	1	7549	1	0	next	other	0
MAXED_1067_Day_B	141	Picture	stage1_outcome	3171607	0	1	167	1	0	next	other	0
MAXED_1067_Day_B	142	Picture	stage2A	3171774	0	1	2420	1	0	next	false_alarm	378
MAXED_1067_Day_B	142	Response	2	3174144	2370	1
MAXED_1067_Day_B	143	Picture	stage2_box	3174194	0	1	7549	1	0	next	other	0
MAXED_1067_Day_B	143	Pulse	99	3180000	5806	NA
MAXED_1067_Day_B	144	Picture	stage2_up	3181743	0	1	7549	1	0	next	other	0
MAXED_1067_Day_B	145	Picture	stage2_win	3189292	0	1	10050	1	0	next	other	0
MAXED_1067_Day_B	146	Picture	stage1	3199342	0	1	9928	1	0	next	false_alarm	385
MAXED_1067_Day_B	146	Pulse	99	3200000	658	NA
MAXED_1067_Day_B	146	Response	1	3209231	9889	1
MAXED_1067_Day_B	147	Picture	stage1_box	3209270	0	1	7549	1	0	next	other	0
MAXED_1067_Day_B	148	Picture	stage1_outcome	3216819	0	1	167	1	0	next	other	0
MAXED_1067_Day_B	149	Picture	stage2A	3216986	0	1	6277	1	0	next	false_alarm	390
MAXED_1067_Day_B	149	Pulse	99	3220000	3014	NA
MAXED_1067_Day_B	149	Response	1	3223213	6227	1
MAXED_1067_Day_B	150	Picture	stage2_box	3223263	0	1	7550	1	0	next	other	0
MAXED_1067_Day_B	151	Picture	stage2_up	3230813	0	1	7550	1	0	next	other	0
MAXED_1067_Day_B	152	Picture	stage2_win	3238363	0	1	10051	1	0	next	other	0
MAXED_1067_Day_B	152	Pulse	99	3240000	1637	NA
MAXED_1067_Day_B	153	Picture	stage1	3248414	0	1	3222	1	0	next	false_alarm	396
MAXED_1067_Day_B	153	Response	1	3251586	3172	1
MAXED_1067_Day_B	154	Picture	stage1_box	3251636	0	1	7549	1	0	next	other	0
MAXED_1067_Day_B	155	Picture	stage1_outcome	3259185	0	1	167	1	0	next	other	0
MAXED_1067_Day_B	156	Picture	stage2A	3259352	0	1	3805	1	0	next	false_alarm	401
MAXED_1067_Day_B	156	Pulse	99	3260000	648	NA
MAXED_1067_Day_B	156	Response	1	3263108	3756	1
MAXED_1067_Day_B	157	Picture	stage2_box	3263157	0	1	7549	1	0	next	other	0
MAXED_1067_Day_B	158	Picture	stage2_up	3270706	0	1	7550	1	0	next	other	0
MAXED_1067_Day_B	159	Picture	stage2_win	3278255	0	1	10050	1	0	next	other	0
MAXED_1067_Day_B	159	Pulse	99	3280000	1745	NA
MAXED_1067_Day_B	160	Picture	stage1	3288305	0	1	16045	1	0	next	false_alarm	408
MAXED_1067_Day_B	160	Pulse	99	3300000	11695	NA
MAXED_1067_Day_B	160	Response	1	3304301	15996	1
MAXED_1067_Day_B	161	Picture	stage1_box	3304350	0	1	7549	1	0	next	other	0
MAXED_1067_Day_B	162	Picture	stage1_outcome	3311899	0	1	167	1	0	next	other	0
MAXED_1067_Day_B	163	Picture	stage2A	3312066	0	1	4192	1	0	next	false_alarm	412
MAXED_1067_Day_B	163	Response	2	3316209	4143	1
MAXED_1067_Day_B	164	Picture	stage2_box	3316258	0	1	7550	1	0	next	other	0
MAXED_1067_Day_B	164	Pulse	99	3320000	3742	NA
MAXED_1067_Day_B	165	Picture	stage2_up	3323808	0	1	7549	1	0	next	other	0
MAXED_1067_Day_B	166	Picture	stage2_lose	3331357	0	1	10051	1	0	next	other	0
MAXED_1067_Day_B	166	Pulse	99	3340000	8643	NA
MAXED_1067_Day_B	167	Picture	stage1	3341409	0	1	2990	1	0	next	false_alarm	419
MAXED_1067_Day_B	167	Response	2	3344348	2939	1
MAXED_1067_Day_B	168	Picture	stage1_box	3344399	0	1	7550	1	0	next	other	0
MAXED_1067_Day_B	169	Picture	stage1_outcome	3351949	0	1	167	1	0	next	other	0
MAXED_1067_Day_B	170	Picture	stage2A	3352115	0	1	2392	1	0	next	false_alarm	423
MAXED_1067_Day_B	170	Response	2	3354457	2342	1
MAXED_1067_Day_B	171	Picture	stage2_box	3354507	0	1	7550	1	0	next	other	0
MAXED_1067_Day_B	171	Pulse	99	3360000	5493	NA
MAXED_1067_Day_B	172	Picture	stage2_up	3362057	0	1	7550	1	0	next	other	0
MAXED_1067_Day_B	173	Picture	stage2_lose	3369607	0	1	10033	1	0	next	other	0
MAXED_1067_Day_B	174	Picture	stage1	3379640	0	1	5094	1	0	next	false_alarm	430
MAXED_1067_Day_B	174	Pulse	99	3380000	360	NA
MAXED_1067_Day_B	174	Response	2	3384684	5044	1
MAXED_1067_Day_B	175	Picture	stage1_box	3384734	0	1	7550	1	0	next	other	0
MAXED_1067_Day_B	176	Picture	stage1_outcome	3392284	0	1	167	1	0	next	other	0
MAXED_1067_Day_B	177	Picture	stage2B	3392451	0	1	12094	1	0	next	false_alarm	435
MAXED_1067_Day_B	177	Pulse	99	3400000	7549	NA
MAXED_1067_Day_B	177	Response	1	3404495	12044	1
MAXED_1067_Day_B	178	Picture	stage2_box	3404545	0	1	7664	1	0	next	other	0
MAXED_1067_Day_B	179	Picture	stage2_up	3412209	0	1	7664	1	0	next	other	0
MAXED_1067_Day_B	180	Picture	stage2_win	3419873	0	1	10163	1	0	next	other	0
MAXED_1067_Day_B	180	Pulse	99	3420000	127	NA
MAXED_1067_Day_B	181	Picture	stage1	3430036	0	1	4665	1	0	next	false_alarm	441
MAXED_1067_Day_B	181	Response	2	3434630	4594	1
MAXED_1067_Day_B	182	Picture	stage1_box	3434701	0	1	7550	1	0	next	other	0
MAXED_1067_Day_B	182	Pulse	99	3440000	5299	NA
MAXED_1067_Day_B	183	Picture	stage1_outcome	3442251	0	1	167	1	0	next	other	0
MAXED_1067_Day_B	184	Picture	stage2A	3442418	0	1	13893	1	0	next	false_alarm	446
MAXED_1067_Day_B	184	Response	1	3456261	13843	1
MAXED_1067_Day_B	185	Picture	stage2_box	3456311	0	1	7539	1	0	next	other	0
MAXED_1067_Day_B	185	Pulse	99	3460000	3690	NA
MAXED_1067_Day_B	186	Picture	stage2_up	3463850	0	1	7550	1	0	next	other	0
MAXED_1067_Day_B	187	Picture	stage2_win	3471399	0	1	10050	1	0	next	other	0
MAXED_1067_Day_B	187	Pulse	99	3480000	8601	NA
MAXED_1067_Day_B	188	Picture	stage1	3481449	0	1	7971	1	0	next	false_alarm	453
MAXED_1067_Day_B	188	Response	1	3489370	7921	1
MAXED_1067_Day_B	189	Picture	stage1_box	3489420	0	1	7550	1	0	next	other	0
MAXED_1067_Day_B	190	Picture	stage1_outcome	3496970	0	1	167	1	0	next	other	0
MAXED_1067_Day_B	191	Picture	stage2A	3497137	0	1	2595	1	0	next	false_alarm	457
MAXED_1067_Day_B	191	Response	2	3499681	2544	1
MAXED_1067_Day_B	192	Picture	stage2_box	3499732	0	1	7672	1	0	next	other	0
MAXED_1067_Day_B	192	Pulse	99	3500000	268	NA
MAXED_1067_Day_B	193	Picture	stage2_up	3507403	0	1	7550	1	0	next	other	0
MAXED_1067_Day_B	194	Picture	stage2_win	3514953	0	1	10051	1	0	next	other	0
MAXED_1067_Day_B	194	Pulse	99	3520000	5047	NA
MAXED_1067_Day_B	195	Picture	stage1	3525004	0	1	7071	1	0	next	false_alarm	464
MAXED_1067_Day_B	195	Response	1	3532024	7020	1
MAXED_1067_Day_B	196	Picture	stage1_box	3532075	0	1	7551	1	0	next	other	0
MAXED_1067_Day_B	197	Picture	stage1_outcome	3539625	0	1	167	1	0	next	other	0
MAXED_1067_Day_B	198	Picture	stage2A	3539792	0	1	3062	1	0	next	false_alarm	469
MAXED_1067_Day_B	198	Pulse	99	3540000	208	NA
MAXED_1067_Day_B	198	Response	2	3542805	3013	1
MAXED_1067_Day_B	199	Picture	stage2_box	3542854	0	1	7550	1	0	next	other	0
MAXED_1067_Day_B	200	Picture	stage2_up	3550404	0	1	7550	1	0	next	other	0
MAXED_1067_Day_B	201	Picture	stage2_win	3557954	0	1	10051	1	0	next	other	0
MAXED_1067_Day_B	201	Pulse	99	3560000	2046	NA
MAXED_1067_Day_B	202	Picture	stage1	3568005	0	1	9414	1	0	next	false_alarm	475
MAXED_1067_Day_B	202	Response	2	3577368	9364	1
MAXED_1067_Day_B	203	Picture	stage1_box	3577418	0	1	7550	1	0	next	other	0
MAXED_1067_Day_B	203	Pulse	99	3580000	2582	NA
MAXED_1067_Day_B	204	Picture	stage1_outcome	3584968	0	1	167	1	0	next	other	0
MAXED_1067_Day_B	205	Picture	stage2A	3585134	0	1	6973	1	0	next	false_alarm	480
MAXED_1067_Day_B	205	Response	2	3592068	6934	1
MAXED_1067_Day_B	206	Picture	stage2_box	3592107	0	1	7550	1	0	next	other	0
MAXED_1067_Day_B	207	Picture	stage2_up	3599657	0	1	7550	1	0	next	other	0
MAXED_1067_Day_B	207	Pulse	99	3600000	343	NA
MAXED_1067_Day_B	208	Picture	stage2_win	3607207	0	1	10050	1	0	next	other	0
MAXED_1067_Day_B	209	Picture	stage1	3617257	0	1	4360	1	0	next	false_alarm	487
MAXED_1067_Day_B	209	Pulse	99	3620000	2743	NA
MAXED_1067_Day_B	209	Response	2	3621577	4320	1
MAXED_1067_Day_B	210	Picture	stage1_box	3621617	0	1	7567	1	0	next	other	0
MAXED_1067_Day_B	211	Picture	stage1_outcome	3629183	0	1	167	1	0	next	other	0
MAXED_1067_Day_B	212	Picture	stage2B	3629350	0	1	5407	1	0	next	false_alarm	491
MAXED_1067_Day_B	212	Response	1	3634707	5357	1
MAXED_1067_Day_B	213	Picture	stage2_box	3634757	0	1	7664	1	0	next	other	0
MAXED_1067_Day_B	213	Pulse	99	3640000	5243	NA
MAXED_1067_Day_B	214	Picture	stage2_up	3642421	0	1	7664	1	0	next	other	0
MAXED_1067_Day_B	215	Picture	stage2_lose	3650085	0	1	10050	1	0	next	other	0
MAXED_1067_Day_B	215	Pulse	99	3660000	9915	NA
MAXED_1067_Day_B	216	Picture	stage1	3660135	0	1	12480	1	0	next	false_alarm	498
MAXED_1067_Day_B	216	Response	2	3672566	12430	1
MAXED_1067_Day_B	217	Picture	stage1_box	3672616	0	1	7550	1	0	next	other	0
MAXED_1067_Day_B	217	Pulse	99	3680000	7384	NA
MAXED_1067_Day_B	218	Picture	stage1_outcome	3680165	0	1	167	1	0	next	other	0
MAXED_1067_Day_B	219	Picture	stage2B	3680332	0	1	6227	1	0	next	false_alarm	503
MAXED_1067_Day_B	219	Response	2	3686509	6177	1
MAXED_1067_Day_B	220	Picture	stage2_box	3686559	0	1	7664	1	0	next	other	0
MAXED_1067_Day_B	221	Picture	stage2_up	3694223	0	1	7664	1	0	next	other	0
MAXED_1067_Day_B	221	Pulse	99	3700000	5777	NA
MAXED_1067_Day_B	222	Picture	stage2_lose	3701887	0	1	10053	1	0	next	other	0
MAXED_1067_Day_B	223	Pulse	99	3720000	8060	NA
MAXED_1067_Day_B	223	Pulse	99	3740000	28060	NA
MAXED_1067_Day_B	223	Response	2	3746525	34585	1
MAXED_1067_Day_B	223	Pulse	99	3760000	48060	NA
MAXED_1067_Day_B	223	Pulse	99	3780000	68060	NA
MAXED_1067_Day_B	223	Pulse	99	3800000	88060	NA
MAXED_1067_Day_B	223	Pulse	99	3820000	108060	NA
MAXED_1067_Day_B	223	Pulse	99	3840000	128060	NA
MAXED_1067_Day_B	223	Pulse	99	3860000	148060	NA
MAXED_1067_Day_B	223	Pulse	99	3880000	168060	NA
MAXED_1067_Day_B	223	Pulse	99	3900000	188060	NA
MAXED_1067_Day_B	223	Pulse	99	3920000	208060	NA
MAXED_1067_Day_B	223	Pulse	99	3940000	228060	NA
MAXED_1067_Day_B	223	Pulse	99	3960000	248060	NA
MAXED_1067_Day_B	223	Pulse	99	3980000	268060	NA
MAXED_1067_Day_B	223	Pulse	99	4000000	288060	NA
MAXED_1067_Day_B	223	Pulse	99	4020000	308060	NA
MAXED_1067_Day_B	223	Pulse	99	4040000	328060	NA
MAXED_1067_Day_B	223	Pulse	99	4060000	348060	NA
MAXED_1067_Day_B	223	Pulse	99	4080000	368060	NA
MAXED_1067_Day_B	223	Pulse	99	4100000	388060	NA
MAXED_1067_Day_B	223	Pulse	99	4120000	408060	NA
MAXED_1067_Day_B	223	Pulse	99	4140000	428060	NA
MAXED_1067_Day_B	223	Pulse	99	4160000	448060	NA
MAXED_1067_Day_B	223	Pulse	99	4180000	468060	NA
MAXED_1067_Day_B	223	Pulse	99	4200000	488060	NA
MAXED_1067_Day_B	223	Pulse	99	4220000	508060	NA
MAXED_1067_Day_B	223	Pulse	99	4240000	528060	NA
MAXED_1067_Day_B	223	Pulse	99	4260000	548060	NA
MAXED_1067_Day_B	223	Pulse	99	4280000	568060	NA
MAXED_1067_Day_B	223	Pulse	99	4300000	588060	NA
MAXED_1067_Day_B	223	Pulse	99	4320000	608060	NA
MAXED_1067_Day_B	223	Pulse	99	4340000	628060	NA
MAXED_1067_Day_B	223	Pulse	99	4360000	648060	NA
MAXED_1067_Day_B	223	Pulse	99	4380000	668060	NA
MAXED_1067_Day_B	223	Pulse	99	4400000	688060	NA
MAXED_1067_Day_B	223	Pulse	99	4420000	708060	NA
MAXED_1067_Day_B	223	Pulse	99	4440000	728060	NA
MAXED_1067_Day_B	223	Pulse	99	4460000	748060	NA
MAXED_1067_Day_B	223	Pulse	99	4480000	768060	NA
MAXED_1067_Day_B	223	Pulse	99	4500000	788060	NA
MAXED_1067_Day_B	223	Pulse	99	4520000	808060	NA
MAXED_1067_Day_B	223	Pulse	99	4540000	828060	NA
MAXED_1067_Day_B	223	Pulse	99	4560000	848060	NA
MAXED_1067_Day_B	223	Pulse	99	4580000	868060	NA
MAXED_1067_Day_B	223	Pulse	99	4600000	888060	NA
MAXED_1067_Day_B	223	Pulse	99	4620000	908060	NA
MAXED_1067_Day_B	223	Pulse	99	4640000	928060	NA
MAXED_1067_Day_B	223	Pulse	99	4660000	948060	NA
MAXED_1067_Day_B	223	Pulse	99	4680000	968060	NA
MAXED_1067_Day_B	223	Pulse	99	4700000	988060	NA
MAXED_1067_Day_B	223	Pulse	99	4720000	1008060	NA
MAXED_1067_Day_B	223	Pulse	99	4740000	1028060	NA
MAXED_1067_Day_B	223	Pulse	99	4760000	1048060	NA
MAXED_1067_Day_B	223	Pulse	99	4780000	1068060	NA
MAXED_1067_Day_B	223	Pulse	99	4800000	1088060	NA
MAXED_1067_Day_B	223	Pulse	99	4820000	1108060	NA
MAXED_1067_Day_B	223	Pulse	99	4840000	1128060	NA
MAXED_1067_Day_B	223	Pulse	99	4860000	1148060	NA
MAXED_1067_Day_B	223	Pulse	99	4880000	1168060	NA
MAXED_1067_Day_B	223	Pulse	99	4900000	1188060	NA
MAXED_1067_Day_B	223	Pulse	99	4920000	1208060	NA
MAXED_1067_Day_B	223	Pulse	99	4940000	1228060	NA
MAXED_1067_Day_B	223	Pulse	99	4960000	1248060	NA
MAXED_1067_Day_B	223	Pulse	99	4980000	1268060	NA
MAXED_1067_Day_B	223	Pulse	99	5000000	1288060	NA
MAXED_1067_Day_B	223	Pulse	99	5020000	1308060	NA
MAXED_1067_Day_B	223	Pulse	99	5040000	1328060	NA
MAXED_1067_Day_B	223	Pulse	99	5060000	1348060	NA
MAXED_1067_Day_B	223	Pulse	99	5080000	1368060	NA
MAXED_1067_Day_B	223	Pulse	99	5100000	1388060	NA
MAXED_1067_Day_B	223	Pulse	99	5120000	1408060	NA
MAXED_1067_Day_B	223	Pulse	99	5140000	1428060	NA
MAXED_1067_Day_B	223	Pulse	99	5160000	1448060	NA
MAXED_1067_Day_B	223	Pulse	99	5180000	1468060	NA
MAXED_1067_Day_B	223	Pulse	99	5200000	1488060	NA
MAXED_1067_Day_B	223	Pulse	99	5220000	1508060	NA
MAXED_1067_Day_B	223	Pulse	99	5240000	1528060	NA
MAXED_1067_Day_B	223	Pulse	99	5260000	1548060	NA
MAXED_1067_Day_B	223	Pulse	99	5280000	1568060	NA
MAXED_1067_Day_B	223	Pulse	99	5300000	1588060	NA
MAXED_1067_Day_B	223	Pulse	99	5320000	1608060	NA
MAXED_1067_Day_B	223	Pulse	99	5340000	1628060	NA
MAXED_1067_Day_B	223	Pulse	99	5360000	1648060	NA
MAXED_1067_Day_B	223	Pulse	99	5380000	1668060	NA
MAXED_1067_Day_B	223	Pulse	99	5400000	1688060	NA
MAXED_1067_Day_B	223	Pulse	99	5420000	1708060	NA
MAXED_1067_Day_B	223	Pulse	99	5440000	1728060	NA
MAXED_1067_Day_B	223	Pulse	99	5460000	1748060	NA
MAXED_1067_Day_B	223	Pulse	99	5480000	1768060	NA
MAXED_1067_Day_B	223	Pulse	99	5500000	1788060	NA
MAXED_1067_Day_B	223	Pulse	99	5520000	1808060	NA
MAXED_1067_Day_B	223	Pulse	99	5540000	1828060	NA
MAXED_1067_Day_B	223	Pulse	99	5560000	1848060	NA
MAXED_1067_Day_B	223	Pulse	99	5580000	1868060	NA
MAXED_1067_Day_B	223	Pulse	99	5600000	1888060	NA
MAXED_1067_Day_B	223	Pulse	99	5620000	1908060	NA
MAXED_1067_Day_B	223	Pulse	99	5640000	1928060	NA
MAXED_1067_Day_B	223	Pulse	99	5660000	1948060	NA
MAXED_1067_Day_B	223	Pulse	99	5680000	1968060	NA
MAXED_1067_Day_B	223	Pulse	99	5700000	1988060	NA
MAXED_1067_Day_B	223	Pulse	99	5720000	2008060	NA
MAXED_1067_Day_B	223	Pulse	99	5740000	2028060	NA
MAXED_1067_Day_B	223	Pulse	99	5760000	2048060	NA
MAXED_1067_Day_B	223	Pulse	99	5780000	2068060	NA
MAXED_1067_Day_B	223	Pulse	99	5800000	2088060	NA
MAXED_1067_Day_B	223	Pulse	99	5820000	2108060	NA
MAXED_1067_Day_B	223	Pulse	99	5840000	2128060	NA
MAXED_1067_Day_B	223	Pulse	99	5860000	2148060	NA
MAXED_1067_Day_B	223	Pulse	99	5880000	2168060	NA
MAXED_1067_Day_B	223	Pulse	99	5900000	2188060	NA
MAXED_1067_Day_B	223	Pulse	99	5920000	2208060	NA
MAXED_1067_Day_B	223	Pulse	99	5940000	2228060	NA
MAXED_1067_Day_B	223	Pulse	99	5960000	2248060	NA
MAXED_1067_Day_B	223	Pulse	99	5980000	2268060	NA
MAXED_1067_Day_B	223	Pulse	99	6000000	2288060	NA
MAXED_1067_Day_B	223	Pulse	99	6020000	2308060	NA
MAXED_1067_Day_B	223	Pulse	99	6040000	2328060	NA
MAXED_1067_Day_B	223	Pulse	99	6060000	2348060	NA
MAXED_1067_Day_B	223	Pulse	99	6080000	2368060	NA
MAXED_1067_Day_B	223	Pulse	99	6100000	2388060	NA
MAXED_1067_Day_B	223	Pulse	99	6120000	2408060	NA
MAXED_1067_Day_B	223	Pulse	99	6140000	2428060	NA
MAXED_1067_Day_B	223	Pulse	99	6160000	2448060	NA
MAXED_1067_Day_B	223	Pulse	99	6180000	2468060	NA
MAXED_1067_Day_B	223	Pulse	99	6200000	2488060	NA
MAXED_1067_Day_B	223	Pulse	99	6220000	2508060	NA
MAXED_1067_Day_B	223	Pulse	99	6240000	2528060	NA
MAXED_1067_Day_B	223	Pulse	99	6260000	2548060	NA
MAXED_1067_Day_B	223	Pulse	99	6280000	2568060	NA
MAXED_1067_Day_B	223	Pulse	99	6300000	2588060	NA
MAXED_1067_Day_B	223	Pulse	99	6320000	2608060	NA
MAXED_1067_Day_B	223	Pulse	99	6340000	2628060	NA
MAXED_1067_Day_B	223	Pulse	99	6360000	2648060	NA
MAXED_1067_Day_B	223	Pulse	99	6380000	2668060	NA
MAXED_1067_Day_B	223	Pulse	99	6400000	2688060	NA
MAXED_1067_Day_B	223	Pulse	99	6420000	2708060	NA
MAXED_1067_Day_B	223	Pulse	99	6440000	2728060	NA
MAXED_1067_Day_B	223	Pulse	99	6460000	2748060	NA
MAXED_1067_Day_B	223	Pulse	99	6480000	2768060	NA
MAXED_1067_Day_B	223	Pulse	99	6500000	2788060	NA
MAXED_1067_Day_B	223	Pulse	99	6520000	2808060	NA
MAXED_1067_Day_B	223	Pulse	99	6540000	2828060	NA
MAXED_1067_Day_B	223	Pulse	99	6560000	2848060	NA
MAXED_1067_Day_B	223	Pulse	99	6580000	2868060	NA
MAXED_1067_Day_B	223	Pulse	99	6600000	2888060	NA
MAXED_1067_Day_B	223	Pulse	99	6620000	2908060	NA
MAXED_1067_Day_B	223	Pulse	99	6640000	2928060	NA
MAXED_1067_Day_B	223	Pulse	99	6660000	2948060	NA
MAXED_1067_Day_B	223	Pulse	99	6680000	2968060	NA
MAXED_1067_Day_B	223	Pulse	99	6700000	2988060	NA
MAXED_1067_Day_B	223	Pulse	99	6720000	3008060	NA
MAXED_1067_Day_B	223	Pulse	99	6740000	3028060	NA
MAXED_1067_Day_B	223	Pulse	99	6760000	3048060	NA
MAXED_1067_Day_B	223	Pulse	99	6780000	3068060	NA
MAXED_1067_Day_B	223	Pulse	99	6800000	3088060	NA
MAXED_1067_Day_B	223	Pulse	99	6820000	3108060	NA
MAXED_1067_Day_B	223	Pulse	99	6840000	3128060	NA
MAXED_1067_Day_B	223	Pulse	99	6860000	3148060	NA
MAXED_1067_Day_B	223	Pulse	99	6880000	3168060	NA
MAXED_1067_Day_B	223	Pulse	99	6900000	3188060	NA
MAXED_1067_Day_B	223	Pulse	99	6920000	3208060	NA
MAXED_1067_Day_B	223	Pulse	99	6940000	3228060	NA
MAXED_1067_Day_B	223	Pulse	99	6960000	3248060	NA
MAXED_1067_Day_B	223	Pulse	99	6980000	3268060	NA
MAXED_1067_Day_B	223	Pulse	99	7000000	3288060	NA
MAXED_1067_Day_B	223	Pulse	99	7020000	3308060	NA
MAXED_1067_Day_B	223	Pulse	99	7040000	3328060	NA
MAXED_1067_Day_B	223	Pulse	99	7060000	3348060	NA
MAXED_1067_Day_B	223	Pulse	99	7080000	3368060	NA
MAXED_1067_Day_B	223	Pulse	99	7100000	3388060	NA
MAXED_1067_Day_B	223	Pulse	99	7120000	3408060	NA
MAXED_1067_Day_B	223	Pulse	99	7140000	3428060	NA
MAXED_1067_Day_B	223	Pulse	99	7160000	3448060	NA
MAXED_1067_Day_B	223	Pulse	99	7180000	3468060	NA
MAXED_1067_Day_B	223	Pulse	99	7200000	3488060	NA
MAXED_1067_Day_B	223	Pulse	99	7220000	3508060	NA
MAXED_1067_Day_B	223	Pulse	99	7240000	3528060	NA
MAXED_1067_Day_B	223	Pulse	99	7260000	3548060	NA
MAXED_1067_Day_B	223	Pulse	99	7280000	3568060	NA
MAXED_1067_Day_B	223	Pulse	99	7300000	3588060	NA
MAXED_1067_Day_B	223	Pulse	99	7320000	3608060	NA
MAXED_1067_Day_B	223	Pulse	99	7340000	3628060	NA
MAXED_1067_Day_B	223	Pulse	99	7360000	3648060	NA
MAXED_1067_Day_B	223	Pulse	99	7380000	3668060	NA
MAXED_1067_Day_B	223	Pulse	99	7400000	3688060	NA
MAXED_1067_Day_B	223	Pulse	99	7420000	3708060	NA
MAXED_1067_Day_B	223	Pulse	99	7440000	3728060	NA
MAXED_1067_Day_B	223	Pulse	99	7460000	3748060	NA
MAXED_1067_Day_B	223	Pulse	99	7480000	3768060	NA
MAXED_1067_Day_B	223	Pulse	99	7500000	3788060	NA
MAXED_1067_Day_B	223	Pulse	99	7520000	3808060	NA
MAXED_1067_Day_B	223	Pulse	99	7540000	3828060	NA
MAXED_1067_Day_B	223	Pulse	99	7560000	3848060	NA
MAXED_1067_Day_B	223	Pulse	99	7580000	3868060	NA
MAXED_1067_Day_B	223	Pulse	99	7600000	3888060	NA
MAXED_1067_Day_B	223	Pulse	99	7620000	3908060	NA
MAXED_1067_Day_B	223	Pulse	99	7640000	3928060	NA
MAXED_1067_Day_B	223	Pulse	99	7660000	3948060	NA
MAXED_1067_Day_B	223	Pulse	99	7680000	3968060	NA
MAXED_1067_Day_B	223	Pulse	99	7700000	3988060	NA
MAXED_1067_Day_B	223	Pulse	99	7720000	4008060	NA
MAXED_1067_Day_B	223	Pulse	99	7740000	4028060	NA
MAXED_1067_Day_B	223	Pulse	99	7760000	4048060	NA
MAXED_1067_Day_B	223	Pulse	99	7780000	4068060	NA
MAXED_1067_Day_B	223	Pulse	99	7800000	4088060	NA
MAXED_1067_Day_B	223	Pulse	99	7820000	4108060	NA
MAXED_1067_Day_B	223	Pulse	99	7840000	4128060	NA
MAXED_1067_Day_B	223	Pulse	99	7860000	4148060	NA
MAXED_1067_Day_B	223	Pulse	99	7880000	4168060	NA
MAXED_1067_Day_B	223	Pulse	99	7900000	4188060	NA
MAXED_1067_Day_B	223	Pulse	99	7920000	4208060	NA
MAXED_1067_Day_B	223	Pulse	99	7940000	4228060	NA
MAXED_1067_Day_B	223	Pulse	99	7960000	4248060	NA
MAXED_1067_Day_B	223	Pulse	99	7980000	4268060	NA
MAXED_1067_Day_B	223	Pulse	99	8000000	4288060	NA
MAXED_1067_Day_B	223	Pulse	99	8020000	4308060	NA
MAXED_1067_Day_B	223	Pulse	99	8040000	4328060	NA
MAXED_1067_Day_B	223	Pulse	99	8060000	4348060	NA
MAXED_1067_Day_B	223	Pulse	99	8080000	4368060	NA
MAXED_1067_Day_B	223	Pulse	99	8100000	4388060	NA
MAXED_1067_Day_B	223	Pulse	99	8120000	4408060	NA
MAXED_1067_Day_B	223	Pulse	99	8140000	4428060	NA
MAXED_1067_Day_B	223	Pulse	99	8160000	4448060	NA
MAXED_1067_Day_B	223	Pulse	99	8180000	4468060	NA
MAXED_1067_Day_B	223	Pulse	99	8200000	4488060	NA
MAXED_1067_Day_B	223	Pulse	99	8220000	4508060	NA
MAXED_1067_Day_B	223	Pulse	99	8240000	4528060	NA
MAXED_1067_Day_B	223	Pulse	99	8260000	4548060	NA
MAXED_1067_Day_B	223	Pulse	99	8280000	4568060	NA
MAXED_1067_Day_B	223	Pulse	99	8300000	4588060	NA
MAXED_1067_Day_B	223	Pulse	99	8320000	4608060	NA
MAXED_1067_Day_B	223	Pulse	99	8340000	4628060	NA
MAXED_1067_Day_B	223	Pulse	99	8360000	4648060	NA
MAXED_1067_Day_B	223	Pulse	99	8380000	4668060	NA
MAXED_1067_Day_B	223	Pulse	99	8400000	4688060	NA
MAXED_1067_Day_B	223	Pulse	99	8420000	4708060	NA
MAXED_1067_Day_B	223	Pulse	99	8440000	4728060	NA
MAXED_1067_Day_B	223	Pulse	99	8460000	4748060	NA
MAXED_1067_Day_B	223	Pulse	99	8480000	4768060	NA
MAXED_1067_Day_B	223	Pulse	99	8500000	4788060	NA
MAXED_1067_Day_B	223	Pulse	99	8520000	4808060	NA
MAXED_1067_Day_B	223	Response	88	8537535	4825594	1
