Scenario - 
Logfile written - 10/10/2022 17:23:17

Subject	Trial	Event Type	Code	Time	TTime	Uncertainty	Duration	Uncertainty	ReqTime	ReqDur	Stim Type	Pair Index

MAXED_1038_Day_A	0	Pulse	99	0	0	NA
MAXED_1038_Day_A	1	Picture	instructions_1	500	0	1	124291	1	0	next	false_alarm	9
MAXED_1038_Day_A	1	Pulse	99	20000	19500	NA
MAXED_1038_Day_A	1	Pulse	99	40000	39500	NA
MAXED_1038_Day_A	1	Pulse	99	60000	59500	NA
MAXED_1038_Day_A	1	Pulse	99	80000	79500	NA
MAXED_1038_Day_A	1	Pulse	99	100000	99500	NA
MAXED_1038_Day_A	1	Pulse	99	120000	119500	NA
MAXED_1038_Day_A	1	Response	88	124715	124215	1
MAXED_1038_Day_A	2	Picture	instructions_2	124791	0	1	21326	1	0	next	false_alarm	12
MAXED_1038_Day_A	2	Pulse	99	140000	15209	NA
MAXED_1038_Day_A	2	Response	88	145897	21106	1
MAXED_1038_Day_A	3	Picture	instructions_3	146117	0	1	52982	1	0	next	false_alarm	16
MAXED_1038_Day_A	3	Pulse	99	160000	13883	NA
MAXED_1038_Day_A	3	Pulse	99	180000	33883	NA
MAXED_1038_Day_A	3	Response	88	199018	52901	1
MAXED_1038_Day_A	4	Picture	instructions_4	199099	0	1	17494	1	0	next	false_alarm	19
MAXED_1038_Day_A	4	Pulse	99	200000	901	NA
MAXED_1038_Day_A	4	Response	88	216430	17332	1
MAXED_1038_Day_A	5	Picture	instructions_5	216593	0	1	36821	1	0	next	false_alarm	23
MAXED_1038_Day_A	5	Pulse	99	220000	3407	NA
MAXED_1038_Day_A	5	Pulse	99	240000	23407	NA
MAXED_1038_Day_A	5	Response	88	253179	36586	1
MAXED_1038_Day_A	6	Picture	instructions_6	253414	0	1	21826	1	0	next	false_alarm	26
MAXED_1038_Day_A	6	Pulse	99	260000	6586	NA
MAXED_1038_Day_A	6	Response	88	275142	21728	1
MAXED_1038_Day_A	7	Picture	instructions_7	275240	0	1	54815	1	0	next	false_alarm	31
MAXED_1038_Day_A	7	Pulse	99	280000	4760	NA
MAXED_1038_Day_A	7	Pulse	99	300000	24760	NA
MAXED_1038_Day_A	7	Pulse	99	320000	44760	NA
MAXED_1038_Day_A	7	Response	88	329937	54697	1
MAXED_1038_Day_A	8	Picture	instructions_8	330054	0	1	33322	1	0	next	false_alarm	35
MAXED_1038_Day_A	8	Pulse	99	340000	9946	NA
MAXED_1038_Day_A	8	Pulse	99	360000	29946	NA
MAXED_1038_Day_A	8	Response	88	363275	33221	1
MAXED_1038_Day_A	9	Picture	instructions_9	363376	0	1	23325	1	0	next	false_alarm	38
MAXED_1038_Day_A	9	Pulse	99	380000	16624	NA
MAXED_1038_Day_A	9	Response	88	386522	23146	1
MAXED_1038_Day_A	10	Picture	instructions_10	386702	0	1	40486	1	0	next	false_alarm	42
MAXED_1038_Day_A	10	Pulse	99	400000	13298	NA
MAXED_1038_Day_A	10	Pulse	99	420000	33298	NA
MAXED_1038_Day_A	10	Response	88	427022	40321	1
MAXED_1038_Day_A	11	Picture	instructions_11	427188	0	1	21154	6	0	next	false_alarm	45
MAXED_1038_Day_A	11	Pulse	99	440000	12812	NA
MAXED_1038_Day_A	11	Response	88	448188	21000	1
MAXED_1038_Day_A	12	Picture	instructions_12	448342	0	6	17666	6	0	next	false_alarm	48
MAXED_1038_Day_A	12	Pulse	99	460000	11658	NA
MAXED_1038_Day_A	12	Response	88	465908	17565	1
MAXED_1038_Day_A	13	Picture	instructions_13	466008	0	1	31489	1	0	next	false_alarm	51
MAXED_1038_Day_A	13	Pulse	99	480000	13992	NA
MAXED_1038_Day_A	13	Response	88	497292	31284	1
MAXED_1038_Day_A	14	Picture	instructions_14	497497	0	1	10496	1	0	next	false_alarm	54
MAXED_1038_Day_A	14	Pulse	99	500000	2503	NA
MAXED_1038_Day_A	14	Response	88	507838	10341	1
MAXED_1038_Day_A	15	Picture	instructions_15	507994	0	1	49816	1	0	next	false_alarm	58
MAXED_1038_Day_A	15	Pulse	99	520000	12006	NA
MAXED_1038_Day_A	15	Pulse	99	540000	32006	NA
MAXED_1038_Day_A	15	Response	88	557709	49715	1
MAXED_1038_Day_A	16	Picture	instructions_16	557810	0	1	41652	1	0	next	false_alarm	62
MAXED_1038_Day_A	16	Pulse	99	560000	2190	NA
MAXED_1038_Day_A	16	Pulse	99	580000	22190	NA
MAXED_1038_Day_A	16	Response	88	599324	41514	1
MAXED_1038_Day_A	17	Picture	instructions_17	599463	0	1	9329	1	0	next	false_alarm	65
MAXED_1038_Day_A	17	Pulse	99	600000	537	NA
MAXED_1038_Day_A	17	Response	88	608595	9133	1
MAXED_1038_Day_A	18	Picture	instructions_18	608792	0	1	30324	1	0	next	false_alarm	68
MAXED_1038_Day_A	18	Pulse	99	620000	11208	NA
MAXED_1038_Day_A	18	Response	88	638960	30168	1
MAXED_1038_Day_A	19	Picture	instructions_19	639116	0	1	31489	1	0	next	false_alarm	72
MAXED_1038_Day_A	19	Pulse	99	640000	884	NA
MAXED_1038_Day_A	19	Pulse	99	660000	20884	NA
MAXED_1038_Day_A	19	Response	88	670424	31308	1
MAXED_1038_Day_A	20	Picture	instructions_20	670605	0	1	31489	1	0	next	false_alarm	76
MAXED_1038_Day_A	20	Pulse	99	680000	9395	NA
MAXED_1038_Day_A	20	Pulse	99	700000	29395	NA
MAXED_1038_Day_A	20	Response	88	701917	31312	1
MAXED_1038_Day_A	21	Picture	instructions_21	702094	0	1	51149	1	0	next	false_alarm	80
MAXED_1038_Day_A	21	Pulse	99	720000	17906	NA
MAXED_1038_Day_A	21	Pulse	99	740000	37906	NA
MAXED_1038_Day_A	21	Response	88	753030	50936	1
MAXED_1038_Day_A	22	Picture	instructions_22	753244	0	1	12496	1	0	next	false_alarm	83
MAXED_1038_Day_A	22	Pulse	99	760000	6756	NA
MAXED_1038_Day_A	22	Response	88	765670	12426	1
MAXED_1038_Day_A	23	Picture	instructions_23	765739	0	1	25825	1	0	next	false_alarm	86
MAXED_1038_Day_A	23	Pulse	99	780000	14261	NA
MAXED_1038_Day_A	23	Response	88	791493	25754	1
MAXED_1038_Day_A	24	Picture	instructions_24	791564	0	1	29323	1	0	next	false_alarm	90
MAXED_1038_Day_A	24	Pulse	99	800000	8436	NA
MAXED_1038_Day_A	24	Pulse	99	820000	28436	NA
MAXED_1038_Day_A	24	Response	88	820805	29241	1
MAXED_1038_Day_A	25	Picture	instructions_25	820887	0	1	15661	1	0	next	false_alarm	92
MAXED_1038_Day_A	25	Response	88	836362	15475	1
MAXED_1038_Day_A	26	Picture	instructions_26	836549	0	1	35155	1	0	next	false_alarm	96
MAXED_1038_Day_A	26	Pulse	99	840000	3451	NA
MAXED_1038_Day_A	26	Pulse	99	860000	23451	NA
MAXED_1038_Day_A	26	Response	88	871569	35021	1
MAXED_1038_Day_A	27	Picture	instructions_27	871703	0	1	46318	1	0	next	false_alarm	100
MAXED_1038_Day_A	27	Pulse	99	880000	8297	NA
MAXED_1038_Day_A	27	Pulse	99	900000	28297	NA
MAXED_1038_Day_A	27	Response	88	917869	46165	1
MAXED_1038_Day_A	28	Picture	instructions_28	918021	0	1	8664	1	0	next	false_alarm	103
MAXED_1038_Day_A	28	Pulse	99	920000	1979	NA
MAXED_1038_Day_A	28	Response	88	926542	8521	1
MAXED_1038_Day_A	29	Picture	instructions_29	926685	0	1	15661	1	0	next	false_alarm	106
MAXED_1038_Day_A	29	Pulse	99	940000	13315	NA
MAXED_1038_Day_A	29	Response	88	942240	15556	1
MAXED_1038_Day_A	30	Picture	instructions_30	942346	0	1	61979	1	0	next	false_alarm	111
MAXED_1038_Day_A	30	Pulse	99	960000	17654	NA
MAXED_1038_Day_A	30	Pulse	99	980000	37654	NA
MAXED_1038_Day_A	30	Pulse	99	1000000	57654	NA
MAXED_1038_Day_A	30	Response	88	1004110	61764	1
MAXED_1038_Day_A	31	Picture	instructions_31	1004325	0	1	32989	1	0	next	false_alarm	114
MAXED_1038_Day_A	31	Pulse	99	1020000	15675	NA
MAXED_1038_Day_A	31	Response	88	1037196	32872	1
MAXED_1038_Day_A	32	Picture	instructions_32	1037314	0	1	55981	1	0	next	false_alarm	119
MAXED_1038_Day_A	32	Pulse	99	1040000	2686	NA
MAXED_1038_Day_A	32	Pulse	99	1060000	22686	NA
MAXED_1038_Day_A	32	Pulse	99	1080000	42686	NA
MAXED_1038_Day_A	32	Response	88	1093187	55874	1
MAXED_1038_Day_A	33	Picture	instructions_33	1093294	0	1	44985	1	0	next	false_alarm	123
MAXED_1038_Day_A	33	Pulse	99	1100000	6706	NA
MAXED_1038_Day_A	33	Pulse	99	1120000	26706	NA
MAXED_1038_Day_A	33	Response	88	1138068	44773	1
MAXED_1038_Day_A	34	Picture	instructions_34	1138279	0	1	42985	1	0	next	false_alarm	128
MAXED_1038_Day_A	34	Pulse	99	1140000	1721	NA
MAXED_1038_Day_A	34	Pulse	99	1160000	21721	NA
MAXED_1038_Day_A	34	Pulse	99	1180000	41721	NA
MAXED_1038_Day_A	34	Response	88	1181108	42829	1
MAXED_1038_Day_A	35	Picture	instructions_35	1181265	0	1	58480	1	0	next	false_alarm	132
MAXED_1038_Day_A	35	Pulse	99	1200000	18735	NA
MAXED_1038_Day_A	35	Pulse	99	1220000	38735	NA
MAXED_1038_Day_A	35	Response	88	1239598	58333	1
MAXED_1038_Day_A	36	Picture	instructions_36	1239745	0	1	60979	1	0	next	false_alarm	138
MAXED_1038_Day_A	36	Pulse	99	1240000	255	NA
MAXED_1038_Day_A	36	Pulse	99	1260000	20255	NA
MAXED_1038_Day_A	36	Pulse	99	1280000	40255	NA
MAXED_1038_Day_A	36	Pulse	99	1300000	60255	NA
MAXED_1038_Day_A	36	Response	88	1300530	60785	1
MAXED_1038_Day_A	37	Picture	instructions_37	1300724	0	1	15495	1	0	next	false_alarm	140
MAXED_1038_Day_A	37	Response	88	1316065	15341	1
MAXED_1038_Day_A	38	Picture	instructions_38	1316219	0	1	45818	1	0	next	false_alarm	145
MAXED_1038_Day_A	38	Pulse	99	1320000	3781	NA
MAXED_1038_Day_A	38	Pulse	99	1340000	23781	NA
MAXED_1038_Day_A	38	Pulse	99	1360000	43781	NA
MAXED_1038_Day_A	38	Response	88	1361854	45635	1
MAXED_1038_Day_A	39	Picture	instructions_39	1362036	0	1	27657	1	0	next	false_alarm	148
MAXED_1038_Day_A	39	Pulse	99	1380000	17964	NA
MAXED_1038_Day_A	39	Response	88	1389637	27601	1
MAXED_1038_Day_A	40	Picture	instructions_40	1389694	0	1	18160	1	0	next	false_alarm	151
MAXED_1038_Day_A	40	Pulse	99	1400000	10306	NA
MAXED_1038_Day_A	40	Response	88	1407701	18007	1
MAXED_1038_Day_A	41	Picture	instructions_41	1407854	0	1	19493	1	0	next	false_alarm	154
MAXED_1038_Day_A	41	Pulse	99	1420000	12146	NA
MAXED_1038_Day_A	41	Response	88	1427142	19288	1
MAXED_1038_Day_A	42	Picture	instructions_42	1427348	0	1	20493	1	0	next	false_alarm	157
MAXED_1038_Day_A	42	Pulse	99	1440000	12652	NA
MAXED_1038_Day_A	42	Response	88	1447678	20330	1
MAXED_1038_Day_A	43	Picture	instructions_43	1447841	0	1	15328	1	0	next	false_alarm	160
MAXED_1038_Day_A	43	Pulse	99	1460000	12159	NA
MAXED_1038_Day_A	43	Response	88	1463105	15265	1
MAXED_1038_Day_A	44	Picture	instructions_44	1463169	0	1	37154	1	0	next	false_alarm	164
MAXED_1038_Day_A	44	Pulse	99	1480000	16831	NA
MAXED_1038_Day_A	44	Pulse	99	1500000	36831	NA
MAXED_1038_Day_A	44	Response	88	1500142	36973	1
MAXED_1038_Day_A	45	Picture	instructions_45	1500323	0	1	39153	1	0	next	false_alarm	167
MAXED_1038_Day_A	45	Pulse	99	1520000	19677	NA
MAXED_1038_Day_A	45	Response	88	1539419	39096	1
MAXED_1038_Day_A	46	Picture	instructions_46	1539476	0	1	16161	1	0	next	false_alarm	170
MAXED_1038_Day_A	46	Pulse	99	1540000	524	NA
MAXED_1038_Day_A	46	Response	88	1555488	16011	1
MAXED_1038_Day_A	47	Picture	fixation	1555637	0	1	5165	1	0	next	other	0
MAXED_1038_Day_A	47	Pulse	99	1560000	4363	NA
MAXED_1038_Day_A	48	Picture	stage1	1560802	0	1	7997	1	0	next	false_alarm	174
MAXED_1038_Day_A	48	Response	2	1568680	7878	1
MAXED_1038_Day_A	49	Picture	stage1_box	1568799	0	1	7664	1	0	next	other	0
MAXED_1038_Day_A	50	Picture	stage1_outcome	1576463	0	1	167	1	0	next	other	0
MAXED_1038_Day_A	51	Picture	stage2B	1576630	0	1	6165	1	0	next	false_alarm	179
MAXED_1038_Day_A	51	Pulse	99	1580000	3370	NA
MAXED_1038_Day_A	51	Response	2	1582651	6021	1
MAXED_1038_Day_A	52	Picture	stage2_box	1582795	0	1	7664	1	0	next	other	0
MAXED_1038_Day_A	53	Picture	stage2_up	1590459	0	1	7664	1	0	next	other	0
MAXED_1038_Day_A	54	Picture	stage2_lose	1598123	0	1	10163	1	0	next	other	0
MAXED_1038_Day_A	54	Pulse	99	1600000	1877	NA
MAXED_1038_Day_A	55	Picture	stage1	1608286	0	1	2333	1	0	next	false_alarm	185
MAXED_1038_Day_A	55	Response	2	1610553	2267	1
MAXED_1038_Day_A	56	Picture	stage1_box	1610619	0	1	7664	1	0	next	other	0
MAXED_1038_Day_A	57	Picture	stage1_outcome	1618283	0	1	167	1	0	next	other	0
MAXED_1038_Day_A	58	Picture	stage2B	1618449	0	1	4332	1	0	next	false_alarm	190
MAXED_1038_Day_A	58	Pulse	99	1620000	1551	NA
MAXED_1038_Day_A	58	Response	1	1622648	4198	1
MAXED_1038_Day_A	59	Picture	stage2_box	1622781	0	1	7664	1	0	next	other	0
MAXED_1038_Day_A	60	Picture	stage2_up	1630445	0	1	7664	1	0	next	other	0
MAXED_1038_Day_A	61	Picture	stage2_lose	1638109	0	1	10163	1	0	next	other	0
MAXED_1038_Day_A	61	Pulse	99	1640000	1891	NA
MAXED_1038_Day_A	62	Picture	stage1	1648272	0	1	4165	1	0	next	false_alarm	196
MAXED_1038_Day_A	62	Response	1	1652286	4014	1
MAXED_1038_Day_A	63	Picture	stage1_box	1652438	0	1	7664	1	0	next	other	0
MAXED_1038_Day_A	63	Pulse	99	1660000	7562	NA
MAXED_1038_Day_A	64	Picture	stage1_outcome	1660102	0	1	167	1	0	next	other	0
MAXED_1038_Day_A	65	Picture	stage2B	1660268	0	1	2999	1	0	next	false_alarm	201
MAXED_1038_Day_A	65	Response	1	1663166	2897	1
MAXED_1038_Day_A	66	Picture	stage2_box	1663267	0	1	7664	1	0	next	other	0
MAXED_1038_Day_A	67	Picture	stage2_up	1670931	0	1	7664	1	0	next	other	0
MAXED_1038_Day_A	68	Picture	stage2_win	1678595	0	1	10163	1	0	next	other	0
MAXED_1038_Day_A	68	Pulse	99	1680000	1405	NA
MAXED_1038_Day_A	69	Picture	stage1	1688759	0	1	8331	1	0	next	false_alarm	207
MAXED_1038_Day_A	69	Response	1	1697056	8298	1
MAXED_1038_Day_A	70	Picture	stage1_box	1697089	0	1	7664	1	0	next	other	0
MAXED_1038_Day_A	70	Pulse	99	1700000	2911	NA
MAXED_1038_Day_A	71	Picture	stage1_outcome	1704753	0	1	167	1	0	next	other	0
MAXED_1038_Day_A	72	Picture	stage2A	1704920	0	1	7164	1	0	next	false_alarm	212
MAXED_1038_Day_A	72	Response	1	1711901	6981	1
MAXED_1038_Day_A	73	Picture	stage2_box	1712084	0	1	7664	1	0	next	other	0
MAXED_1038_Day_A	74	Picture	stage2_up	1719748	0	1	7664	1	0	next	other	0
MAXED_1038_Day_A	74	Pulse	99	1720000	252	NA
MAXED_1038_Day_A	75	Picture	stage2_lose	1727412	0	1	10163	1	0	next	other	0
MAXED_1038_Day_A	76	Picture	stage1	1737575	0	1	3332	1	0	next	false_alarm	219
MAXED_1038_Day_A	76	Pulse	99	1740000	2425	NA
MAXED_1038_Day_A	76	Response	2	1740724	3149	1
MAXED_1038_Day_A	77	Picture	stage1_box	1740908	0	1	7664	1	0	next	other	0
MAXED_1038_Day_A	78	Picture	stage1_outcome	1748572	0	1	167	1	0	next	other	0
MAXED_1038_Day_A	79	Picture	stage2B	1748738	0	1	6165	1	0	next	false_alarm	223
MAXED_1038_Day_A	79	Response	1	1754748	6010	1
MAXED_1038_Day_A	80	Picture	stage2_box	1754903	0	1	7664	1	0	next	other	0
MAXED_1038_Day_A	80	Pulse	99	1760000	5097	NA
MAXED_1038_Day_A	81	Picture	stage2_up	1762567	0	1	7664	1	0	next	other	0
MAXED_1038_Day_A	82	Picture	stage2_win	1770231	0	1	10163	1	0	next	other	0
MAXED_1038_Day_A	82	Pulse	99	1780000	9769	NA
MAXED_1038_Day_A	83	Picture	stage1	1780394	0	1	5998	1	0	next	false_alarm	230
MAXED_1038_Day_A	83	Response	1	1786356	5962	1
MAXED_1038_Day_A	84	Picture	stage1_box	1786392	0	1	7664	1	0	next	other	0
MAXED_1038_Day_A	85	Picture	stage1_outcome	1794056	0	1	167	1	0	next	other	0
MAXED_1038_Day_A	86	Picture	stage2B	1794223	0	1	11496	1	0	next	false_alarm	235
MAXED_1038_Day_A	86	Pulse	99	1800000	5777	NA
MAXED_1038_Day_A	86	Response	2	1805640	11417	1
MAXED_1038_Day_A	87	Picture	stage2_box	1805719	0	1	7664	1	0	next	other	0
MAXED_1038_Day_A	88	Picture	stage2_up	1813383	0	1	7664	1	0	next	other	0
MAXED_1038_Day_A	88	Pulse	99	1820000	6617	NA
MAXED_1038_Day_A	89	Picture	stage2_lose	1821047	0	1	10163	1	0	next	other	0
MAXED_1038_Day_A	90	Picture	stage1	1831210	0	1	7164	1	0	next	false_alarm	241
MAXED_1038_Day_A	90	Response	1	1838282	7072	1
MAXED_1038_Day_A	91	Picture	stage1_box	1838374	0	1	7664	1	0	next	other	0
MAXED_1038_Day_A	91	Pulse	99	1840000	1626	NA
MAXED_1038_Day_A	92	Picture	stage1_outcome	1846038	0	1	167	1	0	next	other	0
MAXED_1038_Day_A	93	Picture	stage2A	1846205	0	1	11996	1	0	next	false_alarm	246
MAXED_1038_Day_A	93	Response	1	1858018	11813	1
MAXED_1038_Day_A	94	Picture	stage2_box	1858201	0	1	7664	1	0	next	other	0
MAXED_1038_Day_A	94	Pulse	99	1860000	1799	NA
MAXED_1038_Day_A	95	Picture	stage2_up	1865865	0	1	7664	1	0	next	other	0
MAXED_1038_Day_A	96	Picture	stage2_lose	1873529	0	1	10163	1	0	next	other	0
MAXED_1038_Day_A	96	Pulse	99	1880000	6471	NA
MAXED_1038_Day_A	97	Picture	stage1	1883692	0	1	5998	1	0	next	false_alarm	253
MAXED_1038_Day_A	97	Response	1	1889604	5911	1
MAXED_1038_Day_A	98	Picture	stage1_box	1889690	0	1	7664	1	0	next	other	0
MAXED_1038_Day_A	99	Picture	stage1_outcome	1897354	0	1	167	1	0	next	other	0
MAXED_1038_Day_A	100	Picture	stage2A	1897521	0	1	3832	1	0	next	false_alarm	258
MAXED_1038_Day_A	100	Pulse	99	1900000	2479	NA
MAXED_1038_Day_A	100	Response	2	1901311	3790	1
MAXED_1038_Day_A	101	Picture	stage2_box	1901353	0	1	7664	1	0	next	other	0
MAXED_1038_Day_A	102	Picture	stage2_up	1909017	0	1	7664	1	0	next	other	0
MAXED_1038_Day_A	103	Picture	stage2_lose	1916681	0	1	10163	1	0	next	other	0
MAXED_1038_Day_A	103	Pulse	99	1920000	3319	NA
MAXED_1038_Day_A	104	Picture	stage1	1926844	0	1	10830	1	0	next	false_alarm	264
MAXED_1038_Day_A	104	Response	2	1937481	10636	1
MAXED_1038_Day_A	105	Picture	stage1_box	1937674	0	1	7664	1	0	next	other	0
MAXED_1038_Day_A	105	Pulse	99	1940000	2326	NA
MAXED_1038_Day_A	106	Picture	stage1_outcome	1945338	0	1	167	1	0	next	other	0
MAXED_1038_Day_A	107	Picture	stage2A	1945505	0	1	10663	1	0	next	false_alarm	269
MAXED_1038_Day_A	107	Response	1	1956001	10496	1
MAXED_1038_Day_A	108	Picture	stage2_box	1956168	0	1	7664	1	0	next	other	0
MAXED_1038_Day_A	108	Pulse	99	1960000	3832	NA
MAXED_1038_Day_A	109	Picture	stage2_up	1963832	0	1	7664	1	0	next	other	0
MAXED_1038_Day_A	110	Picture	stage2_win	1971496	0	1	10163	1	0	next	false_alarm	274
MAXED_1038_Day_A	110	Response	2	1971863	367	1
MAXED_1038_Day_A	110	Pulse	99	1980000	8504	NA
MAXED_1038_Day_A	111	Picture	stage1	1981659	0	1	8497	1	0	next	false_alarm	277
MAXED_1038_Day_A	111	Response	2	1989999	8340	1
MAXED_1038_Day_A	112	Picture	stage1_box	1990156	0	1	7664	1	0	next	other	0
MAXED_1038_Day_A	113	Picture	stage1_outcome	1997820	0	1	167	1	0	next	other	0
MAXED_1038_Day_A	114	Picture	stage2A	1997987	0	1	6331	1	0	next	false_alarm	282
MAXED_1038_Day_A	114	Pulse	99	2000000	2013	NA
MAXED_1038_Day_A	114	Response	1	2004164	6177	1
MAXED_1038_Day_A	115	Picture	stage2_box	2004318	0	1	7664	1	0	next	other	0
MAXED_1038_Day_A	116	Picture	stage2_up	2011982	0	1	7664	1	0	next	other	0
MAXED_1038_Day_A	117	Picture	stage2_lose	2019646	0	1	10163	1	0	next	other	0
MAXED_1038_Day_A	117	Pulse	99	2020000	354	NA
MAXED_1038_Day_A	118	Picture	stage1	2029809	0	1	24992	1	0	next	false_alarm	289
MAXED_1038_Day_A	118	Pulse	99	2040000	10191	NA
MAXED_1038_Day_A	118	Response	1	2054765	24956	1
MAXED_1038_Day_A	119	Picture	stage1_box	2054801	0	1	7664	1	0	next	other	0
MAXED_1038_Day_A	119	Pulse	99	2060000	5199	NA
MAXED_1038_Day_A	120	Picture	stage1_outcome	2062465	0	1	167	1	0	next	other	0
MAXED_1038_Day_A	121	Picture	stage2A	2062631	0	1	9497	1	0	next	false_alarm	294
MAXED_1038_Day_A	121	Response	1	2072072	9441	1
MAXED_1038_Day_A	122	Picture	stage2_box	2072128	0	1	7664	1	0	next	other	0
MAXED_1038_Day_A	123	Picture	stage2_up	2079792	0	1	7664	1	0	next	other	0
MAXED_1038_Day_A	123	Pulse	99	2080000	208	NA
MAXED_1038_Day_A	124	Picture	stage2_win	2087456	0	1	10163	1	0	next	other	0
MAXED_1038_Day_A	125	Picture	stage1	2097619	0	1	18827	1	0	next	false_alarm	301
MAXED_1038_Day_A	125	Pulse	99	2100000	2381	NA
MAXED_1038_Day_A	125	Response	2	2116308	18689	1
MAXED_1038_Day_A	126	Picture	stage1_box	2116446	0	1	7664	1	0	next	other	0
MAXED_1038_Day_A	126	Pulse	99	2120000	3554	NA
MAXED_1038_Day_A	127	Picture	stage1_outcome	2124111	0	1	167	1	0	next	other	0
MAXED_1038_Day_A	128	Picture	stage2A	2124277	0	1	11163	1	0	next	false_alarm	306
MAXED_1038_Day_A	128	Response	1	2135331	11054	1
MAXED_1038_Day_A	129	Picture	stage2_box	2135440	0	1	7664	1	0	next	other	0
MAXED_1038_Day_A	129	Pulse	99	2140000	4560	NA
MAXED_1038_Day_A	130	Picture	stage2_up	2143104	0	1	7664	1	0	next	other	0
MAXED_1038_Day_A	131	Picture	stage2_win	2150768	0	1	10163	1	0	next	other	0
MAXED_1038_Day_A	131	Pulse	99	2160000	9232	NA
MAXED_1038_Day_A	132	Picture	stage1	2160931	0	1	15162	1	0	next	false_alarm	313
MAXED_1038_Day_A	132	Response	2	2175944	15012	1
MAXED_1038_Day_A	133	Picture	stage1_box	2176093	0	1	7664	1	0	next	other	0
MAXED_1038_Day_A	133	Pulse	99	2180000	3907	NA
MAXED_1038_Day_A	134	Picture	stage1_outcome	2183757	0	1	167	1	0	next	other	0
MAXED_1038_Day_A	135	Picture	stage2B	2183924	0	1	5998	1	0	next	false_alarm	318
MAXED_1038_Day_A	135	Response	2	2189876	5953	1
MAXED_1038_Day_A	136	Picture	stage2_box	2189921	0	1	7664	1	0	next	other	0
MAXED_1038_Day_A	137	Picture	stage2_up	2197586	0	1	7664	1	0	next	other	0
MAXED_1038_Day_A	137	Pulse	99	2200000	2415	NA
MAXED_1038_Day_A	138	Picture	stage2_lose	2205250	0	1	10163	1	0	next	other	0
MAXED_1038_Day_A	139	Picture	stage1	2215413	0	1	14995	1	0	next	false_alarm	325
MAXED_1038_Day_A	139	Pulse	99	2220000	4587	NA
MAXED_1038_Day_A	139	Response	2	2230341	14928	1
MAXED_1038_Day_A	140	Picture	stage1_box	2230408	0	1	7664	1	0	next	other	0
MAXED_1038_Day_A	141	Picture	stage1_outcome	2238072	0	1	167	1	0	next	other	0
MAXED_1038_Day_A	142	Picture	stage2A	2238238	0	1	7331	1	0	next	false_alarm	330
MAXED_1038_Day_A	142	Pulse	99	2240000	1762	NA
MAXED_1038_Day_A	142	Response	2	2245457	7219	1
MAXED_1038_Day_A	143	Picture	stage2_box	2245569	0	1	7664	1	0	next	other	0
MAXED_1038_Day_A	144	Picture	stage2_up	2253233	0	1	7664	1	0	next	other	0
MAXED_1038_Day_A	144	Pulse	99	2260000	6767	NA
MAXED_1038_Day_A	145	Picture	stage2_lose	2260897	0	1	10163	1	0	next	other	0
MAXED_1038_Day_A	146	Picture	stage1	2271060	0	1	11163	1	0	next	false_alarm	337
MAXED_1038_Day_A	146	Pulse	99	2280000	8940	NA
MAXED_1038_Day_A	146	Response	2	2282107	11047	1
MAXED_1038_Day_A	147	Picture	stage1_box	2282223	0	1	7664	1	0	next	other	0
MAXED_1038_Day_A	148	Picture	stage1_outcome	2289887	0	1	167	1	0	next	other	0
MAXED_1038_Day_A	149	Picture	stage2B	2290054	0	1	4832	1	0	next	false_alarm	341
MAXED_1038_Day_A	149	Response	2	2294803	4749	1
MAXED_1038_Day_A	150	Picture	stage2_box	2294886	0	1	7664	1	0	next	other	0
MAXED_1038_Day_A	150	Pulse	99	2300000	5114	NA
MAXED_1038_Day_A	151	Picture	stage2_up	2302550	0	1	7664	1	0	next	other	0
MAXED_1038_Day_A	152	Picture	stage2_win	2310214	0	1	10163	1	0	next	other	0
MAXED_1038_Day_A	152	Pulse	99	2320000	9786	NA
MAXED_1038_Day_A	153	Picture	stage1	2320377	0	1	10163	1	0	next	false_alarm	348
MAXED_1038_Day_A	153	Response	2	2330360	9983	1
MAXED_1038_Day_A	154	Picture	stage1_box	2330540	0	1	7664	1	0	next	other	0
MAXED_1038_Day_A	155	Picture	stage1_outcome	2338204	0	1	167	1	0	next	other	0
MAXED_1038_Day_A	156	Picture	stage2A	2338371	0	1	16494	1	0	next	false_alarm	353
MAXED_1038_Day_A	156	Pulse	99	2340000	1629	NA
MAXED_1038_Day_A	156	Response	2	2354809	16438	1
MAXED_1038_Day_A	157	Picture	stage2_box	2354865	0	1	7664	1	0	next	other	0
MAXED_1038_Day_A	157	Pulse	99	2360000	5135	NA
MAXED_1038_Day_A	158	Picture	stage2_up	2362529	0	1	7664	1	0	next	other	0
MAXED_1038_Day_A	159	Picture	stage2_lose	2370193	0	1	10163	1	0	next	other	0
MAXED_1038_Day_A	159	Pulse	99	2380000	9807	NA
MAXED_1038_Day_A	160	Picture	stage1	2380357	0	1	11163	1	0	next	false_alarm	360
MAXED_1038_Day_A	160	Response	1	2391332	10976	1
MAXED_1038_Day_A	161	Picture	stage1_box	2391520	0	1	7664	1	0	next	other	0
MAXED_1038_Day_A	162	Picture	stage1_outcome	2399184	0	1	167	1	0	next	other	0
MAXED_1038_Day_A	163	Picture	stage2A	2399350	0	1	5665	1	0	next	false_alarm	365
MAXED_1038_Day_A	163	Pulse	99	2400000	650	NA
MAXED_1038_Day_A	163	Response	1	2404841	5490	1
MAXED_1038_Day_A	164	Picture	stage2_box	2405015	0	1	7664	1	0	next	other	0
MAXED_1038_Day_A	165	Picture	stage2_up	2412679	0	1	7664	1	0	next	other	0
MAXED_1038_Day_A	165	Pulse	99	2420000	7321	NA
MAXED_1038_Day_A	166	Picture	stage2_lose	2420343	0	1	10163	1	0	next	other	0
MAXED_1038_Day_A	167	Picture	stage1	2430506	0	1	4665	1	0	next	false_alarm	371
MAXED_1038_Day_A	167	Response	1	2435058	4552	1
MAXED_1038_Day_A	168	Picture	stage1_box	2435171	0	1	7664	1	0	next	other	0
MAXED_1038_Day_A	168	Pulse	99	2440000	4829	NA
MAXED_1038_Day_A	169	Picture	stage1_outcome	2442835	0	1	167	1	0	next	other	0
MAXED_1038_Day_A	170	Picture	stage2B	2443002	0	1	6998	1	0	next	false_alarm	376
MAXED_1038_Day_A	170	Response	1	2449936	6934	1
MAXED_1038_Day_A	171	Picture	stage2_box	2450000	0	1	7664	1	0	next	other	0
MAXED_1038_Day_A	172	Picture	stage2_up	2457664	0	1	7664	1	0	next	other	0
MAXED_1038_Day_A	172	Pulse	99	2460000	2336	NA
MAXED_1038_Day_A	173	Picture	stage2_lose	2465328	0	1	10163	1	0	next	other	0
MAXED_1038_Day_A	174	Picture	stage1	2475491	0	1	7164	1	0	next	false_alarm	383
MAXED_1038_Day_A	174	Pulse	99	2480000	4509	NA
MAXED_1038_Day_A	174	Response	1	2482530	7039	1
MAXED_1038_Day_A	175	Picture	stage1_box	2482655	0	1	7664	1	0	next	other	0
MAXED_1038_Day_A	176	Picture	stage1_outcome	2490319	0	1	167	1	0	next	other	0
MAXED_1038_Day_A	177	Picture	stage2B	2490486	0	1	7831	1	0	next	false_alarm	387
MAXED_1038_Day_A	177	Response	1	2498206	7721	1
MAXED_1038_Day_A	178	Picture	stage2_box	2498317	0	1	7664	1	0	next	other	0
MAXED_1038_Day_A	178	Pulse	99	2500000	1683	NA
MAXED_1038_Day_A	179	Picture	stage2_up	2505981	0	1	7664	1	0	next	other	0
MAXED_1038_Day_A	180	Picture	stage2_win	2513645	0	1	10163	1	0	next	other	0
MAXED_1038_Day_A	180	Pulse	99	2520000	6355	NA
MAXED_1038_Day_A	181	Picture	stage1	2523808	0	1	12829	1	0	next	false_alarm	394
MAXED_1038_Day_A	181	Response	2	2536497	12689	1
MAXED_1038_Day_A	182	Picture	stage1_box	2536637	0	1	7664	1	0	next	other	0
MAXED_1038_Day_A	182	Pulse	99	2540000	3363	NA
MAXED_1038_Day_A	183	Picture	stage1_outcome	2544301	0	1	167	1	0	next	other	0
MAXED_1038_Day_A	184	Picture	stage2A	2544467	0	1	6998	1	0	next	false_alarm	399
MAXED_1038_Day_A	184	Response	2	2551413	6945	1
MAXED_1038_Day_A	185	Picture	stage2_box	2551465	0	1	7664	1	0	next	other	0
MAXED_1038_Day_A	186	Picture	stage2_up	2559129	0	1	7664	1	0	next	other	0
MAXED_1038_Day_A	186	Pulse	99	2560000	871	NA
MAXED_1038_Day_A	187	Picture	stage2_win	2566793	0	1	10163	1	0	next	other	0
MAXED_1038_Day_A	188	Picture	stage1	2576956	0	1	9330	1	0	next	false_alarm	406
MAXED_1038_Day_A	188	Pulse	99	2580000	3044	NA
MAXED_1038_Day_A	188	Response	1	2586133	9176	1
MAXED_1038_Day_A	189	Picture	stage1_box	2586287	0	1	7664	1	0	next	other	0
MAXED_1038_Day_A	190	Picture	stage1_outcome	2593951	0	1	167	1	0	next	other	0
MAXED_1038_Day_A	191	Picture	stage2A	2594117	0	1	3499	1	0	next	false_alarm	410
MAXED_1038_Day_A	191	Response	2	2597460	3342	1
MAXED_1038_Day_A	192	Picture	stage2_box	2597616	0	1	7664	1	0	next	other	0
MAXED_1038_Day_A	192	Pulse	99	2600000	2384	NA
MAXED_1038_Day_A	193	Picture	stage2_up	2605280	0	1	7664	1	0	next	other	0
MAXED_1038_Day_A	194	Picture	stage2_win	2612944	0	1	10163	1	0	next	other	0
MAXED_1038_Day_A	194	Pulse	99	2620000	7056	NA
MAXED_1038_Day_A	195	Picture	stage1	2623107	0	1	5498	1	0	next	false_alarm	417
MAXED_1038_Day_A	195	Response	1	2628498	5391	1
MAXED_1038_Day_A	196	Picture	stage1_box	2628605	0	1	7664	1	0	next	other	0
MAXED_1038_Day_A	197	Picture	stage1_outcome	2636270	0	1	167	1	0	next	other	0
MAXED_1038_Day_A	198	Picture	stage2B	2636436	0	1	8164	1	0	next	false_alarm	422
MAXED_1038_Day_A	198	Pulse	99	2640000	3564	NA
MAXED_1038_Day_A	198	Response	2	2644478	8042	1
MAXED_1038_Day_A	199	Picture	stage2_box	2644600	0	1	7664	1	0	next	other	0
MAXED_1038_Day_A	200	Picture	stage2_up	2652264	0	1	7664	1	0	next	other	0
MAXED_1038_Day_A	201	Picture	stage2_lose	2659928	0	1	10163	1	0	next	other	0
MAXED_1038_Day_A	201	Pulse	99	2660000	72	NA
MAXED_1038_Day_A	202	Picture	stage1	2670091	0	1	2666	1	0	next	false_alarm	428
MAXED_1038_Day_A	202	Response	2	2672629	2537	1
MAXED_1038_Day_A	203	Picture	stage1_box	2672757	0	1	7664	1	0	next	other	0
MAXED_1038_Day_A	203	Pulse	99	2680000	7243	NA
MAXED_1038_Day_A	204	Picture	stage1_outcome	2680421	0	1	167	1	0	next	other	0
MAXED_1038_Day_A	205	Picture	stage2A	2680588	0	1	9330	1	0	next	false_alarm	433
MAXED_1038_Day_A	205	Response	2	2689826	9238	1
MAXED_1038_Day_A	206	Picture	stage2_box	2689918	0	1	7664	1	0	next	other	0
MAXED_1038_Day_A	207	Picture	stage2_up	2697582	0	1	7664	1	0	next	other	0
MAXED_1038_Day_A	207	Pulse	99	2700000	2418	NA
MAXED_1038_Day_A	208	Picture	stage2_win	2705246	0	1	10163	1	0	next	other	0
MAXED_1038_Day_A	209	Picture	stage1	2715409	0	1	3665	1	0	next	false_alarm	439
MAXED_1038_Day_A	209	Response	2	2718975	3566	1
MAXED_1038_Day_A	210	Picture	stage1_box	2719075	0	1	7664	1	0	next	other	0
MAXED_1038_Day_A	210	Pulse	99	2720000	925	NA
MAXED_1038_Day_A	211	Picture	stage1_outcome	2726739	0	1	167	1	0	next	other	0
MAXED_1038_Day_A	212	Picture	stage2B	2726905	0	1	6664	1	0	next	false_alarm	444
MAXED_1038_Day_A	212	Response	1	2733421	6516	1
MAXED_1038_Day_A	213	Picture	stage2_box	2733570	0	1	7664	1	0	next	other	0
MAXED_1038_Day_A	213	Pulse	99	2740000	6430	NA
MAXED_1038_Day_A	214	Picture	stage2_up	2741234	0	1	7664	1	0	next	other	0
MAXED_1038_Day_A	215	Picture	stage2_lose	2748898	0	1	10163	1	0	next	other	0
MAXED_1038_Day_A	216	Picture	stage1	2759061	0	1	2832	1	0	next	false_alarm	451
MAXED_1038_Day_A	216	Pulse	99	2760000	939	NA
MAXED_1038_Day_A	216	Response	2	2761726	2665	1
MAXED_1038_Day_A	217	Picture	stage1_box	2761894	0	1	7664	1	0	next	other	0
MAXED_1038_Day_A	218	Picture	stage1_outcome	2769558	0	1	167	1	0	next	other	0
MAXED_1038_Day_A	219	Picture	stage2B	2769724	0	1	2166	1	0	next	false_alarm	455
MAXED_1038_Day_A	219	Response	2	2771730	2005	1
MAXED_1038_Day_A	220	Picture	stage2_box	2771890	0	1	7664	1	0	next	other	0
MAXED_1038_Day_A	221	Picture	stage2_up	2779554	0	1	7664	1	0	next	other	0
MAXED_1038_Day_A	221	Pulse	99	2780000	446	NA
MAXED_1038_Day_A	222	Picture	stage2_win	2787218	0	1	10163	1	0	next	other	0
MAXED_1038_Day_A	223	Pulse	99	2800000	2619	NA
MAXED_1038_Day_A	223	Pulse	99	2820000	22619	NA
MAXED_1038_Day_A	223	Pulse	99	2840000	42619	NA
MAXED_1038_Day_A	223	Pulse	99	2860000	62619	NA
MAXED_1038_Day_A	223	Pulse	99	2880000	82619	NA
MAXED_1038_Day_A	223	Pulse	99	2900000	102619	NA
MAXED_1038_Day_A	223	Pulse	99	2920000	122619	NA
MAXED_1038_Day_A	223	Pulse	99	2940000	142619	NA
MAXED_1038_Day_A	223	Pulse	99	2960000	162619	NA
MAXED_1038_Day_A	223	Pulse	99	2980000	182619	NA
MAXED_1038_Day_A	223	Pulse	99	3000000	202619	NA
MAXED_1038_Day_A	223	Pulse	99	3020000	222619	NA
MAXED_1038_Day_A	223	Pulse	99	3040000	242619	NA
MAXED_1038_Day_A	223	Pulse	99	3060000	262619	NA
MAXED_1038_Day_A	223	Pulse	99	3080000	282619	NA
MAXED_1038_Day_A	223	Pulse	99	3100000	302619	NA
MAXED_1038_Day_A	223	Pulse	99	3120000	322619	NA
MAXED_1038_Day_A	223	Pulse	99	3140000	342619	NA
MAXED_1038_Day_A	223	Pulse	99	3160000	362619	NA
MAXED_1038_Day_A	223	Pulse	99	3180000	382619	NA
MAXED_1038_Day_A	223	Pulse	99	3200000	402619	NA
MAXED_1038_Day_A	223	Pulse	99	3220000	422619	NA
MAXED_1038_Day_A	223	Pulse	99	3240000	442619	NA
MAXED_1038_Day_A	223	Pulse	99	3260000	462619	NA
MAXED_1038_Day_A	223	Pulse	99	3280000	482619	NA
MAXED_1038_Day_A	223	Pulse	99	3300000	502619	NA
MAXED_1038_Day_A	223	Pulse	99	3320000	522619	NA
MAXED_1038_Day_A	223	Pulse	99	3340000	542619	NA
MAXED_1038_Day_A	223	Pulse	99	3360000	562619	NA
MAXED_1038_Day_A	223	Pulse	99	3380000	582619	NA
MAXED_1038_Day_A	223	Pulse	99	3400000	602619	NA
MAXED_1038_Day_A	223	Pulse	99	3420000	622619	NA
MAXED_1038_Day_A	223	Pulse	99	3440000	642619	NA
MAXED_1038_Day_A	223	Pulse	99	3460000	662619	NA
MAXED_1038_Day_A	223	Pulse	99	3480000	682619	NA
MAXED_1038_Day_A	223	Pulse	99	3500000	702619	NA
MAXED_1038_Day_A	223	Pulse	99	3520000	722619	NA
MAXED_1038_Day_A	223	Pulse	99	3540000	742619	NA
MAXED_1038_Day_A	223	Pulse	99	3560000	762619	NA
MAXED_1038_Day_A	223	Pulse	99	3580000	782619	NA
MAXED_1038_Day_A	223	Pulse	99	3600000	802619	NA
MAXED_1038_Day_A	223	Pulse	99	3620000	822619	NA
MAXED_1038_Day_A	223	Pulse	99	3640000	842619	NA
MAXED_1038_Day_A	223	Pulse	99	3660000	862619	NA
MAXED_1038_Day_A	223	Pulse	99	3680000	882619	NA
MAXED_1038_Day_A	223	Pulse	99	3700000	902619	NA
MAXED_1038_Day_A	223	Quit		3701312	903931	NA
