Scenario - 
Logfile written - 08/01/2022 18:03:46

Subject	Trial	Event Type	Code	Time	TTime	Uncertainty	Duration	Uncertainty	ReqTime	ReqDur	Stim Type	Pair Index

MAXED_1031_DAY_B	0	Pulse	99	0	0	NA
MAXED_1031_DAY_B	1	Picture	instructions_1	333	0	1	158559	1	0	next	false_alarm	10
MAXED_1031_DAY_B	1	Pulse	99	20000	19667	NA
MAXED_1031_DAY_B	1	Pulse	99	40000	39667	NA
MAXED_1031_DAY_B	1	Pulse	99	60000	59667	NA
MAXED_1031_DAY_B	1	Pulse	99	80000	79667	NA
MAXED_1031_DAY_B	1	Pulse	99	100000	99667	NA
MAXED_1031_DAY_B	1	Pulse	99	120000	119667	NA
MAXED_1031_DAY_B	1	Pulse	99	140000	139667	NA
MAXED_1031_DAY_B	1	Response	88	158660	158327	1
MAXED_1031_DAY_B	2	Picture	instructions_2	158892	0	1	29973	1	0	next	false_alarm	14
MAXED_1031_DAY_B	2	Pulse	99	160000	1108	NA
MAXED_1031_DAY_B	2	Pulse	99	180000	21108	NA
MAXED_1031_DAY_B	2	Response	88	188637	29744	1
MAXED_1031_DAY_B	3	Picture	instructions_3	188865	0	1	31962	1	0	next	false_alarm	18
MAXED_1031_DAY_B	3	Pulse	99	200000	11135	NA
MAXED_1031_DAY_B	3	Pulse	99	220000	31135	NA
MAXED_1031_DAY_B	3	Response	88	220595	31730	1
MAXED_1031_DAY_B	4	Picture	instructions_4	220827	0	1	37594	1	0	next	false_alarm	21
MAXED_1031_DAY_B	4	Pulse	99	240000	19173	NA
MAXED_1031_DAY_B	4	Response	88	258191	37363	1
MAXED_1031_DAY_B	5	Picture	instructions_5	258422	0	1	43795	1	0	next	false_alarm	26
MAXED_1031_DAY_B	5	Pulse	99	260000	1578	NA
MAXED_1031_DAY_B	5	Pulse	99	280000	21578	NA
MAXED_1031_DAY_B	5	Pulse	99	300000	41578	NA
MAXED_1031_DAY_B	5	Response	88	301991	43569	1
MAXED_1031_DAY_B	6	Picture	instructions_6	302217	0	1	36512	1	0	next	false_alarm	29
MAXED_1031_DAY_B	6	Pulse	99	320000	17783	NA
MAXED_1031_DAY_B	6	Response	88	338501	36285	1
MAXED_1031_DAY_B	7	Picture	instructions_7	338729	0	1	69575	1	0	next	false_alarm	35
MAXED_1031_DAY_B	7	Pulse	99	340000	1271	NA
MAXED_1031_DAY_B	7	Pulse	99	360000	21271	NA
MAXED_1031_DAY_B	7	Pulse	99	380000	41271	NA
MAXED_1031_DAY_B	7	Pulse	99	400000	61271	NA
MAXED_1031_DAY_B	7	Response	88	408073	69344	1
MAXED_1031_DAY_B	8	Picture	instructions_8	408305	0	1	34451	1	0	next	false_alarm	39
MAXED_1031_DAY_B	8	Pulse	99	420000	11695	NA
MAXED_1031_DAY_B	8	Pulse	99	440000	31695	NA
MAXED_1031_DAY_B	8	Response	88	442628	34323	1
MAXED_1031_DAY_B	9	Picture	instructions_9	442756	0	1	33129	1	0	next	false_alarm	42
MAXED_1031_DAY_B	9	Pulse	99	460000	17244	NA
MAXED_1031_DAY_B	9	Response	88	475654	32898	1
MAXED_1031_DAY_B	10	Picture	instructions_10	475885	0	1	83130	1	0	next	false_alarm	48
MAXED_1031_DAY_B	10	Pulse	99	480000	4115	NA
MAXED_1031_DAY_B	10	Pulse	99	500000	24115	NA
MAXED_1031_DAY_B	10	Pulse	99	520000	44115	NA
MAXED_1031_DAY_B	10	Pulse	99	540000	64115	NA
MAXED_1031_DAY_B	10	Response	88	558773	82887	1
MAXED_1031_DAY_B	11	Picture	instructions_11	559015	0	1	59327	1	0	next	false_alarm	53
MAXED_1031_DAY_B	11	Pulse	99	560000	985	NA
MAXED_1031_DAY_B	11	Pulse	99	580000	20985	NA
MAXED_1031_DAY_B	11	Pulse	99	600000	40985	NA
MAXED_1031_DAY_B	11	Response	88	618252	59237	1
MAXED_1031_DAY_B	12	Picture	instructions_12	618342	0	1	24263	1	0	next	false_alarm	57
MAXED_1031_DAY_B	12	Pulse	99	620000	1658	NA
MAXED_1031_DAY_B	12	Pulse	99	640000	21658	NA
MAXED_1031_DAY_B	12	Response	88	642376	24033	1
MAXED_1031_DAY_B	13	Picture	instructions_13	642605	0	1	38290	1	0	next	false_alarm	61
MAXED_1031_DAY_B	13	Pulse	99	660000	17395	NA
MAXED_1031_DAY_B	13	Pulse	99	680000	37395	NA
MAXED_1031_DAY_B	13	Response	88	680667	38062	1
MAXED_1031_DAY_B	14	Picture	instructions_14	680895	0	1	18896	1	0	next	false_alarm	63
MAXED_1031_DAY_B	14	Response	88	699560	18665	1
MAXED_1031_DAY_B	15	Picture	instructions_15	699791	0	1	44466	1	0	next	false_alarm	68
MAXED_1031_DAY_B	15	Pulse	99	700000	209	NA
MAXED_1031_DAY_B	15	Pulse	99	720000	20209	NA
MAXED_1031_DAY_B	15	Pulse	99	740000	40209	NA
MAXED_1031_DAY_B	15	Response	88	744026	44235	1
MAXED_1031_DAY_B	16	Picture	instructions_16	744257	0	1	26410	1	0	next	false_alarm	71
MAXED_1031_DAY_B	16	Pulse	99	760000	15743	NA
MAXED_1031_DAY_B	16	Response	88	770436	26179	1
MAXED_1031_DAY_B	17	Picture	instructions_17	770667	0	1	6797	1	0	next	false_alarm	73
MAXED_1031_DAY_B	17	Response	88	777234	6567	1
MAXED_1031_DAY_B	18	Picture	instructions_18	777464	0	1	19472	1	0	next	false_alarm	76
MAXED_1031_DAY_B	18	Pulse	99	780000	2536	NA
MAXED_1031_DAY_B	18	Response	88	796706	19242	1
MAXED_1031_DAY_B	19	Picture	instructions_19	796937	0	1	69038	1	0	next	false_alarm	82
MAXED_1031_DAY_B	19	Pulse	99	800000	3063	NA
MAXED_1031_DAY_B	19	Pulse	99	820000	23063	NA
MAXED_1031_DAY_B	19	Pulse	99	840000	43063	NA
MAXED_1031_DAY_B	19	Pulse	99	860000	63063	NA
MAXED_1031_DAY_B	19	Response	88	865747	68810	1
MAXED_1031_DAY_B	20	Picture	instructions_20	865974	0	1	46754	1	0	next	false_alarm	86
MAXED_1031_DAY_B	20	Pulse	99	880000	14026	NA
MAXED_1031_DAY_B	20	Pulse	99	900000	34026	NA
MAXED_1031_DAY_B	20	Response	88	912499	46525	1
MAXED_1031_DAY_B	21	Picture	instructions_21	912728	0	1	44421	1	0	next	false_alarm	90
MAXED_1031_DAY_B	21	Pulse	99	920000	7272	NA
MAXED_1031_DAY_B	21	Pulse	99	940000	27272	NA
MAXED_1031_DAY_B	21	Response	88	956918	44190	1
MAXED_1031_DAY_B	22	Picture	instructions_22	957149	0	1	11895	1	0	next	false_alarm	93
MAXED_1031_DAY_B	22	Pulse	99	960000	2851	NA
MAXED_1031_DAY_B	22	Response	88	968813	11664	1
MAXED_1031_DAY_B	23	Picture	instructions_23	969044	0	1	37780	1	0	next	false_alarm	97
MAXED_1031_DAY_B	23	Pulse	99	980000	10956	NA
MAXED_1031_DAY_B	23	Pulse	99	1000000	30956	NA
MAXED_1031_DAY_B	23	Response	88	1006589	37545	1
MAXED_1031_DAY_B	24	Picture	instructions_24	1006824	0	1	37822	1	0	next	false_alarm	101
MAXED_1031_DAY_B	24	Pulse	99	1020000	13176	NA
MAXED_1031_DAY_B	24	Pulse	99	1040000	33176	NA
MAXED_1031_DAY_B	24	Response	88	1044416	37592	1
MAXED_1031_DAY_B	25	Picture	instructions_25	1044646	0	1	17260	1	0	next	false_alarm	104
MAXED_1031_DAY_B	25	Pulse	99	1060000	15354	NA
MAXED_1031_DAY_B	25	Response	88	1061676	17030	1
MAXED_1031_DAY_B	26	Picture	instructions_26	1061906	0	1	53643	1	0	next	false_alarm	108
MAXED_1031_DAY_B	26	Pulse	99	1080000	18094	NA
MAXED_1031_DAY_B	26	Pulse	99	1100000	38094	NA
MAXED_1031_DAY_B	26	Response	88	1115318	53412	1
MAXED_1031_DAY_B	27	Picture	instructions_27	1115549	0	1	31510	1	0	next	false_alarm	112
MAXED_1031_DAY_B	27	Pulse	99	1120000	4451	NA
MAXED_1031_DAY_B	27	Pulse	99	1140000	24451	NA
MAXED_1031_DAY_B	27	Response	88	1146829	31280	1
MAXED_1031_DAY_B	28	Picture	instructions_28	1147060	0	1	11653	1	0	next	false_alarm	114
MAXED_1031_DAY_B	28	Response	88	1158484	11425	1
MAXED_1031_DAY_B	29	Picture	instructions_29	1158712	0	1	24720	1	0	next	false_alarm	118
MAXED_1031_DAY_B	29	Pulse	99	1160000	1288	NA
MAXED_1031_DAY_B	29	Pulse	99	1180000	21288	NA
MAXED_1031_DAY_B	29	Response	88	1183201	24488	1
MAXED_1031_DAY_B	30	Picture	instructions_30	1183432	0	1	87033	1	0	next	false_alarm	124
MAXED_1031_DAY_B	30	Pulse	99	1200000	16568	NA
MAXED_1031_DAY_B	30	Pulse	99	1220000	36568	NA
MAXED_1031_DAY_B	30	Pulse	99	1240000	56568	NA
MAXED_1031_DAY_B	30	Pulse	99	1260000	76568	NA
MAXED_1031_DAY_B	30	Response	88	1270234	86802	1
MAXED_1031_DAY_B	31	Picture	instructions_31	1270465	0	1	66902	1	0	next	false_alarm	129
MAXED_1031_DAY_B	31	Pulse	99	1280000	9535	NA
MAXED_1031_DAY_B	31	Pulse	99	1300000	29535	NA
MAXED_1031_DAY_B	31	Pulse	99	1320000	49535	NA
MAXED_1031_DAY_B	31	Response	88	1337138	66673	1
MAXED_1031_DAY_B	32	Picture	instructions_32	1337368	0	1	75319	1	0	next	false_alarm	135
MAXED_1031_DAY_B	32	Pulse	99	1340000	2632	NA
MAXED_1031_DAY_B	32	Pulse	99	1360000	22632	NA
MAXED_1031_DAY_B	32	Pulse	99	1380000	42632	NA
MAXED_1031_DAY_B	32	Pulse	99	1400000	62632	NA
MAXED_1031_DAY_B	32	Response	88	1412457	75089	1
MAXED_1031_DAY_B	33	Picture	instructions_33	1412686	0	1	70537	1	0	next	false_alarm	141
MAXED_1031_DAY_B	33	Pulse	99	1420000	7314	NA
MAXED_1031_DAY_B	33	Pulse	99	1440000	27314	NA
MAXED_1031_DAY_B	33	Pulse	99	1460000	47314	NA
MAXED_1031_DAY_B	33	Pulse	99	1480000	67314	NA
MAXED_1031_DAY_B	33	Response	88	1482992	70306	1
MAXED_1031_DAY_B	34	Picture	instructions_34	1483224	0	1	94576	1	0	next	false_alarm	147
MAXED_1031_DAY_B	34	Pulse	99	1500000	16776	NA
MAXED_1031_DAY_B	34	Pulse	99	1520000	36776	NA
MAXED_1031_DAY_B	34	Pulse	99	1540000	56776	NA
MAXED_1031_DAY_B	34	Pulse	99	1560000	76776	NA
MAXED_1031_DAY_B	34	Response	88	1577566	94342	1
MAXED_1031_DAY_B	35	Picture	instructions_35	1577799	0	1	74746	1	0	next	false_alarm	153
MAXED_1031_DAY_B	35	Pulse	99	1580000	2201	NA
MAXED_1031_DAY_B	35	Pulse	99	1600000	22201	NA
MAXED_1031_DAY_B	35	Pulse	99	1620000	42201	NA
MAXED_1031_DAY_B	35	Pulse	99	1640000	62201	NA
MAXED_1031_DAY_B	35	Response	88	1652315	74516	1
MAXED_1031_DAY_B	36	Picture	instructions_36	1652545	0	1	87786	1	0	next	false_alarm	160
MAXED_1031_DAY_B	36	Pulse	99	1660000	7455	NA
MAXED_1031_DAY_B	36	Pulse	99	1680000	27455	NA
MAXED_1031_DAY_B	36	Pulse	99	1700000	47455	NA
MAXED_1031_DAY_B	36	Pulse	99	1720000	67455	NA
MAXED_1031_DAY_B	36	Pulse	99	1740000	87455	NA
MAXED_1031_DAY_B	36	Response	88	1740101	87556	1
MAXED_1031_DAY_B	37	Picture	instructions_37	1740331	0	1	39443	1	0	next	false_alarm	163
MAXED_1031_DAY_B	37	Pulse	99	1760000	19669	NA
MAXED_1031_DAY_B	37	Response	88	1779548	39217	1
MAXED_1031_DAY_B	38	Picture	instructions_38	1779774	0	1	16400	1	0	next	false_alarm	166
MAXED_1031_DAY_B	38	Pulse	99	1780000	226	NA
MAXED_1031_DAY_B	38	Response	88	1796115	16340	1
MAXED_1031_DAY_B	39	Picture	instructions_39	1796175	0	1	18656	1	0	next	false_alarm	169
MAXED_1031_DAY_B	39	Pulse	99	1800000	3825	NA
MAXED_1031_DAY_B	39	Response	88	1814605	18430	1
MAXED_1031_DAY_B	40	Picture	instructions_40	1814830	0	1	6353	1	0	next	false_alarm	172
MAXED_1031_DAY_B	40	Pulse	99	1820000	5170	NA
MAXED_1031_DAY_B	40	Response	88	1820956	6126	1
MAXED_1031_DAY_B	41	Picture	instructions_41	1821183	0	1	3800	1	0	next	false_alarm	174
MAXED_1031_DAY_B	41	Response	88	1824759	3575	1
MAXED_1031_DAY_B	42	Picture	instructions_42	1824984	0	1	3515	1	0	next	false_alarm	176
MAXED_1031_DAY_B	42	Response	88	1828275	3291	1
MAXED_1031_DAY_B	43	Picture	instructions_43	1828499	0	1	14894	1	0	next	false_alarm	179
MAXED_1031_DAY_B	43	Pulse	99	1840000	11501	NA
MAXED_1031_DAY_B	43	Response	88	1843168	14670	1
MAXED_1031_DAY_B	44	Picture	instructions_44	1843392	0	1	60838	1	0	next	false_alarm	184
MAXED_1031_DAY_B	44	Pulse	99	1860000	16608	NA
MAXED_1031_DAY_B	44	Pulse	99	1880000	36608	NA
MAXED_1031_DAY_B	44	Pulse	99	1900000	56608	NA
MAXED_1031_DAY_B	44	Response	88	1904004	60611	1
MAXED_1031_DAY_B	45	Picture	instructions_45	1904231	0	1	28601	2	0	next	false_alarm	187
MAXED_1031_DAY_B	45	Pulse	99	1920000	15769	NA
MAXED_1031_DAY_B	45	Response	88	1932774	28544	1
MAXED_1031_DAY_B	46	Picture	instructions_46	1932832	0	2	15778	2	0	next	false_alarm	190
MAXED_1031_DAY_B	46	Pulse	99	1940000	7168	NA
MAXED_1031_DAY_B	46	Response	88	1948556	15724	1
MAXED_1031_DAY_B	47	Picture	fixation	1948610	0	1	5165	1	0	next	other	0
MAXED_1031_DAY_B	48	Picture	stage1	1953775	0	1	11496	1	0	next	false_alarm	194
MAXED_1031_DAY_B	48	Pulse	99	1960000	6225	NA
MAXED_1031_DAY_B	48	Response	1	1965071	11296	1
MAXED_1031_DAY_B	49	Picture	stage1_box	1965271	0	1	7664	1	0	next	other	0
MAXED_1031_DAY_B	50	Picture	stage1_outcome	1972935	0	1	167	1	0	next	other	0
MAXED_1031_DAY_B	51	Picture	stage2B	1973102	0	1	13495	1	0	next	false_alarm	199
MAXED_1031_DAY_B	51	Pulse	99	1980000	6899	NA
MAXED_1031_DAY_B	51	Response	1	1986503	13401	1
MAXED_1031_DAY_B	52	Picture	stage2_box	1986597	0	1	7664	1	0	next	other	0
MAXED_1031_DAY_B	53	Picture	stage2_up	1994261	0	1	7664	1	0	next	other	0
MAXED_1031_DAY_B	53	Pulse	99	2000000	5739	NA
MAXED_1031_DAY_B	54	Picture	stage2_win	2001925	0	1	10163	1	0	next	other	0
MAXED_1031_DAY_B	55	Picture	stage1	2012088	0	1	3832	1	0	next	false_alarm	205
MAXED_1031_DAY_B	55	Response	1	2015725	3637	1
MAXED_1031_DAY_B	56	Picture	stage1_box	2015920	0	1	7664	1	0	next	other	0
MAXED_1031_DAY_B	56	Pulse	99	2020000	4080	NA
MAXED_1031_DAY_B	57	Picture	stage1_outcome	2023584	0	1	167	1	0	next	other	0
MAXED_1031_DAY_B	58	Picture	stage2A	2023751	0	1	8997	1	0	next	false_alarm	210
MAXED_1031_DAY_B	58	Response	1	2032680	8929	1
MAXED_1031_DAY_B	59	Picture	stage2_box	2032748	0	1	7664	1	0	next	other	0
MAXED_1031_DAY_B	59	Pulse	99	2040000	7252	NA
MAXED_1031_DAY_B	60	Picture	stage2_up	2040412	0	1	7664	1	0	next	other	0
MAXED_1031_DAY_B	61	Picture	stage2_win	2048076	0	1	10163	1	0	next	other	0
MAXED_1031_DAY_B	62	Picture	stage1	2058239	0	1	5381	1	0	next	false_alarm	217
MAXED_1031_DAY_B	62	Pulse	99	2060000	1761	NA
MAXED_1031_DAY_B	62	Response	1	2063570	5330	1
MAXED_1031_DAY_B	63	Picture	stage1_box	2063621	0	1	7551	1	0	next	other	0
MAXED_1031_DAY_B	64	Picture	stage1_outcome	2071171	0	1	167	1	0	next	other	0
MAXED_1031_DAY_B	65	Picture	stage2A	2071338	0	1	5127	1	0	next	false_alarm	221
MAXED_1031_DAY_B	65	Response	1	2076415	5076	1
MAXED_1031_DAY_B	66	Picture	stage2_box	2076465	0	1	7550	1	0	next	other	0
MAXED_1031_DAY_B	66	Pulse	99	2080000	3535	NA
MAXED_1031_DAY_B	67	Picture	stage2_up	2084015	0	1	7551	1	0	next	other	0
MAXED_1031_DAY_B	68	Picture	stage2_win	2091565	0	1	10051	1	0	next	other	0
MAXED_1031_DAY_B	68	Pulse	99	2100000	8435	NA
MAXED_1031_DAY_B	69	Picture	stage1	2101617	0	1	3723	1	0	next	false_alarm	228
MAXED_1031_DAY_B	69	Response	1	2105289	3672	1
MAXED_1031_DAY_B	70	Picture	stage1_box	2105339	0	1	7550	1	0	next	other	0
MAXED_1031_DAY_B	71	Picture	stage1_outcome	2112889	0	1	167	1	0	next	other	0
MAXED_1031_DAY_B	72	Picture	stage2B	2113056	0	1	13621	1	0	next	false_alarm	233
MAXED_1031_DAY_B	72	Pulse	99	2120000	6944	NA
MAXED_1031_DAY_B	72	Response	1	2126626	13570	1
MAXED_1031_DAY_B	73	Picture	stage2_box	2126676	0	1	7664	1	0	next	other	0
MAXED_1031_DAY_B	74	Picture	stage2_up	2134340	0	1	7664	1	0	next	other	0
MAXED_1031_DAY_B	74	Pulse	99	2140000	5660	NA
MAXED_1031_DAY_B	75	Picture	stage2_win	2142004	0	1	10163	1	0	next	other	0
MAXED_1031_DAY_B	76	Picture	stage1	2152168	0	1	2999	1	0	next	false_alarm	239
MAXED_1031_DAY_B	76	Response	1	2155035	2868	1
MAXED_1031_DAY_B	77	Picture	stage1_box	2155167	0	1	7664	1	0	next	other	0
MAXED_1031_DAY_B	77	Pulse	99	2160000	4833	NA
MAXED_1031_DAY_B	78	Picture	stage1_outcome	2162831	0	1	167	1	0	next	other	0
MAXED_1031_DAY_B	79	Picture	stage2A	2162997	0	1	5675	1	0	next	false_alarm	244
MAXED_1031_DAY_B	79	Response	1	2168622	5625	1
MAXED_1031_DAY_B	80	Picture	stage2_box	2168672	0	1	7550	1	0	next	other	0
MAXED_1031_DAY_B	81	Picture	stage2_up	2176222	0	1	7550	1	0	next	other	0
MAXED_1031_DAY_B	81	Pulse	99	2180000	3778	NA
MAXED_1031_DAY_B	82	Picture	stage2_win	2183772	0	1	10050	1	0	next	other	0
MAXED_1031_DAY_B	83	Picture	stage1	2193822	0	1	2318	1	0	next	false_alarm	250
MAXED_1031_DAY_B	83	Response	1	2196091	2268	1
MAXED_1031_DAY_B	84	Picture	stage1_box	2196140	0	1	7692	1	0	next	other	0
MAXED_1031_DAY_B	84	Pulse	99	2200000	3860	NA
MAXED_1031_DAY_B	85	Picture	stage1_outcome	2203832	0	1	167	1	0	next	other	0
MAXED_1031_DAY_B	86	Picture	stage2A	2203999	0	1	3762	1	0	next	false_alarm	255
MAXED_1031_DAY_B	86	Response	1	2207710	3711	1
MAXED_1031_DAY_B	87	Picture	stage2_box	2207760	0	1	7551	1	0	next	other	0
MAXED_1031_DAY_B	88	Picture	stage2_up	2215312	0	1	7551	1	0	next	other	0
MAXED_1031_DAY_B	88	Pulse	99	2220000	4688	NA
MAXED_1031_DAY_B	89	Picture	stage2_win	2222863	0	1	10052	1	0	next	other	0
MAXED_1031_DAY_B	90	Picture	stage1	2232914	0	1	2653	1	0	next	false_alarm	261
MAXED_1031_DAY_B	90	Response	1	2235516	2601	1
MAXED_1031_DAY_B	91	Picture	stage1_box	2235567	0	1	7551	1	0	next	other	0
MAXED_1031_DAY_B	91	Pulse	99	2240000	4433	NA
MAXED_1031_DAY_B	92	Picture	stage1_outcome	2243118	0	1	167	1	0	next	other	0
MAXED_1031_DAY_B	93	Picture	stage2A	2243285	0	1	4045	1	0	next	false_alarm	266
MAXED_1031_DAY_B	93	Response	1	2247278	3994	1
MAXED_1031_DAY_B	94	Picture	stage2_box	2247329	0	1	7527	1	0	next	other	0
MAXED_1031_DAY_B	95	Picture	stage2_up	2254857	0	1	7551	1	0	next	other	0
MAXED_1031_DAY_B	95	Pulse	99	2260000	5143	NA
MAXED_1031_DAY_B	96	Picture	stage2_win	2262408	0	1	10051	1	0	next	other	0
MAXED_1031_DAY_B	97	Picture	stage1	2272459	0	1	2735	1	0	next	false_alarm	272
MAXED_1031_DAY_B	97	Response	1	2275144	2685	1
MAXED_1031_DAY_B	98	Picture	stage1_box	2275194	0	1	7550	1	0	next	other	0
MAXED_1031_DAY_B	98	Pulse	99	2280000	4806	NA
MAXED_1031_DAY_B	99	Picture	stage1_outcome	2282744	0	1	167	1	0	next	other	0
MAXED_1031_DAY_B	100	Picture	stage2A	2282911	0	1	5070	1	0	next	false_alarm	277
MAXED_1031_DAY_B	100	Response	1	2287930	5020	1
MAXED_1031_DAY_B	101	Picture	stage2_box	2287981	0	1	7605	1	0	next	other	0
MAXED_1031_DAY_B	102	Picture	stage2_up	2295586	0	1	7555	1	0	next	other	0
MAXED_1031_DAY_B	102	Pulse	99	2300000	4414	NA
MAXED_1031_DAY_B	103	Picture	stage2_lose	2303141	0	1	10051	1	0	next	other	0
MAXED_1031_DAY_B	104	Picture	stage1	2313192	0	1	4356	1	0	next	false_alarm	283
MAXED_1031_DAY_B	104	Response	1	2317497	4305	1
MAXED_1031_DAY_B	105	Picture	stage1_box	2317548	0	1	7551	1	0	next	other	0
MAXED_1031_DAY_B	105	Pulse	99	2320000	2452	NA
MAXED_1031_DAY_B	106	Picture	stage1_outcome	2325099	0	1	167	1	0	next	other	0
MAXED_1031_DAY_B	107	Picture	stage2A	2325266	0	1	4209	1	0	next	false_alarm	288
MAXED_1031_DAY_B	107	Response	2	2329422	4156	1
MAXED_1031_DAY_B	108	Picture	stage2_box	2329475	0	1	7669	1	0	next	other	0
MAXED_1031_DAY_B	109	Picture	stage2_up	2337144	0	1	7551	1	0	next	other	0
MAXED_1031_DAY_B	109	Pulse	99	2340000	2856	NA
MAXED_1031_DAY_B	110	Picture	stage2_win	2344694	0	1	10051	1	0	next	other	0
MAXED_1031_DAY_B	111	Picture	stage1	2354745	0	1	2940	1	0	next	false_alarm	294
MAXED_1031_DAY_B	111	Response	1	2357634	2889	1
MAXED_1031_DAY_B	112	Picture	stage1_box	2357685	0	1	7551	1	0	next	other	0
MAXED_1031_DAY_B	112	Pulse	99	2360000	2315	NA
MAXED_1031_DAY_B	113	Picture	stage1_outcome	2365235	0	1	167	1	0	next	other	0
MAXED_1031_DAY_B	114	Picture	stage2A	2365402	0	1	3639	1	0	next	false_alarm	299
MAXED_1031_DAY_B	114	Response	2	2368989	3587	1
MAXED_1031_DAY_B	115	Picture	stage2_box	2369041	0	1	7550	1	0	next	other	0
MAXED_1031_DAY_B	116	Picture	stage2_up	2376591	0	1	7550	1	0	next	other	0
MAXED_1031_DAY_B	116	Pulse	99	2380000	3409	NA
MAXED_1031_DAY_B	117	Picture	stage2_lose	2384141	0	1	10050	1	0	next	other	0
MAXED_1031_DAY_B	118	Picture	stage1	2394191	0	1	2864	1	0	next	false_alarm	305
MAXED_1031_DAY_B	118	Response	2	2396832	2641	1
MAXED_1031_DAY_B	119	Picture	stage1_box	2397055	0	1	7550	1	0	next	other	0
MAXED_1031_DAY_B	119	Pulse	99	2400000	2945	NA
MAXED_1031_DAY_B	120	Picture	stage1_outcome	2404605	0	1	167	1	0	next	other	0
MAXED_1031_DAY_B	121	Picture	stage2B	2404772	0	1	6351	1	0	next	false_alarm	310
MAXED_1031_DAY_B	121	Response	1	2411072	6300	1
MAXED_1031_DAY_B	122	Picture	stage2_box	2411123	0	1	7664	1	0	next	other	0
MAXED_1031_DAY_B	123	Picture	stage2_up	2418787	0	1	7664	1	0	next	other	0
MAXED_1031_DAY_B	123	Pulse	99	2420000	1213	NA
MAXED_1031_DAY_B	124	Picture	stage2_win	2426451	0	1	10163	1	0	next	other	0
MAXED_1031_DAY_B	125	Picture	stage1	2436614	0	1	3332	1	0	next	false_alarm	316
MAXED_1031_DAY_B	125	Response	2	2439859	3245	1
MAXED_1031_DAY_B	126	Picture	stage1_box	2439947	0	1	7664	1	0	next	other	0
MAXED_1031_DAY_B	126	Pulse	99	2440000	53	NA
MAXED_1031_DAY_B	127	Picture	stage1_outcome	2447611	0	1	167	1	0	next	other	0
MAXED_1031_DAY_B	128	Picture	stage2B	2447777	0	1	3563	1	0	next	false_alarm	321
MAXED_1031_DAY_B	128	Response	1	2451152	3375	1
MAXED_1031_DAY_B	129	Picture	stage2_box	2451341	0	1	7550	1	0	next	other	0
MAXED_1031_DAY_B	130	Picture	stage2_up	2458891	0	1	7550	1	0	next	other	0
MAXED_1031_DAY_B	130	Pulse	99	2460000	1109	NA
MAXED_1031_DAY_B	131	Picture	stage2_win	2466441	0	1	10163	1	0	next	other	0
MAXED_1031_DAY_B	132	Picture	stage1	2476604	0	1	2999	1	0	next	false_alarm	327
MAXED_1031_DAY_B	132	Response	2	2479420	2816	1
MAXED_1031_DAY_B	133	Picture	stage1_box	2479603	0	1	7664	1	0	next	other	0
MAXED_1031_DAY_B	133	Pulse	99	2480000	397	NA
MAXED_1031_DAY_B	134	Picture	stage1_outcome	2487267	0	1	167	1	0	next	other	0
MAXED_1031_DAY_B	135	Picture	stage2B	2487434	0	1	3975	1	0	next	false_alarm	332
MAXED_1031_DAY_B	135	Response	1	2491281	3848	1
MAXED_1031_DAY_B	136	Picture	stage2_box	2491408	0	1	7572	1	0	next	other	0
MAXED_1031_DAY_B	137	Picture	stage2_up	2498980	0	1	7550	1	0	next	other	0
MAXED_1031_DAY_B	137	Pulse	99	2500000	1020	NA
MAXED_1031_DAY_B	138	Picture	stage2_win	2506531	0	1	10163	1	0	next	other	0
MAXED_1031_DAY_B	139	Picture	stage1	2516694	0	1	2499	1	0	next	false_alarm	338
MAXED_1031_DAY_B	139	Response	2	2519064	2370	1
MAXED_1031_DAY_B	140	Picture	stage1_box	2519193	0	1	7664	1	0	next	other	0
MAXED_1031_DAY_B	140	Pulse	99	2520000	807	NA
MAXED_1031_DAY_B	141	Picture	stage1_outcome	2526857	0	1	167	1	0	next	other	0
MAXED_1031_DAY_B	142	Picture	stage2A	2527024	0	1	2793	1	0	next	false_alarm	343
MAXED_1031_DAY_B	142	Response	1	2529600	2576	1
MAXED_1031_DAY_B	143	Picture	stage2_box	2529817	0	1	7552	1	0	next	other	0
MAXED_1031_DAY_B	144	Picture	stage2_up	2537369	0	1	7551	1	0	next	other	0
MAXED_1031_DAY_B	144	Pulse	99	2540000	2631	NA
MAXED_1031_DAY_B	145	Picture	stage2_win	2544919	0	1	10051	1	0	next	other	0
MAXED_1031_DAY_B	146	Picture	stage1	2554971	0	1	2516	1	0	next	false_alarm	349
MAXED_1031_DAY_B	146	Response	2	2557436	2466	1
MAXED_1031_DAY_B	147	Picture	stage1_box	2557487	0	1	7551	1	0	next	other	0
MAXED_1031_DAY_B	147	Pulse	99	2560000	2513	NA
MAXED_1031_DAY_B	148	Picture	stage1_outcome	2565037	0	1	167	1	0	next	other	0
MAXED_1031_DAY_B	149	Picture	stage2A	2565204	0	1	2707	1	0	next	false_alarm	354
MAXED_1031_DAY_B	149	Response	1	2567859	2655	1
MAXED_1031_DAY_B	150	Picture	stage2_box	2567911	0	1	7550	1	0	next	other	0
MAXED_1031_DAY_B	151	Picture	stage2_up	2575461	0	1	7551	1	0	next	other	0
MAXED_1031_DAY_B	151	Pulse	99	2580000	4539	NA
MAXED_1031_DAY_B	152	Picture	stage2_win	2583012	0	1	10051	1	0	next	other	0
MAXED_1031_DAY_B	153	Picture	stage1	2593063	0	1	2677	1	0	next	false_alarm	360
MAXED_1031_DAY_B	153	Response	2	2595690	2627	1
MAXED_1031_DAY_B	154	Picture	stage1_box	2595739	0	1	7550	1	0	next	other	0
MAXED_1031_DAY_B	154	Pulse	99	2600000	4261	NA
MAXED_1031_DAY_B	155	Picture	stage1_outcome	2603289	0	1	167	1	0	next	other	0
MAXED_1031_DAY_B	156	Picture	stage2B	2603456	0	1	6003	1	0	next	false_alarm	365
MAXED_1031_DAY_B	156	Response	1	2609408	5952	1
MAXED_1031_DAY_B	157	Picture	stage2_box	2609458	0	1	7664	1	0	next	other	0
MAXED_1031_DAY_B	158	Picture	stage2_up	2617123	0	1	7664	1	0	next	other	0
MAXED_1031_DAY_B	158	Pulse	99	2620000	2877	NA
MAXED_1031_DAY_B	159	Picture	stage2_win	2624787	0	1	10163	1	0	next	other	0
MAXED_1031_DAY_B	160	Picture	stage1	2634950	0	1	2832	1	0	next	false_alarm	371
MAXED_1031_DAY_B	160	Response	1	2637660	2711	1
MAXED_1031_DAY_B	161	Picture	stage1_box	2637782	0	1	7664	1	0	next	other	0
MAXED_1031_DAY_B	161	Pulse	99	2640000	2218	NA
MAXED_1031_DAY_B	162	Picture	stage1_outcome	2645446	0	1	167	1	0	next	other	0
MAXED_1031_DAY_B	163	Picture	stage2A	2645613	0	1	3092	1	0	next	false_alarm	376
MAXED_1031_DAY_B	163	Response	1	2648640	3027	1
MAXED_1031_DAY_B	164	Picture	stage2_box	2648705	0	1	7551	1	0	next	other	0
MAXED_1031_DAY_B	165	Picture	stage2_up	2656256	0	1	7550	1	0	next	other	0
MAXED_1031_DAY_B	165	Pulse	99	2660000	3744	NA
MAXED_1031_DAY_B	166	Picture	stage2_win	2663806	0	1	10050	1	0	next	other	0
MAXED_1031_DAY_B	167	Picture	stage1	2673856	0	1	2428	1	0	next	false_alarm	382
MAXED_1031_DAY_B	167	Response	2	2676139	2283	1
MAXED_1031_DAY_B	168	Picture	stage1_box	2676284	0	1	7550	1	0	next	other	0
MAXED_1031_DAY_B	168	Pulse	99	2680000	3716	NA
MAXED_1031_DAY_B	169	Picture	stage1_outcome	2683834	0	1	167	1	0	next	other	0
MAXED_1031_DAY_B	170	Picture	stage2A	2684001	0	1	3043	1	0	next	false_alarm	387
MAXED_1031_DAY_B	170	Response	1	2686919	2918	1
MAXED_1031_DAY_B	171	Picture	stage2_box	2687043	0	1	7550	1	0	next	other	0
MAXED_1031_DAY_B	172	Picture	stage2_up	2694593	0	1	7550	1	0	next	other	0
MAXED_1031_DAY_B	172	Pulse	99	2700000	5407	NA
MAXED_1031_DAY_B	173	Picture	stage2_lose	2702144	0	1	10051	1	0	next	other	0
MAXED_1031_DAY_B	174	Picture	stage1	2712195	0	1	2467	1	0	next	false_alarm	393
MAXED_1031_DAY_B	174	Response	2	2714612	2417	1
MAXED_1031_DAY_B	175	Picture	stage1_box	2714662	0	1	7550	1	0	next	other	0
MAXED_1031_DAY_B	175	Pulse	99	2720000	5338	NA
MAXED_1031_DAY_B	176	Picture	stage1_outcome	2722213	0	1	167	1	0	next	other	0
MAXED_1031_DAY_B	177	Picture	stage2B	2722379	0	1	2571	1	0	next	false_alarm	398
MAXED_1031_DAY_B	177	Response	1	2724901	2522	1
MAXED_1031_DAY_B	178	Picture	stage2_box	2724950	0	1	7664	1	0	next	other	0
MAXED_1031_DAY_B	179	Picture	stage2_up	2732614	0	1	7664	1	0	next	other	0
MAXED_1031_DAY_B	179	Pulse	99	2740000	7386	NA
MAXED_1031_DAY_B	180	Picture	stage2_lose	2740278	0	1	10050	1	0	next	other	0
MAXED_1031_DAY_B	181	Picture	stage1	2750328	0	1	4098	1	0	next	false_alarm	404
MAXED_1031_DAY_B	181	Response	2	2754337	4009	1
MAXED_1031_DAY_B	182	Picture	stage1_box	2754426	0	1	7550	1	0	next	other	0
MAXED_1031_DAY_B	182	Pulse	99	2760000	5574	NA
MAXED_1031_DAY_B	183	Picture	stage1_outcome	2761977	0	1	167	1	0	next	other	0
MAXED_1031_DAY_B	184	Picture	stage2B	2762143	0	1	2990	1	0	next	false_alarm	409
MAXED_1031_DAY_B	184	Response	2	2764910	2767	1
MAXED_1031_DAY_B	185	Picture	stage2_box	2765133	0	1	7589	1	0	next	other	0
MAXED_1031_DAY_B	186	Picture	stage2_up	2772722	0	1	7550	1	0	next	other	0
MAXED_1031_DAY_B	186	Pulse	99	2780000	7278	NA
MAXED_1031_DAY_B	187	Picture	stage2_lose	2780272	0	1	10051	1	0	next	other	0
MAXED_1031_DAY_B	188	Picture	stage1	2790323	0	1	2086	1	0	next	false_alarm	415
MAXED_1031_DAY_B	188	Response	1	2792359	2036	1
MAXED_1031_DAY_B	189	Picture	stage1_box	2792409	0	1	7550	1	0	next	other	0
MAXED_1031_DAY_B	190	Picture	stage1_outcome	2799959	0	1	167	1	0	next	other	0
MAXED_1031_DAY_B	190	Pulse	99	2800000	41	NA
MAXED_1031_DAY_B	191	Picture	stage2A	2800126	0	1	2316	1	0	next	false_alarm	420
MAXED_1031_DAY_B	191	Response	2	2802392	2266	1
MAXED_1031_DAY_B	192	Picture	stage2_box	2802442	0	1	7551	1	0	next	other	0
MAXED_1031_DAY_B	193	Picture	stage2_up	2809993	0	1	7641	1	0	next	other	0
MAXED_1031_DAY_B	194	Picture	stage2_lose	2817634	0	1	10051	1	0	next	other	0
MAXED_1031_DAY_B	194	Pulse	99	2820000	2366	NA
MAXED_1031_DAY_B	195	Picture	stage1	2827685	0	1	2184	1	0	next	false_alarm	426
MAXED_1031_DAY_B	195	Response	1	2829819	2134	1
MAXED_1031_DAY_B	196	Picture	stage1_box	2829869	0	1	7551	1	0	next	other	0
MAXED_1031_DAY_B	197	Picture	stage1_outcome	2837420	0	1	167	1	0	next	other	0
MAXED_1031_DAY_B	198	Picture	stage2B	2837586	0	1	2343	1	0	next	false_alarm	430
MAXED_1031_DAY_B	198	Response	1	2839879	2293	1
MAXED_1031_DAY_B	199	Picture	stage2_box	2839929	0	1	7664	1	0	next	other	0
MAXED_1031_DAY_B	199	Pulse	99	2840000	71	NA
MAXED_1031_DAY_B	200	Picture	stage2_up	2847593	0	1	7664	1	0	next	other	0
MAXED_1031_DAY_B	201	Picture	stage2_lose	2855257	0	1	10051	1	0	next	other	0
MAXED_1031_DAY_B	201	Pulse	99	2860000	4743	NA
MAXED_1031_DAY_B	202	Picture	stage1	2865308	0	1	2599	1	0	next	false_alarm	437
MAXED_1031_DAY_B	202	Response	1	2867857	2549	1
MAXED_1031_DAY_B	203	Picture	stage1_box	2867908	0	1	7551	1	0	next	other	0
MAXED_1031_DAY_B	204	Picture	stage1_outcome	2875459	0	1	167	1	0	next	other	0
MAXED_1031_DAY_B	205	Picture	stage2B	2875625	0	1	3886	1	0	next	false_alarm	441
MAXED_1031_DAY_B	205	Response	1	2879461	3835	1
MAXED_1031_DAY_B	206	Picture	stage2_box	2879512	0	1	7664	1	0	next	other	0
MAXED_1031_DAY_B	206	Pulse	99	2880000	488	NA
MAXED_1031_DAY_B	207	Picture	stage2_up	2887176	0	1	7664	1	0	next	other	0
MAXED_1031_DAY_B	208	Picture	stage2_win	2894840	0	1	10163	1	0	next	other	0
MAXED_1031_DAY_B	208	Pulse	99	2900000	5160	NA
MAXED_1031_DAY_B	209	Picture	stage1	2905003	0	1	2999	1	0	next	false_alarm	448
MAXED_1031_DAY_B	209	Response	1	2907843	2839	1
MAXED_1031_DAY_B	210	Picture	stage1_box	2908002	0	1	7664	1	0	next	other	0
MAXED_1031_DAY_B	211	Picture	stage1_outcome	2915666	0	1	167	1	0	next	other	0
MAXED_1031_DAY_B	212	Picture	stage2B	2915833	0	1	2458	1	0	next	false_alarm	452
MAXED_1031_DAY_B	212	Response	1	2918240	2408	1
MAXED_1031_DAY_B	213	Picture	stage2_box	2918291	0	1	7664	1	0	next	other	0
MAXED_1031_DAY_B	213	Pulse	99	2920000	1709	NA
MAXED_1031_DAY_B	214	Picture	stage2_up	2925955	0	1	7664	1	0	next	other	0
MAXED_1031_DAY_B	215	Picture	stage2_win	2933619	0	1	10163	1	0	next	other	0
MAXED_1031_DAY_B	215	Pulse	99	2940000	6381	NA
MAXED_1031_DAY_B	216	Picture	stage1	2943782	0	1	2999	1	0	next	false_alarm	459
MAXED_1031_DAY_B	216	Response	1	2946680	2897	1
MAXED_1031_DAY_B	217	Picture	stage1_box	2946781	0	1	7664	1	0	next	other	0
MAXED_1031_DAY_B	218	Picture	stage1_outcome	2954445	0	1	167	1	0	next	other	0
MAXED_1031_DAY_B	219	Picture	stage2A	2954612	0	1	2647	1	0	next	false_alarm	463
MAXED_1031_DAY_B	219	Response	1	2957208	2596	1
MAXED_1031_DAY_B	220	Picture	stage2_box	2957259	0	1	7550	1	0	next	other	0
MAXED_1031_DAY_B	220	Pulse	99	2960000	2741	NA
MAXED_1031_DAY_B	221	Picture	stage2_up	2964809	0	1	7551	1	0	next	other	0
MAXED_1031_DAY_B	222	Picture	stage2_win	2972360	0	1	10054	1	0	next	other	0
MAXED_1031_DAY_B	222	Pulse	99	2980000	7640	NA
MAXED_1031_DAY_B	223	Response	2	2994758	12344	1
MAXED_1031_DAY_B	223	Pulse	99	3000000	17587	NA
MAXED_1031_DAY_B	223	Response	88	3019987	37574	1
