Scenario - 
Logfile written - 05/25/2021 15:22:00

Subject	Trial	Event Type	Code	Time	TTime	Uncertainty	Duration	Uncertainty	ReqTime	ReqDur	Stim Type	Pair Index

terst	0	Pulse	99	0	0	NA
terst	1	Picture	instructions_1	166	0	1	8667	1	0	next	false_alarm	3
terst	1	Response	88	8605	8439	1
terst	2	Picture	instructions_2	8833	0	1	8167	1	0	next	false_alarm	5
terst	2	Response	88	16765	7932	1
terst	3	Picture	instructions_3	17000	0	1	4333	1	0	next	false_alarm	8
terst	3	Pulse	99	20000	3000	NA
terst	3	Response	88	21165	4166	1
terst	4	Picture	instructions_4	21333	0	1	3167	1	0	next	false_alarm	10
terst	4	Response	88	24205	2872	1
terst	5	Picture	instructions_5	24500	0	1	2500	1	0	next	false_alarm	12
terst	5	Response	88	26685	2185	1
terst	6	Picture	instructions_6	27000	0	1	2667	1	0	next	false_alarm	14
terst	6	Response	88	29485	2485	1
terst	7	Picture	instructions_7	29666	0	1	2667	1	0	next	false_alarm	16
terst	7	Response	88	32045	2378	1
terst	8	Picture	instructions_8	32333	0	1	3167	1	0	next	false_alarm	18
terst	8	Response	88	35245	2912	1
terst	9	Picture	instructions_9	35500	0	1	3000	1	0	next	false_alarm	20
terst	9	Response	88	38285	2785	1
terst	10	Picture	instructions_10	38500	0	1	4000	1	0	next	false_alarm	23
terst	10	Pulse	99	40000	1500	NA
terst	10	Response	88	42285	3785	1
terst	11	Picture	instructions_11	42500	0	1	2833	1	0	next	false_alarm	25
terst	11	Response	88	45165	2665	1
terst	12	Picture	instructions_12	45333	0	1	2833	1	0	next	false_alarm	27
terst	12	Response	88	47965	2632	1
terst	13	Picture	instructions_13	48166	0	1	12753	1	0	next	other	0
terst	13	Quit		55405	7239	NA
